
 **************************************************************
 *                                                            *
 *                        V B 2 0 0 0                         *
 *                                                            *
 * An ab initio Valence-Bond Program Based on the Generalized *
 *    Product Function Method and the Algebrant Algorithm     *
 *                                                            *
 *                  Version 2.8 November 2017                 *
 *                     Stand-alone Version                    *
 *                      Compiler GFORTRAN                     *
 *                                                            *
 *     Memory = 12500000 for MAP file up to 16 electrons      *
 *                                                            *
 *         Jiabo Li*, Brian Duke** and Roy McWeeny***         *
 *                                                            *
 *        * SciNet Technologies, 9943 Fieldthorn St.,         *
 *                   San Diego, CA 92127, USA                 *
 *                                                            *
 *  ** Monash University Institute of Pharmaceutical Sciences,*
 *          Monash University, 381 Royal Pde, Parkville,      *
 *                    Victoria, 3052, Australia               *
 *                                                            *
 *      *** Department of Chemistry, University of Pisa,      *
 *                       56100 Pisa, Italy                    *
 *                                                            *
 *  Reference for the software:                               *
 *     Jiabo Li, Brian Duke, and Roy McWeeny, VB2000 Version  *
 *     2.8, SciNet Technologies, San Diego, CA, 2013          *
 *     URL: http://www.scinetec.com or http://www.vb2000.net  *
 *                                                            *
 *  References for the theory:                                *
 *     General:                                               *
 *     Jiabo Li, and Roy McWeeny, "VB2000: Pushing Valence    *
 *     Bond Theory to New Limits", Int. J. Quantum Chem.,     *
 *     89(2002)208-216.                                       *
 *                                                            *
 *     Spin densities:-                                       *
 *     Jiabo Li, Brian J. Duke, Thomas M. Klapoetke, and Roy  *
 *     McWeeny, Spin-Density of Spin-Free Valence Bond Wave   *
 *     Functions and Its Implementation in VB2000. J. Theor.  *
 *     Comp. Chem. 7(2008)853-867.                            *
 *                                                            *
 *     Spin coupled - n electrons in m orbitals:-             *
 *     Peter B. Karadakov, David L. Cooper, Brian J. Duke,    *
 *     and Jiabo Li, Spin-Coupled Theory for N Electrons in   *
 *     M Orbitals Active Spaces,  J. Phys. Chem. A, 116,      *
 *     7238 - 7244, 2012                                      *
 *                                                            *
 *     Copyright (C) 2018 GNU General Public License          *
 **************************************************************

 JOB NAME IS b2h6DZvb12                                                      

 VB2000 DIRECTORY IS: .                                                                               
 MAXIMUM DYNAMIC MEMORY IS:        6500000

 Input of molecule
 =================
 #! VB(12)/D95 PRINTALL                                                          
                                                                                 
 Title: THIS IS A TEST OF B2H6. TEST MULTI-CENTER VBOS.                                 

 Charge =  0 Multiplicity =  1

 BASIS SET FILE IS: ./BASET/D95                                                                     

 Cartesian coordinates of atoms in Angstrom
 ----------------------------------------------------
                    X             Y             Z   

  B     5.0      0.000000      0.000000      0.915024
  B     5.0      0.000000      0.000000     -0.915024
  H     1.0      1.039298      0.000000      1.479317
  H     1.0     -1.039298      0.000000      1.479317
  H     1.0      0.000000     -0.979088      0.000000
  H     1.0      0.000000      0.979088      0.000000
  H     1.0     -1.039298      0.000000     -1.479317
  H     1.0      1.039298      0.000000     -1.479317
 ----------------------------------------------------

 Total number of two-electron integrals =        94750
 Time for integral evaluation                    0.128

 SKIPPED INTEGRALS =                             43418
 Number of iter =     13, DMAX =        0.000003701342
 Final Hartree-Fock Energy =          -52.772406663447

 Molecular orbitals by HF method
 ===============================================================================
 MO#                       1         2         3         4         5         6
 E(a.u.)              -7.639    -7.639    -0.885    -0.644    -0.544    -0.539
 -------------------------------------------------------------------------------

   1  1  B     s    -0.42931  -0.42939  -0.07944   0.07437   0.00000  -0.00000
   2  1  B     s    -0.30591  -0.30595  -0.10821   0.10224   0.00000  -0.00000
   3  1  B     s    -0.00324  -0.00341   0.28499  -0.27250  -0.00000   0.00000
   4  1  B     s    -0.00003   0.00094   0.13818  -0.21308  -0.00000  -0.00000
   5  1  B     x     0.00000   0.00000   0.00000   0.00000  -0.37470   0.00000
   6  1  B     y     0.00000   0.00000   0.00000  -0.00000  -0.00000  -0.29391
   7  1  B     z     0.00118   0.00125  -0.13036  -0.14754  -0.00000   0.00000
   8  1  B     x    -0.00000   0.00000   0.00000  -0.00000  -0.04434   0.00000
   9  1  B     y     0.00000   0.00000  -0.00000   0.00000   0.00000  -0.00279
  10  1  B     z    -0.00036  -0.00054   0.01506   0.01242   0.00000   0.00000
  11  2  B     s    -0.42931   0.42939  -0.07944  -0.07437  -0.00000   0.00000
  12  2  B     s    -0.30591   0.30595  -0.10821  -0.10224  -0.00000   0.00000
  13  2  B     s    -0.00324   0.00341   0.28499   0.27250   0.00000   0.00000
  14  2  B     s    -0.00003  -0.00094   0.13818   0.21308  -0.00000  -0.00000
  15  2  B     x    -0.00000  -0.00000  -0.00000  -0.00000  -0.37470   0.00000
  16  2  B     y    -0.00000  -0.00000  -0.00000  -0.00000  -0.00000  -0.29391
  17  2  B     z    -0.00118   0.00125   0.13036  -0.14754   0.00000  -0.00000
  18  2  B     x    -0.00000  -0.00000  -0.00000  -0.00000  -0.04434   0.00000
  19  2  B     y     0.00000   0.00000  -0.00000   0.00000   0.00000  -0.00279
  20  2  B     z     0.00036  -0.00054  -0.01506   0.01242   0.00000  -0.00000
  21  3  H     s    -0.00061  -0.00067   0.06683  -0.14873  -0.15560   0.00000
  22  3  H     s    -0.00004  -0.00007   0.02748  -0.10875  -0.10649   0.00000
  23  4  H     s    -0.00061  -0.00067   0.06683  -0.14873   0.15560  -0.00000
  24  4  H     s    -0.00004  -0.00007   0.02748  -0.10875   0.10649   0.00000
  25  5  H     s    -0.00039   0.00000   0.16611   0.00000   0.00000   0.25932
  26  5  H     s     0.00039   0.00000   0.05852  -0.00000   0.00000   0.26999
  27  6  H     s    -0.00039   0.00000   0.16611   0.00000  -0.00000  -0.25932
  28  6  H     s     0.00039   0.00000   0.05852  -0.00000  -0.00000  -0.26999
  29  7  H     s    -0.00061   0.00067   0.06683   0.14873   0.15560  -0.00000
  30  7  H     s    -0.00004   0.00007   0.02748   0.10875   0.10649   0.00000
  31  8  H     s    -0.00061   0.00067   0.06683   0.14873  -0.15560   0.00000
  32  8  H     s    -0.00004   0.00007   0.02748   0.10875  -0.10649   0.00000

 MO#                       7         8         9        10        11        12
 E(a.u.)              -0.513    -0.477     0.089     0.164     0.181     0.203
 -------------------------------------------------------------------------------

   1  1  B     s     0.02073  -0.00000  -0.00000  -0.03816   0.00000   0.00599
   2  1  B     s     0.02740  -0.00000  -0.00000  -0.05083  -0.00000   0.01011
   3  1  B     s    -0.06864  -0.00000  -0.00000   0.00828   0.00000  -0.04816
   4  1  B     s    -0.10567   0.00000   0.00000   1.96607  -0.00000   0.42437
   5  1  B     x    -0.00000  -0.38546  -0.00000  -0.00000  -0.00000   0.00000
   6  1  B     y    -0.00000   0.00000  -0.40457   0.00000   0.09538  -0.00000
   7  1  B     z    -0.36153   0.00000  -0.00000  -0.04959   0.00000   0.06745
   8  1  B     x    -0.00000  -0.10278  -0.00000  -0.00000  -0.00000  -0.00000
   9  1  B     y    -0.00000   0.00000  -0.76379  -0.00000  -0.87781   0.00000
  10  1  B     z     0.00671   0.00000  -0.00000  -1.56253   0.00000   1.17014
  11  2  B     s     0.02073  -0.00000  -0.00000   0.03816   0.00000   0.00599
  12  2  B     s     0.02740   0.00000  -0.00000   0.05083   0.00000   0.01011
  13  2  B     s    -0.06864  -0.00000  -0.00000  -0.00828  -0.00000  -0.04816
  14  2  B     s    -0.10567   0.00000   0.00000  -1.96607   0.00000   0.42437
  15  2  B     x     0.00000   0.38546  -0.00000   0.00000   0.00000   0.00000
  16  2  B     y    -0.00000  -0.00000   0.40457  -0.00000   0.09538   0.00000
  17  2  B     z     0.36153  -0.00000   0.00000  -0.04959  -0.00000  -0.06745
  18  2  B     x     0.00000   0.10278   0.00000   0.00000   0.00000   0.00000
  19  2  B     y    -0.00000   0.00000   0.76379  -0.00000  -0.87781   0.00000
  20  2  B     z    -0.00671   0.00000   0.00000  -1.56253  -0.00000  -1.17014
  21  3  H     s    -0.14097  -0.17799   0.00000   0.00807  -0.00000  -0.04307
  22  3  H     s    -0.12330  -0.12769  -0.00000   0.04327  -0.00000  -0.38305
  23  4  H     s    -0.14097   0.17799   0.00000   0.00807  -0.00000  -0.04307
  24  4  H     s    -0.12330   0.12769  -0.00000   0.04327  -0.00000  -0.38305
  25  5  H     s     0.12452  -0.00000  -0.00000  -0.00000  -0.06994   0.05529
  26  5  H     s     0.11864  -0.00000  -0.00000  -0.00000  -0.79120   0.70442
  27  6  H     s     0.12452  -0.00000   0.00000  -0.00000   0.06994   0.05529
  28  6  H     s     0.11864  -0.00000  -0.00000   0.00000   0.79120   0.70442
  29  7  H     s    -0.14097  -0.17799   0.00000  -0.00807  -0.00000  -0.04307
  30  7  H     s    -0.12330  -0.12769  -0.00000  -0.04327  -0.00000  -0.38305
  31  8  H     s    -0.14097   0.17799   0.00000  -0.00807   0.00000  -0.04307
  32  8  H     s    -0.12330   0.12769  -0.00000  -0.04327  -0.00000  -0.38305

 MO#                      13
 E(a.u.)               0.220
 -------------------------------------------------------------------------------

   1  1  B     s    -0.00000
   2  1  B     s    -0.00000
   3  1  B     s    -0.00000
   4  1  B     s     0.00000
   5  1  B     x     0.20549
   6  1  B     y     0.00000
   7  1  B     z    -0.00000
   8  1  B     x    -0.94139
   9  1  B     y    -0.00000
  10  1  B     z    -0.00000
  11  2  B     s    -0.00000
  12  2  B     s    -0.00000
  13  2  B     s    -0.00000
  14  2  B     s     0.00000
  15  2  B     x     0.20549
  16  2  B     y     0.00000
  17  2  B     z     0.00000
  18  2  B     x    -0.94139
  19  2  B     y    -0.00000
  20  2  B     z     0.00000
  21  3  H     s     0.05294
  22  3  H     s     0.54043
  23  4  H     s    -0.05294
  24  4  H     s    -0.54043
  25  5  H     s    -0.00000
  26  5  H     s    -0.00000
  27  6  H     s    -0.00000
  28  6  H     s    -0.00000
  29  7  H     s    -0.05294
  30  7  H     s    -0.54043
  31  8  H     s     0.05294
  32  8  H     s     0.54043


                    PARAMETER LIMIT VALUES
 Max. no. of atoms                    MAXCEN =    200
 Max. no. of basis functions          MAXBFN =   1350
 Max. no. of shells                   MAXSHL =    500
 Max. no. of total primitives         MAXEXP =   4400
 Max. no. of primitives per orbital   MAXPRM =     15
 Max. no. of atoms * no. of orbitals  MAXNAB = 135000
 Increase max basis set size by       NEXTRA =     20
 Max. size for Rumer data             MAXST1 = 120000
 Max. no. of orbitals in group        MAXNOB =    200
 Max. no. of CUBE orbitals            MAXCUB =    100
 Max. no. of groups                   MAXGRP =     49
 BRILLMASK array sizes                MAXBLL =  12500

 VBO LIB IS: ./VBOLIB/VBOLIBD95                                                              

 Localized molecular orbitals and the bond labels
 ===============================================================================
 LMO#                      1         2         3         4         5         6
 E(a.u.)              -7.609    -7.609    -0.659    -0.659    -0.586    -0.586
 Bond Label            1:(0)     2:(0)     MC(2)     MC(1)    8-2(1)    7-2(1)
 -------------------------------------------------------------------------------

   1  1  B     s    -0.61315   0.00103  -0.02160  -0.02160  -0.00593  -0.00593
   2  1  B     s    -0.44165   0.00168  -0.03992  -0.03992  -0.00880  -0.00880
   3  1  B     s     0.02161  -0.00524   0.13606   0.13606   0.02596   0.02596
   4  1  B     s     0.01734   0.00056   0.03629   0.03629   0.02346   0.02346
   5  1  B     x     0.00000   0.00000   0.00000  -0.00000   0.00538  -0.00538
   6  1  B     y     0.00000   0.00000   0.20782  -0.20782   0.00000  -0.00000
   7  1  B     z     0.00459   0.00864  -0.22300  -0.22300  -0.03618  -0.03618
   8  1  B     x     0.00000   0.00000  -0.00000  -0.00000   0.02922  -0.02922
   9  1  B     y     0.00000   0.00000   0.00197  -0.00197   0.00000  -0.00000
  10  1  B     z    -0.00040  -0.00132   0.01143   0.01143  -0.00780  -0.00780
  11  2  B     s    -0.00103   0.61315  -0.02160  -0.02160   0.04473   0.04473
  12  2  B     s    -0.00168   0.44165  -0.03993  -0.03992   0.07648   0.07648
  13  2  B     s     0.00524  -0.02161   0.13606   0.13606  -0.24631  -0.24631
  14  2  B     s    -0.00056  -0.01734   0.03629   0.03629  -0.18924  -0.18924
  15  2  B     x    -0.00000  -0.00000   0.00000  -0.00000  -0.38008   0.38008
  16  2  B     y     0.00000   0.00000   0.20782  -0.20782   0.00000  -0.00000
  17  2  B     z     0.00864   0.00459   0.22300   0.22300   0.18343   0.18343
  18  2  B     x    -0.00000  -0.00000   0.00000   0.00000  -0.07356   0.07356
  19  2  B     y     0.00000   0.00000   0.00197  -0.00197   0.00000  -0.00000
  20  2  B     z    -0.00132  -0.00040  -0.01143  -0.01143  -0.00458  -0.00458
  21  3  H     s     0.00993   0.00068  -0.01920  -0.01920   0.00872  -0.01367
  22  3  H     s     0.00695   0.00141  -0.03463  -0.03463   0.00671  -0.01449
  23  4  H     s     0.00993   0.00068  -0.01920  -0.01920  -0.01367   0.00872
  24  4  H     s     0.00695   0.00141  -0.03463  -0.03463  -0.01449   0.00671
  25  5  H     s     0.00707  -0.00707  -0.03680   0.32993   0.00290   0.00290
  26  5  H     s     0.00204  -0.00204  -0.10871   0.27312   0.03152   0.03152
  27  6  H     s     0.00707  -0.00707   0.32993  -0.03680   0.00290   0.00290
  28  6  H     s     0.00204  -0.00204   0.27312  -0.10871   0.03152   0.03152
  29  7  H     s    -0.00068  -0.00993  -0.01920  -0.01920   0.01577  -0.31782
  30  7  H     s    -0.00141  -0.00695  -0.03463  -0.03463   0.00461  -0.22957
  31  8  H     s    -0.00068  -0.00993  -0.01920  -0.01920  -0.31782   0.01577
  32  8  H     s    -0.00141  -0.00695  -0.03463  -0.03463  -0.22957   0.00461

 LMO#                      7         8
 E(a.u.)              -0.586    -0.586
 Bond Label           3-1(1)    4-1(1)
 -------------------------------------------------------------------------------

   1  1  B     s     0.04473  -0.04473
   2  1  B     s     0.07648  -0.07648
   3  1  B     s    -0.24631   0.24631
   4  1  B     s    -0.18924   0.18924
   5  1  B     x    -0.38008  -0.38008
   6  1  B     y     0.00000  -0.00000
   7  1  B     z    -0.18343   0.18343
   8  1  B     x    -0.07356  -0.07356
   9  1  B     y     0.00000  -0.00000
  10  1  B     z     0.00458  -0.00458
  11  2  B     s    -0.00593   0.00593
  12  2  B     s    -0.00880   0.00880
  13  2  B     s     0.02596  -0.02596
  14  2  B     s     0.02346  -0.02346
  15  2  B     x     0.00538   0.00538
  16  2  B     y     0.00000  -0.00000
  17  2  B     z     0.03618  -0.03618
  18  2  B     x     0.02922   0.02922
  19  2  B     y     0.00000  -0.00000
  20  2  B     z     0.00780  -0.00780
  21  3  H     s    -0.31782  -0.01577
  22  3  H     s    -0.22957  -0.00461
  23  4  H     s     0.01577   0.31782
  24  4  H     s     0.00461   0.22957
  25  5  H     s     0.00290  -0.00290
  26  5  H     s     0.03152  -0.03152
  27  6  H     s     0.00290  -0.00290
  28  6  H     s     0.03152  -0.03152
  29  7  H     s    -0.01367  -0.00872
  30  7  H     s    -0.01449  -0.00671
  31  8  H     s     0.00872   0.01367
  32  8  H     s     0.00671   0.01449


 Mulliken population of localized molecular orbitals
 ===============================================================================
 LMO#                      1         2         3         4         5         6
 E(a.u.)              -7.609    -7.609    -0.659    -0.659    -0.586    -0.586
 Bond Label            1:(0)     2:(0)     MC(2)     MC(1)    8-2(1)    7-2(1)
 -------------------------------------------------------------------------------

   1         B       2.00271  -0.00025   0.52056   0.52056  -0.02326  -0.02326
   2         B      -0.00025   2.00271   0.52056   0.52056   1.12321   1.12321
   3         H      -0.00108  -0.00000  -0.00498  -0.00498  -0.00007   0.00056
   4         H      -0.00108  -0.00000  -0.00498  -0.00498   0.00056  -0.00007
   5         H      -0.00015  -0.00015  -0.01607   0.99487  -0.01040  -0.01040
   6         H      -0.00015  -0.00015   0.99487  -0.01607  -0.01040  -0.01040
   7         H      -0.00000  -0.00108  -0.00498  -0.00498  -0.00074   0.92108
   8         H      -0.00000  -0.00108  -0.00498  -0.00498   0.92108  -0.00074

 LMO#                      7         8
 E(a.u.)              -0.586    -0.586
 Bond Label           3-1(1)    4-1(1)
 -------------------------------------------------------------------------------

   1         B       1.12321   1.12321
   2         B      -0.02326  -0.02326
   3         H       0.92108  -0.00074
   4         H      -0.00074   0.92108
   5         H      -0.01040  -0.01040
   6         H      -0.01040  -0.01040
   7         H       0.00056  -0.00007
   8         H      -0.00007   0.00056


 PARTITIONING OF LMOs INTO GROUPS ($LMOGRPMODIFY)
 ================================================
 LMO#     1  2  3  4  5  6  7  8
 Group#   1  1  2  2  2  2  2  2
 Split    0  0  1  1  1  1  1  1


 Initial guess of orbitals
 ===============================================================================
 ORBITAL#                  1         2         3         4         5         6
 Bond Label            1:(0)     2:(0)   1->3(1)   3->1(1)   1->4(1)   4->1(1)
 -------------------------------------------------------------------------------

   1  1  B     s    -0.61315   0.00103   0.07762  -0.02329   0.07762  -0.02329
   2  1  B     s    -0.44165   0.00168   0.13144  -0.01677   0.13144  -0.01677
   3  1  B     s     0.02161  -0.00524  -0.51294   0.00082  -0.51294   0.00082
   4  1  B     s     0.01734   0.00056  -0.25758   0.00066  -0.25758   0.00066
   5  1  B     x     0.00000   0.00000  -0.59770   0.00000   0.59763   0.00000
   6  1  B     y     0.00000   0.00000  -0.00009   0.00000   0.00013   0.00000
   7  1  B     z     0.00459   0.00864  -0.32419   0.00017  -0.32432   0.00017
   8  1  B     x     0.00000   0.00000  -0.06708   0.00000   0.06707   0.00000
   9  1  B     y     0.00000   0.00000  -0.00001   0.00000   0.00002   0.00000
  10  1  B     z    -0.00040  -0.00132  -0.03642  -0.00001  -0.03644  -0.00001
  11  2  B     s    -0.00103   0.61315  -0.00317  -0.00015  -0.00318  -0.00015
  12  2  B     s    -0.00168   0.44165  -0.00234  -0.00014  -0.00234  -0.00014
  13  2  B     s     0.00524  -0.02161   0.00041   0.00020   0.00041   0.00020
  14  2  B     s    -0.00056  -0.01734   0.00006  -0.00002   0.00006  -0.00002
  15  2  B     x    -0.00000  -0.00000  -0.00000  -0.00000  -0.00000  -0.00000
  16  2  B     y     0.00000   0.00000   0.00000   0.00000   0.00000   0.00000
  17  2  B     z     0.00864   0.00459   0.00046   0.00033   0.00046   0.00033
  18  2  B     x    -0.00000  -0.00000  -0.00000  -0.00000  -0.00000  -0.00000
  19  2  B     y     0.00000   0.00000   0.00000   0.00000   0.00000   0.00000
  20  2  B     z    -0.00132  -0.00040  -0.00007  -0.00005  -0.00007  -0.00005
  21  3  H     s     0.00993   0.00068   0.00056   0.59618   0.00056   0.00038
  22  3  H     s     0.00695   0.00141   0.00038   0.49445   0.00038   0.00026
  23  4  H     s     0.00993   0.00068   0.00056   0.00038   0.00056   0.59618
  24  4  H     s     0.00695   0.00141   0.00038   0.00026   0.00038   0.49445
  25  5  H     s     0.00707  -0.00707   0.00043   0.00027   0.00043   0.00027
  26  5  H     s     0.00204  -0.00204   0.00013   0.00008   0.00013   0.00008
  27  6  H     s     0.00707  -0.00707   0.00043   0.00027   0.00043   0.00027
  28  6  H     s     0.00204  -0.00204   0.00013   0.00008   0.00013   0.00008
  29  7  H     s    -0.00068  -0.00993   0.00001  -0.00002   0.00001  -0.00002
  30  7  H     s    -0.00141  -0.00695  -0.00004  -0.00005  -0.00004  -0.00005
  31  8  H     s    -0.00068  -0.00993   0.00001  -0.00002   0.00001  -0.00002
  32  8  H     s    -0.00141  -0.00695  -0.00004  -0.00005  -0.00004  -0.00005

 ORBITAL#                  7         8         9        10        11        12
 Bond Label          2->7(1)   7->2(1)   2->8(1)   8->2(1)  MC-ORBIT   5->1(1)
 -------------------------------------------------------------------------------

   1  1  B     s    -0.00318  -0.00015  -0.00317  -0.00015   0.05322  -0.01475
   2  1  B     s    -0.00234  -0.00014  -0.00234  -0.00014   0.08135  -0.01065
   3  1  B     s     0.00041   0.00020   0.00041   0.00020  -0.29250   0.00064
   4  1  B     s     0.00006  -0.00002   0.00006  -0.00002  -0.14702   0.00040
   5  1  B     x    -0.00000  -0.00000  -0.00000  -0.00000  -0.00008  -0.00000
   6  1  B     y    -0.00000  -0.00000  -0.00000  -0.00000   0.28310   0.00000
   7  1  B     z    -0.00046  -0.00033  -0.00046  -0.00033   0.26449  -0.00010
   8  1  B     x    -0.00000  -0.00000  -0.00000  -0.00000  -0.00001  -0.00000
   9  1  B     y    -0.00000  -0.00000  -0.00000  -0.00000   0.03177   0.00000
  10  1  B     z     0.00007   0.00005   0.00007   0.00005   0.02971   0.00002
  11  2  B     s     0.07762  -0.02329   0.07762  -0.02329   0.05322  -0.01475
  12  2  B     s     0.13144  -0.01677   0.13144  -0.01677   0.08135  -0.01065
  13  2  B     s    -0.51294   0.00082  -0.51294   0.00082  -0.29250   0.00064
  14  2  B     s    -0.25758   0.00066  -0.25758   0.00066  -0.14702   0.00040
  15  2  B     x     0.59763   0.00000  -0.59770   0.00000  -0.00008   0.00000
  16  2  B     y     0.00013  -0.00000  -0.00009  -0.00000   0.28310   0.00000
  17  2  B     z     0.32432  -0.00017   0.32419  -0.00017  -0.26449   0.00010
  18  2  B     x     0.06707   0.00000  -0.06708   0.00000  -0.00001   0.00000
  19  2  B     y     0.00002  -0.00000  -0.00001  -0.00000   0.03177   0.00000
  20  2  B     z     0.03644   0.00001   0.03642   0.00001  -0.02971  -0.00002
  21  3  H     s     0.00001  -0.00002   0.00001  -0.00002   0.00016   0.00022
  22  3  H     s    -0.00004  -0.00005  -0.00004  -0.00005   0.00010   0.00013
  23  4  H     s     0.00001  -0.00002   0.00001  -0.00002   0.00016   0.00022
  24  4  H     s    -0.00004  -0.00005  -0.00004  -0.00005   0.00010   0.00013
  25  5  H     s     0.00043   0.00027   0.00043   0.00027   0.00025   0.59606
  26  5  H     s     0.00013   0.00008   0.00013   0.00008   0.00007   0.49422
  27  6  H     s     0.00043   0.00027   0.00043   0.00027   0.00025   0.00034
  28  6  H     s     0.00013   0.00008   0.00013   0.00008   0.00007   0.00010
  29  7  H     s     0.00056   0.59618   0.00056   0.00038   0.00016   0.00022
  30  7  H     s     0.00038   0.49445   0.00038   0.00026   0.00010   0.00013
  31  8  H     s     0.00056   0.00038   0.00056   0.59618   0.00016   0.00022
  32  8  H     s     0.00038   0.00026   0.00038   0.49445   0.00010   0.00013

 ORBITAL#                 13        14
 Bond Label         MC-ORBIT   6->1(1)
 -------------------------------------------------------------------------------

   1  1  B     s     0.05322  -0.01475
   2  1  B     s     0.08135  -0.01065
   3  1  B     s    -0.29249   0.00064
   4  1  B     s    -0.14702   0.00040
   5  1  B     x    -0.00003  -0.00000
   6  1  B     y    -0.28303   0.00000
   7  1  B     z     0.26454  -0.00010
   8  1  B     x    -0.00000  -0.00000
   9  1  B     y    -0.03177   0.00000
  10  1  B     z     0.02972   0.00002
  11  2  B     s     0.05322  -0.01475
  12  2  B     s     0.08135  -0.01065
  13  2  B     s    -0.29249   0.00064
  14  2  B     s    -0.14702   0.00040
  15  2  B     x    -0.00003   0.00000
  16  2  B     y    -0.28303   0.00000
  17  2  B     z    -0.26454   0.00010
  18  2  B     x    -0.00000   0.00000
  19  2  B     y    -0.03177   0.00000
  20  2  B     z    -0.02972  -0.00002
  21  3  H     s     0.00016   0.00022
  22  3  H     s     0.00010   0.00013
  23  4  H     s     0.00016   0.00022
  24  4  H     s     0.00010   0.00013
  25  5  H     s     0.00025   0.00034
  26  5  H     s     0.00007   0.00010
  27  6  H     s     0.00025   0.59606
  28  6  H     s     0.00007   0.49422
  29  7  H     s     0.00016   0.00022
  30  7  H     s     0.00010   0.00013
  31  8  H     s     0.00016   0.00022
  32  8  H     s     0.00010   0.00013


      GENERAL CONTROLS ($GENCTL)
 ======================================
 Number of electron groups       =    2
 Maximum macro-iterations        =   12
 Energy threshold           = 10**(- 6)
 Restart calculation(0/1/2)      =    0
 Group#                     1  2
 Num. of electrons          4 12
 Num. of spins              0  0
 Num. of orbitals           2 12
 Method#                    1  2

 SYMBOLIC VB STRUCTURE(S) OF GROUP  2
 STR. NO.       RUMER PATTERN  
    1           1  2   3  4   5  6   7  8   9 10  11 12


 OVERLAP MATRIX OF VB ORBITALS FOR GROUP   2

        1      2      3      4      5      6      7      8      9     10     11     12
 =======================================================================================
   1 1.0000
   2-0.7256 1.0000
   3 0.1878-0.1293 1.0000
   4-0.1292 0.1070-0.7256 1.0000
   5-0.0789 0.0197 0.0947-0.0416 1.0000
   6 0.0197 0.0044-0.0416 0.0200-0.7256 1.0000
   7 0.0948-0.0416-0.0789 0.0197 0.1878-0.1292 1.0000
   8-0.0416 0.0200 0.0197 0.0044-0.1293 0.1070-0.7256 1.0000
   9 0.2468-0.1805 0.2467-0.1804 0.2467-0.1804 0.2468-0.1805 1.0000
  10-0.1727 0.1117-0.1727 0.1117-0.1727 0.1117-0.1727 0.1117-0.7288 1.0000
  11 0.2468-0.1805 0.2466-0.1804 0.2466-0.1804 0.2468-0.1805 0.5577-0.2998 1.0000
  12-0.1728 0.1117-0.1726 0.1117-0.1726 0.1117-0.1728 0.1117-0.2997 0.1313-0.7287 1.0000

 EIGENVALUES OF OVERLAP MATRIX OF VB ORBITALS
 ============================================
     0.1764D+00    0.2098D+00    0.2704D+00    0.2885D+00    0.2895D+00    0.2932D+00
     0.1135D+01    0.1198D+01    0.1306D+01    0.1606D+01    0.1961D+01    0.3266D+01

 MAP FILE IS: ./MAP/MAP1200t                                                                  

 VB-ORBITAL OPTIMIZATION OF GROUP  2 ...
 GROUP =  2  ITER =  1 CMAX =  0.10618018953601
 GROUP =  2  ITER =  2 CMAX =  0.07360446078693
 GROUP =  2  ITER =  3 CMAX =  0.04070860830146
 GROUP =  2  ITER =  4 CMAX =  0.02243104395119
 GROUP =  2  ITER =  5 CMAX =  0.00488493604395
 GROUP =  2  ITER =  6 CMAX =  0.00017236537676

 ENERGY AND DIFF OF MACROITER    1 =    -52.8290435432    -52.8290435432

 VB-ORBITAL OPTIMIZATION OF GROUP  2 ...
 GROUP =  2  ITER =  1 CMAX =  0.01245976742653
 GROUP =  2  ITER =  2 CMAX =  0.00915372906924
 GROUP =  2  ITER =  3 CMAX =  0.00142532234842
 GROUP =  2  ITER =  4 CMAX =  0.00024575041505

 ENERGY AND DIFF OF MACROITER    2 =    -52.8502545069     -0.0212109637

 VB-ORBITAL OPTIMIZATION OF GROUP  2 ...
 GROUP =  2  ITER =  1 CMAX =  0.00325966309534
 GROUP =  2  ITER =  2 CMAX =  0.00778620040910
 GROUP =  2  ITER =  3 CMAX =  0.00017905850279

 ENERGY AND DIFF OF MACROITER    3 =    -52.8512221236     -0.0009676167

 VB-ORBITAL OPTIMIZATION OF GROUP  2 ...
 GROUP =  2  ITER =  1 CMAX =  0.00072521961028

 ENERGY AND DIFF OF MACROITER    4 =    -52.8512460280     -0.0000239044

 VB-ORBITAL OPTIMIZATION OF GROUP  2 ...
 GROUP =  2  ITER =  1 CMAX =  0.00027639604452

 ENERGY AND DIFF OF MACROITER    5 =    -52.8512464466     -0.0000004186

 VB-ORBITAL OPTIMIZATION OF GROUP  2 ...
 GROUP =  2  ITER =  1 CMAX =  0.00013309372964

 OVERLAP MATRIX OF VB ORBITALS FOR GROUP   2

        1      2      3      4      5      6      7      8      9     10     11     12
 =======================================================================================
   1 1.0000
   2-0.8372 1.0000
   3 0.1805-0.1274 1.0000
   4-0.1274 0.1011-0.8372 1.0000
   5-0.0826 0.0286 0.0648-0.0312 1.0000
   6 0.0286-0.0016-0.0312 0.0124-0.8372 1.0000
   7 0.0648-0.0312-0.0826 0.0286 0.1805-0.1274 1.0000
   8-0.0312 0.0124 0.0286-0.0016-0.1274 0.1011-0.8372 1.0000
   9 0.1371-0.0936 0.1370-0.0936 0.1370-0.0936 0.1371-0.0936 1.0000
  10-0.1390 0.0913-0.1390 0.0913-0.1390 0.0913-0.1390 0.0913-0.8586 1.0000
  11 0.1370-0.0936 0.1371-0.0936 0.1371-0.0936 0.1370-0.0936 0.3257-0.2318 1.0000
  12-0.1390 0.0913-0.1390 0.0913-0.1390 0.0913-0.1390 0.0913-0.2318 0.2197-0.8586 1.0000

 EIGENVALUES OF OVERLAP MATRIX OF VB ORBITALS
 ============================================
     0.9820D-01    0.1200D+00    0.1587D+00    0.1698D+00    0.1808D+00    0.1847D+00
     0.1356D+01    0.1437D+01    0.1573D+01    0.1710D+01    0.2108D+01    0.2904D+01

 ENERGY AND DIFF OF MACROITER    6 =    -52.8512465276     -0.0000000811

 MULLIKEN CHARGES ON ATOMS
 -------------------------
  ATOM             CHARGE 

    1            -0.24410
    2            -0.24410
    3             0.08885
    4             0.08885
    5             0.06640
    6             0.06640
    7             0.08885
    8             0.08885

 -------------------------


 ORBITALS OF EACH ELECTRON GROUP IN AO BASIS: ORBITAL(GROUP)
 ===========================================================================
    Orbital#             1         2         3         4         5         6
      Group#             1         1         2         2         2         2
 ---------------------------------------------------------------------------
  AO# LABELS
   1  1  B     s  -0.00014   0.60703   0.10118  -0.04637   0.10118  -0.04637
   2  1  B     s  -0.00014   0.43249   0.14100  -0.05931   0.14100  -0.05931
   3  1  B     s   0.00018   0.00525  -0.46049   0.07206  -0.46049   0.07206
   4  1  B     s   0.00087  -0.00048  -0.30630   0.07327  -0.30630   0.07326
   5  1  B     x  -0.00000  -0.00000  -0.55532   0.11635   0.55532  -0.11635
   6  1  B     y  -0.00000  -0.00000  -0.00000  -0.00000   0.00000   0.00000
   7  1  B     z  -0.00013  -0.00183  -0.27773   0.06073  -0.27773   0.06073
   8  1  B     x   0.00000  -0.00000  -0.10775   0.01589   0.10775  -0.01589
   9  1  B     y   0.00000  -0.00000  -0.00000  -0.00000   0.00000   0.00000
  10  1  B     z  -0.00012   0.00066  -0.00117  -0.00781  -0.00117  -0.00781
  11  2  B     s   0.60703  -0.00014  -0.00461   0.00085  -0.00461   0.00085
  12  2  B     s   0.43249  -0.00014  -0.00770   0.00152  -0.00770   0.00152
  13  2  B     s   0.00525   0.00018   0.02624  -0.00357   0.02624  -0.00357
  14  2  B     s  -0.00048   0.00087   0.01443  -0.02852   0.01443  -0.02852
  15  2  B     x  -0.00000  -0.00000  -0.01265   0.00766   0.01265  -0.00766
  16  2  B     y  -0.00000  -0.00000  -0.00000  -0.00000   0.00000   0.00000
  17  2  B     z   0.00183   0.00013   0.02600  -0.00818   0.02600  -0.00818
  18  2  B     x  -0.00000   0.00000   0.04571   0.00034  -0.04571  -0.00034
  19  2  B     y  -0.00000   0.00000  -0.00000  -0.00000   0.00000   0.00000
  20  2  B     z  -0.00066   0.00012   0.00581  -0.01160   0.00581  -0.01160
  21  3  H     s   0.00002   0.00103  -0.06216   0.55360  -0.00184   0.00958
  22  3  H     s  -0.00001   0.00015  -0.03471   0.38864  -0.02259  -0.00072
  23  4  H     s   0.00002   0.00103  -0.00184   0.00958  -0.06216   0.55360
  24  4  H     s  -0.00001   0.00015  -0.02259  -0.00072  -0.03471   0.38864
  25  5  H     s   0.00046   0.00046  -0.00958   0.00720  -0.00958   0.00720
  26  5  H     s  -0.00022  -0.00022   0.03989  -0.00793   0.03989  -0.00793
  27  6  H     s   0.00046   0.00046  -0.00958   0.00720  -0.00958   0.00720
  28  6  H     s  -0.00022  -0.00022   0.03989  -0.00793   0.03989  -0.00793
  29  7  H     s   0.00103   0.00002  -0.00394   0.00312   0.00333  -0.00213
  30  7  H     s   0.00015  -0.00001   0.00372   0.01380  -0.00093  -0.00737
  31  8  H     s   0.00103   0.00002   0.00333  -0.00213  -0.00394   0.00312
  32  8  H     s   0.00015  -0.00001  -0.00093  -0.00737   0.00372   0.01380

 ===========================================================================
    Orbital#             7         8         9        10        11        12
      Group#             2         2         2         2         2         2
 ---------------------------------------------------------------------------
  AO# LABELS
   1  1  B     s  -0.00461   0.00085  -0.00461   0.00085   0.06151  -0.03687
   2  1  B     s  -0.00770   0.00152  -0.00770   0.00152   0.08620  -0.04743
   3  1  B     s   0.02624  -0.00357   0.02624  -0.00357  -0.25450   0.09764
   4  1  B     s   0.01443  -0.02852   0.01443  -0.02852  -0.14001  -0.01031
   5  1  B     x   0.01265  -0.00766  -0.01265   0.00766  -0.00000  -0.00000
   6  1  B     y   0.00000   0.00000  -0.00000  -0.00000   0.25727  -0.08101
   7  1  B     z  -0.02600   0.00818  -0.02600   0.00818   0.31480  -0.10081
   8  1  B     x  -0.04571  -0.00034   0.04571   0.00034  -0.00000  -0.00000
   9  1  B     y   0.00000   0.00000  -0.00000  -0.00000   0.01671   0.01076
  10  1  B     z  -0.00581   0.01160  -0.00581   0.01160  -0.00555   0.01745
  11  2  B     s   0.10118  -0.04637   0.10118  -0.04637   0.06151  -0.03687
  12  2  B     s   0.14100  -0.05931   0.14100  -0.05931   0.08620  -0.04743
  13  2  B     s  -0.46049   0.07206  -0.46049   0.07206  -0.25450   0.09764
  14  2  B     s  -0.30630   0.07326  -0.30630   0.07327  -0.14001  -0.01031
  15  2  B     x   0.55532  -0.11635  -0.55532   0.11635  -0.00000  -0.00000
  16  2  B     y   0.00000   0.00000  -0.00000  -0.00000   0.25727  -0.08101
  17  2  B     z   0.27773  -0.06073   0.27773  -0.06073  -0.31480   0.10081
  18  2  B     x   0.10775  -0.01589  -0.10775   0.01589  -0.00000  -0.00000
  19  2  B     y   0.00000   0.00000  -0.00000  -0.00000   0.01671   0.01076
  20  2  B     z   0.00117   0.00781   0.00117   0.00781   0.00555  -0.01745
  21  3  H     s  -0.00394   0.00312   0.00333  -0.00213  -0.00191   0.00115
  22  3  H     s   0.00372   0.01380  -0.00093  -0.00737   0.03567  -0.00418
  23  4  H     s   0.00333  -0.00213  -0.00394   0.00312  -0.00191   0.00115
  24  4  H     s  -0.00093  -0.00737   0.00372   0.01380   0.03567  -0.00418
  25  5  H     s  -0.00958   0.00720  -0.00958   0.00720  -0.05747   0.57223
  26  5  H     s   0.03989  -0.00793   0.03989  -0.00793  -0.11741   0.33527
  27  6  H     s  -0.00958   0.00720  -0.00958   0.00720   0.00913   0.01795
  28  6  H     s   0.03989  -0.00793   0.03989  -0.00793   0.15957  -0.00078
  29  7  H     s  -0.06216   0.55360  -0.00184   0.00958  -0.00191   0.00115
  30  7  H     s  -0.03471   0.38864  -0.02259  -0.00072   0.03567  -0.00418
  31  8  H     s  -0.00184   0.00958  -0.06216   0.55360  -0.00191   0.00115
  32  8  H     s  -0.02259  -0.00072  -0.03471   0.38864   0.03567  -0.00418

 ===========================================================================
    Orbital#            13        14
      Group#             2         2
 ---------------------------------------------------------------------------
  AO# LABELS
   1  1  B     s   0.06151  -0.03687
   2  1  B     s   0.08620  -0.04743
   3  1  B     s  -0.25450   0.09764
   4  1  B     s  -0.14001  -0.01031
   5  1  B     x   0.00000   0.00000
   6  1  B     y  -0.25727   0.08101
   7  1  B     z   0.31480  -0.10081
   8  1  B     x   0.00000   0.00000
   9  1  B     y  -0.01671  -0.01076
  10  1  B     z  -0.00555   0.01745
  11  2  B     s   0.06151  -0.03687
  12  2  B     s   0.08620  -0.04743
  13  2  B     s  -0.25450   0.09764
  14  2  B     s  -0.14001  -0.01031
  15  2  B     x   0.00000   0.00000
  16  2  B     y  -0.25727   0.08101
  17  2  B     z  -0.31480   0.10081
  18  2  B     x   0.00000   0.00000
  19  2  B     y  -0.01671  -0.01076
  20  2  B     z   0.00555  -0.01745
  21  3  H     s  -0.00191   0.00115
  22  3  H     s   0.03567  -0.00418
  23  4  H     s  -0.00191   0.00115
  24  4  H     s   0.03567  -0.00418
  25  5  H     s   0.00913   0.01794
  26  5  H     s   0.15957  -0.00078
  27  6  H     s  -0.05747   0.57223
  28  6  H     s  -0.11741   0.33527
  29  7  H     s  -0.00191   0.00115
  30  7  H     s   0.03567  -0.00418
  31  8  H     s  -0.00191   0.00115
  32  8  H     s   0.03567  -0.00418


 WORDS OF DYNAMIC MEMORY USED IN VB2000 CODE ONLY:      217528

 STATISTICS OF CPU TIMES (SECONDS)
 CPU TIME FOR INITIALIZATION        0.027
 CPU TIME FOR MACROITERATION       11.707
 TOTAL CPU TIME                    11.734

