
 **************************************************************
 *                                                            *
 *                        V B 2 0 0 0                         *
 *                                                            *
 * An ab initio Valence-Bond Program Based on the Generalized *
 *    Product Function Method and the Algebrant Algorithm     *
 *                                                            *
 *                  Version 2.8 November 2017                 *
 *                     Stand-alone Version                    *
 *                      Compiler GFORTRAN                     *
 *                                                            *
 *     Memory = 12500000 for MAP file up to 16 electrons      *
 *                                                            *
 *         Jiabo Li*, Brian Duke** and Roy McWeeny***         *
 *                                                            *
 *        * SciNet Technologies, 9943 Fieldthorn St.,         *
 *                   San Diego, CA 92127, USA                 *
 *                                                            *
 *  ** Monash University Institute of Pharmaceutical Sciences,*
 *          Monash University, 381 Royal Pde, Parkville,      *
 *                    Victoria, 3052, Australia               *
 *                                                            *
 *      *** Department of Chemistry, University of Pisa,      *
 *                       56100 Pisa, Italy                    *
 *                                                            *
 *  Reference for the software:                               *
 *     Jiabo Li, Brian Duke, and Roy McWeeny, VB2000 Version  *
 *     2.8, SciNet Technologies, San Diego, CA, 2013          *
 *     URL: http://www.scinetec.com or http://www.vb2000.net  *
 *                                                            *
 *  References for the theory:                                *
 *     General:                                               *
 *     Jiabo Li, and Roy McWeeny, "VB2000: Pushing Valence    *
 *     Bond Theory to New Limits", Int. J. Quantum Chem.,     *
 *     89(2002)208-216.                                       *
 *                                                            *
 *     Spin densities:-                                       *
 *     Jiabo Li, Brian J. Duke, Thomas M. Klapoetke, and Roy  *
 *     McWeeny, Spin-Density of Spin-Free Valence Bond Wave   *
 *     Functions and Its Implementation in VB2000. J. Theor.  *
 *     Comp. Chem. 7(2008)853-867.                            *
 *                                                            *
 *     Spin coupled - n electrons in m orbitals:-             *
 *     Peter B. Karadakov, David L. Cooper, Brian J. Duke,    *
 *     and Jiabo Li, Spin-Coupled Theory for N Electrons in   *
 *     M Orbitals Active Spaces,  J. Phys. Chem. A, 116,      *
 *     7238 - 7244, 2012                                      *
 *                                                            *
 *     Copyright (C) 2018 GNU General Public License          *
 **************************************************************

 JOB NAME IS c2h2TB4                                                         

 VB2000 DIRECTORY IS: .                                                                               
 MAXIMUM DYNAMIC MEMORY IS:        6500000

 Input of molecule
 =================
 #! VB(4)/D95 PRINTALL                                                           
                                                                                 
 Title: TEST C2H2 TRIPLE BOND (SIGMA+PI)                                                

 Charge =  0 Multiplicity =  1

 BASIS SET FILE IS: ./BASET/D95                                                                     

 Cartesian coordinates of atoms in Angstrom
 ----------------------------------------------------
                    X             Y             Z   

  C     6.0      0.000000      0.000000      0.610009
  C     6.0      0.000000      0.000000     -0.610009
  H     1.0      0.000000      0.000000      1.690006
  H     1.0      0.000000      0.000000     -1.690006
 ----------------------------------------------------

 Total number of two-electron integrals =        16096
 Time for integral evaluation                    0.036

 SKIPPED INTEGRALS =                             27566
 Number of iter =     11, DMAX =        0.000009880975
 Final Hartree-Fock Energy =          -76.797430493885

 Molecular orbitals by HF method
 ===============================================================================
 MO#                       1         2         3         4         5         6
 E(a.u.)             -11.268   -11.265    -1.036    -0.760    -0.676    -0.411
 -------------------------------------------------------------------------------

   1  1  C     s    -0.42476   0.42509  -0.10360   0.06762   0.00532   0.00000
   2  1  C     s    -0.30916   0.30959  -0.13869   0.09083   0.00845   0.00000
   3  1  C     s    -0.00341   0.00267   0.37172  -0.24062  -0.04429  -0.00000
   4  1  C     s    -0.00015  -0.00105   0.21341  -0.19677  -0.07852  -0.00000
   5  1  C     x    -0.00000  -0.00000   0.00000  -0.00000  -0.00000  -0.06597
   6  1  C     y     0.00000   0.00000  -0.00000   0.00000   0.00000  -0.48354
   7  1  C     z     0.00083   0.00022  -0.18236  -0.25930  -0.43494  -0.00000
   8  1  C     x    -0.00000   0.00000  -0.00000   0.00000   0.00000  -0.02369
   9  1  C     y     0.00000   0.00000   0.00000   0.00000   0.00000  -0.17362
  10  1  C     z    -0.00040   0.00052   0.04363  -0.02815  -0.04106   0.00000
  11  2  C     s    -0.42476  -0.42509  -0.10360  -0.06762   0.00532   0.00000
  12  2  C     s    -0.30916  -0.30959  -0.13869  -0.09083   0.00845   0.00000
  13  2  C     s    -0.00341  -0.00267   0.37172   0.24062  -0.04429  -0.00000
  14  2  C     s    -0.00015   0.00105   0.21341   0.19677  -0.07852   0.00000
  15  2  C     x     0.00000  -0.00000   0.00000  -0.00000  -0.00000  -0.06597
  16  2  C     y     0.00000   0.00000   0.00000   0.00000   0.00000  -0.48354
  17  2  C     z    -0.00083   0.00022   0.18236  -0.25930   0.43494   0.00000
  18  2  C     x     0.00000   0.00000   0.00000   0.00000   0.00000  -0.02369
  19  2  C     y    -0.00000  -0.00000  -0.00000  -0.00000  -0.00000  -0.17362
  20  2  C     z     0.00040   0.00052  -0.04363  -0.02815   0.04106   0.00000
  21  3  H     s    -0.00048   0.00043   0.08052  -0.21195  -0.20893  -0.00000
  22  3  H     s     0.00023  -0.00026  -0.00521  -0.11350  -0.12817  -0.00000
  23  4  H     s    -0.00048  -0.00043   0.08052   0.21195  -0.20893  -0.00000
  24  4  H     s     0.00023   0.00026  -0.00521   0.11350  -0.12817   0.00000

 MO#                       7         8         9        10        11        12
 E(a.u.)              -0.411     0.171     0.171     0.234     0.340     0.353
 -------------------------------------------------------------------------------

   1  1  C     s    -0.00000   0.00000   0.00000  -0.05226   0.01148   0.03345
   2  1  C     s    -0.00000   0.00000   0.00000  -0.06752   0.01318   0.05136
   3  1  C     s     0.00000  -0.00000  -0.00000   0.02790   0.06970  -0.23214
   4  1  C     s    -0.00000  -0.00000  -0.00000   3.35358  -0.64582   1.01110
   5  1  C     x     0.48354  -0.08646  -0.37277  -0.00000  -0.00000  -0.00000
   6  1  C     y    -0.06597  -0.37277   0.08646  -0.00000   0.00000   0.00000
   7  1  C     z    -0.00000  -0.00000  -0.00000   0.10513  -0.51689   0.05147
   8  1  C     x     0.17362  -0.21597  -0.93114  -0.00000   0.00000   0.00000
   9  1  C     y    -0.02369  -0.93114   0.21597  -0.00000  -0.00000  -0.00000
  10  1  C     z    -0.00000  -0.00000  -0.00000  -1.99402   0.21155  -2.41774
  11  2  C     s     0.00000  -0.00000  -0.00000   0.05226   0.01148  -0.03345
  12  2  C     s     0.00000  -0.00000   0.00000   0.06752   0.01318  -0.05136
  13  2  C     s    -0.00000   0.00000  -0.00000  -0.02790   0.06970   0.23214
  14  2  C     s    -0.00000  -0.00000  -0.00000  -3.35358  -0.64582  -1.01110
  15  2  C     x     0.48354   0.08646   0.37277   0.00000  -0.00000  -0.00000
  16  2  C     y    -0.06597   0.37277  -0.08646   0.00000   0.00000   0.00000
  17  2  C     z     0.00000   0.00000   0.00000   0.10513   0.51689   0.05147
  18  2  C     x     0.17362   0.21597   0.93114   0.00000   0.00000   0.00000
  19  2  C     y    -0.02369   0.93114  -0.21597  -0.00000  -0.00000  -0.00000
  20  2  C     z     0.00000  -0.00000   0.00000  -1.99402  -0.21155  -2.41774
  21  3  H     s    -0.00000   0.00000  -0.00000  -0.06166   0.06186   0.14758
  22  3  H     s     0.00000   0.00000   0.00000   0.15195   0.84673   2.09828
  23  4  H     s    -0.00000  -0.00000  -0.00000   0.06166   0.06186  -0.14758
  24  4  H     s     0.00000  -0.00000   0.00000  -0.15195   0.84673  -2.09828


                    PARAMETER LIMIT VALUES
 Max. no. of atoms                    MAXCEN =    200
 Max. no. of basis functions          MAXBFN =   1350
 Max. no. of shells                   MAXSHL =    500
 Max. no. of total primitives         MAXEXP =   4400
 Max. no. of primitives per orbital   MAXPRM =     15
 Max. no. of atoms * no. of orbitals  MAXNAB = 135000
 Increase max basis set size by       NEXTRA =     20
 Max. size for Rumer data             MAXST1 = 120000
 Max. no. of orbitals in group        MAXNOB =    200
 Max. no. of CUBE orbitals            MAXCUB =    100
 Max. no. of groups                   MAXGRP =     49
 BRILLMASK array sizes                MAXBLL =  12500

 VBO LIB IS: ./VBOLIB/VBOLIBD95                                                              

 Localized molecular orbitals and the bond labels
 ===============================================================================
 LMO#                      1         2         3         4         5         6
 E(a.u.)             -11.215   -11.215    -1.030    -0.773    -0.773    -0.411
 Bond Label            2:(0)     1:(0)    2-1(1)    4-2(1)    3-1(1)    2-1(2)
 -------------------------------------------------------------------------------

   1  1  C     s    -0.00312  -0.60809  -0.05371   0.00628   0.06121   0.00000
   2  1  C     s    -0.00469  -0.44803  -0.09285   0.01045   0.09745   0.00000
   3  1  C     s     0.01451   0.02661   0.30799  -0.02097  -0.31913  -0.00000
   4  1  C     s     0.00547   0.01993   0.15213  -0.02012  -0.25778  -0.00000
   5  1  C     x    -0.00000   0.00000   0.00000  -0.00000  -0.00000  -0.06597
   6  1  C     y     0.00000  -0.00000  -0.00001   0.00000   0.00000  -0.48354
   7  1  C     z    -0.02229  -0.00549  -0.36211   0.03005  -0.39637   0.00000
   8  1  C     x    -0.00000   0.00000   0.00000  -0.00000  -0.00000  -0.02369
   9  1  C     y     0.00000  -0.00000  -0.00000   0.00000   0.00000  -0.17362
  10  1  C     z     0.00160   0.00272   0.01958   0.02008  -0.05988  -0.00000
  11  2  C     s    -0.60809  -0.00312  -0.05371  -0.06121  -0.00628   0.00000
  12  2  C     s    -0.44803  -0.00469  -0.09285  -0.09745  -0.01045   0.00000
  13  2  C     s     0.02661   0.01451   0.30799   0.31913   0.02097  -0.00000
  14  2  C     s     0.01993   0.00547   0.15213   0.25778   0.02012  -0.00000
  15  2  C     x    -0.00000   0.00000   0.00000  -0.00000  -0.00000  -0.06597
  16  2  C     y     0.00000  -0.00000  -0.00001   0.00000   0.00000  -0.48354
  17  2  C     z     0.00549   0.02229   0.36211  -0.39637   0.03005  -0.00000
  18  2  C     x    -0.00000   0.00000   0.00000  -0.00000  -0.00000  -0.02369
  19  2  C     y     0.00000  -0.00000  -0.00000   0.00000   0.00000  -0.17362
  20  2  C     z    -0.00272  -0.00160  -0.01958  -0.05988   0.02008   0.00000
  21  3  H     s    -0.00346   0.00992  -0.02544   0.00755  -0.30699   0.00000
  22  3  H     s    -0.00499   0.00287  -0.06386  -0.00150  -0.15882   0.00000
  23  4  H     s     0.00992  -0.00346  -0.02544   0.30699  -0.00755   0.00000
  24  4  H     s     0.00287  -0.00499  -0.06386   0.15882   0.00150   0.00000

 LMO#                      7
 E(a.u.)              -0.411
 Bond Label           2-1(3)
 -------------------------------------------------------------------------------

   1  1  C     s     0.00000
   2  1  C     s     0.00000
   3  1  C     s    -0.00000
   4  1  C     s    -0.00000
   5  1  C     x     0.48354
   6  1  C     y    -0.06597
   7  1  C     z     0.00000
   8  1  C     x     0.17362
   9  1  C     y    -0.02369
  10  1  C     z    -0.00000
  11  2  C     s     0.00000
  12  2  C     s     0.00000
  13  2  C     s    -0.00000
  14  2  C     s    -0.00000
  15  2  C     x     0.48354
  16  2  C     y    -0.06597
  17  2  C     z    -0.00000
  18  2  C     x     0.17362
  19  2  C     y    -0.02369
  20  2  C     z     0.00000
  21  3  H     s     0.00000
  22  3  H     s     0.00000
  23  4  H     s     0.00000
  24  4  H     s     0.00000


 Mulliken population of localized molecular orbitals
 ===============================================================================
 LMO#                      1         2         3         4         5         6
 E(a.u.)             -11.215   -11.215    -1.030    -0.773    -0.773    -0.411
 Bond Label            2:(0)     1:(0)    2-1(1)    4-2(1)    3-1(1)    2-1(2)
 -------------------------------------------------------------------------------

   1         C      -0.00293   2.00334   1.01270  -0.02536   1.27258   1.00000
   2         C       2.00334  -0.00293   1.01270   1.27258  -0.02536   1.00000
   3         H       0.00013  -0.00055  -0.01270   0.00014   0.75264  -0.00000
   4         H      -0.00055   0.00013  -0.01270   0.75264   0.00014  -0.00000

 LMO#                      7
 E(a.u.)              -0.411
 Bond Label           2-1(3)
 -------------------------------------------------------------------------------

   1         C       1.00000
   2         C       1.00000
   3         H      -0.00000
   4         H      -0.00000


 PARTITIONING OF LMOs INTO GROUPS ($LMOGRPMODIFY)
 ================================================
 LMO#     1  2  3  4  5  6  7
 Group#   1  1  2  1  1  2  1
 Split    0  0  1  0  0  1  0


 Initial guess of orbitals
 ===============================================================================
 ORBITAL#                  1         2         3         4         5         6
 Bond Label            2:(0)     1:(0)    4-2(1)    3-1(1)    2-1(3)    2-1(1)
 -------------------------------------------------------------------------------

   1  1  C     s    -0.00312  -0.60809   0.00628   0.06121   0.00000  -0.06855
   2  1  C     s    -0.00469  -0.44803   0.01045   0.09745   0.00000  -0.14531
   3  1  C     s     0.01451   0.02661  -0.02097  -0.31913  -0.00000   0.54485
   4  1  C     s     0.00547   0.01993  -0.02012  -0.25778  -0.00000   0.25964
   5  1  C     x    -0.00000   0.00000  -0.00000  -0.00000   0.48354   0.00001
   6  1  C     y     0.00000  -0.00000   0.00000   0.00000  -0.06597  -0.00001
   7  1  C     z    -0.02229  -0.00549   0.03005  -0.39637   0.00000  -0.71571
   8  1  C     x    -0.00000   0.00000  -0.00000  -0.00000   0.17362   0.00000
   9  1  C     y     0.00000  -0.00000   0.00000   0.00000  -0.02369  -0.00000
  10  1  C     z     0.00160   0.00272   0.02008  -0.05988  -0.00000   0.02989
  11  2  C     s    -0.60809  -0.00312  -0.06121  -0.00628   0.00000  -0.02941
  12  2  C     s    -0.44803  -0.00469  -0.09745  -0.01045   0.00000  -0.01978
  13  2  C     s     0.02661   0.01451   0.31913   0.02097  -0.00000  -0.01152
  14  2  C     s     0.01993   0.00547   0.25778   0.02012  -0.00000  -0.00882
  15  2  C     x    -0.00000   0.00000  -0.00000  -0.00000   0.48354   0.00000
  16  2  C     y     0.00000  -0.00000   0.00000   0.00000  -0.06597   0.00000
  17  2  C     z     0.00549   0.02229  -0.39637   0.03005  -0.00000   0.01992
  18  2  C     x    -0.00000   0.00000  -0.00000  -0.00000   0.17362   0.00000
  19  2  C     y     0.00000  -0.00000   0.00000   0.00000  -0.02369   0.00000
  20  2  C     z    -0.00272  -0.00160  -0.05988   0.02008   0.00000   0.00452
  21  3  H     s    -0.00346   0.00992   0.00755  -0.30699   0.00000  -0.03019
  22  3  H     s    -0.00499   0.00287  -0.00150  -0.15882   0.00000  -0.01544
  23  4  H     s     0.00992  -0.00346   0.30699  -0.00755   0.00000  -0.01379
  24  4  H     s     0.00287  -0.00499   0.15882   0.00150   0.00000  -0.00660

 ORBITAL#                  7         8         9
 Bond Label           2-1(1)    2-1(2)    2-1(2)
 -------------------------------------------------------------------------------

   1  1  C     s    -0.02941   0.00000   0.00000
   2  1  C     s    -0.01978   0.00000   0.00000
   3  1  C     s    -0.01152  -0.00001  -0.00000
   4  1  C     s    -0.00882  -0.00000  -0.00000
   5  1  C     x     0.00000  -0.10979  -0.00000
   6  1  C     y    -0.00000  -0.80477   0.00000
   7  1  C     z    -0.01992   0.00001   0.00000
   8  1  C     x     0.00000  -0.03942  -0.00000
   9  1  C     y    -0.00000  -0.28895   0.00000
  10  1  C     z    -0.00452  -0.00000   0.00000
  11  2  C     s    -0.06855   0.00000   0.00000
  12  2  C     s    -0.14531   0.00000   0.00000
  13  2  C     s     0.54485   0.00000  -0.00001
  14  2  C     s     0.25964   0.00000  -0.00000
  15  2  C     x     0.00001  -0.00000  -0.10979
  16  2  C     y    -0.00001  -0.00000  -0.80477
  17  2  C     z     0.71571  -0.00000  -0.00001
  18  2  C     x     0.00000  -0.00000  -0.03942
  19  2  C     y    -0.00000  -0.00000  -0.28895
  20  2  C     z    -0.02989  -0.00000   0.00000
  21  3  H     s    -0.01379   0.00000   0.00000
  22  3  H     s    -0.00660   0.00000   0.00000
  23  4  H     s    -0.03019   0.00000   0.00000
  24  4  H     s    -0.01544   0.00000   0.00000


      GENERAL CONTROLS ($GENCTL)
 ======================================
 Number of electron groups       =    2
 Maximum macro-iterations        =   12
 Energy threshold           = 10**(- 6)
 Restart calculation(0/1/2)      =    0
 Group#                     1  2
 Num. of electrons         10  4
 Num. of spins              0  0
 Num. of orbitals           5  4
 Method#                    1  2

 SYMBOLIC VB STRUCTURE(S) OF GROUP  2
 STR. NO.       RUMER PATTERN  
    1           1  2   3  4


 OVERLAP MATRIX OF VB ORBITALS FOR GROUP   2

        1      2      3      4
 ===============================
   1 1.0000
   2 0.7901 1.0000
   3 0.0000-0.0000 1.0000
   4-0.0000 0.0000 0.3850 1.0000

 EIGENVALUES OF OVERLAP MATRIX OF VB ORBITALS
 ============================================
     0.2099D+00    0.6150D+00    0.1385D+01    0.1790D+01

 MAP FILE IS: ./MAP/MAP0400t                                                                  

 VB-ORBITAL OPTIMIZATION OF GROUP  2 ...
 GROUP =  2  ITER =  1 CMAX =  0.11172130536522
 GROUP =  2  ITER =  2 CMAX =  0.06761149179314
 GROUP =  2  ITER =  3 CMAX =  0.04443898429450
 GROUP =  2  ITER =  4 CMAX =  0.02173342441359
 GROUP =  2  ITER =  5 CMAX =  0.00446870548799
 GROUP =  2  ITER =  6 CMAX =  0.00138812522065
 GROUP =  2  ITER =  7 CMAX =  0.00044733175786

 ENERGY AND DIFF OF MACROITER    1 =    -76.8234567450    -76.8234567450

 VB-ORBITAL OPTIMIZATION OF GROUP  2 ...
 GROUP =  2  ITER =  1 CMAX =  0.01456474988290
 GROUP =  2  ITER =  2 CMAX =  0.01042715184452
 GROUP =  2  ITER =  3 CMAX =  0.00274600301963
 GROUP =  2  ITER =  4 CMAX =  0.00015445174460

 ENERGY AND DIFF OF MACROITER    2 =    -76.8308080119     -0.0073512669

 VB-ORBITAL OPTIMIZATION OF GROUP  2 ...
 GROUP =  2  ITER =  1 CMAX =  0.00203151852743
 GROUP =  2  ITER =  2 CMAX =  0.00125194482437
 GROUP =  2  ITER =  3 CMAX =  0.00046980982446

 ENERGY AND DIFF OF MACROITER    3 =    -76.8309483698     -0.0001403579

 VB-ORBITAL OPTIMIZATION OF GROUP  2 ...
 GROUP =  2  ITER =  1 CMAX =  0.00014865713076

 ENERGY AND DIFF OF MACROITER    4 =    -76.8309571839     -0.0000088142

 VB-ORBITAL OPTIMIZATION OF GROUP  2 ...
 GROUP =  2  ITER =  1 CMAX =  0.00014344701927

 ENERGY AND DIFF OF MACROITER    5 =    -76.8309580693     -0.0000008854

 VB-ORBITAL OPTIMIZATION OF GROUP  2 ...
 GROUP =  2  ITER =  1 CMAX =  0.00016326883013

 OVERLAP MATRIX OF VB ORBITALS FOR GROUP   2

        1      2      3      4
 ===============================
   1 1.0000
   2 0.9056 1.0000
   3 0.0020 0.0025 1.0000
   4 0.0025 0.0020 0.6840 1.0000

 EIGENVALUES OF OVERLAP MATRIX OF VB ORBITALS
 ============================================
     0.9440D-01    0.3160D+00    0.1684D+01    0.1906D+01

 ENERGY AND DIFF OF MACROITER    6 =    -76.8309581753     -0.0000001059

 MULLIKEN CHARGES ON ATOMS
 -------------------------
  ATOM             CHARGE 

    1            -0.25687
    2            -0.25687
    3             0.25687
    4             0.25687

 -------------------------


 ORBITALS OF EACH ELECTRON GROUP IN AO BASIS: ORBITAL(GROUP)
 ===========================================================================
    Orbital#             1         2         3         4         5         6
      Group#             1         1         1         1         1         2
 ---------------------------------------------------------------------------
  AO# LABELS
   1  1  C     s  -0.00079  -0.60354  -0.07184   0.00038  -0.00001  -0.10840
   2  1  C     s  -0.00107  -0.44134  -0.11009   0.00110  -0.00002  -0.14307
   3  1  C     s   0.00214   0.00682   0.34538   0.00776   0.00006   0.49383
   4  1  C     s   0.00238   0.01005   0.27355  -0.00659   0.00003   0.16814
   5  1  C     x   0.00000  -0.00000   0.00001   0.00001  -0.48068   0.00023
   6  1  C     y  -0.00000   0.00000   0.00000   0.00000   0.06558   0.00061
   7  1  C     z  -0.00061   0.01431   0.35669  -0.00747  -0.00007  -0.60703
   8  1  C     x   0.00000  -0.00000   0.00000   0.00000  -0.17660  -0.00000
   9  1  C     y  -0.00000   0.00000   0.00000   0.00000   0.02409  -0.00021
  10  1  C     z  -0.00069   0.00143   0.06260   0.02219   0.00000  -0.00478
  11  2  C     s   0.60354   0.00079   0.00038  -0.07184  -0.00001  -0.05446
  12  2  C     s   0.44134   0.00107   0.00110  -0.11009  -0.00002  -0.07087
  13  2  C     s  -0.00682  -0.00214   0.00776   0.34538   0.00006   0.05040
  14  2  C     s  -0.01005  -0.00238  -0.00659   0.27355   0.00003   0.08047
  15  2  C     x   0.00000  -0.00000   0.00001   0.00001  -0.48068  -0.00003
  16  2  C     y  -0.00000   0.00000   0.00000   0.00000   0.06558  -0.00054
  17  2  C     z   0.01431  -0.00061   0.00747  -0.35669   0.00007   0.17518
  18  2  C     x   0.00000  -0.00000   0.00000   0.00000  -0.17660   0.00007
  19  2  C     y  -0.00000   0.00000   0.00000   0.00000   0.02409   0.00020
  20  2  C     z   0.00143  -0.00069  -0.02219  -0.06260  -0.00000  -0.02890
  21  3  H     s   0.00066   0.01024   0.30331   0.00358  -0.00001  -0.05776
  22  3  H     s   0.00058   0.00602   0.15321  -0.00868  -0.00001  -0.06108
  23  4  H     s  -0.01024  -0.00066   0.00358   0.30331  -0.00001  -0.05072
  24  4  H     s  -0.00602  -0.00058  -0.00868   0.15321  -0.00001  -0.09296

 ===========================================================================
    Orbital#             7         8         9
      Group#             2         2         2
 ---------------------------------------------------------------------------
  AO# LABELS
   1  1  C     s  -0.05446  -0.00020  -0.00019
   2  1  C     s  -0.07087  -0.00027  -0.00025
   3  1  C     s   0.05040   0.00069   0.00063
   4  1  C     s   0.08047   0.00035   0.00028
   5  1  C     x  -0.00003  -0.10228  -0.02184
   6  1  C     y  -0.00054  -0.74970  -0.16005
   7  1  C     z  -0.17518  -0.00096  -0.00092
   8  1  C     x   0.00007  -0.03180  -0.00845
   9  1  C     y   0.00020  -0.23311  -0.06191
  10  1  C     z   0.02890   0.00002   0.00003
  11  2  C     s  -0.10840  -0.00019  -0.00020
  12  2  C     s  -0.14307  -0.00025  -0.00027
  13  2  C     s   0.49383   0.00063   0.00069
  14  2  C     s   0.16814   0.00028   0.00035
  15  2  C     x   0.00023  -0.02184  -0.10228
  16  2  C     y   0.00061  -0.16005  -0.74970
  17  2  C     z   0.60703   0.00092   0.00096
  18  2  C     x  -0.00000  -0.00845  -0.03180
  19  2  C     y  -0.00021  -0.06191  -0.23311
  20  2  C     z   0.00478  -0.00003  -0.00002
  21  3  H     s  -0.05072  -0.00014  -0.00012
  22  3  H     s  -0.09296  -0.00020  -0.00018
  23  4  H     s  -0.05776  -0.00012  -0.00014
  24  4  H     s  -0.06108  -0.00018  -0.00020


 WORDS OF DYNAMIC MEMORY USED IN VB2000 CODE ONLY:       61584

 STATISTICS OF CPU TIMES (SECONDS)
 CPU TIME FOR INITIALIZATION        0.008
 CPU TIME FOR MACROITERATION        0.145
 TOTAL CPU TIME                     0.154

