
 **************************************************************
 *                                                            *
 *                        V B 2 0 0 0                         *
 *                                                            *
 * An ab initio Valence-Bond Program Based on the Generalized *
 *    Product Function Method and the Algebrant Algorithm     *
 *                                                            *
 *                  Version 2.8 November 2017                 *
 *                     Stand-alone Version                    *
 *                      Compiler GFORTRAN                     *
 *                                                            *
 *     Memory = 12500000 for MAP file up to 16 electrons      *
 *                                                            *
 *         Jiabo Li*, Brian Duke** and Roy McWeeny***         *
 *                                                            *
 *        * SciNet Technologies, 9943 Fieldthorn St.,         *
 *                   San Diego, CA 92127, USA                 *
 *                                                            *
 *  ** Monash University Institute of Pharmaceutical Sciences,*
 *          Monash University, 381 Royal Pde, Parkville,      *
 *                    Victoria, 3052, Australia               *
 *                                                            *
 *      *** Department of Chemistry, University of Pisa,      *
 *                       56100 Pisa, Italy                    *
 *                                                            *
 *  Reference for the software:                               *
 *     Jiabo Li, Brian Duke, and Roy McWeeny, VB2000 Version  *
 *     2.8, SciNet Technologies, San Diego, CA, 2013          *
 *     URL: http://www.scinetec.com or http://www.vb2000.net  *
 *                                                            *
 *  References for the theory:                                *
 *     General:                                               *
 *     Jiabo Li, and Roy McWeeny, "VB2000: Pushing Valence    *
 *     Bond Theory to New Limits", Int. J. Quantum Chem.,     *
 *     89(2002)208-216.                                       *
 *                                                            *
 *     Spin densities:-                                       *
 *     Jiabo Li, Brian J. Duke, Thomas M. Klapoetke, and Roy  *
 *     McWeeny, Spin-Density of Spin-Free Valence Bond Wave   *
 *     Functions and Its Implementation in VB2000. J. Theor.  *
 *     Comp. Chem. 7(2008)853-867.                            *
 *                                                            *
 *     Spin coupled - n electrons in m orbitals:-             *
 *     Peter B. Karadakov, David L. Cooper, Brian J. Duke,    *
 *     and Jiabo Li, Spin-Coupled Theory for N Electrons in   *
 *     M Orbitals Active Spaces,  J. Phys. Chem. A, 116,      *
 *     7238 - 7244, 2012                                      *
 *                                                            *
 *     Copyright (C) 2018 GNU General Public License          *
 **************************************************************

 JOB NAME IS c2h2TB2                                                         

 VB2000 DIRECTORY IS: .                                                                               
 MAXIMUM DYNAMIC MEMORY IS:        6500000

 Input of molecule
 =================
 #! VB(4)/D95 PRINTALL                                                           
                                                                                 
 Title: TEST C2H2 TRIPLE BOND (ONLY 2 PI BOND)                                          

 Charge =  0 Multiplicity =  1

 BASIS SET FILE IS: ./BASET/D95                                                                     

 Cartesian coordinates of atoms in Angstrom
 ----------------------------------------------------
                    X             Y             Z   

  C     6.0      0.528275      0.305000      0.000000
  C     6.0     -0.528275     -0.305000      0.000000
  H     1.0      1.463583      0.845000      0.000000
  H     1.0     -1.463583     -0.845000      0.000000
 ----------------------------------------------------

 Total number of two-electron integrals =        26360
 Time for integral evaluation                    0.035

 SKIPPED INTEGRALS =                             17302
 Number of iter =     11, DMAX =        0.000009881121
 Final Hartree-Fock Energy =          -76.797431677304

 Molecular orbitals by HF method
 ===============================================================================
 MO#                       1         2         3         4         5         6
 E(a.u.)             -11.268   -11.265    -1.036    -0.760    -0.676    -0.411
 -------------------------------------------------------------------------------

   1  1  C     s    -0.42476   0.42509  -0.10360  -0.06762  -0.00533  -0.00000
   2  1  C     s    -0.30916   0.30959  -0.13869  -0.09083  -0.00845  -0.00000
   3  1  C     s    -0.00341   0.00267   0.37172   0.24062   0.04429   0.00000
   4  1  C     s    -0.00015  -0.00105   0.21341   0.19677   0.07852   0.00000
   5  1  C     x     0.00072   0.00019  -0.15794   0.22456   0.37667  -0.00262
   6  1  C     y     0.00041   0.00011  -0.09119   0.12965   0.21747   0.00454
   7  1  C     z    -0.00000  -0.00000  -0.00000  -0.00000  -0.00000   0.48800
   8  1  C     x    -0.00035   0.00045   0.03779   0.02437   0.03556  -0.00094
   9  1  C     y    -0.00020   0.00026   0.02182   0.01407   0.02053   0.00163
  10  1  C     z     0.00000   0.00000   0.00000   0.00000   0.00000   0.17521
  11  2  C     s    -0.42476  -0.42509  -0.10360   0.06762  -0.00533   0.00000
  12  2  C     s    -0.30916  -0.30959  -0.13869   0.09083  -0.00845   0.00000
  13  2  C     s    -0.00341  -0.00267   0.37172  -0.24062   0.04429  -0.00000
  14  2  C     s    -0.00015   0.00105   0.21341  -0.19677   0.07852  -0.00000
  15  2  C     x    -0.00072   0.00019   0.15794   0.22456  -0.37667  -0.00262
  16  2  C     y    -0.00041   0.00011   0.09119   0.12965  -0.21747   0.00454
  17  2  C     z    -0.00000  -0.00000  -0.00000  -0.00000  -0.00000   0.48800
  18  2  C     x     0.00035   0.00045  -0.03779   0.02437  -0.03556  -0.00094
  19  2  C     y     0.00020   0.00026  -0.02182   0.01407  -0.02053   0.00163
  20  2  C     z    -0.00000  -0.00000  -0.00000  -0.00000  -0.00000   0.17521
  21  3  H     s    -0.00048   0.00043   0.08052   0.21195   0.20893  -0.00000
  22  3  H     s     0.00023  -0.00026  -0.00521   0.11350   0.12817   0.00000
  23  4  H     s    -0.00048  -0.00043   0.08052  -0.21195   0.20893   0.00000
  24  4  H     s     0.00023   0.00026  -0.00521  -0.11350   0.12817  -0.00000

 MO#                       7         8         9        10        11        12
 E(a.u.)              -0.411     0.171     0.171     0.234     0.340     0.353
 -------------------------------------------------------------------------------

   1  1  C     s    -0.00000   0.00000  -0.00000   0.05226   0.01148   0.03345
   2  1  C     s    -0.00000   0.00000  -0.00000   0.06752   0.01318   0.05136
   3  1  C     s     0.00000   0.00000  -0.00000  -0.02789   0.06970  -0.23214
   4  1  C     s     0.00000  -0.00000   0.00000  -3.35367  -0.64581   1.01114
   5  1  C     x    -0.24400   0.19133  -0.00049  -0.09105  -0.44764   0.04456
   6  1  C     y     0.42262  -0.33139   0.00085  -0.05257  -0.25844   0.02573
   7  1  C     z    -0.00524   0.00099   0.38265   0.00000  -0.00000  -0.00000
   8  1  C     x    -0.08761   0.47794  -0.00123   1.72688   0.18323  -2.09382
   9  1  C     y     0.15174  -0.82782   0.00213   0.99702   0.10579  -1.20887
  10  1  C     z    -0.00188   0.00246   0.95588   0.00000   0.00000   0.00000
  11  2  C     s     0.00000   0.00000  -0.00000  -0.05226   0.01148  -0.03345
  12  2  C     s     0.00000   0.00000  -0.00000  -0.06752   0.01318  -0.05136
  13  2  C     s    -0.00000   0.00000  -0.00000   0.02789   0.06970   0.23214
  14  2  C     s    -0.00000  -0.00000   0.00000   3.35367  -0.64581  -1.01114
  15  2  C     x    -0.24400  -0.19133   0.00049  -0.09105   0.44764   0.04456
  16  2  C     y     0.42262   0.33139  -0.00085  -0.05257   0.25844   0.02573
  17  2  C     z    -0.00524  -0.00099  -0.38265  -0.00000   0.00000  -0.00000
  18  2  C     x    -0.08761  -0.47794   0.00123   1.72688  -0.18323  -2.09382
  19  2  C     y     0.15174   0.82782  -0.00213   0.99702  -0.10579  -1.20887
  20  2  C     z    -0.00188  -0.00246  -0.95588   0.00000  -0.00000   0.00000
  21  3  H     s    -0.00000   0.00000  -0.00000   0.06166   0.06187   0.14758
  22  3  H     s     0.00000   0.00000  -0.00000  -0.15195   0.84671   2.09828
  23  4  H     s     0.00000   0.00000  -0.00000  -0.06166   0.06187  -0.14758
  24  4  H     s    -0.00000   0.00000  -0.00000   0.15195   0.84671  -2.09828


                    PARAMETER LIMIT VALUES
 Max. no. of atoms                    MAXCEN =    200
 Max. no. of basis functions          MAXBFN =   1350
 Max. no. of shells                   MAXSHL =    500
 Max. no. of total primitives         MAXEXP =   4400
 Max. no. of primitives per orbital   MAXPRM =     15
 Max. no. of atoms * no. of orbitals  MAXNAB = 135000
 Increase max basis set size by       NEXTRA =     20
 Max. size for Rumer data             MAXST1 = 120000
 Max. no. of orbitals in group        MAXNOB =    200
 Max. no. of CUBE orbitals            MAXCUB =    100
 Max. no. of groups                   MAXGRP =     49
 BRILLMASK array sizes                MAXBLL =  12500

 VBO LIB IS: ./VBOLIB/VBOLIBD95                                                              

 Localized molecular orbitals and the bond labels
 ===============================================================================
 LMO#                      1         2         3         4         5         6
 E(a.u.)             -11.214   -11.214    -1.030    -0.773    -0.773    -0.411
 Bond Label            2:(0)     1:(0)    2-1(1)    4-2(1)    3-1(1)    2-1(3)
 -------------------------------------------------------------------------------

   1  1  C     s    -0.00312  -0.60809  -0.05226  -0.00628  -0.06121   0.00000
   2  1  C     s    -0.00469  -0.44803  -0.09034  -0.01045  -0.09744   0.00000
   3  1  C     s     0.01451   0.02661   0.29967   0.02097   0.31912  -0.00000
   4  1  C     s     0.00547   0.01993   0.14802   0.02012   0.25779  -0.00000
   5  1  C     x    -0.01930  -0.00476  -0.30513  -0.02603   0.34327  -0.00000
   6  1  C     y    -0.01114  -0.00275  -0.17617  -0.01503   0.19819  -0.00000
   7  1  C     z    -0.00000   0.00000   0.00000   0.00000   0.00000   0.48792
   8  1  C     x     0.00139   0.00236   0.01650  -0.01739   0.05186  -0.00000
   9  1  C     y     0.00080   0.00136   0.00953  -0.01004   0.02994  -0.00000
  10  1  C     z    -0.00000   0.00000   0.00000   0.00000   0.00000   0.17518
  11  2  C     s    -0.60809  -0.00312  -0.05226   0.06121   0.00628  -0.00000
  12  2  C     s    -0.44803  -0.00469  -0.09034   0.09745   0.01045  -0.00000
  13  2  C     s     0.02661   0.01451   0.29967  -0.31912  -0.02097   0.00000
  14  2  C     s     0.01993   0.00547   0.14802  -0.25779  -0.02012   0.00000
  15  2  C     x     0.00476   0.01930   0.30513   0.34327  -0.02603  -0.00000
  16  2  C     y     0.00275   0.01114   0.17617   0.19819  -0.01503  -0.00000
  17  2  C     z    -0.00000   0.00000   0.00000   0.00000   0.00000   0.48792
  18  2  C     x    -0.00236  -0.00139  -0.01650   0.05186  -0.01739  -0.00000
  19  2  C     y    -0.00136  -0.00080  -0.00953   0.02994  -0.01004  -0.00000
  20  2  C     z    -0.00000   0.00000   0.00000   0.00000   0.00000   0.17518
  21  3  H     s    -0.00346   0.00992  -0.02476  -0.00755   0.30699  -0.00000
  22  3  H     s    -0.00499   0.00287  -0.06214   0.00150   0.15882  -0.00000
  23  4  H     s     0.00992  -0.00346  -0.02476  -0.30699   0.00755   0.00000
  24  4  H     s     0.00287  -0.00499  -0.06214  -0.15882  -0.00150   0.00000

 LMO#                      7
 E(a.u.)              -0.411
 Bond Label           2-1(2)
 -------------------------------------------------------------------------------

   1  1  C     s     0.00000
   2  1  C     s     0.00000
   3  1  C     s     0.00000
   4  1  C     s     0.00000
   5  1  C     x    -0.24396
   6  1  C     y     0.42255
   7  1  C     z    -0.00000
   8  1  C     x    -0.08759
   9  1  C     y     0.15171
  10  1  C     z    -0.00000
  11  2  C     s     0.00000
  12  2  C     s     0.00000
  13  2  C     s    -0.00000
  14  2  C     s    -0.00000
  15  2  C     x    -0.24396
  16  2  C     y     0.42255
  17  2  C     z    -0.00000
  18  2  C     x    -0.08759
  19  2  C     y     0.15171
  20  2  C     z    -0.00000
  21  3  H     s    -0.00000
  22  3  H     s     0.00000
  23  4  H     s     0.00000
  24  4  H     s     0.00000


 Mulliken population of localized molecular orbitals
 ===============================================================================
 LMO#                      1         2         3         4         5         6
 E(a.u.)             -11.214   -11.214    -1.030    -0.773    -0.773    -0.411
 Bond Label            2:(0)     1:(0)    2-1(1)    4-2(1)    3-1(1)    2-1(3)
 -------------------------------------------------------------------------------

   1         C      -0.00293   2.00334   0.95874  -0.02536   1.27258   0.99957
   2         C       2.00334  -0.00293   0.95874   1.27258  -0.02536   0.99957
   3         H       0.00013  -0.00055  -0.01202   0.00014   0.75264   0.00000
   4         H      -0.00055   0.00013  -0.01202   0.75264   0.00014   0.00000

 LMO#                      7
 E(a.u.)              -0.411
 Bond Label           2-1(2)
 -------------------------------------------------------------------------------

   1         C       0.99957
   2         C       0.99957
   3         H       0.00000
   4         H       0.00000


 PARTITIONING OF LMOs INTO GROUPS ($LMOGRPMODIFY)
 ================================================
 LMO#     1  2  3  4  5  6  7
 Group#   1  1  1  1  1  2  2
 Split    0  0  0  0  0  1  1


 Initial guess of orbitals
 ===============================================================================
 ORBITAL#                  1         2         3         4         5         6
 Bond Label            2:(0)     1:(0)    2-1(1)    4-2(1)    3-1(1)    2-1(3)
 -------------------------------------------------------------------------------

   1  1  C     s    -0.00312  -0.60809  -0.05371  -0.00628  -0.06121   0.00000
   2  1  C     s    -0.00469  -0.44803  -0.09285  -0.01045  -0.09744   0.00000
   3  1  C     s     0.01451   0.02661   0.30799   0.02097   0.31912  -0.00000
   4  1  C     s     0.00547   0.01993   0.15213   0.02012   0.25779  -0.00000
   5  1  C     x    -0.01930  -0.00476  -0.31360  -0.02603   0.34327  -0.00000
   6  1  C     y    -0.01114  -0.00275  -0.18106  -0.01503   0.19819  -0.00000
   7  1  C     z    -0.00000   0.00000   0.00000   0.00000   0.00000   0.81223
   8  1  C     x     0.00139   0.00236   0.01696  -0.01739   0.05186   0.00000
   9  1  C     y     0.00080   0.00136   0.00979  -0.01004   0.02994   0.00000
  10  1  C     z    -0.00000   0.00000   0.00000   0.00000   0.00000   0.29162
  11  2  C     s    -0.60809  -0.00312  -0.05371   0.06121   0.00628  -0.00000
  12  2  C     s    -0.44803  -0.00469  -0.09285   0.09745   0.01045  -0.00000
  13  2  C     s     0.02661   0.01451   0.30799  -0.31912  -0.02097   0.00000
  14  2  C     s     0.01993   0.00547   0.15213  -0.25779  -0.02012   0.00000
  15  2  C     x     0.00476   0.01930   0.31360   0.34327  -0.02603  -0.00000
  16  2  C     y     0.00275   0.01114   0.18106   0.19819  -0.01503  -0.00000
  17  2  C     z    -0.00000   0.00000   0.00000   0.00000   0.00000   0.00000
  18  2  C     x    -0.00236  -0.00139  -0.01696   0.05186  -0.01739  -0.00000
  19  2  C     y    -0.00136  -0.00080  -0.00979   0.02994  -0.01004  -0.00000
  20  2  C     z    -0.00000   0.00000   0.00000   0.00000   0.00000   0.00000
  21  3  H     s    -0.00346   0.00992  -0.02544  -0.00755   0.30699   0.00000
  22  3  H     s    -0.00499   0.00287  -0.06386   0.00150   0.15882   0.00000
  23  4  H     s     0.00992  -0.00346  -0.02544  -0.30699   0.00755   0.00000
  24  4  H     s     0.00287  -0.00499  -0.06386  -0.15882  -0.00150   0.00000

 ORBITAL#                  7         8         9
 Bond Label           2-1(3)    2-1(2)    2-1(2)
 -------------------------------------------------------------------------------

   1  1  C     s     0.00000   0.00000   0.00000
   2  1  C     s     0.00000   0.00000   0.00000
   3  1  C     s    -0.00000   0.00000   0.00000
   4  1  C     s    -0.00000   0.00000   0.00000
   5  1  C     x    -0.00000  -0.40611  -0.00000
   6  1  C     y    -0.00000   0.70341  -0.00000
   7  1  C     z    -0.00000  -0.00000  -0.00000
   8  1  C     x    -0.00000  -0.14581   0.00000
   9  1  C     y    -0.00000   0.25255   0.00000
  10  1  C     z    -0.00000  -0.00000  -0.00000
  11  2  C     s    -0.00000  -0.00000   0.00000
  12  2  C     s    -0.00000  -0.00000   0.00000
  13  2  C     s     0.00000   0.00000  -0.00000
  14  2  C     s     0.00000   0.00000  -0.00000
  15  2  C     x    -0.00000  -0.00000  -0.40611
  16  2  C     y    -0.00000  -0.00000   0.70341
  17  2  C     z     0.81223   0.00000  -0.00000
  18  2  C     x    -0.00000  -0.00000  -0.14581
  19  2  C     y    -0.00000  -0.00000   0.25255
  20  2  C     z     0.29162   0.00000  -0.00000
  21  3  H     s    -0.00000  -0.00000  -0.00000
  22  3  H     s    -0.00000   0.00000  -0.00000
  23  4  H     s    -0.00000   0.00000  -0.00000
  24  4  H     s    -0.00000   0.00000  -0.00000


      GENERAL CONTROLS ($GENCTL)
 ======================================
 Number of electron groups       =    2
 Maximum macro-iterations        =   12
 Energy threshold           = 10**(- 6)
 Restart calculation(0/1/2)      =    0
 Group#                     1  2
 Num. of electrons         10  4
 Num. of spins              0  0
 Num. of orbitals           5  4
 Method#                    1  2

 SYMBOLIC VB STRUCTURE(S) OF GROUP  2
 STR. NO.       RUMER PATTERN  
    1           1  2   3  4


 OVERLAP MATRIX OF VB ORBITALS FOR GROUP   2

        1      2      3      4
 ===============================
   1 1.0000
   2 0.3850 1.0000
   3-0.0000-0.0000 1.0000
   4-0.0000-0.0000 0.3850 1.0000

 EIGENVALUES OF OVERLAP MATRIX OF VB ORBITALS
 ============================================
     0.6150D+00    0.6150D+00    0.1385D+01    0.1385D+01

 MAP FILE IS: ./MAP/MAP0400t                                                                  

 VB-ORBITAL OPTIMIZATION OF GROUP  2 ...
 GROUP =  2  ITER =  1 CMAX =  0.11132326893759
 GROUP =  2  ITER =  2 CMAX =  0.06243623584836
 GROUP =  2  ITER =  3 CMAX =  0.02939610353343
 GROUP =  2  ITER =  4 CMAX =  0.00730111962630
 GROUP =  2  ITER =  5 CMAX =  0.00051061002073

 ENERGY AND DIFF OF MACROITER    1 =    -76.8489832417    -76.8489832417

 VB-ORBITAL OPTIMIZATION OF GROUP  2 ...
 GROUP =  2  ITER =  1 CMAX =  0.00052391647133

 ENERGY AND DIFF OF MACROITER    2 =    -76.8497923421     -0.0008091003

 VB-ORBITAL OPTIMIZATION OF GROUP  2 ...
 GROUP =  2  ITER =  1 CMAX =  0.00028568901218

 ENERGY AND DIFF OF MACROITER    3 =    -76.8498050817     -0.0000127396

 VB-ORBITAL OPTIMIZATION OF GROUP  2 ...
 GROUP =  2  ITER =  1 CMAX =  0.00008886205096

 ENERGY AND DIFF OF MACROITER    4 =    -76.8498052490     -0.0000001673

 VB-ORBITAL OPTIMIZATION OF GROUP  2 ...
 GROUP =  2  ITER =  1 CMAX =  0.00002483468976

 OVERLAP MATRIX OF VB ORBITALS FOR GROUP   2

        1      2      3      4
 ===============================
   1 1.0000
   2 0.6854 1.0000
   3-0.0000-0.0000 1.0000
   4-0.0000-0.0000 0.6854 1.0000

 EIGENVALUES OF OVERLAP MATRIX OF VB ORBITALS
 ============================================
     0.3146D+00    0.3146D+00    0.1685D+01    0.1685D+01

 ENERGY AND DIFF OF MACROITER    5 =    -76.8498052530     -0.0000000039

 MULLIKEN CHARGES ON ATOMS
 -------------------------
  ATOM             CHARGE 

    1            -0.25320
    2            -0.25320
    3             0.25320
    4             0.25320

 -------------------------


 ORBITALS OF EACH ELECTRON GROUP IN AO BASIS: ORBITAL(GROUP)
 ===========================================================================
    Orbital#             1         2         3         4         5         6
      Group#             1         1         1         1         1         2
 ---------------------------------------------------------------------------
  AO# LABELS
   1  1  C     s  -0.00314   0.60800   0.05361  -0.00637  -0.06065   0.00000
   2  1  C     s  -0.00473   0.44803   0.09286  -0.01058  -0.09671   0.00000
   3  1  C     s   0.01464  -0.02620  -0.30745   0.02124   0.31468  -0.00000
   4  1  C     s   0.00545  -0.02042  -0.15360   0.02131   0.26056  -0.00000
   5  1  C     x  -0.01925   0.00484   0.31221  -0.02633   0.33946   0.00000
   6  1  C     y  -0.01111   0.00280   0.18025  -0.01520   0.19599   0.00000
   7  1  C     z  -0.00000   0.00000  -0.00000  -0.00000   0.00000   0.75320
   8  1  C     x   0.00143  -0.00235  -0.01573  -0.01866   0.05423  -0.00000
   9  1  C     y   0.00082  -0.00135  -0.00908  -0.01077   0.03131  -0.00000
  10  1  C     z  -0.00000   0.00000  -0.00000  -0.00000   0.00000   0.23962
  11  2  C     s  -0.60800   0.00314   0.05361   0.06065   0.00637   0.00000
  12  2  C     s  -0.44803   0.00473   0.09286   0.09671   0.01058   0.00000
  13  2  C     s   0.02620  -0.01464  -0.30745  -0.31468  -0.02124  -0.00000
  14  2  C     s   0.02042  -0.00545  -0.15360  -0.26056  -0.02131  -0.00000
  15  2  C     x   0.00484  -0.01925  -0.31221   0.33946  -0.02633  -0.00000
  16  2  C     y   0.00280  -0.01111  -0.18026   0.19599  -0.01520  -0.00000
  17  2  C     z  -0.00000   0.00000  -0.00000  -0.00000   0.00000   0.16095
  18  2  C     x  -0.00235   0.00143   0.01573   0.05423  -0.01866   0.00000
  19  2  C     y  -0.00135   0.00082   0.00908   0.03131  -0.01077   0.00000
  20  2  C     z  -0.00000   0.00000  -0.00000  -0.00000   0.00000   0.06297
  21  3  H     s  -0.00343  -0.00997   0.02569  -0.00784   0.30746  -0.00000
  22  3  H     s  -0.00512  -0.00289   0.06499   0.00131   0.16180  -0.00000
  23  4  H     s   0.00997   0.00343   0.02569  -0.30746   0.00784  -0.00000
  24  4  H     s   0.00289   0.00512   0.06499  -0.16180  -0.00131   0.00000

 ===========================================================================
    Orbital#             7         8         9
      Group#             2         2         2
 ---------------------------------------------------------------------------
  AO# LABELS
   1  1  C     s   0.00000  -0.00000  -0.00000
   2  1  C     s   0.00000  -0.00000  -0.00000
   3  1  C     s  -0.00000   0.00000   0.00000
   4  1  C     s  -0.00000   0.00000   0.00000
   5  1  C     x   0.00000  -0.37660  -0.08048
   6  1  C     y   0.00000   0.65229   0.13939
   7  1  C     z   0.16095  -0.00000  -0.00000
   8  1  C     x  -0.00000  -0.11981  -0.03149
   9  1  C     y  -0.00000   0.20752   0.05454
  10  1  C     z   0.06297  -0.00000  -0.00000
  11  2  C     s   0.00000   0.00000   0.00000
  12  2  C     s   0.00000   0.00000   0.00000
  13  2  C     s  -0.00000  -0.00000  -0.00000
  14  2  C     s  -0.00000  -0.00000  -0.00000
  15  2  C     x  -0.00000  -0.08048  -0.37660
  16  2  C     y  -0.00000   0.13939   0.65229
  17  2  C     z   0.75320  -0.00000  -0.00000
  18  2  C     x   0.00000  -0.03149  -0.11981
  19  2  C     y   0.00000   0.05454   0.20752
  20  2  C     z   0.23962  -0.00000  -0.00000
  21  3  H     s  -0.00000  -0.00000   0.00000
  22  3  H     s   0.00000  -0.00000   0.00000
  23  4  H     s  -0.00000  -0.00000   0.00000
  24  4  H     s  -0.00000  -0.00000   0.00000


 WORDS OF DYNAMIC MEMORY USED IN VB2000 CODE ONLY:       61584

 STATISTICS OF CPU TIMES (SECONDS)
 CPU TIME FOR INITIALIZATION        0.010
 CPU TIME FOR MACROITERATION        0.127
 TOTAL CPU TIME                     0.136

