
 **************************************************************
 *                                                            *
 *                        V B 2 0 0 0                         *
 *                                                            *
 * An ab initio Valence-Bond Program Based on the Generalized *
 *    Product Function Method and the Algebrant Algorithm     *
 *                                                            *
 *                  Version 2.8 November 2017                 *
 *                     Stand-alone Version                    *
 *                      Compiler GFORTRAN                     *
 *                                                            *
 *     Memory = 12500000 for MAP file up to 16 electrons      *
 *                                                            *
 *         Jiabo Li*, Brian Duke** and Roy McWeeny***         *
 *                                                            *
 *        * SciNet Technologies, 9943 Fieldthorn St.,         *
 *                   San Diego, CA 92127, USA                 *
 *                                                            *
 *  ** Monash University Institute of Pharmaceutical Sciences,*
 *          Monash University, 381 Royal Pde, Parkville,      *
 *                    Victoria, 3052, Australia               *
 *                                                            *
 *      *** Department of Chemistry, University of Pisa,      *
 *                       56100 Pisa, Italy                    *
 *                                                            *
 *  Reference for the software:                               *
 *     Jiabo Li, Brian Duke, and Roy McWeeny, VB2000 Version  *
 *     2.8, SciNet Technologies, San Diego, CA, 2013          *
 *     URL: http://www.scinetec.com or http://www.vb2000.net  *
 *                                                            *
 *  References for the theory:                                *
 *     General:                                               *
 *     Jiabo Li, and Roy McWeeny, "VB2000: Pushing Valence    *
 *     Bond Theory to New Limits", Int. J. Quantum Chem.,     *
 *     89(2002)208-216.                                       *
 *                                                            *
 *     Spin densities:-                                       *
 *     Jiabo Li, Brian J. Duke, Thomas M. Klapoetke, and Roy  *
 *     McWeeny, Spin-Density of Spin-Free Valence Bond Wave   *
 *     Functions and Its Implementation in VB2000. J. Theor.  *
 *     Comp. Chem. 7(2008)853-867.                            *
 *                                                            *
 *     Spin coupled - n electrons in m orbitals:-             *
 *     Peter B. Karadakov, David L. Cooper, Brian J. Duke,    *
 *     and Jiabo Li, Spin-Coupled Theory for N Electrons in   *
 *     M Orbitals Active Spaces,  J. Phys. Chem. A, 116,      *
 *     7238 - 7244, 2012                                      *
 *                                                            *
 *     Copyright (C) 2018 GNU General Public License          *
 **************************************************************

 JOB NAME IS c2h2vb3s                                                        

 VB2000 DIRECTORY IS: .                                                                               
 MAXIMUM DYNAMIC MEMORY IS:        6500000

 Input of molecule
 =================
 #! GPF(2)/D95 UNITS=BOHR                                                        
                                                                                 
 Title: TEST2                                                                           

 Charge =  0 Multiplicity =  1

 BASIS SET FILE IS: ./BASET/D95                                                                     

 Cartesian coordinates of atoms in Angstrom
 ----------------------------------------------------
                    X             Y             Z   

  C     6.0      0.000000      0.000000      0.610009
  C     6.0      0.000000      0.000000     -0.610009
  H     1.0      0.000000      0.000000      1.690007
  H     1.0      0.000000      0.000000     -1.690007
 ----------------------------------------------------

 Total number of two-electron integrals =        16096
 Time for integral evaluation                    0.036

 SKIPPED INTEGRALS =                             27566
 Number of iter =     11, DMAX =        0.000009881018
 Final Hartree-Fock Energy =          -76.797430415902

 Molecular orbitals by HF method
 ===============================================================================
 MO#                       1         2         3         4         5         6
 E(a.u.)             -11.268   -11.265    -1.036    -0.760    -0.676    -0.411
 -------------------------------------------------------------------------------

   1  1  C     s    -0.42476   0.42509   0.10360   0.06762   0.00532   0.00000
   2  1  C     s    -0.30916   0.30959   0.13869   0.09083   0.00845   0.00000
   3  1  C     s    -0.00341   0.00267  -0.37172  -0.24062  -0.04429  -0.00000
   4  1  C     s    -0.00015  -0.00105  -0.21341  -0.19677  -0.07852  -0.00000
   5  1  C     x    -0.00000  -0.00000  -0.00000  -0.00000  -0.00000  -0.42584
   6  1  C     y    -0.00000  -0.00000  -0.00000  -0.00000  -0.00000   0.23839
   7  1  C     z     0.00083   0.00022   0.18236  -0.25930  -0.43494  -0.00000
   8  1  C     x     0.00000   0.00000  -0.00000   0.00000   0.00000  -0.15290
   9  1  C     y     0.00000   0.00000  -0.00000  -0.00000  -0.00000   0.08559
  10  1  C     z    -0.00040   0.00052  -0.04363  -0.02815  -0.04106   0.00000
  11  2  C     s    -0.42476  -0.42509   0.10360  -0.06762   0.00532  -0.00000
  12  2  C     s    -0.30916  -0.30959   0.13869  -0.09083   0.00845  -0.00000
  13  2  C     s    -0.00341  -0.00267  -0.37172   0.24062  -0.04429  -0.00000
  14  2  C     s    -0.00015   0.00105  -0.21341   0.19677  -0.07852   0.00000
  15  2  C     x    -0.00000  -0.00000  -0.00000  -0.00000  -0.00000  -0.42584
  16  2  C     y     0.00000   0.00000   0.00000  -0.00000  -0.00000   0.23839
  17  2  C     z    -0.00083   0.00022  -0.18236  -0.25930   0.43494   0.00000
  18  2  C     x    -0.00000  -0.00000   0.00000  -0.00000  -0.00000  -0.15290
  19  2  C     y     0.00000   0.00000   0.00000   0.00000   0.00000   0.08559
  20  2  C     z     0.00040   0.00052   0.04363  -0.02815   0.04106   0.00000
  21  3  H     s    -0.00048   0.00043  -0.08052  -0.21195  -0.20893  -0.00000
  22  3  H     s     0.00023  -0.00026   0.00521  -0.11350  -0.12817  -0.00000
  23  4  H     s    -0.00048  -0.00043  -0.08052   0.21195  -0.20893  -0.00000
  24  4  H     s     0.00023   0.00026   0.00521   0.11350  -0.12817   0.00000

 MO#                       7         8         9        10        11        12
 E(a.u.)              -0.411     0.171     0.171     0.234     0.340     0.353
 -------------------------------------------------------------------------------

   1  1  C     s    -0.00000   0.00000   0.00000   0.05226   0.01148  -0.03345
   2  1  C     s    -0.00000  -0.00000   0.00000   0.06752   0.01318  -0.05136
   3  1  C     s     0.00000  -0.00000  -0.00000  -0.02790   0.06970   0.23214
   4  1  C     s    -0.00000   0.00000  -0.00000  -3.35358  -0.64583  -1.01112
   5  1  C     x    -0.23839  -0.38240   0.01409  -0.00000  -0.00000  -0.00000
   6  1  C     y    -0.42584   0.01409   0.38240  -0.00000  -0.00000  -0.00000
   7  1  C     z     0.00000   0.00000  -0.00000  -0.10513  -0.51689  -0.05147
   8  1  C     x    -0.08559  -0.95521   0.03521  -0.00000  -0.00000   0.00000
   9  1  C     y    -0.15290   0.03521   0.95521  -0.00000   0.00000   0.00000
  10  1  C     z     0.00000  -0.00000   0.00000   1.99402   0.21155   2.41775
  11  2  C     s     0.00000   0.00000  -0.00000  -0.05226   0.01148   0.03345
  12  2  C     s     0.00000   0.00000   0.00000  -0.06752   0.01318   0.05136
  13  2  C     s    -0.00000  -0.00000  -0.00000   0.02790   0.06970  -0.23214
  14  2  C     s     0.00000  -0.00000   0.00000   3.35358  -0.64583   1.01112
  15  2  C     x    -0.23839   0.38240  -0.01409   0.00000   0.00000   0.00000
  16  2  C     y    -0.42584  -0.01409  -0.38240   0.00000  -0.00000   0.00000
  17  2  C     z    -0.00000   0.00000  -0.00000  -0.10513   0.51689  -0.05147
  18  2  C     x    -0.08559   0.95521  -0.03521   0.00000   0.00000   0.00000
  19  2  C     y    -0.15290  -0.03521  -0.95521   0.00000   0.00000  -0.00000
  20  2  C     z     0.00000  -0.00000   0.00000   1.99402  -0.21155   2.41775
  21  3  H     s     0.00000  -0.00000   0.00000   0.06166   0.06186  -0.14758
  22  3  H     s    -0.00000   0.00000  -0.00000  -0.15195   0.84673  -2.09828
  23  4  H     s    -0.00000  -0.00000   0.00000  -0.06166   0.06186   0.14758
  24  4  H     s     0.00000  -0.00000   0.00000   0.15195   0.84673   2.09828


 VBO LIB IS: ./VBOLIB/VBOLIBD95                                                              

 PARTITIONING OF LMOs INTO GROUPS ($LMOGRPMODIFY)
 ================================================
 LMO#     1  2  3  4  5  6  7
 Group#   1  1  2  2  2  2  2
 Split    0  0  1  1  1  1  1



      GENERAL CONTROLS ($GENCTL)
 ======================================
 Number of electron groups       =    2
 Maximum macro-iterations        =   12
 Energy threshold           = 10**(- 6)
 Restart calculation(0/1/2)      =    0
 Group#                     1  2
 Num. of electrons          4 10
 Num. of spins              0  0
 Num. of orbitals           2 10
 Method#                    1  2

 SYMBOLIC VB STRUCTURE(S) OF GROUP  2
 STR. NO.       RUMER PATTERN  
    1           1  2   3  4   5  6   7  8   9 10
    2           3  3   1  4   5  6   7  8   9 10
    3           3  3   4  4   5  6   7  8   9 10

 $VBSCF VALUES ARE EPS = 0.00010000 AND MAXIT = 35

 OVERLAP MATRIX OF VB ORBITALS FOR GROUP   2

        1      2      3      4      5      6      7      8      9     10
 =========================================================================
   1 1.0000
   2 0.7898 1.0000
   3-0.0968-0.1680 1.0000
   4-0.0771-0.0668 0.6734 1.0000
   5 0.1680 0.0968 0.0314 0.0053 1.0000
   6 0.0668 0.0771 0.0053-0.0042 0.6734 1.0000
   7 0.0000-0.0000 0.0000 0.0000-0.0000-0.0000 1.0000
   8-0.0000 0.0000 0.0000 0.0000-0.0000-0.0000 0.3850 1.0000
   9 0.0000-0.0000 0.0000 0.0000-0.0000-0.0000-0.0000 0.0000 1.0000
  10-0.0000 0.0000 0.0000 0.0000-0.0000-0.0000 0.0000-0.0000 0.3850 1.0000

 MAP FILE IS: ./MAP/MAP1000t                                                                  

 ENERGY AND DIFF OF MACROITER    1 =    -76.8812743509    -76.8812743509

 ENERGY AND DIFF OF MACROITER    2 =    -76.8875571582     -0.0062828073

 ENERGY AND DIFF OF MACROITER    3 =    -76.8876949899     -0.0001378318

 ENERGY AND DIFF OF MACROITER    4 =    -76.8876969681     -0.0000019782

 ENERGY AND DIFF OF MACROITER    5 =    -76.8876970221     -0.0000000540

 OVERLAP MATRIX OF VB ORBITALS FOR GROUP   2

        1      2      3      4      5      6      7      8      9     10
 =========================================================================
   1 1.0000
   2 0.8345 1.0000
   3-0.1559-0.4337 1.0000
   4 0.2205-0.0512 0.7632 1.0000
   5 0.5024 0.2338-0.0876 0.0297 1.0000
   6 0.1582-0.0836 0.0190-0.0034 0.7851 1.0000
   7-0.0000-0.0000 0.0000-0.0000-0.0000-0.0000 1.0000
   8-0.0000-0.0000 0.0000-0.0000-0.0000-0.0000 0.6858 1.0000
   9 0.0001 0.0001-0.0000 0.0000 0.0001 0.0000-0.0000-0.0000 1.0000
  10 0.0001 0.0001-0.0001 0.0000 0.0000 0.0000-0.0000-0.0000 0.6858 1.0000

 ====Normalized structure coefficients====
 -0.9574 -0.0693  0.0152

 ====Mulliken Weight (Chirgwin-Coulson)====
  0.9565  0.0488 -0.0054

 ====Inverse Overlap Weight (Gallup-Norbeck)====
  0.9995  0.0005  0.0000

 ====Lowdin Weight====
  0.9481  0.0477  0.0042

 ====Hiberty Weight====
  0.9945  0.0052  0.0003


 ENERGY AND DIFF OF MACROITER    6 =    -76.8876970241     -0.0000000020

 MULLIKEN CHARGES ON ATOMS
 -------------------------
  ATOM             CHARGE 

    1            -0.22475
    2            -0.22463
    3             0.22484
    4             0.22454

 -------------------------


 ORBITALS OF EACH ELECTRON GROUP IN AO BASIS: ORBITAL(GROUP)
 ===========================================================================
    Orbital#             1         2         3         4         5         6
      Group#             1         1         2         2         2         2
 ---------------------------------------------------------------------------
  AO# LABELS
   1  1  C     s  -0.60045   0.00063   0.13395   0.05960  -0.01476   0.01455
   2  1  C     s  -0.43702   0.00081   0.17751   0.07742  -0.01949   0.01925
   3  1  C     s  -0.00594  -0.00178  -0.57688  -0.06972   0.06832  -0.04151
   4  1  C     s   0.00021  -0.00169  -0.25641  -0.08095   0.09401  -0.10728
   5  1  C     x   0.00000   0.00000   0.00001  -0.00001  -0.00000  -0.00000
   6  1  C     y   0.00000   0.00000   0.00003  -0.00003  -0.00000  -0.00000
   7  1  C     z   0.00197   0.00159   0.44056   0.14021  -0.07322   0.05423
   8  1  C     x   0.00000   0.00000  -0.00000   0.00000   0.00000  -0.00000
   9  1  C     y   0.00000   0.00000  -0.00001   0.00001   0.00000  -0.00000
  10  1  C     z  -0.00080   0.00004  -0.01632  -0.05103  -0.02980   0.06122
  11  2  C     s   0.00069  -0.60053   0.04784   0.12307  -0.13162  -0.04077
  12  2  C     s   0.00091  -0.43712   0.06210   0.16261  -0.17833  -0.05352
  13  2  C     s  -0.00208  -0.00568  -0.04140  -0.52748   0.57650   0.05585
  14  2  C     s  -0.00185   0.00035  -0.06736  -0.23990   0.24925   0.22707
  15  2  C     x   0.00000   0.00000  -0.00001   0.00001  -0.00000   0.00000
  16  2  C     y   0.00000   0.00000  -0.00002   0.00003  -0.00000   0.00000
  17  2  C     z  -0.00178  -0.00174  -0.17829  -0.54781  -0.45874  -0.19216
  18  2  C     x   0.00000   0.00000   0.00000  -0.00000  -0.00000   0.00000
  19  2  C     y   0.00000   0.00000   0.00001  -0.00001  -0.00000   0.00000
  20  2  C     z  -0.00001   0.00078   0.03236   0.00677  -0.09551  -0.00501
  21  3  H     s  -0.00054  -0.00020  -0.05248   0.02444  -0.00050   0.00969
  22  3  H     s   0.00059   0.00002   0.00584   0.08495   0.00731  -0.01487
  23  4  H     s  -0.00024  -0.00052   0.06581  -0.07321   0.06204   0.53887
  24  4  H     s   0.00004   0.00056   0.09918  -0.00528   0.00873   0.30976

 ===========================================================================
    Orbital#             7         8         9        10        11        12
      Group#             2         2         2         2         2         2
 ---------------------------------------------------------------------------
  AO# LABELS
   1  1  C     s   0.13037   0.04398  -0.00000  -0.00000   0.00001   0.00001
   2  1  C     s   0.17672   0.05763  -0.00000  -0.00000   0.00002   0.00002
   3  1  C     s  -0.57479  -0.06634   0.00001   0.00001  -0.00005  -0.00004
   4  1  C     s  -0.24612  -0.23407   0.00000   0.00000  -0.00003  -0.00002
   5  1  C     x   0.00000  -0.00000  -0.65702  -0.14046  -0.36780  -0.07863
   6  1  C     y   0.00000  -0.00000   0.36780   0.07863  -0.65702  -0.14046
   7  1  C     z  -0.47280  -0.18075  -0.00001  -0.00001   0.00004   0.00004
   8  1  C     x   0.00000  -0.00000  -0.20913  -0.05530  -0.11707  -0.03096
   9  1  C     y   0.00000  -0.00000   0.11707   0.03096  -0.20913  -0.05530
  10  1  C     z  -0.09736  -0.00381   0.00000   0.00000  -0.00000  -0.00000
  11  2  C     s   0.01130  -0.01175  -0.00000  -0.00000   0.00001   0.00001
  12  2  C     s   0.01515  -0.01562  -0.00000  -0.00000   0.00002   0.00002
  13  2  C     s  -0.05748   0.03344   0.00001   0.00001  -0.00004  -0.00005
  14  2  C     s  -0.08873   0.10224   0.00000   0.00000  -0.00002  -0.00003
  15  2  C     x   0.00000  -0.00000  -0.14043  -0.65699  -0.07862  -0.36779
  16  2  C     y   0.00000  -0.00000   0.07862   0.36779  -0.14043  -0.65699
  17  2  C     z  -0.06268   0.04587   0.00001   0.00001  -0.00004  -0.00004
  18  2  C     x   0.00000   0.00000  -0.05525  -0.20911  -0.03093  -0.11706
  19  2  C     y   0.00000   0.00000   0.03093   0.11706  -0.05525  -0.20911
  20  2  C     z  -0.02985   0.06126  -0.00000  -0.00000   0.00000   0.00000
  21  3  H     s  -0.06303  -0.53971   0.00000   0.00000  -0.00000  -0.00000
  22  3  H     s  -0.01048  -0.30870  -0.00000  -0.00000   0.00001   0.00001
  23  4  H     s   0.00006  -0.00910   0.00000   0.00000  -0.00000  -0.00000
  24  4  H     s  -0.00906   0.01680  -0.00000  -0.00000   0.00001   0.00001


 WORDS OF DYNAMIC MEMORY USED IN VB2000 CODE ONLY:       74706

 STATISTICS OF CPU TIMES (SECONDS)
 CPU TIME FOR INITIALIZATION        0.008
 CPU TIME FOR MACROITERATION        5.298
 TOTAL CPU TIME                     5.306

