
 **************************************************************
 *                                                            *
 *                        V B 2 0 0 0                         *
 *                                                            *
 * An ab initio Valence-Bond Program Based on the Generalized *
 *    Product Function Method and the Algebrant Algorithm     *
 *                                                            *
 *                  Version 2.8 November 2017                 *
 *                     Stand-alone Version                    *
 *                      Compiler GFORTRAN                     *
 *                                                            *
 *     Memory = 12500000 for MAP file up to 16 electrons      *
 *                                                            *
 *         Jiabo Li*, Brian Duke** and Roy McWeeny***         *
 *                                                            *
 *        * SciNet Technologies, 9943 Fieldthorn St.,         *
 *                   San Diego, CA 92127, USA                 *
 *                                                            *
 *  ** Monash University Institute of Pharmaceutical Sciences,*
 *          Monash University, 381 Royal Pde, Parkville,      *
 *                    Victoria, 3052, Australia               *
 *                                                            *
 *      *** Department of Chemistry, University of Pisa,      *
 *                       56100 Pisa, Italy                    *
 *                                                            *
 *  Reference for the software:                               *
 *     Jiabo Li, Brian Duke, and Roy McWeeny, VB2000 Version  *
 *     2.8, SciNet Technologies, San Diego, CA, 2013          *
 *     URL: http://www.scinetec.com or http://www.vb2000.net  *
 *                                                            *
 *  References for the theory:                                *
 *     General:                                               *
 *     Jiabo Li, and Roy McWeeny, "VB2000: Pushing Valence    *
 *     Bond Theory to New Limits", Int. J. Quantum Chem.,     *
 *     89(2002)208-216.                                       *
 *                                                            *
 *     Spin densities:-                                       *
 *     Jiabo Li, Brian J. Duke, Thomas M. Klapoetke, and Roy  *
 *     McWeeny, Spin-Density of Spin-Free Valence Bond Wave   *
 *     Functions and Its Implementation in VB2000. J. Theor.  *
 *     Comp. Chem. 7(2008)853-867.                            *
 *                                                            *
 *     Spin coupled - n electrons in m orbitals:-             *
 *     Peter B. Karadakov, David L. Cooper, Brian J. Duke,    *
 *     and Jiabo Li, Spin-Coupled Theory for N Electrons in   *
 *     M Orbitals Active Spaces,  J. Phys. Chem. A, 116,      *
 *     7238 - 7244, 2012                                      *
 *                                                            *
 *     Copyright (C) 2018 GNU General Public License          *
 **************************************************************

 JOB NAME IS c2h2ba10                                                        

 VB2000 DIRECTORY IS: .                                                                               
 MAXIMUM DYNAMIC MEMORY IS:        6500000

 Input of molecule
 =================
 #! VB(10)/D95 PRINTALL                                                          
                                                                                 
 Title: TEST C2H2 TRIPLE BOND (3 BANANA BONDS)                                          
        THIS PROVIDES AN EXAMPLE FOR HOW TO SPECIFY A VBO                               
        USING MULTIPL COMPONENTS                                                        

 Charge =  0 Multiplicity =  1

 BASIS SET FILE IS: ./BASET/D95                                                                     

 Cartesian coordinates of atoms in Angstrom
 ----------------------------------------------------
                    X             Y             Z   

  C     6.0      0.528275      0.305000      0.000000
  C     6.0     -0.528275     -0.305000      0.000000
  H     1.0      1.463583      0.845000      0.000000
  H     1.0     -1.463583     -0.845000      0.000000
 ----------------------------------------------------

 Total number of two-electron integrals =        26360
 Time for integral evaluation                    0.036

 SKIPPED INTEGRALS =                             17302
 Number of iter =     11, DMAX =        0.000009881121
 Final Hartree-Fock Energy =          -76.797431677304

 Molecular orbitals by HF method
 ===============================================================================
 MO#                       1         2         3         4         5         6
 E(a.u.)             -11.268   -11.265    -1.036    -0.760    -0.676    -0.411
 -------------------------------------------------------------------------------

   1  1  C     s    -0.42476   0.42509  -0.10360  -0.06762  -0.00533  -0.00000
   2  1  C     s    -0.30916   0.30959  -0.13869  -0.09083  -0.00845  -0.00000
   3  1  C     s    -0.00341   0.00267   0.37172   0.24062   0.04429   0.00000
   4  1  C     s    -0.00015  -0.00105   0.21341   0.19677   0.07852   0.00000
   5  1  C     x     0.00072   0.00019  -0.15794   0.22456   0.37667  -0.00262
   6  1  C     y     0.00041   0.00011  -0.09119   0.12965   0.21747   0.00454
   7  1  C     z    -0.00000  -0.00000  -0.00000  -0.00000  -0.00000   0.48800
   8  1  C     x    -0.00035   0.00045   0.03779   0.02437   0.03556  -0.00094
   9  1  C     y    -0.00020   0.00026   0.02182   0.01407   0.02053   0.00163
  10  1  C     z     0.00000   0.00000   0.00000   0.00000   0.00000   0.17521
  11  2  C     s    -0.42476  -0.42509  -0.10360   0.06762  -0.00533   0.00000
  12  2  C     s    -0.30916  -0.30959  -0.13869   0.09083  -0.00845   0.00000
  13  2  C     s    -0.00341  -0.00267   0.37172  -0.24062   0.04429  -0.00000
  14  2  C     s    -0.00015   0.00105   0.21341  -0.19677   0.07852  -0.00000
  15  2  C     x    -0.00072   0.00019   0.15794   0.22456  -0.37667  -0.00262
  16  2  C     y    -0.00041   0.00011   0.09119   0.12965  -0.21747   0.00454
  17  2  C     z    -0.00000  -0.00000  -0.00000  -0.00000  -0.00000   0.48800
  18  2  C     x     0.00035   0.00045  -0.03779   0.02437  -0.03556  -0.00094
  19  2  C     y     0.00020   0.00026  -0.02182   0.01407  -0.02053   0.00163
  20  2  C     z    -0.00000  -0.00000  -0.00000  -0.00000  -0.00000   0.17521
  21  3  H     s    -0.00048   0.00043   0.08052   0.21195   0.20893  -0.00000
  22  3  H     s     0.00023  -0.00026  -0.00521   0.11350   0.12817   0.00000
  23  4  H     s    -0.00048  -0.00043   0.08052  -0.21195   0.20893   0.00000
  24  4  H     s     0.00023   0.00026  -0.00521  -0.11350   0.12817  -0.00000

 MO#                       7         8         9        10        11        12
 E(a.u.)              -0.411     0.171     0.171     0.234     0.340     0.353
 -------------------------------------------------------------------------------

   1  1  C     s    -0.00000   0.00000  -0.00000   0.05226   0.01148   0.03345
   2  1  C     s    -0.00000   0.00000  -0.00000   0.06752   0.01318   0.05136
   3  1  C     s     0.00000   0.00000  -0.00000  -0.02789   0.06970  -0.23214
   4  1  C     s     0.00000  -0.00000   0.00000  -3.35367  -0.64581   1.01114
   5  1  C     x    -0.24400   0.19133  -0.00049  -0.09105  -0.44764   0.04456
   6  1  C     y     0.42262  -0.33139   0.00085  -0.05257  -0.25844   0.02573
   7  1  C     z    -0.00524   0.00099   0.38265   0.00000  -0.00000  -0.00000
   8  1  C     x    -0.08761   0.47794  -0.00123   1.72688   0.18323  -2.09382
   9  1  C     y     0.15174  -0.82782   0.00213   0.99702   0.10579  -1.20887
  10  1  C     z    -0.00188   0.00246   0.95588   0.00000   0.00000   0.00000
  11  2  C     s     0.00000   0.00000  -0.00000  -0.05226   0.01148  -0.03345
  12  2  C     s     0.00000   0.00000  -0.00000  -0.06752   0.01318  -0.05136
  13  2  C     s    -0.00000   0.00000  -0.00000   0.02789   0.06970   0.23214
  14  2  C     s    -0.00000  -0.00000   0.00000   3.35367  -0.64581  -1.01114
  15  2  C     x    -0.24400  -0.19133   0.00049  -0.09105   0.44764   0.04456
  16  2  C     y     0.42262   0.33139  -0.00085  -0.05257   0.25844   0.02573
  17  2  C     z    -0.00524  -0.00099  -0.38265  -0.00000   0.00000  -0.00000
  18  2  C     x    -0.08761  -0.47794   0.00123   1.72688  -0.18323  -2.09382
  19  2  C     y     0.15174   0.82782  -0.00213   0.99702  -0.10579  -1.20887
  20  2  C     z    -0.00188  -0.00246  -0.95588   0.00000  -0.00000   0.00000
  21  3  H     s    -0.00000   0.00000  -0.00000   0.06166   0.06187   0.14758
  22  3  H     s     0.00000   0.00000  -0.00000  -0.15195   0.84671   2.09828
  23  4  H     s     0.00000   0.00000  -0.00000  -0.06166   0.06187  -0.14758
  24  4  H     s    -0.00000   0.00000  -0.00000   0.15195   0.84671  -2.09828


                    PARAMETER LIMIT VALUES
 Max. no. of atoms                    MAXCEN =    200
 Max. no. of basis functions          MAXBFN =   1350
 Max. no. of shells                   MAXSHL =    500
 Max. no. of total primitives         MAXEXP =   4400
 Max. no. of primitives per orbital   MAXPRM =     15
 Max. no. of atoms * no. of orbitals  MAXNAB = 135000
 Increase max basis set size by       NEXTRA =     20
 Max. size for Rumer data             MAXST1 = 120000
 Max. no. of orbitals in group        MAXNOB =    200
 Max. no. of CUBE orbitals            MAXCUB =    100
 Max. no. of groups                   MAXGRP =     49
 BRILLMASK array sizes                MAXBLL =  12500

 VBO LIB IS: ./VBOLIB/VBOLIBD95                                                              

 Localized molecular orbitals and the bond labels
 ===============================================================================
 LMO#                      1         2         3         4         5         6
 E(a.u.)             -11.214   -11.214    -1.030    -0.773    -0.773    -0.411
 Bond Label            2:(0)     1:(0)    2-1(1)    4-2(1)    3-1(1)    2-1(2)
 -------------------------------------------------------------------------------

   1  1  C     s    -0.00312  -0.60809  -0.05371  -0.00628  -0.06121   0.00000
   2  1  C     s    -0.00469  -0.44803  -0.09285  -0.01045  -0.09744   0.00000
   3  1  C     s     0.01451   0.02661   0.30799   0.02097   0.31912  -0.00000
   4  1  C     s     0.00547   0.01993   0.15213   0.02012   0.25779  -0.00000
   5  1  C     x    -0.01930  -0.00476  -0.31360  -0.02603   0.34327  -0.00262
   6  1  C     y    -0.01114  -0.00275  -0.18105  -0.01503   0.19819   0.00454
   7  1  C     z    -0.00000   0.00000   0.00000   0.00000   0.00000   0.48800
   8  1  C     x     0.00139   0.00236   0.01696  -0.01739   0.05186  -0.00094
   9  1  C     y     0.00080   0.00136   0.00979  -0.01004   0.02994   0.00163
  10  1  C     z    -0.00000   0.00000   0.00000   0.00000   0.00000   0.17521
  11  2  C     s    -0.60809  -0.00312  -0.05371   0.06121   0.00628   0.00000
  12  2  C     s    -0.44803  -0.00469  -0.09285   0.09745   0.01045   0.00000
  13  2  C     s     0.02661   0.01451   0.30799  -0.31912  -0.02097  -0.00000
  14  2  C     s     0.01993   0.00547   0.15213  -0.25779  -0.02012  -0.00000
  15  2  C     x     0.00476   0.01930   0.31360   0.34327  -0.02603  -0.00262
  16  2  C     y     0.00275   0.01114   0.18106   0.19819  -0.01503   0.00454
  17  2  C     z    -0.00000   0.00000   0.00000   0.00000   0.00000   0.48800
  18  2  C     x    -0.00236  -0.00139  -0.01696   0.05186  -0.01739  -0.00094
  19  2  C     y    -0.00136  -0.00080  -0.00979   0.02994  -0.01004   0.00163
  20  2  C     z    -0.00000   0.00000   0.00000   0.00000   0.00000   0.17521
  21  3  H     s    -0.00346   0.00992  -0.02544  -0.00755   0.30699   0.00000
  22  3  H     s    -0.00499   0.00287  -0.06386   0.00150   0.15882   0.00000
  23  4  H     s     0.00992  -0.00346  -0.02544  -0.30699   0.00755   0.00000
  24  4  H     s     0.00287  -0.00499  -0.06386  -0.15882  -0.00150   0.00000

 LMO#                      7
 E(a.u.)              -0.411
 Bond Label           2-1(3)
 -------------------------------------------------------------------------------

   1  1  C     s     0.00000
   2  1  C     s     0.00000
   3  1  C     s    -0.00000
   4  1  C     s    -0.00000
   5  1  C     x    -0.24400
   6  1  C     y     0.42262
   7  1  C     z    -0.00524
   8  1  C     x    -0.08761
   9  1  C     y     0.15174
  10  1  C     z    -0.00188
  11  2  C     s     0.00000
  12  2  C     s     0.00000
  13  2  C     s    -0.00000
  14  2  C     s    -0.00000
  15  2  C     x    -0.24400
  16  2  C     y     0.42262
  17  2  C     z    -0.00524
  18  2  C     x    -0.08761
  19  2  C     y     0.15174
  20  2  C     z    -0.00188
  21  3  H     s     0.00000
  22  3  H     s     0.00000
  23  4  H     s     0.00000
  24  4  H     s     0.00000


 Mulliken population of localized molecular orbitals
 ===============================================================================
 LMO#                      1         2         3         4         5         6
 E(a.u.)             -11.214   -11.214    -1.030    -0.773    -0.773    -0.411
 Bond Label            2:(0)     1:(0)    2-1(1)    4-2(1)    3-1(1)    2-1(2)
 -------------------------------------------------------------------------------

   1         C      -0.00293   2.00334   1.01270  -0.02536   1.27258   1.00000
   2         C       2.00334  -0.00293   1.01270   1.27258  -0.02536   1.00000
   3         H       0.00013  -0.00055  -0.01270   0.00014   0.75264  -0.00000
   4         H      -0.00055   0.00013  -0.01270   0.75264   0.00014  -0.00000

 LMO#                      7
 E(a.u.)              -0.411
 Bond Label           2-1(3)
 -------------------------------------------------------------------------------

   1         C       1.00000
   2         C       1.00000
   3         H      -0.00000
   4         H       0.00000


 PARTITIONING OF LMOs INTO GROUPS ($LMOGRPMODIFY)
 ================================================
 LMO#     1  2  3  4  5  6  7
 Group#   1  1  2  2  2  2  2
 Split    0  0  1  1  1  1  1


 Initial guess of orbitals
 ===============================================================================
 ORBITAL#                  1         2         3         4         5         6
 Bond Label            2:(0)     1:(0)   1->3(1)   3->1(1)   2->4(1)   4->2(1)
 -------------------------------------------------------------------------------

   1  1  C     s    -0.00312  -0.60809  -0.10826  -0.02172   0.00356  -0.00560
   2  1  C     s    -0.00469  -0.44803  -0.17189  -0.01602   0.00281  -0.00421
   3  1  C     s     0.01451   0.02661   0.67511   0.00108  -0.00130   0.00076
   4  1  C     s     0.00547   0.01993   0.29441   0.00076  -0.00054   0.00038
   5  1  C     x    -0.01930  -0.00476   0.44620  -0.00034   0.00156  -0.00073
   6  1  C     y    -0.01114  -0.00275   0.25761  -0.00020   0.00090  -0.00042
   7  1  C     z    -0.00000   0.00000  -0.00000   0.00000  -0.00000   0.00000
   8  1  C     x     0.00139   0.00236  -0.02042   0.00010  -0.00012   0.00007
   9  1  C     y     0.00080   0.00136  -0.01179   0.00006  -0.00007   0.00004
  10  1  C     z    -0.00000   0.00000  -0.00000   0.00000  -0.00000   0.00000
  11  2  C     s    -0.60809  -0.00312   0.00356  -0.00560  -0.10826  -0.02172
  12  2  C     s    -0.44803  -0.00469   0.00281  -0.00421  -0.17189  -0.01602
  13  2  C     s     0.02661   0.01451  -0.00130   0.00076   0.67511   0.00108
  14  2  C     s     0.01993   0.00547  -0.00054   0.00038   0.29441   0.00076
  15  2  C     x     0.00476   0.01930  -0.00156   0.00073  -0.44620   0.00034
  16  2  C     y     0.00275   0.01114  -0.00090   0.00042  -0.25761   0.00020
  17  2  C     z    -0.00000   0.00000  -0.00000   0.00000  -0.00000   0.00000
  18  2  C     x    -0.00236  -0.00139   0.00012  -0.00007   0.02042  -0.00010
  19  2  C     y    -0.00136  -0.00080   0.00007  -0.00004   0.01179  -0.00006
  20  2  C     z    -0.00000   0.00000  -0.00000   0.00000  -0.00000   0.00000
  21  3  H     s    -0.00346   0.00992  -0.00077   0.59610   0.00022  -0.00003
  22  3  H     s    -0.00499   0.00287  -0.00020   0.49422   0.00038  -0.00015
  23  4  H     s     0.00992  -0.00346   0.00022  -0.00003  -0.00077   0.59610
  24  4  H     s     0.00287  -0.00499   0.00038  -0.00015  -0.00020   0.49422

 ORBITAL#                  7         8         9        10        11        12
 Bond Label         MC-ORBIT  MC-ORBIT  MC-ORBIT  MC-ORBIT  MC-ORBIT  MC-ORBIT
 -------------------------------------------------------------------------------

   1  1  C     s    -0.06853  -0.01892  -0.06853  -0.01892  -0.06853  -0.01892
   2  1  C     s    -0.11345  -0.01379  -0.11345  -0.01379  -0.11345  -0.01379
   3  1  C     s     0.46097  -0.00008   0.46097  -0.00008   0.46097  -0.00008
   4  1  C     s     0.20092   0.00028   0.20092   0.00028   0.20092   0.00028
   5  1  C     x    -0.59534   0.00107  -0.15902   0.00107  -0.15902   0.00107
   6  1  C     y     0.32804   0.00062  -0.42769   0.00062  -0.42769   0.00062
   7  1  C     z    -0.00000   0.00000   0.50382   0.00000  -0.50382   0.00000
   8  1  C     x    -0.10168  -0.00001   0.07139  -0.00001   0.07139  -0.00001
   9  1  C     y     0.20775  -0.00001  -0.09201  -0.00001  -0.09201  -0.00001
  10  1  C     z    -0.00000   0.00000   0.19984   0.00000  -0.19984   0.00000
  11  2  C     s    -0.01892  -0.06853  -0.01892  -0.06853  -0.01892  -0.06853
  12  2  C     s    -0.01379  -0.11345  -0.01379  -0.11345  -0.01379  -0.11345
  13  2  C     s    -0.00008   0.46097  -0.00008   0.46097  -0.00008   0.46097
  14  2  C     s     0.00028   0.20092   0.00028   0.20092   0.00028   0.20092
  15  2  C     x    -0.00107   0.01358  -0.00107   0.44990  -0.00107   0.44990
  16  2  C     y    -0.00062   0.67960  -0.00062  -0.07613  -0.00062  -0.07613
  17  2  C     z    -0.00000   0.00000  -0.00000   0.50382  -0.00000  -0.50382
  18  2  C     x     0.00001  -0.12907   0.00001   0.04399   0.00001   0.04399
  19  2  C     y     0.00001   0.19193   0.00001  -0.10783   0.00001  -0.10783
  20  2  C     z    -0.00000   0.00000  -0.00000   0.19984  -0.00000  -0.19984
  21  3  H     s    -0.00074   0.00053  -0.00074   0.00053  -0.00074   0.00053
  22  3  H     s    -0.00034   0.00041  -0.00034   0.00041  -0.00034   0.00041
  23  4  H     s     0.00053  -0.00074   0.00053  -0.00074   0.00053  -0.00074
  24  4  H     s     0.00041  -0.00034   0.00041  -0.00034   0.00041  -0.00034


      GENERAL CONTROLS ($GENCTL)
 ======================================
 Number of electron groups       =    2
 Maximum macro-iterations        =   12
 Energy threshold           = 10**(- 6)
 Restart calculation(0/1/2)      =    0
 Group#                     1  2
 Num. of electrons          4 10
 Num. of spins              0  0
 Num. of orbitals           2 10
 Method#                    1  2

 SYMBOLIC VB STRUCTURE(S) OF GROUP  2
 STR. NO.       RUMER PATTERN  
    1           1  2   3  4   5  6   7  8   9 10


 OVERLAP MATRIX OF VB ORBITALS FOR GROUP   2

        1      2      3      4      5      6      7      8      9     10
 =========================================================================
   1 1.0000
   2 0.6308 1.0000
   3 0.0741 0.0361 1.0000
   4 0.0361 0.0071 0.6308 1.0000
   5 0.3373 0.1405 0.1535 0.0638 1.0000
   6 0.1535 0.0638 0.3373 0.1405 0.5604 1.0000
   7 0.3373 0.1405 0.1535 0.0638 0.1955 0.2408 1.0000
   8 0.1535 0.0638 0.3373 0.1405 0.2408 0.1955 0.5604 1.0000
   9 0.3373 0.1405 0.1535 0.0638 0.1955 0.2408 0.1955 0.2408 1.0000
  10 0.1535 0.0638 0.3373 0.1405 0.2408 0.1955 0.2408 0.1955 0.5604 1.0000

 EIGENVALUES OF OVERLAP MATRIX OF VB ORBITALS
 ============================================
     0.1739D+00    0.3050D+00    0.4605D+00    0.4849D+00    0.4849D+00    0.1124D+01
     0.1124D+01    0.1177D+01    0.1633D+01    0.3032D+01

 MAP FILE IS: ./MAP/MAP1000t                                                                  

 VB-ORBITAL OPTIMIZATION OF GROUP  2 ...
 GROUP =  2  ITER =  1 CMAX =  0.13352459675286
 GROUP =  2  ITER =  2 CMAX =  0.08753739395737
 GROUP =  2  ITER =  3 CMAX =  0.04937540343367
 GROUP =  2  ITER =  4 CMAX =  0.05241331069378
 GROUP =  2  ITER =  5 CMAX =  0.04282755523217
 GROUP =  2  ITER =  6 CMAX =  0.03359859090327
 GROUP =  2  ITER =  7 CMAX =  0.02246885801496
 GROUP =  2  ITER =  8 CMAX =  0.00752412709337
 GROUP =  2  ITER =  9 CMAX =  0.00315195920277
 GROUP =  2  ITER = 10 CMAX =  0.00147079107252
 GROUP =  2  ITER = 11 CMAX =  0.00070652177143

 ENERGY AND DIFF OF MACROITER    1 =    -76.8820433849    -76.8820433849

 VB-ORBITAL OPTIMIZATION OF GROUP  2 ...
 GROUP =  2  ITER =  1 CMAX =  0.00945490606988
 GROUP =  2  ITER =  2 CMAX =  0.00431498077168
 GROUP =  2  ITER =  3 CMAX =  0.00703014325003
 GROUP =  2  ITER =  4 CMAX =  0.00842950649152
 GROUP =  2  ITER =  5 CMAX =  0.00784764593513
 GROUP =  2  ITER =  6 CMAX =  0.00475936444677
 GROUP =  2  ITER =  7 CMAX =  0.00130754712271
 GROUP =  2  ITER =  8 CMAX =  0.00013332596430

 ENERGY AND DIFF OF MACROITER    2 =    -76.8944717282     -0.0124283433

 VB-ORBITAL OPTIMIZATION OF GROUP  2 ...
 GROUP =  2  ITER =  1 CMAX =  0.00484489106224
 GROUP =  2  ITER =  2 CMAX =  0.00130127339746
 GROUP =  2  ITER =  3 CMAX =  0.00149595312983
 GROUP =  2  ITER =  4 CMAX =  0.00151739917338
 GROUP =  2  ITER =  5 CMAX =  0.00118331966129
 GROUP =  2  ITER =  6 CMAX =  0.00062694954503

 ENERGY AND DIFF OF MACROITER    3 =    -76.8950881072     -0.0006163790

 VB-ORBITAL OPTIMIZATION OF GROUP  2 ...
 GROUP =  2  ITER =  1 CMAX =  0.00127555172657
 GROUP =  2  ITER =  2 CMAX =  0.00040425546489

 ENERGY AND DIFF OF MACROITER    4 =    -76.8951082504     -0.0000201432

 VB-ORBITAL OPTIMIZATION OF GROUP  2 ...
 GROUP =  2  ITER =  1 CMAX =  0.00023797356073

 ENERGY AND DIFF OF MACROITER    5 =    -76.8951086308     -0.0000003805

 VB-ORBITAL OPTIMIZATION OF GROUP  2 ...
 GROUP =  2  ITER =  1 CMAX =  0.00017288628585

 OVERLAP MATRIX OF VB ORBITALS FOR GROUP   2

        1      2      3      4      5      6      7      8      9     10
 =========================================================================
   1 1.0000
   2 0.8296 1.0000
   3-0.0572-0.0378 1.0000
   4-0.0378-0.0126 0.8296 1.0000
   5-0.0457 0.0280-0.1387-0.0242 1.0000
   6-0.1387-0.0242-0.0457 0.0280 0.8661 1.0000
   7-0.0457 0.0280-0.1387-0.0242 0.6189 0.6620 1.0000
   8-0.1387-0.0242-0.0457 0.0280 0.6620 0.6189 0.8661 1.0000
   9-0.0457 0.0280-0.1387-0.0242 0.6189 0.6620 0.6189 0.6620 1.0000
  10-0.1387-0.0242-0.0457 0.0280 0.6620 0.6190 0.6620 0.6190 0.8661 1.0000

 EIGENVALUES OF OVERLAP MATRIX OF VB ORBITALS
 ============================================
     0.1575D-01    0.1602D+00    0.1770D+00    0.1770D+00    0.1820D+00    0.5852D+00
     0.5852D+00    0.1740D+01    0.1920D+01    0.4458D+01

 ENERGY AND DIFF OF MACROITER    6 =    -76.8951086811     -0.0000000503

 MULLIKEN CHARGES ON ATOMS
 -------------------------
  ATOM             CHARGE 

    1            -0.21917
    2            -0.21917
    3             0.21917
    4             0.21917

 -------------------------


 ORBITALS OF EACH ELECTRON GROUP IN AO BASIS: ORBITAL(GROUP)
 ===========================================================================
    Orbital#             1         2         3         4         5         6
      Group#             1         1         2         2         2         2
 ---------------------------------------------------------------------------
  AO# LABELS
   1  1  C     s  -0.00061  -0.60178  -0.08878  -0.04047   0.03816   0.01576
   2  1  C     s  -0.00085  -0.43881  -0.12179  -0.05302   0.05065   0.02089
   3  1  C     s   0.00260  -0.00120   0.43920   0.05623  -0.11319  -0.04697
   4  1  C     s   0.00064   0.00283   0.16979   0.22051   0.00626  -0.10847
   5  1  C     x  -0.00195  -0.00179   0.57725   0.16385   0.08081   0.04639
   6  1  C     y  -0.00113  -0.00103   0.33328   0.09460   0.04665   0.02678
   7  1  C     z  -0.00000  -0.00000   0.00000   0.00000   0.00000   0.00000
   8  1  C     x   0.00038  -0.00034   0.07975   0.00207  -0.04023   0.05078
   9  1  C     y   0.00022  -0.00019   0.04604   0.00119  -0.02322   0.02932
  10  1  C     z  -0.00000  -0.00000   0.00000  -0.00000   0.00000   0.00000
  11  2  C     s  -0.60178  -0.00061   0.03816   0.01576  -0.08878  -0.04047
  12  2  C     s  -0.43881  -0.00085   0.05065   0.02089  -0.12178  -0.05302
  13  2  C     s  -0.00120   0.00260  -0.11319  -0.04697   0.43920   0.05623
  14  2  C     s   0.00283   0.00064   0.00626  -0.10847   0.16979   0.22051
  15  2  C     x   0.00179   0.00195  -0.08080  -0.04638  -0.57725  -0.16385
  16  2  C     y   0.00103   0.00113  -0.04665  -0.02678  -0.33328  -0.09460
  17  2  C     z  -0.00000  -0.00000   0.00000  -0.00000   0.00000   0.00000
  18  2  C     x   0.00034  -0.00038   0.04022  -0.05078  -0.07975  -0.00207
  19  2  C     y   0.00019  -0.00022   0.02322  -0.02932  -0.04604  -0.00119
  20  2  C     z  -0.00000  -0.00000   0.00000  -0.00000   0.00000   0.00000
  21  3  H     s   0.00001  -0.00029   0.06031   0.54082  -0.00608   0.00620
  22  3  H     s  -0.00054  -0.00000   0.03539   0.31406   0.03157  -0.01640
  23  4  H     s  -0.00029   0.00001  -0.00608   0.00620   0.06031   0.54082
  24  4  H     s  -0.00000  -0.00054   0.03157  -0.01640   0.03539   0.31406

 ===========================================================================
    Orbital#             7         8         9        10        11        12
      Group#             2         2         2         2         2         2
 ---------------------------------------------------------------------------
  AO# LABELS
   1  1  C     s  -0.09035  -0.06715  -0.09035  -0.06715  -0.09035  -0.06716
   2  1  C     s  -0.12532  -0.09086  -0.12532  -0.09086  -0.12531  -0.09086
   3  1  C     s   0.36523   0.22080   0.36523   0.22080   0.36522   0.22080
   4  1  C     s   0.23679   0.07816   0.23679   0.07817   0.23678   0.07817
   5  1  C     x  -0.45051  -0.21982  -0.14569  -0.19323  -0.14569  -0.19323
   6  1  C     y   0.20919  -0.08598  -0.31877  -0.13203  -0.31877  -0.13203
   7  1  C     z   0.00000  -0.00001   0.35197   0.03070  -0.35199  -0.03070
   8  1  C     x  -0.04566   0.01807   0.03963   0.04032   0.03963   0.04031
   9  1  C     y   0.10495   0.04469  -0.04278   0.00615  -0.04278   0.00615
  10  1  C     z   0.00000  -0.00000   0.09848   0.02569  -0.09849  -0.02569
  11  2  C     s  -0.06715  -0.09036  -0.06715  -0.09036  -0.06715  -0.09035
  12  2  C     s  -0.09086  -0.12532  -0.09086  -0.12532  -0.09085  -0.12532
  13  2  C     s   0.22079   0.36524   0.22079   0.36524   0.22078   0.36523
  14  2  C     s   0.07816   0.23679   0.07815   0.23679   0.07816   0.23678
  15  2  C     x   0.18435   0.04411   0.21095   0.34891   0.21095   0.34890
  16  2  C     y   0.14738   0.49473   0.10132  -0.03320   0.10131  -0.03319
  17  2  C     z   0.00000  -0.00001   0.03071   0.35194  -0.03072  -0.35195
  18  2  C     x  -0.04773  -0.06805  -0.02548   0.01723  -0.02548   0.01723
  19  2  C     y   0.00670   0.09200  -0.03184  -0.05571  -0.03184  -0.05570
  20  2  C     z   0.00000  -0.00000   0.02570   0.09847  -0.02570  -0.09847
  21  3  H     s   0.00728   0.01511   0.00728   0.01511   0.00728   0.01511
  22  3  H     s  -0.05480  -0.02422  -0.05480  -0.02423  -0.05480  -0.02423
  23  4  H     s   0.01511   0.00728   0.01511   0.00728   0.01511   0.00728
  24  4  H     s  -0.02422  -0.05480  -0.02422  -0.05480  -0.02422  -0.05480


 WORDS OF DYNAMIC MEMORY USED IN VB2000 CODE ONLY:       74706

 STATISTICS OF CPU TIMES (SECONDS)
 CPU TIME FOR INITIALIZATION        0.011
 CPU TIME FOR MACROITERATION        3.262
 TOTAL CPU TIME                     3.272

