
 **************************************************************
 *                                                            *
 *                        V B 2 0 0 0                         *
 *                                                            *
 * An ab initio Valence-Bond Program Based on the Generalized *
 *    Product Function Method and the Algebrant Algorithm     *
 *                                                            *
 *                  Version 2.8 November 2017                 *
 *                     Stand-alone Version                    *
 *                      Compiler GFORTRAN                     *
 *                                                            *
 *     Memory = 12500000 for MAP file up to 16 electrons      *
 *                                                            *
 *         Jiabo Li*, Brian Duke** and Roy McWeeny***         *
 *                                                            *
 *        * SciNet Technologies, 9943 Fieldthorn St.,         *
 *                   San Diego, CA 92127, USA                 *
 *                                                            *
 *  ** Monash University Institute of Pharmaceutical Sciences,*
 *          Monash University, 381 Royal Pde, Parkville,      *
 *                    Victoria, 3052, Australia               *
 *                                                            *
 *      *** Department of Chemistry, University of Pisa,      *
 *                       56100 Pisa, Italy                    *
 *                                                            *
 *  Reference for the software:                               *
 *     Jiabo Li, Brian Duke, and Roy McWeeny, VB2000 Version  *
 *     2.8, SciNet Technologies, San Diego, CA, 2013          *
 *     URL: http://www.scinetec.com or http://www.vb2000.net  *
 *                                                            *
 *  References for the theory:                                *
 *     General:                                               *
 *     Jiabo Li, and Roy McWeeny, "VB2000: Pushing Valence    *
 *     Bond Theory to New Limits", Int. J. Quantum Chem.,     *
 *     89(2002)208-216.                                       *
 *                                                            *
 *     Spin densities:-                                       *
 *     Jiabo Li, Brian J. Duke, Thomas M. Klapoetke, and Roy  *
 *     McWeeny, Spin-Density of Spin-Free Valence Bond Wave   *
 *     Functions and Its Implementation in VB2000. J. Theor.  *
 *     Comp. Chem. 7(2008)853-867.                            *
 *                                                            *
 *     Spin coupled - n electrons in m orbitals:-             *
 *     Peter B. Karadakov, David L. Cooper, Brian J. Duke,    *
 *     and Jiabo Li, Spin-Coupled Theory for N Electrons in   *
 *     M Orbitals Active Spaces,  J. Phys. Chem. A, 116,      *
 *     7238 - 7244, 2012                                      *
 *                                                            *
 *     Copyright (C) 2018 GNU General Public License          *
 **************************************************************

 JOB NAME IS c2h2vb10                                                        

 VB2000 DIRECTORY IS: .                                                                               
 MAXIMUM DYNAMIC MEMORY IS:        6500000

 Input of molecule
 =================
 #! VB(10)/D95                                                                   
                                                                                 
 Title: TEST C2H2 TRIPLE BOND (SIGMA+PI)                                                

 Charge =  0 Multiplicity =  1

 BASIS SET FILE IS: ./BASET/D95                                                                     

 Cartesian coordinates of atoms in Angstrom
 ----------------------------------------------------
                    X             Y             Z   

  C     6.0      0.000000      0.000000      0.610009
  C     6.0      0.000000      0.000000     -0.610009
  H     1.0      0.000000      0.000000      1.690006
  H     1.0      0.000000      0.000000     -1.690006
 ----------------------------------------------------

 Total number of two-electron integrals =        16096
 Time for integral evaluation                    0.037

 SKIPPED INTEGRALS =                             27566
 Number of iter =     11, DMAX =        0.000009880975
 Final Hartree-Fock Energy =          -76.797430493885

 Molecular orbitals by HF method
 ===============================================================================
 MO#                       1         2         3         4         5         6
 E(a.u.)             -11.268   -11.265    -1.036    -0.760    -0.676    -0.411
 -------------------------------------------------------------------------------

   1  1  C     s    -0.42476   0.42509  -0.10360   0.06762   0.00532   0.00000
   2  1  C     s    -0.30916   0.30959  -0.13869   0.09083   0.00845   0.00000
   3  1  C     s    -0.00341   0.00267   0.37172  -0.24062  -0.04429  -0.00000
   4  1  C     s    -0.00015  -0.00105   0.21341  -0.19677  -0.07852  -0.00000
   5  1  C     x    -0.00000  -0.00000   0.00000  -0.00000  -0.00000  -0.06597
   6  1  C     y     0.00000   0.00000  -0.00000   0.00000   0.00000  -0.48354
   7  1  C     z     0.00083   0.00022  -0.18236  -0.25930  -0.43494  -0.00000
   8  1  C     x    -0.00000   0.00000  -0.00000   0.00000   0.00000  -0.02369
   9  1  C     y     0.00000   0.00000   0.00000   0.00000   0.00000  -0.17362
  10  1  C     z    -0.00040   0.00052   0.04363  -0.02815  -0.04106   0.00000
  11  2  C     s    -0.42476  -0.42509  -0.10360  -0.06762   0.00532   0.00000
  12  2  C     s    -0.30916  -0.30959  -0.13869  -0.09083   0.00845   0.00000
  13  2  C     s    -0.00341  -0.00267   0.37172   0.24062  -0.04429  -0.00000
  14  2  C     s    -0.00015   0.00105   0.21341   0.19677  -0.07852   0.00000
  15  2  C     x     0.00000  -0.00000   0.00000  -0.00000  -0.00000  -0.06597
  16  2  C     y     0.00000   0.00000   0.00000   0.00000   0.00000  -0.48354
  17  2  C     z    -0.00083   0.00022   0.18236  -0.25930   0.43494   0.00000
  18  2  C     x     0.00000   0.00000   0.00000   0.00000   0.00000  -0.02369
  19  2  C     y    -0.00000  -0.00000  -0.00000  -0.00000  -0.00000  -0.17362
  20  2  C     z     0.00040   0.00052  -0.04363  -0.02815   0.04106   0.00000
  21  3  H     s    -0.00048   0.00043   0.08052  -0.21195  -0.20893  -0.00000
  22  3  H     s     0.00023  -0.00026  -0.00521  -0.11350  -0.12817  -0.00000
  23  4  H     s    -0.00048  -0.00043   0.08052   0.21195  -0.20893  -0.00000
  24  4  H     s     0.00023   0.00026  -0.00521   0.11350  -0.12817   0.00000

 MO#                       7         8         9        10        11        12
 E(a.u.)              -0.411     0.171     0.171     0.234     0.340     0.353
 -------------------------------------------------------------------------------

   1  1  C     s    -0.00000   0.00000   0.00000  -0.05226   0.01148   0.03345
   2  1  C     s    -0.00000   0.00000   0.00000  -0.06752   0.01318   0.05136
   3  1  C     s     0.00000  -0.00000  -0.00000   0.02790   0.06970  -0.23214
   4  1  C     s    -0.00000  -0.00000  -0.00000   3.35358  -0.64582   1.01110
   5  1  C     x     0.48354  -0.08646  -0.37277  -0.00000  -0.00000  -0.00000
   6  1  C     y    -0.06597  -0.37277   0.08646  -0.00000   0.00000   0.00000
   7  1  C     z    -0.00000  -0.00000  -0.00000   0.10513  -0.51689   0.05147
   8  1  C     x     0.17362  -0.21597  -0.93114  -0.00000   0.00000   0.00000
   9  1  C     y    -0.02369  -0.93114   0.21597  -0.00000  -0.00000  -0.00000
  10  1  C     z    -0.00000  -0.00000  -0.00000  -1.99402   0.21155  -2.41774
  11  2  C     s     0.00000  -0.00000  -0.00000   0.05226   0.01148  -0.03345
  12  2  C     s     0.00000  -0.00000   0.00000   0.06752   0.01318  -0.05136
  13  2  C     s    -0.00000   0.00000  -0.00000  -0.02790   0.06970   0.23214
  14  2  C     s    -0.00000  -0.00000  -0.00000  -3.35358  -0.64582  -1.01110
  15  2  C     x     0.48354   0.08646   0.37277   0.00000  -0.00000  -0.00000
  16  2  C     y    -0.06597   0.37277  -0.08646   0.00000   0.00000   0.00000
  17  2  C     z     0.00000   0.00000   0.00000   0.10513   0.51689   0.05147
  18  2  C     x     0.17362   0.21597   0.93114   0.00000   0.00000   0.00000
  19  2  C     y    -0.02369   0.93114  -0.21597  -0.00000  -0.00000  -0.00000
  20  2  C     z     0.00000  -0.00000   0.00000  -1.99402  -0.21155  -2.41774
  21  3  H     s    -0.00000   0.00000  -0.00000  -0.06166   0.06186   0.14758
  22  3  H     s     0.00000   0.00000   0.00000   0.15195   0.84673   2.09828
  23  4  H     s    -0.00000  -0.00000  -0.00000   0.06166   0.06186  -0.14758
  24  4  H     s     0.00000  -0.00000   0.00000  -0.15195   0.84673  -2.09828


 VBO LIB IS: ./VBOLIB/VBOLIBD95                                                              

 PARTITIONING OF LMOs INTO GROUPS ($LMOGRPMODIFY)
 ================================================
 LMO#     1  2  3  4  5  6  7
 Group#   1  1  2  2  2  2  2
 Split    0  0  1  1  1  1  1



      GENERAL CONTROLS ($GENCTL)
 ======================================
 Number of electron groups       =    2
 Maximum macro-iterations        =   12
 Energy threshold           = 10**(- 6)
 Restart calculation(0/1/2)      =    0
 Group#                     1  2
 Num. of electrons          4 10
 Num. of spins              0  0
 Num. of orbitals           2 10
 Method#                    1  2

 SYMBOLIC VB STRUCTURE(S) OF GROUP  2
 STR. NO.       RUMER PATTERN  
    1           1  2   3  4   5  6   7  8   9 10


 OVERLAP MATRIX OF VB ORBITALS FOR GROUP   2

        1      2      3      4      5      6      7      8      9     10
 =========================================================================
   1 1.0000
   2 0.7898 1.0000
   3 0.0968 0.1680 1.0000
   4 0.0771 0.0668 0.6734 1.0000
   5-0.1680-0.0968 0.0314 0.0053 1.0000
   6-0.0668-0.0771 0.0053-0.0042 0.6734 1.0000
   7 0.0000-0.0000-0.0000-0.0000 0.0000 0.0000 1.0000
   8-0.0000 0.0000-0.0000-0.0000 0.0000 0.0000 0.3850 1.0000
   9 0.0000-0.0000-0.0000-0.0000 0.0000 0.0000-0.0000 0.0000 1.0000
  10-0.0000 0.0000-0.0000-0.0000 0.0000 0.0000 0.0000-0.0000 0.3850 1.0000

 MAP FILE IS: ./MAP/MAP1000t                                                                  

 ENERGY AND DIFF OF MACROITER    1 =    -76.8811350398    -76.8811350398

 ENERGY AND DIFF OF MACROITER    2 =    -76.8874067503     -0.0062717105

 ENERGY AND DIFF OF MACROITER    3 =    -76.8875469655     -0.0001402152

 ENERGY AND DIFF OF MACROITER    4 =    -76.8875489402     -0.0000019747

 ENERGY AND DIFF OF MACROITER    5 =    -76.8875490040     -0.0000000638

 OVERLAP MATRIX OF VB ORBITALS FOR GROUP   2

        1      2      3      4      5      6      7      8      9     10
 =========================================================================
   1 1.0000
   2 0.8416 1.0000
   3 0.2323 0.5081 1.0000
   4-0.0884 0.1551 0.7828 1.0000
   5-0.5081-0.2323-0.0828 0.0220 1.0000
   6-0.1551 0.0884 0.0220 0.0049 0.7828 1.0000
   7-0.0001-0.0001-0.0000-0.0000 0.0000 0.0000 1.0000
   8-0.0001-0.0001-0.0000-0.0000 0.0000 0.0000 0.6858 1.0000
   9 0.0000 0.0000 0.0000 0.0000-0.0000-0.0000-0.0000-0.0000 1.0000
  10 0.0000 0.0000 0.0000 0.0000-0.0000-0.0000-0.0000 0.0000 0.6858 1.0000

 ENERGY AND DIFF OF MACROITER    6 =    -76.8875490153     -0.0000000113

 MULLIKEN CHARGES ON ATOMS
 -------------------------
  ATOM             CHARGE 

    1            -0.22480
    2            -0.22480
    3             0.22480
    4             0.22480

 -------------------------


 ORBITALS OF EACH ELECTRON GROUP IN AO BASIS: ORBITAL(GROUP)
 ===========================================================================
    Orbital#             1         2         3         4         5         6
      Group#             1         1         2         2         2         2
 ---------------------------------------------------------------------------
  AO# LABELS
   1  1  C     s   0.00068  -0.60046  -0.13397  -0.05763  -0.01185   0.01253
   2  1  C     s   0.00089  -0.43703  -0.17754  -0.07499  -0.01580   0.01667
   3  1  C     s  -0.00201  -0.00591   0.57955   0.07436   0.05893  -0.03621
   4  1  C     s  -0.00181   0.00024   0.25336   0.09481   0.08975  -0.10401
   5  1  C     x   0.00000   0.00000  -0.00001   0.00001  -0.00000   0.00000
   6  1  C     y   0.00000   0.00000  -0.00002   0.00002  -0.00000   0.00000
   7  1  C     z   0.00178   0.00193  -0.44099  -0.14279  -0.06231   0.04579
   8  1  C     x   0.00000   0.00000   0.00000  -0.00000  -0.00000  -0.00000
   9  1  C     y   0.00000   0.00000   0.00001  -0.00001  -0.00000  -0.00000
  10  1  C     z   0.00002  -0.00080   0.01993   0.03884  -0.02964   0.06090
  11  2  C     s  -0.60046   0.00068  -0.05763  -0.13397  -0.13041  -0.04352
  12  2  C     s  -0.43703   0.00089  -0.07499  -0.17754  -0.17678  -0.05702
  13  2  C     s  -0.00591  -0.00201   0.07436   0.57955   0.57491   0.06463
  14  2  C     s   0.00024  -0.00181   0.09481   0.25336   0.24615   0.23328
  15  2  C     x   0.00000   0.00000   0.00001  -0.00001  -0.00000   0.00000
  16  2  C     y   0.00000   0.00000   0.00002  -0.00002  -0.00000   0.00000
  17  2  C     z  -0.00193  -0.00178   0.14279   0.44099  -0.47193  -0.18228
  18  2  C     x   0.00000   0.00000  -0.00000   0.00000  -0.00000   0.00000
  19  2  C     y   0.00000   0.00000  -0.00001   0.00001  -0.00000   0.00000
  20  2  C     z   0.00080  -0.00002  -0.03884  -0.01993  -0.09740  -0.00365
  21  3  H     s  -0.00021  -0.00054   0.05444  -0.02429   0.00071   0.00783
  22  3  H     s   0.00005   0.00058  -0.00570  -0.07747   0.00935  -0.01729
  23  4  H     s  -0.00054  -0.00021  -0.02429   0.05444   0.06309   0.53966
  24  4  H     s   0.00058   0.00005  -0.07747  -0.00570   0.01041   0.30896

 ===========================================================================
    Orbital#             7         8         9        10        11        12
      Group#             2         2         2         2         2         2
 ---------------------------------------------------------------------------
  AO# LABELS
   1  1  C     s   0.13041   0.04352   0.00001   0.00001  -0.00000  -0.00000
   2  1  C     s   0.17678   0.05702   0.00001   0.00001  -0.00001  -0.00001
   3  1  C     s  -0.57491  -0.06463  -0.00003  -0.00003   0.00002   0.00001
   4  1  C     s  -0.24615  -0.23328  -0.00002  -0.00001   0.00001   0.00001
   5  1  C     x   0.00000  -0.00000  -0.10178  -0.02176   0.74600   0.15947
   6  1  C     y   0.00000  -0.00000  -0.74600  -0.15947  -0.10178  -0.02176
   7  1  C     z  -0.47193  -0.18228   0.00003   0.00003  -0.00001  -0.00001
   8  1  C     x   0.00000  -0.00000  -0.03240  -0.00856   0.23750   0.06276
   9  1  C     y   0.00000  -0.00000  -0.23750  -0.06276  -0.03240  -0.00856
  10  1  C     z  -0.09740  -0.00365  -0.00000  -0.00000   0.00000   0.00000
  11  2  C     s   0.01185  -0.01253   0.00001   0.00001  -0.00000  -0.00000
  12  2  C     s   0.01580  -0.01667   0.00001   0.00001  -0.00001  -0.00001
  13  2  C     s  -0.05893   0.03621  -0.00003  -0.00003   0.00001   0.00002
  14  2  C     s  -0.08974   0.10401  -0.00001  -0.00002   0.00001   0.00001
  15  2  C     x   0.00000  -0.00000  -0.02176  -0.10178   0.15947   0.74600
  16  2  C     y   0.00000  -0.00000  -0.15947  -0.74600  -0.02176  -0.10178
  17  2  C     z  -0.06231   0.04579  -0.00003  -0.00003   0.00001   0.00001
  18  2  C     x   0.00000   0.00000  -0.00856  -0.03240   0.06276   0.23750
  19  2  C     y   0.00000   0.00000  -0.06276  -0.23750  -0.00856  -0.03240
  20  2  C     z  -0.02964   0.06090   0.00000   0.00000  -0.00000  -0.00000
  21  3  H     s  -0.06309  -0.53966  -0.00000  -0.00000   0.00000   0.00000
  22  3  H     s  -0.01041  -0.30896   0.00001   0.00000  -0.00000  -0.00000
  23  4  H     s  -0.00071  -0.00783  -0.00000  -0.00000   0.00000   0.00000
  24  4  H     s  -0.00935   0.01729   0.00000   0.00001  -0.00000  -0.00000


 WORDS OF DYNAMIC MEMORY USED IN VB2000 CODE ONLY:       74706

 STATISTICS OF CPU TIMES (SECONDS)
 CPU TIME FOR INITIALIZATION        0.008
 CPU TIME FOR MACROITERATION        2.727
 TOTAL CPU TIME                     2.734

