
 **************************************************************
 *                                                            *
 *                        V B 2 0 0 0                         *
 *                                                            *
 * An ab initio Valence-Bond Program Based on the Generalized *
 *    Product Function Method and the Algebrant Algorithm     *
 *                                                            *
 *                  Version 2.8 November 2017                 *
 *                     Stand-alone Version                    *
 *                      Compiler GFORTRAN                     *
 *                                                            *
 *     Memory = 12500000 for MAP file up to 16 electrons      *
 *                                                            *
 *         Jiabo Li*, Brian Duke** and Roy McWeeny***         *
 *                                                            *
 *        * SciNet Technologies, 9943 Fieldthorn St.,         *
 *                   San Diego, CA 92127, USA                 *
 *                                                            *
 *  ** Monash University Institute of Pharmaceutical Sciences,*
 *          Monash University, 381 Royal Pde, Parkville,      *
 *                    Victoria, 3052, Australia               *
 *                                                            *
 *      *** Department of Chemistry, University of Pisa,      *
 *                       56100 Pisa, Italy                    *
 *                                                            *
 *  Reference for the software:                               *
 *     Jiabo Li, Brian Duke, and Roy McWeeny, VB2000 Version  *
 *     2.8, SciNet Technologies, San Diego, CA, 2013          *
 *     URL: http://www.scinetec.com or http://www.vb2000.net  *
 *                                                            *
 *  References for the theory:                                *
 *     General:                                               *
 *     Jiabo Li, and Roy McWeeny, "VB2000: Pushing Valence    *
 *     Bond Theory to New Limits", Int. J. Quantum Chem.,     *
 *     89(2002)208-216.                                       *
 *                                                            *
 *     Spin densities:-                                       *
 *     Jiabo Li, Brian J. Duke, Thomas M. Klapoetke, and Roy  *
 *     McWeeny, Spin-Density of Spin-Free Valence Bond Wave   *
 *     Functions and Its Implementation in VB2000. J. Theor.  *
 *     Comp. Chem. 7(2008)853-867.                            *
 *                                                            *
 *     Spin coupled - n electrons in m orbitals:-             *
 *     Peter B. Karadakov, David L. Cooper, Brian J. Duke,    *
 *     and Jiabo Li, Spin-Coupled Theory for N Electrons in   *
 *     M Orbitals Active Spaces,  J. Phys. Chem. A, 116,      *
 *     7238 - 7244, 2012                                      *
 *                                                            *
 *     Copyright (C) 2018 GNU General Public License          *
 **************************************************************

 JOB NAME IS c2h2TB1                                                         

 VB2000 DIRECTORY IS: .                                                                               
 MAXIMUM DYNAMIC MEMORY IS:        6500000

 Input of molecule
 =================
 #! VB(6)/D95 PRINTALL                                                           
                                                                                 
 Title: TEST C2H2 TRIPLE BOND (3 BANANA BONDS, 6 ELECTRONS, VBGA INPUT)                 

 Charge =  0 Multiplicity =  1

 BASIS SET FILE IS: ./BASET/D95                                                                     

 Cartesian coordinates of atoms in Angstrom
 ----------------------------------------------------
                    X             Y             Z   

  C     6.0      0.528275      0.305000      0.000000
  C     6.0     -0.528275     -0.305000      0.000000
  H     1.0      1.463583      0.845000      0.000000
  H     1.0     -1.463583     -0.845000      0.000000
 ----------------------------------------------------

 Total number of two-electron integrals =        26360
 Time for integral evaluation                    0.038

 SKIPPED INTEGRALS =                             17302
 Number of iter =     11, DMAX =        0.000009881121
 Final Hartree-Fock Energy =          -76.797431677304

 Molecular orbitals by HF method
 ===============================================================================
 MO#                       1         2         3         4         5         6
 E(a.u.)             -11.268   -11.265    -1.036    -0.760    -0.676    -0.411
 -------------------------------------------------------------------------------

   1  1  C     s    -0.42476   0.42509  -0.10360  -0.06762  -0.00533  -0.00000
   2  1  C     s    -0.30916   0.30959  -0.13869  -0.09083  -0.00845  -0.00000
   3  1  C     s    -0.00341   0.00267   0.37172   0.24062   0.04429   0.00000
   4  1  C     s    -0.00015  -0.00105   0.21341   0.19677   0.07852   0.00000
   5  1  C     x     0.00072   0.00019  -0.15794   0.22456   0.37667  -0.00262
   6  1  C     y     0.00041   0.00011  -0.09119   0.12965   0.21747   0.00454
   7  1  C     z    -0.00000  -0.00000  -0.00000  -0.00000  -0.00000   0.48800
   8  1  C     x    -0.00035   0.00045   0.03779   0.02437   0.03556  -0.00094
   9  1  C     y    -0.00020   0.00026   0.02182   0.01407   0.02053   0.00163
  10  1  C     z     0.00000   0.00000   0.00000   0.00000   0.00000   0.17521
  11  2  C     s    -0.42476  -0.42509  -0.10360   0.06762  -0.00533   0.00000
  12  2  C     s    -0.30916  -0.30959  -0.13869   0.09083  -0.00845   0.00000
  13  2  C     s    -0.00341  -0.00267   0.37172  -0.24062   0.04429  -0.00000
  14  2  C     s    -0.00015   0.00105   0.21341  -0.19677   0.07852  -0.00000
  15  2  C     x    -0.00072   0.00019   0.15794   0.22456  -0.37667  -0.00262
  16  2  C     y    -0.00041   0.00011   0.09119   0.12965  -0.21747   0.00454
  17  2  C     z    -0.00000  -0.00000  -0.00000  -0.00000  -0.00000   0.48800
  18  2  C     x     0.00035   0.00045  -0.03779   0.02437  -0.03556  -0.00094
  19  2  C     y     0.00020   0.00026  -0.02182   0.01407  -0.02053   0.00163
  20  2  C     z    -0.00000  -0.00000  -0.00000  -0.00000  -0.00000   0.17521
  21  3  H     s    -0.00048   0.00043   0.08052   0.21195   0.20893  -0.00000
  22  3  H     s     0.00023  -0.00026  -0.00521   0.11350   0.12817   0.00000
  23  4  H     s    -0.00048  -0.00043   0.08052  -0.21195   0.20893   0.00000
  24  4  H     s     0.00023   0.00026  -0.00521  -0.11350   0.12817  -0.00000

 MO#                       7         8         9        10        11        12
 E(a.u.)              -0.411     0.171     0.171     0.234     0.340     0.353
 -------------------------------------------------------------------------------

   1  1  C     s    -0.00000   0.00000  -0.00000   0.05226   0.01148   0.03345
   2  1  C     s    -0.00000   0.00000  -0.00000   0.06752   0.01318   0.05136
   3  1  C     s     0.00000   0.00000  -0.00000  -0.02789   0.06970  -0.23214
   4  1  C     s     0.00000  -0.00000   0.00000  -3.35367  -0.64581   1.01114
   5  1  C     x    -0.24400   0.19133  -0.00049  -0.09105  -0.44764   0.04456
   6  1  C     y     0.42262  -0.33139   0.00085  -0.05257  -0.25844   0.02573
   7  1  C     z    -0.00524   0.00099   0.38265   0.00000  -0.00000  -0.00000
   8  1  C     x    -0.08761   0.47794  -0.00123   1.72688   0.18323  -2.09382
   9  1  C     y     0.15174  -0.82782   0.00213   0.99702   0.10579  -1.20887
  10  1  C     z    -0.00188   0.00246   0.95588   0.00000   0.00000   0.00000
  11  2  C     s     0.00000   0.00000  -0.00000  -0.05226   0.01148  -0.03345
  12  2  C     s     0.00000   0.00000  -0.00000  -0.06752   0.01318  -0.05136
  13  2  C     s    -0.00000   0.00000  -0.00000   0.02789   0.06970   0.23214
  14  2  C     s    -0.00000  -0.00000   0.00000   3.35367  -0.64581  -1.01114
  15  2  C     x    -0.24400  -0.19133   0.00049  -0.09105   0.44764   0.04456
  16  2  C     y     0.42262   0.33139  -0.00085  -0.05257   0.25844   0.02573
  17  2  C     z    -0.00524  -0.00099  -0.38265  -0.00000   0.00000  -0.00000
  18  2  C     x    -0.08761  -0.47794   0.00123   1.72688  -0.18323  -2.09382
  19  2  C     y     0.15174   0.82782  -0.00213   0.99702  -0.10579  -1.20887
  20  2  C     z    -0.00188  -0.00246  -0.95588   0.00000  -0.00000   0.00000
  21  3  H     s    -0.00000   0.00000  -0.00000   0.06166   0.06187   0.14758
  22  3  H     s     0.00000   0.00000  -0.00000  -0.15195   0.84671   2.09828
  23  4  H     s     0.00000   0.00000  -0.00000  -0.06166   0.06187  -0.14758
  24  4  H     s    -0.00000   0.00000  -0.00000   0.15195   0.84671  -2.09828


                    PARAMETER LIMIT VALUES
 Max. no. of atoms                    MAXCEN =    200
 Max. no. of basis functions          MAXBFN =   1350
 Max. no. of shells                   MAXSHL =    500
 Max. no. of total primitives         MAXEXP =   4400
 Max. no. of primitives per orbital   MAXPRM =     15
 Max. no. of atoms * no. of orbitals  MAXNAB = 135000
 Increase max basis set size by       NEXTRA =     20
 Max. size for Rumer data             MAXST1 = 120000
 Max. no. of orbitals in group        MAXNOB =    200
 Max. no. of CUBE orbitals            MAXCUB =    100
 Max. no. of groups                   MAXGRP =     49
 BRILLMASK array sizes                MAXBLL =  12500

 VBO LIB IS: ./VBOLIB/VBOLIBD95                                                              

 Localized molecular orbitals and the bond labels
 ===============================================================================
 LMO#                      1         2         3         4         5         6
 E(a.u.)             -11.214   -11.214    -1.030    -0.773    -0.773    -0.411
 Bond Label            2:(0)     1:(0)    2-1(1)    4-2(1)    3-1(1)    2-1(2)
 -------------------------------------------------------------------------------

   1  1  C     s    -0.00312  -0.60809  -0.05371  -0.00628  -0.06121   0.00000
   2  1  C     s    -0.00469  -0.44803  -0.09285  -0.01045  -0.09744   0.00000
   3  1  C     s     0.01451   0.02661   0.30799   0.02097   0.31912  -0.00000
   4  1  C     s     0.00547   0.01993   0.15213   0.02012   0.25779  -0.00000
   5  1  C     x    -0.01930  -0.00476  -0.31360  -0.02603   0.34327  -0.00262
   6  1  C     y    -0.01114  -0.00275  -0.18105  -0.01503   0.19819   0.00454
   7  1  C     z    -0.00000   0.00000   0.00000   0.00000   0.00000   0.48800
   8  1  C     x     0.00139   0.00236   0.01696  -0.01739   0.05186  -0.00094
   9  1  C     y     0.00080   0.00136   0.00979  -0.01004   0.02994   0.00163
  10  1  C     z    -0.00000   0.00000   0.00000   0.00000   0.00000   0.17521
  11  2  C     s    -0.60809  -0.00312  -0.05371   0.06121   0.00628   0.00000
  12  2  C     s    -0.44803  -0.00469  -0.09285   0.09745   0.01045   0.00000
  13  2  C     s     0.02661   0.01451   0.30799  -0.31912  -0.02097  -0.00000
  14  2  C     s     0.01993   0.00547   0.15213  -0.25779  -0.02012  -0.00000
  15  2  C     x     0.00476   0.01930   0.31360   0.34327  -0.02603  -0.00262
  16  2  C     y     0.00275   0.01114   0.18106   0.19819  -0.01503   0.00454
  17  2  C     z    -0.00000   0.00000   0.00000   0.00000   0.00000   0.48800
  18  2  C     x    -0.00236  -0.00139  -0.01696   0.05186  -0.01739  -0.00094
  19  2  C     y    -0.00136  -0.00080  -0.00979   0.02994  -0.01004   0.00163
  20  2  C     z    -0.00000   0.00000   0.00000   0.00000   0.00000   0.17521
  21  3  H     s    -0.00346   0.00992  -0.02544  -0.00755   0.30699   0.00000
  22  3  H     s    -0.00499   0.00287  -0.06386   0.00150   0.15882   0.00000
  23  4  H     s     0.00992  -0.00346  -0.02544  -0.30699   0.00755   0.00000
  24  4  H     s     0.00287  -0.00499  -0.06386  -0.15882  -0.00150   0.00000

 LMO#                      7
 E(a.u.)              -0.411
 Bond Label           2-1(3)
 -------------------------------------------------------------------------------

   1  1  C     s     0.00000
   2  1  C     s     0.00000
   3  1  C     s    -0.00000
   4  1  C     s    -0.00000
   5  1  C     x    -0.24400
   6  1  C     y     0.42262
   7  1  C     z    -0.00524
   8  1  C     x    -0.08761
   9  1  C     y     0.15174
  10  1  C     z    -0.00188
  11  2  C     s     0.00000
  12  2  C     s     0.00000
  13  2  C     s    -0.00000
  14  2  C     s    -0.00000
  15  2  C     x    -0.24400
  16  2  C     y     0.42262
  17  2  C     z    -0.00524
  18  2  C     x    -0.08761
  19  2  C     y     0.15174
  20  2  C     z    -0.00188
  21  3  H     s     0.00000
  22  3  H     s     0.00000
  23  4  H     s     0.00000
  24  4  H     s     0.00000


 Mulliken population of localized molecular orbitals
 ===============================================================================
 LMO#                      1         2         3         4         5         6
 E(a.u.)             -11.214   -11.214    -1.030    -0.773    -0.773    -0.411
 Bond Label            2:(0)     1:(0)    2-1(1)    4-2(1)    3-1(1)    2-1(2)
 -------------------------------------------------------------------------------

   1         C      -0.00293   2.00334   1.01270  -0.02536   1.27258   1.00000
   2         C       2.00334  -0.00293   1.01270   1.27258  -0.02536   1.00000
   3         H       0.00013  -0.00055  -0.01270   0.00014   0.75264  -0.00000
   4         H      -0.00055   0.00013  -0.01270   0.75264   0.00014  -0.00000

 LMO#                      7
 E(a.u.)              -0.411
 Bond Label           2-1(3)
 -------------------------------------------------------------------------------

   1         C       1.00000
   2         C       1.00000
   3         H      -0.00000
   4         H       0.00000


 PARTITIONING OF LMOs INTO GROUPS ($LMOGRPMODIFY)
 ================================================
 LMO#     1  2  3  4  5  6  7
 Group#   1  1  2  1  1  2  2
 Split    0  0  1  0  0  1  1


 Initial guess of orbitals
 ===============================================================================
 ORBITAL#                  1         2         3         4         5         6
 Bond Label            2:(0)     1:(0)    4-2(1)    3-1(1)  MC-ORBIT  MC-ORBIT
 -------------------------------------------------------------------------------

   1  1  C     s    -0.00312  -0.60809  -0.00628  -0.06121  -0.05892  -0.01854
   2  1  C     s    -0.00469  -0.44803  -0.01045  -0.09744  -0.09823  -0.01300
   3  1  C     s     0.01451   0.02661   0.02097   0.31912   0.41221  -0.00575
   4  1  C     s     0.00547   0.01993   0.02012   0.25779   0.15885  -0.00373
   5  1  C     x    -0.01930  -0.00476  -0.02603   0.34327  -0.66686  -0.01366
   6  1  C     y    -0.01114  -0.00275  -0.01503   0.19819   0.29760  -0.00789
   7  1  C     z    -0.00000   0.00000   0.00000   0.00000  -0.00000   0.00000
   8  1  C     x     0.00139   0.00236  -0.01739   0.05186  -0.11307  -0.00464
   9  1  C     y     0.00080   0.00136  -0.01004   0.02994   0.20548  -0.00268
  10  1  C     z    -0.00000   0.00000   0.00000   0.00000  -0.00000   0.00000
  11  2  C     s    -0.60809  -0.00312   0.06121   0.00628  -0.01854  -0.05892
  12  2  C     s    -0.44803  -0.00469   0.09745   0.01045  -0.01300  -0.09823
  13  2  C     s     0.02661   0.01451  -0.31912  -0.02097  -0.00575   0.41221
  14  2  C     s     0.01993   0.00547  -0.25779  -0.02012  -0.00373   0.15885
  15  2  C     x     0.00476   0.01930   0.34327  -0.02603   0.01366   0.07570
  16  2  C     y     0.00275   0.01114   0.19819  -0.01503   0.00789   0.72632
  17  2  C     z    -0.00000   0.00000   0.00000   0.00000  -0.00000   0.00000
  18  2  C     x    -0.00236  -0.00139   0.05186  -0.01739   0.00464  -0.12141
  19  2  C     y    -0.00136  -0.00080   0.02994  -0.01004   0.00268   0.20066
  20  2  C     z    -0.00000   0.00000   0.00000   0.00000  -0.00000   0.00000
  21  3  H     s    -0.00346   0.00992  -0.00755   0.30699  -0.05564  -0.00985
  22  3  H     s    -0.00499   0.00287   0.00150   0.15882  -0.02858  -0.00400
  23  4  H     s     0.00992  -0.00346  -0.30699   0.00755  -0.00985  -0.05564
  24  4  H     s     0.00287  -0.00499  -0.15882  -0.00150  -0.00400  -0.02858

 ORBITAL#                  7         8         9        10
 Bond Label         MC-ORBIT  MC-ORBIT  MC-ORBIT  MC-ORBIT
 -------------------------------------------------------------------------------

   1  1  C     s    -0.05892  -0.01854  -0.05892  -0.01854
   2  1  C     s    -0.09823  -0.01300  -0.09823  -0.01300
   3  1  C     s     0.41221  -0.00575   0.41221  -0.00575
   4  1  C     s     0.15885  -0.00373   0.15885  -0.00373
   5  1  C     x    -0.22349  -0.01366  -0.22349  -0.01366
   6  1  C     y    -0.47034  -0.00789  -0.47034  -0.00789
   7  1  C     z     0.51196   0.00000  -0.51196   0.00000
   8  1  C     x     0.06279  -0.00464   0.06279  -0.00464
   9  1  C     y    -0.09913  -0.00268  -0.09913  -0.00268
  10  1  C     z     0.20307   0.00000  -0.20307   0.00000
  11  2  C     s    -0.01854  -0.05892  -0.01854  -0.05892
  12  2  C     s    -0.01300  -0.09823  -0.01300  -0.09823
  13  2  C     s    -0.00575   0.41221  -0.00575   0.41221
  14  2  C     s    -0.00373   0.15885  -0.00373   0.15885
  15  2  C     x     0.01366   0.51907   0.01366   0.51907
  16  2  C     y     0.00789  -0.04162   0.00789  -0.04162
  17  2  C     z    -0.00000   0.51196  -0.00000  -0.51196
  18  2  C     x     0.00464   0.05445   0.00464   0.05445
  19  2  C     y     0.00268  -0.10394   0.00268  -0.10394
  20  2  C     z    -0.00000   0.20307  -0.00000  -0.20307
  21  3  H     s    -0.05564  -0.00985  -0.05564  -0.00985
  22  3  H     s    -0.02858  -0.00400  -0.02858  -0.00400
  23  4  H     s    -0.00985  -0.05564  -0.00985  -0.05564
  24  4  H     s    -0.00400  -0.02858  -0.00400  -0.02858


      GENERAL CONTROLS ($GENCTL)
 ======================================
 Number of electron groups       =    2
 Maximum macro-iterations        =   12
 Energy threshold           = 10**(- 6)
 Restart calculation(0/1/2)      =    0
 Group#                     1  2
 Num. of electrons          8  6
 Num. of spins              0  0
 Num. of orbitals           4  6
 Method#                    1  2

 SYMBOLIC VB STRUCTURE(S) OF GROUP  2
 STR. NO.       RUMER PATTERN  
    1           1  2   3  4   5  6


 OVERLAP MATRIX OF VB ORBITALS FOR GROUP   2

        1      2      3      4      5      6
 =============================================
   1 1.0000
   2 0.5681 1.0000
   3 0.1693 0.2381 1.0000
   4 0.2381 0.1693 0.5681 1.0000
   5 0.1693 0.2381 0.1693 0.2381 1.0000
   6 0.2381 0.1693 0.2381 0.1693 0.5681 1.0000

 EIGENVALUES OF OVERLAP MATRIX OF VB ORBITALS
 ============================================
     0.2942D+00    0.5007D+00    0.5007D+00    0.1161D+01    0.1161D+01    0.2383D+01

 MAP FILE IS: ./MAP/MAP0600t                                                                  

 VB-ORBITAL OPTIMIZATION OF GROUP  2 ...
 GROUP =  2  ITER =  1 CMAX =  0.10274373544174
 GROUP =  2  ITER =  2 CMAX =  0.06912026943150
 GROUP =  2  ITER =  3 CMAX =  0.04502164895850
 GROUP =  2  ITER =  4 CMAX =  0.05421807237226
 GROUP =  2  ITER =  5 CMAX =  0.04377509538725
 GROUP =  2  ITER =  6 CMAX =  0.03533699339542
 GROUP =  2  ITER =  7 CMAX =  0.02593452909241
 GROUP =  2  ITER =  8 CMAX =  0.01513416962781
 GROUP =  2  ITER =  9 CMAX =  0.00418528985923
 GROUP =  2  ITER = 10 CMAX =  0.00145143664065
 GROUP =  2  ITER = 11 CMAX =  0.00053174293708

 ENERGY AND DIFF OF MACROITER    1 =    -76.8537279392    -76.8537279392

 VB-ORBITAL OPTIMIZATION OF GROUP  2 ...
 GROUP =  2  ITER =  1 CMAX =  0.00366299350431
 GROUP =  2  ITER =  2 CMAX =  0.00372308642385
 GROUP =  2  ITER =  3 CMAX =  0.00670341477710
 GROUP =  2  ITER =  4 CMAX =  0.01034065502814
 GROUP =  2  ITER =  5 CMAX =  0.01189801445693
 GROUP =  2  ITER =  6 CMAX =  0.00831070114926
 GROUP =  2  ITER =  7 CMAX =  0.00339070888770
 GROUP =  2  ITER =  8 CMAX =  0.00043571169387

 ENERGY AND DIFF OF MACROITER    2 =    -76.8634596982     -0.0097317589

 VB-ORBITAL OPTIMIZATION OF GROUP  2 ...
 GROUP =  2  ITER =  1 CMAX =  0.00388545829437
 GROUP =  2  ITER =  2 CMAX =  0.00495452315329
 GROUP =  2  ITER =  3 CMAX =  0.00834217856092
 GROUP =  2  ITER =  4 CMAX =  0.01124771580548
 GROUP =  2  ITER =  5 CMAX =  0.01020950944580
 GROUP =  2  ITER =  6 CMAX =  0.00568031035815
 GROUP =  2  ITER =  7 CMAX =  0.00112815313265
 GROUP =  2  ITER =  8 CMAX =  0.00002151386798

 ENERGY AND DIFF OF MACROITER    3 =    -76.8643671139     -0.0009074158

 VB-ORBITAL OPTIMIZATION OF GROUP  2 ...
 GROUP =  2  ITER =  1 CMAX =  0.00233235102408
 GROUP =  2  ITER =  2 CMAX =  0.00247748631493
 GROUP =  2  ITER =  3 CMAX =  0.00248129170941
 GROUP =  2  ITER =  4 CMAX =  0.00281124106331
 GROUP =  2  ITER =  5 CMAX =  0.00215949368047
 GROUP =  2  ITER =  6 CMAX =  0.00102483817607
 GROUP =  2  ITER =  7 CMAX =  0.00025194336863

 ENERGY AND DIFF OF MACROITER    4 =    -76.8646688656     -0.0003017516

 VB-ORBITAL OPTIMIZATION OF GROUP  2 ...
 GROUP =  2  ITER =  1 CMAX =  0.00054263974301

 ENERGY AND DIFF OF MACROITER    5 =    -76.8647107515     -0.0000418859

 VB-ORBITAL OPTIMIZATION OF GROUP  2 ...
 GROUP =  2  ITER =  1 CMAX =  0.00059723139770

 ENERGY AND DIFF OF MACROITER    6 =    -76.8647171834     -0.0000064319

 VB-ORBITAL OPTIMIZATION OF GROUP  2 ...
 GROUP =  2  ITER =  1 CMAX =  0.00048288849117

 ENERGY AND DIFF OF MACROITER    7 =    -76.8647185067     -0.0000013233

 VB-ORBITAL OPTIMIZATION OF GROUP  2 ...
 GROUP =  2  ITER =  1 CMAX =  0.00037273978995

 ENERGY AND DIFF OF MACROITER    8 =    -76.8647189123     -0.0000004055

 VB-ORBITAL OPTIMIZATION OF GROUP  2 ...
 GROUP =  2  ITER =  1 CMAX =  0.00027255718148

 OVERLAP MATRIX OF VB ORBITALS FOR GROUP   2

        1      2      3      4      5      6
 =============================================
   1 1.0000
   2 0.8709 1.0000
   3 0.6167 0.6658 1.0000
   4 0.6658 0.6167 0.8709 1.0000
   5 0.6167 0.6658 0.6167 0.6658 1.0000
   6 0.6658 0.6167 0.6658 0.6167 0.8709 1.0000

 EIGENVALUES OF OVERLAP MATRIX OF VB ORBITALS
 ============================================
     0.3090D-01    0.1782D+00    0.1782D+00    0.5885D+00    0.5885D+00    0.4436D+01

 ENERGY AND DIFF OF MACROITER    9 =    -76.8647190750     -0.0000001627

 MULLIKEN CHARGES ON ATOMS
 -------------------------
  ATOM             CHARGE 

    1            -0.24715
    2            -0.24715
    3             0.24715
    4             0.24715

 -------------------------


 ORBITALS OF EACH ELECTRON GROUP IN AO BASIS: ORBITAL(GROUP)
 ===========================================================================
    Orbital#             1         2         3         4         5         6
      Group#             1         1         1         1         2         2
 ---------------------------------------------------------------------------
  AO# LABELS
   1  1  C     s   0.60361  -0.00068  -0.01983   0.05147  -0.08901  -0.07280
   2  1  C     s   0.44142  -0.00099  -0.03038   0.07965  -0.12357  -0.09852
   3  1  C     s  -0.00638   0.00238   0.07848  -0.25425   0.36257   0.24255
   4  1  C     s  -0.00931   0.00324   0.04835  -0.22600   0.23402   0.09634
   5  1  C     x  -0.00748   0.00443  -0.07448  -0.38828  -0.44274  -0.18800
   6  1  C     y  -0.00432   0.00256  -0.04300  -0.22417   0.21508  -0.06755
   7  1  C     z   0.00000  -0.00000  -0.00000  -0.00000   0.00000   0.00000
   8  1  C     x  -0.00084  -0.00018  -0.01420  -0.05122  -0.04480   0.02210
   9  1  C     y  -0.00048  -0.00010  -0.00820  -0.02957   0.10592   0.04698
  10  1  C     z   0.00000  -0.00000  -0.00000  -0.00000   0.00000   0.00000
  11  2  C     s  -0.00068   0.60361   0.05147  -0.01983  -0.07280  -0.08901
  12  2  C     s  -0.00099   0.44142   0.07965  -0.03038  -0.09852  -0.12357
  13  2  C     s   0.00238  -0.00638  -0.25425   0.07848   0.24255   0.36257
  14  2  C     s   0.00324  -0.00931  -0.22600   0.04835   0.09634   0.23402
  15  2  C     x  -0.00443   0.00748   0.38828   0.07448   0.15250   0.03511
  16  2  C     y  -0.00256   0.00432   0.22417   0.04300   0.12904   0.49096
  17  2  C     z  -0.00000   0.00000  -0.00000  -0.00000  -0.00000   0.00001
  18  2  C     x   0.00018   0.00084   0.05122   0.01420  -0.05173  -0.06933
  19  2  C     y   0.00010   0.00048   0.02957   0.00820   0.00435   0.09176
  20  2  C     z   0.00000   0.00000  -0.00000  -0.00000   0.00000   0.00000
  21  3  H     s  -0.00770   0.00334  -0.00693  -0.30767   0.01027   0.04061
  22  3  H     s  -0.00447   0.00237  -0.00648  -0.17325  -0.05283  -0.00976
  23  4  H     s   0.00334  -0.00770  -0.30767  -0.00693   0.04061   0.01027
  24  4  H     s   0.00237  -0.00447  -0.17325  -0.00648  -0.00976  -0.05283

 ===========================================================================
    Orbital#             7         8         9        10
      Group#             2         2         2         2
 ---------------------------------------------------------------------------
  AO# LABELS
   1  1  C     s  -0.08901  -0.07280  -0.08901  -0.07280
   2  1  C     s  -0.12357  -0.09852  -0.12357  -0.09852
   3  1  C     s   0.36257   0.24255   0.36257   0.24255
   4  1  C     s   0.23402   0.09634   0.23401   0.09634
   5  1  C     x  -0.13701  -0.16137  -0.13702  -0.16137
   6  1  C     y  -0.31446  -0.11367  -0.31445  -0.11367
   7  1  C     z   0.35302   0.03074  -0.35303  -0.03075
   8  1  C     x   0.04080   0.04432   0.04080   0.04432
   9  1  C     y  -0.04234   0.00848  -0.04234   0.00848
  10  1  C     z   0.09884   0.02566  -0.09885  -0.02567
  11  2  C     s  -0.07280  -0.08901  -0.07280  -0.08901
  12  2  C     s  -0.09852  -0.12357  -0.09852  -0.12357
  13  2  C     s   0.24255   0.36257   0.24255   0.36257
  14  2  C     s   0.09634   0.23402   0.09634   0.23402
  15  2  C     x   0.17913   0.34084   0.17913   0.34083
  16  2  C     y   0.08292  -0.03858   0.08292  -0.03857
  17  2  C     z   0.03074   0.35302  -0.03074  -0.35303
  18  2  C     x  -0.02951   0.01627  -0.02951   0.01627
  19  2  C     y  -0.03415  -0.05651  -0.03415  -0.05650
  20  2  C     z   0.02566   0.09885  -0.02567  -0.09885
  21  3  H     s   0.01027   0.04061   0.01027   0.04061
  22  3  H     s  -0.05283  -0.00976  -0.05283  -0.00976
  23  4  H     s   0.04061   0.01027   0.04061   0.01027
  24  4  H     s  -0.00976  -0.05283  -0.00976  -0.05283


 WORDS OF DYNAMIC MEMORY USED IN VB2000 CODE ONLY:       65330

 STATISTICS OF CPU TIMES (SECONDS)
 CPU TIME FOR INITIALIZATION        0.010
 CPU TIME FOR MACROITERATION        0.421
 TOTAL CPU TIME                     0.431

