
 **************************************************************
 *                                                            *
 *                        V B 2 0 0 0                         *
 *                                                            *
 * An ab initio Valence-Bond Program Based on the Generalized *
 *    Product Function Method and the Algebrant Algorithm     *
 *                                                            *
 *                  Version 2.8 November 2017                 *
 *                     Stand-alone Version                    *
 *                      Compiler GFORTRAN                     *
 *                                                            *
 *     Memory = 12500000 for MAP file up to 16 electrons      *
 *                                                            *
 *         Jiabo Li*, Brian Duke** and Roy McWeeny***         *
 *                                                            *
 *        * SciNet Technologies, 9943 Fieldthorn St.,         *
 *                   San Diego, CA 92127, USA                 *
 *                                                            *
 *  ** Monash University Institute of Pharmaceutical Sciences,*
 *          Monash University, 381 Royal Pde, Parkville,      *
 *                    Victoria, 3052, Australia               *
 *                                                            *
 *      *** Department of Chemistry, University of Pisa,      *
 *                       56100 Pisa, Italy                    *
 *                                                            *
 *  Reference for the software:                               *
 *     Jiabo Li, Brian Duke, and Roy McWeeny, VB2000 Version  *
 *     2.8, SciNet Technologies, San Diego, CA, 2013          *
 *     URL: http://www.scinetec.com or http://www.vb2000.net  *
 *                                                            *
 *  References for the theory:                                *
 *     General:                                               *
 *     Jiabo Li, and Roy McWeeny, "VB2000: Pushing Valence    *
 *     Bond Theory to New Limits", Int. J. Quantum Chem.,     *
 *     89(2002)208-216.                                       *
 *                                                            *
 *     Spin densities:-                                       *
 *     Jiabo Li, Brian J. Duke, Thomas M. Klapoetke, and Roy  *
 *     McWeeny, Spin-Density of Spin-Free Valence Bond Wave   *
 *     Functions and Its Implementation in VB2000. J. Theor.  *
 *     Comp. Chem. 7(2008)853-867.                            *
 *                                                            *
 *     Spin coupled - n electrons in m orbitals:-             *
 *     Peter B. Karadakov, David L. Cooper, Brian J. Duke,    *
 *     and Jiabo Li, Spin-Coupled Theory for N Electrons in   *
 *     M Orbitals Active Spaces,  J. Phys. Chem. A, 116,      *
 *     7238 - 7244, 2012                                      *
 *                                                            *
 *     Copyright (C) 2018 GNU General Public License          *
 **************************************************************

 JOB NAME IS c2h2oldbanana                                                   

 VB2000 DIRECTORY IS: .                                                                               
 MAXIMUM DYNAMIC MEMORY IS:        6500000

 Input of molecule
 =================
 #! VB(10)/D95 UNITS=BOHR                                                        
                                                                                 
 Title: TEST C2H2 TRIPLE BANANA BOND                                                    
        THE OLD METHOD FOR CONSTRUCTION OF THREE BANANA LMO BONDS                       
        THIS APPROACH IS NOT GENERAL.                                                   

 Charge =  0 Multiplicity =  1

 BASIS SET FILE IS: ./BASET/D95                                                                     

 Cartesian coordinates of atoms in Angstrom
 ----------------------------------------------------
                    X             Y             Z   

  C     6.0      0.000000      0.000000      0.610009
  C     6.0      0.000000      0.000000     -0.610009
  H     1.0      0.000000      0.000000      1.690007
  H     1.0      0.000000      0.000000     -1.690007
 ----------------------------------------------------

 Total number of two-electron integrals =        16096
 Time for integral evaluation                    0.039

 SKIPPED INTEGRALS =                             27566
 Number of iter =     11, DMAX =        0.000009881018
 Final Hartree-Fock Energy =          -76.797430415902

 Molecular orbitals by HF method
 ===============================================================================
 MO#                       1         2         3         4         5         6
 E(a.u.)             -11.268   -11.265    -1.036    -0.760    -0.676    -0.411
 -------------------------------------------------------------------------------

   1  1  C     s    -0.42476   0.42509   0.10360   0.06762   0.00532   0.00000
   2  1  C     s    -0.30916   0.30959   0.13869   0.09083   0.00845   0.00000
   3  1  C     s    -0.00341   0.00267  -0.37172  -0.24062  -0.04429  -0.00000
   4  1  C     s    -0.00015  -0.00105  -0.21341  -0.19677  -0.07852  -0.00000
   5  1  C     x    -0.00000  -0.00000  -0.00000  -0.00000  -0.00000  -0.42584
   6  1  C     y    -0.00000  -0.00000  -0.00000  -0.00000  -0.00000   0.23839
   7  1  C     z     0.00083   0.00022   0.18236  -0.25930  -0.43494  -0.00000
   8  1  C     x     0.00000   0.00000  -0.00000   0.00000   0.00000  -0.15290
   9  1  C     y     0.00000   0.00000  -0.00000  -0.00000  -0.00000   0.08559
  10  1  C     z    -0.00040   0.00052  -0.04363  -0.02815  -0.04106   0.00000
  11  2  C     s    -0.42476  -0.42509   0.10360  -0.06762   0.00532  -0.00000
  12  2  C     s    -0.30916  -0.30959   0.13869  -0.09083   0.00845  -0.00000
  13  2  C     s    -0.00341  -0.00267  -0.37172   0.24062  -0.04429  -0.00000
  14  2  C     s    -0.00015   0.00105  -0.21341   0.19677  -0.07852   0.00000
  15  2  C     x    -0.00000  -0.00000  -0.00000  -0.00000  -0.00000  -0.42584
  16  2  C     y     0.00000   0.00000   0.00000  -0.00000  -0.00000   0.23839
  17  2  C     z    -0.00083   0.00022  -0.18236  -0.25930   0.43494   0.00000
  18  2  C     x    -0.00000  -0.00000   0.00000  -0.00000  -0.00000  -0.15290
  19  2  C     y     0.00000   0.00000   0.00000   0.00000   0.00000   0.08559
  20  2  C     z     0.00040   0.00052   0.04363  -0.02815   0.04106   0.00000
  21  3  H     s    -0.00048   0.00043  -0.08052  -0.21195  -0.20893  -0.00000
  22  3  H     s     0.00023  -0.00026   0.00521  -0.11350  -0.12817  -0.00000
  23  4  H     s    -0.00048  -0.00043  -0.08052   0.21195  -0.20893  -0.00000
  24  4  H     s     0.00023   0.00026   0.00521   0.11350  -0.12817   0.00000

 MO#                       7         8         9        10        11        12
 E(a.u.)              -0.411     0.171     0.171     0.234     0.340     0.353
 -------------------------------------------------------------------------------

   1  1  C     s    -0.00000   0.00000   0.00000   0.05226   0.01148  -0.03345
   2  1  C     s    -0.00000  -0.00000   0.00000   0.06752   0.01318  -0.05136
   3  1  C     s     0.00000  -0.00000  -0.00000  -0.02790   0.06970   0.23214
   4  1  C     s    -0.00000   0.00000  -0.00000  -3.35358  -0.64583  -1.01112
   5  1  C     x    -0.23839  -0.38240   0.01409  -0.00000  -0.00000  -0.00000
   6  1  C     y    -0.42584   0.01409   0.38240  -0.00000  -0.00000  -0.00000
   7  1  C     z     0.00000   0.00000  -0.00000  -0.10513  -0.51689  -0.05147
   8  1  C     x    -0.08559  -0.95521   0.03521  -0.00000  -0.00000   0.00000
   9  1  C     y    -0.15290   0.03521   0.95521  -0.00000   0.00000   0.00000
  10  1  C     z     0.00000  -0.00000   0.00000   1.99402   0.21155   2.41775
  11  2  C     s     0.00000   0.00000  -0.00000  -0.05226   0.01148   0.03345
  12  2  C     s     0.00000   0.00000   0.00000  -0.06752   0.01318   0.05136
  13  2  C     s    -0.00000  -0.00000  -0.00000   0.02790   0.06970  -0.23214
  14  2  C     s     0.00000  -0.00000   0.00000   3.35358  -0.64583   1.01112
  15  2  C     x    -0.23839   0.38240  -0.01409   0.00000   0.00000   0.00000
  16  2  C     y    -0.42584  -0.01409  -0.38240   0.00000  -0.00000   0.00000
  17  2  C     z    -0.00000   0.00000  -0.00000  -0.10513   0.51689  -0.05147
  18  2  C     x    -0.08559   0.95521  -0.03521   0.00000   0.00000   0.00000
  19  2  C     y    -0.15290  -0.03521  -0.95521   0.00000   0.00000  -0.00000
  20  2  C     z     0.00000  -0.00000   0.00000   1.99402  -0.21155   2.41775
  21  3  H     s     0.00000  -0.00000   0.00000   0.06166   0.06186  -0.14758
  22  3  H     s    -0.00000   0.00000  -0.00000  -0.15195   0.84673  -2.09828
  23  4  H     s    -0.00000  -0.00000   0.00000  -0.06166   0.06186   0.14758
  24  4  H     s     0.00000  -0.00000   0.00000   0.15195   0.84673   2.09828


 VBO LIB IS: ./VBOLIB/VBOLIBD95                                                              

 PARTITIONING OF LMOs INTO GROUPS ($LMOGRPMODIFY)
 ================================================
 LMO#     1  2  3  4  5  6  7
 Group#   1  1  2  2  2  2  2
 Split    0  0  1  1  1  1  1



      GENERAL CONTROLS ($GENCTL)
 ======================================
 Number of electron groups       =    2
 Maximum macro-iterations        =   12
 Energy threshold           = 10**(- 6)
 Restart calculation(0/1/2)      =    0
 Group#                     1  2
 Num. of electrons          4 10
 Num. of spins              0  0
 Num. of orbitals           2 10
 Method#                    1  2

 SYMBOLIC VB STRUCTURE(S) OF GROUP  2
 STR. NO.       RUMER PATTERN  
    1           1  2   3  4   5  6   7  8   9 10


 OVERLAP MATRIX OF VB ORBITALS FOR GROUP   2

        1      2      3      4      5      6      7      8      9     10
 =========================================================================
   1 1.0000
   2 0.5011 1.0000
   3-0.0519-0.0900 1.0000
   4-0.0413-0.0358 0.6734 1.0000
   5 0.0900 0.0519 0.0314 0.0053 1.0000
   6 0.0358 0.0413 0.0053-0.0042 0.6734 1.0000
   7-0.0698 0.0893-0.0519-0.0413 0.0900 0.0358 1.0000
   8 0.0893-0.0698-0.0900-0.0358 0.0519 0.0413 0.5011 1.0000
   9-0.0698 0.0893-0.0519-0.0413 0.0900 0.0358-0.0698 0.0893 1.0000
  10 0.0893-0.0698-0.0900-0.0358 0.0519 0.0413 0.0893-0.0698 0.5011 1.0000

 MAP FILE IS: ./MAP/MAP1000t                                                                  

 ENERGY AND DIFF OF MACROITER    1 =    -76.8877986539    -76.8877986539

 ENERGY AND DIFF OF MACROITER    2 =    -76.8947365672     -0.0069379132

 ENERGY AND DIFF OF MACROITER    3 =    -76.8951041730     -0.0003676058

 ENERGY AND DIFF OF MACROITER    4 =    -76.8951092478     -0.0000050748

 ENERGY AND DIFF OF MACROITER    5 =    -76.8951093966     -0.0000001487

 OVERLAP MATRIX OF VB ORBITALS FOR GROUP   2

        1      2      3      4      5      6      7      8      9     10
 =========================================================================
   1 1.0000
   2 0.8662 1.0000
   3 0.1406 0.0470 1.0000
   4 0.0235-0.0293 0.8293 1.0000
   5-0.0470-0.1406 0.0573 0.0379 1.0000
   6 0.0293-0.0235 0.0379 0.0120 0.8293 1.0000
   7 0.6194 0.6624 0.1406 0.0235-0.0470 0.0293 1.0000
   8 0.6624 0.6194 0.0470-0.0293-0.1406-0.0235 0.8662 1.0000
   9 0.6194 0.6624 0.1406 0.0235-0.0470 0.0293 0.6194 0.6624 1.0000
  10 0.6624 0.6194 0.0470-0.0293-0.1406-0.0235 0.6624 0.6194 0.8662 1.0000

 ENERGY AND DIFF OF MACROITER    6 =    -76.8951094316     -0.0000000351

 MULLIKEN CHARGES ON ATOMS
 -------------------------
  ATOM             CHARGE 

    1            -0.21918
    2            -0.21918
    3             0.21918
    4             0.21918

 -------------------------


 ORBITALS OF EACH ELECTRON GROUP IN AO BASIS: ORBITAL(GROUP)
 ===========================================================================
    Orbital#             1         2         3         4         5         6
      Group#             1         1         2         2         2         2
 ---------------------------------------------------------------------------
  AO# LABELS
   1  1  C     s   0.00061   0.60178   0.09038   0.06715   0.03837   0.01559
   2  1  C     s   0.00085   0.43881   0.12535   0.09085   0.05095   0.02066
   3  1  C     s  -0.00260   0.00120  -0.36529  -0.22083  -0.11412  -0.04625
   4  1  C     s  -0.00064  -0.00282  -0.23679  -0.07820   0.00505  -0.10743
   5  1  C     x   0.00000   0.00000  -0.35442  -0.03089   0.00000   0.00000
   6  1  C     y   0.00000   0.00000   0.19840   0.01730   0.00000   0.00000
   7  1  C     z   0.00226   0.00208   0.28547   0.23361   0.09420   0.05288
   8  1  C     x   0.00000   0.00000  -0.09918  -0.02585   0.00000   0.00000
   9  1  C     y   0.00000   0.00000   0.05552   0.01447   0.00000   0.00000
  10  1  C     z  -0.00044   0.00039  -0.01296  -0.03795  -0.04617   0.05839
  11  2  C     s   0.60178   0.00061   0.06714   0.09038  -0.08864  -0.04056
  12  2  C     s   0.43881   0.00085   0.09085   0.12535  -0.12158  -0.05314
  13  2  C     s   0.00120  -0.00260  -0.22082  -0.36530   0.43863   0.05651
  14  2  C     s  -0.00282  -0.00064  -0.07820  -0.23679   0.17041   0.21984
  15  2  C     x   0.00000   0.00000  -0.03090  -0.35439   0.00000   0.00000
  16  2  C     y   0.00000   0.00000   0.01730   0.19840   0.00000   0.00000
  17  2  C     z  -0.00208  -0.00226  -0.23360  -0.28547  -0.66642  -0.18932
  18  2  C     x   0.00000   0.00000  -0.02585  -0.09917   0.00000   0.00000
  19  2  C     y   0.00000   0.00000   0.01447   0.05552   0.00000   0.00000
  20  2  C     z  -0.00039   0.00044   0.03795   0.01296  -0.09178  -0.00265
  21  3  H     s  -0.00001   0.00029  -0.00736  -0.01500  -0.00621   0.00633
  22  3  H     s   0.00054   0.00001   0.05475   0.02430   0.03156  -0.01638
  23  4  H     s   0.00029  -0.00001  -0.01500  -0.00736   0.06026   0.54087
  24  4  H     s   0.00001   0.00054   0.02430   0.05475   0.03550   0.31395

 ===========================================================================
    Orbital#             7         8         9        10        11        12
      Group#             2         2         2         2         2         2
 ---------------------------------------------------------------------------
  AO# LABELS
   1  1  C     s   0.08864   0.04056   0.09038   0.06715   0.09038   0.06715
   2  1  C     s   0.12159   0.05314   0.12535   0.09085   0.12535   0.09085
   3  1  C     s  -0.43863  -0.05651  -0.36529  -0.22083  -0.36528  -0.22083
   4  1  C     s  -0.17041  -0.21984  -0.23678  -0.07820  -0.23678  -0.07821
   5  1  C     x  -0.00000  -0.00000   0.00539   0.00048   0.34904   0.03043
   6  1  C     y  -0.00000  -0.00000  -0.40614  -0.03540   0.20774   0.01811
   7  1  C     z  -0.66642  -0.18932   0.28547   0.23361   0.28546   0.23361
   8  1  C     x  -0.00000   0.00000   0.00151   0.00039   0.09768   0.02546
   9  1  C     y  -0.00000  -0.00000  -0.11365  -0.02962   0.05814   0.01515
  10  1  C     z  -0.09178  -0.00265  -0.01296  -0.03795  -0.01296  -0.03795
  11  2  C     s  -0.03837  -0.01559   0.06714   0.09038   0.06714   0.09038
  12  2  C     s  -0.05095  -0.02066   0.09085   0.12535   0.09085   0.12535
  13  2  C     s   0.11412   0.04625  -0.22082  -0.36530  -0.22081  -0.36529
  14  2  C     s  -0.00505   0.10743  -0.07820  -0.23679  -0.07820  -0.23678
  15  2  C     x  -0.00000   0.00000   0.00047   0.00540   0.03044   0.34901
  16  2  C     y  -0.00000   0.00000  -0.03541  -0.40611   0.01812   0.20772
  17  2  C     z   0.09420   0.05288  -0.23360  -0.28547  -0.23360  -0.28547
  18  2  C     x  -0.00000   0.00000   0.00039   0.00151   0.02546   0.09767
  19  2  C     y  -0.00000   0.00000  -0.02963  -0.11365   0.01515   0.05813
  20  2  C     z  -0.04617   0.05839   0.03795   0.01296   0.03795   0.01296
  21  3  H     s  -0.06026  -0.54087  -0.00736  -0.01500  -0.00736  -0.01500
  22  3  H     s  -0.03550  -0.31395   0.05475   0.02430   0.05475   0.02430
  23  4  H     s   0.00621  -0.00633  -0.01500  -0.00736  -0.01500  -0.00736
  24  4  H     s  -0.03156   0.01638   0.02430   0.05475   0.02430   0.05475


 WORDS OF DYNAMIC MEMORY USED IN VB2000 CODE ONLY:       74706

 STATISTICS OF CPU TIMES (SECONDS)
 CPU TIME FOR INITIALIZATION        0.008
 CPU TIME FOR MACROITERATION        3.650
 TOTAL CPU TIME                     3.658

