
 **************************************************************
 *                                                            *
 *                        V B 2 0 0 0                         *
 *                                                            *
 * An ab initio Valence-Bond Program Based on the Generalized *
 *    Product Function Method and the Algebrant Algorithm     *
 *                                                            *
 *                  Version 2.8 November 2017                 *
 *                     Stand-alone Version                    *
 *                      Compiler GFORTRAN                     *
 *                                                            *
 *     Memory = 12500000 for MAP file up to 16 electrons      *
 *                                                            *
 *         Jiabo Li*, Brian Duke** and Roy McWeeny***         *
 *                                                            *
 *        * SciNet Technologies, 9943 Fieldthorn St.,         *
 *                   San Diego, CA 92127, USA                 *
 *                                                            *
 *  ** Monash University Institute of Pharmaceutical Sciences,*
 *          Monash University, 381 Royal Pde, Parkville,      *
 *                    Victoria, 3052, Australia               *
 *                                                            *
 *      *** Department of Chemistry, University of Pisa,      *
 *                       56100 Pisa, Italy                    *
 *                                                            *
 *  Reference for the software:                               *
 *     Jiabo Li, Brian Duke, and Roy McWeeny, VB2000 Version  *
 *     2.8, SciNet Technologies, San Diego, CA, 2013          *
 *     URL: http://www.scinetec.com or http://www.vb2000.net  *
 *                                                            *
 *  References for the theory:                                *
 *     General:                                               *
 *     Jiabo Li, and Roy McWeeny, "VB2000: Pushing Valence    *
 *     Bond Theory to New Limits", Int. J. Quantum Chem.,     *
 *     89(2002)208-216.                                       *
 *                                                            *
 *     Spin densities:-                                       *
 *     Jiabo Li, Brian J. Duke, Thomas M. Klapoetke, and Roy  *
 *     McWeeny, Spin-Density of Spin-Free Valence Bond Wave   *
 *     Functions and Its Implementation in VB2000. J. Theor.  *
 *     Comp. Chem. 7(2008)853-867.                            *
 *                                                            *
 *     Spin coupled - n electrons in m orbitals:-             *
 *     Peter B. Karadakov, David L. Cooper, Brian J. Duke,    *
 *     and Jiabo Li, Spin-Coupled Theory for N Electrons in   *
 *     M Orbitals Active Spaces,  J. Phys. Chem. A, 116,      *
 *     7238 - 7244, 2012                                      *
 *                                                            *
 *     Copyright (C) 2018 GNU General Public License          *
 **************************************************************

 JOB NAME IS c2h4vb12                                                        

 VB2000 DIRECTORY IS: .                                                                               
 MAXIMUM DYNAMIC MEMORY IS:        6500000

 Input of molecule
 =================
 #! VB(12)/D95                                                                   
                                                                                 
 Title: TEST C2H4 DOUBLE BOND. ALL VALENCE ELECTRONS AND BONDS                          

 Charge =  0 Multiplicity =  1

 BASIS SET FILE IS: ./BASET/D95                                                                     

 Cartesian coordinates of atoms in Angstrom
 ----------------------------------------------------
                    X             Y             Z   

  C     6.0      0.000000      0.000000      0.000000
  C     6.0      0.000000      0.000000      1.319979
  H     1.0      0.935305      0.000000     -0.539999
  H     1.0     -0.935305      0.000000     -0.539999
  H     1.0     -0.935305      0.000000      1.859978
  H     1.0      0.935305      0.000000      1.859978
 ----------------------------------------------------

 Total number of two-electron integrals =        46605
 Time for integral evaluation                    0.070

 SKIPPED INTEGRALS =                             34528
 Number of iter =     13, DMAX =        0.000006423951
 Final Hartree-Fock Energy =          -78.010726890782

 Molecular orbitals by HF method
 ===============================================================================
 MO#                       1         2         3         4         5         6
 E(a.u.)             -11.239   -11.237    -1.047    -0.788    -0.656    -0.583
 -------------------------------------------------------------------------------

   1  1  C     s     0.42478  -0.42498   0.09716   0.07452   0.00000  -0.00551
   2  1  C     s     0.30920  -0.30947   0.13061   0.10134   0.00000  -0.00776
   3  1  C     s     0.00361  -0.00311  -0.35416  -0.27785  -0.00000   0.02215
   4  1  C     s    -0.00025   0.00122  -0.20358  -0.25016   0.00000  -0.03717
   5  1  C     x    -0.00000  -0.00000  -0.00000   0.00000  -0.37999   0.00000
   6  1  C     y     0.00000   0.00000  -0.00000  -0.00000  -0.00000   0.00000
   7  1  C     z     0.00056   0.00023  -0.13060   0.19465   0.00000   0.47892
   8  1  C     x     0.00000  -0.00000   0.00000  -0.00000  -0.05947   0.00000
   9  1  C     y    -0.00000  -0.00000  -0.00000  -0.00000  -0.00000  -0.00000
  10  1  C     z    -0.00016   0.00038   0.01688   0.01073  -0.00000   0.06188
  11  2  C     s     0.42478   0.42498   0.09716  -0.07452  -0.00000  -0.00551
  12  2  C     s     0.30920   0.30947   0.13061  -0.10134  -0.00000  -0.00776
  13  2  C     s     0.00361   0.00311  -0.35416   0.27785   0.00000   0.02215
  14  2  C     s    -0.00025  -0.00122  -0.20358   0.25016   0.00000  -0.03717
  15  2  C     x     0.00000   0.00000  -0.00000  -0.00000  -0.37999   0.00000
  16  2  C     y    -0.00000  -0.00000  -0.00000  -0.00000  -0.00000   0.00000
  17  2  C     z    -0.00056   0.00023   0.13060   0.19465  -0.00000  -0.47892
  18  2  C     x    -0.00000   0.00000  -0.00000   0.00000  -0.05947  -0.00000
  19  2  C     y     0.00000   0.00000   0.00000   0.00000   0.00000   0.00000
  20  2  C     z     0.00016   0.00038  -0.01688   0.01073  -0.00000  -0.06188
  21  3  H     s     0.00033  -0.00040  -0.08471  -0.14768  -0.15206  -0.12149
  22  3  H     s     0.00006   0.00000  -0.01498  -0.07097  -0.09802  -0.09838
  23  4  H     s     0.00033  -0.00040  -0.08471  -0.14768   0.15206  -0.12149
  24  4  H     s     0.00006   0.00000  -0.01498  -0.07097   0.09802  -0.09838
  25  5  H     s     0.00033   0.00040  -0.08471   0.14768   0.15206  -0.12149
  26  5  H     s     0.00006  -0.00000  -0.01498   0.07097   0.09802  -0.09838
  27  6  H     s     0.00033   0.00040  -0.08471   0.14768  -0.15206  -0.12149
  28  6  H     s     0.00006  -0.00000  -0.01498   0.07097  -0.09802  -0.09838

 MO#                       7         8         9        10        11        12
 E(a.u.)              -0.506    -0.380     0.150     0.262     0.284     0.379
 -------------------------------------------------------------------------------

   1  1  C     s    -0.00000   0.00000  -0.00000   0.04569   0.03745   0.00000
   2  1  C     s    -0.00000   0.00000  -0.00000   0.05956   0.05186   0.00000
   3  1  C     s     0.00000  -0.00000   0.00000  -0.02035  -0.10497  -0.00000
   4  1  C     s    -0.00000   0.00000  -0.00000  -2.88979  -1.66496  -0.00000
   5  1  C     x     0.37418  -0.00000   0.00000   0.00000  -0.00000  -0.39943
   6  1  C     y     0.00000   0.46410   0.39523  -0.00000   0.00000   0.00000
   7  1  C     z     0.00000  -0.00000   0.00000   0.05021   0.12580  -0.00000
   8  1  C     x     0.13174  -0.00000  -0.00000  -0.00000  -0.00000  -1.04846
   9  1  C     y    -0.00000   0.21058   0.85495  -0.00000  -0.00000  -0.00000
  10  1  C     z    -0.00000  -0.00000  -0.00000  -1.77163   1.02293   0.00000
  11  2  C     s    -0.00000  -0.00000   0.00000  -0.04569   0.03745  -0.00000
  12  2  C     s    -0.00000  -0.00000   0.00000  -0.05956   0.05186  -0.00000
  13  2  C     s    -0.00000   0.00000  -0.00000   0.02035  -0.10497   0.00000
  14  2  C     s     0.00000   0.00000   0.00000   2.88979  -1.66496   0.00000
  15  2  C     x    -0.37418   0.00000  -0.00000   0.00000  -0.00000  -0.39943
  16  2  C     y     0.00000   0.46410  -0.39523   0.00000   0.00000   0.00000
  17  2  C     z     0.00000   0.00000   0.00000   0.05021  -0.12580   0.00000
  18  2  C     x    -0.13174   0.00000  -0.00000   0.00000  -0.00000  -1.04846
  19  2  C     y     0.00000   0.21058  -0.85495   0.00000   0.00000   0.00000
  20  2  C     z    -0.00000   0.00000  -0.00000  -1.77163  -1.02293   0.00000
  21  3  H     s     0.19240  -0.00000   0.00000   0.00024   0.02845   0.07326
  22  3  H     s     0.14662  -0.00000   0.00000   0.06036   1.07926   1.36447
  23  4  H     s    -0.19240   0.00000  -0.00000   0.00024   0.02845  -0.07326
  24  4  H     s    -0.14662   0.00000  -0.00000   0.06036   1.07926  -1.36447
  25  5  H     s     0.19240  -0.00000   0.00000  -0.00024   0.02845  -0.07326
  26  5  H     s     0.14662  -0.00000  -0.00000  -0.06036   1.07926  -1.36447
  27  6  H     s    -0.19240   0.00000  -0.00000  -0.00024   0.02845   0.07326
  28  6  H     s    -0.14662   0.00000   0.00000  -0.06036   1.07926   1.36447

 MO#                      13
 E(a.u.)               0.399
 -------------------------------------------------------------------------------

   1  1  C     s     0.03042
   2  1  C     s     0.04291
   3  1  C     s    -0.09578
   4  1  C     s    -0.95390
   5  1  C     x     0.00000
   6  1  C     y     0.00000
   7  1  C     z     0.15315
   8  1  C     x    -0.00000
   9  1  C     y    -0.00000
  10  1  C     z     1.42533
  11  2  C     s    -0.03042
  12  2  C     s    -0.04291
  13  2  C     s     0.09578
  14  2  C     s     0.95390
  15  2  C     x    -0.00000
  16  2  C     y     0.00000
  17  2  C     z     0.15315
  18  2  C     x     0.00000
  19  2  C     y     0.00000
  20  2  C     z     1.42533
  21  3  H     s     0.07463
  22  3  H     s     1.46748
  23  4  H     s     0.07463
  24  4  H     s     1.46748
  25  5  H     s    -0.07463
  26  5  H     s    -1.46748
  27  6  H     s    -0.07463
  28  6  H     s    -1.46748


 VBO LIB IS: ./VBOLIB/VBOLIBD95                                                              

 PARTITIONING OF LMOs INTO GROUPS ($LMOGRPMODIFY)
 ================================================
 LMO#     1  2  3  4  5  6  7  8
 Group#   1  1  2  2  2  2  2  2
 Split    0  0  1  1  1  1  1  1



      GENERAL CONTROLS ($GENCTL)
 ======================================
 Number of electron groups       =    2
 Maximum macro-iterations        =   12
 Energy threshold           = 10**(- 6)
 Restart calculation(0/1/2)      =    0
 Group#                     1  2
 Num. of electrons          4 12
 Num. of spins              0  0
 Num. of orbitals           2 12
 Method#                    1  2

 SYMBOLIC VB STRUCTURE(S) OF GROUP  2
 STR. NO.       RUMER PATTERN  
    1           1  2   3  4   5  6   7  8   9 10  11 12

 $02VBSCF VALUES ARE EPS = 0.00100000 AND MAXIT =  5

 OVERLAP MATRIX OF VB ORBITALS FOR GROUP   2

        1      2      3      4      5      6      7      8      9     10     11     12
 =======================================================================================
   1 1.0000
   2 0.7361 1.0000
   3 0.0976 0.1601 1.0000
   4 0.1110 0.1481 0.6950 1.0000
   5 0.1601 0.0976-0.1158-0.0273 1.0000
   6 0.1481 0.1110-0.0273 0.0126 0.6950 1.0000
   7 0.1601 0.0976 0.1579 0.0787 0.0947 0.1114 1.0000
   8 0.1481 0.1110 0.0787 0.0486 0.1114 0.1257 0.6950 1.0000
   9 0.0976 0.1601 0.0947 0.1114 0.1579 0.0787-0.1158-0.0273 1.0000
  10 0.1110 0.1481 0.1114 0.1257 0.0787 0.0486-0.0273 0.0126 0.6950 1.0000
  11 0.0000-0.0000-0.0000-0.0000-0.0000-0.0000-0.0000-0.0000-0.0000-0.0000 1.0000
  12-0.0000 0.0000-0.0000-0.0000-0.0000-0.0000-0.0000-0.0000-0.0000-0.0000 0.3697 1.0000

 MAP FILE IS: ./MAP/MAP1200t                                                                  
 VBSCF NOT CONVERGED. CMAX =  0.00731527591420 AFTER   6 ITERATIONS

 ENERGY AND DIFF OF MACROITER    1 =    -78.0946472691    -78.0946472691

 ENERGY AND DIFF OF MACROITER    2 =    -78.1113030000     -0.0166557309

 ENERGY AND DIFF OF MACROITER    3 =    -78.1115812270     -0.0002782270

 ENERGY AND DIFF OF MACROITER    4 =    -78.1115846979     -0.0000034709

 ENERGY AND DIFF OF MACROITER    5 =    -78.1115849259     -0.0000002280

 OVERLAP MATRIX OF VB ORBITALS FOR GROUP   2

        1      2      3      4      5      6      7      8      9     10     11     12
 =======================================================================================
   1 1.0000
   2 0.8917 1.0000
   3 0.2248 0.1723 1.0000
   4 0.1661 0.1286 0.8352 1.0000
   5 0.1723 0.2248-0.0860-0.0317 1.0000
   6 0.1286 0.1661-0.0317 0.0074 0.8352 1.0000
   7 0.1723 0.2248 0.1208 0.0575 0.2174 0.1542 1.0000
   8 0.1286 0.1661 0.0575 0.0102 0.1542 0.1141 0.8352 1.0000
   9 0.2248 0.1723 0.2174 0.1542 0.1208 0.0575-0.0860-0.0317 1.0000
  10 0.1661 0.1286 0.1542 0.1141 0.0575 0.0102-0.0317 0.0074 0.8352 1.0000
  11 0.0008 0.0010 0.0002 0.0002 0.0002 0.0001 0.0002 0.0001 0.0002 0.0002 1.0000
  12 0.0010 0.0008 0.0002 0.0001 0.0002 0.0002 0.0002 0.0002 0.0002 0.0001 0.6462 1.0000

 ENERGY AND DIFF OF MACROITER    6 =    -78.1115850001     -0.0000000742

 MULLIKEN CHARGES ON ATOMS
 -------------------------
  ATOM             CHARGE 

    1            -0.31325
    2            -0.31325
    3             0.15663
    4             0.15663
    5             0.15663
    6             0.15663

 -------------------------


 ORBITALS OF EACH ELECTRON GROUP IN AO BASIS: ORBITAL(GROUP)
 ===========================================================================
    Orbital#             1         2         3         4         5         6
      Group#             1         1         2         2         2         2
 ---------------------------------------------------------------------------
  AO# LABELS
   1  1  C     s  -0.60108   0.00011   0.10958   0.05663   0.10193   0.04731
   2  1  C     s  -0.43786   0.00015   0.14902   0.07529   0.14067   0.06180
   3  1  C     s  -0.00393  -0.00022  -0.50287  -0.10986  -0.46474  -0.09302
   4  1  C     s   0.00201  -0.00080  -0.19462  -0.10753  -0.26936  -0.15202
   5  1  C     x  -0.00000  -0.00000  -0.00000   0.00000  -0.51818  -0.12966
   6  1  C     y  -0.00000  -0.00000  -0.00025   0.00019  -0.00000   0.00000
   7  1  C     z  -0.00068  -0.00025  -0.56277  -0.13736   0.32570   0.07963
   8  1  C     x  -0.00000  -0.00000  -0.00000   0.00000  -0.11939  -0.02551
   9  1  C     y  -0.00000  -0.00000   0.00005  -0.00006  -0.00000  -0.00000
  10  1  C     z   0.00033  -0.00024  -0.00129  -0.02987   0.04717   0.01316
  11  2  C     s   0.00011  -0.60108   0.05663   0.10958  -0.00041  -0.00013
  12  2  C     s   0.00015  -0.43786   0.07529   0.14902  -0.00161  -0.00050
  13  2  C     s  -0.00022  -0.00393  -0.10985  -0.50287   0.00692   0.00189
  14  2  C     s  -0.00080   0.00201  -0.10753  -0.19462   0.00878   0.05313
  15  2  C     x   0.00000   0.00000   0.00000  -0.00000  -0.03261  -0.01285
  16  2  C     y  -0.00000  -0.00000   0.00019  -0.00025  -0.00000   0.00000
  17  2  C     z   0.00025   0.00068   0.13736   0.56277  -0.00411  -0.00497
  18  2  C     x   0.00000   0.00000   0.00000  -0.00000   0.05714  -0.01189
  19  2  C     y  -0.00000  -0.00000  -0.00006   0.00005  -0.00000  -0.00000
  20  2  C     z   0.00024  -0.00033   0.02987   0.00129  -0.00529  -0.03627
  21  3  H     s  -0.00003   0.00001  -0.01084  -0.00759  -0.07141  -0.54239
  22  3  H     s   0.00013  -0.00010   0.04464   0.02958  -0.03122  -0.34778
  23  4  H     s  -0.00003   0.00001  -0.01084  -0.00759  -0.00069  -0.00462
  24  4  H     s   0.00013  -0.00010   0.04464   0.02958   0.01345   0.04560
  25  5  H     s   0.00001  -0.00003  -0.00759  -0.01084  -0.00313  -0.00964
  26  5  H     s  -0.00010   0.00013   0.02958   0.04464  -0.00052  -0.03072
  27  6  H     s   0.00001  -0.00003  -0.00759  -0.01084   0.00692   0.00930
  28  6  H     s  -0.00010   0.00013   0.02958   0.04464  -0.01229   0.03665

 ===========================================================================
    Orbital#             7         8         9        10        11        12
      Group#             2         2         2         2         2         2
 ---------------------------------------------------------------------------
  AO# LABELS
   1  1  C     s  -0.00041  -0.00013  -0.00041  -0.00013   0.10193   0.04731
   2  1  C     s  -0.00161  -0.00050  -0.00161  -0.00050   0.14067   0.06180
   3  1  C     s   0.00692   0.00189   0.00692   0.00189  -0.46474  -0.09302
   4  1  C     s   0.00878   0.05313   0.00878   0.05313  -0.26936  -0.15202
   5  1  C     x   0.03261   0.01285  -0.03261  -0.01285   0.51818   0.12966
   6  1  C     y  -0.00000   0.00000  -0.00000   0.00000  -0.00000   0.00000
   7  1  C     z   0.00411   0.00497   0.00411   0.00497   0.32570   0.07963
   8  1  C     x  -0.05714   0.01189   0.05714  -0.01189   0.11939   0.02551
   9  1  C     y  -0.00000  -0.00000  -0.00000  -0.00000  -0.00000  -0.00000
  10  1  C     z   0.00529   0.03627   0.00529   0.03627   0.04717   0.01316
  11  2  C     s   0.10193   0.04731   0.10193   0.04731  -0.00041  -0.00013
  12  2  C     s   0.14067   0.06180   0.14067   0.06180  -0.00161  -0.00050
  13  2  C     s  -0.46474  -0.09302  -0.46474  -0.09302   0.00692   0.00189
  14  2  C     s  -0.26936  -0.15202  -0.26936  -0.15202   0.00878   0.05313
  15  2  C     x   0.51818   0.12966  -0.51818  -0.12966   0.03261   0.01285
  16  2  C     y  -0.00000   0.00000  -0.00000   0.00000  -0.00000   0.00000
  17  2  C     z  -0.32570  -0.07963  -0.32570  -0.07963  -0.00411  -0.00497
  18  2  C     x   0.11939   0.02551  -0.11939  -0.02551  -0.05714   0.01189
  19  2  C     y  -0.00000  -0.00000  -0.00000  -0.00000  -0.00000  -0.00000
  20  2  C     z  -0.04717  -0.01316  -0.04717  -0.01316  -0.00529  -0.03627
  21  3  H     s  -0.00313  -0.00964   0.00692   0.00930  -0.00069  -0.00462
  22  3  H     s  -0.00052  -0.03072  -0.01229   0.03665   0.01345   0.04560
  23  4  H     s   0.00692   0.00930  -0.00313  -0.00964  -0.07141  -0.54239
  24  4  H     s  -0.01229   0.03665  -0.00052  -0.03072  -0.03122  -0.34778
  25  5  H     s  -0.07141  -0.54239  -0.00069  -0.00462   0.00692   0.00930
  26  5  H     s  -0.03122  -0.34778   0.01345   0.04560  -0.01229   0.03665
  27  6  H     s  -0.00069  -0.00462  -0.07141  -0.54239  -0.00313  -0.00964
  28  6  H     s   0.01345   0.04560  -0.03122  -0.34778  -0.00052  -0.03072

 ===========================================================================
    Orbital#            13        14
      Group#             2         2
 ---------------------------------------------------------------------------
  AO# LABELS
   1  1  C     s   0.00009   0.00008
   2  1  C     s   0.00012   0.00011
   3  1  C     s  -0.00032  -0.00029
   4  1  C     s  -0.00019  -0.00013
   5  1  C     x  -0.00000  -0.00000
   6  1  C     y   0.72974   0.13916
   7  1  C     z  -0.00036  -0.00033
   8  1  C     x  -0.00000   0.00000
   9  1  C     y   0.28942   0.06605
  10  1  C     z  -0.00003  -0.00001
  11  2  C     s   0.00008   0.00009
  12  2  C     s   0.00011   0.00012
  13  2  C     s  -0.00029  -0.00032
  14  2  C     s  -0.00013  -0.00019
  15  2  C     x  -0.00000  -0.00000
  16  2  C     y   0.13916   0.72974
  17  2  C     z   0.00033   0.00036
  18  2  C     x  -0.00000  -0.00000
  19  2  C     y   0.06605   0.28942
  20  2  C     z   0.00001   0.00003
  21  3  H     s  -0.00001  -0.00001
  22  3  H     s   0.00004   0.00004
  23  4  H     s  -0.00001  -0.00001
  24  4  H     s   0.00004   0.00004
  25  5  H     s  -0.00001  -0.00001
  26  5  H     s   0.00004   0.00004
  27  6  H     s  -0.00001  -0.00001
  28  6  H     s   0.00004   0.00004


 WORDS OF DYNAMIC MEMORY USED IN VB2000 CODE ONLY:      134953

 STATISTICS OF CPU TIMES (SECONDS)
 CPU TIME FOR INITIALIZATION        0.013
 CPU TIME FOR MACROITERATION        8.858
 TOTAL CPU TIME                     8.872

