
 **************************************************************
 *                                                            *
 *                        V B 2 0 0 0                         *
 *                                                            *
 * An ab initio Valence-Bond Program Based on the Generalized *
 *    Product Function Method and the Algebrant Algorithm     *
 *                                                            *
 *                  Version 2.8 November 2017                 *
 *                     Stand-alone Version                    *
 *                      Compiler GFORTRAN                     *
 *                                                            *
 *     Memory = 12500000 for MAP file up to 16 electrons      *
 *                                                            *
 *         Jiabo Li*, Brian Duke** and Roy McWeeny***         *
 *                                                            *
 *        * SciNet Technologies, 9943 Fieldthorn St.,         *
 *                   San Diego, CA 92127, USA                 *
 *                                                            *
 *  ** Monash University Institute of Pharmaceutical Sciences,*
 *          Monash University, 381 Royal Pde, Parkville,      *
 *                    Victoria, 3052, Australia               *
 *                                                            *
 *      *** Department of Chemistry, University of Pisa,      *
 *                       56100 Pisa, Italy                    *
 *                                                            *
 *  Reference for the software:                               *
 *     Jiabo Li, Brian Duke, and Roy McWeeny, VB2000 Version  *
 *     2.8, SciNet Technologies, San Diego, CA, 2013          *
 *     URL: http://www.scinetec.com or http://www.vb2000.net  *
 *                                                            *
 *  References for the theory:                                *
 *     General:                                               *
 *     Jiabo Li, and Roy McWeeny, "VB2000: Pushing Valence    *
 *     Bond Theory to New Limits", Int. J. Quantum Chem.,     *
 *     89(2002)208-216.                                       *
 *                                                            *
 *     Spin densities:-                                       *
 *     Jiabo Li, Brian J. Duke, Thomas M. Klapoetke, and Roy  *
 *     McWeeny, Spin-Density of Spin-Free Valence Bond Wave   *
 *     Functions and Its Implementation in VB2000. J. Theor.  *
 *     Comp. Chem. 7(2008)853-867.                            *
 *                                                            *
 *     Spin coupled - n electrons in m orbitals:-             *
 *     Peter B. Karadakov, David L. Cooper, Brian J. Duke,    *
 *     and Jiabo Li, Spin-Coupled Theory for N Electrons in   *
 *     M Orbitals Active Spaces,  J. Phys. Chem. A, 116,      *
 *     7238 - 7244, 2012                                      *
 *                                                            *
 *     Copyright (C) 2018 GNU General Public License          *
 **************************************************************

 JOB NAME IS c2h6vb14                                                        

 VB2000 DIRECTORY IS: .                                                                               
 MAXIMUM DYNAMIC MEMORY IS:        6500000

 Input of molecule
 =================
 #! VB(14)/D95                                                                   
                                                                                 
 Title: TEST C2H6 (7 SIGMA BONDS)                                                       

 Charge =  0 Multiplicity =  1

 BASIS SET FILE IS: ./BASET/D95                                                                     

 Cartesian coordinates of atoms in Angstrom
 ----------------------------------------------------
                    X             Y             Z   

  C     6.0      0.000000      0.000000      0.000000
  C     6.0      0.000000      0.000000      1.540011
  H     1.0      1.027669      0.000000     -0.363311
  H     1.0     -0.513834     -0.889987     -0.363311
  H     1.0     -0.513834      0.889987     -0.363311
  H     1.0     -1.027669      0.000000      1.903322
  H     1.0      0.513834      0.889987      1.903322
  H     1.0      0.513834     -0.889987      1.903322
 ----------------------------------------------------

 Total number of two-electron integrals =       114765
 Time for integral evaluation                    0.134

 SKIPPED INTEGRALS =                             23403
 Number of iter =     13, DMAX =        0.000009389555
 Final Hartree-Fock Energy =          -79.205469026970

 Molecular orbitals by HF method
 ===============================================================================
 MO#                       1         2         3         4         5         6
 E(a.u.)             -11.214   -11.213    -1.020    -0.839    -0.600    -0.600
 -------------------------------------------------------------------------------

   1  1  C     s     0.42485  -0.42492   0.08914   0.07850  -0.00000  -0.00000
   2  1  C     s     0.30924  -0.30935   0.11986   0.10612  -0.00000  -0.00000
   3  1  C     s     0.00367  -0.00339  -0.31663  -0.27994  -0.00000   0.00000
   4  1  C     s    -0.00067   0.00116  -0.25798  -0.32464  -0.00000   0.00000
   5  1  C     x    -0.00000  -0.00000   0.00000   0.00000   0.00000   0.36705
   6  1  C     y    -0.00000   0.00000  -0.00000  -0.00000  -0.36705   0.00000
   7  1  C     z     0.00029   0.00020  -0.06324   0.14171  -0.00000  -0.00000
   8  1  C     x    -0.00000   0.00000  -0.00000   0.00000   0.00000   0.08034
   9  1  C     y    -0.00000   0.00000   0.00000  -0.00000  -0.08034   0.00000
  10  1  C     z     0.00001   0.00025   0.01050  -0.00564   0.00000   0.00000
  11  2  C     s     0.42485   0.42492   0.08914  -0.07850   0.00000   0.00000
  12  2  C     s     0.30924   0.30935   0.11986  -0.10612   0.00000   0.00000
  13  2  C     s     0.00367   0.00339  -0.31663   0.27994  -0.00000  -0.00000
  14  2  C     s    -0.00067  -0.00116  -0.25798   0.32464   0.00000  -0.00000
  15  2  C     x     0.00000  -0.00000  -0.00000   0.00000   0.00000   0.36705
  16  2  C     y    -0.00000  -0.00000  -0.00000  -0.00000  -0.36705   0.00000
  17  2  C     z    -0.00029   0.00020   0.06324   0.14171   0.00000  -0.00000
  18  2  C     x     0.00000   0.00000   0.00000   0.00000   0.00000   0.08034
  19  2  C     y    -0.00000  -0.00000  -0.00000   0.00000  -0.08034   0.00000
  20  2  C     z    -0.00001   0.00025  -0.01050  -0.00564   0.00000   0.00000
  21  3  H     s     0.00029  -0.00035  -0.08594  -0.11570   0.00000   0.17958
  22  3  H     s     0.00019  -0.00011  -0.00375  -0.03785   0.00000   0.12575
  23  4  H     s     0.00029  -0.00035  -0.08594  -0.11570   0.15552  -0.08979
  24  4  H     s     0.00019  -0.00011  -0.00375  -0.03785   0.10891  -0.06288
  25  5  H     s     0.00029  -0.00035  -0.08594  -0.11570  -0.15552  -0.08979
  26  5  H     s     0.00019  -0.00011  -0.00375  -0.03785  -0.10891  -0.06288
  27  6  H     s     0.00029   0.00035  -0.08594   0.11570  -0.00000  -0.17958
  28  6  H     s     0.00019   0.00011  -0.00375   0.03785  -0.00000  -0.12575
  29  7  H     s     0.00029   0.00035  -0.08594   0.11570  -0.15552   0.08979
  30  7  H     s     0.00019   0.00011  -0.00375   0.03785  -0.10891   0.06288
  31  8  H     s     0.00029   0.00035  -0.08594   0.11570   0.15552   0.08979
  32  8  H     s     0.00019   0.00011  -0.00375   0.03785   0.10891   0.06288

 MO#                       7         8         9        10        11        12
 E(a.u.)              -0.495    -0.486    -0.486     0.251     0.271     0.318
 -------------------------------------------------------------------------------

   1  1  C     s     0.00941  -0.00000   0.00000   0.04706   0.04762   0.00000
   2  1  C     s     0.01320  -0.00000   0.00000   0.06132   0.06581   0.00000
   3  1  C     s    -0.03661   0.00000  -0.00000  -0.01942  -0.13199  -0.00000
   4  1  C     s    -0.05323  -0.00000  -0.00000  -2.37249  -1.89116  -0.00000
   5  1  C     x    -0.00000  -0.00000   0.37084  -0.00000  -0.00000   0.09795
   6  1  C     y     0.00000   0.37084   0.00000  -0.00000  -0.00000   0.00000
   7  1  C     z    -0.48114   0.00000  -0.00000  -0.06126   0.08845  -0.00000
   8  1  C     x    -0.00000  -0.00000   0.10331  -0.00000  -0.00000   2.40416
   9  1  C     y     0.00000   0.10331   0.00000  -0.00000  -0.00000   0.00000
  10  1  C     z    -0.11577   0.00000  -0.00000  -1.57054   0.77006   0.00000
  11  2  C     s     0.00941  -0.00000   0.00000  -0.04706   0.04762   0.00000
  12  2  C     s     0.01320  -0.00000   0.00000  -0.06132   0.06581   0.00000
  13  2  C     s    -0.03661  -0.00000  -0.00000   0.01942  -0.13199  -0.00000
  14  2  C     s    -0.05323   0.00000  -0.00000   2.37249  -1.89116  -0.00000
  15  2  C     x     0.00000   0.00000  -0.37084  -0.00000   0.00000  -0.09795
  16  2  C     y    -0.00000  -0.37084  -0.00000   0.00000   0.00000  -0.00000
  17  2  C     z     0.48114  -0.00000   0.00000  -0.06126  -0.08845   0.00000
  18  2  C     x     0.00000   0.00000  -0.10331  -0.00000   0.00000  -2.40416
  19  2  C     y    -0.00000  -0.10331  -0.00000   0.00000   0.00000  -0.00000
  20  2  C     z     0.11577  -0.00000   0.00000  -1.57054  -0.77006  -0.00000
  21  3  H     s     0.07770  -0.00000   0.21200  -0.00751  -0.00171  -0.03401
  22  3  H     s     0.09095  -0.00000   0.19717   0.13854   0.90529  -1.58942
  23  4  H     s     0.07770  -0.18360  -0.10600  -0.00751  -0.00171   0.01701
  24  4  H     s     0.09095  -0.17075  -0.09858   0.13854   0.90528   0.79471
  25  5  H     s     0.07770   0.18360  -0.10600  -0.00751  -0.00171   0.01701
  26  5  H     s     0.09095   0.17075  -0.09858   0.13854   0.90528   0.79471
  27  6  H     s     0.07770  -0.00000   0.21200   0.00751  -0.00171  -0.03401
  28  6  H     s     0.09095  -0.00000   0.19717  -0.13854   0.90529  -1.58942
  29  7  H     s     0.07770  -0.18360  -0.10600   0.00751  -0.00171   0.01701
  30  7  H     s     0.09095  -0.17075  -0.09858  -0.13854   0.90528   0.79471
  31  8  H     s     0.07770   0.18360  -0.10600   0.00751  -0.00171   0.01701
  32  8  H     s     0.09095   0.17075  -0.09858  -0.13854   0.90528   0.79471

 MO#                      13        14
 E(a.u.)               0.318     0.372
 -------------------------------------------------------------------------------

   1  1  C     s     0.00000  -0.00000
   2  1  C     s     0.00000  -0.00000
   3  1  C     s    -0.00000   0.00000
   4  1  C     s    -0.00000   0.00001
   5  1  C     x    -0.00000   0.13189
   6  1  C     y     0.09795   0.00000
   7  1  C     z     0.00000  -0.00000
   8  1  C     x    -0.00000   1.28093
   9  1  C     y     2.40416   0.00000
  10  1  C     z    -0.00000  -0.00001
  11  2  C     s    -0.00000   0.00000
  12  2  C     s    -0.00000   0.00000
  13  2  C     s     0.00000  -0.00000
  14  2  C     s     0.00000  -0.00001
  15  2  C     x     0.00000   0.13189
  16  2  C     y    -0.09795   0.00000
  17  2  C     z    -0.00000  -0.00000
  18  2  C     x     0.00000   1.28093
  19  2  C     y    -2.40416   0.00000
  20  2  C     z    -0.00000  -0.00001
  21  3  H     s     0.00000  -0.11488
  22  3  H     s     0.00000  -1.50949
  23  4  H     s     0.02946   0.05744
  24  4  H     s     1.37648   0.75474
  25  5  H     s    -0.02946   0.05744
  26  5  H     s    -1.37648   0.75474
  27  6  H     s     0.00000   0.11488
  28  6  H     s     0.00000   1.50949
  29  7  H     s     0.02946  -0.05744
  30  7  H     s     1.37648  -0.75474
  31  8  H     s    -0.02946  -0.05744
  32  8  H     s    -1.37648  -0.75474


 VBO LIB IS: ./VBOLIB/VBOLIBD95                                                              

 PARTITIONING OF LMOs INTO GROUPS ($LMOGRPMODIFY)
 ================================================
 LMO#     1  2  3  4  5  6  7  8  9
 Group#   1  1  2  2  2  2  2  2  2
 Split    0  0  1  1  1  1  1  1  1



      GENERAL CONTROLS ($GENCTL)
 ======================================
 Number of electron groups       =    2
 Maximum macro-iterations        =   12
 Energy threshold           = 10**(- 6)
 Restart calculation(0/1/2)      =    0
 Group#                     1  2
 Num. of electrons          4 14
 Num. of spins              0  0
 Num. of orbitals           2 14
 Method#                    1  2

 SYMBOLIC VB STRUCTURE(S) OF GROUP  2
 STR. NO.       RUMER PATTERN  
    1           1  2   3  4   5  6   7  8   9 10  11 12  13 14

 $02VBSCF VALUES ARE EPS = 0.00100000 AND MAXIT =  5

 OVERLAP MATRIX OF VB ORBITALS FOR GROUP   2

        1      2      3      4      5      6      7      8      9     10     11     12
 =======================================================================================
   1 1.0000
   2 0.6670 1.0000
   3 0.1802 0.1404 1.0000
   4 0.1726 0.1650 0.6966 1.0000
   5-0.1404-0.1802-0.0977-0.0631 1.0000
   6-0.1650-0.1726-0.0631-0.0453 0.6966 1.0000
   7 0.1802 0.1404 0.1159 0.1567 0.0942 0.0252 1.0000
   8 0.1726 0.1650 0.1567 0.1579 0.0252-0.0138 0.6966 1.0000
   9-0.1802-0.1404-0.1159-0.1567 0.0977 0.0631-0.1159-0.1567 1.0000
  10-0.1726-0.1650-0.1567-0.1579 0.0631 0.0453-0.1567-0.1579 0.6966 1.0000
  11-0.1404-0.1802-0.0977-0.0631 0.1159 0.1567-0.0977-0.0631-0.0942-0.0252 1.0000
  12-0.1650-0.1726-0.0631-0.0453 0.1567 0.1579-0.0631-0.0453-0.0252 0.0138 0.6966 1.0000
  13-0.1404-0.1802 0.0942 0.0252 0.1159 0.1567-0.0977-0.0631 0.0977 0.0631 0.1159 0.1567
  14-0.1650-0.1726 0.0252-0.0138 0.1567 0.1579-0.0631-0.0453 0.0631 0.0453 0.1567 0.1579

       13     14
 =================
  13 1.0000
  14 0.6966 1.0000

 MAP FILE IS: ./MAP/MAP1400t                                                                  
 VBSCF NOT CONVERGED. CMAX =  0.00230186735423 AFTER   6 ITERATIONS

 ENERGY AND DIFF OF MACROITER    1 =    -79.2784050719    -79.2784050719

 ENERGY AND DIFF OF MACROITER    2 =    -79.3154434226     -0.0370383508

 ENERGY AND DIFF OF MACROITER    3 =    -79.3160887500     -0.0006453273

 ENERGY AND DIFF OF MACROITER    4 =    -79.3160987894     -0.0000100394

 ENERGY AND DIFF OF MACROITER    5 =    -79.3160991701     -0.0000003808

 OVERLAP MATRIX OF VB ORBITALS FOR GROUP   2

        1      2      3      4      5      6      7      8      9     10     11     12
 =======================================================================================
   1 1.0000
   2 0.8397 1.0000
   3 0.1530 0.2025 1.0000
   4 0.1148 0.1565 0.8348 1.0000
   5-0.2025-0.1530-0.0684-0.0391 1.0000
   6-0.1565-0.1148-0.0391-0.0184 0.8348 1.0000
   7 0.1530 0.2025 0.2026 0.1614 0.0738 0.0344 1.0000
   8 0.1148 0.1565 0.1614 0.1252 0.0344 0.0092 0.8348 1.0000
   9-0.1530-0.2025-0.2026-0.1614 0.0684 0.0391-0.2026-0.1614 1.0000
  10-0.1148-0.1565-0.1614-0.1252 0.0391 0.0184-0.1614-0.1252 0.8348 1.0000
  11-0.2025-0.1530-0.0684-0.0391 0.2026 0.1614-0.0684-0.0391-0.0738-0.0344 1.0000
  12-0.1565-0.1148-0.0391-0.0184 0.1614 0.1252-0.0391-0.0184-0.0344-0.0092 0.8348 1.0000
  13-0.2025-0.1530 0.0738 0.0344 0.2026 0.1614-0.0684-0.0391 0.0684 0.0391 0.2026 0.1614
  14-0.1565-0.1148 0.0344 0.0092 0.1614 0.1252-0.0391-0.0184 0.0391 0.0184 0.1614 0.1252

       13     14
 =================
  13 1.0000
  14 0.8348 1.0000

 ENERGY AND DIFF OF MACROITER    6 =    -79.3160992157     -0.0000000455

 MULLIKEN CHARGES ON ATOMS
 -------------------------
  ATOM             CHARGE 

    1            -0.45419
    2            -0.45419
    3             0.15140
    4             0.15140
    5             0.15140
    6             0.15140
    7             0.15140
    8             0.15140

 -------------------------


 ORBITALS OF EACH ELECTRON GROUP IN AO BASIS: ORBITAL(GROUP)
 ===========================================================================
    Orbital#             1         2         3         4         5         6
      Group#             1         1         2         2         2         2
 ---------------------------------------------------------------------------
  AO# LABELS
   1  1  C     s  -0.00009   0.60125   0.04107   0.09202   0.09378   0.04458
   2  1  C     s  -0.00011   0.43801   0.05421   0.12727   0.12966   0.05781
   3  1  C     s   0.00031   0.00361  -0.08595  -0.40754  -0.41786  -0.08568
   4  1  C     s  -0.00014  -0.00295  -0.12424  -0.29215  -0.31224  -0.14281
   5  1  C     x  -0.00000  -0.00000  -0.00000  -0.00000   0.29749   0.07032
   6  1  C     y  -0.00000   0.00000  -0.00000   0.00000   0.51526   0.12179
   7  1  C     z   0.00048  -0.00026  -0.13373  -0.59939   0.21377   0.05173
   8  1  C     x   0.00000  -0.00000  -0.00000  -0.00000   0.05555   0.02817
   9  1  C     y   0.00000   0.00000   0.00000   0.00000   0.09621   0.04880
  10  1  C     z  -0.00018  -0.00024  -0.06051  -0.07044   0.03760   0.00857
  11  2  C     s  -0.60125   0.00009   0.09202   0.04107   0.00058  -0.00017
  12  2  C     s  -0.43801   0.00011   0.12727   0.05421   0.00033  -0.00025
  13  2  C     s  -0.00361  -0.00031  -0.40754  -0.08595   0.00198  -0.00207
  14  2  C     s   0.00295   0.00014  -0.29215  -0.12424   0.03331   0.05236
  15  2  C     x  -0.00000  -0.00000   0.00000   0.00000   0.01099   0.00588
  16  2  C     y  -0.00000   0.00000   0.00000  -0.00000   0.01904   0.01019
  17  2  C     z  -0.00026   0.00048   0.59939   0.13373  -0.00483  -0.00562
  18  2  C     x  -0.00000   0.00000   0.00000   0.00000  -0.00119  -0.00515
  19  2  C     y  -0.00000  -0.00000   0.00000  -0.00000  -0.00206  -0.00891
  20  2  C     z  -0.00024  -0.00018   0.07044   0.06051  -0.02228  -0.03445
  21  3  H     s   0.00004   0.00002  -0.00646  -0.00913  -0.00661  -0.00515
  22  3  H     s  -0.00019   0.00024   0.04546   0.06579   0.04236   0.04082
  23  4  H     s   0.00004   0.00002  -0.00646  -0.00913  -0.07305  -0.53864
  24  4  H     s  -0.00019   0.00024   0.04546   0.06579  -0.04804  -0.35715
  25  5  H     s   0.00004   0.00002  -0.00646  -0.00913  -0.00661  -0.00515
  26  5  H     s  -0.00019   0.00024   0.04546   0.06579   0.04236   0.04082
  27  6  H     s  -0.00002  -0.00004  -0.00913  -0.00646   0.00296   0.00311
  28  6  H     s  -0.00024   0.00019   0.06579   0.04546   0.01204   0.00912
  29  7  H     s  -0.00002  -0.00004  -0.00913  -0.00646  -0.00348  -0.00668
  30  7  H     s  -0.00024   0.00019   0.06579   0.04546  -0.03520  -0.01796
  31  8  H     s  -0.00002  -0.00004  -0.00913  -0.00646   0.00296   0.00311
  32  8  H     s  -0.00024   0.00019   0.06579   0.04546   0.01204   0.00912

 ===========================================================================
    Orbital#             7         8         9        10        11        12
      Group#             2         2         2         2         2         2
 ---------------------------------------------------------------------------
  AO# LABELS
   1  1  C     s  -0.00058   0.00017   0.09378   0.04458  -0.09378  -0.04458
   2  1  C     s  -0.00033   0.00025   0.12966   0.05781  -0.12966  -0.05781
   3  1  C     s  -0.00198   0.00207  -0.41786  -0.08568   0.41786   0.08568
   4  1  C     s  -0.03331  -0.05236  -0.31224  -0.14281   0.31224   0.14281
   5  1  C     x   0.01099   0.00588   0.29749   0.07032   0.59498   0.14063
   6  1  C     y  -0.01904  -0.01019  -0.51526  -0.12179  -0.00000   0.00000
   7  1  C     z  -0.00483  -0.00562   0.21377   0.05173  -0.21377  -0.05173
   8  1  C     x  -0.00119  -0.00515   0.05555   0.02817   0.11109   0.05635
   9  1  C     y   0.00206   0.00891  -0.09621  -0.04880  -0.00000  -0.00000
  10  1  C     z  -0.02228  -0.03445   0.03760   0.00857  -0.03760  -0.00857
  11  2  C     s  -0.09378  -0.04458   0.00058  -0.00017  -0.00058   0.00017
  12  2  C     s  -0.12966  -0.05781   0.00033  -0.00025  -0.00033   0.00025
  13  2  C     s   0.41786   0.08568   0.00198  -0.00207  -0.00198   0.00207
  14  2  C     s   0.31224   0.14281   0.03331   0.05236  -0.03331  -0.05236
  15  2  C     x   0.29749   0.07032   0.01099   0.00588   0.02198   0.01177
  16  2  C     y  -0.51526  -0.12179  -0.01904  -0.01019   0.00000  -0.00000
  17  2  C     z   0.21377   0.05173  -0.00483  -0.00562   0.00483   0.00562
  18  2  C     x   0.05555   0.02817  -0.00119  -0.00515  -0.00238  -0.01029
  19  2  C     y  -0.09621  -0.04880   0.00206   0.00891   0.00000  -0.00000
  20  2  C     z   0.03760   0.00857  -0.02228  -0.03445   0.02228   0.03445
  21  3  H     s  -0.00296  -0.00311  -0.00661  -0.00515   0.07305   0.53864
  22  3  H     s  -0.01204  -0.00912   0.04236   0.04082   0.04804   0.35715
  23  4  H     s  -0.00296  -0.00311  -0.00661  -0.00515   0.00661   0.00515
  24  4  H     s  -0.01204  -0.00912   0.04236   0.04082  -0.04236  -0.04082
  25  5  H     s   0.00348   0.00668  -0.07305  -0.53864   0.00661   0.00515
  26  5  H     s   0.03520   0.01796  -0.04804  -0.35715  -0.04236  -0.04082
  27  6  H     s   0.00661   0.00515   0.00296   0.00311   0.00348   0.00668
  28  6  H     s  -0.04236  -0.04082   0.01204   0.00912   0.03520   0.01796
  29  7  H     s   0.00661   0.00515   0.00296   0.00311  -0.00296  -0.00311
  30  7  H     s  -0.04236  -0.04082   0.01204   0.00912  -0.01204  -0.00912
  31  8  H     s   0.07305   0.53864  -0.00348  -0.00668  -0.00296  -0.00311
  32  8  H     s   0.04804   0.35715  -0.03520  -0.01796  -0.01204  -0.00912

 ===========================================================================
    Orbital#            13        14        15        16
      Group#             2         2         2         2
 ---------------------------------------------------------------------------
  AO# LABELS
   1  1  C     s  -0.00058   0.00017  -0.00058   0.00017
   2  1  C     s  -0.00033   0.00025  -0.00033   0.00025
   3  1  C     s  -0.00198   0.00207  -0.00198   0.00207
   4  1  C     s  -0.03331  -0.05236  -0.03331  -0.05236
   5  1  C     x  -0.02198  -0.01177   0.01099   0.00588
   6  1  C     y   0.00000  -0.00000   0.01904   0.01019
   7  1  C     z  -0.00483  -0.00562  -0.00483  -0.00562
   8  1  C     x   0.00238   0.01029  -0.00119  -0.00515
   9  1  C     y   0.00000  -0.00000  -0.00206  -0.00891
  10  1  C     z  -0.02228  -0.03445  -0.02228  -0.03445
  11  2  C     s  -0.09378  -0.04458  -0.09378  -0.04458
  12  2  C     s  -0.12966  -0.05781  -0.12966  -0.05781
  13  2  C     s   0.41786   0.08568   0.41786   0.08568
  14  2  C     s   0.31224   0.14281   0.31224   0.14281
  15  2  C     x  -0.59498  -0.14063   0.29749   0.07032
  16  2  C     y  -0.00000   0.00000   0.51526   0.12179
  17  2  C     z   0.21377   0.05173   0.21377   0.05173
  18  2  C     x  -0.11109  -0.05635   0.05555   0.02817
  19  2  C     y  -0.00000   0.00000   0.09621   0.04880
  20  2  C     z   0.03760   0.00857   0.03760   0.00857
  21  3  H     s   0.00348   0.00668  -0.00296  -0.00311
  22  3  H     s   0.03520   0.01796  -0.01204  -0.00912
  23  4  H     s  -0.00296  -0.00311   0.00348   0.00668
  24  4  H     s  -0.01204  -0.00912   0.03520   0.01796
  25  5  H     s  -0.00296  -0.00311  -0.00296  -0.00311
  26  5  H     s  -0.01204  -0.00912  -0.01204  -0.00912
  27  6  H     s   0.07305   0.53864   0.00661   0.00515
  28  6  H     s   0.04804   0.35715  -0.04236  -0.04082
  29  7  H     s   0.00661   0.00515   0.07305   0.53864
  30  7  H     s  -0.04236  -0.04082   0.04804   0.35715
  31  8  H     s   0.00661   0.00515   0.00661   0.00515
  32  8  H     s  -0.04236  -0.04082  -0.04236  -0.04082


 WORDS OF DYNAMIC MEMORY USED IN VB2000 CODE ONLY:      226394

 STATISTICS OF CPU TIMES (SECONDS)
 CPU TIME FOR INITIALIZATION        0.022
 CPU TIME FOR MACROITERATION       43.802
 TOTAL CPU TIME                    43.824

