
 **************************************************************
 *                                                            *
 *                        V B 2 0 0 0                         *
 *                                                            *
 * An ab initio Valence-Bond Program Based on the Generalized *
 *    Product Function Method and the Algebrant Algorithm     *
 *                                                            *
 *                  Version 2.8 November 2017                 *
 *                     Stand-alone Version                    *
 *                      Compiler GFORTRAN                     *
 *                                                            *
 *     Memory = 12500000 for MAP file up to 16 electrons      *
 *                                                            *
 *         Jiabo Li*, Brian Duke** and Roy McWeeny***         *
 *                                                            *
 *        * SciNet Technologies, 9943 Fieldthorn St.,         *
 *                   San Diego, CA 92127, USA                 *
 *                                                            *
 *  ** Monash University Institute of Pharmaceutical Sciences,*
 *          Monash University, 381 Royal Pde, Parkville,      *
 *                    Victoria, 3052, Australia               *
 *                                                            *
 *      *** Department of Chemistry, University of Pisa,      *
 *                       56100 Pisa, Italy                    *
 *                                                            *
 *  Reference for the software:                               *
 *     Jiabo Li, Brian Duke, and Roy McWeeny, VB2000 Version  *
 *     2.8, SciNet Technologies, San Diego, CA, 2013          *
 *     URL: http://www.scinetec.com or http://www.vb2000.net  *
 *                                                            *
 *  References for the theory:                                *
 *     General:                                               *
 *     Jiabo Li, and Roy McWeeny, "VB2000: Pushing Valence    *
 *     Bond Theory to New Limits", Int. J. Quantum Chem.,     *
 *     89(2002)208-216.                                       *
 *                                                            *
 *     Spin densities:-                                       *
 *     Jiabo Li, Brian J. Duke, Thomas M. Klapoetke, and Roy  *
 *     McWeeny, Spin-Density of Spin-Free Valence Bond Wave   *
 *     Functions and Its Implementation in VB2000. J. Theor.  *
 *     Comp. Chem. 7(2008)853-867.                            *
 *                                                            *
 *     Spin coupled - n electrons in m orbitals:-             *
 *     Peter B. Karadakov, David L. Cooper, Brian J. Duke,    *
 *     and Jiabo Li, Spin-Coupled Theory for N Electrons in   *
 *     M Orbitals Active Spaces,  J. Phys. Chem. A, 116,      *
 *     7238 - 7244, 2012                                      *
 *                                                            *
 *     Copyright (C) 2018 GNU General Public License          *
 **************************************************************

 JOB NAME IS c6h6vb14                                                        

 VB2000 DIRECTORY IS: .                                                                               
 MAXIMUM DYNAMIC MEMORY IS:        6500000

 Input of molecule
 =================
 #! GPF(14)/STO-3G UNITS=BOHR NOBIAS FROZEN                                      
                                                                                 
 Title: TEST BENZENE 14 GROUPS (1 FROZEN CORE GROUP  + 12 SIGMA BONDS + 1 PI-GROUP)     

 Charge =  0 Multiplicity =  1

 BASIS SET FILE IS: ./BASET/STO-3G                                                                  

 Cartesian coordinates of atoms in Angstrom
 ----------------------------------------------------
                    X             Y             Z   

  C     6.0      0.000000      1.395440      0.000000
  H     1.0      0.000000      2.480783      0.000000
  C     6.0      1.208487      0.697720      0.000000
  H     1.0      2.148421      1.240391      0.000000
  C     6.0      1.208487     -0.697720      0.000000
  H     1.0      2.148421     -1.240391      0.000000
  C     6.0      0.000000     -1.395440      0.000000
  H     1.0      0.000000     -2.480783      0.000000
  C     6.0     -1.208487     -0.697720      0.000000
  H     1.0     -2.148421     -1.240391      0.000000
  C     6.0     -1.208487      0.697720      0.000000
  H     1.0     -2.148421      1.240391      0.000000
 ----------------------------------------------------

 Total number of two-electron integrals =       127573
 Time for integral evaluation                    0.399

 SKIPPED INTEGRALS =                             93257
 Number of iter =     11, DMAX =        0.000007549582
 Final Hartree-Fock Energy =         -227.890783967345

 Molecular orbitals by HF method
 ===============================================================================
 MO#                       1         2         3         4         5         6
 E(a.u.)             -11.029   -11.029   -11.029   -11.029   -11.029   -11.029
 -------------------------------------------------------------------------------

   1  1  C     s    -0.00396   0.57302  -0.40542   0.57261  -0.00028  -0.40474
   2  1  C     s    -0.00012   0.01681  -0.00919   0.02493  -0.00001  -0.02093
   3  1  C     x    -0.00377  -0.00003   0.00000  -0.00000  -0.00391  -0.00000
   4  1  C     y    -0.00000   0.00053  -0.00154  -0.00193   0.00000   0.00246
   5  1  C     z    -0.00000   0.00000   0.00000   0.00000   0.00000   0.00000
   6  2  H     s     0.00003  -0.00380   0.00281  -0.00397   0.00000   0.00290
   7  3  C     s     0.49427   0.28994  -0.40542  -0.28606   0.49603   0.40474
   8  3  C     s     0.01450   0.00850  -0.00919  -0.01246   0.02160   0.02093
   9  3  C     x    -0.00056   0.00186  -0.00133   0.00253  -0.00047  -0.00213
  10  3  C     y     0.00188  -0.00268  -0.00077  -0.00245  -0.00252  -0.00123
  11  3  C     z     0.00000  -0.00000  -0.00000  -0.00000  -0.00000  -0.00000
  12  4  H     s    -0.00328  -0.00192   0.00281   0.00198  -0.00344  -0.00290
  13  5  C     s     0.49823  -0.28308  -0.40542  -0.28655  -0.49576  -0.40474
  14  5  C     s     0.01461  -0.00830  -0.00919  -0.01248  -0.02159  -0.02093
  15  5  C     x    -0.00053  -0.00187  -0.00133   0.00253   0.00047   0.00213
  16  5  C     y    -0.00185  -0.00271   0.00077   0.00245  -0.00253  -0.00123
  17  5  C     z    -0.00000  -0.00000   0.00000  -0.00000  -0.00000  -0.00000
  18  6  H     s    -0.00330   0.00188   0.00281   0.00199   0.00344   0.00290
  19  7  C     s     0.00396  -0.57302  -0.40542   0.57261  -0.00028   0.40474
  20  7  C     s     0.00012  -0.01681  -0.00919   0.02493  -0.00001   0.02093
  21  7  C     x    -0.00377  -0.00003   0.00000   0.00000   0.00391   0.00000
  22  7  C     y    -0.00000   0.00053   0.00154   0.00193  -0.00000   0.00246
  23  7  C     z     0.00000  -0.00000  -0.00000  -0.00000  -0.00000  -0.00000
  24  8  H     s    -0.00003   0.00380   0.00281  -0.00397   0.00000  -0.00290
  25  9  C     s    -0.49427  -0.28994  -0.40542  -0.28606   0.49603  -0.40474
  26  9  C     s    -0.01450  -0.00850  -0.00919  -0.01246   0.02160  -0.02093
  27  9  C     x    -0.00056   0.00186   0.00133  -0.00253   0.00047  -0.00213
  28  9  C     y     0.00188  -0.00268   0.00077   0.00245   0.00252  -0.00123
  29  9  C     z    -0.00000   0.00000  -0.00000   0.00000   0.00000  -0.00000
  30 10  H     s     0.00328   0.00192   0.00281   0.00198  -0.00344   0.00290
  31 11  C     s    -0.49823   0.28308  -0.40542  -0.28655  -0.49576   0.40474
  32 11  C     s    -0.01461   0.00830  -0.00919  -0.01248  -0.02159   0.02093
  33 11  C     x    -0.00053  -0.00187   0.00133  -0.00253  -0.00047   0.00213
  34 11  C     y    -0.00185  -0.00271  -0.00077  -0.00245   0.00253  -0.00123
  35 11  C     z    -0.00000  -0.00000  -0.00000  -0.00000   0.00000  -0.00000
  36 12  H     s     0.00330  -0.00188   0.00281   0.00199   0.00344  -0.00290

 MO#                       7         8         9        10        11        12
 E(a.u.)              -1.089    -0.954    -0.954    -0.767    -0.767    -0.662
 -------------------------------------------------------------------------------

   1  1  C     s     0.10468  -0.14646  -0.00032  -0.11432   0.00004   0.00886
   2  1  C     s    -0.26496   0.39533   0.00087   0.33690  -0.00011  -0.03614
   3  1  C     x     0.00000  -0.00029   0.13028   0.00008   0.23075   0.00000
   4  1  C     y     0.06180  -0.02751  -0.00006   0.08427  -0.00003  -0.23439
   5  1  C     z    -0.00000  -0.00000   0.00000  -0.00000  -0.00000   0.00000
   6  2  H     s    -0.04708   0.10887   0.00024   0.17829  -0.00006  -0.17570
   7  3  C     s     0.10468  -0.07295  -0.12700   0.05712  -0.09902   0.00886
   8  3  C     s    -0.26496   0.19691   0.34280  -0.16835   0.29182  -0.03614
   9  3  C     x     0.05352  -0.06835   0.01179  -0.13641   0.00556  -0.20299
  10  3  C     y     0.03090   0.09098  -0.06812   0.15204   0.13636  -0.11719
  11  3  C     z     0.00000  -0.00000  -0.00000  -0.00000  -0.00000  -0.00000
  12  4  H     s    -0.04708   0.05423   0.09440  -0.08910   0.15444  -0.17570
  13  5  C     s     0.10468   0.07351  -0.12667   0.05719   0.09898   0.00886
  14  5  C     s    -0.26496  -0.19842   0.34193  -0.16855  -0.29171  -0.03614
  15  5  C     x     0.05352   0.06830   0.01209  -0.13641  -0.00547  -0.20299
  16  5  C     y    -0.03090   0.09068   0.06852  -0.15195   0.13646   0.11719
  17  5  C     z    -0.00000  -0.00000  -0.00000  -0.00000  -0.00000  -0.00000
  18  6  H     s    -0.04708  -0.05464   0.09416  -0.08920  -0.15438  -0.17570
  19  7  C     s     0.10468   0.14646   0.00032  -0.11432   0.00004   0.00886
  20  7  C     s    -0.26496  -0.39533  -0.00087   0.33690  -0.00011  -0.03614
  21  7  C     x     0.00000  -0.00029   0.13028  -0.00008  -0.23075  -0.00000
  22  7  C     y    -0.06180  -0.02751  -0.00006  -0.08427   0.00003   0.23439
  23  7  C     z    -0.00000  -0.00000  -0.00000  -0.00000  -0.00000  -0.00000
  24  8  H     s    -0.04708  -0.10887  -0.00024   0.17829  -0.00006  -0.17570
  25  9  C     s     0.10468   0.07295   0.12700   0.05712  -0.09902   0.00886
  26  9  C     s    -0.26496  -0.19691  -0.34280  -0.16835   0.29182  -0.03614
  27  9  C     x    -0.05352  -0.06835   0.01179   0.13641  -0.00556   0.20299
  28  9  C     y    -0.03090   0.09098  -0.06812  -0.15204  -0.13636   0.11719
  29  9  C     z    -0.00000  -0.00000  -0.00000   0.00000  -0.00000  -0.00000
  30 10  H     s    -0.04708  -0.05423  -0.09440  -0.08910   0.15444  -0.17570
  31 11  C     s     0.10468  -0.07351   0.12667   0.05719   0.09898   0.00886
  32 11  C     s    -0.26496   0.19842  -0.34193  -0.16855  -0.29171  -0.03614
  33 11  C     x    -0.05352   0.06830   0.01209   0.13641   0.00547   0.20299
  34 11  C     y     0.03090   0.09068   0.06852   0.15195  -0.13646  -0.11719
  35 11  C     z    -0.00000  -0.00000   0.00000   0.00000  -0.00000   0.00000
  36 12  H     s    -0.04708   0.05464  -0.09416  -0.08920  -0.15438  -0.17570

 MO#                      13        14        15        16        17        18
 E(a.u.)              -0.594    -0.553    -0.534    -0.534    -0.456    -0.433
 -------------------------------------------------------------------------------

   1  1  C     s    -0.06531  -0.00000  -0.00001   0.02664   0.00000   0.00793
   2  1  C     s     0.21912   0.00000   0.00002  -0.08430  -0.00000  -0.01763
   3  1  C     x    -0.00000   0.33212  -0.10192  -0.00002  -0.00000   0.00007
   4  1  C     y     0.16385   0.00000  -0.00008   0.36892   0.00000   0.28193
   5  1  C     z    -0.00000  -0.00000  -0.00000   0.00000  -0.33434   0.00000
   6  2  H     s     0.23183   0.00000  -0.00006   0.28319   0.00000   0.29794
   7  3  C     s     0.06531   0.00000   0.02307   0.01333  -0.00000  -0.00397
   8  3  C     s    -0.21912  -0.00000  -0.07300  -0.04217   0.00000   0.00882
   9  3  C     x    -0.14190  -0.16606   0.25117   0.20393   0.00000   0.02237
  10  3  C     y    -0.08192   0.28763   0.20388   0.01584  -0.00000  -0.32078
  11  3  C     z    -0.00000  -0.00000  -0.00000   0.00000  -0.33434   0.00000
  12  4  H     s    -0.23183  -0.00000   0.24522   0.14165   0.00000  -0.14903
  13  5  C     s    -0.06531   0.00000   0.02308  -0.01332  -0.00000  -0.00396
  14  5  C     s     0.21912  -0.00000  -0.07302   0.04214   0.00000   0.00881
  15  5  C     x     0.14190  -0.16606   0.25126  -0.20382   0.00000   0.02250
  16  5  C     y    -0.08192  -0.28763  -0.20388   0.01575  -0.00000   0.32079
  17  5  C     z    -0.00000  -0.00000  -0.00000  -0.00000  -0.33434   0.00000
  18  6  H     s     0.23183  -0.00000   0.24528  -0.14154   0.00000  -0.14892
  19  7  C     s     0.06531   0.00000   0.00001  -0.02664  -0.00000   0.00793
  20  7  C     s    -0.21912   0.00000  -0.00002   0.08430   0.00000  -0.01763
  21  7  C     x    -0.00000   0.33212  -0.10192  -0.00002   0.00000  -0.00007
  22  7  C     y     0.16385   0.00000  -0.00008   0.36892  -0.00000  -0.28193
  23  7  C     z    -0.00000  -0.00000  -0.00000  -0.00000  -0.33434  -0.00000
  24  8  H     s    -0.23183  -0.00000   0.00006  -0.28319   0.00000   0.29794
  25  9  C     s    -0.06531  -0.00000  -0.02307  -0.01333   0.00000  -0.00397
  26  9  C     s     0.21912   0.00000   0.07300   0.04217  -0.00000   0.00882
  27  9  C     x    -0.14190  -0.16606   0.25117   0.20393  -0.00000  -0.02237
  28  9  C     y    -0.08192   0.28763   0.20388   0.01584  -0.00000   0.32078
  29  9  C     z    -0.00000  -0.00000   0.00000   0.00000  -0.33434  -0.00000
  30 10  H     s     0.23183   0.00000  -0.24522  -0.14165   0.00000  -0.14903
  31 11  C     s     0.06531  -0.00000  -0.02308   0.01332  -0.00000  -0.00396
  32 11  C     s    -0.21912   0.00000   0.07302  -0.04214   0.00000   0.00881
  33 11  C     x     0.14190  -0.16606   0.25126  -0.20382  -0.00000  -0.02250
  34 11  C     y    -0.08192  -0.28763  -0.20388   0.01575   0.00000  -0.32079
  35 11  C     z    -0.00000  -0.00000   0.00000   0.00000  -0.33434  -0.00000
  36 12  H     s    -0.23183   0.00000  -0.24528   0.14154   0.00000  -0.14892

 MO#                      19        20        21        22        23        24
 E(a.u.)              -0.433    -0.280    -0.280     0.269     0.269     0.503
 -------------------------------------------------------------------------------

   1  1  C     s     0.00000   0.00000   0.00000  -0.00000   0.00000   0.00000
   2  1  C     s    -0.00000  -0.00000  -0.00000   0.00000  -0.00000  -0.00000
   3  1  C     x    -0.33373  -0.00000  -0.00000   0.00000  -0.00000   0.00000
   4  1  C     y     0.00006   0.00000  -0.00000  -0.00000   0.00000   0.00000
   5  1  C     z     0.00000   0.00048  -0.53172  -0.65806   0.00112  -0.52208
   6  2  H     s     0.00006   0.00000  -0.00000  -0.00000   0.00000  -0.00000
   7  3  C     s     0.00687   0.00000  -0.00000  -0.00000   0.00000  -0.00000
   8  3  C     s    -0.01527  -0.00000   0.00000  -0.00000   0.00000   0.00000
   9  3  C     x     0.29488   0.00000   0.00000   0.00000   0.00000   0.00000
  10  3  C     y    -0.02250  -0.00000  -0.00000  -0.00000  -0.00000   0.00000
  11  3  C     z     0.00000  -0.46024  -0.26627   0.32806  -0.57045   0.52208
  12  4  H     s     0.25800   0.00000   0.00000  -0.00000  -0.00000  -0.00000
  13  5  C     s    -0.00687  -0.00000  -0.00000   0.00000   0.00000   0.00000
  14  5  C     s     0.01527   0.00000   0.00000  -0.00000  -0.00000  -0.00000
  15  5  C     x    -0.29487  -0.00000  -0.00000   0.00000  -0.00000   0.00000
  16  5  C     y    -0.02237   0.00000   0.00000  -0.00000   0.00000   0.00000
  17  5  C     z     0.00000  -0.46072   0.26544   0.33000   0.56933  -0.52208
  18  6  H     s    -0.25806  -0.00000  -0.00000  -0.00000  -0.00000   0.00000
  19  7  C     s     0.00000   0.00000  -0.00000   0.00000  -0.00000   0.00000
  20  7  C     s    -0.00000  -0.00000  -0.00000  -0.00000  -0.00000  -0.00000
  21  7  C     x     0.33373   0.00000   0.00000   0.00000   0.00000   0.00000
  22  7  C     y    -0.00006  -0.00000   0.00000  -0.00000   0.00000   0.00000
  23  7  C     z    -0.00000  -0.00048   0.53172  -0.65806   0.00112   0.52208
  24  8  H     s     0.00006   0.00000   0.00000   0.00000   0.00000   0.00000
  25  9  C     s     0.00687   0.00000   0.00000  -0.00000  -0.00000   0.00000
  26  9  C     s    -0.01527   0.00000  -0.00000   0.00000   0.00000   0.00000
  27  9  C     x    -0.29488  -0.00000  -0.00000  -0.00000  -0.00000   0.00000
  28  9  C     y     0.02250   0.00000  -0.00000   0.00000   0.00000   0.00000
  29  9  C     z    -0.00000   0.46024   0.26627   0.32806  -0.57045  -0.52208
  30 10  H     s     0.25800   0.00000   0.00000   0.00000   0.00000   0.00000
  31 11  C     s    -0.00687   0.00000  -0.00000   0.00000   0.00000   0.00000
  32 11  C     s     0.01527  -0.00000   0.00000  -0.00000  -0.00000  -0.00000
  33 11  C     x     0.29487   0.00000   0.00000   0.00000   0.00000   0.00000
  34 11  C     y     0.02237  -0.00000   0.00000   0.00000   0.00000   0.00000
  35 11  C     z     0.00000   0.46072  -0.26544   0.33000   0.56933   0.52208
  36 12  H     s    -0.25806  -0.00000  -0.00000   0.00000   0.00000   0.00000

 MO#                      25        26
 E(a.u.)               0.579     0.648
 -------------------------------------------------------------------------------

   1  1  C     s    -0.05262   0.03041
   2  1  C     s     0.33382  -0.19888
   3  1  C     x    -0.00000   0.00000
   4  1  C     y     0.31563  -0.55519
   5  1  C     z    -0.00000  -0.00000
   6  2  H     s    -0.51109   0.65431
   7  3  C     s    -0.05262   0.01520
   8  3  C     s     0.33382  -0.09944
   9  3  C     x     0.27335  -0.10138
  10  3  C     y     0.15782  -0.37959
  11  3  C     z     0.00000   0.00000
  12  4  H     s    -0.51109   0.32715
  13  5  C     s    -0.05262  -0.01521
  14  5  C     s     0.33382   0.09944
  15  5  C     x     0.27335   0.10139
  16  5  C     y    -0.15782  -0.37959
  17  5  C     z    -0.00000  -0.00000
  18  6  H     s    -0.51109  -0.32716
  19  7  C     s    -0.05262  -0.03041
  20  7  C     s     0.33382   0.19888
  21  7  C     x    -0.00000   0.00000
  22  7  C     y    -0.31563  -0.55519
  23  7  C     z     0.00000   0.00000
  24  8  H     s    -0.51109  -0.65431
  25  9  C     s    -0.05262  -0.01520
  26  9  C     s     0.33382   0.09944
  27  9  C     x    -0.27335  -0.10138
  28  9  C     y    -0.15782  -0.37959
  29  9  C     z    -0.00000  -0.00000
  30 10  H     s    -0.51109  -0.32715
  31 11  C     s    -0.05262   0.01521
  32 11  C     s     0.33382  -0.09944
  33 11  C     x    -0.27335   0.10139
  34 11  C     y     0.15782  -0.37959
  35 11  C     z     0.00000   0.00000
  36 12  H     s    -0.51109   0.32716


 VBO LIB IS: ./VBOLIB/VBOLIBSTO-nG                                                           

 PARTITIONING OF LMOs INTO GROUPS ($LMOGRPMODIFY)
 ================================================
 LMO#     1  2  3  4  5  6  7  8  9 10 11 12 13 14 15 16 17 18 19 20
 Group#   1  1  1  1  1  1  2  3  4  5  6  7  8  9 10 11 12 13 14 14
 Split    0  0  0  0  0  0  1  1  1  1  1  1  1  1  1  1  1  1  1  1
 LMO#    21
 Group#  14
 Split    1



      GENERAL CONTROLS ($GENCTL)
 ======================================
 Number of electron groups       =   14
 Maximum macro-iterations        =   12
 Energy threshold           = 10**(- 6)
 Restart calculation(0/1/2)      =    0
 Group#                     1  2  3  4  5  6  7  8  9 10 11 12 13 14
 Num. of electrons         12  2  2  2  2  2  2  2  2  2  2  2  2  6
 Num. of spins              0  0  0  0  0  0  0  0  0  0  0  0  0  0
 Num. of orbitals           6  2  2  2  2  2  2  2  2  2  2  2  2  6
 Method#                    1  2  2  2  2  2  2  2  2  2  2  2  2  2

 SYMBOLIC VB STRUCTURE(S) OF GROUP  2
 STR. NO.       RUMER PATTERN  
    1           1  2

 $VBSCF VALUES ARE EPS = 0.00100000 AND MAXIT = 10

 OVERLAP MATRIX OF VB ORBITALS FOR GROUP   2

        1      2
 =================
   1 1.0000
   2 0.7191 1.0000

 MAP FILE IS: ./MAP/MAP0200t                                                                  

 SYMBOLIC VB STRUCTURE(S) OF GROUP  3
 STR. NO.       RUMER PATTERN  
    1           1  2

 $VBSCF VALUES ARE EPS = 0.00100000 AND MAXIT = 10

 OVERLAP MATRIX OF VB ORBITALS FOR GROUP   3

        1      2
 =================
   1 1.0000
   2 0.7191 1.0000

 MAP FILE IS: ./MAP/MAP0200t                                                                  

 SYMBOLIC VB STRUCTURE(S) OF GROUP  4
 STR. NO.       RUMER PATTERN  
    1           1  2

 $VBSCF VALUES ARE EPS = 0.00100000 AND MAXIT = 10

 OVERLAP MATRIX OF VB ORBITALS FOR GROUP   4

        1      2
 =================
   1 1.0000
   2 0.7191 1.0000

 MAP FILE IS: ./MAP/MAP0200t                                                                  

 SYMBOLIC VB STRUCTURE(S) OF GROUP  5
 STR. NO.       RUMER PATTERN  
    1           1  2

 $VBSCF VALUES ARE EPS = 0.00100000 AND MAXIT = 10

 OVERLAP MATRIX OF VB ORBITALS FOR GROUP   5

        1      2
 =================
   1 1.0000
   2 0.7191 1.0000

 MAP FILE IS: ./MAP/MAP0200t                                                                  

 SYMBOLIC VB STRUCTURE(S) OF GROUP  6
 STR. NO.       RUMER PATTERN  
    1           1  2

 $VBSCF VALUES ARE EPS = 0.00100000 AND MAXIT = 10

 OVERLAP MATRIX OF VB ORBITALS FOR GROUP   6

        1      2
 =================
   1 1.0000
   2 0.7191 1.0000

 MAP FILE IS: ./MAP/MAP0200t                                                                  

 SYMBOLIC VB STRUCTURE(S) OF GROUP  7
 STR. NO.       RUMER PATTERN  
    1           1  2

 $VBSCF VALUES ARE EPS = 0.00100000 AND MAXIT = 10

 OVERLAP MATRIX OF VB ORBITALS FOR GROUP   7

        1      2
 =================
   1 1.0000
   2 0.7191 1.0000

 MAP FILE IS: ./MAP/MAP0200t                                                                  

 SYMBOLIC VB STRUCTURE(S) OF GROUP  8
 STR. NO.       RUMER PATTERN  
    1           1  2

 $VBSCF VALUES ARE EPS = 0.00100000 AND MAXIT = 10

 OVERLAP MATRIX OF VB ORBITALS FOR GROUP   8

        1      2
 =================
   1 1.0000
   2 0.6712 1.0000

 MAP FILE IS: ./MAP/MAP0200t                                                                  

 SYMBOLIC VB STRUCTURE(S) OF GROUP  9
 STR. NO.       RUMER PATTERN  
    1           1  2

 $VBSCF VALUES ARE EPS = 0.00100000 AND MAXIT = 10

 OVERLAP MATRIX OF VB ORBITALS FOR GROUP   9

        1      2
 =================
   1 1.0000
   2 0.6712 1.0000

 MAP FILE IS: ./MAP/MAP0200t                                                                  

 SYMBOLIC VB STRUCTURE(S) OF GROUP 10
 STR. NO.       RUMER PATTERN  
    1           1  2

 $VBSCF VALUES ARE EPS = 0.00100000 AND MAXIT = 10

 OVERLAP MATRIX OF VB ORBITALS FOR GROUP  10

        1      2
 =================
   1 1.0000
   2 0.6712 1.0000

 MAP FILE IS: ./MAP/MAP0200t                                                                  

 SYMBOLIC VB STRUCTURE(S) OF GROUP 11
 STR. NO.       RUMER PATTERN  
    1           1  2

 $VBSCF VALUES ARE EPS = 0.00100000 AND MAXIT = 10

 OVERLAP MATRIX OF VB ORBITALS FOR GROUP  11

        1      2
 =================
   1 1.0000
   2 0.6712 1.0000

 MAP FILE IS: ./MAP/MAP0200t                                                                  

 SYMBOLIC VB STRUCTURE(S) OF GROUP 12
 STR. NO.       RUMER PATTERN  
    1           1  2

 $VBSCF VALUES ARE EPS = 0.00100000 AND MAXIT = 10

 OVERLAP MATRIX OF VB ORBITALS FOR GROUP  12

        1      2
 =================
   1 1.0000
   2 0.6712 1.0000

 MAP FILE IS: ./MAP/MAP0200t                                                                  

 SYMBOLIC VB STRUCTURE(S) OF GROUP 13
 STR. NO.       RUMER PATTERN  
    1           1  2

 $VBSCF VALUES ARE EPS = 0.00100000 AND MAXIT = 10

 OVERLAP MATRIX OF VB ORBITALS FOR GROUP  13

        1      2
 =================
   1 1.0000
   2 0.6712 1.0000

 MAP FILE IS: ./MAP/MAP0200t                                                                  

 SYMBOLIC VB STRUCTURE(S) OF GROUP 14
 STR. NO.       RUMER PATTERN  
    1           1  2   3  4   5  6
    2           2  3   4  5   6  1
    3           1  4   2  3   5  6
    4           2  5   3  4   6  1
    5           3  6   4  5   1  2

 $VBSCF VALUES ARE EPS = 0.00100000 AND MAXIT = 10

 OVERLAP MATRIX OF VB ORBITALS FOR GROUP  14

        1      2      3      4      5      6
 =============================================
   1 1.0000
   2 0.2148 1.0000
   3 0.0256 0.0102 1.0000
   4 0.2148 0.0256 0.2148 1.0000
   5-0.0256-0.2148-0.0256-0.0102 1.0000
   6-0.0102-0.0256-0.2148-0.0256 0.2148 1.0000

 MAP FILE IS: ./MAP/MAP0600t                                                                  
 VBSCF NOT CONVERGED. CMAX =  0.01956549565988 AFTER  11 ITERATIONS

 ENERGY AND DIFF OF MACROITER    1 =   -227.8976781601   -227.8976781601

 ENERGY AND DIFF OF MACROITER    2 =   -228.1203791749     -0.2227010149

 ENERGY AND DIFF OF MACROITER    3 =   -228.1272340854     -0.0068549105

 ENERGY AND DIFF OF MACROITER    4 =   -228.1274761978     -0.0002421124

 ENERGY AND DIFF OF MACROITER    5 =   -228.1274871419     -0.0000109441

 ENERGY AND DIFF OF MACROITER    6 =   -228.1274879375     -0.0000007956

 OVERLAP MATRIX OF VB ORBITALS FOR GROUP   2

        1      2
 =================
   1 1.0000
   2 0.8876 1.0000

 OVERLAP MATRIX OF VB ORBITALS FOR GROUP   3

        1      2
 =================
   1 1.0000
   2 0.8876 1.0000

 OVERLAP MATRIX OF VB ORBITALS FOR GROUP   4

        1      2
 =================
   1 1.0000
   2 0.8876 1.0000

 OVERLAP MATRIX OF VB ORBITALS FOR GROUP   5

        1      2
 =================
   1 1.0000
   2 0.8876 1.0000

 OVERLAP MATRIX OF VB ORBITALS FOR GROUP   6

        1      2
 =================
   1 1.0000
   2 0.8876 1.0000

 OVERLAP MATRIX OF VB ORBITALS FOR GROUP   7

        1      2
 =================
   1 1.0000
   2 0.8876 1.0000

 OVERLAP MATRIX OF VB ORBITALS FOR GROUP   8

        1      2
 =================
   1 1.0000
   2 0.8360 1.0000

 OVERLAP MATRIX OF VB ORBITALS FOR GROUP   9

        1      2
 =================
   1 1.0000
   2 0.8360 1.0000

 OVERLAP MATRIX OF VB ORBITALS FOR GROUP  10

        1      2
 =================
   1 1.0000
   2 0.8360 1.0000

 OVERLAP MATRIX OF VB ORBITALS FOR GROUP  11

        1      2
 =================
   1 1.0000
   2 0.8360 1.0000

 OVERLAP MATRIX OF VB ORBITALS FOR GROUP  12

        1      2
 =================
   1 1.0000
   2 0.8360 1.0000

 OVERLAP MATRIX OF VB ORBITALS FOR GROUP  13

        1      2
 =================
   1 1.0000
   2 0.8360 1.0000

 OVERLAP MATRIX OF VB ORBITALS FOR GROUP  14

        1      2      3      4      5      6
 =============================================
   1 1.0000
   2 0.4999 1.0000
   3 0.0630-0.1058 1.0000
   4 0.5121 0.0628 0.5000 1.0000
   5-0.0628-0.5121-0.0632 0.1058 1.0000
   6 0.1058-0.0630-0.5122-0.0632 0.5000 1.0000

 ====Normalized structure coefficients====
  0.0001 -0.2720 -0.4603 -0.4603 -0.4603

 ====Mulliken Weight (Chirgwin-Coulson)====
  0.0001 -0.2272  0.4091  0.4091  0.4091

 ====Inverse Overlap Weight (Gallup-Norbeck)====
  0.0000  0.0209  0.3264  0.3264  0.3264

 ====Lowdin Weight====
  0.2266  0.0313  0.2474  0.2474  0.2474

 ====Hiberty Weight====
  0.0000  0.1042  0.2986  0.2986  0.2986


 ENERGY AND DIFF OF MACROITER    7 =   -228.1274881407     -0.0000002032

 MULLIKEN CHARGES ON ATOMS
 -------------------------
  ATOM             CHARGE 

    1            -0.05754
    2             0.05754
    3            -0.05754
    4             0.05753
    5            -0.05753
    6             0.05754
    7            -0.05753
    8             0.05754
    9            -0.05754
   10             0.05754
   11            -0.05754
   12             0.05754

 -------------------------


 ORBITALS OF EACH ELECTRON GROUP IN AO BASIS: ORBITAL(GROUP)
 ===========================================================================
    Orbital#             1         2         3         4         5         6
      Group#             1         1         1         1         1         1
 ---------------------------------------------------------------------------
  AO# LABELS
   1  1  C     s  -0.00359  -0.00044   0.00359   1.00352   0.00044   0.00029
   2  1  C     s   0.01595   0.00204  -0.01595   0.00033  -0.00204  -0.00116
   3  1  C     x  -0.01501  -0.00140  -0.01501   0.00000  -0.00140   0.00000
   4  1  C     y  -0.00849  -0.00103   0.00849   0.00028   0.00103   0.00072
   5  1  C     z   0.00000   0.00000  -0.00000   0.00000  -0.00000  -0.00000
   6  2  H     s  -0.00211  -0.00111   0.00211  -0.01784   0.00111   0.00016
   7  3  C     s   0.00044  -0.00029   1.00352   0.00359  -0.00359   0.00044
   8  3  C     s  -0.00204   0.00116   0.00033  -0.01595   0.01595  -0.00204
   9  3  C     x   0.00159  -0.00062   0.00024   0.01485   0.00015   0.00019
  10  3  C     y  -0.00070  -0.00036   0.00014  -0.00875  -0.01724   0.00173
  11  3  C     z  -0.00000  -0.00000  -0.00000   0.00000  -0.00000  -0.00000
  12  4  H     s   0.00111  -0.00016  -0.01784   0.00211  -0.00211   0.00111
  13  5  C     s   0.00029  -0.00044   0.00359  -0.00044  -1.00352  -0.00359
  14  5  C     s  -0.00116   0.00204  -0.01595   0.00204  -0.00033   0.01595
  15  5  C     x   0.00062  -0.00159  -0.00015  -0.00019  -0.00024  -0.01485
  16  5  C     y  -0.00036  -0.00070  -0.01724   0.00173   0.00014  -0.00875
  17  5  C     z  -0.00000  -0.00000  -0.00000  -0.00000  -0.00000  -0.00000
  18  6  H     s   0.00016  -0.00111   0.00211  -0.00111   0.01784  -0.00211
  19  7  C     s   0.00044   0.00359  -0.00044  -0.00029  -0.00359  -1.00352
  20  7  C     s  -0.00204  -0.01595   0.00204   0.00116   0.01595  -0.00033
  21  7  C     x   0.00140   0.01501   0.00140   0.00000   0.01501   0.00000
  22  7  C     y  -0.00103  -0.00849   0.00103   0.00072   0.00849   0.00028
  23  7  C     z   0.00000   0.00000   0.00000  -0.00000  -0.00000  -0.00000
  24  8  H     s   0.00111   0.00211  -0.00111  -0.00016  -0.00211   0.01784
  25  9  C     s  -0.00359   1.00352  -0.00029  -0.00044   0.00044  -0.00359
  26  9  C     s   0.01595   0.00033   0.00116   0.00204  -0.00204   0.01595
  27  9  C     x  -0.00015  -0.00024   0.00062   0.00019  -0.00159   0.01485
  28  9  C     y   0.01724  -0.00014   0.00036   0.00173   0.00070  -0.00875
  29  9  C     z   0.00000   0.00000   0.00000   0.00000   0.00000   0.00000
  30 10  H     s  -0.00211  -0.01784  -0.00016  -0.00111   0.00111  -0.00211
  31 11  C     s  -1.00352   0.00359  -0.00044   0.00359   0.00029   0.00044
  32 11  C     s  -0.00033  -0.01595   0.00204  -0.01595  -0.00116  -0.00204
  33 11  C     x   0.00024   0.00015   0.00159  -0.01485  -0.00062  -0.00019
  34 11  C     y  -0.00014   0.01724   0.00070  -0.00875   0.00036   0.00173
  35 11  C     z   0.00000   0.00000  -0.00000   0.00000   0.00000   0.00000
  36 12  H     s   0.01784   0.00211  -0.00111   0.00211   0.00016   0.00111

 ===========================================================================
    Orbital#             7         8         9        10        11        12
      Group#             2         2         3         3         4         4
 ---------------------------------------------------------------------------
  AO# LABELS
   1  1  C     s  -0.00505  -0.00368   0.01246   0.01012   0.00368   0.00505
   2  1  C     s   0.01591   0.02027  -0.05460  -0.04784  -0.02027  -0.01591
   3  1  C     x   0.01412   0.01384  -0.03159  -0.04669   0.01384   0.01412
   4  1  C     y  -0.01377  -0.01137   0.04761  -0.00920   0.01137   0.01377
   5  1  C     z  -0.00000  -0.00000  -0.00000   0.00000  -0.00000  -0.00000
   6  2  H     s   0.00024   0.00088   0.03303   0.03227  -0.00088  -0.00024
   7  3  C     s  -0.01246  -0.01012  -0.12944  -0.06177   0.00505   0.00368
   8  3  C     s   0.05459   0.04784   0.58165   0.12475  -0.01591  -0.02027
   9  3  C     x  -0.02544   0.03131   0.01724   0.02055   0.00486   0.00292
  10  3  C     y  -0.05116  -0.03584  -0.66218  -0.17050   0.01912   0.01767
  11  3  C     z  -0.00000  -0.00000  -0.00000  -0.00000   0.00000   0.00000
  12  4  H     s  -0.03303  -0.03227  -0.05263  -0.04116  -0.00024  -0.00088
  13  5  C     s   0.12943   0.06177  -0.06177  -0.12944   0.01246   0.01012
  14  5  C     s  -0.58163  -0.12474   0.12474   0.58164  -0.05459  -0.04784
  15  5  C     x   0.56485   0.13738   0.02055   0.01725   0.05702   0.01537
  16  5  C     y   0.34605   0.10306   0.17049   0.66218   0.00355   0.04504
  17  5  C     z   0.00000   0.00000   0.00000   0.00000   0.00000   0.00000
  18  6  H     s   0.05264   0.04117  -0.04116  -0.05263   0.03303   0.03227
  19  7  C     s   0.06177   0.12943   0.01012   0.01246  -0.12944  -0.06178
  20  7  C     s  -0.12473  -0.58162  -0.04785  -0.05460   0.58164   0.12476
  21  7  C     x  -0.15794  -0.58211  -0.04669  -0.03159  -0.58207  -0.15793
  22  7  C     y  -0.06744  -0.31615   0.00920  -0.04761   0.31615   0.06746
  23  7  C     z   0.00000   0.00000  -0.00000  -0.00000  -0.00000  -0.00000
  24  8  H     s   0.04117   0.05264   0.03227   0.03303  -0.05263  -0.04116
  25  9  C     s  -0.01012  -0.01246   0.00368   0.00505  -0.06178  -0.12944
  26  9  C     s   0.04784   0.05459  -0.02027  -0.01591   0.12477   0.58164
  27  9  C     x   0.01538   0.05703  -0.01677  -0.01899   0.13739   0.56483
  28  9  C     y  -0.04504  -0.00355   0.00630   0.00535  -0.10305  -0.34601
  29  9  C     z  -0.00000  -0.00000   0.00000   0.00000  -0.00000  -0.00000
  30 10  H     s  -0.03227  -0.03303  -0.00088  -0.00024  -0.04116  -0.05263
  31 11  C     s  -0.00368  -0.00505   0.00505   0.00368   0.01012   0.01246
  32 11  C     s   0.02026   0.01591  -0.01591  -0.02027  -0.04784  -0.05459
  33 11  C     x   0.00292   0.00486  -0.01899  -0.01677   0.03132  -0.02543
  34 11  C     y  -0.01767  -0.01912  -0.00535  -0.00630   0.03583   0.05116
  35 11  C     z   0.00000   0.00000  -0.00000  -0.00000   0.00000   0.00000
  36 12  H     s   0.00088   0.00024  -0.00024  -0.00088   0.03227   0.03303

 ===========================================================================
    Orbital#            13        14        15        16        17        18
      Group#             5         5         6         6         7         7
 ---------------------------------------------------------------------------
  AO# LABELS
   1  1  C     s   0.06177   0.12944   0.01012   0.01246  -0.12943  -0.06177
   2  1  C     s  -0.12474  -0.58165  -0.04784  -0.05459   0.58163   0.12474
   3  1  C     x   0.15793   0.58209   0.04669   0.03159   0.58211   0.15794
   4  1  C     y   0.06745   0.31616  -0.00920   0.04761  -0.31615  -0.06744
   5  1  C     z  -0.00000  -0.00000  -0.00000  -0.00000  -0.00000  -0.00000
   6  2  H     s   0.04116   0.05263   0.03227   0.03303  -0.05264  -0.04117
   7  3  C     s  -0.01012  -0.01246   0.00368   0.00505  -0.06177  -0.12943
   8  3  C     s   0.04785   0.05460  -0.02027  -0.01591   0.12474   0.58163
   9  3  C     x  -0.01538  -0.05703   0.01677   0.01899  -0.13738  -0.56485
  10  3  C     y   0.04504   0.00356  -0.00630  -0.00535   0.10306   0.34605
  11  3  C     z   0.00000   0.00000   0.00000   0.00000  -0.00000  -0.00000
  12  4  H     s  -0.03227  -0.03303  -0.00088  -0.00024  -0.04117  -0.05264
  13  5  C     s  -0.00368  -0.00505   0.00505   0.00368   0.01012   0.01246
  14  5  C     s   0.02027   0.01591  -0.01591  -0.02026  -0.04784  -0.05459
  15  5  C     x  -0.00292  -0.00486   0.01899   0.01677  -0.03131   0.02544
  16  5  C     y   0.01767   0.01912   0.00535   0.00630  -0.03584  -0.05116
  17  5  C     z  -0.00000  -0.00000   0.00000   0.00000   0.00000   0.00000
  18  6  H     s   0.00088   0.00024  -0.00024  -0.00088   0.03227   0.03303
  19  7  C     s  -0.00505  -0.00368   0.01246   0.01012   0.00368   0.00505
  20  7  C     s   0.01591   0.02027  -0.05459  -0.04784  -0.02027  -0.01591
  21  7  C     x  -0.01413  -0.01384   0.03159   0.04670  -0.01384  -0.01412
  22  7  C     y   0.01377   0.01137  -0.04761   0.00920  -0.01137  -0.01377
  23  7  C     z  -0.00000  -0.00000  -0.00000  -0.00000   0.00000   0.00000
  24  8  H     s   0.00024   0.00088   0.03303   0.03227  -0.00088  -0.00024
  25  9  C     s  -0.01246  -0.01012  -0.12943  -0.06177   0.00505   0.00368
  26  9  C     s   0.05460   0.04785   0.58163   0.12473  -0.01591  -0.02027
  27  9  C     x   0.02543  -0.03131  -0.01727  -0.02056  -0.00486  -0.00292
  28  9  C     y   0.05116   0.03583   0.66220   0.17050  -0.01912  -0.01767
  29  9  C     z   0.00000   0.00000   0.00000   0.00000  -0.00000  -0.00000
  30 10  H     s  -0.03303  -0.03227  -0.05264  -0.04117  -0.00024  -0.00088
  31 11  C     s   0.12944   0.06177  -0.06177  -0.12943   0.01246   0.01012
  32 11  C     s  -0.58165  -0.12474   0.12473   0.58163  -0.05459  -0.04784
  33 11  C     x  -0.56484  -0.13738  -0.02056  -0.01726  -0.05702  -0.01538
  34 11  C     y  -0.34602  -0.10304  -0.17050  -0.66220  -0.00355  -0.04504
  35 11  C     z  -0.00000  -0.00000   0.00000   0.00000   0.00000   0.00000
  36 12  H     s   0.05263   0.04116  -0.04117  -0.05264   0.03303   0.03227

 ===========================================================================
    Orbital#            19        20        21        22        23        24
      Group#             8         8         9         9        10        10
 ---------------------------------------------------------------------------
  AO# LABELS
   1  1  C     s  -0.12093  -0.04519  -0.00977  -0.00621  -0.01568  -0.01085
   2  1  C     s   0.55723   0.07910   0.04073   0.03448   0.06751   0.05588
   3  1  C     x   0.00001   0.00001   0.03758   0.02691  -0.07350  -0.03513
   4  1  C     y   0.73565   0.18169  -0.02225  -0.00720  -0.00462  -0.04378
   5  1  C     z  -0.00000  -0.00000  -0.00000  -0.00000  -0.00000  -0.00000
   6  2  H     s   0.15617   0.87738  -0.01631  -0.01291   0.02783   0.03262
   7  3  C     s   0.01568   0.01085   0.01568   0.01085   0.00977   0.00621
   8  3  C     s  -0.06752  -0.05588  -0.06751  -0.05588  -0.04073  -0.03448
   9  3  C     x   0.04076   0.05549  -0.03275   0.02035   0.03806   0.01969
  10  3  C     y  -0.06135  -0.00854   0.06597   0.05232  -0.02142  -0.01971
  11  3  C     z   0.00000   0.00000   0.00000   0.00000   0.00000   0.00000
  12  4  H     s  -0.02783  -0.03262  -0.02783  -0.03262   0.01631   0.01291
  13  5  C     s  -0.00977  -0.00621  -0.12093  -0.04519   0.00247   0.00161
  14  5  C     s   0.04073   0.03448   0.55723   0.07910  -0.01011  -0.00837
  15  5  C     x  -0.00048   0.00722   0.63709   0.15734   0.00672   0.00504
  16  5  C     y   0.04367   0.02691  -0.36783  -0.09085  -0.00388  -0.00291
  17  5  C     z   0.00000   0.00000   0.00000   0.00000  -0.00000   0.00000
  18  6  H     s  -0.01631  -0.01291   0.15617   0.87738  -0.00400  -0.00157
  19  7  C     s  -0.00247  -0.00161   0.01568   0.01085   0.00977   0.00621
  20  7  C     s   0.01011   0.00837  -0.06752  -0.05588  -0.04073  -0.03448
  21  7  C     x  -0.00000  -0.00000  -0.07351  -0.03514   0.03758   0.02691
  22  7  C     y   0.00776   0.00582  -0.00462  -0.04378  -0.02226  -0.00720
  23  7  C     z  -0.00000  -0.00000   0.00000   0.00000   0.00000   0.00000
  24  8  H     s   0.00400   0.00157  -0.02783  -0.03262   0.01631   0.01291
  25  9  C     s  -0.00977  -0.00621  -0.00977  -0.00621  -0.01568  -0.01085
  26  9  C     s   0.04073   0.03448   0.04073   0.03448   0.06752   0.05588
  27  9  C     x   0.00048  -0.00722   0.03807   0.01969  -0.03275   0.02035
  28  9  C     y   0.04367   0.02691  -0.02142  -0.01971   0.06598   0.05232
  29  9  C     z   0.00000   0.00000  -0.00000  -0.00000   0.00000   0.00000
  30 10  H     s  -0.01631  -0.01291  -0.01631  -0.01291   0.02783   0.03262
  31 11  C     s   0.01568   0.01085  -0.00247  -0.00161   0.12093   0.04519
  32 11  C     s  -0.06751  -0.05588   0.01011   0.00837  -0.55723  -0.07910
  33 11  C     x  -0.04075  -0.05548   0.00672   0.00504   0.63710   0.15735
  34 11  C     y  -0.06135  -0.00853  -0.00388  -0.00291  -0.36782  -0.09084
  35 11  C     z  -0.00000  -0.00000   0.00000   0.00000   0.00000   0.00000
  36 12  H     s  -0.02783  -0.03262   0.00400   0.00157  -0.15617  -0.87738

 ===========================================================================
    Orbital#            25        26        27        28        29        30
      Group#            11        11        12        12        13        13
 ---------------------------------------------------------------------------
  AO# LABELS
   1  1  C     s   0.00247   0.00161  -0.00977  -0.00621   0.01568   0.01085
   2  1  C     s  -0.01011  -0.00837   0.04073   0.03448  -0.06752  -0.05588
   3  1  C     x   0.00000   0.00000  -0.03758  -0.02691  -0.07351  -0.03514
   4  1  C     y   0.00776   0.00582  -0.02226  -0.00720   0.00462   0.04378
   5  1  C     z   0.00000   0.00000   0.00000   0.00000   0.00000   0.00000
   6  2  H     s  -0.00400  -0.00157  -0.01631  -0.01291  -0.02783  -0.03262
   7  3  C     s   0.00977   0.00621  -0.00247  -0.00161  -0.12093  -0.04519
   8  3  C     s  -0.04073  -0.03448   0.01011   0.00837   0.55723   0.07910
   9  3  C     x   0.00048  -0.00722  -0.00672  -0.00504   0.63709   0.15734
  10  3  C     y   0.04367   0.02691  -0.00388  -0.00291   0.36783   0.09085
  11  3  C     z  -0.00000  -0.00000  -0.00000  -0.00000  -0.00000  -0.00000
  12  4  H     s   0.01631   0.01291   0.00400   0.00157   0.15618   0.87738
  13  5  C     s  -0.01568  -0.01085  -0.00977  -0.00621   0.01568   0.01085
  14  5  C     s   0.06752   0.05588   0.04073   0.03448  -0.06751  -0.05588
  15  5  C     x  -0.04076  -0.05548  -0.03806  -0.01969  -0.03275   0.02035
  16  5  C     y  -0.06135  -0.00854  -0.02142  -0.01971  -0.06597  -0.05232
  17  5  C     z  -0.00000  -0.00000  -0.00000  -0.00000   0.00000   0.00000
  18  6  H     s   0.02783   0.03262  -0.01631  -0.01291  -0.02783  -0.03262
  19  7  C     s   0.12093   0.04519   0.01568   0.01085  -0.00977  -0.00621
  20  7  C     s  -0.55723  -0.07910  -0.06751  -0.05588   0.04073   0.03448
  21  7  C     x  -0.00001  -0.00001   0.07351   0.03513   0.03758   0.02691
  22  7  C     y   0.73565   0.18169  -0.00462  -0.04378   0.02225   0.00720
  23  7  C     z   0.00000   0.00000   0.00000   0.00000  -0.00000  -0.00000
  24  8  H     s  -0.15617  -0.87738  -0.02783  -0.03262  -0.01631  -0.01291
  25  9  C     s  -0.01568  -0.01085  -0.12093  -0.04519  -0.00247  -0.00161
  26  9  C     s   0.06751   0.05588   0.55722   0.07910   0.01011   0.00837
  27  9  C     x   0.04076   0.05548  -0.63710  -0.15735   0.00672   0.00504
  28  9  C     y  -0.06135  -0.00853  -0.36782  -0.09083   0.00388   0.00291
  29  9  C     z   0.00000   0.00000  -0.00000  -0.00000   0.00000   0.00000
  30 10  H     s   0.02783   0.03262   0.15617   0.87738   0.00400   0.00157
  31 11  C     s   0.00977   0.00621   0.01568   0.01085  -0.00977  -0.00621
  32 11  C     s  -0.04073  -0.03448  -0.06752  -0.05588   0.04073   0.03448
  33 11  C     x  -0.00048   0.00722   0.03275  -0.02035   0.03807   0.01969
  34 11  C     y   0.04367   0.02691   0.06597   0.05232   0.02142   0.01971
  35 11  C     z  -0.00000  -0.00000  -0.00000  -0.00000   0.00000   0.00000
  36 12  H     s   0.01631   0.01291  -0.02783  -0.03262  -0.01631  -0.01291

 ===========================================================================
    Orbital#            31        32        33        34        35        36
      Group#            14        14        14        14        14        14
 ---------------------------------------------------------------------------
  AO# LABELS
   1  1  C     s   0.00000   0.00000  -0.00000  -0.00000  -0.00000   0.00000
   2  1  C     s  -0.00000  -0.00000   0.00000   0.00000   0.00000  -0.00000
   3  1  C     x  -0.00000  -0.00000   0.00000  -0.00000   0.00000  -0.00000
   4  1  C     y   0.00000   0.00000  -0.00000  -0.00000  -0.00000   0.00000
   5  1  C     z  -0.07079   0.00022   0.17837  -0.00983  -0.17646  -0.89313
   6  2  H     s   0.00000  -0.00000  -0.00000   0.00000   0.00000   0.00000
   7  3  C     s  -0.00000  -0.00000   0.00000  -0.00000   0.00000  -0.00000
   8  3  C     s   0.00000   0.00000  -0.00000  -0.00000  -0.00000   0.00000
   9  3  C     x  -0.00000  -0.00000   0.00000   0.00000   0.00000  -0.00000
  10  3  C     y   0.00000   0.00000  -0.00000  -0.00000  -0.00000   0.00000
  11  3  C     z  -0.01000   0.17835   0.00032  -0.07076  -0.89314  -0.17644
  12  4  H     s  -0.00000  -0.00000   0.00000   0.00000   0.00000   0.00000
  13  5  C     s   0.00000  -0.00000   0.00000   0.00000   0.00000   0.00000
  14  5  C     s  -0.00000   0.00000  -0.00000  -0.00000  -0.00000  -0.00000
  15  5  C     x   0.00000  -0.00000   0.00000   0.00000   0.00000   0.00000
  16  5  C     y   0.00000  -0.00000   0.00000   0.00000   0.00000   0.00000
  17  5  C     z   0.17643   0.89315  -0.07073   0.00015  -0.17834   0.00990
  18  6  H     s  -0.00000   0.00000   0.00000   0.00000   0.00000   0.00000
  19  7  C     s  -0.00000  -0.00000  -0.00000  -0.00000   0.00000   0.00000
  20  7  C     s   0.00000   0.00000  -0.00000   0.00000   0.00000   0.00000
  21  7  C     x   0.00000  -0.00000   0.00000   0.00000   0.00000   0.00000
  22  7  C     y   0.00000   0.00000   0.00000   0.00000   0.00000   0.00000
  23  7  C     z   0.89315   0.17643  -0.00991   0.17834  -0.00015   0.07073
  24  8  H     s  -0.00000  -0.00000   0.00000   0.00000   0.00000  -0.00000
  25  9  C     s   0.00000   0.00000  -0.00000   0.00000   0.00000   0.00000
  26  9  C     s  -0.00000  -0.00000   0.00000  -0.00000  -0.00000  -0.00000
  27  9  C     x  -0.00000  -0.00000   0.00000   0.00000   0.00000  -0.00000
  28  9  C     y  -0.00000  -0.00000   0.00000  -0.00000  -0.00000  -0.00000
  29  9  C     z   0.17835  -0.00999   0.17644   0.89314   0.07075  -0.00032
  30 10  H     s  -0.00000  -0.00000   0.00000   0.00000   0.00000  -0.00000
  31 11  C     s   0.00000  -0.00000   0.00000   0.00000   0.00000  -0.00000
  32 11  C     s   0.00000   0.00000  -0.00000   0.00000   0.00000   0.00000
  33 11  C     x  -0.00000   0.00000  -0.00000  -0.00000  -0.00000   0.00000
  34 11  C     y  -0.00000  -0.00000   0.00000  -0.00000  -0.00000  -0.00000
  35 11  C     z   0.00022  -0.07079   0.89313   0.17646   0.00982  -0.17837
  36 12  H     s  -0.00000  -0.00000   0.00000   0.00000   0.00000   0.00000


 WORDS OF DYNAMIC MEMORY USED IN VB2000 CODE ONLY:      267673

 STATISTICS OF CPU TIMES (SECONDS)
 CPU TIME FOR INITIALIZATION        0.024
 CPU TIME FOR MACROITERATION        2.510
 TOTAL CPU TIME                     2.534

