
 **************************************************************
 *                                                            *
 *                        V B 2 0 0 0                         *
 *                                                            *
 * An ab initio Valence-Bond Program Based on the Generalized *
 *    Product Function Method and the Algebrant Algorithm     *
 *                                                            *
 *                  Version 2.8 November 2017                 *
 *                     Stand-alone Version                    *
 *                      Compiler GFORTRAN                     *
 *                                                            *
 *     Memory = 12500000 for MAP file up to 16 electrons      *
 *                                                            *
 *         Jiabo Li*, Brian Duke** and Roy McWeeny***         *
 *                                                            *
 *        * SciNet Technologies, 9943 Fieldthorn St.,         *
 *                   San Diego, CA 92127, USA                 *
 *                                                            *
 *  ** Monash University Institute of Pharmaceutical Sciences,*
 *          Monash University, 381 Royal Pde, Parkville,      *
 *                    Victoria, 3052, Australia               *
 *                                                            *
 *      *** Department of Chemistry, University of Pisa,      *
 *                       56100 Pisa, Italy                    *
 *                                                            *
 *  Reference for the software:                               *
 *     Jiabo Li, Brian Duke, and Roy McWeeny, VB2000 Version  *
 *     2.8, SciNet Technologies, San Diego, CA, 2013          *
 *     URL: http://www.scinetec.com or http://www.vb2000.net  *
 *                                                            *
 *  References for the theory:                                *
 *     General:                                               *
 *     Jiabo Li, and Roy McWeeny, "VB2000: Pushing Valence    *
 *     Bond Theory to New Limits", Int. J. Quantum Chem.,     *
 *     89(2002)208-216.                                       *
 *                                                            *
 *     Spin densities:-                                       *
 *     Jiabo Li, Brian J. Duke, Thomas M. Klapoetke, and Roy  *
 *     McWeeny, Spin-Density of Spin-Free Valence Bond Wave   *
 *     Functions and Its Implementation in VB2000. J. Theor.  *
 *     Comp. Chem. 7(2008)853-867.                            *
 *                                                            *
 *     Spin coupled - n electrons in m orbitals:-             *
 *     Peter B. Karadakov, David L. Cooper, Brian J. Duke,    *
 *     and Jiabo Li, Spin-Coupled Theory for N Electrons in   *
 *     M Orbitals Active Spaces,  J. Phys. Chem. A, 116,      *
 *     7238 - 7244, 2012                                      *
 *                                                            *
 *     Copyright (C) 2018 GNU General Public License          *
 **************************************************************

 JOB NAME IS c6h6vb                                                          

 VB2000 DIRECTORY IS: .                                                                               
 MAXIMUM DYNAMIC MEMORY IS:        6500000

 Input of molecule
 =================
 #! GPF(2)/STO-3G UNITS=BOHR PRINTALL                                            
                                                                                 
 Title: TEST BENZENE                                                                    

 Charge =  0 Multiplicity =  1

 BASIS SET FILE IS: ./BASET/STO-3G                                                                  

 Cartesian coordinates of atoms in Angstrom
 ----------------------------------------------------
                    X             Y             Z   

  C     6.0      0.000000      1.395440      0.000000
  H     1.0      0.000000      2.480783      0.000000
  C     6.0      1.208487      0.697720      0.000000
  H     1.0      2.148421      1.240391      0.000000
  C     6.0      1.208487     -0.697720      0.000000
  H     1.0      2.148421     -1.240391      0.000000
  C     6.0      0.000000     -1.395440      0.000000
  H     1.0      0.000000     -2.480783      0.000000
  C     6.0     -1.208487     -0.697720      0.000000
  H     1.0     -2.148421     -1.240391      0.000000
  C     6.0     -1.208487      0.697720      0.000000
  H     1.0     -2.148421      1.240391      0.000000
 ----------------------------------------------------

 Total number of two-electron integrals =       127573
 Time for integral evaluation                    0.397

 SKIPPED INTEGRALS =                             93257
 Number of iter =     11, DMAX =        0.000007549582
 Final Hartree-Fock Energy =         -227.890783967345

 Molecular orbitals by HF method
 ===============================================================================
 MO#                       1         2         3         4         5         6
 E(a.u.)             -11.029   -11.029   -11.029   -11.029   -11.029   -11.029
 -------------------------------------------------------------------------------

   1  1  C     s    -0.00396   0.57302  -0.40542   0.57261  -0.00028  -0.40474
   2  1  C     s    -0.00012   0.01681  -0.00919   0.02493  -0.00001  -0.02093
   3  1  C     x    -0.00377  -0.00003   0.00000  -0.00000  -0.00391  -0.00000
   4  1  C     y    -0.00000   0.00053  -0.00154  -0.00193   0.00000   0.00246
   5  1  C     z    -0.00000   0.00000   0.00000   0.00000   0.00000   0.00000
   6  2  H     s     0.00003  -0.00380   0.00281  -0.00397   0.00000   0.00290
   7  3  C     s     0.49427   0.28994  -0.40542  -0.28606   0.49603   0.40474
   8  3  C     s     0.01450   0.00850  -0.00919  -0.01246   0.02160   0.02093
   9  3  C     x    -0.00056   0.00186  -0.00133   0.00253  -0.00047  -0.00213
  10  3  C     y     0.00188  -0.00268  -0.00077  -0.00245  -0.00252  -0.00123
  11  3  C     z     0.00000  -0.00000  -0.00000  -0.00000  -0.00000  -0.00000
  12  4  H     s    -0.00328  -0.00192   0.00281   0.00198  -0.00344  -0.00290
  13  5  C     s     0.49823  -0.28308  -0.40542  -0.28655  -0.49576  -0.40474
  14  5  C     s     0.01461  -0.00830  -0.00919  -0.01248  -0.02159  -0.02093
  15  5  C     x    -0.00053  -0.00187  -0.00133   0.00253   0.00047   0.00213
  16  5  C     y    -0.00185  -0.00271   0.00077   0.00245  -0.00253  -0.00123
  17  5  C     z    -0.00000  -0.00000   0.00000  -0.00000  -0.00000  -0.00000
  18  6  H     s    -0.00330   0.00188   0.00281   0.00199   0.00344   0.00290
  19  7  C     s     0.00396  -0.57302  -0.40542   0.57261  -0.00028   0.40474
  20  7  C     s     0.00012  -0.01681  -0.00919   0.02493  -0.00001   0.02093
  21  7  C     x    -0.00377  -0.00003   0.00000   0.00000   0.00391   0.00000
  22  7  C     y    -0.00000   0.00053   0.00154   0.00193  -0.00000   0.00246
  23  7  C     z     0.00000  -0.00000  -0.00000  -0.00000  -0.00000  -0.00000
  24  8  H     s    -0.00003   0.00380   0.00281  -0.00397   0.00000  -0.00290
  25  9  C     s    -0.49427  -0.28994  -0.40542  -0.28606   0.49603  -0.40474
  26  9  C     s    -0.01450  -0.00850  -0.00919  -0.01246   0.02160  -0.02093
  27  9  C     x    -0.00056   0.00186   0.00133  -0.00253   0.00047  -0.00213
  28  9  C     y     0.00188  -0.00268   0.00077   0.00245   0.00252  -0.00123
  29  9  C     z    -0.00000   0.00000  -0.00000   0.00000   0.00000  -0.00000
  30 10  H     s     0.00328   0.00192   0.00281   0.00198  -0.00344   0.00290
  31 11  C     s    -0.49823   0.28308  -0.40542  -0.28655  -0.49576   0.40474
  32 11  C     s    -0.01461   0.00830  -0.00919  -0.01248  -0.02159   0.02093
  33 11  C     x    -0.00053  -0.00187   0.00133  -0.00253  -0.00047   0.00213
  34 11  C     y    -0.00185  -0.00271  -0.00077  -0.00245   0.00253  -0.00123
  35 11  C     z    -0.00000  -0.00000  -0.00000  -0.00000   0.00000  -0.00000
  36 12  H     s     0.00330  -0.00188   0.00281   0.00199   0.00344  -0.00290

 MO#                       7         8         9        10        11        12
 E(a.u.)              -1.089    -0.954    -0.954    -0.767    -0.767    -0.662
 -------------------------------------------------------------------------------

   1  1  C     s     0.10468  -0.14646  -0.00032  -0.11432   0.00004   0.00886
   2  1  C     s    -0.26496   0.39533   0.00087   0.33690  -0.00011  -0.03614
   3  1  C     x     0.00000  -0.00029   0.13028   0.00008   0.23075   0.00000
   4  1  C     y     0.06180  -0.02751  -0.00006   0.08427  -0.00003  -0.23439
   5  1  C     z    -0.00000  -0.00000   0.00000  -0.00000  -0.00000   0.00000
   6  2  H     s    -0.04708   0.10887   0.00024   0.17829  -0.00006  -0.17570
   7  3  C     s     0.10468  -0.07295  -0.12700   0.05712  -0.09902   0.00886
   8  3  C     s    -0.26496   0.19691   0.34280  -0.16835   0.29182  -0.03614
   9  3  C     x     0.05352  -0.06835   0.01179  -0.13641   0.00556  -0.20299
  10  3  C     y     0.03090   0.09098  -0.06812   0.15204   0.13636  -0.11719
  11  3  C     z     0.00000  -0.00000  -0.00000  -0.00000  -0.00000  -0.00000
  12  4  H     s    -0.04708   0.05423   0.09440  -0.08910   0.15444  -0.17570
  13  5  C     s     0.10468   0.07351  -0.12667   0.05719   0.09898   0.00886
  14  5  C     s    -0.26496  -0.19842   0.34193  -0.16855  -0.29171  -0.03614
  15  5  C     x     0.05352   0.06830   0.01209  -0.13641  -0.00547  -0.20299
  16  5  C     y    -0.03090   0.09068   0.06852  -0.15195   0.13646   0.11719
  17  5  C     z    -0.00000  -0.00000  -0.00000  -0.00000  -0.00000  -0.00000
  18  6  H     s    -0.04708  -0.05464   0.09416  -0.08920  -0.15438  -0.17570
  19  7  C     s     0.10468   0.14646   0.00032  -0.11432   0.00004   0.00886
  20  7  C     s    -0.26496  -0.39533  -0.00087   0.33690  -0.00011  -0.03614
  21  7  C     x     0.00000  -0.00029   0.13028  -0.00008  -0.23075  -0.00000
  22  7  C     y    -0.06180  -0.02751  -0.00006  -0.08427   0.00003   0.23439
  23  7  C     z    -0.00000  -0.00000  -0.00000  -0.00000  -0.00000  -0.00000
  24  8  H     s    -0.04708  -0.10887  -0.00024   0.17829  -0.00006  -0.17570
  25  9  C     s     0.10468   0.07295   0.12700   0.05712  -0.09902   0.00886
  26  9  C     s    -0.26496  -0.19691  -0.34280  -0.16835   0.29182  -0.03614
  27  9  C     x    -0.05352  -0.06835   0.01179   0.13641  -0.00556   0.20299
  28  9  C     y    -0.03090   0.09098  -0.06812  -0.15204  -0.13636   0.11719
  29  9  C     z    -0.00000  -0.00000  -0.00000   0.00000  -0.00000  -0.00000
  30 10  H     s    -0.04708  -0.05423  -0.09440  -0.08910   0.15444  -0.17570
  31 11  C     s     0.10468  -0.07351   0.12667   0.05719   0.09898   0.00886
  32 11  C     s    -0.26496   0.19842  -0.34193  -0.16855  -0.29171  -0.03614
  33 11  C     x    -0.05352   0.06830   0.01209   0.13641   0.00547   0.20299
  34 11  C     y     0.03090   0.09068   0.06852   0.15195  -0.13646  -0.11719
  35 11  C     z    -0.00000  -0.00000   0.00000   0.00000  -0.00000   0.00000
  36 12  H     s    -0.04708   0.05464  -0.09416  -0.08920  -0.15438  -0.17570

 MO#                      13        14        15        16        17        18
 E(a.u.)              -0.594    -0.553    -0.534    -0.534    -0.456    -0.433
 -------------------------------------------------------------------------------

   1  1  C     s    -0.06531  -0.00000  -0.00001   0.02664   0.00000   0.00793
   2  1  C     s     0.21912   0.00000   0.00002  -0.08430  -0.00000  -0.01763
   3  1  C     x    -0.00000   0.33212  -0.10192  -0.00002  -0.00000   0.00007
   4  1  C     y     0.16385   0.00000  -0.00008   0.36892   0.00000   0.28193
   5  1  C     z    -0.00000  -0.00000  -0.00000   0.00000  -0.33434   0.00000
   6  2  H     s     0.23183   0.00000  -0.00006   0.28319   0.00000   0.29794
   7  3  C     s     0.06531   0.00000   0.02307   0.01333  -0.00000  -0.00397
   8  3  C     s    -0.21912  -0.00000  -0.07300  -0.04217   0.00000   0.00882
   9  3  C     x    -0.14190  -0.16606   0.25117   0.20393   0.00000   0.02237
  10  3  C     y    -0.08192   0.28763   0.20388   0.01584  -0.00000  -0.32078
  11  3  C     z    -0.00000  -0.00000  -0.00000   0.00000  -0.33434   0.00000
  12  4  H     s    -0.23183  -0.00000   0.24522   0.14165   0.00000  -0.14903
  13  5  C     s    -0.06531   0.00000   0.02308  -0.01332  -0.00000  -0.00396
  14  5  C     s     0.21912  -0.00000  -0.07302   0.04214   0.00000   0.00881
  15  5  C     x     0.14190  -0.16606   0.25126  -0.20382   0.00000   0.02250
  16  5  C     y    -0.08192  -0.28763  -0.20388   0.01575  -0.00000   0.32079
  17  5  C     z    -0.00000  -0.00000  -0.00000  -0.00000  -0.33434   0.00000
  18  6  H     s     0.23183  -0.00000   0.24528  -0.14154   0.00000  -0.14892
  19  7  C     s     0.06531   0.00000   0.00001  -0.02664  -0.00000   0.00793
  20  7  C     s    -0.21912   0.00000  -0.00002   0.08430   0.00000  -0.01763
  21  7  C     x    -0.00000   0.33212  -0.10192  -0.00002   0.00000  -0.00007
  22  7  C     y     0.16385   0.00000  -0.00008   0.36892  -0.00000  -0.28193
  23  7  C     z    -0.00000  -0.00000  -0.00000  -0.00000  -0.33434  -0.00000
  24  8  H     s    -0.23183  -0.00000   0.00006  -0.28319   0.00000   0.29794
  25  9  C     s    -0.06531  -0.00000  -0.02307  -0.01333   0.00000  -0.00397
  26  9  C     s     0.21912   0.00000   0.07300   0.04217  -0.00000   0.00882
  27  9  C     x    -0.14190  -0.16606   0.25117   0.20393  -0.00000  -0.02237
  28  9  C     y    -0.08192   0.28763   0.20388   0.01584  -0.00000   0.32078
  29  9  C     z    -0.00000  -0.00000   0.00000   0.00000  -0.33434  -0.00000
  30 10  H     s     0.23183   0.00000  -0.24522  -0.14165   0.00000  -0.14903
  31 11  C     s     0.06531  -0.00000  -0.02308   0.01332  -0.00000  -0.00396
  32 11  C     s    -0.21912   0.00000   0.07302  -0.04214   0.00000   0.00881
  33 11  C     x     0.14190  -0.16606   0.25126  -0.20382  -0.00000  -0.02250
  34 11  C     y    -0.08192  -0.28763  -0.20388   0.01575   0.00000  -0.32079
  35 11  C     z    -0.00000  -0.00000   0.00000   0.00000  -0.33434  -0.00000
  36 12  H     s    -0.23183   0.00000  -0.24528   0.14154   0.00000  -0.14892

 MO#                      19        20        21        22        23        24
 E(a.u.)              -0.433    -0.280    -0.280     0.269     0.269     0.503
 -------------------------------------------------------------------------------

   1  1  C     s     0.00000   0.00000   0.00000  -0.00000   0.00000   0.00000
   2  1  C     s    -0.00000  -0.00000  -0.00000   0.00000  -0.00000  -0.00000
   3  1  C     x    -0.33373  -0.00000  -0.00000   0.00000  -0.00000   0.00000
   4  1  C     y     0.00006   0.00000  -0.00000  -0.00000   0.00000   0.00000
   5  1  C     z     0.00000   0.00048  -0.53172  -0.65806   0.00112  -0.52208
   6  2  H     s     0.00006   0.00000  -0.00000  -0.00000   0.00000  -0.00000
   7  3  C     s     0.00687   0.00000  -0.00000  -0.00000   0.00000  -0.00000
   8  3  C     s    -0.01527  -0.00000   0.00000  -0.00000   0.00000   0.00000
   9  3  C     x     0.29488   0.00000   0.00000   0.00000   0.00000   0.00000
  10  3  C     y    -0.02250  -0.00000  -0.00000  -0.00000  -0.00000   0.00000
  11  3  C     z     0.00000  -0.46024  -0.26627   0.32806  -0.57045   0.52208
  12  4  H     s     0.25800   0.00000   0.00000  -0.00000  -0.00000  -0.00000
  13  5  C     s    -0.00687  -0.00000  -0.00000   0.00000   0.00000   0.00000
  14  5  C     s     0.01527   0.00000   0.00000  -0.00000  -0.00000  -0.00000
  15  5  C     x    -0.29487  -0.00000  -0.00000   0.00000  -0.00000   0.00000
  16  5  C     y    -0.02237   0.00000   0.00000  -0.00000   0.00000   0.00000
  17  5  C     z     0.00000  -0.46072   0.26544   0.33000   0.56933  -0.52208
  18  6  H     s    -0.25806  -0.00000  -0.00000  -0.00000  -0.00000   0.00000
  19  7  C     s     0.00000   0.00000  -0.00000   0.00000  -0.00000   0.00000
  20  7  C     s    -0.00000  -0.00000  -0.00000  -0.00000  -0.00000  -0.00000
  21  7  C     x     0.33373   0.00000   0.00000   0.00000   0.00000   0.00000
  22  7  C     y    -0.00006  -0.00000   0.00000  -0.00000   0.00000   0.00000
  23  7  C     z    -0.00000  -0.00048   0.53172  -0.65806   0.00112   0.52208
  24  8  H     s     0.00006   0.00000   0.00000   0.00000   0.00000   0.00000
  25  9  C     s     0.00687   0.00000   0.00000  -0.00000  -0.00000   0.00000
  26  9  C     s    -0.01527   0.00000  -0.00000   0.00000   0.00000   0.00000
  27  9  C     x    -0.29488  -0.00000  -0.00000  -0.00000  -0.00000   0.00000
  28  9  C     y     0.02250   0.00000  -0.00000   0.00000   0.00000   0.00000
  29  9  C     z    -0.00000   0.46024   0.26627   0.32806  -0.57045  -0.52208
  30 10  H     s     0.25800   0.00000   0.00000   0.00000   0.00000   0.00000
  31 11  C     s    -0.00687   0.00000  -0.00000   0.00000   0.00000   0.00000
  32 11  C     s     0.01527  -0.00000   0.00000  -0.00000  -0.00000  -0.00000
  33 11  C     x     0.29487   0.00000   0.00000   0.00000   0.00000   0.00000
  34 11  C     y     0.02237  -0.00000   0.00000   0.00000   0.00000   0.00000
  35 11  C     z     0.00000   0.46072  -0.26544   0.33000   0.56933   0.52208
  36 12  H     s    -0.25806  -0.00000  -0.00000   0.00000   0.00000   0.00000

 MO#                      25        26
 E(a.u.)               0.579     0.648
 -------------------------------------------------------------------------------

   1  1  C     s    -0.05262   0.03041
   2  1  C     s     0.33382  -0.19888
   3  1  C     x    -0.00000   0.00000
   4  1  C     y     0.31563  -0.55519
   5  1  C     z    -0.00000  -0.00000
   6  2  H     s    -0.51109   0.65431
   7  3  C     s    -0.05262   0.01520
   8  3  C     s     0.33382  -0.09944
   9  3  C     x     0.27335  -0.10138
  10  3  C     y     0.15782  -0.37959
  11  3  C     z     0.00000   0.00000
  12  4  H     s    -0.51109   0.32715
  13  5  C     s    -0.05262  -0.01521
  14  5  C     s     0.33382   0.09944
  15  5  C     x     0.27335   0.10139
  16  5  C     y    -0.15782  -0.37959
  17  5  C     z    -0.00000  -0.00000
  18  6  H     s    -0.51109  -0.32716
  19  7  C     s    -0.05262  -0.03041
  20  7  C     s     0.33382   0.19888
  21  7  C     x    -0.00000   0.00000
  22  7  C     y    -0.31563  -0.55519
  23  7  C     z     0.00000   0.00000
  24  8  H     s    -0.51109  -0.65431
  25  9  C     s    -0.05262  -0.01520
  26  9  C     s     0.33382   0.09944
  27  9  C     x    -0.27335  -0.10138
  28  9  C     y    -0.15782  -0.37959
  29  9  C     z    -0.00000  -0.00000
  30 10  H     s    -0.51109  -0.32715
  31 11  C     s    -0.05262   0.01521
  32 11  C     s     0.33382  -0.09944
  33 11  C     x    -0.27335   0.10139
  34 11  C     y     0.15782  -0.37959
  35 11  C     z     0.00000   0.00000
  36 12  H     s    -0.51109   0.32716


                    PARAMETER LIMIT VALUES
 Max. no. of atoms                    MAXCEN =    200
 Max. no. of basis functions          MAXBFN =   1350
 Max. no. of shells                   MAXSHL =    500
 Max. no. of total primitives         MAXEXP =   4400
 Max. no. of primitives per orbital   MAXPRM =     15
 Max. no. of atoms * no. of orbitals  MAXNAB = 135000
 Increase max basis set size by       NEXTRA =     20
 Max. size for Rumer data             MAXST1 = 120000
 Max. no. of orbitals in group        MAXNOB =    200
 Max. no. of CUBE orbitals            MAXCUB =    100
 Max. no. of groups                   MAXGRP =     49
 BRILLMASK array sizes                MAXBLL =  12500

 VBO LIB IS: ./VBOLIB/VBOLIBSTO-nG                                                           

 Localized molecular orbitals and the bond labels
 ===============================================================================
 LMO#                      1         2         3         4         5         6
 E(a.u.)             -10.995   -10.995   -10.995   -10.995   -10.995   -10.995
 Bond Label           11:(0)     9:(0)     3:(0)     1:(0)     5:(0)     7:(0)
 -------------------------------------------------------------------------------

   1  1  C     s    -0.00359  -0.00044   0.00359   1.00352   0.00044   0.00029
   2  1  C     s     0.01595   0.00204  -0.01595   0.00033  -0.00204  -0.00116
   3  1  C     x    -0.01501  -0.00140  -0.01501   0.00000  -0.00140   0.00000
   4  1  C     y    -0.00849  -0.00103   0.00849   0.00028   0.00103   0.00072
   5  1  C     z     0.00000   0.00000  -0.00000   0.00000  -0.00000  -0.00000
   6  2  H     s    -0.00211  -0.00111   0.00211  -0.01784   0.00111   0.00016
   7  3  C     s     0.00044  -0.00029   1.00352   0.00359  -0.00359   0.00044
   8  3  C     s    -0.00204   0.00116   0.00033  -0.01595   0.01595  -0.00204
   9  3  C     x     0.00159  -0.00062   0.00024   0.01485   0.00015   0.00019
  10  3  C     y    -0.00070  -0.00036   0.00014  -0.00875  -0.01724   0.00173
  11  3  C     z    -0.00000  -0.00000  -0.00000   0.00000  -0.00000  -0.00000
  12  4  H     s     0.00111  -0.00016  -0.01784   0.00211  -0.00211   0.00111
  13  5  C     s     0.00029  -0.00044   0.00359  -0.00044  -1.00352  -0.00359
  14  5  C     s    -0.00116   0.00204  -0.01595   0.00204  -0.00033   0.01595
  15  5  C     x     0.00062  -0.00159  -0.00015  -0.00019  -0.00024  -0.01485
  16  5  C     y    -0.00036  -0.00070  -0.01724   0.00173   0.00014  -0.00875
  17  5  C     z    -0.00000  -0.00000  -0.00000  -0.00000  -0.00000  -0.00000
  18  6  H     s     0.00016  -0.00111   0.00211  -0.00111   0.01784  -0.00211
  19  7  C     s     0.00044   0.00359  -0.00044  -0.00029  -0.00359  -1.00352
  20  7  C     s    -0.00204  -0.01595   0.00204   0.00116   0.01595  -0.00033
  21  7  C     x     0.00140   0.01501   0.00140   0.00000   0.01501   0.00000
  22  7  C     y    -0.00103  -0.00849   0.00103   0.00072   0.00849   0.00028
  23  7  C     z     0.00000   0.00000   0.00000  -0.00000  -0.00000  -0.00000
  24  8  H     s     0.00111   0.00211  -0.00111  -0.00016  -0.00211   0.01784
  25  9  C     s    -0.00359   1.00352  -0.00029  -0.00044   0.00044  -0.00359
  26  9  C     s     0.01595   0.00033   0.00116   0.00204  -0.00204   0.01595
  27  9  C     x    -0.00015  -0.00024   0.00062   0.00019  -0.00159   0.01485
  28  9  C     y     0.01724  -0.00014   0.00036   0.00173   0.00070  -0.00875
  29  9  C     z     0.00000   0.00000   0.00000   0.00000   0.00000   0.00000
  30 10  H     s    -0.00211  -0.01784  -0.00016  -0.00111   0.00111  -0.00211
  31 11  C     s    -1.00352   0.00359  -0.00044   0.00359   0.00029   0.00044
  32 11  C     s    -0.00033  -0.01595   0.00204  -0.01595  -0.00116  -0.00204
  33 11  C     x     0.00024   0.00015   0.00159  -0.01485  -0.00062  -0.00019
  34 11  C     y    -0.00014   0.01724   0.00070  -0.00875   0.00036   0.00173
  35 11  C     z     0.00000   0.00000  -0.00000   0.00000   0.00000   0.00000
  36 12  H     s     0.01784   0.00211  -0.00111   0.00211   0.00016   0.00111

 LMO#                      7         8         9        10        11        12
 E(a.u.)              -0.761    -0.761    -0.761    -0.761    -0.761    -0.761
 Bond Label           7-5(1)    5-3(1)    9-7(1)   11-1(1)   11-9(1)    3-1(1)
 -------------------------------------------------------------------------------

   1  1  C     s    -0.00462   0.01061   0.00462   0.09560   0.01061  -0.09560
   2  1  C     s     0.01978  -0.04895  -0.01978  -0.35388  -0.04895   0.35388
   3  1  C     x     0.01659  -0.04058   0.01659   0.38278   0.04058   0.38278
   4  1  C     y    -0.01609   0.02332   0.01609   0.21547   0.02332  -0.21547
   5  1  C     z    -0.00000   0.00000   0.00000  -0.00000   0.00000  -0.00000
   6  2  H     s    -0.00152   0.04185   0.00152   0.06968   0.04185  -0.06968
   7  3  C     s    -0.01061  -0.09560   0.00462  -0.01061   0.00462  -0.09560
   8  3  C     s     0.04895   0.35388  -0.01978   0.04895  -0.01978   0.35388
   9  3  C     x     0.00010   0.00479   0.00564  -0.04048   0.02223  -0.37799
  10  3  C     y    -0.04680  -0.43923   0.02242   0.02348  -0.00632   0.22376
  11  3  C     z     0.00000   0.00000   0.00000  -0.00000  -0.00000  -0.00000
  12  4  H     s    -0.04185  -0.06968   0.00152  -0.04185   0.00152  -0.06968
  13  5  C     s     0.09560  -0.09560   0.01061  -0.00462   0.00462   0.01061
  14  5  C     s    -0.35388   0.35388  -0.04895   0.01978  -0.01978  -0.04895
  15  5  C     x     0.37799   0.00479   0.04048  -0.00564   0.02223  -0.00010
  16  5  C     y     0.22376   0.43923   0.02348   0.02242   0.00632  -0.04680
  17  5  C     z     0.00000   0.00000  -0.00000   0.00000  -0.00000  -0.00000
  18  6  H     s     0.06968  -0.06968   0.04185  -0.00152   0.00152   0.04185
  19  7  C     s     0.09560   0.01061  -0.09560  -0.00462   0.01061   0.00462
  20  7  C     s    -0.35388  -0.04895   0.35388   0.01978  -0.04895  -0.01978
  21  7  C     x    -0.38278  -0.04058  -0.38278  -0.01659   0.04058  -0.01659
  22  7  C     y    -0.21547  -0.02332   0.21547   0.01609  -0.02332  -0.01609
  23  7  C     z     0.00000   0.00000  -0.00000  -0.00000   0.00000   0.00000
  24  8  H     s     0.06968   0.04185  -0.06968  -0.00152   0.04185   0.00152
  25  9  C     s    -0.01061   0.00462  -0.09560  -0.01061  -0.09560   0.00462
  26  9  C     s     0.04895  -0.01978   0.35388   0.04895   0.35388  -0.01978
  27  9  C     x     0.04048  -0.02223   0.37799  -0.00010  -0.00479  -0.00564
  28  9  C     y    -0.02348   0.00632  -0.22376   0.04680   0.43923  -0.02242
  29  9  C     z     0.00000   0.00000  -0.00000  -0.00000   0.00000   0.00000
  30 10  H     s    -0.04185   0.00152  -0.06968  -0.04185  -0.06968   0.00152
  31 11  C     s    -0.00462   0.00462   0.01061   0.09560  -0.09560   0.01061
  32 11  C     s     0.01978  -0.01978  -0.04895  -0.35388   0.35388  -0.04895
  33 11  C     x     0.00564  -0.02223   0.00010  -0.37799  -0.00479  -0.04048
  34 11  C     y    -0.02242  -0.00632   0.04680  -0.22376  -0.43923  -0.02348
  35 11  C     z    -0.00000   0.00000   0.00000  -0.00000   0.00000  -0.00000
  36 12  H     s    -0.00152   0.00152   0.04185   0.06968  -0.06968   0.04185

 LMO#                     13        14        15        16        17        18
 E(a.u.)              -0.652    -0.652    -0.652    -0.652    -0.652    -0.652
 Bond Label           2-1(1)    6-5(1)  12-11(1)    8-7(1)   10-9(1)    4-3(1)
 -------------------------------------------------------------------------------

   1  1  C     s    -0.09497  -0.00657  -0.01165   0.00124  -0.00657   0.01165
   2  1  C     s     0.36449   0.03275   0.05727  -0.00650   0.03275  -0.05727
   3  1  C     x    -0.00000   0.02971  -0.04009  -0.00000  -0.02971  -0.04009
   4  1  C     y     0.46177  -0.01117  -0.02170   0.00496  -0.01117   0.02170
   5  1  C     z    -0.00000  -0.00000  -0.00000   0.00000   0.00000  -0.00000
   6  2  H     s     0.53237  -0.01378   0.03269  -0.00279  -0.01378  -0.03269
   7  3  C     s     0.01165   0.01165   0.00657   0.00657  -0.00124  -0.09497
   8  3  C     s    -0.05727  -0.05727  -0.03275  -0.03275   0.00650   0.36449
   9  3  C     x     0.03884  -0.00125   0.02453  -0.00518  -0.00429   0.39991
  10  3  C     y    -0.02387   0.04557  -0.02014   0.03131  -0.00248   0.23089
  11  3  C     z    -0.00000   0.00000  -0.00000   0.00000   0.00000  -0.00000
  12  4  H     s    -0.03269  -0.03269   0.01378   0.01378   0.00279   0.53237
  13  5  C     s    -0.00657  -0.09497   0.00124  -0.01165  -0.00657   0.01165
  14  5  C     s     0.03275   0.36449  -0.00650   0.05727   0.03275  -0.05727
  15  5  C     x     0.00518   0.39991   0.00429  -0.03884  -0.02453  -0.00125
  16  5  C     y     0.03131  -0.23089  -0.00248  -0.02387  -0.02014  -0.04557
  17  5  C     z     0.00000   0.00000  -0.00000   0.00000   0.00000  -0.00000
  18  6  H     s    -0.01378   0.53237  -0.00279   0.03269  -0.01378  -0.03269
  19  7  C     s    -0.00124   0.01165   0.00657   0.09497   0.01165  -0.00657
  20  7  C     s     0.00650  -0.05727  -0.03275  -0.36449  -0.05727   0.03275
  21  7  C     x    -0.00000  -0.04009   0.02971  -0.00000   0.04009   0.02971
  22  7  C     y     0.00496  -0.02170  -0.01117   0.46178  -0.02170   0.01117
  23  7  C     z     0.00000   0.00000   0.00000   0.00000  -0.00000   0.00000
  24  8  H     s     0.00279  -0.03269   0.01378  -0.53237  -0.03269  -0.01378
  25  9  C     s    -0.00657  -0.00657  -0.01165  -0.01165  -0.09497  -0.00124
  26  9  C     s     0.03275   0.03275   0.05727   0.05727   0.36449   0.00650
  27  9  C     x    -0.00518   0.02453  -0.00125   0.03884  -0.39991   0.00429
  28  9  C     y     0.03131  -0.02014   0.04557  -0.02387  -0.23089   0.00248
  29  9  C     z     0.00000   0.00000   0.00000  -0.00000  -0.00000   0.00000
  30 10  H     s    -0.01378  -0.01378   0.03269   0.03269   0.53237   0.00279
  31 11  C     s     0.01165  -0.00124   0.09497   0.00657   0.01165  -0.00657
  32 11  C     s    -0.05727   0.00650  -0.36449  -0.03275  -0.05727   0.03275
  33 11  C     x    -0.03884   0.00429   0.39991   0.00518   0.00126   0.02453
  34 11  C     y    -0.02387  -0.00248  -0.23089   0.03131   0.04557   0.02014
  35 11  C     z    -0.00000  -0.00000   0.00000  -0.00000  -0.00000  -0.00000
  36 12  H     s    -0.03269   0.00279  -0.53237   0.01378  -0.03269  -0.01378

 LMO#                     19        20        21
 E(a.u.)              -0.338    -0.338    -0.338
 Bond Label            MC(3)     MC(2)     MC(1)
 -------------------------------------------------------------------------------

   1  1  C     s     0.00000  -0.00000   0.00000
   2  1  C     s    -0.00000  -0.00000  -0.00000
   3  1  C     x    -0.00000   0.00000  -0.00000
   4  1  C     y    -0.00000   0.00000   0.00000
   5  1  C     z    -0.21599   0.27149  -0.52359
   6  2  H     s    -0.00000   0.00000   0.00000
   7  3  C     s     0.00000  -0.00000   0.00000
   8  3  C     s    -0.00000   0.00000  -0.00000
   9  3  C     x     0.00000  -0.00000   0.00000
  10  3  C     y     0.00000   0.00000  -0.00000
  11  3  C     z     0.11457  -0.13753  -0.60205
  12  4  H     s     0.00000  -0.00000   0.00000
  13  5  C     s    -0.00000   0.00000   0.00000
  14  5  C     s     0.00000   0.00000   0.00000
  15  5  C     x    -0.00000  -0.00000  -0.00000
  16  5  C     y    -0.00000  -0.00000   0.00000
  17  5  C     z     0.52359  -0.21599  -0.27149
  18  6  H     s    -0.00000   0.00000  -0.00000
  19  7  C     s    -0.00000  -0.00000   0.00000
  20  7  C     s     0.00000   0.00000   0.00000
  21  7  C     x     0.00000  -0.00000  -0.00000
  22  7  C     y     0.00000   0.00000   0.00000
  23  7  C     z     0.60205   0.11457   0.13753
  24  8  H     s    -0.00000  -0.00000  -0.00000
  25  9  C     s    -0.00000   0.00000   0.00000
  26  9  C     s     0.00000  -0.00000   0.00000
  27  9  C     x     0.00000   0.00000   0.00000
  28  9  C     y    -0.00000  -0.00000  -0.00000
  29  9  C     z     0.27149   0.52359   0.21599
  30 10  H     s     0.00000   0.00000   0.00000
  31 11  C     s    -0.00000   0.00000  -0.00000
  32 11  C     s    -0.00000  -0.00000   0.00000
  33 11  C     x     0.00000  -0.00000   0.00000
  34 11  C     y     0.00000   0.00000   0.00000
  35 11  C     z    -0.13752   0.60205  -0.11457
  36 12  H     s     0.00000   0.00000   0.00000


 Mulliken population of localized molecular orbitals
 ===============================================================================
 LMO#                      1         2         3         4         5         6
 E(a.u.)             -10.995   -10.995   -10.995   -10.995   -10.995   -10.995
 Bond Label           11:(0)     9:(0)     3:(0)     1:(0)     5:(0)     7:(0)
 -------------------------------------------------------------------------------

   1         C      -0.00207   0.00001  -0.00207   2.00549   0.00001   0.00000
   2         H       0.00001   0.00000   0.00001  -0.00139   0.00000   0.00000
   3         C       0.00001   0.00000   2.00549  -0.00207  -0.00207   0.00001
   4         H       0.00000   0.00000  -0.00139   0.00001   0.00001   0.00000
   5         C       0.00000   0.00001  -0.00207   0.00001   2.00549  -0.00207
   6         H       0.00000   0.00000   0.00001   0.00000  -0.00139   0.00001
   7         C       0.00001  -0.00207   0.00001   0.00000  -0.00207   2.00549
   8         H       0.00000   0.00001   0.00000   0.00000   0.00001  -0.00139
   9         C      -0.00207   2.00549   0.00000   0.00001   0.00001  -0.00207
  10         H       0.00001  -0.00139   0.00000   0.00000   0.00000   0.00001
  11         C       2.00549  -0.00207   0.00001  -0.00207   0.00000   0.00001
  12         H      -0.00139   0.00001   0.00000   0.00001   0.00000   0.00000

 LMO#                      7         8         9        10        11        12
 E(a.u.)              -0.761    -0.761    -0.761    -0.761    -0.761    -0.761
 Bond Label           7-5(1)    5-3(1)    9-7(1)   11-1(1)   11-9(1)    3-1(1)
 -------------------------------------------------------------------------------

   1         C      -0.00087  -0.01031  -0.00087   1.01947  -0.01031   1.01947
   2         H       0.00001   0.00134   0.00001  -0.00965   0.00134  -0.00965
   3         C      -0.01031   1.01947  -0.00087  -0.01031  -0.00087   1.01947
   4         H       0.00134  -0.00965   0.00001   0.00134   0.00001  -0.00965
   5         C       1.01947   1.01947  -0.01031  -0.00087  -0.00087  -0.01031
   6         H      -0.00965  -0.00965   0.00134   0.00001   0.00001   0.00134
   7         C       1.01947  -0.01031   1.01947  -0.00087  -0.01031  -0.00087
   8         H      -0.00965   0.00134  -0.00965   0.00001   0.00134   0.00001
   9         C      -0.01031  -0.00087   1.01947  -0.01031   1.01947  -0.00087
  10         H       0.00134   0.00001  -0.00965   0.00134  -0.00965   0.00001
  11         C      -0.00087  -0.00087  -0.01031   1.01947   1.01947  -0.01031
  12         H       0.00001   0.00001   0.00134  -0.00965  -0.00965   0.00134

 LMO#                     13        14        15        16        17        18
 E(a.u.)              -0.652    -0.652    -0.652    -0.652    -0.652    -0.652
 Bond Label           2-1(1)    6-5(1)  12-11(1)    8-7(1)   10-9(1)    4-3(1)
 -------------------------------------------------------------------------------

   1         C       1.06373   0.00087  -0.01052  -0.00008   0.00087  -0.01052
   2         H       0.95712   0.00017  -0.00090  -0.00000   0.00017  -0.00090
   3         C      -0.01052  -0.01052   0.00087   0.00087  -0.00008   1.06373
   4         H      -0.00090  -0.00090   0.00017   0.00017  -0.00000   0.95712
   5         C       0.00087   1.06373  -0.00008  -0.01052   0.00087  -0.01052
   6         H       0.00017   0.95712  -0.00000  -0.00090   0.00017  -0.00090
   7         C      -0.00008  -0.01052   0.00087   1.06373  -0.01052   0.00087
   8         H      -0.00000  -0.00090   0.00017   0.95712  -0.00090   0.00017
   9         C       0.00087   0.00087  -0.01052  -0.01052   1.06373  -0.00008
  10         H       0.00017   0.00017  -0.00090  -0.00090   0.95712  -0.00000
  11         C      -0.01052  -0.00008   1.06373   0.00087  -0.01052   0.00087
  12         H      -0.00090  -0.00000   0.95712   0.00017  -0.00090   0.00017

 LMO#                     19        20        21
 E(a.u.)              -0.338    -0.338    -0.338
 Bond Label            MC(3)     MC(2)     MC(1)
 -------------------------------------------------------------------------------

   1         C       0.08399   0.20651   0.70950
   2         H       0.00000   0.00000  -0.00000
   3         C       0.04475   0.02803   0.92722
   4         H       0.00000   0.00000  -0.00000
   5         C       0.70950   0.08399   0.20651
   6         H       0.00000   0.00000  -0.00000
   7         C       0.92722   0.04475   0.02804
   8         H      -0.00000   0.00000   0.00000
   9         C       0.20651   0.70950   0.08399
  10         H       0.00000  -0.00000   0.00000
  11         C       0.02803   0.92722   0.04475
  12         H       0.00000  -0.00000   0.00000


 PARTITIONING OF LMOs INTO GROUPS ($LMOGRPMODIFY)
 ================================================
 LMO#     1  2  3  4  5  6  7  8  9 10 11 12 13 14 15 16 17 18 19 20
 Group#   1  1  1  1  1  1  1  1  1  1  1  1  1  1  1  1  1  1  2  2
 Split    0  0  0  0  0  0  0  0  0  0  0  0  0  0  0  0  0  0  1  1
 LMO#    21
 Group#   2
 Split    1


 Initial guess of orbitals
 ===============================================================================
 ORBITAL#                  1         2         3         4         5         6
 Bond Label           11:(0)     9:(0)     3:(0)     1:(0)     5:(0)     7:(0)
 -------------------------------------------------------------------------------

   1  1  C     s    -0.00359  -0.00044   0.00359   1.00352   0.00044   0.00029
   2  1  C     s     0.01595   0.00204  -0.01595   0.00033  -0.00204  -0.00116
   3  1  C     x    -0.01501  -0.00140  -0.01501   0.00000  -0.00140   0.00000
   4  1  C     y    -0.00849  -0.00103   0.00849   0.00028   0.00103   0.00072
   5  1  C     z     0.00000   0.00000  -0.00000   0.00000  -0.00000  -0.00000
   6  2  H     s    -0.00211  -0.00111   0.00211  -0.01784   0.00111   0.00016
   7  3  C     s     0.00044  -0.00029   1.00352   0.00359  -0.00359   0.00044
   8  3  C     s    -0.00204   0.00116   0.00033  -0.01595   0.01595  -0.00204
   9  3  C     x     0.00159  -0.00062   0.00024   0.01485   0.00015   0.00019
  10  3  C     y    -0.00070  -0.00036   0.00014  -0.00875  -0.01724   0.00173
  11  3  C     z    -0.00000  -0.00000  -0.00000   0.00000  -0.00000  -0.00000
  12  4  H     s     0.00111  -0.00016  -0.01784   0.00211  -0.00211   0.00111
  13  5  C     s     0.00029  -0.00044   0.00359  -0.00044  -1.00352  -0.00359
  14  5  C     s    -0.00116   0.00204  -0.01595   0.00204  -0.00033   0.01595
  15  5  C     x     0.00062  -0.00159  -0.00015  -0.00019  -0.00024  -0.01485
  16  5  C     y    -0.00036  -0.00070  -0.01724   0.00173   0.00014  -0.00875
  17  5  C     z    -0.00000  -0.00000  -0.00000  -0.00000  -0.00000  -0.00000
  18  6  H     s     0.00016  -0.00111   0.00211  -0.00111   0.01784  -0.00211
  19  7  C     s     0.00044   0.00359  -0.00044  -0.00029  -0.00359  -1.00352
  20  7  C     s    -0.00204  -0.01595   0.00204   0.00116   0.01595  -0.00033
  21  7  C     x     0.00140   0.01501   0.00140   0.00000   0.01501   0.00000
  22  7  C     y    -0.00103  -0.00849   0.00103   0.00072   0.00849   0.00028
  23  7  C     z     0.00000   0.00000   0.00000  -0.00000  -0.00000  -0.00000
  24  8  H     s     0.00111   0.00211  -0.00111  -0.00016  -0.00211   0.01784
  25  9  C     s    -0.00359   1.00352  -0.00029  -0.00044   0.00044  -0.00359
  26  9  C     s     0.01595   0.00033   0.00116   0.00204  -0.00204   0.01595
  27  9  C     x    -0.00015  -0.00024   0.00062   0.00019  -0.00159   0.01485
  28  9  C     y     0.01724  -0.00014   0.00036   0.00173   0.00070  -0.00875
  29  9  C     z     0.00000   0.00000   0.00000   0.00000   0.00000   0.00000
  30 10  H     s    -0.00211  -0.01784  -0.00016  -0.00111   0.00111  -0.00211
  31 11  C     s    -1.00352   0.00359  -0.00044   0.00359   0.00029   0.00044
  32 11  C     s    -0.00033  -0.01595   0.00204  -0.01595  -0.00116  -0.00204
  33 11  C     x     0.00024   0.00015   0.00159  -0.01485  -0.00062  -0.00019
  34 11  C     y    -0.00014   0.01724   0.00070  -0.00875   0.00036   0.00173
  35 11  C     z     0.00000   0.00000  -0.00000   0.00000   0.00000   0.00000
  36 12  H     s     0.01784   0.00211  -0.00111   0.00211   0.00016   0.00111

 ORBITAL#                  7         8         9        10        11        12
 Bond Label           7-5(1)    5-3(1)    9-7(1)   11-1(1)   11-9(1)    3-1(1)
 -------------------------------------------------------------------------------

   1  1  C     s    -0.00462   0.01061   0.00462   0.09560   0.01061  -0.09560
   2  1  C     s     0.01978  -0.04895  -0.01978  -0.35388  -0.04895   0.35388
   3  1  C     x     0.01659  -0.04058   0.01659   0.38278   0.04058   0.38278
   4  1  C     y    -0.01609   0.02332   0.01609   0.21547   0.02332  -0.21547
   5  1  C     z    -0.00000   0.00000   0.00000  -0.00000   0.00000  -0.00000
   6  2  H     s    -0.00152   0.04185   0.00152   0.06968   0.04185  -0.06968
   7  3  C     s    -0.01061  -0.09560   0.00462  -0.01061   0.00462  -0.09560
   8  3  C     s     0.04895   0.35388  -0.01978   0.04895  -0.01978   0.35388
   9  3  C     x     0.00010   0.00479   0.00564  -0.04048   0.02223  -0.37799
  10  3  C     y    -0.04680  -0.43923   0.02242   0.02348  -0.00632   0.22376
  11  3  C     z     0.00000   0.00000   0.00000  -0.00000  -0.00000  -0.00000
  12  4  H     s    -0.04185  -0.06968   0.00152  -0.04185   0.00152  -0.06968
  13  5  C     s     0.09560  -0.09560   0.01061  -0.00462   0.00462   0.01061
  14  5  C     s    -0.35388   0.35388  -0.04895   0.01978  -0.01978  -0.04895
  15  5  C     x     0.37799   0.00479   0.04048  -0.00564   0.02223  -0.00010
  16  5  C     y     0.22376   0.43923   0.02348   0.02242   0.00632  -0.04680
  17  5  C     z     0.00000   0.00000  -0.00000   0.00000  -0.00000  -0.00000
  18  6  H     s     0.06968  -0.06968   0.04185  -0.00152   0.00152   0.04185
  19  7  C     s     0.09560   0.01061  -0.09560  -0.00462   0.01061   0.00462
  20  7  C     s    -0.35388  -0.04895   0.35388   0.01978  -0.04895  -0.01978
  21  7  C     x    -0.38278  -0.04058  -0.38278  -0.01659   0.04058  -0.01659
  22  7  C     y    -0.21547  -0.02332   0.21547   0.01609  -0.02332  -0.01609
  23  7  C     z     0.00000   0.00000  -0.00000  -0.00000   0.00000   0.00000
  24  8  H     s     0.06968   0.04185  -0.06968  -0.00152   0.04185   0.00152
  25  9  C     s    -0.01061   0.00462  -0.09560  -0.01061  -0.09560   0.00462
  26  9  C     s     0.04895  -0.01978   0.35388   0.04895   0.35388  -0.01978
  27  9  C     x     0.04048  -0.02223   0.37799  -0.00010  -0.00479  -0.00564
  28  9  C     y    -0.02348   0.00632  -0.22376   0.04680   0.43923  -0.02242
  29  9  C     z     0.00000   0.00000  -0.00000  -0.00000   0.00000   0.00000
  30 10  H     s    -0.04185   0.00152  -0.06968  -0.04185  -0.06968   0.00152
  31 11  C     s    -0.00462   0.00462   0.01061   0.09560  -0.09560   0.01061
  32 11  C     s     0.01978  -0.01978  -0.04895  -0.35388   0.35388  -0.04895
  33 11  C     x     0.00564  -0.02223   0.00010  -0.37799  -0.00479  -0.04048
  34 11  C     y    -0.02242  -0.00632   0.04680  -0.22376  -0.43923  -0.02348
  35 11  C     z    -0.00000   0.00000   0.00000  -0.00000   0.00000  -0.00000
  36 12  H     s    -0.00152   0.00152   0.04185   0.06968  -0.06968   0.04185

 ORBITAL#                 13        14        15        16        17        18
 Bond Label           2-1(1)    6-5(1)  12-11(1)    8-7(1)   10-9(1)    4-3(1)
 -------------------------------------------------------------------------------

   1  1  C     s    -0.09497  -0.00657  -0.01165   0.00124  -0.00657   0.01165
   2  1  C     s     0.36449   0.03275   0.05727  -0.00650   0.03275  -0.05727
   3  1  C     x    -0.00000   0.02971  -0.04009  -0.00000  -0.02971  -0.04009
   4  1  C     y     0.46177  -0.01117  -0.02170   0.00496  -0.01117   0.02170
   5  1  C     z    -0.00000  -0.00000  -0.00000   0.00000   0.00000  -0.00000
   6  2  H     s     0.53237  -0.01378   0.03269  -0.00279  -0.01378  -0.03269
   7  3  C     s     0.01165   0.01165   0.00657   0.00657  -0.00124  -0.09497
   8  3  C     s    -0.05727  -0.05727  -0.03275  -0.03275   0.00650   0.36449
   9  3  C     x     0.03884  -0.00125   0.02453  -0.00518  -0.00429   0.39991
  10  3  C     y    -0.02387   0.04557  -0.02014   0.03131  -0.00248   0.23089
  11  3  C     z    -0.00000   0.00000  -0.00000   0.00000   0.00000  -0.00000
  12  4  H     s    -0.03269  -0.03269   0.01378   0.01378   0.00279   0.53237
  13  5  C     s    -0.00657  -0.09497   0.00124  -0.01165  -0.00657   0.01165
  14  5  C     s     0.03275   0.36449  -0.00650   0.05727   0.03275  -0.05727
  15  5  C     x     0.00518   0.39991   0.00429  -0.03884  -0.02453  -0.00125
  16  5  C     y     0.03131  -0.23089  -0.00248  -0.02387  -0.02014  -0.04557
  17  5  C     z     0.00000   0.00000  -0.00000   0.00000   0.00000  -0.00000
  18  6  H     s    -0.01378   0.53237  -0.00279   0.03269  -0.01378  -0.03269
  19  7  C     s    -0.00124   0.01165   0.00657   0.09497   0.01165  -0.00657
  20  7  C     s     0.00650  -0.05727  -0.03275  -0.36449  -0.05727   0.03275
  21  7  C     x    -0.00000  -0.04009   0.02971  -0.00000   0.04009   0.02971
  22  7  C     y     0.00496  -0.02170  -0.01117   0.46178  -0.02170   0.01117
  23  7  C     z     0.00000   0.00000   0.00000   0.00000  -0.00000   0.00000
  24  8  H     s     0.00279  -0.03269   0.01378  -0.53237  -0.03269  -0.01378
  25  9  C     s    -0.00657  -0.00657  -0.01165  -0.01165  -0.09497  -0.00124
  26  9  C     s     0.03275   0.03275   0.05727   0.05727   0.36449   0.00650
  27  9  C     x    -0.00518   0.02453  -0.00125   0.03884  -0.39991   0.00429
  28  9  C     y     0.03131  -0.02014   0.04557  -0.02387  -0.23089   0.00248
  29  9  C     z     0.00000   0.00000   0.00000  -0.00000  -0.00000   0.00000
  30 10  H     s    -0.01378  -0.01378   0.03269   0.03269   0.53237   0.00279
  31 11  C     s     0.01165  -0.00124   0.09497   0.00657   0.01165  -0.00657
  32 11  C     s    -0.05727   0.00650  -0.36449  -0.03275  -0.05727   0.03275
  33 11  C     x    -0.03884   0.00429   0.39991   0.00518   0.00126   0.02453
  34 11  C     y    -0.02387  -0.00248  -0.23089   0.03131   0.04557   0.02014
  35 11  C     z    -0.00000  -0.00000   0.00000  -0.00000  -0.00000  -0.00000
  36 12  H     s    -0.03269   0.00279  -0.53237   0.01378  -0.03269  -0.01378

 ORBITAL#                 19        20        21        22        23        24
 Bond Label            1^(1)     3^(1)     5^(1)     7^(1)     9^(1)    11^(1)
 -------------------------------------------------------------------------------

   1  1  C     s    -0.00000  -0.00000   0.00000   0.00000   0.00000  -0.00000
   2  1  C     s     0.00000   0.00000   0.00000  -0.00000  -0.00000   0.00000
   3  1  C     x     0.00000   0.00000   0.00000  -0.00000  -0.00000   0.00000
   4  1  C     y    -0.00000  -0.00000  -0.00000   0.00000   0.00000   0.00000
   5  1  C     z     1.00000  -0.00000  -0.00000   0.00000  -0.00000  -0.00000
   6  2  H     s     0.00000  -0.00000  -0.00000  -0.00000  -0.00000   0.00000
   7  3  C     s    -0.00000  -0.00000   0.00000   0.00000  -0.00000  -0.00000
   8  3  C     s     0.00000   0.00000   0.00000  -0.00000  -0.00000   0.00000
   9  3  C     x    -0.00000  -0.00000  -0.00000   0.00000   0.00000  -0.00000
  10  3  C     y     0.00000   0.00000   0.00000  -0.00000  -0.00000   0.00000
  11  3  C     z    -0.00000   1.00000  -0.00000   0.00000   0.00000   0.00000
  12  4  H     s    -0.00000  -0.00000   0.00000   0.00000   0.00000  -0.00000
  13  5  C     s     0.00000  -0.00000  -0.00000  -0.00000   0.00000   0.00000
  14  5  C     s    -0.00000  -0.00000   0.00000   0.00000   0.00000  -0.00000
  15  5  C     x     0.00000  -0.00000  -0.00000  -0.00000  -0.00000   0.00000
  16  5  C     y    -0.00000  -0.00000  -0.00000  -0.00000  -0.00000  -0.00000
  17  5  C     z     0.00000  -0.00000   1.00000  -0.00000   0.00000   0.00000
  18  6  H     s     0.00000   0.00000  -0.00000  -0.00000  -0.00000   0.00000
  19  7  C     s    -0.00000  -0.00000  -0.00000  -0.00000  -0.00000   0.00000
  20  7  C     s    -0.00000   0.00000   0.00000   0.00000   0.00000  -0.00000
  21  7  C     x    -0.00000   0.00000   0.00000   0.00000  -0.00000  -0.00000
  22  7  C     y    -0.00000  -0.00000   0.00000   0.00000   0.00000   0.00000
  23  7  C     z     0.00000   0.00000  -0.00000   1.00000  -0.00000  -0.00000
  24  8  H     s     0.00000   0.00000   0.00000  -0.00000  -0.00000  -0.00000
  25  9  C     s     0.00000  -0.00000  -0.00000  -0.00000  -0.00000   0.00000
  26  9  C     s    -0.00000   0.00000   0.00000   0.00000  -0.00000  -0.00000
  27  9  C     x    -0.00000  -0.00000   0.00000   0.00000   0.00000   0.00000
  28  9  C     y    -0.00000   0.00000   0.00000  -0.00000  -0.00000  -0.00000
  29  9  C     z    -0.00000   0.00000   0.00000  -0.00000   1.00000  -0.00000
  30 10  H     s    -0.00000  -0.00000  -0.00000   0.00000   0.00000   0.00000
  31 11  C     s     0.00000  -0.00000  -0.00000   0.00000   0.00000   0.00000
  32 11  C     s    -0.00000   0.00000   0.00000  -0.00000  -0.00000  -0.00000
  33 11  C     x    -0.00000  -0.00000   0.00000  -0.00000  -0.00000  -0.00000
  34 11  C     y     0.00000  -0.00000  -0.00000   0.00000   0.00000   0.00000
  35 11  C     z    -0.00000   0.00000   0.00000  -0.00000  -0.00000   1.00000
  36 12  H     s     0.00000  -0.00000  -0.00000   0.00000   0.00000   0.00000


      GENERAL CONTROLS ($GENCTL)
 ======================================
 Number of electron groups       =    2
 Maximum macro-iterations        =   12
 Energy threshold           = 10**(- 6)
 Restart calculation(0/1/2)      =    0
 Group#                     1  2
 Num. of electrons         36  6
 Num. of spins              0  0
 Num. of orbitals          18  6
 Method#                    1  2

 SYMBOLIC VB STRUCTURE(S) OF GROUP  2
 STR. NO.       RUMER PATTERN  
    1           1  2   3  4   5  6
    2           2  3   4  5   6  1
    3           1  4   2  3   5  6
    4           2  5   3  4   6  1
    5           3  6   4  5   1  2

 CALCULATE INITIAL STRUCTURE COEFFICIENTS

 OVERLAP MATRIX OF VB ORBITALS FOR GROUP   2

        1      2      3      4      5      6
 =============================================
   1 1.0000
   2 0.2148 1.0000
   3 0.0256 0.2148 1.0000
   4 0.0102 0.0256 0.2148 1.0000
   5 0.0256 0.0102 0.0256 0.2148 1.0000
   6 0.2148 0.0256 0.0102 0.0256 0.2148 1.0000

 EIGENVALUES OF OVERLAP MATRIX OF VB ORBITALS
 ============================================
     0.6115D+00    0.7698D+00    0.7698D+00    0.1179D+01    0.1179D+01    0.1491D+01

 MAP FILE IS: ./MAP/MAP0600t                                                                  

 VB-ORBITAL OPTIMIZATION OF GROUP  2 ...
 GROUP =  2  ITER =  1 CMAX =  0.13894544791094
 GROUP =  2  ITER =  2 CMAX =  0.03634642031564
 GROUP =  2  ITER =  3 CMAX =  0.01471948457802
 GROUP =  2  ITER =  4 CMAX =  0.00864185240598
 GROUP =  2  ITER =  5 CMAX =  0.00552468258104
 GROUP =  2  ITER =  6 CMAX =  0.00297502396410
 GROUP =  2  ITER =  7 CMAX =  0.00129482925274
 GROUP =  2  ITER =  8 CMAX =  0.00074860160019

 ENERGY AND DIFF OF MACROITER    1 =   -227.9897181565   -227.9897181565

 VB-ORBITAL OPTIMIZATION OF GROUP  2 ...
 GROUP =  2  ITER =  1 CMAX =  0.00012533717311

 ENERGY AND DIFF OF MACROITER    2 =   -227.9897266930     -0.0000085365

 VB-ORBITAL OPTIMIZATION OF GROUP  2 ...
 GROUP =  2  ITER =  1 CMAX =  0.00007303913906

 ENERGY AND DIFF OF MACROITER    3 =   -227.9897267097     -0.0000000167

 VB-ORBITAL OPTIMIZATION OF GROUP  2 ...
 GROUP =  2  ITER =  1 CMAX =  0.00006208599016

 OVERLAP MATRIX OF VB ORBITALS FOR GROUP   2

        1      2      3      4      5      6
 =============================================
   1 1.0000
   2 0.5059 1.0000
   3 0.0624 0.5059 1.0000
   4-0.1065 0.0624 0.5059 1.0000
   5 0.0624-0.1065 0.0624 0.5059 1.0000
   6 0.5059 0.0624-0.1065 0.0624 0.5059 1.0000

 EIGENVALUES OF OVERLAP MATRIX OF VB ORBITALS
 ============================================
     0.2195D+00    0.3252D+00    0.3252D+00    0.1550D+01    0.1550D+01    0.2030D+01

 ====Normalized structure coefficients====
 -0.4380 -0.4380  0.0796  0.0796  0.0796

 ====Mulliken Weight (Chirgwin-Coulson)====
  0.3938  0.3938  0.0708  0.0708  0.0708

 ====Inverse Overlap Weight (Gallup-Norbeck)====
  0.4761  0.4761  0.0160  0.0160  0.0160

 ====Lowdin Weight====
  0.2929  0.2929  0.1381  0.1381  0.1381

 ====Hiberty Weight====
  0.4764  0.4764  0.0158  0.0158  0.0158


 ENERGY AND DIFF OF MACROITER    4 =   -227.9897267152     -0.0000000055

 MULLIKEN CHARGES ON ATOMS
 -------------------------
  ATOM             CHARGE 

    1            -0.06134
    2             0.06134
    3            -0.06134
    4             0.06134
    5            -0.06134
    6             0.06134
    7            -0.06134
    8             0.06134
    9            -0.06134
   10             0.06134
   11            -0.06134
   12             0.06134

 -------------------------


 ORBITALS OF EACH ELECTRON GROUP IN AO BASIS: ORBITAL(GROUP)
 ===========================================================================
    Orbital#             1         2         3         4         5         6
      Group#             1         1         1         1         1         1
 ---------------------------------------------------------------------------
  AO# LABELS
   1  1  C     s   0.00359  -1.00351   0.00029   0.00044  -0.00359   0.00044
   2  1  C     s  -0.01597  -0.00043  -0.00115  -0.00205   0.01597  -0.00205
   3  1  C     x   0.01500  -0.00000  -0.00000   0.00140   0.01500  -0.00140
   4  1  C     y   0.00850  -0.00030   0.00072   0.00103  -0.00850   0.00103
   5  1  C     z  -0.00000  -0.00000  -0.00000  -0.00000   0.00000  -0.00000
   6  2  H     s   0.00210   0.01786   0.00016   0.00111  -0.00210   0.00111
   7  3  C     s  -0.00044  -0.00359   0.00044   0.00029  -1.00351  -0.00359
   8  3  C     s   0.00205   0.01597  -0.00205  -0.00115  -0.00043   0.01597
   9  3  C     x  -0.00159  -0.01487   0.00020   0.00062  -0.00026   0.00014
  10  3  C     y   0.00069   0.00874   0.00173   0.00036  -0.00015  -0.01725
  11  3  C     z   0.00000  -0.00000  -0.00000   0.00000   0.00000  -0.00000
  12  4  H     s  -0.00111  -0.00210   0.00111   0.00016   0.01786  -0.00210
  13  5  C     s  -0.00029   0.00044  -0.00359   0.00044  -0.00359  -1.00351
  14  5  C     s   0.00115  -0.00205   0.01597  -0.00205   0.01597  -0.00043
  15  5  C     x  -0.00062   0.00020  -0.01487   0.00159   0.00014  -0.00026
  16  5  C     y   0.00036  -0.00173  -0.00874   0.00069   0.01725   0.00015
  17  5  C     z   0.00000   0.00000  -0.00000   0.00000   0.00000  -0.00000
  18  6  H     s  -0.00016   0.00111  -0.00210   0.00111  -0.00210   0.01786
  19  7  C     s  -0.00044   0.00029  -1.00351  -0.00359   0.00044  -0.00359
  20  7  C     s   0.00205  -0.00115  -0.00043   0.01597  -0.00205   0.01597
  21  7  C     x  -0.00140  -0.00000   0.00000  -0.01500  -0.00140   0.01500
  22  7  C     y   0.00103  -0.00072   0.00030   0.00850  -0.00103   0.00850
  23  7  C     z  -0.00000   0.00000  -0.00000  -0.00000  -0.00000  -0.00000
  24  8  H     s  -0.00111   0.00016   0.01786  -0.00210   0.00111  -0.00210
  25  9  C     s   0.00359   0.00044  -0.00359  -1.00351   0.00029   0.00044
  26  9  C     s  -0.01597  -0.00205   0.01597  -0.00043  -0.00115  -0.00205
  27  9  C     x   0.00014  -0.00020   0.01487   0.00026  -0.00062  -0.00159
  28  9  C     y  -0.01725  -0.00173  -0.00874   0.00015  -0.00036   0.00069
  29  9  C     z  -0.00000  -0.00000   0.00000  -0.00000  -0.00000   0.00000
  30 10  H     s   0.00210   0.00111  -0.00210   0.01786   0.00016   0.00111
  31 11  C     s   1.00351  -0.00359   0.00044  -0.00359   0.00044   0.00029
  32 11  C     s   0.00043   0.01597  -0.00205   0.01597  -0.00205  -0.00115
  33 11  C     x  -0.00026   0.01487  -0.00020  -0.00014  -0.00159  -0.00062
  34 11  C     y   0.00015   0.00874   0.00173  -0.01725  -0.00069   0.00036
  35 11  C     z  -0.00000  -0.00000   0.00000  -0.00000   0.00000   0.00000
  36 12  H     s  -0.01786  -0.00210   0.00111  -0.00210   0.00111   0.00016

 ===========================================================================
    Orbital#             7         8         9        10        11        12
      Group#             1         1         1         1         1         1
 ---------------------------------------------------------------------------
  AO# LABELS
   1  1  C     s   0.01069  -0.00460   0.09562   0.09562  -0.00460   0.01069
   2  1  C     s  -0.04943   0.01966  -0.35387  -0.35387   0.01966  -0.04943
   3  1  C     x  -0.04072   0.01650   0.38255  -0.38255  -0.01650   0.04072
   4  1  C     y   0.02344  -0.01606   0.21595   0.21595  -0.01606   0.02344
   5  1  C     z   0.00000  -0.00000  -0.00000   0.00000  -0.00000   0.00000
   6  2  H     s   0.04197  -0.00148   0.06948   0.06948  -0.00148   0.04197
   7  3  C     s  -0.09562  -0.01069  -0.01069   0.09562  -0.00460   0.00460
   8  3  C     s   0.35387   0.04943   0.04943  -0.35387   0.01966  -0.01966
   9  3  C     x   0.00426   0.00006  -0.04066   0.37829  -0.00565   0.02216
  10  3  C     y  -0.43927  -0.04699   0.02355  -0.22332  -0.02232  -0.00627
  11  3  C     z   0.00000   0.00000  -0.00000   0.00000  -0.00000  -0.00000
  12  4  H     s  -0.06948  -0.04197  -0.04197   0.06948  -0.00148   0.00148
  13  5  C     s  -0.09562   0.09562  -0.00460  -0.01069  -0.01069   0.00460
  14  5  C     s   0.35387  -0.35387   0.01966   0.04943   0.04943  -0.01966
  15  5  C     x   0.00426   0.37829  -0.00565   0.00006  -0.04066   0.02216
  16  5  C     y   0.43927   0.22332   0.02232   0.04699  -0.02355   0.00627
  17  5  C     z   0.00000   0.00000   0.00000   0.00000   0.00000  -0.00000
  18  6  H     s  -0.06948   0.06948  -0.00148  -0.04197  -0.04197   0.00148
  19  7  C     s   0.01069   0.09562  -0.00460  -0.00460   0.09562   0.01069
  20  7  C     s  -0.04943  -0.35387   0.01966   0.01966  -0.35387  -0.04943
  21  7  C     x  -0.04072  -0.38255  -0.01650   0.01650   0.38255   0.04072
  22  7  C     y  -0.02344  -0.21595   0.01606   0.01606  -0.21595  -0.02344
  23  7  C     z   0.00000   0.00000  -0.00000  -0.00000   0.00000   0.00000
  24  8  H     s   0.04197   0.06948  -0.00148  -0.00148   0.06948   0.04197
  25  9  C     s   0.00460  -0.01069  -0.01069  -0.00460   0.09562  -0.09562
  26  9  C     s  -0.01966   0.04943   0.04943   0.01966  -0.35387   0.35387
  27  9  C     x  -0.02216   0.04066  -0.00006   0.00565  -0.37829  -0.00426
  28  9  C     y   0.00626  -0.02355   0.04699   0.02232   0.22332   0.43927
  29  9  C     z   0.00000   0.00000  -0.00000  -0.00000   0.00000   0.00000
  30 10  H     s   0.00148  -0.04197  -0.04197  -0.00148   0.06948  -0.06948
  31 11  C     s   0.00460  -0.00460   0.09562  -0.01069  -0.01069  -0.09562
  32 11  C     s  -0.01966   0.01966  -0.35387   0.04943   0.04943   0.35387
  33 11  C     x  -0.02216   0.00565  -0.37829   0.04066  -0.00006  -0.00426
  34 11  C     y  -0.00626  -0.02232  -0.22332   0.02355  -0.04699  -0.43927
  35 11  C     z   0.00000  -0.00000  -0.00000   0.00000  -0.00000   0.00000
  36 12  H     s   0.00148  -0.00148   0.06948  -0.04197  -0.04197  -0.06948

 ===========================================================================
    Orbital#            13        14        15        16        17        18
      Group#             1         1         1         1         1         1
 ---------------------------------------------------------------------------
  AO# LABELS
   1  1  C     s   0.00659  -0.00123   0.01166  -0.09506  -0.00659  -0.01166
   2  1  C     s  -0.03290   0.00644  -0.05741   0.36461   0.03290   0.05741
   3  1  C     x  -0.02979   0.00000  -0.03999  -0.00000  -0.02979  -0.03999
   4  1  C     y   0.01123  -0.00493   0.02179   0.46120  -0.01123  -0.02179
   5  1  C     z   0.00000  -0.00000  -0.00000  -0.00000   0.00000  -0.00000
   6  2  H     s   0.01380   0.00283  -0.03268   0.53275  -0.01380   0.03268
   7  3  C     s  -0.01166  -0.00659  -0.09506   0.01166  -0.00123   0.00659
   8  3  C     s   0.05741   0.03290   0.36461  -0.05741   0.00644  -0.03290
   9  3  C     x   0.00113   0.00517   0.39941   0.03886  -0.00427   0.02462
  10  3  C     y  -0.04552  -0.03142   0.23060  -0.02374  -0.00246  -0.02019
  11  3  C     z  -0.00000  -0.00000  -0.00000  -0.00000   0.00000  -0.00000
  12  4  H     s   0.03268  -0.01380   0.53275  -0.03268   0.00283   0.01380
  13  5  C     s   0.09506   0.01166   0.01166  -0.00659  -0.00659   0.00123
  14  5  C     s  -0.36461  -0.05741  -0.05741   0.03290   0.03290  -0.00644
  15  5  C     x  -0.39941   0.03886  -0.00113   0.00517  -0.02462   0.00427
  16  5  C     y   0.23060   0.02374  -0.04552   0.03142  -0.02019  -0.00246
  17  5  C     z  -0.00000  -0.00000  -0.00000   0.00000   0.00000  -0.00000
  18  6  H     s  -0.53275  -0.03268  -0.03268  -0.01380  -0.01380  -0.00283
  19  7  C     s  -0.01166  -0.09506  -0.00659  -0.00123   0.01166   0.00659
  20  7  C     s   0.05741   0.36461   0.03290   0.00644  -0.05741  -0.03290
  21  7  C     x   0.03999  -0.00000   0.02979   0.00000   0.03999   0.02979
  22  7  C     y   0.02179  -0.46120   0.01123   0.00493  -0.02179  -0.01123
  23  7  C     z  -0.00000  -0.00000   0.00000   0.00000  -0.00000   0.00000
  24  8  H     s   0.03268   0.53275  -0.01380   0.00283  -0.03268   0.01380
  25  9  C     s   0.00659   0.01166  -0.00123  -0.00659  -0.09506  -0.01166
  26  9  C     s  -0.03290  -0.05741   0.00644   0.03290   0.36461   0.05741
  27  9  C     x  -0.02462  -0.03886   0.00427  -0.00517  -0.39941  -0.00113
  28  9  C     y   0.02019   0.02374   0.00246   0.03142  -0.23060   0.04552
  29  9  C     z  -0.00000   0.00000   0.00000   0.00000  -0.00000   0.00000
  30 10  H     s   0.01380  -0.03268   0.00283  -0.01380   0.53275   0.03268
  31 11  C     s   0.00123  -0.00659  -0.00659   0.01166   0.01166   0.09506
  32 11  C     s  -0.00644   0.03290   0.03290  -0.05741  -0.05741  -0.36461
  33 11  C     x  -0.00427  -0.00517   0.02462  -0.03886   0.00113   0.39941
  34 11  C     y   0.00246  -0.03142   0.02019  -0.02374   0.04552  -0.23060
  35 11  C     z   0.00000   0.00000  -0.00000  -0.00000  -0.00000   0.00000
  36 12  H     s  -0.00283  -0.01380  -0.01380  -0.03268  -0.03268  -0.53275

 ===========================================================================
    Orbital#            19        20        21        22        23        24
      Group#             2         2         2         2         2         2
 ---------------------------------------------------------------------------
  AO# LABELS
   1  1  C     s  -0.00000  -0.00000   0.00000   0.00000   0.00000  -0.00000
   2  1  C     s   0.00000   0.00000   0.00000  -0.00000  -0.00000   0.00000
   3  1  C     x   0.00000   0.00000   0.00000  -0.00000  -0.00000   0.00000
   4  1  C     y  -0.00000  -0.00000  -0.00000   0.00000   0.00000   0.00000
   5  1  C     z   0.89319   0.17738  -0.00510  -0.07090  -0.00510   0.17738
   6  2  H     s   0.00000  -0.00000  -0.00000  -0.00000  -0.00000   0.00000
   7  3  C     s  -0.00000  -0.00000   0.00000   0.00000  -0.00000  -0.00000
   8  3  C     s   0.00000   0.00000   0.00000  -0.00000  -0.00000   0.00000
   9  3  C     x  -0.00000  -0.00000  -0.00000   0.00000   0.00000  -0.00000
  10  3  C     y   0.00000   0.00000   0.00000  -0.00000  -0.00000   0.00000
  11  3  C     z   0.17738   0.89319   0.17738  -0.00510  -0.07090  -0.00510
  12  4  H     s  -0.00000  -0.00000   0.00000   0.00000   0.00000  -0.00000
  13  5  C     s   0.00000  -0.00000  -0.00000  -0.00000   0.00000   0.00000
  14  5  C     s  -0.00000  -0.00000   0.00000   0.00000   0.00000  -0.00000
  15  5  C     x   0.00000  -0.00000  -0.00000  -0.00000  -0.00000   0.00000
  16  5  C     y  -0.00000  -0.00000  -0.00000  -0.00000  -0.00000  -0.00000
  17  5  C     z  -0.00510   0.17738   0.89319   0.17738  -0.00510  -0.07090
  18  6  H     s   0.00000   0.00000  -0.00000  -0.00000  -0.00000   0.00000
  19  7  C     s  -0.00000  -0.00000  -0.00000  -0.00000  -0.00000   0.00000
  20  7  C     s  -0.00000   0.00000   0.00000   0.00000   0.00000  -0.00000
  21  7  C     x  -0.00000   0.00000   0.00000   0.00000  -0.00000  -0.00000
  22  7  C     y  -0.00000  -0.00000   0.00000   0.00000   0.00000   0.00000
  23  7  C     z  -0.07090  -0.00510   0.17738   0.89319   0.17738  -0.00510
  24  8  H     s   0.00000   0.00000   0.00000  -0.00000  -0.00000  -0.00000
  25  9  C     s   0.00000  -0.00000  -0.00000  -0.00000  -0.00000   0.00000
  26  9  C     s  -0.00000   0.00000   0.00000   0.00000  -0.00000  -0.00000
  27  9  C     x  -0.00000  -0.00000   0.00000   0.00000   0.00000   0.00000
  28  9  C     y  -0.00000   0.00000   0.00000  -0.00000  -0.00000  -0.00000
  29  9  C     z  -0.00510  -0.07090  -0.00510   0.17738   0.89319   0.17738
  30 10  H     s  -0.00000  -0.00000  -0.00000   0.00000   0.00000   0.00000
  31 11  C     s   0.00000  -0.00000  -0.00000   0.00000   0.00000   0.00000
  32 11  C     s  -0.00000   0.00000   0.00000  -0.00000  -0.00000  -0.00000
  33 11  C     x  -0.00000  -0.00000   0.00000  -0.00000  -0.00000  -0.00000
  34 11  C     y   0.00000  -0.00000  -0.00000   0.00000   0.00000   0.00000
  35 11  C     z   0.17738  -0.00510  -0.07090  -0.00510   0.17738   0.89319
  36 12  H     s   0.00000  -0.00000  -0.00000   0.00000   0.00000   0.00000


 WORDS OF DYNAMIC MEMORY USED IN VB2000 CODE ONLY:       42843

 STATISTICS OF CPU TIMES (SECONDS)
 CPU TIME FOR INITIALIZATION        0.024
 CPU TIME FOR MACROITERATION        0.309
 TOTAL CPU TIME                     0.332

