
 **************************************************************
 *                                                            *
 *                        V B 2 0 0 0                         *
 *                                                            *
 * An ab initio Valence-Bond Program Based on the Generalized *
 *    Product Function Method and the Algebrant Algorithm     *
 *                                                            *
 *                  Version 2.8 November 2017                 *
 *                     Stand-alone Version                    *
 *                      Compiler GFORTRAN                     *
 *                                                            *
 *     Memory = 12500000 for MAP file up to 16 electrons      *
 *                                                            *
 *         Jiabo Li*, Brian Duke** and Roy McWeeny***         *
 *                                                            *
 *        * SciNet Technologies, 9943 Fieldthorn St.,         *
 *                   San Diego, CA 92127, USA                 *
 *                                                            *
 *  ** Monash University Institute of Pharmaceutical Sciences,*
 *          Monash University, 381 Royal Pde, Parkville,      *
 *                    Victoria, 3052, Australia               *
 *                                                            *
 *      *** Department of Chemistry, University of Pisa,      *
 *                       56100 Pisa, Italy                    *
 *                                                            *
 *  Reference for the software:                               *
 *     Jiabo Li, Brian Duke, and Roy McWeeny, VB2000 Version  *
 *     2.8, SciNet Technologies, San Diego, CA, 2013          *
 *     URL: http://www.scinetec.com or http://www.vb2000.net  *
 *                                                            *
 *  References for the theory:                                *
 *     General:                                               *
 *     Jiabo Li, and Roy McWeeny, "VB2000: Pushing Valence    *
 *     Bond Theory to New Limits", Int. J. Quantum Chem.,     *
 *     89(2002)208-216.                                       *
 *                                                            *
 *     Spin densities:-                                       *
 *     Jiabo Li, Brian J. Duke, Thomas M. Klapoetke, and Roy  *
 *     McWeeny, Spin-Density of Spin-Free Valence Bond Wave   *
 *     Functions and Its Implementation in VB2000. J. Theor.  *
 *     Comp. Chem. 7(2008)853-867.                            *
 *                                                            *
 *     Spin coupled - n electrons in m orbitals:-             *
 *     Peter B. Karadakov, David L. Cooper, Brian J. Duke,    *
 *     and Jiabo Li, Spin-Coupled Theory for N Electrons in   *
 *     M Orbitals Active Spaces,  J. Phys. Chem. A, 116,      *
 *     7238 - 7244, 2012                                      *
 *                                                            *
 *     Copyright (C) 2018 GNU General Public License          *
 **************************************************************

 JOB NAME IS ch3ohvb10scci                                                   

 VB2000 DIRECTORY IS: .                                                                               
 USING RESTARTFILE ch3ohvb10.V84                                                   
 MAXIMUM DYNAMIC MEMORY IS:        6500000

 Input of molecule
 =================
 #! SCVB(10)/D95 CIONLY RESTART                                                  
                                                                                 
 Title: TEST SCVB(10) WITHOUT VBSCF. ASSUME VB ORBITALS ARE AVAILABLE FROM              
        A PREVIOUS VBSCF CALCULATION WITH SINGLE-STRUCTURE.                             

 Charge =  0 Multiplicity =  1

 BASIS SET FILE IS: ./BASET/D95                                                                     

 Cartesian coordinates of atoms in Angstrom
 ----------------------------------------------------
                    X             Y             Z   

  C     6.0      0.000000      0.000000      0.000000
  H     1.0      0.000000      0.000000      1.079997
  H     1.0      1.018239      0.000000     -0.359977
  H     1.0     -0.509120     -0.881820     -0.359977
  O     8.0     -0.674111      1.167595     -0.476636
  H     1.0     -0.674111      1.167595     -1.426615
 ----------------------------------------------------

 Total number of two-electron integrals =        77175
 Time for integral evaluation                    0.067

 SKIPPED INTEGRALS =                              3958
 Number of iter =     24, DMAX =        0.000009413541
 Final Hartree-Fock Energy =         -115.014988471554

 Molecular orbitals by HF method
 ===============================================================================
 MO#                       1         2         3         4         5         6
 E(a.u.)             -20.545   -11.278    -1.361    -0.939    -0.686    -0.627
 -------------------------------------------------------------------------------

   1  1  C     s    -0.00001   0.60092  -0.04292   0.11096   0.01127  -0.00000
   2  1  C     s    -0.00002   0.43744  -0.05740   0.15042   0.01484  -0.00000
   3  1  C     s     0.00026   0.00468   0.14980  -0.41559  -0.03469   0.00000
   4  1  C     s    -0.00117  -0.00025   0.07862  -0.37481  -0.04134   0.00000
   5  1  C     x     0.00002  -0.00033  -0.04624  -0.03262  -0.15396   0.40249
   6  1  C     y    -0.00004   0.00057   0.08008   0.05650   0.26666   0.23238
   7  1  C     z     0.00003  -0.00037  -0.04268  -0.02946   0.16190   0.00000
   8  1  C     x     0.00019   0.00005   0.00736  -0.01147  -0.02141   0.06678
   9  1  C     y    -0.00032  -0.00009  -0.01274   0.01987   0.03709   0.03856
  10  1  C     z    -0.00023   0.00007  -0.00153   0.00490   0.05351   0.00000
  11  2  H     s     0.00003   0.00055   0.02226  -0.13903   0.05042   0.00000
  12  2  H     s     0.00041   0.00004   0.00086  -0.02536   0.01103   0.00000
  13  3  H     s     0.00006   0.00049   0.02410  -0.13773  -0.11170   0.18746
  14  3  H     s     0.00009   0.00007  -0.00653  -0.01332  -0.06472   0.14410
  15  4  H     s     0.00006   0.00049   0.02410  -0.13773  -0.11170  -0.18746
  16  4  H     s     0.00009   0.00007  -0.00653  -0.01332  -0.06472  -0.14410
  17  5  O     s     0.58099  -0.00007  -0.12579  -0.03663  -0.02703   0.00000
  18  5  O     s     0.46126  -0.00011  -0.17437  -0.05088  -0.03762   0.00000
  19  5  O     s    -0.00023   0.00041   0.48946   0.14251   0.10842  -0.00000
  20  5  O     s     0.00225  -0.00040   0.43251   0.18374   0.15719  -0.00000
  21  5  O     x     0.00064   0.00018   0.04824  -0.07189   0.03418   0.31517
  22  5  O     y    -0.00111  -0.00031  -0.08355   0.12451  -0.05920   0.18196
  23  5  O     z    -0.00101   0.00011  -0.06951  -0.15818   0.47705  -0.00000
  24  5  O     x    -0.00011  -0.00016   0.01024  -0.01415   0.00067   0.14095
  25  5  O     y     0.00019   0.00028  -0.01773   0.02451  -0.00116   0.08138
  26  5  O     z     0.00058  -0.00004  -0.01970  -0.02448   0.15780  -0.00000
  27  6  H     s     0.00004   0.00004   0.13460   0.11641  -0.22577   0.00000
  28  6  H     s     0.00001   0.00006   0.00052   0.05204  -0.10936   0.00000

 MO#                       7         8         9        10        11        12
 E(a.u.)              -0.595    -0.495    -0.448     0.220     0.292     0.320
 -------------------------------------------------------------------------------

   1  1  C     s     0.00196  -0.00657  -0.00000   0.00134  -0.05360  -0.06301
   2  1  C     s     0.00242  -0.00920  -0.00000   0.00024  -0.07600  -0.08846
   3  1  C     s    -0.00236   0.03510   0.00000   0.03560   0.18576   0.18260
   4  1  C     s    -0.04277  -0.04732  -0.00000  -0.73344   1.65676   2.68477
   5  1  C     x    -0.08717  -0.13147  -0.23874  -0.10585   0.01133   0.08708
   6  1  C     y     0.15099   0.22771  -0.13783   0.18333  -0.01962  -0.15082
   7  1  C     z    -0.44983   0.24670   0.00000  -0.01942  -0.06463   0.05268
   8  1  C     x     0.00034  -0.00601  -0.03986  -0.35829  -0.67020   0.45662
   9  1  C     y    -0.00058   0.01040  -0.02301   0.62058   1.16082  -0.79088
  10  1  C     z    -0.10799   0.03761   0.00000  -0.68463   0.42975  -1.00133
  11  2  H     s    -0.23684   0.16662   0.00000   0.01542   0.00615   0.04776
  12  2  H     s    -0.15260   0.17489   0.00000   0.73811  -0.99152  -0.27499
  13  3  H     s     0.02743  -0.11734  -0.16128   0.00181   0.05563  -0.02342
  14  3  H     s     0.00771  -0.12482  -0.17499   0.36655  -0.12474  -1.80337
  15  4  H     s     0.02743  -0.11734   0.16128   0.00181   0.05563  -0.02342
  16  4  H     s     0.00771  -0.12482   0.17499   0.36655  -0.12474  -1.80337
  17  5  O     s     0.01279   0.03269   0.00000   0.04509   0.01558   0.00640
  18  5  O     s     0.01800   0.04570   0.00000   0.06040   0.02016   0.00717
  19  5  O     s    -0.06099  -0.14137  -0.00000  -0.10057  -0.01939   0.02625
  20  5  O     s    -0.04545  -0.18063  -0.00000  -1.06724  -0.43336  -0.41688
  21  5  O     x     0.20454   0.21082   0.55323  -0.07088  -0.08035  -0.02900
  22  5  O     y    -0.35427  -0.36515   0.31941   0.12276   0.13918   0.05024
  23  5  O     z     0.08176  -0.30878  -0.00000   0.17341  -0.20822   0.11711
  24  5  O     x     0.09039   0.12306   0.33043  -0.08926  -0.22812  -0.13702
  25  5  O     y    -0.15656  -0.21315   0.19077   0.15460   0.39512   0.23733
  26  5  O     z     0.02593  -0.16357  -0.00000   0.41857  -0.84705   0.30166
  27  6  H     s    -0.07954   0.13080   0.00000   0.05474  -0.00298   0.02969
  28  6  H     s    -0.06733   0.06772   0.00000   0.94903  -1.16127   0.36610

 MO#                      13        14
 E(a.u.)               0.348     0.359
 -------------------------------------------------------------------------------

   1  1  C     s    -0.00000  -0.01810
   2  1  C     s    -0.00000  -0.02603
   3  1  C     s     0.00000   0.06484
   4  1  C     s     0.00001   0.85237
   5  1  C     x    -0.06609  -0.01631
   6  1  C     y    -0.03816   0.02825
   7  1  C     z     0.00000   0.19078
   8  1  C     x    -2.09950   0.06931
   9  1  C     y    -1.21215  -0.12004
  10  1  C     z    -0.00000   2.05049
  11  2  H     s     0.00000  -0.11312
  12  2  H     s    -0.00000  -2.37991
  13  3  H     s     0.08780   0.02507
  14  3  H     s     1.77879   0.30094
  15  4  H     s    -0.08780   0.02507
  16  4  H     s    -1.77879   0.30094
  17  5  O     s     0.00000   0.01822
  18  5  O     s     0.00000   0.02491
  19  5  O     s     0.00000  -0.05150
  20  5  O     s    -0.00000  -0.42988
  21  5  O     x     0.11736   0.05353
  22  5  O     y     0.06776  -0.09271
  23  5  O     z    -0.00000   0.14074
  24  5  O     x     0.38101   0.08477
  25  5  O     y     0.21998  -0.14683
  26  5  O     z    -0.00000   0.24546
  27  6  H     s     0.00000   0.06163
  28  6  H     s    -0.00000   1.34324


 VBO LIB IS: ./VBOLIB/VBOLIBD95                                                              

      GENERAL CONTROLS ($GENCTL)
 ======================================
 Number of electron groups       =    2
 Maximum macro-iterations        =   12
 Energy threshold           = 10**(- 6)
 Restart calculation(0/1/2)      =    2
 Group#                     1  2
 Num. of electrons          8 10
 Num. of spins              0  0
 Num. of orbitals           4 10
 Method#                    1  3

 SYMBOLIC VB STRUCTURE(S) OF GROUP  2
 STR. NO.       RUMER PATTERN  
    1           1  2   3  4   5  6   7  8   9 10
    2           1  3   2  4   5  6   7  8   9 10
    3           1  4   2  5   3  6   7  8   9 10
    4           1  2   3  5   4  6   7  8   9 10
    5           1  3   2  5   4  6   7  8   9 10
    6           1  5   2  6   3  7   4  8   9 10
    7           1  4   2  6   3  7   5  8   9 10
    8           1  2   3  6   4  7   5  8   9 10
    9           1  3   2  6   4  7   5  8   9 10
   10           1  6   2  7   3  8   4  9   5 10
   11           1  2   3  4   5  7   6  8   9 10
   12           1  3   2  4   5  7   6  8   9 10
   13           1  4   2  5   3  7   6  8   9 10
   14           1  2   3  5   4  7   6  8   9 10
   15           1  3   2  5   4  7   6  8   9 10
   16           1  5   2  7   3  8   4  9   6 10
   17           1  4   2  7   3  8   5  9   6 10
   18           1  2   3  7   4  8   5  9   6 10
   19           1  3   2  7   4  8   5  9   6 10
   20           1  5   2  6   3  8   4  9   7 10
   21           1  4   2  6   3  8   5  9   7 10
   22           1  2   3  6   4  8   5  9   7 10
   23           1  3   2  6   4  8   5  9   7 10
   24           1  2   3  4   5  8   6  9   7 10
   25           1  3   2  4   5  8   6  9   7 10
   26           1  4   2  5   3  8   6  9   7 10
   27           1  2   3  5   4  8   6  9   7 10
   28           1  3   2  5   4  8   6  9   7 10
   29           1  2   3  4   5  6   7  9   8 10
   30           1  3   2  4   5  6   7  9   8 10
   31           1  4   2  5   3  6   7  9   8 10
   32           1  2   3  5   4  6   7  9   8 10
   33           1  3   2  5   4  6   7  9   8 10
   34           1  5   2  6   3  7   4  9   8 10
   35           1  4   2  6   3  7   5  9   8 10
   36           1  2   3  6   4  7   5  9   8 10
   37           1  3   2  6   4  7   5  9   8 10
   38           1  2   3  4   5  7   6  9   8 10
   39           1  3   2  4   5  7   6  9   8 10
   40           1  4   2  5   3  7   6  9   8 10
   41           1  2   3  5   4  7   6  9   8 10
   42           1  3   2  5   4  7   6  9   8 10


 OVERLAP MATRIX OF VB ORBITALS FOR GROUP   2

        1      2      3      4      5      6      7      8      9     10
 =========================================================================
   1 1.0000
   2 0.8112 1.0000
   3-0.2159-0.1117 1.0000
   4-0.1106-0.0149 0.7992 1.0000
   5-0.0608-0.0433 0.1388 0.2152 1.0000
   6-0.0382-0.0253 0.0991 0.1509 0.8375 1.0000
   7 0.0608 0.0433-0.1388-0.2152-0.2454-0.1908 1.0000
   8 0.0382 0.0253-0.0991-0.1509-0.1908-0.1440 0.8375 1.0000
   9-0.0991-0.0865-0.0856-0.1525-0.2134-0.1702 0.2134 0.1702 1.0000
  10-0.0521-0.0398-0.0645-0.1059-0.1730-0.1319 0.1730 0.1319 0.8357 1.0000

 MAP FILE IS: ./MAP/MAP1000t                                                                  

 OVERLAP MATRIX OF VB ORBITALS FOR GROUP   2

        1      2      3      4      5      6      7      8      9     10
 =========================================================================
   1 1.0000
   2 0.8112 1.0000
   3-0.2159-0.1117 1.0000
   4-0.1106-0.0149 0.7992 1.0000
   5-0.0608-0.0433 0.1388 0.2152 1.0000
   6-0.0382-0.0253 0.0991 0.1509 0.8375 1.0000
   7 0.0608 0.0433-0.1388-0.2152-0.2454-0.1908 1.0000
   8 0.0382 0.0253-0.0991-0.1509-0.1908-0.1440 0.8375 1.0000
   9-0.0991-0.0865-0.0856-0.1525-0.2134-0.1702 0.2134 0.1702 1.0000
  10-0.0521-0.0398-0.0645-0.1059-0.1730-0.1319 0.1730 0.1319 0.8357 1.0000

 MAP FILE IS: ./MAP/MAP1000t                                                                  

 ENERGY AND DIFF OF MACROITER    1 =   -115.1112649185   -115.1112649185

 MAP FILE IS: ./MAP/MAP1000t                                                                  

 ENERGY AND DIFF OF MACROITER    2 =   -115.1113149929     -0.0000500744

 MAP FILE IS: ./MAP/MAP1000t                                                                  

 ENERGY AND DIFF OF MACROITER    3 =   -115.1113167119     -0.0000017190

 MAP FILE IS: ./MAP/MAP1000t                                                                  

 ENERGY AND DIFF OF MACROITER    4 =   -115.1113169301     -0.0000002182

 OVERLAP MATRIX OF VB ORBITALS FOR GROUP   2

        1      2      3      4      5      6      7      8      9     10
 =========================================================================
   1 1.0000
   2 0.8112 1.0000
   3-0.2159-0.1117 1.0000
   4-0.1106-0.0149 0.7992 1.0000
   5-0.0608-0.0433 0.1388 0.2152 1.0000
   6-0.0382-0.0253 0.0991 0.1509 0.8375 1.0000
   7 0.0608 0.0433-0.1388-0.2152-0.2454-0.1908 1.0000
   8 0.0382 0.0253-0.0991-0.1509-0.1908-0.1440 0.8375 1.0000
   9-0.0991-0.0865-0.0856-0.1525-0.2134-0.1702 0.2134 0.1702 1.0000
  10-0.0521-0.0398-0.0645-0.1059-0.1730-0.1319 0.1730 0.1319 0.8357 1.0000

 MAP FILE IS: ./MAP/MAP1000t                                                                  

 ====Normalized structure coefficients====
  1.0727  0.0676  0.0006 -0.0750 -0.0013  0.0001  0.0001 -0.0369 -0.0010  0.0000
  0.0690  0.0043 -0.0001 -0.0421 -0.0013  0.0001 -0.0001 -0.0100 -0.0004  0.0000
 -0.0003 -0.0236 -0.0018  0.0393  0.0026 -0.0005 -0.0200 -0.0019  0.0608  0.0048
 -0.0001 -0.0100 -0.0004  0.0001 -0.0005 -0.0205 -0.0020  0.0347  0.0025 -0.0008
 -0.0233 -0.0024

 ====Mulliken Weight (Chirgwin-Coulson)====
  1.0710 -0.0625  0.0005  0.0710 -0.0011  0.0000 -0.0001 -0.0308  0.0007  0.0000
 -0.0650  0.0038  0.0000 -0.0351  0.0009  0.0000  0.0000 -0.0090  0.0003 -0.0000
 -0.0002  0.0170 -0.0011  0.0343 -0.0021 -0.0003  0.0150 -0.0011 -0.0573  0.0041
  0.0000 -0.0090  0.0003 -0.0001 -0.0003  0.0145 -0.0011  0.0295 -0.0020 -0.0005
  0.0168 -0.0014

 ====Inverse Overlap Weight (Gallup-Norbeck)====
  0.9866  0.0022  0.0000  0.0031  0.0000  0.0000  0.0000  0.0021  0.0000  0.0000
  0.0026  0.0000  0.0000  0.0004  0.0000  0.0000  0.0000  0.0000  0.0000  0.0000
  0.0000  0.0001  0.0000  0.0007  0.0000  0.0000  0.0001  0.0000  0.0016  0.0000
  0.0000  0.0000  0.0000  0.0000  0.0000  0.0002  0.0000  0.0002  0.0000  0.0000
  0.0001  0.0000

 ====Lowdin Weight====
  0.7679  0.0471  0.0051  0.0488  0.0034  0.0038  0.0005  0.0051  0.0004  0.0001
  0.0451  0.0027  0.0004  0.0033  0.0003  0.0000  0.0004  0.0037  0.0003  0.0004
  0.0000  0.0004  0.0000  0.0052  0.0003  0.0000  0.0004  0.0000  0.0445  0.0027
  0.0003  0.0028  0.0002  0.0002  0.0000  0.0004  0.0000  0.0031  0.0002  0.0000
  0.0003  0.0000

 ====Hiberty Weight====
  0.9773  0.0039  0.0000  0.0048  0.0000  0.0000  0.0000  0.0012  0.0000  0.0000
  0.0040  0.0000  0.0000  0.0015  0.0000  0.0000  0.0000  0.0001  0.0000  0.0000
  0.0000  0.0005  0.0000  0.0013  0.0000  0.0000  0.0003  0.0000  0.0031  0.0000
  0.0000  0.0001  0.0000  0.0000  0.0000  0.0004  0.0000  0.0010  0.0000  0.0000
  0.0005  0.0000


 ENERGY AND DIFF OF MACROITER    5 =   -115.1113169788     -0.0000000487

 MULLIKEN CHARGES ON ATOMS
 -------------------------
  ATOM             CHARGE 

    1            -0.26721
    2             0.17930
    3             0.15396
    4             0.15396
    5            -0.56997
    6             0.34995

 -------------------------


 ORBITALS OF EACH ELECTRON GROUP IN AO BASIS: ORBITAL(GROUP)
 ===========================================================================
    Orbital#             1         2         3         4         5         6
      Group#             1         1         1         1         2         2
 ---------------------------------------------------------------------------
  AO# LABELS
   1  1  C     s  -0.00028   0.60181  -0.00142   0.00000  -0.00029  -0.00539
   2  1  C     s  -0.00045   0.43879  -0.00271   0.00000  -0.00036  -0.00802
   3  1  C     s   0.00031   0.00122   0.00120  -0.00000   0.00220   0.02663
   4  1  C     s   0.00138  -0.00350   0.00126   0.00000   0.04753   0.08212
   5  1  C     x  -0.00086  -0.00048  -0.00452   0.04638  -0.01007  -0.02735
   6  1  C     y   0.00150   0.00084   0.00782   0.02678   0.01745   0.04737
   7  1  C     z   0.00175  -0.00060   0.01870  -0.00000   0.03149   0.01081
   8  1  C     x  -0.00016  -0.00007   0.00001   0.00741  -0.01055  -0.01282
   9  1  C     y   0.00028   0.00013  -0.00002   0.00428   0.01827   0.02220
  10  1  C     z   0.00315   0.00003   0.02706  -0.00000   0.02693   0.00734
  11  2  H     s  -0.00087  -0.00065  -0.00784   0.00000  -0.00926  -0.01211
  12  2  H     s  -0.00441  -0.00012  -0.03687   0.00000  -0.05460  -0.06483
  13  3  H     s   0.00004  -0.00067   0.00120  -0.01672   0.00287   0.00480
  14  3  H     s   0.00256  -0.00003   0.02526  -0.05172   0.01631   0.01547
  15  4  H     s   0.00004  -0.00067   0.00120   0.01672   0.00287   0.00480
  16  4  H     s   0.00256  -0.00003   0.02526   0.05172   0.01631   0.01547
  17  5  O     s  -0.59211   0.00047  -0.06574   0.00001   0.04954   0.01148
  18  5  O     s  -0.47890   0.00066  -0.12980   0.00001   0.07062   0.01488
  19  5  O     s   0.05875  -0.00182   0.51765  -0.00001  -0.24546   0.00871
  20  5  O     s   0.05593  -0.00200   0.51663  -0.00001  -0.08356   0.00844
  21  5  O     x  -0.01273  -0.00015  -0.11458   0.63228  -0.08571  -0.03850
  22  5  O     y   0.02207   0.00026   0.19847   0.36504   0.14845   0.06668
  23  5  O     z   0.01905  -0.00074   0.17006  -0.00000   0.77485   0.28449
  24  5  O     x  -0.00762  -0.00009  -0.07222   0.34921  -0.04263  -0.05831
  25  5  O     y   0.01321   0.00015   0.12509   0.20162   0.07384   0.10099
  26  5  O     z   0.00908  -0.00019   0.09007  -0.00000   0.15577   0.20149
  27  6  H     s   0.00281   0.00004   0.01993  -0.00000  -0.07671  -0.54610
  28  6  H     s  -0.00440   0.00042  -0.04060   0.00000  -0.04184  -0.22743

 ===========================================================================
    Orbital#             7         8         9        10        11        12
      Group#             2         2         2         2         2         2
 ---------------------------------------------------------------------------
  AO# LABELS
   1  1  C     s  -0.02805  -0.08216  -0.09657  -0.04534   0.09657   0.04534
   2  1  C     s  -0.03686  -0.11552  -0.13497  -0.06020   0.13497   0.06020
   3  1  C     s   0.07142   0.37486   0.44855   0.09585  -0.44855  -0.09585
   4  1  C     s   0.04130   0.18549   0.30749   0.16391  -0.30749  -0.16391
   5  1  C     x  -0.04695  -0.26502   0.59230   0.14234   0.30880   0.07238
   6  1  C     y   0.08131   0.45902   0.01461   0.00139   0.50564   0.12258
   7  1  C     z  -0.04912  -0.22047  -0.23105  -0.05830   0.23105   0.05830
   8  1  C     x   0.00272  -0.00413   0.08324   0.03274   0.04031   0.01218
   9  1  C     y  -0.00471   0.00716  -0.00151  -0.00484   0.07285   0.03078
  10  1  C     z  -0.02997  -0.04618  -0.04535  -0.02800   0.04535   0.02800
  11  2  H     s   0.00071   0.00214   0.00624   0.00615  -0.00624  -0.00615
  12  2  H     s   0.00770  -0.01261  -0.03407  -0.04985   0.03407   0.04985
  13  3  H     s   0.00009  -0.00128   0.07700   0.54225  -0.00416  -0.00682
  14  3  H     s  -0.04201  -0.07640   0.05158   0.34667   0.05981   0.07634
  15  4  H     s   0.00009  -0.00128   0.00416   0.00682  -0.07700  -0.54225
  16  4  H     s  -0.04201  -0.07640  -0.05981  -0.07634  -0.05158  -0.34667
  17  5  O     s  -0.04695  -0.00851   0.00112   0.00117  -0.00112  -0.00117
  18  5  O     s  -0.06693  -0.01088   0.00156   0.00153  -0.00156  -0.00153
  19  5  O     s   0.22812  -0.01749  -0.00390  -0.00255   0.00390   0.00255
  20  5  O     s   0.08963   0.00862  -0.03859  -0.03838   0.03859   0.03838
  21  5  O     x   0.38737   0.14219  -0.05826  -0.02462  -0.06566  -0.03711
  22  5  O     y  -0.67094  -0.24628  -0.04219  -0.02864  -0.02936  -0.00700
  23  5  O     z   0.08284   0.01480  -0.00648  -0.00480   0.00648   0.00480
  24  5  O     x   0.10056   0.11629  -0.07504  -0.04522  -0.05431  -0.02367
  25  5  O     y  -0.17417  -0.20142  -0.01939  -0.00122  -0.05529  -0.03855
  26  5  O     z  -0.01607  -0.02626   0.00369  -0.00806  -0.00369   0.00806
  27  6  H     s  -0.00514  -0.03377  -0.00346  -0.00218   0.00346   0.00218
  28  6  H     s  -0.03023  -0.06386  -0.00889  -0.01784   0.00889   0.01784

 ===========================================================================
    Orbital#            13        14
      Group#             2         2
 ---------------------------------------------------------------------------
  AO# LABELS
   1  1  C     s   0.09700   0.04504
   2  1  C     s   0.13579   0.06014
   3  1  C     s  -0.46259  -0.09752
   4  1  C     s  -0.28071  -0.16300
   5  1  C     x   0.01495   0.00001
   6  1  C     y  -0.02589  -0.00001
   7  1  C     z  -0.64113  -0.16213
   8  1  C     x   0.00000  -0.00327
   9  1  C     y  -0.00001   0.00566
  10  1  C     z  -0.10328  -0.05162
  11  2  H     s  -0.07466  -0.54189
  12  2  H     s  -0.03712  -0.32950
  13  3  H     s  -0.00833  -0.00747
  14  3  H     s   0.03863   0.06328
  15  4  H     s  -0.00833  -0.00747
  16  4  H     s   0.03863   0.06328
  17  5  O     s  -0.01096  -0.00634
  18  5  O     s  -0.01530  -0.00874
  19  5  O     s   0.04165   0.02242
  20  5  O     s   0.08692   0.06485
  21  5  O     x  -0.01013  -0.00899
  22  5  O     y   0.01754   0.01558
  23  5  O     z  -0.00388  -0.00408
  24  5  O     x  -0.00410   0.00081
  25  5  O     y   0.00710  -0.00140
  26  5  O     z   0.04108   0.02950
  27  6  H     s  -0.00172  -0.00306
  28  6  H     s  -0.02102  -0.00926


 WORDS OF DYNAMIC MEMORY USED IN VB2000 CODE ONLY:      124975

 STATISTICS OF CPU TIMES (SECONDS)
 CPU TIME FOR INITIALIZATION        0.014
 CPU TIME FOR MACROITERATION        2.622
 TOTAL CPU TIME                     2.636

