
 **************************************************************
 *                                                            *
 *                        V B 2 0 0 0                         *
 *                                                            *
 * An ab initio Valence-Bond Program Based on the Generalized *
 *    Product Function Method and the Algebrant Algorithm     *
 *                                                            *
 *                  Version 2.8 November 2017                 *
 *                     Stand-alone Version                    *
 *                      Compiler GFORTRAN                     *
 *                                                            *
 *     Memory = 12500000 for MAP file up to 16 electrons      *
 *                                                            *
 *         Jiabo Li*, Brian Duke** and Roy McWeeny***         *
 *                                                            *
 *        * SciNet Technologies, 9943 Fieldthorn St.,         *
 *                   San Diego, CA 92127, USA                 *
 *                                                            *
 *  ** Monash University Institute of Pharmaceutical Sciences,*
 *          Monash University, 381 Royal Pde, Parkville,      *
 *                    Victoria, 3052, Australia               *
 *                                                            *
 *      *** Department of Chemistry, University of Pisa,      *
 *                       56100 Pisa, Italy                    *
 *                                                            *
 *  Reference for the software:                               *
 *     Jiabo Li, Brian Duke, and Roy McWeeny, VB2000 Version  *
 *     2.8, SciNet Technologies, San Diego, CA, 2013          *
 *     URL: http://www.scinetec.com or http://www.vb2000.net  *
 *                                                            *
 *  References for the theory:                                *
 *     General:                                               *
 *     Jiabo Li, and Roy McWeeny, "VB2000: Pushing Valence    *
 *     Bond Theory to New Limits", Int. J. Quantum Chem.,     *
 *     89(2002)208-216.                                       *
 *                                                            *
 *     Spin densities:-                                       *
 *     Jiabo Li, Brian J. Duke, Thomas M. Klapoetke, and Roy  *
 *     McWeeny, Spin-Density of Spin-Free Valence Bond Wave   *
 *     Functions and Its Implementation in VB2000. J. Theor.  *
 *     Comp. Chem. 7(2008)853-867.                            *
 *                                                            *
 *     Spin coupled - n electrons in m orbitals:-             *
 *     Peter B. Karadakov, David L. Cooper, Brian J. Duke,    *
 *     and Jiabo Li, Spin-Coupled Theory for N Electrons in   *
 *     M Orbitals Active Spaces,  J. Phys. Chem. A, 116,      *
 *     7238 - 7244, 2012                                      *
 *                                                            *
 *     Copyright (C) 2018 GNU General Public License          *
 **************************************************************

 JOB NAME IS ch3ohvb10                                                       

 VB2000 DIRECTORY IS: .                                                                               
 MAXIMUM DYNAMIC MEMORY IS:        6500000

 Input of molecule
 =================
 #! VB(10)/D95                                                                   
                                                                                 
 Title: TEST CH3OH                                                                      

 Charge =  0 Multiplicity =  1

 BASIS SET FILE IS: ./BASET/D95                                                                     

 Cartesian coordinates of atoms in Angstrom
 ----------------------------------------------------
                    X             Y             Z   

  C     6.0      0.000000      0.000000      0.000000
  H     1.0      0.000000      0.000000      1.079997
  H     1.0      1.018239      0.000000     -0.359977
  H     1.0     -0.509120     -0.881820     -0.359977
  O     8.0     -0.674111      1.167595     -0.476636
  H     1.0     -0.674111      1.167595     -1.426615
 ----------------------------------------------------

 Total number of two-electron integrals =        77175
 Time for integral evaluation                    0.064

 SKIPPED INTEGRALS =                              3958
 Number of iter =     24, DMAX =        0.000009413541
 Final Hartree-Fock Energy =         -115.014988471554

 Molecular orbitals by HF method
 ===============================================================================
 MO#                       1         2         3         4         5         6
 E(a.u.)             -20.545   -11.278    -1.361    -0.939    -0.686    -0.627
 -------------------------------------------------------------------------------

   1  1  C     s    -0.00001   0.60092  -0.04292   0.11096   0.01127  -0.00000
   2  1  C     s    -0.00002   0.43744  -0.05740   0.15042   0.01484  -0.00000
   3  1  C     s     0.00026   0.00468   0.14980  -0.41559  -0.03469   0.00000
   4  1  C     s    -0.00117  -0.00025   0.07862  -0.37481  -0.04134   0.00000
   5  1  C     x     0.00002  -0.00033  -0.04624  -0.03262  -0.15396   0.40249
   6  1  C     y    -0.00004   0.00057   0.08008   0.05650   0.26666   0.23238
   7  1  C     z     0.00003  -0.00037  -0.04268  -0.02946   0.16190   0.00000
   8  1  C     x     0.00019   0.00005   0.00736  -0.01147  -0.02141   0.06678
   9  1  C     y    -0.00032  -0.00009  -0.01274   0.01987   0.03709   0.03856
  10  1  C     z    -0.00023   0.00007  -0.00153   0.00490   0.05351   0.00000
  11  2  H     s     0.00003   0.00055   0.02226  -0.13903   0.05042   0.00000
  12  2  H     s     0.00041   0.00004   0.00086  -0.02536   0.01103   0.00000
  13  3  H     s     0.00006   0.00049   0.02410  -0.13773  -0.11170   0.18746
  14  3  H     s     0.00009   0.00007  -0.00653  -0.01332  -0.06472   0.14410
  15  4  H     s     0.00006   0.00049   0.02410  -0.13773  -0.11170  -0.18746
  16  4  H     s     0.00009   0.00007  -0.00653  -0.01332  -0.06472  -0.14410
  17  5  O     s     0.58099  -0.00007  -0.12579  -0.03663  -0.02703   0.00000
  18  5  O     s     0.46126  -0.00011  -0.17437  -0.05088  -0.03762   0.00000
  19  5  O     s    -0.00023   0.00041   0.48946   0.14251   0.10842  -0.00000
  20  5  O     s     0.00225  -0.00040   0.43251   0.18374   0.15719  -0.00000
  21  5  O     x     0.00064   0.00018   0.04824  -0.07189   0.03418   0.31517
  22  5  O     y    -0.00111  -0.00031  -0.08355   0.12451  -0.05920   0.18196
  23  5  O     z    -0.00101   0.00011  -0.06951  -0.15818   0.47705  -0.00000
  24  5  O     x    -0.00011  -0.00016   0.01024  -0.01415   0.00067   0.14095
  25  5  O     y     0.00019   0.00028  -0.01773   0.02451  -0.00116   0.08138
  26  5  O     z     0.00058  -0.00004  -0.01970  -0.02448   0.15780  -0.00000
  27  6  H     s     0.00004   0.00004   0.13460   0.11641  -0.22577   0.00000
  28  6  H     s     0.00001   0.00006   0.00052   0.05204  -0.10936   0.00000

 MO#                       7         8         9        10        11        12
 E(a.u.)              -0.595    -0.495    -0.448     0.220     0.292     0.320
 -------------------------------------------------------------------------------

   1  1  C     s     0.00196  -0.00657  -0.00000   0.00134  -0.05360  -0.06301
   2  1  C     s     0.00242  -0.00920  -0.00000   0.00024  -0.07600  -0.08846
   3  1  C     s    -0.00236   0.03510   0.00000   0.03560   0.18576   0.18260
   4  1  C     s    -0.04277  -0.04732  -0.00000  -0.73344   1.65676   2.68477
   5  1  C     x    -0.08717  -0.13147  -0.23874  -0.10585   0.01133   0.08708
   6  1  C     y     0.15099   0.22771  -0.13783   0.18333  -0.01962  -0.15082
   7  1  C     z    -0.44983   0.24670   0.00000  -0.01942  -0.06463   0.05268
   8  1  C     x     0.00034  -0.00601  -0.03986  -0.35829  -0.67020   0.45662
   9  1  C     y    -0.00058   0.01040  -0.02301   0.62058   1.16082  -0.79088
  10  1  C     z    -0.10799   0.03761   0.00000  -0.68463   0.42975  -1.00133
  11  2  H     s    -0.23684   0.16662   0.00000   0.01542   0.00615   0.04776
  12  2  H     s    -0.15260   0.17489   0.00000   0.73811  -0.99152  -0.27499
  13  3  H     s     0.02743  -0.11734  -0.16128   0.00181   0.05563  -0.02342
  14  3  H     s     0.00771  -0.12482  -0.17499   0.36655  -0.12474  -1.80337
  15  4  H     s     0.02743  -0.11734   0.16128   0.00181   0.05563  -0.02342
  16  4  H     s     0.00771  -0.12482   0.17499   0.36655  -0.12474  -1.80337
  17  5  O     s     0.01279   0.03269   0.00000   0.04509   0.01558   0.00640
  18  5  O     s     0.01800   0.04570   0.00000   0.06040   0.02016   0.00717
  19  5  O     s    -0.06099  -0.14137  -0.00000  -0.10057  -0.01939   0.02625
  20  5  O     s    -0.04545  -0.18063  -0.00000  -1.06724  -0.43336  -0.41688
  21  5  O     x     0.20454   0.21082   0.55323  -0.07088  -0.08035  -0.02900
  22  5  O     y    -0.35427  -0.36515   0.31941   0.12276   0.13918   0.05024
  23  5  O     z     0.08176  -0.30878  -0.00000   0.17341  -0.20822   0.11711
  24  5  O     x     0.09039   0.12306   0.33043  -0.08926  -0.22812  -0.13702
  25  5  O     y    -0.15656  -0.21315   0.19077   0.15460   0.39512   0.23733
  26  5  O     z     0.02593  -0.16357  -0.00000   0.41857  -0.84705   0.30166
  27  6  H     s    -0.07954   0.13080   0.00000   0.05474  -0.00298   0.02969
  28  6  H     s    -0.06733   0.06772   0.00000   0.94903  -1.16127   0.36610

 MO#                      13        14
 E(a.u.)               0.348     0.359
 -------------------------------------------------------------------------------

   1  1  C     s    -0.00000  -0.01810
   2  1  C     s    -0.00000  -0.02603
   3  1  C     s     0.00000   0.06484
   4  1  C     s     0.00001   0.85237
   5  1  C     x    -0.06609  -0.01631
   6  1  C     y    -0.03816   0.02825
   7  1  C     z     0.00000   0.19078
   8  1  C     x    -2.09950   0.06931
   9  1  C     y    -1.21215  -0.12004
  10  1  C     z    -0.00000   2.05049
  11  2  H     s     0.00000  -0.11312
  12  2  H     s    -0.00000  -2.37991
  13  3  H     s     0.08780   0.02507
  14  3  H     s     1.77879   0.30094
  15  4  H     s    -0.08780   0.02507
  16  4  H     s    -1.77879   0.30094
  17  5  O     s     0.00000   0.01822
  18  5  O     s     0.00000   0.02491
  19  5  O     s     0.00000  -0.05150
  20  5  O     s    -0.00000  -0.42988
  21  5  O     x     0.11736   0.05353
  22  5  O     y     0.06776  -0.09271
  23  5  O     z    -0.00000   0.14074
  24  5  O     x     0.38101   0.08477
  25  5  O     y     0.21998  -0.14683
  26  5  O     z    -0.00000   0.24546
  27  6  H     s     0.00000   0.06163
  28  6  H     s    -0.00000   1.34324


 VBO LIB IS: ./VBOLIB/VBOLIBD95                                                              

 PARTITIONING OF LMOs INTO GROUPS ($LMOGRPMODIFY)
 ================================================
 LMO#     1  2  3  4  5  6  7  8  9
 Group#   1  1  1  1  2  2  2  2  2
 Split    0  0  0  0  1  1  1  1  1



      GENERAL CONTROLS ($GENCTL)
 ======================================
 Number of electron groups       =    2
 Maximum macro-iterations        =   12
 Energy threshold           = 10**(- 6)
 Restart calculation(0/1/2)      =    0
 Group#                     1  2
 Num. of electrons          8 10
 Num. of spins              0  0
 Num. of orbitals           4 10
 Method#                    1  2

 SYMBOLIC VB STRUCTURE(S) OF GROUP  2
 STR. NO.       RUMER PATTERN  
    1           1  2   3  4   5  6   7  8   9 10


 OVERLAP MATRIX OF VB ORBITALS FOR GROUP   2

        1      2      3      4      5      6      7      8      9     10
 =========================================================================
   1 1.0000
   2 0.5965 1.0000
   3-0.1356-0.1254 1.0000
   4-0.1328-0.1400 0.5394 1.0000
   5-0.0984-0.0872 0.1830 0.1488 1.0000
   6-0.0477-0.0475 0.1297 0.1172 0.6983 1.0000
   7 0.0984 0.0872-0.1830-0.1488-0.1800-0.1853 1.0000
   8 0.0477 0.0475-0.1297-0.1172-0.1853-0.1593 0.6983 1.0000
   9-0.0972-0.0315-0.1313-0.0514-0.1226-0.1619 0.1226 0.1619 1.0000
  10-0.0305 0.0161-0.1055-0.0526-0.1576-0.1536 0.1576 0.1536 0.6915 1.0000

 MAP FILE IS: ./MAP/MAP1000t                                                                  

 ENERGY AND DIFF OF MACROITER    1 =   -115.0765414981   -115.0765414981

 ENERGY AND DIFF OF MACROITER    2 =   -115.1055729172     -0.0290314192

 ENERGY AND DIFF OF MACROITER    3 =   -115.1066555079     -0.0010825907

 ENERGY AND DIFF OF MACROITER    4 =   -115.1067738110     -0.0001183031

 ENERGY AND DIFF OF MACROITER    5 =   -115.1068165379     -0.0000427269

 ENERGY AND DIFF OF MACROITER    6 =   -115.1068325182     -0.0000159803

 ENERGY AND DIFF OF MACROITER    7 =   -115.1068386056     -0.0000060874

 ENERGY AND DIFF OF MACROITER    8 =   -115.1068411058     -0.0000025002

 ENERGY AND DIFF OF MACROITER    9 =   -115.1068421747     -0.0000010689

 ENERGY AND DIFF OF MACROITER   10 =   -115.1068426534     -0.0000004788

 OVERLAP MATRIX OF VB ORBITALS FOR GROUP   2

        1      2      3      4      5      6      7      8      9     10
 =========================================================================
   1 1.0000
   2 0.8112 1.0000
   3-0.2159-0.1117 1.0000
   4-0.1106-0.0149 0.7992 1.0000
   5-0.0608-0.0433 0.1388 0.2152 1.0000
   6-0.0382-0.0253 0.0991 0.1509 0.8375 1.0000
   7 0.0608 0.0433-0.1388-0.2152-0.2454-0.1908 1.0000
   8 0.0382 0.0253-0.0991-0.1509-0.1908-0.1440 0.8375 1.0000
   9-0.0991-0.0865-0.0856-0.1525-0.2134-0.1702 0.2134 0.1702 1.0000
  10-0.0521-0.0398-0.0645-0.1059-0.1730-0.1319 0.1730 0.1319 0.8357 1.0000

 ENERGY AND DIFF OF MACROITER   11 =   -115.1068428705     -0.0000002171

 MULLIKEN CHARGES ON ATOMS
 -------------------------
  ATOM             CHARGE 

    1            -0.27332
    2             0.18090
    3             0.15567
    4             0.15567
    5            -0.56764
    6             0.34872

 -------------------------


 ORBITALS OF EACH ELECTRON GROUP IN AO BASIS: ORBITAL(GROUP)
 ===========================================================================
    Orbital#             1         2         3         4         5         6
      Group#             1         1         1         1         2         2
 ---------------------------------------------------------------------------
  AO# LABELS
   1  1  C     s  -0.00027   0.60127   0.00162  -0.00000  -0.00026  -0.00523
   2  1  C     s  -0.00042   0.43803   0.00290  -0.00000  -0.00045  -0.00779
   3  1  C     s   0.00027   0.00334  -0.00157  -0.00000   0.00344   0.02501
   4  1  C     s   0.00129  -0.00177  -0.00040   0.00000   0.05064   0.08106
   5  1  C     x  -0.00088  -0.00034   0.00534   0.05171  -0.01087  -0.02650
   6  1  C     y   0.00152   0.00059  -0.00925   0.02985   0.01882   0.04590
   7  1  C     z   0.00194  -0.00045  -0.02039   0.00000   0.03097   0.01170
   8  1  C     x  -0.00018  -0.00000   0.00014   0.00853  -0.01096  -0.01324
   9  1  C     y   0.00032   0.00000  -0.00023   0.00492   0.01898   0.02293
  10  1  C     z   0.00312   0.00001  -0.02714   0.00000   0.02546   0.00755
  11  2  H     s  -0.00076   0.00007   0.00678  -0.00000  -0.00943  -0.01205
  12  2  H     s  -0.00423   0.00010   0.03550  -0.00000  -0.05394  -0.06528
  13  3  H     s  -0.00000   0.00001  -0.00067  -0.01431   0.00296   0.00474
  14  3  H     s   0.00252   0.00003  -0.02504  -0.05008   0.01569   0.01585
  15  4  H     s  -0.00000   0.00001  -0.00067   0.01431   0.00296   0.00474
  16  4  H     s   0.00252   0.00003  -0.02504   0.05008   0.01569   0.01585
  17  5  O     s  -0.59195   0.00044   0.06713   0.00000   0.04937   0.01139
  18  5  O     s  -0.47859   0.00061   0.13100   0.00000   0.07005   0.01456
  19  5  O     s   0.05755  -0.00166  -0.51829   0.00001  -0.24125   0.00958
  20  5  O     s   0.05467  -0.00215  -0.51588   0.00001  -0.08611   0.01291
  21  5  O     x  -0.01260   0.00024   0.11416   0.63153  -0.08550  -0.03956
  22  5  O     y   0.02183  -0.00041  -0.19771   0.36462   0.14809   0.06853
  23  5  O     z   0.01882  -0.00064  -0.16791   0.00000   0.77562   0.28508
  24  5  O     x  -0.00751   0.00001   0.07178   0.34806  -0.04508  -0.05694
  25  5  O     y   0.01301  -0.00002  -0.12432   0.20096   0.07808   0.09862
  26  5  O     z   0.00895  -0.00029  -0.08930   0.00000   0.15560   0.20222
  27  6  H     s   0.00272   0.00001  -0.02157   0.00000  -0.07570  -0.54702
  28  6  H     s  -0.00421   0.00032   0.03892  -0.00000  -0.04282  -0.22699

 ===========================================================================
    Orbital#             7         8         9        10        11        12
      Group#             2         2         2         2         2         2
 ---------------------------------------------------------------------------
  AO# LABELS
   1  1  C     s  -0.02947  -0.08322  -0.09823  -0.04724   0.09823   0.04724
   2  1  C     s  -0.03811  -0.11601  -0.13584  -0.06191   0.13584   0.06191
   3  1  C     s   0.07508   0.36965   0.44334   0.10057  -0.44334  -0.10057
   4  1  C     s   0.03785   0.19465   0.32558   0.15008  -0.32558  -0.15008
   5  1  C     x  -0.04779  -0.26389   0.59175   0.14202   0.30847   0.07211
   6  1  C     y   0.08277   0.45706   0.01455   0.00127   0.50520   0.12236
   7  1  C     z  -0.04957  -0.21988  -0.23101  -0.05834   0.23101   0.05834
   8  1  C     x   0.00056  -0.00207   0.08054   0.03604   0.03747   0.01532
   9  1  C     y  -0.00097   0.00359  -0.00324  -0.00312   0.07137   0.03277
  10  1  C     z  -0.03033  -0.04596  -0.04437  -0.02923   0.04437   0.02923
  11  2  H     s   0.00062   0.00265   0.00774   0.00521  -0.00774  -0.00521
  12  2  H     s   0.00982  -0.01640  -0.04237  -0.04321   0.04237   0.04321
  13  3  H     s  -0.00028  -0.00006   0.07384   0.54593  -0.00567  -0.00578
  14  3  H     s  -0.03867  -0.08233   0.05376   0.34323   0.06936   0.06911
  15  4  H     s  -0.00028  -0.00006   0.00567   0.00578  -0.07384  -0.54593
  16  4  H     s  -0.03867  -0.08233  -0.06936  -0.06911  -0.05376  -0.34323
  17  5  O     s  -0.04713  -0.00841   0.00093   0.00098  -0.00093  -0.00098
  18  5  O     s  -0.06699  -0.01056   0.00132   0.00130  -0.00132  -0.00130
  19  5  O     s   0.22861  -0.02096  -0.00249  -0.00246   0.00249   0.00246
  20  5  O     s   0.08755   0.01202  -0.04269  -0.03434   0.04269   0.03434
  21  5  O     x   0.38840   0.14132  -0.06250  -0.02837  -0.06964  -0.04086
  22  5  O     y  -0.67273  -0.24477  -0.04432  -0.03080  -0.03197  -0.00917
  23  5  O     z   0.08420   0.01343  -0.00667  -0.00425   0.00667   0.00425
  24  5  O     x   0.09807   0.11921  -0.07760  -0.04778  -0.05491  -0.02689
  25  5  O     y  -0.16987  -0.20648  -0.01860  -0.00347  -0.05791  -0.03965
  26  5  O     z  -0.02255  -0.02231   0.00407  -0.00829  -0.00407   0.00829
  27  6  H     s  -0.00437  -0.03292  -0.00329  -0.00235   0.00329   0.00235
  28  6  H     s  -0.03678  -0.06262  -0.00843  -0.01821   0.00843   0.01821

 ===========================================================================
    Orbital#            13        14
      Group#             2         2
 ---------------------------------------------------------------------------
  AO# LABELS
   1  1  C     s   0.09867   0.04694
   2  1  C     s   0.13660   0.06190
   3  1  C     s  -0.45739  -0.10213
   4  1  C     s  -0.29745  -0.15014
   5  1  C     x   0.01492   0.00004
   6  1  C     y  -0.02584  -0.00007
   7  1  C     z  -0.64136  -0.16166
   8  1  C     x  -0.00076  -0.00254
   9  1  C     y   0.00132   0.00439
  10  1  C     z  -0.09886  -0.05655
  11  2  H     s  -0.07107  -0.54591
  12  2  H     s  -0.04108  -0.32380
  13  3  H     s  -0.00976  -0.00656
  14  3  H     s   0.04730   0.05626
  15  4  H     s  -0.00976  -0.00656
  16  4  H     s   0.04730   0.05626
  17  5  O     s  -0.01132  -0.00659
  18  5  O     s  -0.01584  -0.00906
  19  5  O     s   0.04347   0.02302
  20  5  O     s   0.08932   0.06559
  21  5  O     x  -0.01036  -0.00938
  22  5  O     y   0.01794   0.01624
  23  5  O     z  -0.00355  -0.00361
  24  5  O     x  -0.00340   0.00000
  25  5  O     y   0.00588  -0.00001
  26  5  O     z   0.04301   0.02832
  27  6  H     s  -0.00109  -0.00361
  28  6  H     s  -0.01886  -0.01156


 WORDS OF DYNAMIC MEMORY USED IN VB2000 CODE ONLY:      124975

 STATISTICS OF CPU TIMES (SECONDS)
 CPU TIME FOR INITIALIZATION        0.014
 CPU TIME FOR MACROITERATION        4.588
 TOTAL CPU TIME                     4.602

