
 **************************************************************
 *                                                            *
 *                        V B 2 0 0 0                         *
 *                                                            *
 * An ab initio Valence-Bond Program Based on the Generalized *
 *    Product Function Method and the Algebrant Algorithm     *
 *                                                            *
 *                  Version 2.8 November 2017                 *
 *                     Stand-alone Version                    *
 *                      Compiler GFORTRAN                     *
 *                                                            *
 *     Memory = 12500000 for MAP file up to 16 electrons      *
 *                                                            *
 *         Jiabo Li*, Brian Duke** and Roy McWeeny***         *
 *                                                            *
 *        * SciNet Technologies, 9943 Fieldthorn St.,         *
 *                   San Diego, CA 92127, USA                 *
 *                                                            *
 *  ** Monash University Institute of Pharmaceutical Sciences,*
 *          Monash University, 381 Royal Pde, Parkville,      *
 *                    Victoria, 3052, Australia               *
 *                                                            *
 *      *** Department of Chemistry, University of Pisa,      *
 *                       56100 Pisa, Italy                    *
 *                                                            *
 *  Reference for the software:                               *
 *     Jiabo Li, Brian Duke, and Roy McWeeny, VB2000 Version  *
 *     2.8, SciNet Technologies, San Diego, CA, 2013          *
 *     URL: http://www.scinetec.com or http://www.vb2000.net  *
 *                                                            *
 *  References for the theory:                                *
 *     General:                                               *
 *     Jiabo Li, and Roy McWeeny, "VB2000: Pushing Valence    *
 *     Bond Theory to New Limits", Int. J. Quantum Chem.,     *
 *     89(2002)208-216.                                       *
 *                                                            *
 *     Spin densities:-                                       *
 *     Jiabo Li, Brian J. Duke, Thomas M. Klapoetke, and Roy  *
 *     McWeeny, Spin-Density of Spin-Free Valence Bond Wave   *
 *     Functions and Its Implementation in VB2000. J. Theor.  *
 *     Comp. Chem. 7(2008)853-867.                            *
 *                                                            *
 *     Spin coupled - n electrons in m orbitals:-             *
 *     Peter B. Karadakov, David L. Cooper, Brian J. Duke,    *
 *     and Jiabo Li, Spin-Coupled Theory for N Electrons in   *
 *     M Orbitals Active Spaces,  J. Phys. Chem. A, 116,      *
 *     7238 - 7244, 2012                                      *
 *                                                            *
 *     Copyright (C) 2018 GNU General Public License          *
 **************************************************************

 JOB NAME IS ch4vb8sc                                                        

 VB2000 DIRECTORY IS: .                                                                               
 USING RESTARTFILE ch4vb8.V84                                                      
 MAXIMUM DYNAMIC MEMORY IS:        6500000

 Input of molecule
 =================
 #! SCVB(8)/D95 RESTART PRINTALL                                                 
                                                                                 
 Title: TEST CH4 5 GROUPS (1 CORE + 4 BONDS)                                            

 Charge =  0 Multiplicity =  1

 BASIS SET FILE IS: ./BASET/D95                                                                     

 Cartesian coordinates of atoms in Angstrom
 ----------------------------------------------------
                    X             Y             Z   

  C     6.0      0.000000      0.000000      0.000000
  H     1.0     -0.880321      0.417906     -0.470561
  H     1.0      0.259946      0.591217      0.868290
  H     1.0     -0.202850     -1.018388      0.304590
  H     1.0      0.823225      0.009265     -0.702319
 ----------------------------------------------------

 Total number of two-electron integrals =        13494
 Time for integral evaluation                    0.019

 SKIPPED INTEGRALS =                               468
 Number of iter =     13, DMAX =        0.000005979149
 Final Hartree-Fock Energy =          -40.185608503724

 Molecular orbitals by HF method
 ===============================================================================
 MO#                       1         2         3         4         5         6
 E(a.u.)             -11.205    -0.948    -0.545    -0.545    -0.545     0.301
 -------------------------------------------------------------------------------

   1  1  C     s     0.60082   0.11952  -0.00000  -0.00000  -0.00000  -0.08260
   2  1  C     s     0.43741   0.16107  -0.00000  -0.00000  -0.00000  -0.11482
   3  1  C     s     0.00510  -0.42651   0.00000   0.00000   0.00000   0.22981
   4  1  C     s    -0.00125  -0.40809   0.00000   0.00000   0.00000   3.39450
   5  1  C     x     0.00000  -0.00000  -0.41385   0.22791  -0.21845  -0.00000
   6  1  C     y    -0.00000   0.00000  -0.30892  -0.21815   0.35765   0.00000
   7  1  C     z     0.00000  -0.00000  -0.06504  -0.41401  -0.30871  -0.00000
   8  1  C     x    -0.00000  -0.00000  -0.10339   0.05693  -0.05457  -0.00001
   9  1  C     y     0.00000   0.00000  -0.07717  -0.05450   0.08935   0.00000
  10  1  C     z    -0.00000  -0.00000  -0.01625  -0.10342  -0.07712  -0.00000
  11  2  H     s     0.00043  -0.13383   0.13800  -0.05034   0.25283   0.01834
  12  2  H     s     0.00028  -0.01712   0.10903  -0.03978   0.19976  -1.31500
  13  3  H     s     0.00043  -0.13383  -0.17997  -0.22281  -0.05886   0.01834
  14  3  H     s     0.00028  -0.01712  -0.14220  -0.17604  -0.04650  -1.31499
  15  4  H     s     0.00043  -0.13383   0.19661   0.02587  -0.21488   0.01834
  16  4  H     s     0.00028  -0.01712   0.15534   0.02044  -0.16978  -1.31499
  17  5  H     s     0.00043  -0.13383  -0.15463   0.24729   0.02092   0.01834
  18  5  H     s     0.00028  -0.01712  -0.12218   0.19538   0.01653  -1.31499

 MO#                       7         8         9        10
 E(a.u.)               0.315     0.315     0.315     0.491
 -------------------------------------------------------------------------------

   1  1  C     s    -0.00000  -0.00000  -0.00000  -0.00000
   2  1  C     s    -0.00000  -0.00000  -0.00000  -0.00000
   3  1  C     s     0.00000   0.00000   0.00000   0.00000
   4  1  C     s     0.00001   0.00000   0.00001   0.00000
   5  1  C     x     0.01640   0.02526   0.04524   0.86421
   6  1  C     y    -0.03435  -0.03022   0.02933  -0.30399
   7  1  C     z     0.03879  -0.03744   0.00684   0.34243
   8  1  C     x     0.61401   0.94529   1.69312  -0.31664
   9  1  C     y    -1.28550  -1.13122   1.09776   0.11138
  10  1  C     z     1.45180  -1.40143   0.25594  -0.12547
  11  2  H     s     0.10146   0.03719   0.06639  -0.10250
  12  2  H     s     1.56435   0.57340   1.02356   0.87699
  13  3  H     s    -0.03804   0.09449  -0.07556   0.03344
  14  3  H     s    -0.58650   1.45688  -1.16500  -0.28615
  15  4  H     s    -0.09373  -0.03073   0.07971   0.02331
  16  4  H     s    -1.44522  -0.47387   1.22902  -0.19946
  17  5  H     s     0.03031  -0.10095  -0.07054   0.04574
  18  5  H     s     0.46735  -1.55641  -1.08760  -0.39138


                    PARAMETER LIMIT VALUES
 Max. no. of atoms                    MAXCEN =    200
 Max. no. of basis functions          MAXBFN =   1350
 Max. no. of shells                   MAXSHL =    500
 Max. no. of total primitives         MAXEXP =   4400
 Max. no. of primitives per orbital   MAXPRM =     15
 Max. no. of atoms * no. of orbitals  MAXNAB = 135000
 Increase max basis set size by       NEXTRA =     20
 Max. size for Rumer data             MAXST1 = 120000
 Max. no. of orbitals in group        MAXNOB =    200
 Max. no. of CUBE orbitals            MAXCUB =    100
 Max. no. of groups                   MAXGRP =     49
 BRILLMASK array sizes                MAXBLL =  12500

 VBO LIB IS: ./VBOLIB/VBOLIBD95                                                              

 Localized molecular orbitals by PM method
 ===============================================================================
 LMO#                      1         2         3         4         5
 E(a.u.)             -11.152    -0.659    -0.659    -0.659    -0.659
 -------------------------------------------------------------------------------

   1  1  C     s     0.60790   0.03786  -0.03786  -0.03786  -0.03786
   2  1  C     s     0.44792   0.06450  -0.06450  -0.06450  -0.06450
   3  1  C     s    -0.02578  -0.21288   0.21288   0.21288   0.21288
   4  1  C     s    -0.03078  -0.20346   0.20347   0.20346   0.20346
   5  1  C     x    -0.00000  -0.10828  -0.08450   0.34292  -0.36671
   6  1  C     y    -0.00000  -0.24628  -0.42422   0.00386   0.17408
   7  1  C     z    -0.00000  -0.36170   0.12688  -0.29256  -0.19602
   8  1  C     x    -0.00000  -0.02705  -0.02111   0.08567  -0.09161
   9  1  C     y    -0.00000  -0.06152  -0.10598   0.00096   0.04349
  10  1  C     z    -0.00000  -0.09036   0.03170  -0.07308  -0.04897
  11  2  H     s    -0.00926   0.01766  -0.01766  -0.01766   0.31998
  12  2  H     s    -0.00096   0.05814  -0.05814  -0.05814   0.20863
  13  3  H     s    -0.00926  -0.31998  -0.01766  -0.01766  -0.01766
  14  3  H     s    -0.00096  -0.20863  -0.05814  -0.05814  -0.05814
  15  4  H     s    -0.00926   0.01766   0.31998  -0.01766  -0.01766
  16  4  H     s    -0.00096   0.05814   0.20863  -0.05814  -0.05814
  17  5  H     s    -0.00926   0.01766  -0.01766   0.31998  -0.01766
  18  5  H     s    -0.00096   0.05814  -0.05814   0.20863  -0.05814

 Initial guess of orbitals
 ===============================================================================
 ORBITAL#                  1         2         3         4         5         6
 Bond Label                                                                   
 -------------------------------------------------------------------------------

   1  1  C     s     0.60107   0.09448   0.04614  -0.09448  -0.04614  -0.09448
   2  1  C     s     0.43784   0.13040   0.05994  -0.13040  -0.05994  -0.13040
   3  1  C     s     0.00414  -0.41935  -0.09313   0.41935   0.09313   0.41935
   4  1  C     s    -0.00246  -0.32180  -0.13908   0.32180   0.13908   0.32180
   5  1  C     x     0.00000  -0.15122  -0.03616  -0.11800  -0.02821   0.47889
   6  1  C     y    -0.00000  -0.34393  -0.08223  -0.59242  -0.14165   0.00539
   7  1  C     z     0.00000  -0.50511  -0.12077   0.17719   0.04237  -0.40856
   8  1  C     x    -0.00000  -0.02947  -0.01381  -0.02300  -0.01078   0.09334
   9  1  C     y     0.00000  -0.06703  -0.03141  -0.11547  -0.05411   0.00105
  10  1  C     z    -0.00000  -0.09845  -0.04614   0.03454   0.01618  -0.07963
  11  2  H     s     0.00007  -0.00746  -0.00613   0.00746   0.00613   0.00746
  12  2  H     s     0.00028   0.04528   0.04646  -0.04528  -0.04646  -0.04528
  13  3  H     s     0.00007  -0.07188  -0.54059   0.00746   0.00613   0.00746
  14  3  H     s     0.00028  -0.03679  -0.34176  -0.04528  -0.04646  -0.04528
  15  4  H     s     0.00007  -0.00746  -0.00613   0.07188   0.54059   0.00746
  16  4  H     s     0.00028   0.04528   0.04646   0.03679   0.34176  -0.04528
  17  5  H     s     0.00007  -0.00746  -0.00613   0.00746   0.00613   0.07188
  18  5  H     s     0.00028   0.04528   0.04646  -0.04528  -0.04646   0.03679

 ORBITAL#                  7         8         9
 Bond Label                                     
 -------------------------------------------------------------------------------

   1  1  C     s    -0.04614  -0.09448  -0.04614
   2  1  C     s    -0.05994  -0.13040  -0.05994
   3  1  C     s     0.09313   0.41935   0.09313
   4  1  C     s     0.13908   0.32180   0.13908
   5  1  C     x     0.11450  -0.51211  -0.12244
   6  1  C     y     0.00129   0.24311   0.05813
   7  1  C     z    -0.09769  -0.27374  -0.06545
   8  1  C     x     0.04374  -0.09981  -0.04677
   9  1  C     y     0.00049   0.04738   0.02220
  10  1  C     z    -0.03732  -0.05335  -0.02500
  11  2  H     s     0.00613   0.07188   0.54059
  12  2  H     s    -0.04646   0.03679   0.34176
  13  3  H     s     0.00613   0.00746   0.00613
  14  3  H     s    -0.04646  -0.04528  -0.04646
  15  4  H     s     0.00613   0.00746   0.00613
  16  4  H     s    -0.04646  -0.04528  -0.04646
  17  5  H     s     0.54059   0.00746   0.00613
  18  5  H     s     0.34176  -0.04528  -0.04646


      GENERAL CONTROLS ($GENCTL)
 ======================================
 Number of electron groups       =    2
 Maximum macro-iterations        =   12
 Energy threshold           = 10**(- 6)
 Restart calculation(0/1/2)      =    2
 Group#                     1  2
 Num. of electrons          2  8
 Num. of spins              0  0
 Num. of orbitals           1  8
 Method#                    1  3

 SYMBOLIC VB STRUCTURE(S) OF GROUP  2
 STR. NO.       RUMER PATTERN  
    1           1  2   3  4   5  6   7  8
    2           1  3   2  4   5  6   7  8
    3           1  4   2  5   3  6   7  8
    4           1  2   3  5   4  6   7  8
    5           1  3   2  5   4  6   7  8
    6           1  5   2  6   3  7   4  8
    7           1  4   2  6   3  7   5  8
    8           1  2   3  6   4  7   5  8
    9           1  3   2  6   4  7   5  8
   10           1  2   3  4   5  7   6  8
   11           1  3   2  4   5  7   6  8
   12           1  4   2  5   3  7   6  8
   13           1  2   3  5   4  7   6  8
   14           1  3   2  5   4  7   6  8


 OVERLAP MATRIX OF VB ORBITALS FOR GROUP   2

        1      2      3      4      5      6      7      8
 ===========================================================
   1 1.0000
   2 0.8389 1.0000
   3-0.2044-0.1661 1.0000
   4-0.1661-0.1312 0.8389 1.0000
   5-0.2044-0.1661 0.2044 0.1661 1.0000
   6-0.1661-0.1312 0.1661 0.1312 0.8389 1.0000
   7-0.2044-0.1661 0.2044 0.1661 0.2044 0.1661 1.0000
   8-0.1661-0.1312 0.1661 0.1312 0.1661 0.1312 0.8389 1.0000

 EIGENVALUES OF OVERLAP MATRIX OF VB ORBITALS
 ============================================
     0.1584D+00    0.1584D+00    0.1584D+00    0.1618D+00    0.1506D+01    0.1506D+01
     0.1506D+01    0.2845D+01

 MAP FILE IS: ./MAP/MAP0800t                                                                  

 VB-ORBITAL OPTIMIZATION OF GROUP  2 ...
 GROUP =  2  ITER =  1 CMAX =  0.00436911070860
 GROUP =  2  ITER =  2 CMAX =  0.04017296923618
 GROUP =  2  ITER =  3 CMAX =  0.00798948499000
 GROUP =  2  ITER =  4 CMAX =  0.00144925091192
 GROUP =  2  ITER =  5 CMAX =  0.00057352060588
 GROUP =  2  ITER =  6 CMAX =  0.00010334088528
 GROUP =  2  ITER =  7 CMAX =  0.00000321048183

 ENERGY AND DIFF OF MACROITER    1 =    -40.2520624809    -40.2520624809

 VB-ORBITAL OPTIMIZATION OF GROUP  2 ...
 GROUP =  2  ITER =  1 CMAX =  0.00128415510052
 GROUP =  2  ITER =  2 CMAX =  0.00379109729221
 GROUP =  2  ITER =  3 CMAX =  0.00010636622104
 GROUP =  2  ITER =  4 CMAX =  0.00000016259066

 ENERGY AND DIFF OF MACROITER    2 =    -40.2521053579     -0.0000428770

 VB-ORBITAL OPTIMIZATION OF GROUP  2 ...
 GROUP =  2  ITER =  1 CMAX =  0.00017256874354
 GROUP =  2  ITER =  2 CMAX =  0.00051823410879
 GROUP =  2  ITER =  3 CMAX =  0.00000135668378

 ENERGY AND DIFF OF MACROITER    3 =    -40.2521058937     -0.0000005358

 VB-ORBITAL OPTIMIZATION OF GROUP  2 ...
 GROUP =  2  ITER =  1 CMAX =  0.00002370730443

 OVERLAP MATRIX OF VB ORBITALS FOR GROUP   2

        1      2      3      4      5      6      7      8
 ===========================================================
   1 1.0000
   2 0.7922 1.0000
   3-0.3920-0.1578 1.0000
   4-0.1578 0.0105 0.7922 1.0000
   5-0.3920-0.1578 0.3920 0.1578 1.0000
   6-0.1578 0.0105 0.1578-0.0105 0.7922 1.0000
   7-0.3920-0.1578 0.3920 0.1578 0.3920 0.1578 1.0000
   8-0.1578 0.0105 0.1578-0.0105 0.1578-0.0105 0.7922 1.0000

 EIGENVALUES OF OVERLAP MATRIX OF VB ORBITALS
 ============================================
     0.1437D+00    0.1437D+00    0.1437D+00    0.1701D+00    0.1475D+01    0.1475D+01
     0.1475D+01    0.2974D+01

 ====Normalized structure coefficients====
 -1.1617 -0.1327 -0.0501 -0.1019 -0.0749 -0.0340 -0.0350 -0.0501 -0.0233 -0.1327
 -0.0340 -0.0233 -0.0749 -0.0350

 ====Mulliken Weight (Chirgwin-Coulson)====
  1.1592 -0.1239  0.0410 -0.0952  0.0620  0.0297 -0.0246  0.0410 -0.0161 -0.1239
  0.0297 -0.0161  0.0620 -0.0246

 ====Inverse Overlap Weight (Gallup-Norbeck)====
  0.9837  0.0040  0.0004  0.0063  0.0004  0.0001  0.0001  0.0004  0.0000  0.0040
  0.0001  0.0000  0.0004  0.0001

 ====Lowdin Weight====
  0.8136  0.0527  0.0042  0.0546  0.0037  0.0054  0.0007  0.0042  0.0004  0.0527
  0.0034  0.0004  0.0037  0.0003

 ====Hiberty Weight====
  0.9523  0.0124  0.0018  0.0073  0.0040  0.0008  0.0009  0.0018  0.0004  0.0124
  0.0008  0.0004  0.0040  0.0009


 ENERGY AND DIFF OF MACROITER    4 =    -40.2521059024     -0.0000000087

 MULLIKEN CHARGES ON ATOMS
 -------------------------
  ATOM             CHARGE 

    1            -0.68845
    2             0.17211
    3             0.17211
    4             0.17211
    5             0.17211

 -------------------------


 ORBITALS OF EACH ELECTRON GROUP IN AO BASIS: ORBITAL(GROUP)
 ===========================================================================
    Orbital#             1         2         3         4         5         6
      Group#             1         2         2         2         2         2
 ---------------------------------------------------------------------------
  AO# LABELS
   1  1  C     s   0.60172   0.10569   0.03146  -0.10569  -0.03146  -0.10569
   2  1  C     s   0.43873   0.14752   0.04069  -0.14752  -0.04069  -0.14752
   3  1  C     s   0.00172  -0.47715  -0.04003   0.47715   0.04003   0.47715
   4  1  C     s  -0.00468  -0.35811  -0.09957   0.35811   0.09957   0.35811
   5  1  C     x  -0.00000  -0.13454  -0.04252  -0.10499  -0.03318   0.42608
   6  1  C     y   0.00000  -0.30600  -0.09671  -0.52709  -0.16658   0.00480
   7  1  C     z   0.00000  -0.44940  -0.14203   0.15765   0.04982  -0.36350
   8  1  C     x  -0.00000  -0.02602  -0.01495  -0.02031  -0.01167   0.08241
   9  1  C     y   0.00000  -0.05919  -0.03401  -0.10195  -0.05858   0.00093
  10  1  C     z   0.00000  -0.08693  -0.04994   0.03049   0.01752  -0.07031
  11  2  H     s  -0.00067  -0.02192   0.01303   0.02192  -0.01303   0.02192
  12  2  H     s   0.00018   0.03738   0.05613  -0.03738  -0.05613  -0.03738
  13  3  H     s  -0.00067  -0.07390  -0.54502   0.02192  -0.01303   0.02192
  14  3  H     s   0.00018  -0.01729  -0.36945  -0.03738  -0.05613  -0.03738
  15  4  H     s  -0.00067  -0.02192   0.01303   0.07390   0.54502   0.02192
  16  4  H     s   0.00018   0.03738   0.05613   0.01729   0.36945  -0.03738
  17  5  H     s  -0.00067  -0.02192   0.01303   0.02192  -0.01303   0.07390
  18  5  H     s   0.00018   0.03738   0.05613  -0.03738  -0.05613   0.01729

 ===========================================================================
    Orbital#             7         8         9
      Group#             2         2         2
 ---------------------------------------------------------------------------
  AO# LABELS
   1  1  C     s  -0.03146  -0.10569  -0.03146
   2  1  C     s  -0.04069  -0.14752  -0.04069
   3  1  C     s   0.04003   0.47715   0.04003
   4  1  C     s   0.09957   0.35811   0.09957
   5  1  C     x   0.13466  -0.45563  -0.14400
   6  1  C     y   0.00152   0.21630   0.06836
   7  1  C     z  -0.11488  -0.24355  -0.07697
   8  1  C     x   0.04735  -0.08813  -0.05064
   9  1  C     y   0.00053   0.04184   0.02404
  10  1  C     z  -0.04040  -0.04711  -0.02707
  11  2  H     s  -0.01303   0.07390   0.54502
  12  2  H     s  -0.05613   0.01729   0.36945
  13  3  H     s  -0.01303   0.02192  -0.01303
  14  3  H     s  -0.05613  -0.03738  -0.05613
  15  4  H     s  -0.01303   0.02192  -0.01303
  16  4  H     s  -0.05613  -0.03738  -0.05613
  17  5  H     s   0.54502   0.02192  -0.01303
  18  5  H     s   0.36945  -0.03738  -0.05613


 WORDS OF DYNAMIC MEMORY USED IN VB2000 CODE ONLY:       26839

 STATISTICS OF CPU TIMES (SECONDS)
 CPU TIME FOR INITIALIZATION        0.003
 CPU TIME FOR MACROITERATION        4.164
 TOTAL CPU TIME                     4.167

