
 **************************************************************
 *                                                            *
 *                        V B 2 0 0 0                         *
 *                                                            *
 * An ab initio Valence-Bond Program Based on the Generalized *
 *    Product Function Method and the Algebrant Algorithm     *
 *                                                            *
 *                  Version 2.8 November 2017                 *
 *                     Stand-alone Version                    *
 *                      Compiler GFORTRAN                     *
 *                                                            *
 *     Memory = 12500000 for MAP file up to 16 electrons      *
 *                                                            *
 *         Jiabo Li*, Brian Duke** and Roy McWeeny***         *
 *                                                            *
 *        * SciNet Technologies, 9943 Fieldthorn St.,         *
 *                   San Diego, CA 92127, USA                 *
 *                                                            *
 *  ** Monash University Institute of Pharmaceutical Sciences,*
 *          Monash University, 381 Royal Pde, Parkville,      *
 *                    Victoria, 3052, Australia               *
 *                                                            *
 *      *** Department of Chemistry, University of Pisa,      *
 *                       56100 Pisa, Italy                    *
 *                                                            *
 *  Reference for the software:                               *
 *     Jiabo Li, Brian Duke, and Roy McWeeny, VB2000 Version  *
 *     2.8, SciNet Technologies, San Diego, CA, 2013          *
 *     URL: http://www.scinetec.com or http://www.vb2000.net  *
 *                                                            *
 *  References for the theory:                                *
 *     General:                                               *
 *     Jiabo Li, and Roy McWeeny, "VB2000: Pushing Valence    *
 *     Bond Theory to New Limits", Int. J. Quantum Chem.,     *
 *     89(2002)208-216.                                       *
 *                                                            *
 *     Spin densities:-                                       *
 *     Jiabo Li, Brian J. Duke, Thomas M. Klapoetke, and Roy  *
 *     McWeeny, Spin-Density of Spin-Free Valence Bond Wave   *
 *     Functions and Its Implementation in VB2000. J. Theor.  *
 *     Comp. Chem. 7(2008)853-867.                            *
 *                                                            *
 *     Spin coupled - n electrons in m orbitals:-             *
 *     Peter B. Karadakov, David L. Cooper, Brian J. Duke,    *
 *     and Jiabo Li, Spin-Coupled Theory for N Electrons in   *
 *     M Orbitals Active Spaces,  J. Phys. Chem. A, 116,      *
 *     7238 - 7244, 2012                                      *
 *                                                            *
 *     Copyright (C) 2018 GNU General Public License          *
 **************************************************************

 JOB NAME IS clch3cl                                                         

 VB2000 DIRECTORY IS: .                                                                               
 MAXIMUM DYNAMIC MEMORY IS:        6500000

 Input of molecule
 =================
 #! VB(10)/6-31G* PRINTALL                                                       
                                                                                 
 Title: TEST SN2 REACTION MECHANISM: CL- + CH3CL -> CLCH3 + CL-                         
        THIS RUN GENERATE INITIAL GUESS FOR THE TRANSITION STATES AND REACTION          

 Charge = -1 Multiplicity =  1

 BASIS SET FILE IS: ./BASET/6-31GSTAR                                                               

 Cartesian coordinates of atoms in Angstrom
 ----------------------------------------------------
                    X             Y             Z   

  C     6.0      0.000000      0.000000      0.000000
 Cl    17.0      0.000000      0.000000     -2.000000
  H     1.0      0.000000      1.061099      0.000000
  H     1.0     -0.918939     -0.530549      0.000000
  H     1.0      0.918939     -0.530549      0.000000
 Cl    17.0      0.000000      0.000000      2.000000
 ----------------------------------------------------

 Total number of two-electron integrals =       617131
 Time for integral evaluation                    0.535

 SKIPPED INTEGRALS =                            905715
 Number of iter =     24, DMAX =        0.000004773575
 Final Hartree-Fock Energy =         -958.561306093313

 Molecular orbitals by HF method
 ===============================================================================
 MO#                       1         2         3         4         5         6
 E(a.u.)            -104.551  -104.551   -11.116   -10.288   -10.288    -7.756
 -------------------------------------------------------------------------------

   1  1  C     s    -0.00001   0.00000   0.99590   0.00002   0.00000  -0.00014
   2  1  C     s    -0.00007   0.00000   0.02756  -0.00052  -0.00000  -0.00160
   3  1  C     x    -0.00000  -0.00000  -0.00000  -0.00000  -0.00000  -0.00000
   4  1  C     y    -0.00000   0.00000   0.00000  -0.00000   0.00000  -0.00000
   5  1  C     z     0.00000   0.00006   0.00000  -0.00000   0.00007   0.00000
   6  1  C     s     0.00020  -0.00000  -0.01404   0.00147   0.00000   0.00330
   7  1  C     x     0.00000   0.00000   0.00000   0.00000   0.00000   0.00000
   8  1  C     y     0.00000   0.00000  -0.00000   0.00000   0.00000   0.00000
   9  1  C     z     0.00000   0.00003   0.00000   0.00000  -0.00100  -0.00000
  10  1  C    xx    -0.00001   0.00000  -0.00135  -0.00014  -0.00000  -0.00027
  11  1  C    yy    -0.00001   0.00000  -0.00135  -0.00014  -0.00000  -0.00027
  12  1  C    zz     0.00007  -0.00000  -0.00224   0.00021   0.00000   0.00095
  13  1  C    xy    -0.00000  -0.00000  -0.00000  -0.00000  -0.00000  -0.00000
  14  1  C    xz    -0.00000  -0.00000  -0.00000  -0.00000  -0.00000  -0.00000
  15  1  C    yz    -0.00000   0.00000  -0.00000  -0.00000   0.00000  -0.00000
  16  2 Cl     s     0.70436  -0.70436  -0.00001   0.20274  -0.20275  -0.00029
  17  2 Cl     s     0.01036  -0.01036   0.00003  -0.72871   0.72868   0.00099
  18  2 Cl     x     0.00000   0.00000   0.00000   0.00000   0.00000   0.00000
  19  2 Cl     y     0.00000  -0.00000  -0.00000  -0.00000   0.00000  -0.00000
  20  2 Cl     z     0.00001  -0.00001  -0.00007  -0.00072   0.00077  -0.70221
  21  2 Cl     s    -0.01255   0.01254  -0.00000  -0.01887   0.01879  -0.00079
  22  2 Cl     x    -0.00000  -0.00000  -0.00000  -0.00000  -0.00000   0.00000
  23  2 Cl     y    -0.00000   0.00000   0.00000  -0.00000   0.00000  -0.00000
  24  2 Cl     z    -0.00004   0.00002   0.00041  -0.00063   0.00033  -0.01563
  25  2 Cl     s     0.00107  -0.00099   0.00098   0.00488  -0.00465   0.00085
  26  2 Cl     x     0.00000   0.00000   0.00000   0.00000   0.00000  -0.00000
  27  2 Cl     y     0.00000  -0.00000  -0.00000   0.00000  -0.00000   0.00000
  28  2 Cl     z     0.00006  -0.00001   0.00068   0.00096  -0.00075   0.00414
  29  2 Cl    xx     0.00443  -0.00444   0.00000   0.00119  -0.00129   0.00006
  30  2 Cl    yy     0.00443  -0.00444   0.00000   0.00119  -0.00129   0.00006
  31  2 Cl    zz     0.00442  -0.00443   0.00020   0.00108  -0.00128  -0.00034
  32  2 Cl    xy    -0.00000  -0.00000  -0.00000  -0.00000  -0.00000  -0.00000
  33  2 Cl    xz    -0.00000  -0.00000  -0.00000  -0.00000  -0.00000  -0.00000
  34  2 Cl    yz    -0.00000  -0.00000   0.00000  -0.00000   0.00000  -0.00000
  35  3  H     s    -0.00001   0.00000   0.00008   0.00012   0.00000  -0.00014
  36  3  H     s    -0.00014   0.00000   0.00259  -0.00135  -0.00000  -0.00181
  37  4  H     s    -0.00001   0.00000   0.00008   0.00012   0.00000  -0.00014
  38  4  H     s    -0.00014   0.00000   0.00259  -0.00135  -0.00000  -0.00181
  39  5  H     s    -0.00001   0.00000   0.00008   0.00012   0.00000  -0.00014
  40  5  H     s    -0.00014   0.00000   0.00259  -0.00135  -0.00000  -0.00181
  41  6 Cl     s     0.70436   0.70436  -0.00001   0.20274   0.20275  -0.00029
  42  6 Cl     s     0.01036   0.01036   0.00003  -0.72871  -0.72868   0.00099
  43  6 Cl     x     0.00000   0.00000   0.00000  -0.00000  -0.00000   0.00000
  44  6 Cl     y     0.00000   0.00000  -0.00000  -0.00000  -0.00000  -0.00000
  45  6 Cl     z    -0.00001  -0.00001   0.00007   0.00072   0.00077   0.70221
  46  6 Cl     s    -0.01255  -0.01254  -0.00000  -0.01887  -0.01879  -0.00079
  47  6 Cl     x    -0.00000  -0.00000  -0.00000  -0.00000  -0.00000   0.00000
  48  6 Cl     y    -0.00000  -0.00000   0.00000  -0.00000  -0.00000  -0.00000
  49  6 Cl     z     0.00004   0.00002  -0.00041   0.00063   0.00033   0.01563
  50  6 Cl     s     0.00107   0.00099   0.00098   0.00488   0.00465   0.00085
  51  6 Cl     x     0.00000   0.00000   0.00000   0.00000   0.00000  -0.00000
  52  6 Cl     y     0.00000   0.00000  -0.00000   0.00000   0.00000   0.00000
  53  6 Cl     z    -0.00006  -0.00001  -0.00068  -0.00096  -0.00075  -0.00414
  54  6 Cl    xx     0.00443   0.00444   0.00000   0.00119   0.00129   0.00006
  55  6 Cl    yy     0.00443   0.00444   0.00000   0.00119   0.00129   0.00006
  56  6 Cl    zz     0.00442   0.00443   0.00020   0.00108   0.00128  -0.00034
  57  6 Cl    xy     0.00000   0.00000   0.00000   0.00000   0.00000   0.00000
  58  6 Cl    xz     0.00000   0.00000   0.00000  -0.00000  -0.00000  -0.00000
  59  6 Cl    yz     0.00000  -0.00000  -0.00000   0.00000   0.00000   0.00000

 MO#                       7         8         9        10        11        12
 E(a.u.)              -7.756    -7.754    -7.754    -7.754    -7.754    -0.907
 -------------------------------------------------------------------------------

   1  1  C     s     0.00000   0.00000  -0.00000   0.00000   0.00000   0.13526
   2  1  C     s     0.00000  -0.00000  -0.00000  -0.00000  -0.00000  -0.24796
   3  1  C     x    -0.00000   0.00001  -0.00000  -0.00000  -0.00000  -0.00000
   4  1  C     y     0.00000  -0.00000  -0.00001   0.00000  -0.00000  -0.00000
   5  1  C     z     0.00017  -0.00000  -0.00000   0.00000   0.00000  -0.00000
   6  1  C     s    -0.00000   0.00000   0.00000   0.00000   0.00000  -0.25846
   7  1  C     x     0.00000  -0.00025   0.00000   0.00000  -0.00000   0.00000
   8  1  C     y     0.00000   0.00000   0.00025  -0.00000   0.00000  -0.00000
   9  1  C     z    -0.00213   0.00000   0.00000   0.00000   0.00000   0.00000
  10  1  C    xx     0.00000  -0.00000  -0.00007   0.00000  -0.00000  -0.00727
  11  1  C    yy     0.00000   0.00000   0.00007  -0.00000   0.00000  -0.00727
  12  1  C    zz    -0.00000  -0.00000  -0.00000  -0.00000  -0.00000  -0.00585
  13  1  C    xy    -0.00000   0.00009  -0.00000  -0.00000   0.00000  -0.00000
  14  1  C    xz    -0.00000   0.00000   0.00000   0.00005  -0.00000  -0.00000
  15  1  C    yz    -0.00000  -0.00000  -0.00000   0.00000   0.00005  -0.00000
  16  2 Cl     s    -0.00028   0.00000  -0.00000   0.00000   0.00000  -0.03930
  17  2 Cl     s     0.00108  -0.00000   0.00000  -0.00000  -0.00000   0.18202
  18  2 Cl     x     0.00000   0.70245  -0.00000   0.70246  -0.00003  -0.00000
  19  2 Cl     y    -0.00000  -0.00000  -0.70245   0.00003   0.70246   0.00000
  20  2 Cl     z    -0.70226   0.00000   0.00000   0.00000  -0.00000   0.02795
  21  2 Cl     s    -0.00050   0.00000  -0.00000   0.00000   0.00000  -0.33768
  22  2 Cl     x     0.00000   0.01476  -0.00000   0.01469  -0.00000  -0.00000
  23  2 Cl     y    -0.00000  -0.00000  -0.01476   0.00000   0.01469  -0.00000
  24  2 Cl     z    -0.01540   0.00000  -0.00000   0.00000  -0.00000  -0.06451
  25  2 Cl     s    -0.00090   0.00000   0.00000  -0.00000   0.00000  -0.16292
  26  2 Cl     x    -0.00000  -0.00352   0.00000  -0.00331   0.00000   0.00000
  27  2 Cl     y     0.00000   0.00000   0.00352  -0.00000  -0.00331  -0.00000
  28  2 Cl     z     0.00292  -0.00000  -0.00000  -0.00000   0.00000  -0.01266
  29  2 Cl    xx     0.00028  -0.00000  -0.00001  -0.00000  -0.00000   0.00427
  30  2 Cl    yy     0.00028   0.00000   0.00001   0.00000   0.00000   0.00427
  31  2 Cl    zz    -0.00023   0.00000  -0.00000  -0.00000  -0.00000  -0.01629
  32  2 Cl    xy    -0.00000   0.00001  -0.00000  -0.00000   0.00000  -0.00000
  33  2 Cl    xz    -0.00000   0.00007  -0.00000   0.00011  -0.00000  -0.00000
  34  2 Cl    yz    -0.00000  -0.00000  -0.00007   0.00000   0.00011  -0.00000
  35  3  H     s     0.00000   0.00000   0.00002  -0.00000   0.00000  -0.08995
  36  3  H     s     0.00000  -0.00000  -0.00113   0.00000  -0.00000  -0.00447
  37  4  H     s     0.00000   0.00002  -0.00001  -0.00000  -0.00000  -0.08995
  38  4  H     s     0.00000  -0.00098   0.00057   0.00000   0.00000  -0.00447
  39  5  H     s     0.00000  -0.00002  -0.00001   0.00000  -0.00000  -0.08995
  40  5  H     s     0.00000   0.00098   0.00057  -0.00000   0.00000  -0.00447
  41  6 Cl     s     0.00028  -0.00000  -0.00000  -0.00000  -0.00000  -0.03930
  42  6 Cl     s    -0.00108   0.00000   0.00000   0.00000   0.00000   0.18202
  43  6 Cl     x     0.00000   0.70245  -0.00000  -0.70246   0.00003  -0.00000
  44  6 Cl     y     0.00000  -0.00000  -0.70245  -0.00003  -0.70246   0.00000
  45  6 Cl     z    -0.70226   0.00000  -0.00000   0.00000  -0.00000  -0.02795
  46  6 Cl     s     0.00050  -0.00000  -0.00000  -0.00000  -0.00000  -0.33768
  47  6 Cl     x     0.00000   0.01476  -0.00000  -0.01469   0.00000   0.00000
  48  6 Cl     y     0.00000  -0.00000  -0.01476  -0.00000  -0.01469  -0.00000
  49  6 Cl     z    -0.01540   0.00000   0.00000   0.00000  -0.00000   0.06451
  50  6 Cl     s     0.00090  -0.00000   0.00000  -0.00000  -0.00000  -0.16292
  51  6 Cl     x    -0.00000  -0.00352   0.00000   0.00331  -0.00000   0.00000
  52  6 Cl     y    -0.00000   0.00000   0.00352   0.00000   0.00331  -0.00000
  53  6 Cl     z     0.00292  -0.00000   0.00000   0.00000   0.00000   0.01266
  54  6 Cl    xx    -0.00028  -0.00000  -0.00001   0.00000   0.00000   0.00427
  55  6 Cl    yy    -0.00028   0.00000   0.00001  -0.00000  -0.00000   0.00427
  56  6 Cl    zz     0.00023  -0.00000  -0.00000   0.00000   0.00000  -0.01629
  57  6 Cl    xy     0.00000   0.00001  -0.00000   0.00000  -0.00000   0.00000
  58  6 Cl    xz     0.00000  -0.00007   0.00000   0.00011  -0.00000   0.00000
  59  6 Cl    yz    -0.00000   0.00000   0.00007   0.00000   0.00011   0.00000

 MO#                      13        14        15        16        17        18
 E(a.u.)              -0.834    -0.702    -0.465    -0.465    -0.329    -0.229
 -------------------------------------------------------------------------------

   1  1  C     s     0.00000   0.14200  -0.00000  -0.00000  -0.00000  -0.00000
   2  1  C     s     0.00000  -0.28075  -0.00000   0.00000  -0.00000  -0.00000
   3  1  C     x    -0.00000  -0.00000   0.44680   0.00000  -0.00000   0.00000
   4  1  C     y     0.00000  -0.00000   0.00000  -0.44680   0.00000  -0.00000
   5  1  C     z    -0.09084  -0.00000   0.00000   0.00000   0.25967   0.00000
   6  1  C     s    -0.00000  -0.30402   0.00000   0.00000   0.00000   0.00000
   7  1  C     x    -0.00000   0.00000   0.21027   0.00000  -0.00000   0.00000
   8  1  C     y     0.00000  -0.00000   0.00000  -0.21027   0.00000  -0.00000
   9  1  C     z    -0.05798   0.00000   0.00000   0.00000   0.23943   0.00000
  10  1  C    xx     0.00000  -0.01584  -0.00000   0.02865  -0.00000   0.00000
  11  1  C    yy     0.00000  -0.01584   0.00000  -0.02865  -0.00000  -0.00000
  12  1  C    zz     0.00000   0.01997  -0.00000   0.00000  -0.00000  -0.00000
  13  1  C    xy    -0.00000  -0.00000  -0.03309  -0.00000   0.00000  -0.00000
  14  1  C    xz    -0.00000  -0.00000   0.00000  -0.00000  -0.00000   0.01638
  15  1  C    yz    -0.00000   0.00000  -0.00000  -0.00000   0.00000  -0.00000
  16  2 Cl     s     0.05564   0.04225   0.00000  -0.00000   0.01058   0.00000
  17  2 Cl     s    -0.25698  -0.19633  -0.00000   0.00000  -0.05220  -0.00000
  18  2 Cl     x    -0.00000  -0.00000  -0.04267  -0.00000  -0.00000   0.18908
  19  2 Cl     y    -0.00000   0.00000  -0.00000   0.04267   0.00000  -0.00000
  20  2 Cl     z    -0.01567   0.03279   0.00000  -0.00000   0.16549   0.00000
  21  2 Cl     s     0.48831   0.37839   0.00000  -0.00000   0.09693   0.00000
  22  2 Cl     x     0.00000   0.00000   0.10466   0.00000   0.00000  -0.47778
  23  2 Cl     y     0.00000  -0.00000   0.00000  -0.10466  -0.00000   0.00000
  24  2 Cl     z     0.03785  -0.07547  -0.00000   0.00000  -0.41430  -0.00000
  25  2 Cl     s     0.24210   0.24388   0.00000  -0.00000   0.15270   0.00000
  26  2 Cl     x     0.00000   0.00000   0.04319   0.00000   0.00000  -0.32887
  27  2 Cl     y     0.00000  -0.00000   0.00000  -0.04319  -0.00000   0.00000
  28  2 Cl     z     0.00055  -0.01122  -0.00000   0.00000  -0.18129  -0.00000
  29  2 Cl    xx    -0.00141   0.00391  -0.00000   0.00111   0.00742   0.00000
  30  2 Cl    yy    -0.00141   0.00391   0.00000  -0.00111   0.00742  -0.00000
  31  2 Cl    zz     0.01030  -0.00971  -0.00000   0.00000  -0.03053  -0.00000
  32  2 Cl    xy     0.00000  -0.00000  -0.00128  -0.00000   0.00000  -0.00009
  33  2 Cl    xz    -0.00000  -0.00000   0.01375   0.00000  -0.00000  -0.00749
  34  2 Cl    yz     0.00000  -0.00000   0.00000  -0.01375  -0.00000   0.00000
  35  3  H     s    -0.00000  -0.11370   0.00000  -0.26285   0.00000  -0.00000
  36  3  H     s     0.00000  -0.03971   0.00000  -0.17116   0.00000  -0.00000
  37  4  H     s    -0.00000  -0.11370  -0.22764   0.13143  -0.00000  -0.00000
  38  4  H     s     0.00000  -0.03971  -0.14823   0.08558  -0.00000   0.00000
  39  5  H     s    -0.00000  -0.11370   0.22764   0.13143  -0.00000   0.00000
  40  5  H     s     0.00000  -0.03971   0.14823   0.08558  -0.00000  -0.00000
  41  6 Cl     s    -0.05564   0.04225  -0.00000  -0.00000  -0.01058  -0.00000
  42  6 Cl     s     0.25698  -0.19633   0.00000   0.00000   0.05220   0.00000
  43  6 Cl     x    -0.00000   0.00000  -0.04267  -0.00000   0.00000  -0.18908
  44  6 Cl     y     0.00000   0.00000  -0.00000   0.04267  -0.00000   0.00000
  45  6 Cl     z    -0.01567  -0.03279   0.00000   0.00000   0.16549   0.00000
  46  6 Cl     s    -0.48831   0.37839   0.00000  -0.00000  -0.09693  -0.00000
  47  6 Cl     x     0.00000  -0.00000   0.10466   0.00000  -0.00000   0.47778
  48  6 Cl     y    -0.00000  -0.00000   0.00000  -0.10466   0.00000  -0.00000
  49  6 Cl     z     0.03785   0.07547  -0.00000  -0.00000  -0.41430  -0.00000
  50  6 Cl     s    -0.24210   0.24388  -0.00000  -0.00000  -0.15270  -0.00000
  51  6 Cl     x     0.00000   0.00000   0.04319   0.00000  -0.00000   0.32887
  52  6 Cl     y    -0.00000  -0.00000   0.00000  -0.04319   0.00000  -0.00000
  53  6 Cl     z     0.00055   0.01122   0.00000  -0.00000  -0.18129   0.00000
  54  6 Cl    xx     0.00141   0.00391  -0.00000   0.00111  -0.00742  -0.00000
  55  6 Cl    yy     0.00141   0.00391   0.00000  -0.00111  -0.00742   0.00000
  56  6 Cl    zz    -0.01030  -0.00971   0.00000   0.00000   0.03053   0.00000
  57  6 Cl    xy     0.00000   0.00000  -0.00128  -0.00000   0.00000   0.00009
  58  6 Cl    xz     0.00000  -0.00000  -0.01375  -0.00000   0.00000  -0.00749
  59  6 Cl    yz     0.00000   0.00000  -0.00000   0.01375  -0.00000   0.00000

 MO#                      19        20        21        22        23        24
 E(a.u.)              -0.229    -0.201    -0.201    -0.150     0.396     0.413
 -------------------------------------------------------------------------------

   1  1  C     s    -0.00000  -0.00000   0.00000  -0.04908   0.15242  -0.00000
   2  1  C     s    -0.00000   0.00000   0.00000   0.13290  -0.07566   0.00000
   3  1  C     x    -0.00000  -0.15727   0.00000   0.00000   0.00000   0.00000
   4  1  C     y    -0.00000  -0.00000  -0.15727  -0.00000   0.00000   0.00000
   5  1  C     z     0.00000   0.00000   0.00000  -0.00000   0.00000   0.50895
   6  1  C     s     0.00000   0.00000  -0.00000   0.10457  -2.69329   0.00000
   7  1  C     x    -0.00000  -0.07838   0.00000  -0.00000   0.00000   0.00000
   8  1  C     y    -0.00000  -0.00000  -0.07838  -0.00000  -0.00000   0.00000
   9  1  C     z    -0.00000   0.00000   0.00000  -0.00000   0.00000   1.28389
  10  1  C    xx     0.00000   0.00000   0.01140   0.02254   0.02299  -0.00000
  11  1  C    yy    -0.00000  -0.00000  -0.01140   0.02254   0.02299  -0.00000
  12  1  C    zz    -0.00000   0.00000   0.00000  -0.05317  -0.00086   0.00000
  13  1  C    xy     0.00000   0.01316  -0.00000  -0.00000  -0.00000   0.00000
  14  1  C    xz    -0.00000   0.00000  -0.00000  -0.00000   0.00000  -0.00000
  15  1  C    yz    -0.01638   0.00000   0.00000  -0.00000  -0.00000   0.00000
  16  2 Cl     s    -0.00000  -0.00000  -0.00000  -0.00494  -0.00605   0.01800
  17  2 Cl     s     0.00000   0.00000   0.00000   0.02220   0.00893  -0.09034
  18  2 Cl     x    -0.00000  -0.18742   0.00000   0.00000  -0.00000  -0.00000
  19  2 Cl     y    -0.18908  -0.00000  -0.18742  -0.00000   0.00000  -0.00000
  20  2 Cl     z     0.00000  -0.00000  -0.00000   0.19502  -0.00842  -0.08712
  21  2 Cl     s    -0.00000  -0.00000  -0.00000  -0.04547  -0.11322   0.17259
  22  2 Cl     x     0.00000   0.47638  -0.00000   0.00000   0.00000   0.00000
  23  2 Cl     y     0.47778   0.00000   0.47638   0.00000  -0.00000   0.00000
  24  2 Cl     z    -0.00000   0.00000   0.00000  -0.50110   0.01683   0.21194
  25  2 Cl     s     0.00000   0.00000   0.00000  -0.05269   0.22325   0.54929
  26  2 Cl     x     0.00000   0.33297  -0.00000   0.00000  -0.00000  -0.00000
  27  2 Cl     y     0.32887   0.00000   0.33297   0.00000  -0.00000  -0.00000
  28  2 Cl     z    -0.00000  -0.00000   0.00000  -0.36742   0.19079   0.78938
  29  2 Cl    xx     0.00008   0.00000   0.00085   0.00188   0.00952   0.03494
  30  2 Cl    yy    -0.00008  -0.00000  -0.00085   0.00188   0.00952   0.03494
  31  2 Cl    zz    -0.00000  -0.00000   0.00000  -0.01542  -0.04803  -0.08545
  32  2 Cl    xy     0.00000   0.00098  -0.00000   0.00000   0.00000   0.00000
  33  2 Cl    xz     0.00000  -0.00048   0.00000  -0.00000   0.00000   0.00000
  34  2 Cl    yz     0.00749  -0.00000  -0.00048  -0.00000   0.00000  -0.00000
  35  3  H     s    -0.00000  -0.00000  -0.09962   0.08722   0.03728  -0.00000
  36  3  H     s     0.00000  -0.00000  -0.09447   0.14742   1.13371  -0.00000
  37  4  H     s     0.00000   0.08627   0.04981   0.08722   0.03728  -0.00000
  38  4  H     s     0.00000   0.08182   0.04724   0.14742   1.13371  -0.00000
  39  5  H     s    -0.00000  -0.08627   0.04981   0.08722   0.03728  -0.00000
  40  5  H     s    -0.00000  -0.08182   0.04724   0.14742   1.13371  -0.00000
  41  6 Cl     s     0.00000   0.00000  -0.00000  -0.00494  -0.00605  -0.01800
  42  6 Cl     s    -0.00000  -0.00000   0.00000   0.02220   0.00893   0.09034
  43  6 Cl     x     0.00000  -0.18742   0.00000   0.00000  -0.00000   0.00000
  44  6 Cl     y     0.18908  -0.00000  -0.18742  -0.00000   0.00000   0.00000
  45  6 Cl     z     0.00000   0.00000   0.00000  -0.19502   0.00842  -0.08712
  46  6 Cl     s     0.00000   0.00000  -0.00000  -0.04547  -0.11322  -0.17259
  47  6 Cl     x    -0.00000   0.47638  -0.00000  -0.00000   0.00000   0.00000
  48  6 Cl     y    -0.47778   0.00000   0.47638   0.00000  -0.00000  -0.00000
  49  6 Cl     z    -0.00000  -0.00000  -0.00000   0.50110  -0.01683   0.21194
  50  6 Cl     s    -0.00000  -0.00000   0.00000  -0.05269   0.22325  -0.54929
  51  6 Cl     x    -0.00000   0.33297  -0.00000  -0.00000  -0.00000  -0.00000
  52  6 Cl     y    -0.32887   0.00000   0.33297   0.00000  -0.00000   0.00000
  53  6 Cl     z    -0.00000   0.00000  -0.00000   0.36742  -0.19079   0.78938
  54  6 Cl    xx    -0.00008   0.00000   0.00085   0.00188   0.00952  -0.03494
  55  6 Cl    yy     0.00008  -0.00000  -0.00085   0.00188   0.00952  -0.03494
  56  6 Cl    zz     0.00000   0.00000   0.00000  -0.01542  -0.04803   0.08545
  57  6 Cl    xy    -0.00000   0.00098  -0.00000  -0.00000   0.00000   0.00000
  58  6 Cl    xz     0.00000   0.00048  -0.00000  -0.00000  -0.00000  -0.00000
  59  6 Cl    yz     0.00749   0.00000   0.00048   0.00000  -0.00000  -0.00000

 MO#                      25        26        27
 E(a.u.)               0.474     0.474     0.771
 -------------------------------------------------------------------------------

   1  1  C     s    -0.00000   0.00000   0.01169
   2  1  C     s    -0.00000  -0.00000   0.08126
   3  1  C     x     0.00000  -0.28651  -0.00000
   4  1  C     y     0.28651   0.00000  -0.00000
   5  1  C     z    -0.00000   0.00000   0.00000
   6  1  C     s     0.00000   0.00000  -0.47787
   7  1  C     x     0.00000  -1.65524   0.00000
   8  1  C     y     1.65524   0.00000   0.00000
   9  1  C     z    -0.00000   0.00000   0.00000
  10  1  C    xx     0.01273   0.00000   0.02463
  11  1  C    yy    -0.01273  -0.00000   0.02463
  12  1  C    zz    -0.00000  -0.00000  -0.05299
  13  1  C    xy     0.00000  -0.01470   0.00000
  14  1  C    xz    -0.00000  -0.00000   0.00000
  15  1  C    yz    -0.00000  -0.00000  -0.00000
  16  2 Cl     s     0.00000   0.00000   0.03920
  17  2 Cl     s    -0.00000  -0.00000  -0.06859
  18  2 Cl     x    -0.00000   0.01856  -0.00000
  19  2 Cl     y    -0.01856  -0.00000   0.00000
  20  2 Cl     z    -0.00000  -0.00000   0.13331
  21  2 Cl     s     0.00000   0.00000   0.72843
  22  2 Cl     x     0.00000  -0.05955   0.00000
  23  2 Cl     y     0.05955   0.00000  -0.00000
  24  2 Cl     z     0.00000   0.00000  -0.52047
  25  2 Cl     s    -0.00000   0.00000  -0.79861
  26  2 Cl     x    -0.00000   0.05350  -0.00000
  27  2 Cl     y    -0.05350  -0.00000   0.00000
  28  2 Cl     z    -0.00000   0.00000   0.64406
  29  2 Cl    xx     0.02427   0.00000   0.08015
  30  2 Cl    yy    -0.02427  -0.00000   0.08015
  31  2 Cl    zz     0.00000  -0.00000   0.01751
  32  2 Cl    xy     0.00000  -0.02802  -0.00000
  33  2 Cl    xz     0.00000  -0.00806  -0.00000
  34  2 Cl    yz     0.00806   0.00000   0.00000
  35  3  H     s    -0.05986  -0.00000   0.10220
  36  3  H     s    -2.06132  -0.00000   0.01880
  37  4  H     s     0.02993  -0.05184   0.10220
  38  4  H     s     1.03066  -1.78516   0.01880
  39  5  H     s     0.02993   0.05184   0.10220
  40  5  H     s     1.03066   1.78516   0.01880
  41  6 Cl     s     0.00000   0.00000   0.03920
  42  6 Cl     s    -0.00000  -0.00000  -0.06859
  43  6 Cl     x    -0.00000   0.01856   0.00000
  44  6 Cl     y    -0.01856  -0.00000   0.00000
  45  6 Cl     z     0.00000  -0.00000  -0.13331
  46  6 Cl     s     0.00000   0.00000   0.72843
  47  6 Cl     x     0.00000  -0.05955  -0.00000
  48  6 Cl     y     0.05955   0.00000  -0.00000
  49  6 Cl     z    -0.00000   0.00000   0.52047
  50  6 Cl     s    -0.00000  -0.00000  -0.79861
  51  6 Cl     x    -0.00000   0.05350   0.00000
  52  6 Cl     y    -0.05350  -0.00000   0.00000
  53  6 Cl     z     0.00000   0.00000  -0.64406
  54  6 Cl    xx     0.02427   0.00000   0.08015
  55  6 Cl    yy    -0.02427  -0.00000   0.08015
  56  6 Cl    zz     0.00000   0.00000   0.01751
  57  6 Cl    xy     0.00000  -0.02802   0.00000
  58  6 Cl    xz    -0.00000   0.00806  -0.00000
  59  6 Cl    yz    -0.00806  -0.00000  -0.00000


                    PARAMETER LIMIT VALUES
 Max. no. of atoms                    MAXCEN =    200
 Max. no. of basis functions          MAXBFN =   1350
 Max. no. of shells                   MAXSHL =    500
 Max. no. of total primitives         MAXEXP =   4400
 Max. no. of primitives per orbital   MAXPRM =     15
 Max. no. of atoms * no. of orbitals  MAXNAB = 135000
 Increase max basis set size by       NEXTRA =     20
 Max. size for Rumer data             MAXST1 = 120000
 Max. no. of orbitals in group        MAXNOB =    200
 Max. no. of CUBE orbitals            MAXCUB =    100
 Max. no. of groups                   MAXGRP =     49
 BRILLMASK array sizes                MAXBLL =  12500

 VBO LIB IS: ./VBOLIB/VBOLIB6-31GSTAR                                                        

 Localized molecular orbitals and the bond labels
 ===============================================================================
 LMO#                      1         2         3         4         5         6
 E(a.u.)            -104.494  -104.492   -11.057    -9.952    -9.949    -7.751
 Bond Label            2:(0)     6:(0)     1:(0)     6:(0)     2:(0)     6:(0)
 -------------------------------------------------------------------------------

   1  1  C     s     0.00003  -0.00003   1.00809  -0.00003  -0.00002   0.00000
   2  1  C     s    -0.00004   0.00004  -0.00140  -0.00062  -0.00064  -0.00000
   3  1  C     x     0.00000  -0.00000  -0.00000   0.00004   0.00000  -0.00009
   4  1  C     y     0.00001  -0.00000  -0.00000   0.00002   0.00004   0.00056
   5  1  C     z    -0.00040  -0.00039  -0.00000   0.00374  -0.00372  -0.00000
   6  1  C     s    -0.00043   0.00044  -0.04443  -0.00084  -0.00086  -0.00000
   7  1  C     x     0.00000  -0.00000  -0.00000   0.00003   0.00000  -0.00006
   8  1  C     y     0.00000  -0.00000  -0.00000   0.00002   0.00002   0.00038
   9  1  C     z     0.00002   0.00003  -0.00000  -0.00066   0.00069  -0.00001
  10  1  C    xx    -0.00006   0.00006  -0.00268  -0.00055  -0.00055  -0.00007
  11  1  C    yy    -0.00005   0.00006  -0.00268  -0.00055  -0.00055   0.00007
  12  1  C    zz     0.00015  -0.00016  -0.00127   0.00180   0.00181   0.00000
  13  1  C    xy    -0.00000   0.00000   0.00000  -0.00001  -0.00000   0.00001
  14  1  C    xz     0.00000   0.00000  -0.00000  -0.00002   0.00000   0.00005
  15  1  C    yz     0.00000   0.00000   0.00000  -0.00001   0.00002   0.00028
  16  2 Cl     s    -0.99534  -0.00000  -0.00011   0.00002   0.29643   0.00000
  17  2 Cl     s    -0.01835   0.00002   0.00027  -0.00021  -1.08200  -0.00000
  18  2 Cl     x     0.00000  -0.00000  -0.00000   0.00000   0.00002  -0.00001
  19  2 Cl     y     0.00007  -0.00000   0.00000   0.00000   0.00052   0.00001
  20  2 Cl     z     0.00335   0.00003   0.00155  -0.00011   0.02431  -0.00000
  21  2 Cl     s     0.03400  -0.00002  -0.00121  -0.00001   0.10677  -0.00000
  22  2 Cl     x    -0.00001   0.00000  -0.00000  -0.00001  -0.00007   0.00003
  23  2 Cl     y    -0.00018   0.00000  -0.00000  -0.00001  -0.00127  -0.00005
  24  2 Cl     z    -0.00176  -0.00010  -0.00377   0.00026  -0.01588   0.00000
  25  2 Cl     s     0.00745  -0.00008   0.00356   0.00123   0.08012  -0.00000
  26  2 Cl     x    -0.00001   0.00000  -0.00000  -0.00000  -0.00005   0.00001
  27  2 Cl     y    -0.00012   0.00000  -0.00000  -0.00000  -0.00087   0.00004
  28  2 Cl     z    -0.00130  -0.00008   0.00178   0.00092  -0.00933  -0.00000
  29  2 Cl    xx    -0.00628  -0.00000   0.00043  -0.00014   0.00174  -0.00001
  30  2 Cl    yy    -0.00628  -0.00000   0.00043  -0.00014   0.00174   0.00001
  31  2 Cl    zz    -0.00616  -0.00002  -0.00112  -0.00007   0.00248   0.00000
  32  2 Cl    xy    -0.00000   0.00000   0.00000  -0.00000  -0.00000   0.00000
  33  2 Cl    xz    -0.00000  -0.00000  -0.00000   0.00001  -0.00000  -0.00001
  34  2 Cl    yz    -0.00000  -0.00000  -0.00000   0.00000  -0.00001  -0.00001
  35  3  H     s    -0.00010   0.00010  -0.01122  -0.00056  -0.00055   0.00025
  36  3  H     s    -0.00005   0.00005  -0.00055  -0.00210  -0.00207  -0.00104
  37  4  H     s    -0.00010   0.00011  -0.01122  -0.00062  -0.00060  -0.00006
  38  4  H     s    -0.00006   0.00006  -0.00055  -0.00221  -0.00216   0.00064
  39  5  H     s    -0.00010   0.00010  -0.01122  -0.00056  -0.00060  -0.00019
  40  5  H     s    -0.00006   0.00005  -0.00055  -0.00210  -0.00216   0.00040
  41  6 Cl     s     0.00000   0.99527  -0.00011   0.29658   0.00002  -0.00001
  42  6 Cl     s    -0.00003   0.01863   0.00027  -1.08182  -0.00021  -0.00004
  43  6 Cl     x    -0.00000  -0.00006   0.00000   0.00058   0.00000  -0.00002
  44  6 Cl     y     0.00000  -0.00006   0.00000   0.00030   0.00000  -0.99875
  45  6 Cl     z     0.00003   0.00323  -0.00155  -0.02532   0.00012   0.00031
  46  6 Cl     s     0.00002  -0.03428  -0.00121   0.10615  -0.00001   0.00012
  47  6 Cl     x    -0.00000   0.00014  -0.00000  -0.00146  -0.00000   0.00313
  48  6 Cl     y    -0.00000   0.00011  -0.00000  -0.00083  -0.00001  -0.00675
  49  6 Cl     z    -0.00010  -0.00185   0.00377   0.01568  -0.00027   0.00004
  50  6 Cl     s     0.00009  -0.00761   0.00356   0.07976   0.00122   0.00007
  51  6 Cl     x    -0.00000   0.00010  -0.00000  -0.00100  -0.00000   0.00212
  52  6 Cl     y    -0.00000   0.00008  -0.00000  -0.00057  -0.00000   0.01441
  53  6 Cl     z    -0.00008  -0.00135  -0.00178   0.00923  -0.00092   0.00002
  54  6 Cl    xx     0.00000   0.00628   0.00043   0.00174  -0.00014  -0.00000
  55  6 Cl    yy     0.00000   0.00627   0.00043   0.00174  -0.00014   0.00000
  56  6 Cl    zz     0.00002   0.00617  -0.00112   0.00248  -0.00006  -0.00000
  57  6 Cl    xy    -0.00000   0.00000   0.00000  -0.00000  -0.00000   0.00000
  58  6 Cl    xz    -0.00000  -0.00000   0.00000   0.00002  -0.00000  -0.00003
  59  6 Cl    yz    -0.00000  -0.00000   0.00000   0.00001  -0.00001  -0.00006

 LMO#                      7         8         9        10        11        12
 E(a.u.)              -7.751    -7.751    -7.751    -7.675    -7.675    -1.202
 Bond Label            6:(0)     2:(0)     2:(0)     6:(0)     2:(0)     2:(1)
 -------------------------------------------------------------------------------

   1  1  C     s     0.00000   0.00000   0.00000   0.00004  -0.00004   0.00903
   2  1  C     s    -0.00000  -0.00001  -0.00000   0.00129  -0.00130  -0.01772
   3  1  C     x     0.00056  -0.00001  -0.00053  -0.00003   0.00000   0.00001
   4  1  C     y     0.00009   0.00053  -0.00001  -0.00001   0.00002   0.00021
   5  1  C     z    -0.00000   0.00001   0.00000  -0.00011  -0.00010   0.02460
   6  1  C     s    -0.00001  -0.00001  -0.00000  -0.00107   0.00107  -0.03065
   7  1  C     x     0.00038  -0.00000  -0.00037  -0.00002   0.00000   0.00001
   8  1  C     y     0.00006   0.00037  -0.00000  -0.00001   0.00001   0.00013
   9  1  C     z    -0.00001   0.00001   0.00000   0.00015   0.00016   0.03862
  10  1  C    xx    -0.00001  -0.00007   0.00000   0.00035  -0.00036  -0.00138
  11  1  C    yy     0.00001   0.00007  -0.00000   0.00035  -0.00035  -0.00133
  12  1  C    zz     0.00000   0.00000  -0.00000  -0.00133   0.00133   0.00396
  13  1  C    xy    -0.00008   0.00000   0.00008   0.00000  -0.00000  -0.00000
  14  1  C    xz     0.00028  -0.00000   0.00029   0.00001   0.00000   0.00001
  15  1  C    yz    -0.00005  -0.00029  -0.00000   0.00001   0.00001   0.00012
  16  2 Cl     s     0.00000   0.00002   0.00000   0.00002   0.00765   0.04514
  17  2 Cl     s    -0.00000  -0.00011  -0.00000   0.00001  -0.03703  -0.15861
  18  2 Cl     x     0.00001  -0.00127   0.99906  -0.00000   0.00003   0.00014
  19  2 Cl     y     0.00001  -0.99905  -0.00127  -0.00000  -0.00005   0.00289
  20  2 Cl     z    -0.00000   0.00036   0.00002  -0.00001  -0.98156   0.18351
  21  2 Cl     s     0.00000   0.00022   0.00000   0.00043   0.07401   0.66824
  22  2 Cl     x    -0.00005   0.00023   0.00593   0.00001  -0.00003  -0.00038
  23  2 Cl     y    -0.00003  -0.00596   0.00024   0.00000  -0.00067  -0.00698
  24  2 Cl     z     0.00000  -0.00006  -0.00000   0.00011  -0.03650  -0.19719
  25  2 Cl     s    -0.00000   0.00013   0.00000  -0.00093   0.04199   0.38255
  26  2 Cl     x     0.00004   0.00018  -0.01497   0.00000  -0.00002  -0.00026
  27  2 Cl     y    -0.00001   0.01495   0.00019   0.00000  -0.00046  -0.00479
  28  2 Cl     z    -0.00000  -0.00004  -0.00000  -0.00040  -0.00425  -0.11775
  29  2 Cl    xx    -0.00000  -0.00000   0.00000   0.00023   0.00033   0.00175
  30  2 Cl    yy     0.00000   0.00000  -0.00000   0.00023   0.00033   0.00175
  31  2 Cl    zz     0.00000  -0.00000  -0.00000  -0.00005  -0.00027  -0.00389
  32  2 Cl    xy    -0.00001   0.00000   0.00000   0.00000  -0.00000  -0.00000
  33  2 Cl    xz    -0.00001   0.00000  -0.00007  -0.00000  -0.00000  -0.00000
  34  2 Cl    yz     0.00001   0.00007   0.00000  -0.00000  -0.00001  -0.00008
  35  3  H     s     0.00008   0.00023  -0.00001   0.00026  -0.00026  -0.00604
  36  3  H     s     0.00014  -0.00108  -0.00001   0.00117  -0.00116   0.00629
  37  4  H     s    -0.00026  -0.00011   0.00020   0.00030  -0.00028  -0.00631
  38  4  H     s     0.00083   0.00055  -0.00093   0.00124  -0.00121   0.00580
  39  5  H     s     0.00018  -0.00012  -0.00020   0.00026  -0.00028  -0.00629
  40  5  H     s    -0.00097   0.00053   0.00094   0.00117  -0.00120   0.00583
  41  6 Cl     s     0.00002   0.00000  -0.00000  -0.00819  -0.00002   0.00006
  42  6 Cl     s    -0.00008  -0.00000   0.00000   0.03826  -0.00001   0.00006
  43  6 Cl     x    -0.99876  -0.00000  -0.00001  -0.00033   0.00000   0.00000
  44  6 Cl     y     0.00002   0.00001  -0.00000  -0.00051   0.00000   0.00002
  45  6 Cl     z    -0.00002   0.00000  -0.00000  -0.98157  -0.00001   0.00431
  46  6 Cl     s     0.00014   0.00000  -0.00000  -0.07397  -0.00043   0.00093
  47  6 Cl     x    -0.00674   0.00000   0.00004   0.00084  -0.00000  -0.00000
  48  6 Cl     y    -0.00311  -0.00004   0.00000   0.00046  -0.00001  -0.00007
  49  6 Cl     z     0.00004  -0.00000   0.00000  -0.03647   0.00011  -0.01108
  50  6 Cl     s     0.00008  -0.00000  -0.00000  -0.04200   0.00093  -0.00996
  51  6 Cl     x     0.01442   0.00000  -0.00005   0.00058  -0.00000  -0.00000
  52  6 Cl     y    -0.00211   0.00005   0.00000   0.00032  -0.00000  -0.00002
  53  6 Cl     z     0.00002   0.00000   0.00000  -0.00423  -0.00040   0.00519
  54  6 Cl    xx    -0.00000  -0.00001   0.00000  -0.00033  -0.00023  -0.00089
  55  6 Cl    yy     0.00000   0.00000  -0.00000  -0.00033  -0.00023  -0.00088
  56  6 Cl    zz    -0.00000   0.00000   0.00000   0.00027   0.00005   0.00252
  57  6 Cl    xy    -0.00000   0.00000   0.00001   0.00000  -0.00000  -0.00000
  58  6 Cl    xz    -0.00006   0.00000  -0.00001  -0.00001  -0.00000  -0.00000
  59  6 Cl    yz     0.00003   0.00001   0.00000  -0.00001  -0.00000  -0.00003

 LMO#                     13        14        15        16        17        18
 E(a.u.)              -1.201    -0.228    -0.228    -0.228    -0.228    -0.563
 Bond Label            6:(1)     2:(2)     2:(3)     6:(2)     6:(3)    5-1(1)
 -------------------------------------------------------------------------------

   1  1  C     s    -0.00903  -0.00009   0.00000  -0.00008   0.00006  -0.07362
   2  1  C     s     0.01772   0.00018  -0.00001   0.00015  -0.00011   0.22940
   3  1  C     x    -0.00016   0.00025  -0.02038   0.00436  -0.01991   0.33432
   4  1  C     y    -0.00014   0.02038   0.00025   0.01991   0.00436  -0.19302
   5  1  C     z     0.02460  -0.00020   0.00001   0.00017  -0.00012   0.00000
   6  1  C     s     0.03065   0.00031  -0.00001   0.00026  -0.00019   0.23544
   7  1  C     x    -0.00010   0.00015  -0.01257   0.00269  -0.01227   0.15818
   8  1  C     y    -0.00009   0.01257   0.00015   0.01227   0.00269  -0.09133
   9  1  C     z     0.03862  -0.00036   0.00002   0.00030  -0.00022   0.00000
  10  1  C    xx     0.00137  -0.00218  -0.00003  -0.00213  -0.00048   0.02545
  11  1  C    yy     0.00134   0.00222   0.00003   0.00217   0.00046   0.00040
  12  1  C    zz    -0.00396  -0.00005   0.00000  -0.00005   0.00003  -0.01510
  13  1  C    xy     0.00002  -0.00003   0.00254  -0.00054   0.00248  -0.02505
  14  1  C    xz     0.00009   0.00014  -0.01158  -0.00248   0.01131  -0.00000
  15  1  C    yz     0.00008   0.01158   0.00014  -0.01131  -0.00248   0.00000
  16  2 Cl     s    -0.00006  -0.00077   0.00003  -0.00000   0.00000  -0.00254
  17  2 Cl     s    -0.00006   0.00369  -0.00015   0.00001  -0.00000   0.01286
  18  2 Cl     x    -0.00002   0.00342  -0.24757   0.00045  -0.00207   0.00877
  19  2 Cl     y    -0.00002   0.24759   0.00341   0.00207   0.00045  -0.00506
  20  2 Cl     z     0.00431  -0.00090   0.00004   0.00005  -0.00003   0.01464
  21  2 Cl     s    -0.00093  -0.00718   0.00030  -0.00002   0.00001  -0.02054
  22  2 Cl     x     0.00005  -0.00841   0.68232  -0.00137   0.00625  -0.02111
  23  2 Cl     y     0.00005  -0.68228  -0.00842  -0.00625  -0.00137   0.01218
  24  2 Cl     z    -0.01108   0.00193  -0.00008  -0.00012   0.00008  -0.03702
  25  2 Cl     s     0.00996  -0.00412   0.00017   0.00006  -0.00004  -0.03895
  26  2 Cl     x     0.00002  -0.00577   0.46710  -0.00048   0.00220  -0.03517
  27  2 Cl     y     0.00002  -0.46707  -0.00577  -0.00220  -0.00048   0.02030
  28  2 Cl     z     0.00519   0.00114  -0.00005   0.00001  -0.00001  -0.05756
  29  2 Cl    xx     0.00089  -0.00043  -0.00000  -0.00029  -0.00007  -0.00230
  30  2 Cl    yy     0.00088   0.00040   0.00001   0.00031   0.00006  -0.00335
  31  2 Cl    zz    -0.00252   0.00003  -0.00000  -0.00002   0.00001   0.00728
  32  2 Cl    xy     0.00000  -0.00001   0.00048  -0.00008   0.00035  -0.00106
  33  2 Cl    xz    -0.00002  -0.00009   0.00764   0.00063  -0.00289   0.00945
  34  2 Cl    yz    -0.00002  -0.00764  -0.00009   0.00289   0.00063  -0.00545
  35  3  H     s     0.00610   0.01688   0.00020   0.01648   0.00355  -0.01994
  36  3  H     s    -0.00619   0.03102   0.00039   0.03031   0.00667  -0.03394
  37  4  H     s     0.00639  -0.00851   0.01445  -0.01127   0.01238  -0.01994
  38  4  H     s    -0.00565  -0.01589   0.02671  -0.02096   0.02297  -0.03394
  39  5  H     s     0.00616  -0.00816  -0.01467  -0.00504  -0.01607   0.32310
  40  5  H     s    -0.00607  -0.01523  -0.02709  -0.00944  -0.02958   0.19937
  41  6 Cl     s    -0.04574  -0.00000   0.00000  -0.00069   0.00067  -0.00254
  42  6 Cl     s     0.15946   0.00001  -0.00000   0.00321  -0.00302   0.01286
  43  6 Cl     x    -0.00220   0.00003  -0.00212   0.05767  -0.24202   0.00877
  44  6 Cl     y    -0.00186   0.00212   0.00003   0.24203   0.05771  -0.00506
  45  6 Cl     z     0.18330  -0.00005   0.00000   0.00066  -0.00011  -0.01464
  46  6 Cl     s    -0.66833  -0.00002   0.00000  -0.00604   0.00446  -0.02054
  47  6 Cl     x     0.00539  -0.00008   0.00640  -0.14599   0.66653  -0.02111
  48  6 Cl     y     0.00482  -0.00640  -0.00008  -0.66653  -0.14604   0.01219
  49  6 Cl     z    -0.19721   0.00014  -0.00001  -0.00163   0.00120   0.03702
  50  6 Cl     s    -0.38262   0.00007  -0.00000  -0.00347   0.00257  -0.03896
  51  6 Cl     x     0.00369  -0.00003   0.00225  -0.10003   0.45629  -0.03517
  52  6 Cl     y     0.00330  -0.00225  -0.00003  -0.45629  -0.10006   0.02030
  53  6 Cl     z    -0.11775  -0.00001   0.00000  -0.00096   0.00070   0.05756
  54  6 Cl    xx    -0.00175  -0.00030  -0.00000  -0.00042  -0.00008  -0.00230
  55  6 Cl    yy    -0.00176   0.00032   0.00000   0.00039   0.00010  -0.00335
  56  6 Cl    zz     0.00389  -0.00002   0.00000   0.00002  -0.00002   0.00728
  57  6 Cl    xy     0.00000  -0.00000   0.00035  -0.00010   0.00047  -0.00106
  58  6 Cl    xz    -0.00006  -0.00004   0.00296   0.00163  -0.00746  -0.00945
  59  6 Cl    yz    -0.00005  -0.00296  -0.00004   0.00746   0.00164   0.00545

 LMO#                     19        20        21        22
 E(a.u.)              -0.563    -0.563    -0.365    -0.365
 Bond Label           4-1(1)    3-1(1)    2-1(1)    6-1(1)
 -------------------------------------------------------------------------------

   1  1  C     s     0.07362   0.07362  -0.00414   0.00414
   2  1  C     s    -0.22940  -0.22940   0.01051  -0.01051
   3  1  C     x     0.33432  -0.00000  -0.00000   0.00000
   4  1  C     y     0.19302  -0.38604  -0.00001   0.00000
   5  1  C     z     0.00000  -0.00000   0.19293   0.19293
   6  1  C     s    -0.23544  -0.23544  -0.01078   0.01078
   7  1  C     x     0.15818  -0.00000  -0.00000   0.00000
   8  1  C     y     0.09133  -0.18265  -0.00000   0.00000
   9  1  C     z     0.00000  -0.00000   0.16987   0.16987
  10  1  C    xx    -0.02545   0.01212   0.01226  -0.01226
  11  1  C    yy    -0.00040  -0.03798   0.01226  -0.01226
  12  1  C    zz     0.01510   0.01510  -0.03563   0.03563
  13  1  C    xy    -0.02505   0.00000   0.00000  -0.00000
  14  1  C    xz     0.00000   0.00000   0.00000  -0.00000
  15  1  C    yz    -0.00000  -0.00000  -0.00000  -0.00000
  16  2 Cl     s     0.00254   0.00254  -0.01764   0.00326
  17  2 Cl     s    -0.01286  -0.01286   0.06868  -0.01833
  18  2 Cl     x     0.00877   0.00000  -0.00001   0.00000
  19  2 Cl     y     0.00506  -0.01012  -0.00006   0.00000
  20  2 Cl     z    -0.01464  -0.01464   0.23365  -0.02815
  21  2 Cl     s     0.02054   0.02054  -0.20436   0.02198
  22  2 Cl     x    -0.02111  -0.00000   0.00001  -0.00000
  23  2 Cl     y    -0.01218   0.02438   0.00017  -0.00001
  24  2 Cl     z     0.03702   0.03702  -0.62028   0.07104
  25  2 Cl     s     0.03895   0.03896  -0.05121   0.09425
  26  2 Cl     x    -0.03517  -0.00000   0.00000  -0.00000
  27  2 Cl     y    -0.02030   0.04061   0.00012  -0.00001
  28  2 Cl     z     0.05756   0.05756  -0.35770   0.12759
  29  2 Cl    xx     0.00230   0.00388   0.00768   0.00265
  30  2 Cl    yy     0.00335   0.00177   0.00768   0.00265
  31  2 Cl    zz    -0.00728  -0.00728  -0.03730  -0.00779
  32  2 Cl    xy    -0.00106   0.00000   0.00000  -0.00000
  33  2 Cl    xz     0.00945  -0.00000   0.00000   0.00000
  34  2 Cl    yz     0.00545  -0.01091   0.00000   0.00000
  35  3  H     s     0.01994  -0.32310   0.02901  -0.02901
  36  3  H     s     0.03394  -0.19937   0.09352  -0.09352
  37  4  H     s    -0.32310   0.01994   0.02901  -0.02902
  38  4  H     s    -0.19937   0.03394   0.09353  -0.09354
  39  5  H     s     0.01994   0.01994   0.02901  -0.02901
  40  5  H     s     0.03394   0.03394   0.09353  -0.09353
  41  6 Cl     s     0.00254   0.00254  -0.00326   0.01763
  42  6 Cl     s    -0.01286  -0.01286   0.01833  -0.06868
  43  6 Cl     x     0.00877  -0.00000  -0.00000   0.00005
  44  6 Cl     y     0.00506  -0.01012  -0.00000   0.00004
  45  6 Cl     z     0.01464   0.01464  -0.02815   0.23366
  46  6 Cl     s     0.02054   0.02054  -0.02198   0.20435
  47  6 Cl     x    -0.02111   0.00000   0.00001  -0.00013
  48  6 Cl     y    -0.01219   0.02438   0.00001  -0.00012
  49  6 Cl     z    -0.03702  -0.03702   0.07104  -0.62028
  50  6 Cl     s     0.03895   0.03896  -0.09425   0.05121
  51  6 Cl     x    -0.03516   0.00000   0.00001  -0.00009
  52  6 Cl     y    -0.02030   0.04061   0.00000  -0.00008
  53  6 Cl     z    -0.05756  -0.05756   0.12759  -0.35770
  54  6 Cl    xx     0.00230   0.00388  -0.00265  -0.00768
  55  6 Cl    yy     0.00335   0.00177  -0.00265  -0.00768
  56  6 Cl    zz    -0.00728  -0.00728   0.00779   0.03730
  57  6 Cl    xy    -0.00106   0.00000   0.00000  -0.00000
  58  6 Cl    xz    -0.00945  -0.00000  -0.00000   0.00000
  59  6 Cl    yz    -0.00545   0.01091   0.00000   0.00000


 Mulliken population of localized molecular orbitals
 ===============================================================================
 LMO#                      1         2         3         4         5         6
 E(a.u.)            -104.494  -104.492   -11.057    -9.952    -9.949    -7.751
 Bond Label            2:(0)     6:(0)     1:(0)     6:(0)     2:(0)     6:(0)
 -------------------------------------------------------------------------------

   1         C       0.00000   0.00000   2.00016   0.00017   0.00017  -0.00000
   2        Cl       2.00000   0.00000   0.00024  -0.00000   1.99990   0.00000
   3         H      -0.00000  -0.00000  -0.00021  -0.00002  -0.00002   0.00000
   4         H      -0.00000  -0.00000  -0.00021  -0.00002  -0.00002   0.00000
   5         H      -0.00000  -0.00000  -0.00021  -0.00002  -0.00002   0.00000
   6        Cl       0.00000   2.00000   0.00024   1.99989  -0.00000   2.00000

 LMO#                      7         8         9        10        11        12
 E(a.u.)              -7.751    -7.751    -7.751    -7.675    -7.675    -1.202
 Bond Label            6:(0)     2:(0)     2:(0)     6:(0)     2:(0)     2:(1)
 -------------------------------------------------------------------------------

   1         C      -0.00000  -0.00000  -0.00000   0.00000   0.00000  -0.02456
   2        Cl       0.00000   2.00000   2.00000   0.00000   2.00002   2.02154
   3         H      -0.00000   0.00000  -0.00000  -0.00001  -0.00001   0.00098
   4         H       0.00000   0.00000   0.00000  -0.00001  -0.00001   0.00093
   5         H       0.00000   0.00000   0.00000  -0.00001  -0.00001   0.00094
   6        Cl       2.00000   0.00000   0.00000   2.00002   0.00000   0.00017

 LMO#                     13        14        15        16        17        18
 E(a.u.)              -1.201    -0.228    -0.228    -0.228    -0.228    -0.563
 Bond Label            6:(1)     2:(2)     2:(3)     6:(2)     6:(3)    5-1(1)
 -------------------------------------------------------------------------------

   1         C      -0.02456  -0.00298  -0.00298  -0.00298  -0.00298   1.26123
   2        Cl       0.00017   2.01170   2.01170   0.00005   0.00005  -0.04122
   3         H       0.00097  -0.00589  -0.00000  -0.00561  -0.00026  -0.01110
   4         H       0.00092  -0.00151  -0.00432  -0.00263  -0.00318  -0.01110
   5         H       0.00096  -0.00138  -0.00445  -0.00053  -0.00534   0.84342
   6        Cl       2.02154   0.00005   0.00005   2.01170   2.01170  -0.04122

 LMO#                     19        20        21        22
 E(a.u.)              -0.563    -0.563    -0.365    -0.365
 Bond Label           4-1(1)    3-1(1)    2-1(1)    6-1(1)
 -------------------------------------------------------------------------------

   1         C       1.26123   1.26123   0.37530   0.37530
   2        Cl      -0.04122  -0.04122   1.70035  -0.00144
   3         H      -0.01110   0.84342  -0.02473  -0.02473
   4         H       0.84342  -0.01110  -0.02474  -0.02474
   5         H      -0.01110  -0.01110  -0.02474  -0.02473
   6        Cl      -0.04122  -0.04122  -0.00144   1.70035


 PARTITIONING OF LMOs INTO GROUPS ($LMOGRPMODIFY)
 ================================================
 LMO#     1  2  3  4  5  6  7  8  9 10 11 12 13 14 15 16 17 18 19 20
 Group#   1  1  1  1  1  1  1  1  1  1  1  1  1  1  1  1  1  2  2  2
 Split    0  0  0  0  0  0  0  0  0  0  0  0  0  0  0  0  0  0  1  1
 LMO#    21 22
 Group#   2  2
 Split    1  1


 Initial guess of orbitals
 ===============================================================================
 ORBITAL#                  1         2         3         4         5         6
 Bond Label            2:(0)     6:(0)     1:(0)     6:(0)     2:(0)     6:(0)
 -------------------------------------------------------------------------------

   1  1  C     s     0.00003  -0.00003   1.00809  -0.00003  -0.00002   0.00000
   2  1  C     s    -0.00004   0.00004  -0.00140  -0.00062  -0.00064  -0.00000
   3  1  C     x     0.00000  -0.00000  -0.00000   0.00004   0.00000  -0.00009
   4  1  C     y     0.00001  -0.00000  -0.00000   0.00002   0.00004   0.00056
   5  1  C     z    -0.00040  -0.00039  -0.00000   0.00374  -0.00372  -0.00000
   6  1  C     s    -0.00043   0.00044  -0.04443  -0.00084  -0.00086  -0.00000
   7  1  C     x     0.00000  -0.00000  -0.00000   0.00003   0.00000  -0.00006
   8  1  C     y     0.00000  -0.00000  -0.00000   0.00002   0.00002   0.00038
   9  1  C     z     0.00002   0.00003  -0.00000  -0.00066   0.00069  -0.00001
  10  1  C    xx    -0.00006   0.00006  -0.00268  -0.00055  -0.00055  -0.00007
  11  1  C    yy    -0.00005   0.00006  -0.00268  -0.00055  -0.00055   0.00007
  12  1  C    zz     0.00015  -0.00016  -0.00127   0.00180   0.00181   0.00000
  13  1  C    xy    -0.00000   0.00000   0.00000  -0.00001  -0.00000   0.00001
  14  1  C    xz     0.00000   0.00000  -0.00000  -0.00002   0.00000   0.00005
  15  1  C    yz     0.00000   0.00000   0.00000  -0.00001   0.00002   0.00028
  16  2 Cl     s    -0.99534  -0.00000  -0.00011   0.00002   0.29643   0.00000
  17  2 Cl     s    -0.01835   0.00002   0.00027  -0.00021  -1.08200  -0.00000
  18  2 Cl     x     0.00000  -0.00000  -0.00000   0.00000   0.00002  -0.00001
  19  2 Cl     y     0.00007  -0.00000   0.00000   0.00000   0.00052   0.00001
  20  2 Cl     z     0.00335   0.00003   0.00155  -0.00011   0.02431  -0.00000
  21  2 Cl     s     0.03400  -0.00002  -0.00121  -0.00001   0.10677  -0.00000
  22  2 Cl     x    -0.00001   0.00000  -0.00000  -0.00001  -0.00007   0.00003
  23  2 Cl     y    -0.00018   0.00000  -0.00000  -0.00001  -0.00127  -0.00005
  24  2 Cl     z    -0.00176  -0.00010  -0.00377   0.00026  -0.01588   0.00000
  25  2 Cl     s     0.00745  -0.00008   0.00356   0.00123   0.08012  -0.00000
  26  2 Cl     x    -0.00001   0.00000  -0.00000  -0.00000  -0.00005   0.00001
  27  2 Cl     y    -0.00012   0.00000  -0.00000  -0.00000  -0.00087   0.00004
  28  2 Cl     z    -0.00130  -0.00008   0.00178   0.00092  -0.00933  -0.00000
  29  2 Cl    xx    -0.00628  -0.00000   0.00043  -0.00014   0.00174  -0.00001
  30  2 Cl    yy    -0.00628  -0.00000   0.00043  -0.00014   0.00174   0.00001
  31  2 Cl    zz    -0.00616  -0.00002  -0.00112  -0.00007   0.00248   0.00000
  32  2 Cl    xy    -0.00000   0.00000   0.00000  -0.00000  -0.00000   0.00000
  33  2 Cl    xz    -0.00000  -0.00000  -0.00000   0.00001  -0.00000  -0.00001
  34  2 Cl    yz    -0.00000  -0.00000  -0.00000   0.00000  -0.00001  -0.00001
  35  3  H     s    -0.00010   0.00010  -0.01122  -0.00056  -0.00055   0.00025
  36  3  H     s    -0.00005   0.00005  -0.00055  -0.00210  -0.00207  -0.00104
  37  4  H     s    -0.00010   0.00011  -0.01122  -0.00062  -0.00060  -0.00006
  38  4  H     s    -0.00006   0.00006  -0.00055  -0.00221  -0.00216   0.00064
  39  5  H     s    -0.00010   0.00010  -0.01122  -0.00056  -0.00060  -0.00019
  40  5  H     s    -0.00006   0.00005  -0.00055  -0.00210  -0.00216   0.00040
  41  6 Cl     s     0.00000   0.99527  -0.00011   0.29658   0.00002  -0.00001
  42  6 Cl     s    -0.00003   0.01863   0.00027  -1.08182  -0.00021  -0.00004
  43  6 Cl     x    -0.00000  -0.00006   0.00000   0.00058   0.00000  -0.00002
  44  6 Cl     y     0.00000  -0.00006   0.00000   0.00030   0.00000  -0.99875
  45  6 Cl     z     0.00003   0.00323  -0.00155  -0.02532   0.00012   0.00031
  46  6 Cl     s     0.00002  -0.03428  -0.00121   0.10615  -0.00001   0.00012
  47  6 Cl     x    -0.00000   0.00014  -0.00000  -0.00146  -0.00000   0.00313
  48  6 Cl     y    -0.00000   0.00011  -0.00000  -0.00083  -0.00001  -0.00675
  49  6 Cl     z    -0.00010  -0.00185   0.00377   0.01568  -0.00027   0.00004
  50  6 Cl     s     0.00009  -0.00761   0.00356   0.07976   0.00122   0.00007
  51  6 Cl     x    -0.00000   0.00010  -0.00000  -0.00100  -0.00000   0.00212
  52  6 Cl     y    -0.00000   0.00008  -0.00000  -0.00057  -0.00000   0.01441
  53  6 Cl     z    -0.00008  -0.00135  -0.00178   0.00923  -0.00092   0.00002
  54  6 Cl    xx     0.00000   0.00628   0.00043   0.00174  -0.00014  -0.00000
  55  6 Cl    yy     0.00000   0.00627   0.00043   0.00174  -0.00014   0.00000
  56  6 Cl    zz     0.00002   0.00617  -0.00112   0.00248  -0.00006  -0.00000
  57  6 Cl    xy    -0.00000   0.00000   0.00000  -0.00000  -0.00000   0.00000
  58  6 Cl    xz    -0.00000  -0.00000   0.00000   0.00002  -0.00000  -0.00003
  59  6 Cl    yz    -0.00000  -0.00000   0.00000   0.00001  -0.00001  -0.00006

 ORBITAL#                  7         8         9        10        11        12
 Bond Label            6:(0)     2:(0)     2:(0)     6:(0)     2:(0)     2:(1)
 -------------------------------------------------------------------------------

   1  1  C     s     0.00000   0.00000   0.00000   0.00004  -0.00004   0.00903
   2  1  C     s    -0.00000  -0.00001  -0.00000   0.00129  -0.00130  -0.01772
   3  1  C     x     0.00056  -0.00001  -0.00053  -0.00003   0.00000   0.00001
   4  1  C     y     0.00009   0.00053  -0.00001  -0.00001   0.00002   0.00021
   5  1  C     z    -0.00000   0.00001   0.00000  -0.00011  -0.00010   0.02460
   6  1  C     s    -0.00001  -0.00001  -0.00000  -0.00107   0.00107  -0.03065
   7  1  C     x     0.00038  -0.00000  -0.00037  -0.00002   0.00000   0.00001
   8  1  C     y     0.00006   0.00037  -0.00000  -0.00001   0.00001   0.00013
   9  1  C     z    -0.00001   0.00001   0.00000   0.00015   0.00016   0.03862
  10  1  C    xx    -0.00001  -0.00007   0.00000   0.00035  -0.00036  -0.00138
  11  1  C    yy     0.00001   0.00007  -0.00000   0.00035  -0.00035  -0.00133
  12  1  C    zz     0.00000   0.00000  -0.00000  -0.00133   0.00133   0.00396
  13  1  C    xy    -0.00008   0.00000   0.00008   0.00000  -0.00000  -0.00000
  14  1  C    xz     0.00028  -0.00000   0.00029   0.00001   0.00000   0.00001
  15  1  C    yz    -0.00005  -0.00029  -0.00000   0.00001   0.00001   0.00012
  16  2 Cl     s     0.00000   0.00002   0.00000   0.00002   0.00765   0.04514
  17  2 Cl     s    -0.00000  -0.00011  -0.00000   0.00001  -0.03703  -0.15861
  18  2 Cl     x     0.00001  -0.00127   0.99906  -0.00000   0.00003   0.00014
  19  2 Cl     y     0.00001  -0.99905  -0.00127  -0.00000  -0.00005   0.00289
  20  2 Cl     z    -0.00000   0.00036   0.00002  -0.00001  -0.98156   0.18351
  21  2 Cl     s     0.00000   0.00022   0.00000   0.00043   0.07401   0.66824
  22  2 Cl     x    -0.00005   0.00023   0.00593   0.00001  -0.00003  -0.00038
  23  2 Cl     y    -0.00003  -0.00596   0.00024   0.00000  -0.00067  -0.00698
  24  2 Cl     z     0.00000  -0.00006  -0.00000   0.00011  -0.03650  -0.19719
  25  2 Cl     s    -0.00000   0.00013   0.00000  -0.00093   0.04199   0.38255
  26  2 Cl     x     0.00004   0.00018  -0.01497   0.00000  -0.00002  -0.00026
  27  2 Cl     y    -0.00001   0.01495   0.00019   0.00000  -0.00046  -0.00479
  28  2 Cl     z    -0.00000  -0.00004  -0.00000  -0.00040  -0.00425  -0.11775
  29  2 Cl    xx    -0.00000  -0.00000   0.00000   0.00023   0.00033   0.00175
  30  2 Cl    yy     0.00000   0.00000  -0.00000   0.00023   0.00033   0.00175
  31  2 Cl    zz     0.00000  -0.00000  -0.00000  -0.00005  -0.00027  -0.00389
  32  2 Cl    xy    -0.00001   0.00000   0.00000   0.00000  -0.00000  -0.00000
  33  2 Cl    xz    -0.00001   0.00000  -0.00007  -0.00000  -0.00000  -0.00000
  34  2 Cl    yz     0.00001   0.00007   0.00000  -0.00000  -0.00001  -0.00008
  35  3  H     s     0.00008   0.00023  -0.00001   0.00026  -0.00026  -0.00604
  36  3  H     s     0.00014  -0.00108  -0.00001   0.00117  -0.00116   0.00629
  37  4  H     s    -0.00026  -0.00011   0.00020   0.00030  -0.00028  -0.00631
  38  4  H     s     0.00083   0.00055  -0.00093   0.00124  -0.00121   0.00580
  39  5  H     s     0.00018  -0.00012  -0.00020   0.00026  -0.00028  -0.00629
  40  5  H     s    -0.00097   0.00053   0.00094   0.00117  -0.00120   0.00583
  41  6 Cl     s     0.00002   0.00000  -0.00000  -0.00819  -0.00002   0.00006
  42  6 Cl     s    -0.00008  -0.00000   0.00000   0.03826  -0.00001   0.00006
  43  6 Cl     x    -0.99876  -0.00000  -0.00001  -0.00033   0.00000   0.00000
  44  6 Cl     y     0.00002   0.00001  -0.00000  -0.00051   0.00000   0.00002
  45  6 Cl     z    -0.00002   0.00000  -0.00000  -0.98157  -0.00001   0.00431
  46  6 Cl     s     0.00014   0.00000  -0.00000  -0.07397  -0.00043   0.00093
  47  6 Cl     x    -0.00674   0.00000   0.00004   0.00084  -0.00000  -0.00000
  48  6 Cl     y    -0.00311  -0.00004   0.00000   0.00046  -0.00001  -0.00007
  49  6 Cl     z     0.00004  -0.00000   0.00000  -0.03647   0.00011  -0.01108
  50  6 Cl     s     0.00008  -0.00000  -0.00000  -0.04200   0.00093  -0.00996
  51  6 Cl     x     0.01442   0.00000  -0.00005   0.00058  -0.00000  -0.00000
  52  6 Cl     y    -0.00211   0.00005   0.00000   0.00032  -0.00000  -0.00002
  53  6 Cl     z     0.00002   0.00000   0.00000  -0.00423  -0.00040   0.00519
  54  6 Cl    xx    -0.00000  -0.00001   0.00000  -0.00033  -0.00023  -0.00089
  55  6 Cl    yy     0.00000   0.00000  -0.00000  -0.00033  -0.00023  -0.00088
  56  6 Cl    zz    -0.00000   0.00000   0.00000   0.00027   0.00005   0.00252
  57  6 Cl    xy    -0.00000   0.00000   0.00001   0.00000  -0.00000  -0.00000
  58  6 Cl    xz    -0.00006   0.00000  -0.00001  -0.00001  -0.00000  -0.00000
  59  6 Cl    yz     0.00003   0.00001   0.00000  -0.00001  -0.00000  -0.00003

 ORBITAL#                 13        14        15        16        17        18
 Bond Label            6:(1)     2:(2)     2:(3)     6:(2)     6:(3)   2->1(1)
 -------------------------------------------------------------------------------

   1  1  C     s    -0.00903  -0.00009   0.00000  -0.00008   0.00006  -0.00116
   2  1  C     s     0.01772   0.00018  -0.00001   0.00015  -0.00011   0.00378
   3  1  C     x    -0.00016   0.00025  -0.02038   0.00436  -0.01991  -0.00000
   4  1  C     y    -0.00014   0.02038   0.00025   0.01991   0.00436  -0.00001
   5  1  C     z     0.02460  -0.00020   0.00001   0.00017  -0.00012  -0.00619
   6  1  C     s     0.03065   0.00031  -0.00001   0.00026  -0.00019   0.00651
   7  1  C     x    -0.00010   0.00015  -0.01257   0.00269  -0.01227  -0.00000
   8  1  C     y    -0.00009   0.01257   0.00015   0.01227   0.00269  -0.00000
   9  1  C     z     0.03862  -0.00036   0.00002   0.00030  -0.00022  -0.00964
  10  1  C    xx     0.00137  -0.00218  -0.00003  -0.00213  -0.00048   0.00028
  11  1  C    yy     0.00134   0.00222   0.00003   0.00217   0.00046   0.00028
  12  1  C    zz    -0.00396  -0.00005   0.00000  -0.00005   0.00003  -0.00082
  13  1  C    xy     0.00002  -0.00003   0.00254  -0.00054   0.00248   0.00000
  14  1  C    xz     0.00009   0.00014  -0.01158  -0.00248   0.01131   0.00000
  15  1  C    yz     0.00008   0.01158   0.00014  -0.01131  -0.00248  -0.00000
  16  2 Cl     s    -0.00006  -0.00077   0.00003  -0.00000   0.00000  -0.02244
  17  2 Cl     s    -0.00006   0.00369  -0.00015   0.00001  -0.00000   0.08271
  18  2 Cl     x    -0.00002   0.00342  -0.24757   0.00045  -0.00207  -0.00001
  19  2 Cl     y    -0.00002   0.24759   0.00341   0.00207   0.00045  -0.00006
  20  2 Cl     z     0.00431  -0.00090   0.00004   0.00005  -0.00003   0.29419
  21  2 Cl     s    -0.00093  -0.00718   0.00030  -0.00002   0.00001  -0.28760
  22  2 Cl     x     0.00005  -0.00841   0.68232  -0.00137   0.00625   0.00001
  23  2 Cl     y     0.00005  -0.68228  -0.00842  -0.00625  -0.00137   0.00017
  24  2 Cl     z    -0.01108   0.00193  -0.00008  -0.00012   0.00008  -0.84281
  25  2 Cl     s     0.00996  -0.00412   0.00017   0.00006  -0.00004  -0.03466
  26  2 Cl     x     0.00002  -0.00577   0.46710  -0.00048   0.00220   0.00000
  27  2 Cl     y     0.00002  -0.46707  -0.00577  -0.00220  -0.00048   0.00011
  28  2 Cl     z     0.00519   0.00114  -0.00005   0.00001  -0.00001  -0.22481
  29  2 Cl    xx     0.00089  -0.00043  -0.00000  -0.00029  -0.00007   0.02849
  30  2 Cl    yy     0.00088   0.00040   0.00001   0.00031   0.00006   0.02849
  31  2 Cl    zz    -0.00252   0.00003  -0.00000  -0.00002   0.00001  -0.07338
  32  2 Cl    xy     0.00000  -0.00001   0.00048  -0.00008   0.00035   0.00000
  33  2 Cl    xz    -0.00002  -0.00009   0.00764   0.00063  -0.00289   0.00000
  34  2 Cl    yz    -0.00002  -0.00764  -0.00009   0.00289   0.00063   0.00000
  35  3  H     s     0.00610   0.01688   0.00020   0.01648   0.00355   0.00131
  36  3  H     s    -0.00619   0.03102   0.00039   0.03031   0.00667  -0.00131
  37  4  H     s     0.00639  -0.00851   0.01445  -0.01127   0.01238   0.00132
  38  4  H     s    -0.00565  -0.01589   0.02671  -0.02096   0.02297  -0.00130
  39  5  H     s     0.00616  -0.00816  -0.01467  -0.00504  -0.01607   0.00131
  40  5  H     s    -0.00607  -0.01523  -0.02709  -0.00944  -0.02958  -0.00130
  41  6 Cl     s    -0.04574  -0.00000   0.00000  -0.00069   0.00067   0.00079
  42  6 Cl     s     0.15946   0.00001  -0.00000   0.00321  -0.00302  -0.00292
  43  6 Cl     x    -0.00220   0.00003  -0.00212   0.05767  -0.24202  -0.00000
  44  6 Cl     y    -0.00186   0.00212   0.00003   0.24203   0.05771  -0.00000
  45  6 Cl     z     0.18330  -0.00005   0.00000   0.00066  -0.00011  -0.00411
  46  6 Cl     s    -0.66833  -0.00002   0.00000  -0.00604   0.00446   0.01184
  47  6 Cl     x     0.00539  -0.00008   0.00640  -0.14599   0.66653   0.00001
  48  6 Cl     y     0.00482  -0.00640  -0.00008  -0.66653  -0.14604   0.00001
  49  6 Cl     z    -0.19721   0.00014  -0.00001  -0.00163   0.00120   0.00613
  50  6 Cl     s    -0.38262   0.00007  -0.00000  -0.00347   0.00257   0.00923
  51  6 Cl     x     0.00369  -0.00003   0.00225  -0.10003   0.45629   0.00001
  52  6 Cl     y     0.00330  -0.00225  -0.00003  -0.45629  -0.10006   0.00001
  53  6 Cl     z    -0.11775  -0.00001   0.00000  -0.00096   0.00070   0.00091
  54  6 Cl    xx    -0.00175  -0.00030  -0.00000  -0.00042  -0.00008   0.00024
  55  6 Cl    yy    -0.00176   0.00032   0.00000   0.00039   0.00010   0.00024
  56  6 Cl    zz     0.00389  -0.00002   0.00000   0.00002  -0.00002  -0.00066
  57  6 Cl    xy     0.00000  -0.00000   0.00035  -0.00010   0.00047   0.00000
  58  6 Cl    xz    -0.00006  -0.00004   0.00296   0.00163  -0.00746  -0.00000
  59  6 Cl    yz    -0.00005  -0.00296  -0.00004   0.00746   0.00164   0.00000

 ORBITAL#                 19        20        21        22        23        24
 Bond Label          6->1(1)  UNKNOWN!   1->3(1)   3->1(1)   1->4(1)   4->1(1)
 -------------------------------------------------------------------------------

   1  1  C     s    -0.00116  -0.00000  -0.10721  -0.02982  -0.10721  -0.02982
   2  1  C     s     0.00378  -0.00000   0.40455   0.00101   0.40454   0.00101
   3  1  C     x    -0.00000  -0.00000   0.00000   0.00000  -0.52206  -0.00160
   4  1  C     y    -0.00000   0.00000   0.60283   0.00185  -0.30141  -0.00093
   5  1  C     z     0.00619  -0.66309   0.00000   0.00000   0.00000   0.00000
   6  1  C     s     0.00651  -0.00000   0.30907   0.00296   0.30907   0.00296
   7  1  C     x    -0.00000  -0.00000   0.00000   0.00000  -0.19615  -0.00099
   8  1  C     y    -0.00000   0.00000   0.22650   0.00114  -0.11325  -0.00057
   9  1  C     z     0.00964  -0.49448   0.00000   0.00000   0.00000   0.00000
  10  1  C    xx     0.00028  -0.00000  -0.00023  -0.00004   0.00006   0.00026
  11  1  C    yy     0.00028   0.00000   0.00016   0.00036  -0.00013   0.00006
  12  1  C    zz    -0.00082   0.00000  -0.00026  -0.00020  -0.00026  -0.00019
  13  1  C    xy     0.00000   0.00000  -0.00000  -0.00000   0.00019   0.00020
  14  1  C    xz     0.00000   0.00000  -0.00000  -0.00000  -0.00000  -0.00000
  15  1  C    yz     0.00000   0.00000   0.00000   0.00000   0.00000   0.00000
  16  2 Cl     s     0.00079  -0.00535  -0.00167  -0.00179  -0.00167  -0.00179
  17  2 Cl     s    -0.00292   0.01905   0.00744   0.00782   0.00744   0.00782
  18  2 Cl     x    -0.00000   0.00000   0.00000   0.00000  -0.00942  -0.00991
  19  2 Cl     y    -0.00001   0.00003   0.01089   0.01145  -0.00543  -0.00572
  20  2 Cl     z     0.00411  -0.02250  -0.00360  -0.00315  -0.00361  -0.00315
  21  2 Cl     s     0.01184  -0.08185  -0.01720  -0.01868  -0.01719  -0.01868
  22  2 Cl     x     0.00000  -0.00000  -0.00000  -0.00000   0.02632   0.02712
  23  2 Cl     y     0.00002  -0.00009  -0.03042  -0.03133   0.01517   0.01564
  24  2 Cl     z    -0.00613   0.02556   0.00458   0.00529   0.00459   0.00530
  25  2 Cl     s     0.00923  -0.04814  -0.00947  -0.01059  -0.00947  -0.01059
  26  2 Cl     x     0.00000  -0.00000  -0.00000  -0.00000   0.01794   0.01848
  27  2 Cl     y     0.00001  -0.00006  -0.02073  -0.02135   0.01034   0.01066
  28  2 Cl     z    -0.00091   0.01380   0.00317   0.00333   0.00318   0.00333
  29  2 Cl    xx     0.00024  -0.00032  -0.00004  -0.00007   0.00001  -0.00002
  30  2 Cl    yy     0.00024  -0.00032   0.00002  -0.00001  -0.00002  -0.00006
  31  2 Cl    zz    -0.00066   0.00079  -0.00002   0.00006  -0.00002   0.00007
  32  2 Cl    xy     0.00000   0.00000  -0.00000  -0.00000   0.00003   0.00003
  33  2 Cl    xz    -0.00000  -0.00000   0.00000   0.00000   0.00018   0.00018
  34  2 Cl    yz    -0.00000  -0.00000  -0.00021  -0.00021   0.00010   0.00011
  35  3  H     s     0.00131   0.00000   0.00135   0.62028  -0.00087  -0.00009
  36  3  H     s    -0.00131   0.00000   0.00244   0.48449  -0.00167  -0.00170
  37  4  H     s     0.00132   0.00000  -0.00088  -0.00009   0.00135   0.62027
  38  4  H     s    -0.00130   0.00000  -0.00168  -0.00170   0.00243   0.48449
  39  5  H     s     0.00131  -0.00000  -0.00088  -0.00009  -0.00088  -0.00010
  40  5  H     s    -0.00131  -0.00000  -0.00167  -0.00170  -0.00168  -0.00171
  41  6 Cl     s    -0.02243   0.00535  -0.00167  -0.00179  -0.00167  -0.00179
  42  6 Cl     s     0.08270  -0.01906   0.00744   0.00782   0.00744   0.00782
  43  6 Cl     x    -0.00005  -0.00003   0.00001   0.00000  -0.00941  -0.00991
  44  6 Cl     y    -0.00004  -0.00002   0.01088   0.01145  -0.00543  -0.00572
  45  6 Cl     z    -0.29420  -0.02250   0.00360   0.00315   0.00361   0.00316
  46  6 Cl     s    -0.28760   0.08185  -0.01720  -0.01868  -0.01719  -0.01868
  47  6 Cl     x     0.00012   0.00007  -0.00002  -0.00001   0.02630   0.02711
  48  6 Cl     y     0.00011   0.00006  -0.03041  -0.03133   0.01518   0.01565
  49  6 Cl     z     0.84281   0.02556  -0.00458  -0.00529  -0.00459  -0.00530
  50  6 Cl     s    -0.03465   0.04814  -0.00947  -0.01059  -0.00947  -0.01059
  51  6 Cl     x     0.00008   0.00005  -0.00001  -0.00001   0.01792   0.01848
  52  6 Cl     y     0.00008   0.00004  -0.02072  -0.02135   0.01034   0.01066
  53  6 Cl     z     0.22481   0.01380  -0.00317  -0.00333  -0.00318  -0.00334
  54  6 Cl    xx     0.02849   0.00032  -0.00004  -0.00007   0.00001  -0.00002
  55  6 Cl    yy     0.02849   0.00032   0.00002  -0.00001  -0.00002  -0.00006
  56  6 Cl    zz    -0.07338  -0.00079  -0.00002   0.00006  -0.00001   0.00007
  57  6 Cl    xy     0.00000   0.00000  -0.00000  -0.00000   0.00003   0.00003
  58  6 Cl    xz    -0.00000  -0.00000   0.00000   0.00000  -0.00018  -0.00018
  59  6 Cl    yz    -0.00000  -0.00000   0.00021   0.00021  -0.00010  -0.00011

 ORBITAL#                 25        26
 Bond Label          1->5(1)   5->1(1)
 -------------------------------------------------------------------------------

   1  1  C     s    -0.10721  -0.02982
   2  1  C     s     0.40454   0.00101
   3  1  C     x     0.52206   0.00161
   4  1  C     y    -0.30141  -0.00093
   5  1  C     z    -0.00000  -0.00000
   6  1  C     s     0.30907   0.00296
   7  1  C     x     0.19615   0.00099
   8  1  C     y    -0.11325  -0.00057
   9  1  C     z    -0.00000  -0.00000
  10  1  C    xx     0.00006   0.00026
  11  1  C    yy    -0.00013   0.00006
  12  1  C    zz    -0.00026  -0.00020
  13  1  C    xy    -0.00019  -0.00020
  14  1  C    xz    -0.00000  -0.00000
  15  1  C    yz     0.00000   0.00000
  16  2 Cl     s    -0.00167  -0.00179
  17  2 Cl     s     0.00744   0.00782
  18  2 Cl     x     0.00942   0.00991
  19  2 Cl     y    -0.00543  -0.00572
  20  2 Cl     z    -0.00361  -0.00315
  21  2 Cl     s    -0.01719  -0.01868
  22  2 Cl     x    -0.02632  -0.02712
  23  2 Cl     y     0.01517   0.01564
  24  2 Cl     z     0.00459   0.00530
  25  2 Cl     s    -0.00947  -0.01059
  26  2 Cl     x    -0.01794  -0.01848
  27  2 Cl     y     0.01034   0.01066
  28  2 Cl     z     0.00318   0.00333
  29  2 Cl    xx     0.00001  -0.00002
  30  2 Cl    yy    -0.00002  -0.00006
  31  2 Cl    zz    -0.00002   0.00007
  32  2 Cl    xy    -0.00003  -0.00003
  33  2 Cl    xz    -0.00018  -0.00018
  34  2 Cl    yz     0.00010   0.00011
  35  3  H     s    -0.00087  -0.00009
  36  3  H     s    -0.00167  -0.00170
  37  4  H     s    -0.00088  -0.00010
  38  4  H     s    -0.00168  -0.00170
  39  5  H     s     0.00135   0.62027
  40  5  H     s     0.00244   0.48449
  41  6 Cl     s    -0.00167  -0.00179
  42  6 Cl     s     0.00744   0.00782
  43  6 Cl     x     0.00943   0.00991
  44  6 Cl     y    -0.00543  -0.00572
  45  6 Cl     z     0.00361   0.00315
  46  6 Cl     s    -0.01719  -0.01868
  47  6 Cl     x    -0.02634  -0.02713
  48  6 Cl     y     0.01518   0.01565
  49  6 Cl     z    -0.00458  -0.00530
  50  6 Cl     s    -0.00947  -0.01059
  51  6 Cl     x    -0.01795  -0.01849
  52  6 Cl     y     0.01034   0.01066
  53  6 Cl     z    -0.00317  -0.00333
  54  6 Cl    xx     0.00001  -0.00002
  55  6 Cl    yy    -0.00002  -0.00006
  56  6 Cl    zz    -0.00002   0.00006
  57  6 Cl    xy    -0.00003  -0.00003
  58  6 Cl    xz     0.00018   0.00018
  59  6 Cl    yz    -0.00010  -0.00011


      GENERAL CONTROLS ($GENCTL)
 ======================================
 Number of electron groups       =    2
 Maximum macro-iterations        =   12
 Energy threshold           = 10**(- 6)
 Restart calculation(0/1/2)      =    0
 Group#                     1  2
 Num. of electrons         34 10
 Num. of spins              0  0
 Num. of orbitals          17  9
 Method#                    1  2

 SYMBOLIC VB STRUCTURE(S) OF GROUP  2
 STR. NO.       RUMER PATTERN  
    1           1  1   2  3   4  5   6  7   8  9
    2           2  2   1  3   4  5   6  7   8  9

 CALCULATE INITIAL STRUCTURE COEFFICIENTS

 OVERLAP MATRIX OF VB ORBITALS FOR GROUP   2

        1      2      3      4      5      6      7      8      9
 ==================================================================
   1 1.0000
   2 0.0216 1.0000
   3-0.3304 0.3304 1.0000
   4-0.1583-0.1583-0.0000 1.0000
   5-0.1355-0.1355-0.0000 0.6909 1.0000
   6-0.1583-0.1584-0.0000 0.1563 0.1631 1.0000
   7-0.1355-0.1355-0.0000 0.1631 0.1736 0.6909 1.0000
   8-0.1583-0.1583 0.0000 0.1562 0.1631 0.1563 0.1631 1.0000
   9-0.1355-0.1355 0.0000 0.1631 0.1736 0.1631 0.1736 0.6909 1.0000

 EIGENVALUES OF OVERLAP MATRIX OF VB ORBITALS
 ============================================
     0.3072D+00    0.3072D+00    0.3094D+00    0.5219D+00    0.8522D+00    0.1363D+01
     0.1363D+01    0.1456D+01    0.2520D+01

 MAP FILE IS: ./MAP/MAP1000t                                                                  

 VB-ORBITAL OPTIMIZATION OF GROUP  2 ...
 GROUP =  2  ITER =  1 CMAX =  0.14456675116188
 GROUP =  2  ITER =  2 CMAX =  0.09750236436467
 GROUP =  2  ITER =  3 CMAX =  0.06914998250760
 GROUP =  2  ITER =  4 CMAX =  0.04250625791415
 GROUP =  2  ITER =  5 CMAX =  0.01844687069937
 GROUP =  2  ITER =  6 CMAX =  0.00301579923857
 GROUP =  2  ITER =  7 CMAX =  0.00110531508748
 GROUP =  2  ITER =  8 CMAX =  0.00133284246592
 GROUP =  2  ITER =  9 CMAX =  0.00009001847709

 ENERGY AND DIFF OF MACROITER    1 =   -958.5133634460   -958.5133634460

 VB-ORBITAL OPTIMIZATION OF GROUP  2 ...
 GROUP =  2  ITER =  1 CMAX =  0.02258341400244
 GROUP =  2  ITER =  2 CMAX =  0.00692247428978
 GROUP =  2  ITER =  3 CMAX =  0.00297411038628
 GROUP =  2  ITER =  4 CMAX =  0.00178390472019
 GROUP =  2  ITER =  5 CMAX =  0.00093564485847

 ENERGY AND DIFF OF MACROITER    2 =   -958.6142893692     -0.1009259231

 VB-ORBITAL OPTIMIZATION OF GROUP  2 ...
 GROUP =  2  ITER =  1 CMAX =  0.00692128284598
 GROUP =  2  ITER =  2 CMAX =  0.00360302805159
 GROUP =  2  ITER =  3 CMAX =  0.00233402849653
 GROUP =  2  ITER =  4 CMAX =  0.00203607824886
 GROUP =  2  ITER =  5 CMAX =  0.00154665715442
 GROUP =  2  ITER =  6 CMAX =  0.00088471209298

 ENERGY AND DIFF OF MACROITER    3 =   -958.6162015296     -0.0019121604

 VB-ORBITAL OPTIMIZATION OF GROUP  2 ...
 GROUP =  2  ITER =  1 CMAX =  0.00187776467951
 GROUP =  2  ITER =  2 CMAX =  0.00123329325088
 GROUP =  2  ITER =  3 CMAX =  0.00046142785869

 ENERGY AND DIFF OF MACROITER    4 =   -958.6162804444     -0.0000789148

 VB-ORBITAL OPTIMIZATION OF GROUP  2 ...
 GROUP =  2  ITER =  1 CMAX =  0.00057522686005

 ENERGY AND DIFF OF MACROITER    5 =   -958.6162925318     -0.0000120874

 VB-ORBITAL OPTIMIZATION OF GROUP  2 ...
 GROUP =  2  ITER =  1 CMAX =  0.00041884584054

 ENERGY AND DIFF OF MACROITER    6 =   -958.6162946507     -0.0000021189

 VB-ORBITAL OPTIMIZATION OF GROUP  2 ...
 GROUP =  2  ITER =  1 CMAX =  0.00025025022883

 ENERGY AND DIFF OF MACROITER    7 =   -958.6162950561     -0.0000004054

 VB-ORBITAL OPTIMIZATION OF GROUP  2 ...
 GROUP =  2  ITER =  1 CMAX =  0.00016136758937

 OVERLAP MATRIX OF VB ORBITALS FOR GROUP   2

        1      2      3      4      5      6      7      8      9
 ==================================================================
   1 1.0000
   2 0.0570 1.0000
   3-0.5884 0.5869 1.0000
   4-0.1884-0.1885 0.0002 1.0000
   5-0.0996-0.0996 0.0001 0.8321 1.0000
   6-0.1884-0.1885 0.0002 0.2377 0.1271 1.0000
   7-0.0996-0.0997 0.0001 0.1271 0.0502 0.8321 1.0000
   8-0.1884-0.1885 0.0002 0.2377 0.1271 0.2377 0.1271 1.0000
   9-0.0996-0.0997 0.0001 0.1271 0.0502 0.1271 0.0502 0.8321 1.0000

 EIGENVALUES OF OVERLAP MATRIX OF VB ORBITALS
 ============================================
     0.1399D+00    0.1449D+00    0.1449D+00    0.1696D+00    0.8995D+00    0.1567D+01
     0.1567D+01    0.1803D+01    0.2564D+01

 ====Normalized structure coefficients====
  0.5360 -0.5378

 ====Mulliken Weight (Chirgwin-Coulson)====
  0.4991  0.5009

 ====Inverse Overlap Weight (Gallup-Norbeck)====
  0.4967  0.5033

 ====Lowdin Weight====
  0.4980  0.5020

 ====Hiberty Weight====
  0.4984  0.5016


 ENERGY AND DIFF OF MACROITER    8 =   -958.6162951404     -0.0000000844

 MULLIKEN CHARGES ON ATOMS
 -------------------------
  ATOM             CHARGE 

    1            -0.39929
    2            -0.61567
    3             0.21021
    4             0.21021
    5             0.21021
    6            -0.61568

 -------------------------


 ORBITALS OF EACH ELECTRON GROUP IN AO BASIS: ORBITAL(GROUP)
 ===========================================================================
    Orbital#             1         2         3         4         5         6
      Group#             1         1         1         1         1         1
 ---------------------------------------------------------------------------
  AO# LABELS
   1  1  C     s  -0.00004  -0.00004   0.99830  -0.00033  -0.00032   0.00000
   2  1  C     s   0.00011   0.00011   0.02325  -0.00002  -0.00002   0.00000
   3  1  C     x  -0.00000  -0.00000  -0.00000  -0.00000  -0.00000  -0.00000
   4  1  C     y  -0.00000  -0.00000  -0.00000  -0.00000  -0.00000   0.00001
   5  1  C     z   0.00036  -0.00036  -0.00000   0.00346  -0.00351  -0.00000
   6  1  C     s  -0.00026  -0.00026  -0.01961  -0.00038  -0.00043  -0.00000
   7  1  C     x  -0.00000  -0.00000  -0.00000  -0.00000  -0.00000  -0.00007
   8  1  C     y  -0.00000  -0.00000  -0.00000  -0.00000  -0.00000   0.00017
   9  1  C     z  -0.00005   0.00005  -0.00000  -0.00133   0.00134   0.00000
  10  1  C    xx  -0.00004  -0.00004  -0.00125  -0.00051  -0.00051  -0.00005
  11  1  C    yy  -0.00004  -0.00004  -0.00125  -0.00051  -0.00051   0.00005
  12  1  C    zz   0.00014   0.00014  -0.00352   0.00179   0.00180  -0.00000
  13  1  C    xy   0.00000   0.00000   0.00000   0.00000   0.00000   0.00002
  14  1  C    xz   0.00000  -0.00000   0.00000   0.00000  -0.00001   0.00001
  15  1  C    yz   0.00000  -0.00000  -0.00000   0.00001  -0.00001  -0.00003
  16  2 Cl     s   0.00000  -0.99547  -0.00053  -0.00002   0.29713  -0.00001
  17  2 Cl     s  -0.00001  -0.01789   0.00228  -0.00004  -1.08560   0.00003
  18  2 Cl     x  -0.00000  -0.00002  -0.00000  -0.00000  -0.00013   0.37438
  19  2 Cl     y  -0.00000  -0.00003  -0.00000  -0.00000  -0.00031  -0.92018
  20  2 Cl     z  -0.00003   0.00221   0.00512   0.00030   0.02189   0.00158
  21  2 Cl     s   0.00000   0.03336  -0.00509  -0.00039   0.12285  -0.00002
  22  2 Cl     x   0.00000   0.00004   0.00000   0.00000   0.00037   0.00784
  23  2 Cl     y   0.00000   0.00008   0.00000   0.00000   0.00080  -0.01928
  24  2 Cl     z   0.00008  -0.00168  -0.01308  -0.00082  -0.01993   0.00003
  25  2 Cl     s   0.00004   0.00706  -0.00165   0.00076   0.08884  -0.00001
  26  2 Cl     x   0.00000   0.00003   0.00000   0.00000   0.00025  -0.00182
  27  2 Cl     y  -0.00000   0.00006   0.00000   0.00000   0.00055   0.00447
  28  2 Cl     z   0.00004  -0.00124  -0.00809  -0.00011  -0.01188  -0.00001
  29  2 Cl    xx   0.00000  -0.00628   0.00017  -0.00016   0.00175  -0.00001
  30  2 Cl    yy   0.00000  -0.00628   0.00017  -0.00016   0.00175   0.00001
  31  2 Cl    zz   0.00003  -0.00617  -0.00057  -0.00004   0.00243   0.00000
  32  2 Cl    xy   0.00000   0.00000   0.00000   0.00000   0.00000   0.00000
  33  2 Cl    xz  -0.00000   0.00000  -0.00000  -0.00000   0.00000   0.00005
  34  2 Cl    yz  -0.00000   0.00000   0.00000  -0.00000   0.00001  -0.00012
  35  3  H     s  -0.00004  -0.00004  -0.00083  -0.00030  -0.00030   0.00002
  36  3  H     s  -0.00003  -0.00004   0.00547  -0.00182  -0.00180  -0.00073
  37  4  H     s  -0.00004  -0.00004  -0.00083  -0.00028  -0.00028  -0.00000
  38  4  H     s  -0.00003  -0.00003   0.00547  -0.00178  -0.00174   0.00011
  39  5  H     s  -0.00004  -0.00004  -0.00083  -0.00029  -0.00029  -0.00002
  40  5  H     s  -0.00003  -0.00003   0.00547  -0.00179  -0.00177   0.00063
  41  6 Cl     s  -0.99545   0.00000  -0.00053   0.29708  -0.00002  -0.00000
  42  6 Cl     s  -0.01795  -0.00001   0.00228  -1.08519  -0.00002   0.00000
  43  6 Cl     x  -0.00001  -0.00000  -0.00000  -0.00007  -0.00000  -0.00001
  44  6 Cl     y  -0.00001  -0.00000  -0.00000  -0.00024  -0.00000   0.00002
  45  6 Cl     z  -0.00218   0.00003  -0.00513  -0.02055  -0.00036  -0.00000
  46  6 Cl     s   0.03332   0.00000  -0.00509   0.12079  -0.00043  -0.00000
  47  6 Cl     x   0.00003   0.00000   0.00000   0.00017   0.00000   0.00003
  48  6 Cl     y   0.00005   0.00000   0.00000   0.00063   0.00001  -0.00008
  49  6 Cl     z   0.00168  -0.00008   0.01308   0.01953   0.00099   0.00001
  50  6 Cl     s   0.00704   0.00004  -0.00165   0.08772   0.00074  -0.00000
  51  6 Cl     x   0.00002   0.00000   0.00000   0.00011   0.00000  -0.00004
  52  6 Cl     y   0.00004   0.00000   0.00000   0.00043   0.00000   0.00011
  53  6 Cl     z   0.00123  -0.00004   0.00809   0.01159   0.00023   0.00001
  54  6 Cl    xx  -0.00628   0.00000   0.00017   0.00175  -0.00016  -0.00001
  55  6 Cl    yy  -0.00628   0.00000   0.00017   0.00175  -0.00016   0.00001
  56  6 Cl    zz  -0.00617   0.00003  -0.00057   0.00243  -0.00004  -0.00000
  57  6 Cl    xy   0.00000   0.00000   0.00000   0.00000   0.00000   0.00000
  58  6 Cl    xz  -0.00000   0.00000  -0.00000  -0.00000   0.00000   0.00001
  59  6 Cl    yz  -0.00000   0.00000  -0.00000  -0.00001   0.00000  -0.00002

 ===========================================================================
    Orbital#             7         8         9        10        11        12
      Group#             1         1         1         1         1         1
 ---------------------------------------------------------------------------
  AO# LABELS
   1  1  C     s   0.00000  -0.00000  -0.00000   0.00020   0.00020  -0.00169
   2  1  C     s   0.00000  -0.00000  -0.00000   0.00103   0.00104   0.00249
   3  1  C     x  -0.00001  -0.00000   0.00001   0.00000   0.00000   0.00001
   4  1  C     y  -0.00000  -0.00001  -0.00000   0.00000   0.00000   0.00002
   5  1  C     z   0.00000  -0.00000  -0.00000  -0.00052   0.00054   0.01781
   6  1  C     s  -0.00000   0.00000   0.00000  -0.00186  -0.00184   0.01475
   7  1  C     x  -0.00017  -0.00003   0.00018   0.00000   0.00000   0.00001
   8  1  C     y  -0.00007  -0.00018  -0.00003   0.00000   0.00000   0.00002
   9  1  C     z   0.00000   0.00000   0.00000  -0.00088   0.00088  -0.00123
  10  1  C    xx   0.00002   0.00005   0.00001   0.00032   0.00032   0.00038
  11  1  C    yy  -0.00002  -0.00005  -0.00001   0.00032   0.00032   0.00039
  12  1  C    zz  -0.00000   0.00000   0.00000  -0.00120  -0.00120  -0.00258
  13  1  C    xy   0.00006   0.00001  -0.00006  -0.00000  -0.00000  -0.00000
  14  1  C    xz   0.00003  -0.00001   0.00004  -0.00000   0.00000   0.00003
  15  1  C    yz   0.00001  -0.00004  -0.00001  -0.00000   0.00000   0.00006
  16  2 Cl     s  -0.00001   0.00000   0.00000   0.00001  -0.00532  -0.03835
  17  2 Cl     s   0.00002  -0.00000  -0.00000   0.00008   0.02495   0.13719
  18  2 Cl     x   0.92018  -0.00000   0.00002   0.00000  -0.00059   0.00072
  19  2 Cl     y   0.37438  -0.00002  -0.00000   0.00000   0.00155   0.00139
  20  2 Cl     z   0.00005  -0.00000  -0.00000   0.00011   0.98777  -0.12264
  21  2 Cl     s  -0.00001   0.00000   0.00000   0.00030  -0.04814  -0.67785
  22  2 Cl     x   0.01928   0.00001  -0.00009  -0.00000  -0.00014  -0.00175
  23  2 Cl     y   0.00784   0.00009   0.00001  -0.00000  -0.00024  -0.00374
  24  2 Cl     z   0.00000   0.00001   0.00000  -0.00018   0.02929   0.13870
  25  2 Cl     s  -0.00001   0.00000   0.00000  -0.00126  -0.02725  -0.36884
  26  2 Cl     x  -0.00448  -0.00002   0.00012  -0.00000  -0.00008  -0.00119
  27  2 Cl     y  -0.00182  -0.00012  -0.00002  -0.00000  -0.00019  -0.00255
  28  2 Cl     z   0.00000   0.00000   0.00000  -0.00096  -0.00026   0.09541
  29  2 Cl    xx   0.00000   0.00001   0.00000   0.00020  -0.00027  -0.00039
  30  2 Cl    yy  -0.00000  -0.00001  -0.00000   0.00020  -0.00027  -0.00039
  31  2 Cl    zz  -0.00000   0.00000   0.00000   0.00000   0.00020  -0.00133
  32  2 Cl    xy   0.00001   0.00000  -0.00001  -0.00000  -0.00000  -0.00000
  33  2 Cl    xz   0.00012  -0.00000   0.00002   0.00000  -0.00000  -0.00002
  34  2 Cl    yz   0.00005  -0.00002  -0.00000   0.00000  -0.00000  -0.00004
  35  3  H     s  -0.00001  -0.00002  -0.00000   0.00022   0.00022  -0.00015
  36  3  H     s   0.00030   0.00078   0.00013   0.00153   0.00153  -0.00931
  37  4  H     s   0.00002   0.00001  -0.00002   0.00021   0.00021  -0.00022
  38  4  H     s  -0.00078  -0.00050   0.00061   0.00152   0.00151  -0.00957
  39  5  H     s  -0.00001   0.00001   0.00002   0.00021   0.00021  -0.00019
  40  5  H     s   0.00049  -0.00028  -0.00074   0.00152   0.00151  -0.00946
  41  6 Cl     s  -0.00000   0.00001   0.00000  -0.00502   0.00001   0.00134
  42  6 Cl     s   0.00000  -0.00000   0.00000   0.02374   0.00007  -0.00534
  43  6 Cl     x  -0.00002   0.16080  -0.98032  -0.00011   0.00000   0.00001
  44  6 Cl     y  -0.00001   0.98032   0.16080   0.00094   0.00000   0.00001
  45  6 Cl     z  -0.00000   0.00082   0.00027  -0.98793  -0.00008   0.02300
  46  6 Cl     s  -0.00000   0.00000   0.00000  -0.04726   0.00032   0.01421
  47  6 Cl     x   0.00008   0.00337  -0.02054  -0.00006  -0.00000  -0.00002
  48  6 Cl     y   0.00003   0.02053   0.00337  -0.00020  -0.00000  -0.00003
  49  6 Cl     z   0.00000   0.00001   0.00001  -0.02912   0.00012  -0.05929
  50  6 Cl     s  -0.00000   0.00000   0.00000  -0.02675  -0.00126   0.00440
  51  6 Cl     x  -0.00011  -0.00078   0.00477  -0.00004  -0.00000  -0.00000
  52  6 Cl     y  -0.00004  -0.00477  -0.00078  -0.00015  -0.00000  -0.00000
  53  6 Cl     z   0.00000  -0.00001  -0.00000   0.00038   0.00092  -0.03927
  54  6 Cl    xx   0.00000   0.00001   0.00000  -0.00027   0.00020  -0.00010
  55  6 Cl    yy  -0.00000  -0.00001  -0.00000  -0.00027   0.00020  -0.00010
  56  6 Cl    zz  -0.00000  -0.00000  -0.00000   0.00020   0.00000   0.00214
  57  6 Cl    xy   0.00001   0.00000  -0.00001  -0.00000  -0.00000  -0.00000
  58  6 Cl    xz   0.00002  -0.00002   0.00012   0.00000  -0.00000  -0.00001
  59  6 Cl    yz   0.00001  -0.00012  -0.00002   0.00000  -0.00000  -0.00001

 ===========================================================================
    Orbital#            13        14        15        16        17        18
      Group#             1         1         1         1         1         2
 ---------------------------------------------------------------------------
  AO# LABELS
   1  1  C     s  -0.00169   0.00001   0.00001  -0.00001   0.00000   0.00701
   2  1  C     s   0.00250  -0.00002  -0.00002   0.00001  -0.00001  -0.02888
   3  1  C     x   0.00000   0.00212   0.00208   0.00172  -0.00176  -0.00000
   4  1  C     y   0.00001   0.00171   0.00176  -0.00212   0.00208  -0.00000
   5  1  C     z  -0.01783  -0.00010   0.00007   0.00005   0.00005   0.05578
   6  1  C     s   0.01476  -0.00009  -0.00007   0.00005  -0.00004  -0.05191
   7  1  C     x   0.00000   0.00263   0.00258   0.00212  -0.00218  -0.00000
   8  1  C     y   0.00002   0.00212   0.00218  -0.00263   0.00258  -0.00000
   9  1  C     z   0.00122   0.00001  -0.00001  -0.00000  -0.00000   0.04472
  10  1  C    xx   0.00038  -0.00066  -0.00068   0.00081  -0.00080   0.00999
  11  1  C    yy   0.00039   0.00066   0.00068  -0.00082   0.00080   0.00999
  12  1  C    zz  -0.00258   0.00001   0.00000  -0.00000   0.00001  -0.03340
  13  1  C    xy  -0.00000  -0.00094  -0.00092  -0.00076   0.00078   0.00000
  14  1  C    xz  -0.00001   0.00888  -0.00872   0.00717   0.00737   0.00000
  15  1  C    yz  -0.00005   0.00717  -0.00737  -0.00888  -0.00872  -0.00000
  16  2 Cl     s   0.00134   0.00044  -0.00001  -0.00021  -0.00000  -0.01521
  17  2 Cl     s  -0.00535  -0.00202   0.00003   0.00098   0.00001   0.06307
  18  2 Cl     x   0.00000   0.20929   0.00113   0.16902  -0.00096  -0.00000
  19  2 Cl     y   0.00001   0.16902   0.00096  -0.20929   0.00113  -0.00003
  20  2 Cl     z  -0.02303   0.00033   0.00013  -0.00018   0.00006   0.26675
  21  2 Cl     s   0.01423   0.00384  -0.00008  -0.00186  -0.00004  -0.16066
  22  2 Cl     x  -0.00001  -0.52993  -0.00359  -0.42796   0.00304   0.00000
  23  2 Cl     y  -0.00003  -0.42794  -0.00304   0.52993  -0.00359   0.00009
  24  2 Cl     z   0.05936  -0.00085  -0.00032   0.00045  -0.00016  -0.69473
  25  2 Cl     s   0.00440   0.00211  -0.00003  -0.00103  -0.00001  -0.05848
  26  2 Cl     x  -0.00000  -0.36134  -0.00009  -0.29181   0.00008   0.00000
  27  2 Cl     y  -0.00001  -0.29180  -0.00008   0.36134  -0.00009   0.00006
  28  2 Cl     z   0.03932  -0.00057  -0.00022   0.00031  -0.00011  -0.40730
  29  2 Cl    xx  -0.00010  -0.00024  -0.00017   0.00030  -0.00020   0.00597
  30  2 Cl    yy  -0.00010   0.00025   0.00017  -0.00031   0.00020   0.00597
  31  2 Cl    zz   0.00215   0.00001  -0.00001  -0.00000  -0.00001  -0.02082
  32  2 Cl    xy  -0.00000  -0.00035  -0.00023  -0.00029   0.00020   0.00000
  33  2 Cl    xz   0.00000  -0.00622   0.00184  -0.00502  -0.00155  -0.00000
  34  2 Cl    yz   0.00001  -0.00502   0.00155   0.00622   0.00184   0.00000
  35  3  H     s  -0.00016   0.00402   0.00413  -0.00498   0.00489   0.01244
  36  3  H     s  -0.00934   0.01556   0.01598  -0.01924   0.01887   0.08647
  37  4  H     s  -0.00021  -0.00632  -0.00629  -0.00100   0.00113   0.01245
  38  4  H     s  -0.00953  -0.02431  -0.02422  -0.00387   0.00440   0.08648
  39  5  H     s  -0.00020   0.00230   0.00217   0.00597  -0.00602   0.01244
  40  5  H     s  -0.00948   0.00894   0.00841   0.02298  -0.02319   0.08647
  41  6 Cl     s  -0.03921  -0.00001   0.00030   0.00000   0.00024  -0.00525
  42  6 Cl     s   0.14058   0.00003  -0.00140  -0.00002  -0.00098   0.02129
  43  6 Cl     x   0.00034   0.00115   0.20545   0.00093  -0.17367  -0.00003
  44  6 Cl     y   0.00118   0.00093   0.17367  -0.00115   0.20544  -0.00002
  45  6 Cl     z   0.12162  -0.00015  -0.00026   0.00009  -0.00016   0.00603
  46  6 Cl     s  -0.67827  -0.00009   0.00274   0.00005   0.00192  -0.06389
  47  6 Cl     x  -0.00084  -0.00366  -0.52020  -0.00295   0.43973   0.00007
  48  6 Cl     y  -0.00314  -0.00295  -0.43972   0.00366  -0.52020   0.00006
  49  6 Cl     z  -0.13884   0.00038   0.00066  -0.00023   0.00040  -0.00523
  50  6 Cl     s  -0.36914  -0.00003   0.00150   0.00002   0.00106  -0.07594
  51  6 Cl     x  -0.00057  -0.00010  -0.35471  -0.00008   0.29984   0.00005
  52  6 Cl     y  -0.00214  -0.00008  -0.29983   0.00010  -0.35470   0.00004
  53  6 Cl     z  -0.09548   0.00025   0.00045  -0.00015   0.00027   0.06551
  54  6 Cl    xx  -0.00040  -0.00016  -0.00025   0.00020  -0.00030   0.00002
  55  6 Cl    yy  -0.00040   0.00017   0.00026  -0.00020   0.00030   0.00002
  56  6 Cl    zz  -0.00134  -0.00001   0.00000   0.00001   0.00000  -0.01129
  57  6 Cl    xy  -0.00000  -0.00024  -0.00035  -0.00019   0.00029   0.00000
  58  6 Cl    xz   0.00001  -0.00187   0.00611  -0.00151  -0.00516  -0.00000
  59  6 Cl    yz   0.00004  -0.00151   0.00516   0.00187   0.00611  -0.00000

 ===========================================================================
    Orbital#            19        20        21        22        23        24
      Group#             2         2         2         2         2         2
 ---------------------------------------------------------------------------
  AO# LABELS
   1  1  C     s   0.00701   0.00000  -0.15160  -0.07668  -0.15160  -0.07668
   2  1  C     s  -0.02889  -0.00002   0.45422   0.03468   0.45421   0.03469
   3  1  C     x  -0.00000   0.00000   0.00000   0.00000  -0.46925  -0.11651
   4  1  C     y  -0.00000  -0.00000   0.54185   0.13454  -0.27092  -0.06727
   5  1  C     z  -0.05567  -0.46472  -0.00003  -0.00002  -0.00003  -0.00002
   6  1  C     s  -0.05197  -0.00000   0.31850   0.17113   0.31850   0.17113
   7  1  C     x  -0.00000   0.00000   0.00000   0.00000  -0.14063  -0.11818
   8  1  C     y  -0.00000  -0.00000   0.16239   0.13646  -0.08119  -0.06823
   9  1  C     z  -0.04463  -0.40576  -0.00003  -0.00002  -0.00003  -0.00002
  10  1  C    xx   0.00999   0.00000  -0.03826   0.01656   0.02929   0.01237
  11  1  C    yy   0.00999   0.00000   0.05182   0.01098  -0.01574   0.01517
  12  1  C    zz  -0.03343  -0.00000  -0.03930   0.01774  -0.03929   0.01774
  13  1  C    xy   0.00000  -0.00000  -0.00000  -0.00000   0.04504  -0.00279
  14  1  C    xz   0.00000  -0.00000  -0.00000  -0.00000  -0.00000  -0.00000
  15  1  C    yz  -0.00000  -0.00000  -0.00000   0.00000   0.00000  -0.00000
  16  2 Cl     s  -0.00527  -0.00134  -0.00187  -0.00239  -0.00186  -0.00239
  17  2 Cl     s   0.02136   0.01022   0.00985   0.01301   0.00985   0.01301
  18  2 Cl     x  -0.00000   0.00000   0.00000   0.00000  -0.01173  -0.01358
  19  2 Cl     y  -0.00003   0.00000   0.01356   0.01569  -0.00676  -0.00784
  20  2 Cl     z  -0.00560  -0.12147  -0.01464  -0.00378  -0.01465  -0.00379
  21  2 Cl     s  -0.06407  -0.03252  -0.01683  -0.02063  -0.01682  -0.02062
  22  2 Cl     x   0.00000  -0.00000  -0.00000  -0.00000   0.03226   0.03628
  23  2 Cl     y   0.00009  -0.00000  -0.03728  -0.04191   0.01859   0.02093
  24  2 Cl     z   0.00409   0.28074   0.03366   0.00704   0.03369   0.00707
  25  2 Cl     s  -0.07598  -0.16423  -0.02921  -0.04780  -0.02921  -0.04779
  26  2 Cl     x   0.00000  -0.00000  -0.00000  -0.00000   0.03472   0.04806
  27  2 Cl     y   0.00006  -0.00000  -0.04012  -0.05551   0.02002   0.02774
  28  2 Cl     z  -0.06618   0.08767  -0.00615  -0.03325  -0.00614  -0.03323
  29  2 Cl    xx   0.00003  -0.00999  -0.00570  -0.00286  -0.00379  -0.00197
  30  2 Cl    yy   0.00003  -0.00999  -0.00315  -0.00167  -0.00506  -0.00256
  31  2 Cl    zz  -0.01131   0.05329   0.01068   0.00980   0.01068   0.00980
  32  2 Cl    xy   0.00000  -0.00000  -0.00000  -0.00000   0.00127   0.00059
  33  2 Cl    xz  -0.00000   0.00000   0.00000   0.00000  -0.00876  -0.00735
  34  2 Cl    yz   0.00000  -0.00000   0.01012   0.00848  -0.00506  -0.00424
  35  3  H     s   0.01245  -0.00000   0.06535   0.55591   0.00261  -0.01019
  36  3  H     s   0.08658  -0.00002   0.05986   0.30495  -0.04478  -0.03207
  37  4  H     s   0.01246  -0.00000   0.00261  -0.01019   0.06535   0.55591
  38  4  H     s   0.08659  -0.00002  -0.04478  -0.03207   0.05984   0.30494
  39  5  H     s   0.01245  -0.00000   0.00261  -0.01019   0.00261  -0.01019
  40  5  H     s   0.08659  -0.00002  -0.04478  -0.03207  -0.04478  -0.03207
  41  6 Cl     s  -0.01521   0.00135  -0.00187  -0.00239  -0.00187  -0.00239
  42  6 Cl     s   0.06312  -0.01027   0.00984   0.01301   0.00984   0.01300
  43  6 Cl     x  -0.00003   0.00000   0.00001   0.00001  -0.01172  -0.01358
  44  6 Cl     y  -0.00002   0.00000   0.01355   0.01569  -0.00676  -0.00784
  45  6 Cl     z  -0.26672  -0.12135   0.01460   0.00375   0.01461   0.00376
  46  6 Cl     s  -0.16080   0.03264  -0.01681  -0.02062  -0.01680  -0.02061
  47  6 Cl     x   0.00007  -0.00000  -0.00002  -0.00001   0.03223   0.03627
  48  6 Cl     y   0.00006  -0.00000  -0.03727  -0.04191   0.01860   0.02094
  49  6 Cl     z   0.69465   0.28043  -0.03356  -0.00697  -0.03359  -0.00699
  50  6 Cl     s  -0.05863   0.16431  -0.02918  -0.04778  -0.02917  -0.04777
  51  6 Cl     x   0.00005  -0.00000  -0.00002  -0.00001   0.03471   0.04806
  52  6 Cl     y   0.00004  -0.00000  -0.04011  -0.05551   0.02003   0.02774
  53  6 Cl     z   0.40737   0.08744   0.00620   0.03328   0.00618   0.03326
  54  6 Cl    xx   0.00597   0.00999  -0.00570  -0.00286  -0.00379  -0.00197
  55  6 Cl    yy   0.00597   0.00999  -0.00315  -0.00167  -0.00506  -0.00256
  56  6 Cl    zz  -0.02082  -0.05329   0.01067   0.00980   0.01068   0.00980
  57  6 Cl    xy   0.00000  -0.00000  -0.00000  -0.00000   0.00127   0.00059
  58  6 Cl    xz  -0.00000  -0.00000   0.00000   0.00000   0.00876   0.00735
  59  6 Cl    yz  -0.00000   0.00000  -0.01012  -0.00848   0.00506   0.00424

 ===========================================================================
    Orbital#            25        26
      Group#             2         2
 ---------------------------------------------------------------------------
  AO# LABELS
   1  1  C     s  -0.15160  -0.07668
   2  1  C     s   0.45421   0.03468
   3  1  C     x   0.46925   0.11651
   4  1  C     y  -0.27092  -0.06727
   5  1  C     z  -0.00003  -0.00002
   6  1  C     s   0.31850   0.17113
   7  1  C     x   0.14063   0.11818
   8  1  C     y  -0.08120  -0.06823
   9  1  C     z  -0.00003  -0.00002
  10  1  C    xx   0.02929   0.01237
  11  1  C    yy  -0.01574   0.01517
  12  1  C    zz  -0.03929   0.01774
  13  1  C    xy  -0.04504   0.00279
  14  1  C    xz  -0.00000  -0.00000
  15  1  C    yz   0.00000  -0.00000
  16  2 Cl     s  -0.00186  -0.00239
  17  2 Cl     s   0.00985   0.01301
  18  2 Cl     x   0.01173   0.01358
  19  2 Cl     y  -0.00676  -0.00784
  20  2 Cl     z  -0.01465  -0.00379
  21  2 Cl     s  -0.01682  -0.02062
  22  2 Cl     x  -0.03226  -0.03628
  23  2 Cl     y   0.01859   0.02093
  24  2 Cl     z   0.03368   0.00706
  25  2 Cl     s  -0.02921  -0.04779
  26  2 Cl     x  -0.03472  -0.04807
  27  2 Cl     y   0.02002   0.02774
  28  2 Cl     z  -0.00614  -0.03323
  29  2 Cl    xx  -0.00379  -0.00197
  30  2 Cl    yy  -0.00506  -0.00256
  31  2 Cl    zz   0.01068   0.00980
  32  2 Cl    xy  -0.00127  -0.00059
  33  2 Cl    xz   0.00876   0.00735
  34  2 Cl    yz  -0.00506  -0.00424
  35  3  H     s   0.00261  -0.01019
  36  3  H     s  -0.04478  -0.03207
  37  4  H     s   0.00261  -0.01019
  38  4  H     s  -0.04478  -0.03207
  39  5  H     s   0.06535   0.55591
  40  5  H     s   0.05985   0.30494
  41  6 Cl     s  -0.00187  -0.00239
  42  6 Cl     s   0.00984   0.01300
  43  6 Cl     x   0.01174   0.01359
  44  6 Cl     y  -0.00676  -0.00784
  45  6 Cl     z   0.01461   0.00376
  46  6 Cl     s  -0.01680  -0.02061
  47  6 Cl     x  -0.03228  -0.03630
  48  6 Cl     y   0.01860   0.02094
  49  6 Cl     z  -0.03358  -0.00699
  50  6 Cl     s  -0.02917  -0.04777
  51  6 Cl     x  -0.03474  -0.04807
  52  6 Cl     y   0.02003   0.02774
  53  6 Cl     z   0.00618   0.03326
  54  6 Cl    xx  -0.00379  -0.00197
  55  6 Cl    yy  -0.00506  -0.00256
  56  6 Cl    zz   0.01067   0.00980
  57  6 Cl    xy  -0.00127  -0.00059
  58  6 Cl    xz  -0.00876  -0.00735
  59  6 Cl    yz   0.00506   0.00424


 WORDS OF DYNAMIC MEMORY USED IN VB2000 CODE ONLY:     1835836

 STATISTICS OF CPU TIMES (SECONDS)
 CPU TIME FOR INITIALIZATION        0.440
 CPU TIME FOR MACROITERATION       16.917
 TOTAL CPU TIME                    17.357

