
 **************************************************************
 *                                                            *
 *                        V B 2 0 0 0                         *
 *                                                            *
 * An ab initio Valence-Bond Program Based on the Generalized *
 *    Product Function Method and the Algebrant Algorithm     *
 *                                                            *
 *                  Version 2.8 November 2017                 *
 *                     Stand-alone Version                    *
 *                      Compiler GFORTRAN                     *
 *                                                            *
 *     Memory = 12500000 for MAP file up to 16 electrons      *
 *                                                            *
 *         Jiabo Li*, Brian Duke** and Roy McWeeny***         *
 *                                                            *
 *        * SciNet Technologies, 9943 Fieldthorn St.,         *
 *                   San Diego, CA 92127, USA                 *
 *                                                            *
 *  ** Monash University Institute of Pharmaceutical Sciences,*
 *          Monash University, 381 Royal Pde, Parkville,      *
 *                    Victoria, 3052, Australia               *
 *                                                            *
 *      *** Department of Chemistry, University of Pisa,      *
 *                       56100 Pisa, Italy                    *
 *                                                            *
 *  Reference for the software:                               *
 *     Jiabo Li, Brian Duke, and Roy McWeeny, VB2000 Version  *
 *     2.8, SciNet Technologies, San Diego, CA, 2013          *
 *     URL: http://www.scinetec.com or http://www.vb2000.net  *
 *                                                            *
 *  References for the theory:                                *
 *     General:                                               *
 *     Jiabo Li, and Roy McWeeny, "VB2000: Pushing Valence    *
 *     Bond Theory to New Limits", Int. J. Quantum Chem.,     *
 *     89(2002)208-216.                                       *
 *                                                            *
 *     Spin densities:-                                       *
 *     Jiabo Li, Brian J. Duke, Thomas M. Klapoetke, and Roy  *
 *     McWeeny, Spin-Density of Spin-Free Valence Bond Wave   *
 *     Functions and Its Implementation in VB2000. J. Theor.  *
 *     Comp. Chem. 7(2008)853-867.                            *
 *                                                            *
 *     Spin coupled - n electrons in m orbitals:-             *
 *     Peter B. Karadakov, David L. Cooper, Brian J. Duke,    *
 *     and Jiabo Li, Spin-Coupled Theory for N Electrons in   *
 *     M Orbitals Active Spaces,  J. Phys. Chem. A, 116,      *
 *     7238 - 7244, 2012                                      *
 *                                                            *
 *     Copyright (C) 2018 GNU General Public License          *
 **************************************************************

 JOB NAME IS ethanoldot                                                      

 VB2000 DIRECTORY IS: .                                                                               
 MAXIMUM DYNAMIC MEMORY IS:        6500000

 Input of molecule
 =================
 #! VB(8).VB(8)/D95 PRINTALL                                                     
                                                                                 
 Title: TEST C2H5OH (TWO VB GROUPS)                                                     

 Charge =  0 Multiplicity =  1

 BASIS SET FILE IS: ./BASET/D95                                                                     

 Cartesian coordinates of atoms in Angstrom
 ----------------------------------------------------
                    X             Y             Z   

  C     6.0     -0.441300      1.909500     -0.148600
  H     1.0      0.152900      2.783400     -0.419400
  H     1.0     -1.262400      1.836600     -0.862200
  H     1.0     -0.875400      2.088400      0.835200
  H     1.0     -0.207600     -0.237900      0.088700
  C     6.0      0.402900      0.628000     -0.166600
  H     1.0      0.833800      0.454300     -1.153100
  H     1.0      2.038700      1.442000      0.505600
  O     8.0      1.447700      0.723000      0.781400
 ----------------------------------------------------

 Total number of two-electron integrals =       395721
 Time for integral evaluation                    0.272

 SKIPPED INTEGRALS =                              9640
 Number of iter =     30, DMAX =        0.000006774327
 Final Hartree-Fock Energy =         -154.041776435598

 Molecular orbitals by HF method
 ===============================================================================
 MO#                       1         2         3         4         5         6
 E(a.u.)             -20.546   -11.285   -11.225    -1.366    -1.015    -0.856
 -------------------------------------------------------------------------------

   1  1  C     s     0.00000   0.00287  -0.60084   0.01007   0.09632  -0.06703
   2  1  C     s    -0.00000   0.00204  -0.43740   0.01341   0.12973  -0.09047
   3  1  C     s    -0.00003   0.00022  -0.00511  -0.03610  -0.34416   0.23481
   4  1  C     s     0.00034   0.00031   0.00144  -0.01180  -0.28894   0.29574
   5  1  C     x     0.00004   0.00019  -0.00003  -0.01561  -0.02428  -0.06157
   6  1  C     y    -0.00005  -0.00033  -0.00001   0.01653   0.04459   0.11979
   7  1  C     z     0.00001  -0.00002   0.00007  -0.00305   0.00745   0.00671
   8  1  C     x    -0.00004   0.00007   0.00007   0.00029   0.01250   0.01342
   9  1  C     y    -0.00009  -0.00004  -0.00010  -0.00662  -0.00962  -0.00878
  10  1  C     z     0.00034   0.00007  -0.00003  -0.00661  -0.00053   0.00082
  11  2  H     s    -0.00003  -0.00003  -0.00043  -0.00708  -0.09522   0.10664
  12  2  H     s     0.00004  -0.00000  -0.00026   0.00090  -0.00736   0.03705
  13  3  H     s     0.00000  -0.00004  -0.00044  -0.00409  -0.09916   0.09419
  14  3  H     s    -0.00003   0.00001  -0.00026   0.00137  -0.00210   0.03656
  15  4  H     s    -0.00001  -0.00003  -0.00047  -0.00692  -0.09360   0.10029
  16  4  H     s    -0.00020  -0.00003  -0.00024   0.00365  -0.00098   0.03152
  17  5  H     s     0.00003   0.00057   0.00005  -0.02348  -0.07622  -0.12876
  18  5  H     s     0.00055  -0.00002  -0.00003  -0.00075  -0.01043  -0.04144
  19  6  C     s    -0.00001   0.60095   0.00298   0.04565   0.07361   0.07879
  20  6  C     s    -0.00003   0.43743   0.00221   0.06099   0.09951   0.10712
  21  6  C     s     0.00029   0.00463  -0.00017  -0.15918  -0.27414  -0.29560
  22  6  C     s    -0.00133  -0.00034  -0.00044  -0.07954  -0.20280  -0.31940
  23  6  C     x    -0.00004   0.00063   0.00020  -0.08245   0.08477  -0.04377
  24  6  C     y    -0.00002   0.00018  -0.00031  -0.01573  -0.06177   0.14744
  25  6  C     z    -0.00002   0.00048  -0.00001  -0.06746   0.03321   0.02358
  26  6  C     x     0.00001  -0.00009   0.00009   0.01123  -0.00496   0.01651
  27  6  C     y     0.00034  -0.00017  -0.00015  -0.00229   0.00179  -0.00977
  28  6  C     z    -0.00074  -0.00015  -0.00002   0.01806   0.01593   0.01640
  29  7  H     s     0.00008   0.00051   0.00005  -0.02520  -0.07606  -0.12143
  30  7  H     s    -0.00011   0.00001  -0.00005   0.00757   0.00406  -0.03382
  31  8  H     s     0.00006   0.00005   0.00001  -0.12579   0.06894   0.11245
  32  8  H     s     0.00006   0.00006  -0.00003  -0.00218   0.02469   0.05286
  33  9  O     s     0.58098  -0.00008  -0.00000   0.12459  -0.03475  -0.01954
  34  9  O     s     0.46126  -0.00012  -0.00001   0.17267  -0.04823  -0.02716
  35  9  O     s    -0.00026   0.00042   0.00002  -0.48417   0.13443   0.07610
  36  9  O     s     0.00236  -0.00038   0.00003  -0.43079   0.16445   0.10751
  37  9  O     x    -0.00012  -0.00029  -0.00003   0.02259   0.09725   0.17238
  38  9  O     y     0.00097  -0.00001   0.00002  -0.06487   0.03377   0.13512
  39  9  O     z    -0.00131  -0.00027  -0.00001   0.09928   0.02719   0.09003
  40  9  O     x    -0.00031   0.00021  -0.00000   0.00055   0.01860   0.03607
  41  9  O     y    -0.00057  -0.00004   0.00001  -0.01723   0.00546   0.03097
  42  9  O     z     0.00037   0.00026  -0.00000   0.02211   0.00392   0.02183

 MO#                       7         8         9        10        11        12
 E(a.u.)              -0.688    -0.626    -0.606    -0.545    -0.527    -0.476
 -------------------------------------------------------------------------------

   1  1  C     s     0.00768  -0.00104   0.00693  -0.00023  -0.00186  -0.00723
   2  1  C     s     0.01035  -0.00135   0.00943  -0.00020  -0.00266  -0.00993
   3  1  C     s    -0.02557   0.00092  -0.02421  -0.00275   0.00955   0.02427
   4  1  C     s    -0.05741   0.02176  -0.04987   0.00351   0.00655   0.06403
   5  1  C     x     0.08137  -0.26697   0.12530   0.14613  -0.31994   0.03001
   6  1  C     y    -0.02869  -0.11443  -0.26767  -0.10072  -0.26462  -0.17929
   7  1  C     z    -0.13910  -0.05164   0.17856  -0.42112  -0.10164   0.18978
   8  1  C     x     0.00111  -0.04626   0.02808   0.06419  -0.09891   0.02406
   9  1  C     y    -0.00782  -0.02948  -0.04215  -0.01569  -0.06468  -0.04565
  10  1  C     z    -0.02525  -0.01894   0.05474  -0.11683  -0.02445   0.02497
  11  2  H     s     0.01831  -0.11466  -0.10804   0.05918  -0.21089  -0.10088
  12  2  H     s     0.02294  -0.08076  -0.08218   0.03187  -0.19055  -0.12567
  13  3  H     s     0.00506   0.12599  -0.11111   0.09883   0.19427  -0.07087
  14  3  H     s     0.00134   0.09398  -0.07594   0.09158   0.15507  -0.07327
  15  4  H     s    -0.08753   0.02143   0.02661  -0.25113  -0.00161   0.09867
  16  4  H     s    -0.05022   0.02129   0.00768  -0.18842  -0.00991   0.10737
  17  5  H     s    -0.04592   0.16704   0.05193  -0.02866  -0.13078  -0.18020
  18  5  H     s    -0.00613   0.09167   0.03610  -0.05178  -0.09874  -0.21314
  19  6  C     s    -0.01473   0.00266  -0.01737   0.00081   0.00182   0.00144
  20  6  C     s    -0.01961   0.00387  -0.02374   0.00096   0.00235   0.00185
  21  6  C     s     0.04725  -0.01465   0.06490  -0.00370  -0.00257  -0.01010
  22  6  C     s     0.06210   0.01557   0.07379   0.01618  -0.04318   0.04862
  23  6  C     x     0.04061  -0.27743  -0.26982  -0.11955   0.16246   0.05209
  24  6  C     y     0.07303  -0.26161   0.18241   0.15051   0.18716   0.24102
  25  6  C     z    -0.35052  -0.07573   0.10947   0.02033   0.06403  -0.28454
  26  6  C     x     0.02964  -0.04582  -0.04862  -0.03888   0.02837   0.02456
  27  6  C     y     0.03996  -0.07463   0.03755   0.00351   0.06132   0.01651
  28  6  C     z    -0.05782   0.02564   0.00520   0.03381  -0.01703   0.00007
  29  7  H     s     0.17142  -0.00215  -0.08447  -0.04620  -0.02229   0.15327
  30  7  H     s     0.10345   0.01849  -0.08492  -0.03610  -0.02956   0.17600
  31  8  H     s     0.18778   0.06969   0.11087  -0.07053  -0.01447  -0.11296
  32  8  H     s     0.09163   0.05571   0.05620  -0.03535  -0.03163  -0.07855
  33  9  O     s     0.02346  -0.01562   0.01656  -0.01875   0.00655  -0.02445
  34  9  O     s     0.03272  -0.02184   0.02311  -0.02619   0.00926  -0.03422
  35  9  O     s    -0.09561   0.06892  -0.06758   0.07884  -0.03489   0.10677
  36  9  O     s    -0.13208   0.07265  -0.09523   0.10895  -0.00781   0.13248
  37  9  O     x     0.32549   0.29118  -0.03502  -0.14310  -0.14613   0.03613
  38  9  O     y     0.22459  -0.06347   0.39101  -0.00257   0.04939  -0.23637
  39  9  O     z    -0.13465   0.20723   0.11746   0.28994  -0.26064   0.34137
  40  9  O     x     0.10156   0.12002  -0.03160  -0.06221  -0.06980   0.03687
  41  9  O     y     0.07549  -0.03379   0.17408   0.00097   0.02478  -0.12371
  42  9  O     z    -0.06504   0.08574   0.04629   0.14734  -0.13360   0.19669

 MO#                      13        14        15        16        17        18
 E(a.u.)              -0.439     0.228     0.256     0.284     0.314     0.336
 -------------------------------------------------------------------------------

   1  1  C     s     0.01683  -0.00668   0.05660   0.02811   0.00732  -0.00627
   2  1  C     s     0.02363  -0.00982   0.07494   0.03946   0.00972  -0.00849
   3  1  C     s    -0.06604   0.03969  -0.05256  -0.09024  -0.00110   0.00808
   4  1  C     s    -0.14039   0.13958  -2.80628  -1.25756  -0.52041   0.37310
   5  1  C     x    -0.21753   0.00422  -0.02462   0.04175   0.02007  -0.11365
   6  1  C     y     0.21448   0.10578  -0.05244  -0.06455  -0.07245  -0.03112
   7  1  C     z     0.00412  -0.02003  -0.00496   0.01358   0.07914   0.06663
   8  1  C     x    -0.01449  -0.27785  -1.01655   0.30222   0.99996  -1.92201
   9  1  C     y     0.09207   0.76119   0.93656  -1.11161   0.54848  -1.15504
  10  1  C     z     0.02379  -0.13951  -0.19239  -0.38834   1.76946   1.64749
  11  2  H     s    -0.00134   0.03944  -0.00927   0.03625  -0.00386   0.09647
  12  2  H     s    -0.00653  -0.44112   0.57628   1.07346  -0.03016   1.86641
  13  3  H     s     0.06140  -0.04796  -0.02325  -0.05611   0.01657  -0.01222
  14  3  H     s     0.11866  -0.48708   0.10159   0.20636   1.48630  -0.52177
  15  4  H     s     0.04977   0.01929   0.00173   0.03773  -0.01147  -0.08458
  16  4  H     s     0.07571  -0.17024   0.46152   1.07041  -0.71260  -1.90032
  17  5  H     s     0.00587   0.01127  -0.01110  -0.01709  -0.05188  -0.04348
  18  5  H     s     0.00357  -0.59574   0.16395   0.59153  -1.10871   0.54570
  19  6  C     s     0.00374  -0.01857  -0.03394   0.05287  -0.00335   0.00129
  20  6  C     s     0.00551  -0.02342  -0.04362   0.07417  -0.00316   0.00126
  21  6  C     s    -0.01860  -0.00433  -0.01734  -0.15980  -0.03893   0.01469
  22  6  C     s    -0.01128   1.30682   1.97454  -1.90763   0.95216  -0.22939
  23  6  C     x     0.17823  -0.10762  -0.09103  -0.04840  -0.09418   0.00459
  24  6  C     y    -0.19596  -0.00799   0.07070   0.04588  -0.08664   0.03322
  25  6  C     z    -0.14063  -0.17804  -0.02251  -0.00747  -0.07665  -0.01916
  26  6  C     x    -0.01305  -0.64421  -0.59949  -0.47015  -1.09264   0.87930
  27  6  C     y    -0.03865  -0.15414   1.60827   0.22466  -0.94517   0.63966
  28  6  C     z    -0.03493  -0.10943   0.20016  -0.24068  -1.77474  -0.70225
  29  7  H     s     0.15290   0.00044  -0.00989  -0.02176  -0.02516   0.05880
  30  7  H     s     0.18790  -0.37162   0.04305   0.63404  -1.13083  -0.19813
  31  8  H     s     0.00128  -0.05713   0.01752  -0.04124  -0.01011  -0.02576
  32  8  H     s     0.01358  -1.16833   0.38570  -0.08140   0.93528  -0.10948
  33  9  O     s     0.00064  -0.03972   0.00544  -0.02932  -0.00732  -0.00496
  34  9  O     s     0.00101  -0.05362   0.00657  -0.03876  -0.00876  -0.00717
  35  9  O     s    -0.00574   0.09862   0.01106   0.05092  -0.00837   0.02443
  36  9  O     s     0.01245   0.88879  -0.31955   0.78525   0.36581   0.03561
  37  9  O     x    -0.33847   0.10309   0.00775  -0.05923  -0.11665  -0.02017
  38  9  O     y     0.39706   0.18054  -0.10547   0.00111  -0.12972   0.02505
  39  9  O     z     0.28721  -0.11508   0.03213  -0.13966  -0.06499   0.04425
  40  9  O     x    -0.20625   0.33339   0.03953  -0.27502  -0.41729  -0.07257
  41  9  O     y     0.23194   0.42225  -0.31990  -0.05838  -0.31304  -0.01760
  42  9  O     z     0.17152  -0.18333   0.09520  -0.29921  -0.00467   0.07495


                    PARAMETER LIMIT VALUES
 Max. no. of atoms                    MAXCEN =    200
 Max. no. of basis functions          MAXBFN =   1350
 Max. no. of shells                   MAXSHL =    500
 Max. no. of total primitives         MAXEXP =   4400
 Max. no. of primitives per orbital   MAXPRM =     15
 Max. no. of atoms * no. of orbitals  MAXNAB = 135000
 Increase max basis set size by       NEXTRA =     20
 Max. size for Rumer data             MAXST1 = 120000
 Max. no. of orbitals in group        MAXNOB =    200
 Max. no. of CUBE orbitals            MAXCUB =    100
 Max. no. of groups                   MAXGRP =     49
 BRILLMASK array sizes                MAXBLL =  12500

 VBO LIB IS: ./VBOLIB/VBOLIBD95                                                              

 Localized molecular orbitals and the bond labels
 ===============================================================================
 LMO#                      1         2         3         4         5         6
 E(a.u.)             -20.051   -11.238   -11.174    -1.334    -0.524    -0.878
 Bond Label            9:(0)     6:(0)     1:(0)     9:(1)     9:(2)    9-8(1)
 -------------------------------------------------------------------------------

   1  1  C     s     0.00009   0.00150  -0.60768  -0.00006   0.00763   0.00238
   2  1  C     s     0.00005   0.00232  -0.44754  -0.00060   0.01000   0.00308
   3  1  C     s     0.00051  -0.00744   0.02450   0.00749  -0.02614  -0.00671
   4  1  C     s    -0.00464  -0.00123   0.02993  -0.02971  -0.09683  -0.02386
   5  1  C     x    -0.00047  -0.00561  -0.00116   0.00094  -0.03243  -0.01720
   6  1  C     y     0.00096   0.00847   0.00201   0.00208   0.04203   0.00310
   7  1  C     z     0.00110   0.00033  -0.00033   0.01078  -0.00587   0.00051
   8  1  C     x    -0.00451   0.00093  -0.00034  -0.04150   0.02642  -0.01238
   9  1  C     y     0.00092  -0.00070   0.00025   0.00039   0.05434  -0.00560
  10  1  C     z     0.00254  -0.00039  -0.00007   0.01745   0.01935   0.01969
  11  2  H     s     0.00014  -0.00025   0.00935   0.00147  -0.00320  -0.00323
  12  2  H     s     0.00176   0.00117   0.00161   0.01784  -0.01652   0.01762
  13  3  H     s     0.00046  -0.00023   0.00925   0.00130   0.01174   0.00371
  14  3  H     s     0.00017   0.00202   0.00127  -0.00845   0.06813   0.00913
  15  4  H     s     0.00029  -0.00020   0.00892   0.00245  -0.00276  -0.00006
  16  4  H     s    -0.00232   0.00161   0.00099  -0.02024   0.00951  -0.00902
  17  5  H     s     0.00298  -0.00854   0.00023   0.02562   0.00524   0.02808
  18  5  H     s     0.00949  -0.00257  -0.00106   0.07452   0.00244   0.08280
  19  6  C     s     0.00006   0.60756  -0.00145  -0.00708  -0.00169   0.00782
  20  6  C     s     0.00019   0.44723  -0.00224  -0.00990  -0.00250   0.01004
  21  6  C     s     0.00034  -0.02481   0.00714   0.03462   0.00722  -0.03089
  22  6  C     s     0.00137  -0.02497   0.00096   0.02595   0.01120  -0.07160
  23  6  C     x    -0.00154   0.00177  -0.00503   0.02565  -0.00284  -0.04410
  24  6  C     y     0.00051   0.00062   0.00809   0.00497   0.01850  -0.00318
  25  6  C     z    -0.00182   0.00337  -0.00008   0.01671   0.01738  -0.03858
  26  6  C     x     0.00343   0.00070   0.00100   0.03061  -0.03943  -0.00580
  27  6  C     y     0.00579  -0.00118  -0.00080   0.04603  -0.00238   0.01601
  28  6  C     z    -0.00405   0.00237  -0.00039  -0.03097  -0.01248  -0.03488
  29  7  H     s    -0.00037  -0.00930   0.00039  -0.01084   0.03142  -0.01341
  30  7  H     s    -0.00587  -0.00113  -0.00163  -0.06567   0.06495  -0.02742
  31  8  H     s    -0.00501   0.00007  -0.00000   0.02295   0.00248   0.31771
  32  8  H     s     0.00531   0.00149  -0.00015   0.04723   0.01474   0.13368
  33  9  O     s     0.59474   0.00102   0.00014   0.02824   0.00196  -0.03197
  34  9  O     s     0.48478   0.00157   0.00017   0.09186   0.01189  -0.05445
  35  9  O     s    -0.08424  -0.00497  -0.00031  -0.46611  -0.07116   0.18490
  36  9  O     s    -0.08036  -0.00083  -0.00131  -0.47791  -0.05744   0.13254
  37  9  O     x    -0.00646   0.00754  -0.00016   0.02778  -0.40813   0.29623
  38  9  O     y     0.02592  -0.00111   0.00045   0.15394   0.50763   0.40475
  39  9  O     z    -0.03464   0.00867   0.00028  -0.37608   0.32580  -0.19292
  40  9  O     x    -0.00591   0.00137   0.00036  -0.00206  -0.22835   0.07928
  41  9  O     y     0.01349  -0.00138  -0.00037   0.07762   0.27439   0.15364
  42  9  O     z    -0.01999   0.00264   0.00018  -0.21175   0.17744  -0.10620

 LMO#                      7         8         9        10        11        12
 E(a.u.)              -0.862    -0.724    -0.698    -0.696    -0.674    -0.673
 Bond Label           9-6(1)    6-1(1)    7-6(1)    6-5(1)    3-1(1)    2-1(1)
 -------------------------------------------------------------------------------

   1  1  C     s    -0.00474   0.03945   0.00663  -0.00625   0.03732   0.03706
   2  1  C     s    -0.00588   0.06570   0.00791  -0.00770   0.06364   0.06330
   3  1  C     s     0.00941  -0.21371  -0.01528   0.01616  -0.20809  -0.20744
   4  1  C     s     0.05681  -0.20606  -0.08359   0.06923  -0.20505  -0.20005
   5  1  C     x     0.02809  -0.24167  -0.02129   0.01755   0.33412  -0.26033
   6  1  C     y    -0.02883   0.35848   0.03257  -0.02593   0.03976  -0.34972
   7  1  C     z     0.00795   0.00487   0.00477  -0.00033   0.30373   0.11258
   8  1  C     x     0.03802  -0.03553  -0.01537   0.01182   0.07116  -0.07328
   9  1  C     y    -0.02284   0.07805   0.03684  -0.03507   0.01423  -0.07375
  10  1  C     z    -0.00912   0.01217   0.00663  -0.00931   0.07635   0.02430
  11  2  H     s     0.00471   0.01747  -0.00979  -0.01727   0.01623  -0.31996
  12  2  H     s     0.00217   0.06649  -0.02182  -0.04897   0.06100  -0.23010
  13  3  H     s    -0.01982   0.01739  -0.00627   0.00628  -0.31874   0.01943
  14  3  H     s    -0.02423   0.08262   0.00013   0.00368  -0.22213   0.05308
  15  4  H     s     0.00607   0.01724   0.01986   0.01061   0.01968   0.02002
  16  4  H     s     0.02087   0.06649   0.05169   0.02242   0.05392   0.05702
  17  5  H     s     0.02020   0.01928  -0.02259  -0.32055   0.00824  -0.01783
  18  5  H     s     0.00800   0.06895  -0.06575  -0.21232   0.01312  -0.04831
  19  6  C     s     0.03052   0.03994  -0.04052   0.04336  -0.00750  -0.00557
  20  6  C     s     0.05168   0.06755  -0.06845   0.07162  -0.00965  -0.00692
  21  6  C     s    -0.17857  -0.22722   0.22548  -0.23827   0.02333   0.01663
  22  6  C     s    -0.07948  -0.19335   0.23340  -0.21813   0.07447   0.05552
  23  6  C     x    -0.28663   0.22625   0.20532   0.25182  -0.00348  -0.02120
  24  6  C     y    -0.04020  -0.37954  -0.05521   0.36827   0.02757   0.02987
  25  6  C     z    -0.25318  -0.01903  -0.40854  -0.13525   0.01419  -0.00586
  26  6  C     x    -0.02029   0.01242   0.03324   0.06273  -0.00367  -0.01259
  27  6  C     y    -0.04279  -0.05971   0.00564   0.06839   0.02175   0.02687
  28  6  C     z     0.02422  -0.00665  -0.06531  -0.01389  -0.00182  -0.00019
  29  7  H     s     0.02653   0.02135   0.32234   0.01885   0.00752   0.01098
  30  7  H     s     0.07667   0.08984   0.23950   0.07147   0.00253   0.01999
  31  8  H     s     0.04052   0.00631  -0.00947  -0.01744   0.00147  -0.00112
  32  8  H     s     0.06435   0.02331  -0.01403  -0.03571  -0.00326  -0.01244
  33  9  O     s     0.03368  -0.00245   0.00280  -0.00412   0.00258  -0.00102
  34  9  O     s     0.05527  -0.00254   0.00310  -0.00481   0.00307  -0.00118
  35  9  O     s    -0.17852   0.00115  -0.00386   0.00745  -0.00539   0.00105
  36  9  O     s    -0.15080   0.03512  -0.03506   0.05552  -0.03613   0.01497
  37  9  O     x     0.36371  -0.03447   0.00328  -0.00903   0.01621  -0.00897
  38  9  O     y     0.00169   0.02687   0.00735  -0.00384  -0.00432   0.01345
  39  9  O     z     0.39528  -0.01373   0.04002  -0.00998   0.01498  -0.01253
  40  9  O     x     0.13246  -0.05124  -0.00466  -0.02452   0.02533  -0.00086
  41  9  O     y    -0.01892   0.03945   0.01521  -0.02712  -0.00692   0.01015
  42  9  O     z     0.17350  -0.00736   0.06218  -0.00068   0.01616  -0.00875

 LMO#                     13
 E(a.u.)              -0.671
 Bond Label           4-1(1)
 -------------------------------------------------------------------------------

   1  1  C     s     0.03960
   2  1  C     s     0.06664
   3  1  C     s    -0.21719
   4  1  C     s    -0.22345
   5  1  C     x     0.17147
   6  1  C     y    -0.06066
   7  1  C     z    -0.41537
   8  1  C     x     0.04295
   9  1  C     y    -0.00910
  10  1  C     z    -0.10779
  11  2  H     s     0.01817
  12  2  H     s     0.05924
  13  3  H     s     0.01666
  14  3  H     s     0.05862
  15  4  H     s    -0.31821
  16  4  H     s    -0.20524
  17  5  H     s     0.00999
  18  5  H     s     0.01426
  19  6  C     s    -0.00490
  20  6  C     s    -0.00613
  21  6  C     s     0.01405
  22  6  C     s     0.05194
  23  6  C     x    -0.02166
  24  6  C     y     0.02430
  25  6  C     z    -0.00838
  26  6  C     x    -0.02318
  27  6  C     y     0.02241
  28  6  C     z     0.00918
  29  7  H     s    -0.01508
  30  7  H     s    -0.04232
  31  8  H     s    -0.00106
  32  8  H     s     0.00113
  33  9  O     s    -0.00111
  34  9  O     s    -0.00137
  35  9  O     s     0.00288
  36  9  O     s     0.00885
  37  9  O     x    -0.01522
  38  9  O     y     0.00784
  39  9  O     z     0.00106
  40  9  O     x    -0.00991
  41  9  O     y     0.00315
  42  9  O     z    -0.00095


 Mulliken population of localized molecular orbitals
 ===============================================================================
 LMO#                      1         2         3         4         5         6
 E(a.u.)             -20.051   -11.238   -11.174    -1.334    -0.524    -0.878
 Bond Label            9:(0)     6:(0)     1:(0)     9:(1)     9:(2)    9-8(1)
 -------------------------------------------------------------------------------

   1         C      -0.00002  -0.00014   2.00084   0.00512  -0.00199  -0.00354
   2         H       0.00000   0.00000  -0.00027   0.00033  -0.00116   0.00139
   3         H       0.00000   0.00000  -0.00024  -0.00001   0.00359   0.00025
   4         H       0.00001   0.00000  -0.00022   0.00067   0.00096  -0.00013
   5         H      -0.00006  -0.00042   0.00000  -0.00640   0.00001   0.00214
   6         C       0.00019   2.00105  -0.00012  -0.00555   0.01715  -0.01687
   7         H       0.00002  -0.00023   0.00000   0.00342  -0.00258  -0.00222
   8         H       0.00008   0.00002  -0.00000  -0.03189  -0.00136   0.67277
   9         O       1.99978  -0.00029  -0.00000   2.03430   1.98537   1.34621

 LMO#                      7         8         9        10        11        12
 E(a.u.)              -0.862    -0.724    -0.698    -0.696    -0.674    -0.673
 Bond Label           9-6(1)    6-1(1)    7-6(1)    6-5(1)    3-1(1)    2-1(1)
 -------------------------------------------------------------------------------

   1         C      -0.02464   1.08249  -0.04401  -0.03955   1.18121   1.16788
   2         H      -0.00006  -0.01855  -0.00196   0.00143  -0.02103   0.89878
   3         H       0.00158  -0.02324   0.00012  -0.00026   0.88227  -0.01747
   4         H      -0.00084  -0.01806   0.00264  -0.00176  -0.01788  -0.01873
   5         H      -0.00095  -0.02083  -0.02283   0.86899  -0.00092   0.00069
   6         C       0.70207   1.06489   1.18794   1.22500  -0.01957  -0.03002
   7         H      -0.01475  -0.02651   0.92035  -0.02574  -0.00008  -0.00145
   8         H      -0.01670  -0.00367  -0.00271   0.00197  -0.00025   0.00194
   9         O       1.35427  -0.03652  -0.03954  -0.03008  -0.00376  -0.00162

 LMO#                     13
 E(a.u.)              -0.671
 Bond Label           4-1(1)
 -------------------------------------------------------------------------------

   1         C       1.22344
   2         H      -0.02043
   3         H      -0.02056
   4         H       0.85276
   5         H      -0.00108
   6         C      -0.03263
   7         H      -0.00005
   8         H      -0.00005
   9         O      -0.00140


 PARTITIONING OF LMOs INTO GROUPS ($LMOGRPMODIFY)
 ================================================
 LMO#     1  2  3  4  5  6  7  8  9 10 11 12 13
 Group#   1  1  1  1  1  3  3  2  3  3  2  2  2
 Split    0  0  0  0  0  1  1  1  1  1  1  1  1


 Initial guess of orbitals
 ===============================================================================
 ORBITAL#                  1         2         3         4         5         6
 Bond Label            9:(0)     6:(0)     1:(0)     9:(1)     9:(2)    6-1(1)
 -------------------------------------------------------------------------------

   1  1  C     s     0.00009   0.00150  -0.60768  -0.00006   0.00763   0.06319
   2  1  C     s     0.00005   0.00232  -0.44754  -0.00060   0.01000   0.10819
   3  1  C     s     0.00051  -0.00744   0.02450   0.00749  -0.02614  -0.35953
   4  1  C     s    -0.00464  -0.00123   0.02993  -0.02971  -0.09683  -0.34736
   5  1  C     x    -0.00047  -0.00561  -0.00116   0.00094  -0.03243  -0.40537
   6  1  C     y     0.00096   0.00847   0.00201   0.00208   0.04203   0.60102
   7  1  C     z     0.00110   0.00033  -0.00033   0.01078  -0.00587   0.00979
   8  1  C     x    -0.00451   0.00093  -0.00034  -0.04150   0.02642  -0.05897
   9  1  C     y     0.00092  -0.00070   0.00025   0.00039   0.05434   0.13146
  10  1  C     z     0.00254  -0.00039  -0.00007   0.01745   0.01935   0.02103
  11  2  H     s     0.00014  -0.00025   0.00935   0.00147  -0.00320   0.00014
  12  2  H     s     0.00176   0.00117   0.00161   0.01784  -0.01652  -0.00015
  13  3  H     s     0.00046  -0.00023   0.00925   0.00130   0.01174   0.00027
  14  3  H     s     0.00017   0.00202   0.00127  -0.00845   0.06813   0.00112
  15  4  H     s     0.00029  -0.00020   0.00892   0.00245  -0.00276   0.00000
  16  4  H     s    -0.00232   0.00161   0.00099  -0.02024   0.00951   0.00027
  17  5  H     s     0.00298  -0.00854   0.00023   0.02562   0.00524   0.01373
  18  5  H     s     0.00949  -0.00257  -0.00106   0.07452   0.00244   0.00895
  19  6  C     s     0.00006   0.60756  -0.00145  -0.00708  -0.00169   0.00475
  20  6  C     s     0.00019   0.44723  -0.00224  -0.00990  -0.00250  -0.00789
  21  6  C     s     0.00034  -0.02481   0.00714   0.03462   0.00722   0.06722
  22  6  C     s     0.00137  -0.02497   0.00096   0.02595   0.01120   0.05600
  23  6  C     x    -0.00154   0.00177  -0.00503   0.02565  -0.00284   0.03201
  24  6  C     y     0.00051   0.00062   0.00809   0.00497   0.01850  -0.04922
  25  6  C     z    -0.00182   0.00337  -0.00008   0.01671   0.01738  -0.00691
  26  6  C     x     0.00343   0.00070   0.00100   0.03061  -0.03943  -0.00112
  27  6  C     y     0.00579  -0.00118  -0.00080   0.04603  -0.00238  -0.00354
  28  6  C     z    -0.00405   0.00237  -0.00039  -0.03097  -0.01248  -0.00902
  29  7  H     s    -0.00037  -0.00930   0.00039  -0.01084   0.03142   0.00775
  30  7  H     s    -0.00587  -0.00113  -0.00163  -0.06567   0.06495   0.00673
  31  8  H     s    -0.00501   0.00007  -0.00000   0.02295   0.00248   0.00529
  32  8  H     s     0.00531   0.00149  -0.00015   0.04723   0.01474   0.00233
  33  9  O     s     0.59474   0.00102   0.00014   0.02824   0.00196  -0.00160
  34  9  O     s     0.48478   0.00157   0.00017   0.09186   0.01189  -0.00238
  35  9  O     s    -0.08424  -0.00497  -0.00031  -0.46611  -0.07116   0.00705
  36  9  O     s    -0.08036  -0.00083  -0.00131  -0.47791  -0.05744   0.00597
  37  9  O     x    -0.00646   0.00754  -0.00016   0.02778  -0.40813  -0.00727
  38  9  O     y     0.02592  -0.00111   0.00045   0.15394   0.50763   0.01385
  39  9  O     z    -0.03464   0.00867   0.00028  -0.37608   0.32580  -0.00426
  40  9  O     x    -0.00591   0.00137   0.00036  -0.00206  -0.22835  -0.00430
  41  9  O     y     0.01349  -0.00138  -0.00037   0.07762   0.27439   0.00670
  42  9  O     z    -0.01999   0.00264   0.00018  -0.21175   0.17744  -0.00161

 ORBITAL#                  7         8         9        10        11        12
 Bond Label           6-1(1)    3-1(1)    3-1(1)    2-1(1)    2-1(1)    4-1(1)
 -------------------------------------------------------------------------------

   1  1  C     s     0.01709   0.05575   0.01711   0.05559   0.01693   0.05831
   2  1  C     s     0.01392   0.09846   0.01308   0.09846   0.01271   0.10044
   3  1  C     s    -0.00849  -0.33027  -0.00349  -0.33121  -0.00203  -0.33310
   4  1  C     s    -0.01644  -0.32474  -0.00549  -0.32192  -0.00392  -0.34512
   5  1  C     x    -0.01124   0.52828  -0.00137  -0.42384  -0.00531   0.26189
   6  1  C     y     0.00968   0.06875   0.00473  -0.55972  -0.00059  -0.08815
   7  1  C     z    -0.00029   0.48330   0.00164   0.18200   0.00130  -0.64060
   8  1  C     x     0.00216   0.11231   0.00082  -0.11809  -0.00118   0.06687
   9  1  C     y     0.00747   0.02335   0.00231  -0.11655   0.00071  -0.01143
  10  1  C     z     0.00243   0.12149   0.00108   0.04018   0.00094  -0.16544
  11  2  H     s    -0.00012  -0.00015  -0.00042   0.00126  -0.63353  -0.00087
  12  2  H     s    -0.00182   0.00005  -0.00057   0.00050  -0.45551  -0.00109
  13  3  H     s     0.00052   0.00142  -0.64101  -0.00079  -0.00069  -0.00023
  14  3  H     s     0.00765   0.00035  -0.44491   0.00140   0.00066   0.00177
  15  4  H     s    -0.00047  -0.00060  -0.00052  -0.00100  -0.00063   0.00162
  16  4  H     s     0.00136  -0.00059   0.00013  -0.00043  -0.00036   0.00136
  17  5  H     s     0.02607  -0.00768  -0.00419   0.01473   0.01045  -0.00122
  18  5  H     s     0.01655  -0.00493  -0.00283   0.01009   0.00772  -0.00074
  19  6  C     s     0.05480  -0.00490  -0.00459  -0.00353  -0.00374  -0.00284
  20  6  C     s     0.09690  -0.00746  -0.00748  -0.00628  -0.00613  -0.00502
  21  6  C     s    -0.33647   0.02231   0.02422   0.02195   0.02027   0.01840
  22  6  C     s    -0.29042   0.03061   0.02438   0.01159   0.01307   0.00705
  23  6  C     x     0.42299  -0.02919  -0.00253   0.08627   0.04729  -0.01225
  24  6  C     y    -0.65896  -0.03714  -0.02318   0.03201   0.00955  -0.02512
  25  6  C     z    -0.02491  -0.04932  -0.01667  -0.01884  -0.00600   0.06967
  26  6  C     x     0.01828  -0.00348  -0.00266   0.01112   0.00549  -0.00765
  27  6  C     y    -0.09969  -0.00868  -0.00368   0.01254   0.00645  -0.00281
  28  6  C     z    -0.01972  -0.00233  -0.00318  -0.01186  -0.00713   0.00392
  29  7  H     s     0.02333  -0.00475  -0.00378  -0.00589  -0.00423   0.00641
  30  7  H     s     0.02285  -0.00411  -0.00155  -0.00335  -0.00310   0.00602
  31  8  H     s     0.01042  -0.00631  -0.00041   0.01004   0.01053   0.00394
  32  8  H     s     0.00561  -0.00269   0.00018   0.00494   0.00520   0.00218
  33  9  O     s    -0.00176   0.00053   0.00049   0.00099   0.00140  -0.00005
  34  9  O     s    -0.00339   0.00047   0.00067   0.00217   0.00281   0.00012
  35  9  O     s     0.01219  -0.00034  -0.00193  -0.00911  -0.01117  -0.00125
  36  9  O     s     0.01062  -0.00059  -0.00152  -0.00805  -0.01039  -0.00138
  37  9  O     x    -0.05591   0.00457  -0.00851  -0.00956  -0.00352  -0.01002
  38  9  O     y     0.07318  -0.00395   0.01522   0.01649   0.00965   0.02135
  39  9  O     z     0.01542  -0.00447   0.01094   0.01564   0.00760   0.00807
  40  9  O     x    -0.03071   0.00237  -0.00540  -0.00615  -0.00281  -0.00660
  41  9  O     y     0.03824  -0.00226   0.00794   0.00887   0.00519   0.01081
  42  9  O     z     0.01054  -0.00246   0.00574   0.00783   0.00345   0.00436

 ORBITAL#                 13        14        15        16        17        18
 Bond Label           4-1(1)    9-8(1)    9-8(1)    9-6(1)    9-6(1)    7-6(1)
 -------------------------------------------------------------------------------

   1  1  C     s     0.01686   0.00041   0.00092  -0.00298  -0.00270   0.00662
   2  1  C     s     0.01270  -0.00068  -0.00009  -0.00320  -0.00397   0.01082
   3  1  C     s    -0.00233   0.00538   0.00502   0.00618   0.01107  -0.03458
   4  1  C     s    -0.00403   0.00760  -0.00346   0.00535   0.01660  -0.03777
   5  1  C     x    -0.00079  -0.01652  -0.02090   0.02780   0.06674  -0.05669
   6  1  C     y     0.00294  -0.01880  -0.01247   0.00264   0.02349   0.02930
   7  1  C     z    -0.00243  -0.00773  -0.00993   0.01998   0.04140   0.07451
   8  1  C     x     0.00070  -0.00220  -0.01088   0.00382   0.01987  -0.00851
   9  1  C     y     0.00164  -0.00438  -0.00144   0.00018   0.00474   0.01050
  10  1  C     z    -0.00012  -0.00312   0.00042   0.00528   0.00821   0.02179
  11  2  H     s    -0.00062   0.00223  -0.00234  -0.00512  -0.00615   0.00875
  12  2  H     s    -0.00062   0.00075   0.00065  -0.00282  -0.00644   0.00471
  13  3  H     s    -0.00023  -0.00668  -0.00729   0.00633   0.01891   0.00656
  14  3  H     s     0.00129  -0.00432  -0.00468   0.00345   0.01345   0.01017
  15  4  H     s    -0.66036   0.00138   0.00192  -0.00465  -0.00809  -0.01610
  16  4  H     s    -0.42553   0.00205  -0.00201  -0.00400  -0.00255  -0.00896
  17  5  H     s    -0.00047   0.00023   0.00603  -0.00181  -0.00665   0.00268
  18  5  H     s    -0.00031  -0.00298   0.01351   0.00129  -0.01202   0.00066
  19  6  C     s    -0.00278   0.00344   0.00134   0.00961   0.05541  -0.05870
  20  6  C     s    -0.00450   0.00606   0.00293   0.00253   0.10317  -0.10173
  21  6  C     s     0.01503  -0.02132  -0.01041   0.02673  -0.38239   0.34106
  22  6  C     s     0.00940  -0.01855  -0.00992   0.02335  -0.16058   0.35571
  23  6  C     x    -0.00102   0.02382   0.02673  -0.03502  -0.68454   0.34458
  24  6  C     y    -0.01542  -0.03508  -0.02872   0.05242  -0.04496  -0.11661
  25  6  C     z     0.02707  -0.00188   0.00295   0.00113  -0.57227  -0.64356
  26  6  C     x    -0.00347   0.00005   0.00523  -0.00036  -0.05141   0.04952
  27  6  C     y    -0.00146  -0.00754   0.00327   0.00949  -0.09587   0.00337
  28  6  C     z     0.00044   0.00063  -0.00656   0.00056   0.06052  -0.10464
  29  7  H     s     0.00480   0.00141   0.00005  -0.00271  -0.00045   0.00374
  30  7  H     s     0.00453   0.00406  -0.00817  -0.00472   0.00652   0.00761
  31  8  H     s     0.00237  -0.00046   0.77194  -0.00028  -0.00495   0.00062
  32  8  H     s     0.00130  -0.00228   0.33147   0.00135  -0.00727   0.00082
  33  9  O     s    -0.00010  -0.04627   0.00492   0.04690  -0.00274  -0.00148
  34  9  O     s     0.00007  -0.08120   0.01565   0.07927  -0.01131  -0.00165
  35  9  O     s    -0.00111   0.28420  -0.07896  -0.26433   0.06140   0.00297
  36  9  O     s    -0.00093   0.21162  -0.08061  -0.22668   0.06293   0.00423
  37  9  O     x    -0.00699   0.41259  -0.00884   0.50334   0.00279  -0.03785
  38  9  O     y     0.01266   0.55517   0.04259   0.00227  -0.02938   0.04397
  39  9  O     z     0.00714  -0.25086  -0.05289   0.52389   0.04624   0.03463
  40  9  O     x    -0.00441   0.11124  -0.00787   0.18367   0.00397  -0.02084
  41  9  O     y     0.00656   0.20948   0.02203  -0.02603  -0.01499   0.02379
  42  9  O     z     0.00380  -0.13773  -0.02987   0.22769   0.02600   0.01910

 ORBITAL#                 19        20        21
 Bond Label           7-6(1)    6-5(1)    6-5(1)
 -------------------------------------------------------------------------------

   1  1  C     s     0.00506  -0.00722  -0.00551
   2  1  C     s     0.00715  -0.01192  -0.00837
   3  1  C     s    -0.01986   0.03827   0.02519
   4  1  C     s    -0.01935   0.04164   0.02545
   5  1  C     x    -0.03044  -0.02946  -0.00720
   6  1  C     y     0.02496  -0.09570  -0.05872
   7  1  C     z     0.04360   0.02270   0.01084
   8  1  C     x    -0.00670  -0.00923  -0.00466
   9  1  C     y     0.00568  -0.02192  -0.01327
  10  1  C     z     0.01233   0.00256   0.00132
  11  2  H     s     0.00546   0.01115   0.00790
  12  2  H     s     0.00411   0.00717   0.00578
  13  3  H     s     0.00572  -0.00846  -0.00575
  14  3  H     s     0.00401  -0.00625  -0.00424
  15  4  H     s    -0.01091  -0.01060  -0.00614
  16  4  H     s    -0.00736  -0.00565  -0.00397
  17  5  H     s     0.00289  -0.00191  -0.65804
  18  5  H     s     0.00270  -0.00491  -0.43575
  19  6  C     s    -0.01456   0.06266   0.01592
  20  6  C     s    -0.00841   0.10741   0.01055
  21  6  C     s    -0.01296  -0.36805   0.00626
  22  6  C     s    -0.01083  -0.33683   0.00516
  23  6  C     x     0.02588   0.38250  -0.01261
  24  6  C     y    -0.03673   0.57552   0.02729
  25  6  C     z    -0.00551  -0.20883   0.00025
  26  6  C     x     0.00190   0.09528   0.00005
  27  6  C     y    -0.00455   0.10381   0.00410
  28  6  C     z    -0.00244  -0.01889   0.00090
  29  7  H     s     0.62921  -0.00110  -0.00178
  30  7  H     s     0.46663   0.00212  -0.00137
  31  8  H     s     0.00104  -0.00135  -0.00039
  32  8  H     s     0.00101  -0.00318  -0.00018
  33  9  O     s     0.00109  -0.00574   0.00033
  34  9  O     s     0.00176  -0.00896   0.00042
  35  9  O     s    -0.00611   0.02968  -0.00097
  36  9  O     s    -0.00656   0.03037  -0.00069
  37  9  O     x    -0.00174   0.00486   0.00258
  38  9  O     y     0.00508  -0.01864  -0.00352
  39  9  O     z    -0.00659   0.02033   0.00044
  40  9  O     x    -0.00113   0.00386   0.00136
  41  9  O     y     0.00260  -0.00960  -0.00182
  42  9  O     z    -0.00350   0.01140   0.00004


      GENERAL CONTROLS ($GENCTL)
 ======================================
 Number of electron groups       =    3
 Maximum macro-iterations        =   12
 Energy threshold           = 10**(- 6)
 Restart calculation(0/1/2)      =    0
 Group#                     1  2  3
 Num. of electrons         10  8  8
 Num. of spins              0  0  0
 Num. of orbitals           5  8  8
 Method#                    1  2  2

 SYMBOLIC VB STRUCTURE(S) OF GROUP  2
 STR. NO.       RUMER PATTERN  
    1           1  2   3  4   5  6   7  8


 OVERLAP MATRIX OF VB ORBITALS FOR GROUP   2

        1      2      3      4      5      6      7      8
 ===========================================================
   1 1.0000
   2 0.6614 1.0000
   3 0.1636 0.1543 1.0000
   4 0.1824 0.1426 0.6942 1.0000
   5 0.1503 0.1727 0.1168 0.1512 1.0000
   6 0.1609 0.1561 0.1736 0.1636 0.6930 1.0000
   7 0.1576 0.1719 0.1201 0.1735 0.1201 0.1719 1.0000
   8 0.1548 0.1452 0.1518 0.1579 0.1514 0.1587 0.6969 1.0000

 EIGENVALUES OF OVERLAP MATRIX OF VB ORBITALS
 ============================================
     0.2522D+00    0.3265D+00    0.3279D+00    0.3447D+00    0.1343D+01    0.1392D+01
     0.1396D+01    0.2618D+01

 MAP FILE IS: ./MAP/MAP0800t                                                                  

 VB-ORBITAL OPTIMIZATION OF GROUP  2 ...
 GROUP =  2  ITER =  1 CMAX =  0.13924293438680
 GROUP =  2  ITER =  2 CMAX =  0.08342591694791
 GROUP =  2  ITER =  3 CMAX =  0.04181617969484
 GROUP =  2  ITER =  4 CMAX =  0.01564416086224
 GROUP =  2  ITER =  5 CMAX =  0.00312063573639
 GROUP =  2  ITER =  6 CMAX =  0.00100537618842
 GROUP =  2  ITER =  7 CMAX =  0.00033746279305

 SYMBOLIC VB STRUCTURE(S) OF GROUP  3
 STR. NO.       RUMER PATTERN  
    1           1  2   3  4   5  6   7  8


 OVERLAP MATRIX OF VB ORBITALS FOR GROUP   3

        1      2      3      4      5      6      7      8
 ===========================================================
   1 1.0000
   2 0.5834 1.0000
   3-0.1247-0.1156 1.0000
   4-0.1415-0.1443 0.5418 1.0000
   5 0.1061 0.0932-0.1868-0.1752 1.0000
   6 0.0504 0.0513-0.1297-0.1429 0.6910 1.0000
   7 0.0997 0.0328 0.1387 0.0352-0.1362-0.1767 1.0000
   8 0.0359-0.0148 0.1083 0.0397-0.1678-0.1564 0.6877 1.0000

 EIGENVALUES OF OVERLAP MATRIX OF VB ORBITALS
 ============================================
     0.2801D+00    0.3308D+00    0.4126D+00    0.4567D+00    0.1232D+01    0.1291D+01
     0.1750D+01    0.2247D+01

 MAP FILE IS: ./MAP/MAP0800t                                                                  

 VB-ORBITAL OPTIMIZATION OF GROUP  3 ...
 GROUP =  3  ITER =  1 CMAX =  0.15000000000000
 GROUP =  3  ITER =  2 CMAX =  0.14971704298209
 GROUP =  3  ITER =  3 CMAX =  0.10304118084807
 GROUP =  3  ITER =  4 CMAX =  0.05332745441061
 GROUP =  3  ITER =  5 CMAX =  0.03228901823736
 GROUP =  3  ITER =  6 CMAX =  0.01389017737061
 GROUP =  3  ITER =  7 CMAX =  0.00113239572608
 GROUP =  3  ITER =  8 CMAX =  0.00016400465676

 ENERGY AND DIFF OF MACROITER    1 =   -154.0701115161   -154.0701115161

 VB-ORBITAL OPTIMIZATION OF GROUP  2 ...
 GROUP =  2  ITER =  1 CMAX =  0.02120280844176
 GROUP =  2  ITER =  2 CMAX =  0.01962590642744
 GROUP =  2  ITER =  3 CMAX =  0.00429612281090
 GROUP =  2  ITER =  4 CMAX =  0.00585828936722
 GROUP =  2  ITER =  5 CMAX =  0.00155173228783
 GROUP =  2  ITER =  6 CMAX =  0.00001977298923

 VB-ORBITAL OPTIMIZATION OF GROUP  3 ...
 GROUP =  3  ITER =  1 CMAX =  0.02047894514503
 GROUP =  3  ITER =  2 CMAX =  0.04335201992101
 GROUP =  3  ITER =  3 CMAX =  0.00502952672605
 GROUP =  3  ITER =  4 CMAX =  0.00880736296439
 GROUP =  3  ITER =  5 CMAX =  0.00099633100086

 ENERGY AND DIFF OF MACROITER    2 =   -154.1708378574     -0.1007263413

 VB-ORBITAL OPTIMIZATION OF GROUP  2 ...
 GROUP =  2  ITER =  1 CMAX =  0.00301124796653
 GROUP =  2  ITER =  2 CMAX =  0.00368233695725
 GROUP =  2  ITER =  3 CMAX =  0.00023060594998

 VB-ORBITAL OPTIMIZATION OF GROUP  3 ...
 GROUP =  3  ITER =  1 CMAX =  0.00373192784474
 GROUP =  3  ITER =  2 CMAX =  0.00837735432280
 GROUP =  3  ITER =  3 CMAX =  0.00105863966896
 GROUP =  3  ITER =  4 CMAX =  0.00000323038517

 ENERGY AND DIFF OF MACROITER    3 =   -154.1784486019     -0.0076107445

 VB-ORBITAL OPTIMIZATION OF GROUP  2 ...
 GROUP =  2  ITER =  1 CMAX =  0.00090943557692

 VB-ORBITAL OPTIMIZATION OF GROUP  3 ...
 GROUP =  3  ITER =  1 CMAX =  0.00222319645478
 GROUP =  3  ITER =  2 CMAX =  0.00238968607540
 GROUP =  3  ITER =  3 CMAX =  0.00023913429653

 ENERGY AND DIFF OF MACROITER    4 =   -154.1794423505     -0.0009937486

 VB-ORBITAL OPTIMIZATION OF GROUP  2 ...
 GROUP =  2  ITER =  1 CMAX =  0.00042788048922

 VB-ORBITAL OPTIMIZATION OF GROUP  3 ...
 GROUP =  3  ITER =  1 CMAX =  0.00098054818379

 ENERGY AND DIFF OF MACROITER    5 =   -154.1796312696     -0.0001889191

 VB-ORBITAL OPTIMIZATION OF GROUP  2 ...
 GROUP =  2  ITER =  1 CMAX =  0.00029857544968

 VB-ORBITAL OPTIMIZATION OF GROUP  3 ...
 GROUP =  3  ITER =  1 CMAX =  0.00112891070745
 GROUP =  3  ITER =  2 CMAX =  0.00148160727741
 GROUP =  3  ITER =  3 CMAX =  0.00006116694709

 ENERGY AND DIFF OF MACROITER    6 =   -154.1796733249     -0.0000420553

 VB-ORBITAL OPTIMIZATION OF GROUP  2 ...
 GROUP =  2  ITER =  1 CMAX =  0.00016917778689

 VB-ORBITAL OPTIMIZATION OF GROUP  3 ...
 GROUP =  3  ITER =  1 CMAX =  0.00043957775822

 ENERGY AND DIFF OF MACROITER    7 =   -154.1796854008     -0.0000120759

 VB-ORBITAL OPTIMIZATION OF GROUP  2 ...
 GROUP =  2  ITER =  1 CMAX =  0.00010199558784

 VB-ORBITAL OPTIMIZATION OF GROUP  3 ...
 GROUP =  3  ITER =  1 CMAX =  0.00046409381444

 ENERGY AND DIFF OF MACROITER    8 =   -154.1796891573     -0.0000037565

 VB-ORBITAL OPTIMIZATION OF GROUP  2 ...
 GROUP =  2  ITER =  1 CMAX =  0.00007470226519

 VB-ORBITAL OPTIMIZATION OF GROUP  3 ...
 GROUP =  3  ITER =  1 CMAX =  0.00030922052212

 ENERGY AND DIFF OF MACROITER    9 =   -154.1796905018     -0.0000013446

 VB-ORBITAL OPTIMIZATION OF GROUP  2 ...
 GROUP =  2  ITER =  1 CMAX =  0.00005055106841

 VB-ORBITAL OPTIMIZATION OF GROUP  3 ...
 GROUP =  3  ITER =  1 CMAX =  0.00028715665656

 ENERGY AND DIFF OF MACROITER   10 =   -154.1796910483     -0.0000005465

 VB-ORBITAL OPTIMIZATION OF GROUP  2 ...
 GROUP =  2  ITER =  1 CMAX =  0.00003869572295

 OVERLAP MATRIX OF VB ORBITALS FOR GROUP   2

        1      2      3      4      5      6      7      8
 ===========================================================
   1 1.0000
   2 0.8378 1.0000
   3 0.2106 0.1611 1.0000
   4 0.1648 0.1212 0.8368 1.0000
   5 0.2118 0.1567 0.2057 0.1645 1.0000
   6 0.1573 0.1159 0.1645 0.1263 0.8366 1.0000
   7 0.2042 0.1509 0.2063 0.1669 0.2115 0.1682 1.0000
   8 0.1521 0.1120 0.1670 0.1289 0.1686 0.1291 0.8367 1.0000

 EIGENVALUES OF OVERLAP MATRIX OF VB ORBITALS
 ============================================
     0.1521D+00    0.1599D+00    0.1613D+00    0.1683D+00    0.1495D+01    0.1506D+01
     0.1533D+01    0.2825D+01

 VB-ORBITAL OPTIMIZATION OF GROUP  3 ...
 GROUP =  3  ITER =  1 CMAX =  0.00019176913370

 OVERLAP MATRIX OF VB ORBITALS FOR GROUP   3

        1      2      3      4      5      6      7      8
 ===========================================================
   1 1.0000
   2 0.8033 1.0000
   3-0.2232-0.1181 1.0000
   4-0.1177-0.0157 0.8064 1.0000
   5 0.0650 0.0467-0.1287-0.2012 1.0000
   6 0.0401 0.0269-0.0904-0.1369 0.8334 1.0000
   7 0.1089 0.0895 0.0776 0.1404-0.2022-0.1622 1.0000
   8 0.0580 0.0406 0.0578 0.0963-0.1644-0.1221 0.8316 1.0000

 EIGENVALUES OF OVERLAP MATRIX OF VB ORBITALS
 ============================================
     0.1549D+00    0.1652D+00    0.1882D+00    0.1937D+00    0.1417D+01    0.1500D+01
     0.2001D+01    0.2379D+01

 ENERGY AND DIFF OF MACROITER   11 =   -154.1796912768     -0.0000002285

 MULLIKEN CHARGES ON ATOMS
 -------------------------
  ATOM             CHARGE 

    1            -0.48766
    2             0.14338
    3             0.15376
    4             0.17786
    5             0.15850
    6            -0.06705
    7             0.13101
    8             0.34326
    9            -0.55306

 -------------------------


 ORBITALS OF EACH ELECTRON GROUP IN AO BASIS: ORBITAL(GROUP)
 ===========================================================================
    Orbital#             1         2         3         4         5         6
      Group#             1         1         1         1         1         2
 ---------------------------------------------------------------------------
  AO# LABELS
   1  1  C     s   0.00033  -0.00014   0.60119  -0.00109   0.00609   0.09475
   2  1  C     s   0.00037  -0.00018   0.43797  -0.00108   0.00741   0.13092
   3  1  C     s  -0.00049   0.00053   0.00381  -0.00167  -0.01758  -0.41749
   4  1  C     s  -0.00508   0.00002  -0.00278   0.02358  -0.08152  -0.31262
   5  1  C     x  -0.00065   0.00043  -0.00003   0.00327  -0.01079  -0.33182
   6  1  C     y   0.00127  -0.00063   0.00004  -0.00354   0.02625   0.50254
   7  1  C     z   0.00055  -0.00001  -0.00010  -0.00330   0.00494   0.01006
   8  1  C     x  -0.00223   0.00002  -0.00019   0.03327   0.03152  -0.02159
   9  1  C     y   0.00160   0.00007  -0.00004   0.00085   0.04754   0.06388
  10  1  C     z   0.00199  -0.00008  -0.00006  -0.00891   0.02014   0.01253
  11  2  H     s  -0.00013   0.00003  -0.00001   0.00045  -0.00171  -0.00633
  12  2  H     s   0.00057  -0.00021   0.00032  -0.01128  -0.01652   0.06341
  13  3  H     s   0.00038   0.00004  -0.00000  -0.00319   0.00187  -0.01174
  14  3  H     s   0.00144  -0.00019   0.00008   0.00574   0.05551   0.07957
  15  4  H     s  -0.00003   0.00004   0.00002  -0.00014  -0.00115  -0.00696
  16  4  H     s  -0.00128  -0.00010   0.00023   0.01348   0.00749   0.06617
  17  5  H     s   0.00073   0.00000  -0.00003  -0.00590   0.00242   0.01476
  18  5  H     s   0.00542  -0.00013   0.00012  -0.04819  -0.00199   0.05191
  19  6  C     s   0.00028  -0.60147   0.00006  -0.00214  -0.00089   0.03317
  20  6  C     s   0.00045  -0.43825   0.00008  -0.00389  -0.00132   0.04449
  21  6  C     s  -0.00058  -0.00268  -0.00024   0.00658   0.00359  -0.05707
  22  6  C     s  -0.00024   0.00237   0.00032  -0.00840   0.00774  -0.12770
  23  6  C     x  -0.00005  -0.00098   0.00029  -0.01199  -0.02050   0.07393
  24  6  C     y   0.00231   0.00016  -0.00052  -0.00869   0.03887  -0.13882
  25  6  C     z  -0.00080  -0.00050  -0.00016   0.01749   0.03709  -0.01053
  26  6  C     x   0.00154  -0.00012   0.00000  -0.02970  -0.04045   0.00982
  27  6  C     y   0.00404   0.00016   0.00015  -0.03704  -0.00152  -0.05543
  28  6  C     z  -0.00301   0.00008   0.00007   0.01998  -0.00747  -0.00183
  29  7  H     s   0.00030   0.00011  -0.00006   0.00335   0.01443   0.01823
  30  7  H     s  -0.00223   0.00008   0.00003   0.03986   0.04964   0.07943
  31  8  H     s  -0.00266  -0.00002   0.00002   0.02182  -0.00223   0.00453
  32  8  H     s   0.00445  -0.00036  -0.00002  -0.03877   0.01111   0.01706
  33  9  O     s   0.59168  -0.00050  -0.00014  -0.06973  -0.00753  -0.00407
  34  9  O     s   0.47827  -0.00069  -0.00020  -0.13280   0.00273  -0.00573
  35  9  O     s  -0.05693   0.00191   0.00059   0.51621  -0.05997   0.01721
  36  9  O     s  -0.05356   0.00232   0.00059   0.51502  -0.04637   0.03764
  37  9  O     x  -0.01358  -0.00049   0.00160  -0.01833  -0.41023  -0.03851
  38  9  O     y   0.02942  -0.00019  -0.00203  -0.09762   0.49408   0.02351
  39  9  O     z  -0.01565   0.00092  -0.00119   0.27012   0.33725   0.00720
  40  9  O     x  -0.00933  -0.00030   0.00084   0.00535  -0.22547  -0.04262
  41  9  O     y   0.01488  -0.00002  -0.00104  -0.05316   0.26595   0.02968
  42  9  O     z  -0.00875   0.00031  -0.00063   0.15810   0.18210   0.00662

 ===========================================================================
    Orbital#             7         8         9        10        11        12
      Group#             2         2         2         2         2         2
 ---------------------------------------------------------------------------
  AO# LABELS
   1  1  C     s   0.04425   0.09262   0.04438   0.09406   0.04457   0.09518
   2  1  C     s   0.05867   0.12810   0.05752   0.13013   0.05779   0.13166
   3  1  C     s  -0.09649  -0.41187  -0.08491  -0.41782  -0.08537  -0.42625
   4  1  C     s  -0.17587  -0.30687  -0.14192  -0.31479  -0.13983  -0.31691
   5  1  C     x  -0.08129   0.47850   0.11257  -0.36126  -0.08244   0.24320
   6  1  C     y   0.12424   0.04733   0.01116  -0.49449  -0.11627  -0.09169
   7  1  C     z   0.00462   0.42350   0.09951   0.15758   0.03661  -0.58016
   8  1  C     x  -0.03010   0.08464   0.03131  -0.07124  -0.04167   0.04892
   9  1  C     y   0.07117   0.00672   0.01191  -0.08845  -0.02804  -0.01676
  10  1  C     z   0.01050   0.07888   0.04000   0.02700   0.01158  -0.11237
  11  2  H     s  -0.00484  -0.00772  -0.00558  -0.07555  -0.53642  -0.00803
  12  2  H     s   0.04058   0.04940   0.04681  -0.05280  -0.36396   0.04519
  13  3  H     s  -0.00656  -0.07498  -0.53642  -0.00769  -0.00498  -0.00907
  14  3  H     s   0.05515  -0.05010  -0.35809   0.04315   0.04017   0.04382
  15  4  H     s  -0.00487  -0.00732  -0.00457  -0.00684  -0.00467  -0.07293
  16  4  H     s   0.04306   0.04241   0.04064   0.04650   0.04254  -0.03915
  17  5  H     s   0.01726   0.00817   0.00490  -0.01623  -0.01312   0.01122
  18  5  H     s   0.06422   0.01197   0.01359  -0.03541  -0.03494   0.01430
  19  6  C     s   0.07810  -0.00013  -0.00095   0.00129   0.00083   0.00120
  20  6  C     s   0.10855  -0.00060  -0.00129   0.00136   0.00115   0.00125
  21  6  C     s  -0.37584   0.00386   0.00056  -0.00108  -0.00482  -0.00057
  22  6  C     s  -0.19150   0.04293   0.06696   0.02873   0.04907   0.01896
  23  6  C     x   0.35710  -0.00509   0.01519   0.00916  -0.02080  -0.01494
  24  6  C     y  -0.57202  -0.00270   0.01101   0.01678  -0.00676  -0.00038
  25  6  C     z  -0.01974  -0.00424   0.01917  -0.01246   0.00158   0.01715
  26  6  C     x   0.00293  -0.00551  -0.00464  -0.00121  -0.02515  -0.02304
  27  6  C     y  -0.04189   0.00977   0.02640   0.02402   0.02288   0.01246
  28  6  C     z  -0.00732  -0.00379   0.00267  -0.00421   0.00574   0.01456
  29  7  H     s   0.02157   0.00756   0.00426   0.01134   0.00654  -0.01567
  30  7  H     s   0.08485   0.00720   0.00486   0.01933   0.02483  -0.03172
  31  8  H     s   0.00621  -0.00212  -0.00006  -0.00081   0.00194  -0.00030
  32  8  H     s   0.01984  -0.00220  -0.00234  -0.01662  -0.00005   0.00278
  33  9  O     s  -0.00403   0.00241   0.00251  -0.00191  -0.00148  -0.00224
  34  9  O     s  -0.00548   0.00326   0.00358  -0.00258  -0.00205  -0.00308
  35  9  O     s   0.00990  -0.00650  -0.01098   0.00490   0.00531   0.00752
  36  9  O     s   0.04537  -0.02879  -0.03002   0.02430   0.01353   0.01817
  37  9  O     x  -0.06275   0.02542   0.01880  -0.01294  -0.00827  -0.01924
  38  9  O     y   0.06034  -0.01996  -0.01001   0.01691   0.01650   0.01306
  39  9  O     z   0.01621   0.00773   0.01268  -0.00180  -0.00528   0.00747
  40  9  O     x  -0.06549   0.02812   0.01920  -0.00684  -0.00154  -0.01446
  41  9  O     y   0.06179  -0.01464  -0.00572   0.01461   0.00983   0.00825
  42  9  O     z   0.00964   0.01419   0.00869  -0.00271  -0.00493  -0.00259

 ===========================================================================
    Orbital#            13        14        15        16        17        18
      Group#             2         3         3         3         3         3
 ---------------------------------------------------------------------------
  AO# LABELS
   1  1  C     s   0.04543   0.00247   0.00266  -0.00423  -0.00655   0.00755
   2  1  C     s   0.05909   0.00350   0.00355  -0.00592  -0.00885   0.01077
   3  1  C     s  -0.08703  -0.00922  -0.00570   0.01545   0.01369  -0.02778
   4  1  C     s  -0.16840  -0.02641  -0.03527   0.05095   0.09440  -0.08431
   5  1  C     x   0.05959  -0.00915  -0.01824   0.00594   0.04519  -0.03034
   6  1  C     y  -0.02413   0.01030   0.00286  -0.02883  -0.02644   0.03418
   7  1  C     z  -0.13829   0.00377   0.00332  -0.01469   0.01893   0.02082
   8  1  C     x   0.02313  -0.01691  -0.02058   0.02469   0.06050  -0.01462
   9  1  C     y   0.00161  -0.00242  -0.00300  -0.01659  -0.03249   0.03429
  10  1  C     z  -0.05901   0.03103   0.01002  -0.01902  -0.00802   0.01356
  11  2  H     s  -0.00515  -0.00131  -0.00543   0.00481   0.00750  -0.01156
  12  2  H     s   0.04458   0.01609   0.01401  -0.00055  -0.00335  -0.01268
  13  3  H     s  -0.00566   0.00172   0.00263  -0.00856  -0.01794  -0.00724
  14  3  H     s   0.04918   0.01165   0.00078  -0.02029  -0.01569   0.00690
  15  4  H     s  -0.53711   0.00045   0.00112   0.00413   0.00530   0.01249
  16  4  H     s  -0.33832  -0.01564  -0.00266   0.01814   0.01900   0.04376
  17  5  H     s   0.00607   0.00960   0.01213  -0.00013  -0.00152   0.01006
  18  5  H     s   0.01512   0.06954   0.07405  -0.02492  -0.00090  -0.04042
  19  6  C     s   0.00093   0.00132   0.00602   0.02762   0.07743  -0.09155
  20  6  C     s   0.00136   0.00200   0.00899   0.03554   0.10790  -0.12684
  21  6  C     s  -0.00705  -0.00897  -0.03064  -0.06506  -0.34600   0.42224
  22  6  C     s   0.05338  -0.05158  -0.07718  -0.04207  -0.17876   0.28651
  23  6  C     x  -0.00307   0.01632  -0.02029  -0.09187  -0.46834   0.30127
  24  6  C     y   0.00558   0.01826   0.01431  -0.00878  -0.02515  -0.12278
  25  6  C     z  -0.02218  -0.02393  -0.04692  -0.06573  -0.37077  -0.58364
  26  6  C     x  -0.02168   0.01317  -0.00761  -0.02354  -0.02404   0.03259
  27  6  C     y   0.02696   0.03462   0.02097  -0.04102  -0.04740  -0.01540
  28  6  C     z   0.00387  -0.04999  -0.03271   0.02494   0.03958  -0.07224
  29  7  H     s  -0.01391  -0.00349  -0.00624   0.00094   0.00305   0.07762
  30  7  H     s  -0.02784  -0.03085  -0.02359   0.04551   0.08733   0.08688
  31  8  H     s  -0.00097   0.07520   0.54061  -0.00045   0.03043  -0.00342
  32  8  H     s  -0.00035   0.04193   0.24511   0.03383   0.04964  -0.00200
  33  9  O     s  -0.00236  -0.04706  -0.00981   0.04769   0.00966   0.00081
  34  9  O     s  -0.00330  -0.06674  -0.01226   0.06774   0.01227   0.00121
  35  9  O     s   0.00970   0.22661  -0.01381  -0.23249   0.01898  -0.00292
  36  9  O     s   0.01430   0.09328  -0.01540  -0.08449  -0.02547  -0.03788
  37  9  O     x  -0.01937   0.38241   0.12802   0.47703   0.16942  -0.04011
  38  9  O     y   0.01093   0.59978   0.21941  -0.05781  -0.03728   0.05615
  39  9  O     z   0.00994  -0.35683  -0.14348   0.61971   0.23793   0.03155
  40  9  O     x  -0.01089   0.04551   0.05914   0.09518   0.12876  -0.03707
  41  9  O     y   0.00484   0.13129   0.16763  -0.04387  -0.04198   0.04375
  42  9  O     z   0.00895  -0.11611  -0.14791   0.16250   0.20494   0.05762

 ===========================================================================
    Orbital#            19        20        21
      Group#             3         3         3
 ---------------------------------------------------------------------------
  AO# LABELS
   1  1  C     s   0.00558  -0.00648  -0.00504
   2  1  C     s   0.00770  -0.00920  -0.00693
   3  1  C     s  -0.01809   0.02393   0.01599
   4  1  C     s  -0.10227   0.06107   0.08684
   5  1  C     x  -0.01269   0.00393   0.02928
   6  1  C     y   0.03019  -0.04058  -0.01405
   7  1  C     z  -0.01607   0.00510  -0.00747
   8  1  C     x  -0.01759   0.00649   0.02142
   9  1  C     y   0.04402  -0.03249  -0.03962
  10  1  C     z   0.00421  -0.00418  -0.01327
  11  2  H     s  -0.00814  -0.01322  -0.01389
  12  2  H     s  -0.01999  -0.04317  -0.03733
  13  3  H     s  -0.00609   0.00852   0.00630
  14  3  H     s  -0.00004   0.00156   0.00612
  15  4  H     s   0.01340   0.01112   0.00766
  16  4  H     s   0.03608   0.01223   0.02202
  17  5  H     s   0.00402  -0.07441  -0.54409
  18  5  H     s  -0.03826  -0.06975  -0.33901
  19  6  C     s  -0.04200   0.09201   0.04165
  20  6  C     s  -0.05481   0.12763   0.05468
  21  6  C     s   0.07405  -0.43503  -0.07633
  22  6  C     s   0.17065  -0.26498  -0.16796
  23  6  C     x   0.07720   0.33648   0.07673
  24  6  C     y  -0.03924   0.55650   0.14876
  25  6  C     z  -0.13722  -0.17648  -0.03699
  26  6  C     x   0.01184   0.04673   0.05231
  27  6  C     y   0.02193   0.07816   0.03319
  28  6  C     z  -0.04537  -0.01047  -0.00158
  29  7  H     s   0.54333  -0.01180  -0.00559
  30  7  H     s   0.35931   0.04416   0.05369
  31  8  H     s  -0.00311  -0.00172  -0.00401
  32  8  H     s  -0.01635  -0.02865  -0.02353
  33  9  O     s   0.00102  -0.01144  -0.00676
  34  9  O     s   0.00140  -0.01604  -0.00932
  35  9  O     s  -0.00367   0.04423   0.02415
  36  9  O     s  -0.03200   0.09048   0.06674
  37  9  O     x  -0.02485   0.02123   0.01688
  38  9  O     y   0.03098  -0.00379  -0.00220
  39  9  O     z   0.00779   0.00955   0.01090
  40  9  O     x  -0.00592  -0.00956  -0.01184
  41  9  O     y   0.02755  -0.03721  -0.01916
  42  9  O     z   0.03883   0.00952   0.00268


 WORDS OF DYNAMIC MEMORY USED IN VB2000 CODE ONLY:      528616

 STATISTICS OF CPU TIMES (SECONDS)
 CPU TIME FOR INITIALIZATION        0.067
 CPU TIME FOR MACROITERATION        6.290
 TOTAL CPU TIME                     6.358

