
 **************************************************************
 *                                                            *
 *                        V B 2 0 0 0                         *
 *                                                            *
 * An ab initio Valence-Bond Program Based on the Generalized *
 *    Product Function Method and the Algebrant Algorithm     *
 *                                                            *
 *                  Version 2.8 November 2017                 *
 *                     Stand-alone Version                    *
 *                      Compiler GFORTRAN                     *
 *                                                            *
 *     Memory = 12500000 for MAP file up to 16 electrons      *
 *                                                            *
 *         Jiabo Li*, Brian Duke** and Roy McWeeny***         *
 *                                                            *
 *        * SciNet Technologies, 9943 Fieldthorn St.,         *
 *                   San Diego, CA 92127, USA                 *
 *                                                            *
 *  ** Monash University Institute of Pharmaceutical Sciences,*
 *          Monash University, 381 Royal Pde, Parkville,      *
 *                    Victoria, 3052, Australia               *
 *                                                            *
 *      *** Department of Chemistry, University of Pisa,      *
 *                       56100 Pisa, Italy                    *
 *                                                            *
 *  Reference for the software:                               *
 *     Jiabo Li, Brian Duke, and Roy McWeeny, VB2000 Version  *
 *     2.8, SciNet Technologies, San Diego, CA, 2013          *
 *     URL: http://www.scinetec.com or http://www.vb2000.net  *
 *                                                            *
 *  References for the theory:                                *
 *     General:                                               *
 *     Jiabo Li, and Roy McWeeny, "VB2000: Pushing Valence    *
 *     Bond Theory to New Limits", Int. J. Quantum Chem.,     *
 *     89(2002)208-216.                                       *
 *                                                            *
 *     Spin densities:-                                       *
 *     Jiabo Li, Brian J. Duke, Thomas M. Klapoetke, and Roy  *
 *     McWeeny, Spin-Density of Spin-Free Valence Bond Wave   *
 *     Functions and Its Implementation in VB2000. J. Theor.  *
 *     Comp. Chem. 7(2008)853-867.                            *
 *                                                            *
 *     Spin coupled - n electrons in m orbitals:-             *
 *     Peter B. Karadakov, David L. Cooper, Brian J. Duke,    *
 *     and Jiabo Li, Spin-Coupled Theory for N Electrons in   *
 *     M Orbitals Active Spaces,  J. Phys. Chem. A, 116,      *
 *     7238 - 7244, 2012                                      *
 *                                                            *
 *     Copyright (C) 2018 GNU General Public License          *
 **************************************************************

 JOB NAME IS ethanol                                                         

 VB2000 DIRECTORY IS: .                                                                               
 MAXIMUM DYNAMIC MEMORY IS:        6500000

 Input of molecule
 =================
 #! GPF(9)/D95 PRINTALL                                                          
                                                                                 
 Title: TEST C2H5OH                                                                     

 Charge =  0 Multiplicity =  1

 BASIS SET FILE IS: ./BASET/D95                                                                     

 Cartesian coordinates of atoms in Angstrom
 ----------------------------------------------------
                    X             Y             Z   

  C     6.0     -0.441300      1.909500     -0.148600
  H     1.0      0.152900      2.783400     -0.419400
  H     1.0     -1.262400      1.836600     -0.862200
  H     1.0     -0.875400      2.088400      0.835200
  H     1.0     -0.207600     -0.237900      0.088700
  C     6.0      0.402900      0.628000     -0.166600
  H     1.0      0.833800      0.454300     -1.153100
  H     1.0      2.038700      1.442000      0.505600
  O     8.0      1.447700      0.723000      0.781400
 ----------------------------------------------------

 Total number of two-electron integrals =       395721
 Time for integral evaluation                    0.267

 SKIPPED INTEGRALS =                              9640
 Number of iter =     30, DMAX =        0.000006774327
 Final Hartree-Fock Energy =         -154.041776435598

 Molecular orbitals by HF method
 ===============================================================================
 MO#                       1         2         3         4         5         6
 E(a.u.)             -20.546   -11.285   -11.225    -1.366    -1.015    -0.856
 -------------------------------------------------------------------------------

   1  1  C     s     0.00000   0.00287  -0.60084   0.01007   0.09632  -0.06703
   2  1  C     s    -0.00000   0.00204  -0.43740   0.01341   0.12973  -0.09047
   3  1  C     s    -0.00003   0.00022  -0.00511  -0.03610  -0.34416   0.23481
   4  1  C     s     0.00034   0.00031   0.00144  -0.01180  -0.28894   0.29574
   5  1  C     x     0.00004   0.00019  -0.00003  -0.01561  -0.02428  -0.06157
   6  1  C     y    -0.00005  -0.00033  -0.00001   0.01653   0.04459   0.11979
   7  1  C     z     0.00001  -0.00002   0.00007  -0.00305   0.00745   0.00671
   8  1  C     x    -0.00004   0.00007   0.00007   0.00029   0.01250   0.01342
   9  1  C     y    -0.00009  -0.00004  -0.00010  -0.00662  -0.00962  -0.00878
  10  1  C     z     0.00034   0.00007  -0.00003  -0.00661  -0.00053   0.00082
  11  2  H     s    -0.00003  -0.00003  -0.00043  -0.00708  -0.09522   0.10664
  12  2  H     s     0.00004  -0.00000  -0.00026   0.00090  -0.00736   0.03705
  13  3  H     s     0.00000  -0.00004  -0.00044  -0.00409  -0.09916   0.09419
  14  3  H     s    -0.00003   0.00001  -0.00026   0.00137  -0.00210   0.03656
  15  4  H     s    -0.00001  -0.00003  -0.00047  -0.00692  -0.09360   0.10029
  16  4  H     s    -0.00020  -0.00003  -0.00024   0.00365  -0.00098   0.03152
  17  5  H     s     0.00003   0.00057   0.00005  -0.02348  -0.07622  -0.12876
  18  5  H     s     0.00055  -0.00002  -0.00003  -0.00075  -0.01043  -0.04144
  19  6  C     s    -0.00001   0.60095   0.00298   0.04565   0.07361   0.07879
  20  6  C     s    -0.00003   0.43743   0.00221   0.06099   0.09951   0.10712
  21  6  C     s     0.00029   0.00463  -0.00017  -0.15918  -0.27414  -0.29560
  22  6  C     s    -0.00133  -0.00034  -0.00044  -0.07954  -0.20280  -0.31940
  23  6  C     x    -0.00004   0.00063   0.00020  -0.08245   0.08477  -0.04377
  24  6  C     y    -0.00002   0.00018  -0.00031  -0.01573  -0.06177   0.14744
  25  6  C     z    -0.00002   0.00048  -0.00001  -0.06746   0.03321   0.02358
  26  6  C     x     0.00001  -0.00009   0.00009   0.01123  -0.00496   0.01651
  27  6  C     y     0.00034  -0.00017  -0.00015  -0.00229   0.00179  -0.00977
  28  6  C     z    -0.00074  -0.00015  -0.00002   0.01806   0.01593   0.01640
  29  7  H     s     0.00008   0.00051   0.00005  -0.02520  -0.07606  -0.12143
  30  7  H     s    -0.00011   0.00001  -0.00005   0.00757   0.00406  -0.03382
  31  8  H     s     0.00006   0.00005   0.00001  -0.12579   0.06894   0.11245
  32  8  H     s     0.00006   0.00006  -0.00003  -0.00218   0.02469   0.05286
  33  9  O     s     0.58098  -0.00008  -0.00000   0.12459  -0.03475  -0.01954
  34  9  O     s     0.46126  -0.00012  -0.00001   0.17267  -0.04823  -0.02716
  35  9  O     s    -0.00026   0.00042   0.00002  -0.48417   0.13443   0.07610
  36  9  O     s     0.00236  -0.00038   0.00003  -0.43079   0.16445   0.10751
  37  9  O     x    -0.00012  -0.00029  -0.00003   0.02259   0.09725   0.17238
  38  9  O     y     0.00097  -0.00001   0.00002  -0.06487   0.03377   0.13512
  39  9  O     z    -0.00131  -0.00027  -0.00001   0.09928   0.02719   0.09003
  40  9  O     x    -0.00031   0.00021  -0.00000   0.00055   0.01860   0.03607
  41  9  O     y    -0.00057  -0.00004   0.00001  -0.01723   0.00546   0.03097
  42  9  O     z     0.00037   0.00026  -0.00000   0.02211   0.00392   0.02183

 MO#                       7         8         9        10        11        12
 E(a.u.)              -0.688    -0.626    -0.606    -0.545    -0.527    -0.476
 -------------------------------------------------------------------------------

   1  1  C     s     0.00768  -0.00104   0.00693  -0.00023  -0.00186  -0.00723
   2  1  C     s     0.01035  -0.00135   0.00943  -0.00020  -0.00266  -0.00993
   3  1  C     s    -0.02557   0.00092  -0.02421  -0.00275   0.00955   0.02427
   4  1  C     s    -0.05741   0.02176  -0.04987   0.00351   0.00655   0.06403
   5  1  C     x     0.08137  -0.26697   0.12530   0.14613  -0.31994   0.03001
   6  1  C     y    -0.02869  -0.11443  -0.26767  -0.10072  -0.26462  -0.17929
   7  1  C     z    -0.13910  -0.05164   0.17856  -0.42112  -0.10164   0.18978
   8  1  C     x     0.00111  -0.04626   0.02808   0.06419  -0.09891   0.02406
   9  1  C     y    -0.00782  -0.02948  -0.04215  -0.01569  -0.06468  -0.04565
  10  1  C     z    -0.02525  -0.01894   0.05474  -0.11683  -0.02445   0.02497
  11  2  H     s     0.01831  -0.11466  -0.10804   0.05918  -0.21089  -0.10088
  12  2  H     s     0.02294  -0.08076  -0.08218   0.03187  -0.19055  -0.12567
  13  3  H     s     0.00506   0.12599  -0.11111   0.09883   0.19427  -0.07087
  14  3  H     s     0.00134   0.09398  -0.07594   0.09158   0.15507  -0.07327
  15  4  H     s    -0.08753   0.02143   0.02661  -0.25113  -0.00161   0.09867
  16  4  H     s    -0.05022   0.02129   0.00768  -0.18842  -0.00991   0.10737
  17  5  H     s    -0.04592   0.16704   0.05193  -0.02866  -0.13078  -0.18020
  18  5  H     s    -0.00613   0.09167   0.03610  -0.05178  -0.09874  -0.21314
  19  6  C     s    -0.01473   0.00266  -0.01737   0.00081   0.00182   0.00144
  20  6  C     s    -0.01961   0.00387  -0.02374   0.00096   0.00235   0.00185
  21  6  C     s     0.04725  -0.01465   0.06490  -0.00370  -0.00257  -0.01010
  22  6  C     s     0.06210   0.01557   0.07379   0.01618  -0.04318   0.04862
  23  6  C     x     0.04061  -0.27743  -0.26982  -0.11955   0.16246   0.05209
  24  6  C     y     0.07303  -0.26161   0.18241   0.15051   0.18716   0.24102
  25  6  C     z    -0.35052  -0.07573   0.10947   0.02033   0.06403  -0.28454
  26  6  C     x     0.02964  -0.04582  -0.04862  -0.03888   0.02837   0.02456
  27  6  C     y     0.03996  -0.07463   0.03755   0.00351   0.06132   0.01651
  28  6  C     z    -0.05782   0.02564   0.00520   0.03381  -0.01703   0.00007
  29  7  H     s     0.17142  -0.00215  -0.08447  -0.04620  -0.02229   0.15327
  30  7  H     s     0.10345   0.01849  -0.08492  -0.03610  -0.02956   0.17600
  31  8  H     s     0.18778   0.06969   0.11087  -0.07053  -0.01447  -0.11296
  32  8  H     s     0.09163   0.05571   0.05620  -0.03535  -0.03163  -0.07855
  33  9  O     s     0.02346  -0.01562   0.01656  -0.01875   0.00655  -0.02445
  34  9  O     s     0.03272  -0.02184   0.02311  -0.02619   0.00926  -0.03422
  35  9  O     s    -0.09561   0.06892  -0.06758   0.07884  -0.03489   0.10677
  36  9  O     s    -0.13208   0.07265  -0.09523   0.10895  -0.00781   0.13248
  37  9  O     x     0.32549   0.29118  -0.03502  -0.14310  -0.14613   0.03613
  38  9  O     y     0.22459  -0.06347   0.39101  -0.00257   0.04939  -0.23637
  39  9  O     z    -0.13465   0.20723   0.11746   0.28994  -0.26064   0.34137
  40  9  O     x     0.10156   0.12002  -0.03160  -0.06221  -0.06980   0.03687
  41  9  O     y     0.07549  -0.03379   0.17408   0.00097   0.02478  -0.12371
  42  9  O     z    -0.06504   0.08574   0.04629   0.14734  -0.13360   0.19669

 MO#                      13        14        15        16        17        18
 E(a.u.)              -0.439     0.228     0.256     0.284     0.314     0.336
 -------------------------------------------------------------------------------

   1  1  C     s     0.01683  -0.00668   0.05660   0.02811   0.00732  -0.00627
   2  1  C     s     0.02363  -0.00982   0.07494   0.03946   0.00972  -0.00849
   3  1  C     s    -0.06604   0.03969  -0.05256  -0.09024  -0.00110   0.00808
   4  1  C     s    -0.14039   0.13958  -2.80628  -1.25756  -0.52041   0.37310
   5  1  C     x    -0.21753   0.00422  -0.02462   0.04175   0.02007  -0.11365
   6  1  C     y     0.21448   0.10578  -0.05244  -0.06455  -0.07245  -0.03112
   7  1  C     z     0.00412  -0.02003  -0.00496   0.01358   0.07914   0.06663
   8  1  C     x    -0.01449  -0.27785  -1.01655   0.30222   0.99996  -1.92201
   9  1  C     y     0.09207   0.76119   0.93656  -1.11161   0.54848  -1.15504
  10  1  C     z     0.02379  -0.13951  -0.19239  -0.38834   1.76946   1.64749
  11  2  H     s    -0.00134   0.03944  -0.00927   0.03625  -0.00386   0.09647
  12  2  H     s    -0.00653  -0.44112   0.57628   1.07346  -0.03016   1.86641
  13  3  H     s     0.06140  -0.04796  -0.02325  -0.05611   0.01657  -0.01222
  14  3  H     s     0.11866  -0.48708   0.10159   0.20636   1.48630  -0.52177
  15  4  H     s     0.04977   0.01929   0.00173   0.03773  -0.01147  -0.08458
  16  4  H     s     0.07571  -0.17024   0.46152   1.07041  -0.71260  -1.90032
  17  5  H     s     0.00587   0.01127  -0.01110  -0.01709  -0.05188  -0.04348
  18  5  H     s     0.00357  -0.59574   0.16395   0.59153  -1.10871   0.54570
  19  6  C     s     0.00374  -0.01857  -0.03394   0.05287  -0.00335   0.00129
  20  6  C     s     0.00551  -0.02342  -0.04362   0.07417  -0.00316   0.00126
  21  6  C     s    -0.01860  -0.00433  -0.01734  -0.15980  -0.03893   0.01469
  22  6  C     s    -0.01128   1.30682   1.97454  -1.90763   0.95216  -0.22939
  23  6  C     x     0.17823  -0.10762  -0.09103  -0.04840  -0.09418   0.00459
  24  6  C     y    -0.19596  -0.00799   0.07070   0.04588  -0.08664   0.03322
  25  6  C     z    -0.14063  -0.17804  -0.02251  -0.00747  -0.07665  -0.01916
  26  6  C     x    -0.01305  -0.64421  -0.59949  -0.47015  -1.09264   0.87930
  27  6  C     y    -0.03865  -0.15414   1.60827   0.22466  -0.94517   0.63966
  28  6  C     z    -0.03493  -0.10943   0.20016  -0.24068  -1.77474  -0.70225
  29  7  H     s     0.15290   0.00044  -0.00989  -0.02176  -0.02516   0.05880
  30  7  H     s     0.18790  -0.37162   0.04305   0.63404  -1.13083  -0.19813
  31  8  H     s     0.00128  -0.05713   0.01752  -0.04124  -0.01011  -0.02576
  32  8  H     s     0.01358  -1.16833   0.38570  -0.08140   0.93528  -0.10948
  33  9  O     s     0.00064  -0.03972   0.00544  -0.02932  -0.00732  -0.00496
  34  9  O     s     0.00101  -0.05362   0.00657  -0.03876  -0.00876  -0.00717
  35  9  O     s    -0.00574   0.09862   0.01106   0.05092  -0.00837   0.02443
  36  9  O     s     0.01245   0.88879  -0.31955   0.78525   0.36581   0.03561
  37  9  O     x    -0.33847   0.10309   0.00775  -0.05923  -0.11665  -0.02017
  38  9  O     y     0.39706   0.18054  -0.10547   0.00111  -0.12972   0.02505
  39  9  O     z     0.28721  -0.11508   0.03213  -0.13966  -0.06499   0.04425
  40  9  O     x    -0.20625   0.33339   0.03953  -0.27502  -0.41729  -0.07257
  41  9  O     y     0.23194   0.42225  -0.31990  -0.05838  -0.31304  -0.01760
  42  9  O     z     0.17152  -0.18333   0.09520  -0.29921  -0.00467   0.07495


                    PARAMETER LIMIT VALUES
 Max. no. of atoms                    MAXCEN =    200
 Max. no. of basis functions          MAXBFN =   1350
 Max. no. of shells                   MAXSHL =    500
 Max. no. of total primitives         MAXEXP =   4400
 Max. no. of primitives per orbital   MAXPRM =     15
 Max. no. of atoms * no. of orbitals  MAXNAB = 135000
 Increase max basis set size by       NEXTRA =     20
 Max. size for Rumer data             MAXST1 = 120000
 Max. no. of orbitals in group        MAXNOB =    200
 Max. no. of CUBE orbitals            MAXCUB =    100
 Max. no. of groups                   MAXGRP =     49
 BRILLMASK array sizes                MAXBLL =  12500

 VBO LIB IS: ./VBOLIB/VBOLIBD95                                                              

 Localized molecular orbitals and the bond labels
 ===============================================================================
 LMO#                      1         2         3         4         5         6
 E(a.u.)             -20.051   -11.238   -11.174    -1.334    -0.524    -0.878
 Bond Label            9:(0)     6:(0)     1:(0)     9:(1)     9:(2)    9-8(1)
 -------------------------------------------------------------------------------

   1  1  C     s     0.00009   0.00150  -0.60768  -0.00006   0.00763   0.00238
   2  1  C     s     0.00005   0.00232  -0.44754  -0.00060   0.01000   0.00308
   3  1  C     s     0.00051  -0.00744   0.02450   0.00749  -0.02614  -0.00671
   4  1  C     s    -0.00464  -0.00123   0.02993  -0.02971  -0.09683  -0.02386
   5  1  C     x    -0.00047  -0.00561  -0.00116   0.00094  -0.03243  -0.01720
   6  1  C     y     0.00096   0.00847   0.00201   0.00208   0.04203   0.00310
   7  1  C     z     0.00110   0.00033  -0.00033   0.01078  -0.00587   0.00051
   8  1  C     x    -0.00451   0.00093  -0.00034  -0.04150   0.02642  -0.01238
   9  1  C     y     0.00092  -0.00070   0.00025   0.00039   0.05434  -0.00560
  10  1  C     z     0.00254  -0.00039  -0.00007   0.01745   0.01935   0.01969
  11  2  H     s     0.00014  -0.00025   0.00935   0.00147  -0.00320  -0.00323
  12  2  H     s     0.00176   0.00117   0.00161   0.01784  -0.01652   0.01762
  13  3  H     s     0.00046  -0.00023   0.00925   0.00130   0.01174   0.00371
  14  3  H     s     0.00017   0.00202   0.00127  -0.00845   0.06813   0.00913
  15  4  H     s     0.00029  -0.00020   0.00892   0.00245  -0.00276  -0.00006
  16  4  H     s    -0.00232   0.00161   0.00099  -0.02024   0.00951  -0.00902
  17  5  H     s     0.00298  -0.00854   0.00023   0.02562   0.00524   0.02808
  18  5  H     s     0.00949  -0.00257  -0.00106   0.07452   0.00244   0.08280
  19  6  C     s     0.00006   0.60756  -0.00145  -0.00708  -0.00169   0.00782
  20  6  C     s     0.00019   0.44723  -0.00224  -0.00990  -0.00250   0.01004
  21  6  C     s     0.00034  -0.02481   0.00714   0.03462   0.00722  -0.03089
  22  6  C     s     0.00137  -0.02497   0.00096   0.02595   0.01120  -0.07160
  23  6  C     x    -0.00154   0.00177  -0.00503   0.02565  -0.00284  -0.04410
  24  6  C     y     0.00051   0.00062   0.00809   0.00497   0.01850  -0.00318
  25  6  C     z    -0.00182   0.00337  -0.00008   0.01671   0.01738  -0.03858
  26  6  C     x     0.00343   0.00070   0.00100   0.03061  -0.03943  -0.00580
  27  6  C     y     0.00579  -0.00118  -0.00080   0.04603  -0.00238   0.01601
  28  6  C     z    -0.00405   0.00237  -0.00039  -0.03097  -0.01248  -0.03488
  29  7  H     s    -0.00037  -0.00930   0.00039  -0.01084   0.03142  -0.01341
  30  7  H     s    -0.00587  -0.00113  -0.00163  -0.06567   0.06495  -0.02742
  31  8  H     s    -0.00501   0.00007  -0.00000   0.02295   0.00248   0.31771
  32  8  H     s     0.00531   0.00149  -0.00015   0.04723   0.01474   0.13368
  33  9  O     s     0.59474   0.00102   0.00014   0.02824   0.00196  -0.03197
  34  9  O     s     0.48478   0.00157   0.00017   0.09186   0.01189  -0.05445
  35  9  O     s    -0.08424  -0.00497  -0.00031  -0.46611  -0.07116   0.18490
  36  9  O     s    -0.08036  -0.00083  -0.00131  -0.47791  -0.05744   0.13254
  37  9  O     x    -0.00646   0.00754  -0.00016   0.02778  -0.40813   0.29623
  38  9  O     y     0.02592  -0.00111   0.00045   0.15394   0.50763   0.40475
  39  9  O     z    -0.03464   0.00867   0.00028  -0.37608   0.32580  -0.19292
  40  9  O     x    -0.00591   0.00137   0.00036  -0.00206  -0.22835   0.07928
  41  9  O     y     0.01349  -0.00138  -0.00037   0.07762   0.27439   0.15364
  42  9  O     z    -0.01999   0.00264   0.00018  -0.21175   0.17744  -0.10620

 LMO#                      7         8         9        10        11        12
 E(a.u.)              -0.862    -0.724    -0.698    -0.696    -0.674    -0.673
 Bond Label           9-6(1)    6-1(1)    7-6(1)    6-5(1)    3-1(1)    2-1(1)
 -------------------------------------------------------------------------------

   1  1  C     s    -0.00474   0.03945   0.00663  -0.00625   0.03732   0.03706
   2  1  C     s    -0.00588   0.06570   0.00791  -0.00770   0.06364   0.06330
   3  1  C     s     0.00941  -0.21371  -0.01528   0.01616  -0.20809  -0.20744
   4  1  C     s     0.05681  -0.20606  -0.08359   0.06923  -0.20505  -0.20005
   5  1  C     x     0.02809  -0.24167  -0.02129   0.01755   0.33412  -0.26033
   6  1  C     y    -0.02883   0.35848   0.03257  -0.02593   0.03976  -0.34972
   7  1  C     z     0.00795   0.00487   0.00477  -0.00033   0.30373   0.11258
   8  1  C     x     0.03802  -0.03553  -0.01537   0.01182   0.07116  -0.07328
   9  1  C     y    -0.02284   0.07805   0.03684  -0.03507   0.01423  -0.07375
  10  1  C     z    -0.00912   0.01217   0.00663  -0.00931   0.07635   0.02430
  11  2  H     s     0.00471   0.01747  -0.00979  -0.01727   0.01623  -0.31996
  12  2  H     s     0.00217   0.06649  -0.02182  -0.04897   0.06100  -0.23010
  13  3  H     s    -0.01982   0.01739  -0.00627   0.00628  -0.31874   0.01943
  14  3  H     s    -0.02423   0.08262   0.00013   0.00368  -0.22213   0.05308
  15  4  H     s     0.00607   0.01724   0.01986   0.01061   0.01968   0.02002
  16  4  H     s     0.02087   0.06649   0.05169   0.02242   0.05392   0.05702
  17  5  H     s     0.02020   0.01928  -0.02259  -0.32055   0.00824  -0.01783
  18  5  H     s     0.00800   0.06895  -0.06575  -0.21232   0.01312  -0.04831
  19  6  C     s     0.03052   0.03994  -0.04052   0.04336  -0.00750  -0.00557
  20  6  C     s     0.05168   0.06755  -0.06845   0.07162  -0.00965  -0.00692
  21  6  C     s    -0.17857  -0.22722   0.22548  -0.23827   0.02333   0.01663
  22  6  C     s    -0.07948  -0.19335   0.23340  -0.21813   0.07447   0.05552
  23  6  C     x    -0.28663   0.22625   0.20532   0.25182  -0.00348  -0.02120
  24  6  C     y    -0.04020  -0.37954  -0.05521   0.36827   0.02757   0.02987
  25  6  C     z    -0.25318  -0.01903  -0.40854  -0.13525   0.01419  -0.00586
  26  6  C     x    -0.02029   0.01242   0.03324   0.06273  -0.00367  -0.01259
  27  6  C     y    -0.04279  -0.05971   0.00564   0.06839   0.02175   0.02687
  28  6  C     z     0.02422  -0.00665  -0.06531  -0.01389  -0.00182  -0.00019
  29  7  H     s     0.02653   0.02135   0.32234   0.01885   0.00752   0.01098
  30  7  H     s     0.07667   0.08984   0.23950   0.07147   0.00253   0.01999
  31  8  H     s     0.04052   0.00631  -0.00947  -0.01744   0.00147  -0.00112
  32  8  H     s     0.06435   0.02331  -0.01403  -0.03571  -0.00326  -0.01244
  33  9  O     s     0.03368  -0.00245   0.00280  -0.00412   0.00258  -0.00102
  34  9  O     s     0.05527  -0.00254   0.00310  -0.00481   0.00307  -0.00118
  35  9  O     s    -0.17852   0.00115  -0.00386   0.00745  -0.00539   0.00105
  36  9  O     s    -0.15080   0.03512  -0.03506   0.05552  -0.03613   0.01497
  37  9  O     x     0.36371  -0.03447   0.00328  -0.00903   0.01621  -0.00897
  38  9  O     y     0.00169   0.02687   0.00735  -0.00384  -0.00432   0.01345
  39  9  O     z     0.39528  -0.01373   0.04002  -0.00998   0.01498  -0.01253
  40  9  O     x     0.13246  -0.05124  -0.00466  -0.02452   0.02533  -0.00086
  41  9  O     y    -0.01892   0.03945   0.01521  -0.02712  -0.00692   0.01015
  42  9  O     z     0.17350  -0.00736   0.06218  -0.00068   0.01616  -0.00875

 LMO#                     13
 E(a.u.)              -0.671
 Bond Label           4-1(1)
 -------------------------------------------------------------------------------

   1  1  C     s     0.03960
   2  1  C     s     0.06664
   3  1  C     s    -0.21719
   4  1  C     s    -0.22345
   5  1  C     x     0.17147
   6  1  C     y    -0.06066
   7  1  C     z    -0.41537
   8  1  C     x     0.04295
   9  1  C     y    -0.00910
  10  1  C     z    -0.10779
  11  2  H     s     0.01817
  12  2  H     s     0.05924
  13  3  H     s     0.01666
  14  3  H     s     0.05862
  15  4  H     s    -0.31821
  16  4  H     s    -0.20524
  17  5  H     s     0.00999
  18  5  H     s     0.01426
  19  6  C     s    -0.00490
  20  6  C     s    -0.00613
  21  6  C     s     0.01405
  22  6  C     s     0.05194
  23  6  C     x    -0.02166
  24  6  C     y     0.02430
  25  6  C     z    -0.00838
  26  6  C     x    -0.02318
  27  6  C     y     0.02241
  28  6  C     z     0.00918
  29  7  H     s    -0.01508
  30  7  H     s    -0.04232
  31  8  H     s    -0.00106
  32  8  H     s     0.00113
  33  9  O     s    -0.00111
  34  9  O     s    -0.00137
  35  9  O     s     0.00288
  36  9  O     s     0.00885
  37  9  O     x    -0.01522
  38  9  O     y     0.00784
  39  9  O     z     0.00106
  40  9  O     x    -0.00991
  41  9  O     y     0.00315
  42  9  O     z    -0.00095


 Mulliken population of localized molecular orbitals
 ===============================================================================
 LMO#                      1         2         3         4         5         6
 E(a.u.)             -20.051   -11.238   -11.174    -1.334    -0.524    -0.878
 Bond Label            9:(0)     6:(0)     1:(0)     9:(1)     9:(2)    9-8(1)
 -------------------------------------------------------------------------------

   1         C      -0.00002  -0.00014   2.00084   0.00512  -0.00199  -0.00354
   2         H       0.00000   0.00000  -0.00027   0.00033  -0.00116   0.00139
   3         H       0.00000   0.00000  -0.00024  -0.00001   0.00359   0.00025
   4         H       0.00001   0.00000  -0.00022   0.00067   0.00096  -0.00013
   5         H      -0.00006  -0.00042   0.00000  -0.00640   0.00001   0.00214
   6         C       0.00019   2.00105  -0.00012  -0.00555   0.01715  -0.01687
   7         H       0.00002  -0.00023   0.00000   0.00342  -0.00258  -0.00222
   8         H       0.00008   0.00002  -0.00000  -0.03189  -0.00136   0.67277
   9         O       1.99978  -0.00029  -0.00000   2.03430   1.98537   1.34621

 LMO#                      7         8         9        10        11        12
 E(a.u.)              -0.862    -0.724    -0.698    -0.696    -0.674    -0.673
 Bond Label           9-6(1)    6-1(1)    7-6(1)    6-5(1)    3-1(1)    2-1(1)
 -------------------------------------------------------------------------------

   1         C      -0.02464   1.08249  -0.04401  -0.03955   1.18121   1.16788
   2         H      -0.00006  -0.01855  -0.00196   0.00143  -0.02103   0.89878
   3         H       0.00158  -0.02324   0.00012  -0.00026   0.88227  -0.01747
   4         H      -0.00084  -0.01806   0.00264  -0.00176  -0.01788  -0.01873
   5         H      -0.00095  -0.02083  -0.02283   0.86899  -0.00092   0.00069
   6         C       0.70207   1.06489   1.18794   1.22500  -0.01957  -0.03002
   7         H      -0.01475  -0.02651   0.92035  -0.02574  -0.00008  -0.00145
   8         H      -0.01670  -0.00367  -0.00271   0.00197  -0.00025   0.00194
   9         O       1.35427  -0.03652  -0.03954  -0.03008  -0.00376  -0.00162

 LMO#                     13
 E(a.u.)              -0.671
 Bond Label           4-1(1)
 -------------------------------------------------------------------------------

   1         C       1.22344
   2         H      -0.02043
   3         H      -0.02056
   4         H       0.85276
   5         H      -0.00108
   6         C      -0.03263
   7         H      -0.00005
   8         H      -0.00005
   9         O      -0.00140


 End of file. String $GENCTL    was not found
 WARNING: GENCTL IS MISSING, GVB IS ASSUMED

 PARTITIONING OF LMOs INTO GROUPS ($LMOGRPMODIFY)
 ================================================
 LMO#     1  2  3  4  5  6  7  8  9 10 11 12 13
 Group#   1  1  1  1  1  2  3  4  5  6  7  8  9
 Split    0  0  0  0  0  1  1  1  1  1  1  1  1


 Initial guess of orbitals
 ===============================================================================
 ORBITAL#                  1         2         3         4         5         6
 Bond Label            9:(0)     6:(0)     1:(0)     9:(1)     9:(2)    9-8(1)
 -------------------------------------------------------------------------------

   1  1  C     s     0.00009   0.00150  -0.60768  -0.00006   0.00763   0.00044
   2  1  C     s     0.00005   0.00232  -0.44754  -0.00060   0.01000  -0.00050
   3  1  C     s     0.00051  -0.00744   0.02450   0.00749  -0.02614   0.00446
   4  1  C     s    -0.00464  -0.00123   0.02993  -0.02971  -0.09683   0.00682
   5  1  C     x    -0.00047  -0.00561  -0.00116   0.00094  -0.03243  -0.00280
   6  1  C     y     0.00096   0.00847   0.00201   0.00208   0.04203  -0.01140
   7  1  C     z     0.00110   0.00033  -0.00033   0.01078  -0.00587  -0.01191
   8  1  C     x    -0.00451   0.00093  -0.00034  -0.04150   0.02642   0.00097
   9  1  C     y     0.00092  -0.00070   0.00025   0.00039   0.05434  -0.00294
  10  1  C     z     0.00254  -0.00039  -0.00007   0.01745   0.01935  -0.00424
  11  2  H     s     0.00014  -0.00025   0.00935   0.00147  -0.00320  -0.00001
  12  2  H     s     0.00176   0.00117   0.00161   0.01784  -0.01652  -0.00076
  13  3  H     s     0.00046  -0.00023   0.00925   0.00130   0.01174  -0.00521
  14  3  H     s     0.00017   0.00202   0.00127  -0.00845   0.06813  -0.00366
  15  4  H     s     0.00029  -0.00020   0.00892   0.00245  -0.00276   0.00276
  16  4  H     s    -0.00232   0.00161   0.00099  -0.02024   0.00951   0.00285
  17  5  H     s     0.00298  -0.00854   0.00023   0.02562   0.00524  -0.01676
  18  5  H     s     0.00949  -0.00257  -0.00106   0.07452   0.00244  -0.01414
  19  6  C     s     0.00006   0.60756  -0.00145  -0.00708  -0.00169   0.00507
  20  6  C     s     0.00019   0.44723  -0.00224  -0.00990  -0.00250   0.00863
  21  6  C     s     0.00034  -0.02481   0.00714   0.03462   0.00722  -0.02934
  22  6  C     s     0.00137  -0.02497   0.00096   0.02595   0.01120  -0.01946
  23  6  C     x    -0.00154   0.00177  -0.00503   0.02565  -0.00284  -0.06191
  24  6  C     y     0.00051   0.00062   0.00809   0.00497   0.01850  -0.07140
  25  6  C     z    -0.00182   0.00337  -0.00008   0.01671   0.01738   0.02522
  26  6  C     x     0.00343   0.00070   0.00100   0.03061  -0.03943  -0.01285
  27  6  C     y     0.00579  -0.00118  -0.00080   0.04603  -0.00238  -0.01981
  28  6  C     z    -0.00405   0.00237  -0.00039  -0.03097  -0.01248   0.01131
  29  7  H     s    -0.00037  -0.00930   0.00039  -0.01084   0.03142   0.01131
  30  7  H     s    -0.00587  -0.00113  -0.00163  -0.06567   0.06495   0.01110
  31  8  H     s    -0.00501   0.00007  -0.00000   0.02295   0.00248   0.00222
  32  8  H     s     0.00531   0.00149  -0.00015   0.04723   0.01474  -0.00118
  33  9  O     s     0.59474   0.00102   0.00014   0.02824   0.00196  -0.04476
  34  9  O     s     0.48478   0.00157   0.00017   0.09186   0.01189  -0.07911
  35  9  O     s    -0.08424  -0.00497  -0.00031  -0.46611  -0.07116   0.27865
  36  9  O     s    -0.08036  -0.00083  -0.00131  -0.47791  -0.05744   0.20630
  37  9  O     x    -0.00646   0.00754  -0.00016   0.02778  -0.40813   0.44035
  38  9  O     y     0.02592  -0.00111   0.00045   0.15394   0.50763   0.56126
  39  9  O     z    -0.03464   0.00867   0.00028  -0.37608   0.32580  -0.23676
  40  9  O     x    -0.00591   0.00137   0.00036  -0.00206  -0.22835   0.12117
  41  9  O     y     0.01349  -0.00138  -0.00037   0.07762   0.27439   0.21033
  42  9  O     z    -0.01999   0.00264   0.00018  -0.21175   0.17744  -0.13227

 ORBITAL#                  7         8         9        10        11        12
 Bond Label           9-8(1)    9-6(1)    9-6(1)    6-1(1)    6-1(1)    7-6(1)
 -------------------------------------------------------------------------------

   1  1  C     s     0.00069  -0.00188  -0.00224   0.05655   0.00696   0.00618
   2  1  C     s    -0.00034  -0.00147  -0.00335   0.09853  -0.00336   0.01037
   3  1  C     s     0.00552   0.00080   0.00944  -0.33200   0.04811  -0.03381
   4  1  C     s    -0.00275  -0.00059   0.01461  -0.31940   0.04008  -0.03663
   5  1  C     x    -0.00919   0.02264   0.05948  -0.42779  -0.03371  -0.05091
   6  1  C     y    -0.00923   0.01662   0.02983   0.63575   0.05311   0.02347
   7  1  C     z    -0.01152   0.02785   0.05088   0.01476   0.00551   0.08577
   8  1  C     x    -0.00825   0.00332   0.01852  -0.06264  -0.00126  -0.00744
   9  1  C     y    -0.00089   0.00366   0.00642   0.13819   0.01573   0.00927
  10  1  C     z    -0.00013   0.00792   0.01103   0.02305   0.00476   0.02437
  11  2  H     s    -0.00373  -0.00523  -0.00590   0.02583   0.01214   0.00894
  12  2  H     s    -0.00030  -0.00295  -0.00631   0.01834   0.00701   0.00475
  13  3  H     s    -0.00617   0.00898   0.02222   0.03586   0.01305   0.00799
  14  3  H     s    -0.00418   0.00583   0.01616   0.02571   0.01630   0.01119
  15  4  H     s     0.00246  -0.00561  -0.00972   0.02237   0.00795  -0.02192
  16  4  H     s    -0.00168  -0.00462  -0.00359   0.01466   0.00680  -0.01258
  17  5  H     s    -0.01462  -0.00115  -0.00434   0.01625   0.02833  -0.04340
  18  5  H     s    -0.00024   0.00201  -0.01031   0.01057   0.01800  -0.03024
  19  6  C     s     0.00461   0.00121   0.05167   0.00591   0.05645  -0.05501
  20  6  C     s     0.00836  -0.01238   0.09709  -0.00606   0.09978  -0.09684
  21  6  C     s    -0.02853   0.07817  -0.36312   0.06143  -0.34641   0.32725
  22  6  C     s    -0.01808   0.07561  -0.13683   0.05140  -0.29831   0.35408
  23  6  C     x    -0.04685  -0.03270  -0.67286   0.03437   0.43050   0.31854
  24  6  C     y    -0.04866  -0.00077  -0.06535  -0.05432  -0.67358  -0.09959
  25  6  C     z     0.01028  -0.04577  -0.62330  -0.00888  -0.02852  -0.69536
  26  6  C     x    -0.00428  -0.00260  -0.04963  -0.00076   0.01882   0.04988
  27  6  C     y    -0.00633   0.00174  -0.09885  -0.00458  -0.10224   0.00218
  28  6  C     z     0.00249  -0.00728   0.05418  -0.00888  -0.01992  -0.10434
  29  7  H     s     0.00666  -0.00535   0.01388   0.01109   0.02594   0.00617
  30  7  H     s    -0.00338  -0.00655   0.01728   0.00910   0.02478   0.00977
  31  8  H     s     0.77801   0.02243   0.02994   0.00667   0.01200  -0.01138
  32  8  H     s     0.33391   0.01122   0.00764   0.00283   0.00621  -0.00448
  33  9  O     s     0.00608   0.04614  -0.00410  -0.00211  -0.00224   0.00266
  34  9  O     s     0.01722   0.07804  -0.01346  -0.00326  -0.00423   0.00504
  35  9  O     s    -0.08286  -0.26045   0.06814   0.01001   0.01505  -0.01826
  36  9  O     s    -0.08403  -0.22534   0.06698   0.00852   0.01305  -0.01182
  37  9  O     x     0.00934   0.52984   0.02165  -0.00993  -0.05808  -0.02574
  38  9  O     y     0.04385   0.03463  -0.00117   0.01224   0.07327   0.02017
  39  9  O     z    -0.04127   0.52421   0.04073  -0.00997   0.01074   0.07871
  40  9  O     x    -0.00111   0.19061   0.00851  -0.00500  -0.03143  -0.01470
  41  9  O     y     0.02136  -0.01344  -0.00385   0.00601   0.03831   0.01303
  42  9  O     z    -0.02509   0.22651   0.02241  -0.00422   0.00841   0.03994

 ORBITAL#                 13        14        15        16        17        18
 Bond Label           7-6(1)    6-5(1)    6-5(1)    3-1(1)    3-1(1)    2-1(1)
 -------------------------------------------------------------------------------

   1  1  C     s     0.00438  -0.00697  -0.00510   0.05153   0.00706   0.05189
   2  1  C     s     0.00617  -0.01159  -0.00778   0.09406  -0.00332   0.09496
   3  1  C     s    -0.01706   0.03744   0.02352  -0.32249   0.04883  -0.32648
   4  1  C     s    -0.01598   0.04093   0.02362  -0.31673   0.04655  -0.31657
   5  1  C     x    -0.02734  -0.03510  -0.01527   0.55370   0.03135  -0.42375
   6  1  C     y     0.01463  -0.09287  -0.05518   0.03418  -0.01611  -0.58458
   7  1  C     z     0.05379   0.03081   0.02037   0.49540   0.03292   0.18491
   8  1  C     x    -0.00629  -0.01032  -0.00622   0.11587   0.00607  -0.11962
   9  1  C     y     0.00337  -0.02122  -0.01224   0.01568  -0.00290  -0.12239
  10  1  C     z     0.01447   0.00476   0.00403   0.12339   0.00793   0.04017
  11  2  H     s     0.00609   0.01599   0.01143   0.05218   0.02804  -0.00453
  12  2  H     s     0.00440   0.01058   0.00823   0.03774   0.01994  -0.00353
  13  3  H     s     0.00645  -0.00593  -0.00370  -0.00445  -0.65688   0.03778
  14  3  H     s     0.00450  -0.00435  -0.00244  -0.00424  -0.45634   0.02764
  15  4  H     s    -0.01554  -0.01224  -0.00789   0.03991   0.01780   0.03951
  16  4  H     s    -0.01014  -0.00664  -0.00504   0.02546   0.01190   0.02554
  17  5  H     s    -0.01908  -0.00320  -0.66460  -0.01046  -0.00696   0.01434
  18  5  H     s    -0.01247  -0.00590  -0.44011  -0.00684  -0.00475   0.00989
  19  6  C     s    -0.00778   0.06329   0.01357  -0.00616  -0.00444  -0.00635
  20  6  C     s     0.00303   0.11122   0.00789  -0.00892  -0.00603  -0.01106
  21  6  C     s    -0.05231  -0.38834   0.01122   0.02544   0.01615   0.03800
  22  6  C     s    -0.03605  -0.34852   0.01609   0.03444   0.01932   0.02512
  23  6  C     x     0.01435   0.37851   0.00018  -0.05240  -0.01639   0.06281
  24  6  C     y     0.00398   0.57833   0.01958  -0.01053  -0.01268   0.07978
  25  6  C     z    -0.05830  -0.24057  -0.04925  -0.04999  -0.02166  -0.01816
  26  6  C     x     0.00595   0.09676   0.00294  -0.00452  -0.00308   0.01098
  27  6  C     y    -0.00189   0.10218   0.00266  -0.00569  -0.00341   0.01991
  28  6  C     z    -0.00142  -0.01906  -0.00420  -0.00016  -0.00140  -0.01054
  29  7  H     s     0.63799   0.05022   0.02403  -0.00605  -0.00469  -0.00976
  30  7  H     s     0.47368   0.04044   0.01805  -0.00535  -0.00240  -0.00670
  31  8  H     s    -0.00637   0.01077   0.01780  -0.00917  -0.00278   0.01009
  32  8  H     s    -0.00254   0.00187   0.00756  -0.00404  -0.00096   0.00485
  33  9  O     s     0.00267  -0.00662  -0.00047   0.00054   0.00049   0.00111
  34  9  O     s     0.00411  -0.01033  -0.00073   0.00041   0.00057   0.00240
  35  9  O     s    -0.01270   0.03359   0.00200   0.00022  -0.00117  -0.00992
  36  9  O     s    -0.01058   0.03613   0.00320   0.00007  -0.00070  -0.00885
  37  9  O     x     0.00398  -0.06755  -0.04612   0.00561  -0.00763  -0.00279
  38  9  O     y    -0.00872  -0.05717  -0.02402  -0.01009   0.01045   0.01173
  39  9  O     z     0.01677  -0.00603  -0.01771  -0.00637   0.00957   0.01459
  40  9  O     x     0.00204  -0.01989  -0.01521   0.00354  -0.00447  -0.00290
  41  9  O     y    -0.00373  -0.02178  -0.00753  -0.00521   0.00563   0.00612
  42  9  O     z     0.00779   0.00209  -0.00645  -0.00340   0.00507   0.00697

 ORBITAL#                 19        20        21
 Bond Label           2-1(1)    4-1(1)    4-1(1)
 -------------------------------------------------------------------------------

   1  1  C     s     0.00739   0.05560   0.00934
   2  1  C     s    -0.00270   0.09928   0.00117
   3  1  C     s     0.04660  -0.33772   0.03238
   4  1  C     s     0.04496  -0.34940   0.02997
   5  1  C     x    -0.03269   0.28350   0.01685
   6  1  C     y    -0.02857  -0.11258  -0.00740
   7  1  C     z     0.00920  -0.64893  -0.03152
   8  1  C     x    -0.00909   0.07037   0.00417
   9  1  C     y    -0.00648  -0.01691  -0.00128
  10  1  C     z     0.00223  -0.16848  -0.00822
  11  2  H     s    -0.64965   0.04930   0.02597
  12  2  H     s    -0.46700   0.03510   0.01858
  13  3  H     s     0.01799   0.05228   0.02688
  14  3  H     s     0.01324   0.03773   0.01976
  15  4  H     s     0.01868  -0.00229  -0.67245
  16  4  H     s     0.01200  -0.00129  -0.43340
  17  5  H     s     0.01054  -0.00594  -0.00376
  18  5  H     s     0.00781  -0.00391  -0.00252
  19  6  C     s    -0.00494  -0.00502  -0.00357
  20  6  C     s    -0.00772  -0.00853  -0.00530
  21  6  C     s     0.02446   0.02971   0.01637
  22  6  C     s     0.01628   0.01738   0.01056
  23  6  C     x     0.03662  -0.04440  -0.02296
  24  6  C     y     0.04409   0.01591   0.00879
  25  6  C     z    -0.00693   0.07283   0.03395
  26  6  C     x     0.00638  -0.00921  -0.00480
  27  6  C     y     0.01187   0.00252   0.00134
  28  6  C     z    -0.00630   0.00665   0.00311
  29  7  H     s    -0.00671   0.00689   0.00538
  30  7  H     s    -0.00527   0.00598   0.00470
  31  8  H     s     0.01088   0.00233   0.00115
  32  8  H     s     0.00527   0.00133   0.00066
  33  9  O     s     0.00152   0.00009  -0.00006
  34  9  O     s     0.00304   0.00034   0.00012
  35  9  O     s    -0.01203  -0.00180  -0.00112
  36  9  O     s    -0.01113  -0.00167  -0.00083
  37  9  O     x     0.00041  -0.00685  -0.00489
  38  9  O     y     0.00536   0.01352   0.00759
  39  9  O     z     0.00728   0.00724   0.00620
  40  9  O     x    -0.00077  -0.00444  -0.00298
  41  9  O     y     0.00291   0.00694   0.00404
  42  9  O     z     0.00309   0.00381   0.00326


      GENERAL CONTROLS ($GENCTL)
 ======================================
 Number of electron groups       =    9
 Maximum macro-iterations        =   20
 Energy threshold           = 10**(- 8)
 Restart calculation(0/1/2)      =    0
 Group#                     1  2  3  4  5  6  7  8  9
 Num. of electrons         10  2  2  2  2  2  2  2  2
 Num. of spins              0  0  0  0  0  0  0  0  0
 Num. of orbitals           5  2  2  2  2  2  2  2  2
 Method#                    1  2  2  2  2  2  2  2  2

 SYMBOLIC VB STRUCTURE(S) OF GROUP  2
 STR. NO.       RUMER PATTERN  
    1           1  2


 OVERLAP MATRIX OF VB ORBITALS FOR GROUP   2

        1      2
 =================
   1 1.0000
   2 0.5800 1.0000

 EIGENVALUES OF OVERLAP MATRIX OF VB ORBITALS
 ============================================
     0.4200D+00    0.1580D+01

 MAP FILE IS: ./MAP/MAP0200t                                                                  

 VB-ORBITAL OPTIMIZATION OF GROUP  2 ...
 GROUP =  2  ITER =  1 CMAX =  0.15000000000000
 GROUP =  2  ITER =  2 CMAX =  0.15236164703443
 GROUP =  2  ITER =  3 CMAX =  0.11302869796783
 GROUP =  2  ITER =  4 CMAX =  0.05705142444880
 GROUP =  2  ITER =  5 CMAX =  0.01707723786494
 GROUP =  2  ITER =  6 CMAX =  0.00130430262284
 GROUP =  2  ITER =  7 CMAX =  0.00019816312439

 SYMBOLIC VB STRUCTURE(S) OF GROUP  3
 STR. NO.       RUMER PATTERN  
    1           1  2


 OVERLAP MATRIX OF VB ORBITALS FOR GROUP   3

        1      2
 =================
   1 1.0000
   2 0.5364 1.0000

 EIGENVALUES OF OVERLAP MATRIX OF VB ORBITALS
 ============================================
     0.4636D+00    0.1536D+01

 MAP FILE IS: ./MAP/MAP0200t                                                                  

 VB-ORBITAL OPTIMIZATION OF GROUP  3 ...
 GROUP =  3  ITER =  1 CMAX =  0.15000000000000
 GROUP =  3  ITER =  2 CMAX =  0.14989455802052
 GROUP =  3  ITER =  3 CMAX =  0.09917068649430
 GROUP =  3  ITER =  4 CMAX =  0.04912501240316
 GROUP =  3  ITER =  5 CMAX =  0.01359697080892
 GROUP =  3  ITER =  6 CMAX =  0.00089094685342

 SYMBOLIC VB STRUCTURE(S) OF GROUP  4
 STR. NO.       RUMER PATTERN  
    1           1  2


 OVERLAP MATRIX OF VB ORBITALS FOR GROUP   4

        1      2
 =================
   1 1.0000
   2 0.6540 1.0000

 EIGENVALUES OF OVERLAP MATRIX OF VB ORBITALS
 ============================================
     0.3460D+00    0.1654D+01

 MAP FILE IS: ./MAP/MAP0200t                                                                  

 VB-ORBITAL OPTIMIZATION OF GROUP  4 ...
 GROUP =  4  ITER =  1 CMAX =  0.09476171225774
 GROUP =  4  ITER =  2 CMAX =  0.06888021941509
 GROUP =  4  ITER =  3 CMAX =  0.03606500406387
 GROUP =  4  ITER =  4 CMAX =  0.00992596741388
 GROUP =  4  ITER =  5 CMAX =  0.00060721469739

 SYMBOLIC VB STRUCTURE(S) OF GROUP  5
 STR. NO.       RUMER PATTERN  
    1           1  2


 OVERLAP MATRIX OF VB ORBITALS FOR GROUP   5

        1      2
 =================
   1 1.0000
   2 0.6872 1.0000

 EIGENVALUES OF OVERLAP MATRIX OF VB ORBITALS
 ============================================
     0.3128D+00    0.1687D+01

 MAP FILE IS: ./MAP/MAP0200t                                                                  

 VB-ORBITAL OPTIMIZATION OF GROUP  5 ...
 GROUP =  5  ITER =  1 CMAX =  0.12640803815018
 GROUP =  5  ITER =  2 CMAX =  0.08035710888285
 GROUP =  5  ITER =  3 CMAX =  0.03479512137891
 GROUP =  5  ITER =  4 CMAX =  0.00706572321505
 GROUP =  5  ITER =  5 CMAX =  0.00026412772781

 SYMBOLIC VB STRUCTURE(S) OF GROUP  6
 STR. NO.       RUMER PATTERN  
    1           1  2


 OVERLAP MATRIX OF VB ORBITALS FOR GROUP   6

        1      2
 =================
   1 1.0000
   2 0.6847 1.0000

 EIGENVALUES OF OVERLAP MATRIX OF VB ORBITALS
 ============================================
     0.3153D+00    0.1685D+01

 MAP FILE IS: ./MAP/MAP0200t                                                                  

 VB-ORBITAL OPTIMIZATION OF GROUP  6 ...
 GROUP =  6  ITER =  1 CMAX =  0.13521635227741
 GROUP =  6  ITER =  2 CMAX =  0.08603716529672
 GROUP =  6  ITER =  3 CMAX =  0.03843600917044
 GROUP =  6  ITER =  4 CMAX =  0.00845516750440
 GROUP =  6  ITER =  5 CMAX =  0.00036772731647

 SYMBOLIC VB STRUCTURE(S) OF GROUP  7
 STR. NO.       RUMER PATTERN  
    1           1  2


 OVERLAP MATRIX OF VB ORBITALS FOR GROUP   7

        1      2
 =================
   1 1.0000
   2 0.6893 1.0000

 EIGENVALUES OF OVERLAP MATRIX OF VB ORBITALS
 ============================================
     0.3107D+00    0.1689D+01

 MAP FILE IS: ./MAP/MAP0200t                                                                  

 VB-ORBITAL OPTIMIZATION OF GROUP  7 ...
 GROUP =  7  ITER =  1 CMAX =  0.13121729265646
 GROUP =  7  ITER =  2 CMAX =  0.08381434448290
 GROUP =  7  ITER =  3 CMAX =  0.03722057013828
 GROUP =  7  ITER =  4 CMAX =  0.00803886469349
 GROUP =  7  ITER =  5 CMAX =  0.00033731324104

 SYMBOLIC VB STRUCTURE(S) OF GROUP  8
 STR. NO.       RUMER PATTERN  
    1           1  2


 OVERLAP MATRIX OF VB ORBITALS FOR GROUP   8

        1      2
 =================
   1 1.0000
   2 0.6883 1.0000

 EIGENVALUES OF OVERLAP MATRIX OF VB ORBITALS
 ============================================
     0.3117D+00    0.1688D+01

 MAP FILE IS: ./MAP/MAP0200t                                                                  

 VB-ORBITAL OPTIMIZATION OF GROUP  8 ...
 GROUP =  8  ITER =  1 CMAX =  0.12520180254980
 GROUP =  8  ITER =  2 CMAX =  0.08007992498005
 GROUP =  8  ITER =  3 CMAX =  0.03501224232244
 GROUP =  8  ITER =  4 CMAX =  0.00723965203165
 GROUP =  8  ITER =  5 CMAX =  0.00027933177165

 SYMBOLIC VB STRUCTURE(S) OF GROUP  9
 STR. NO.       RUMER PATTERN  
    1           1  2


 OVERLAP MATRIX OF VB ORBITALS FOR GROUP   9

        1      2
 =================
   1 1.0000
   2 0.6920 1.0000

 EIGENVALUES OF OVERLAP MATRIX OF VB ORBITALS
 ============================================
     0.3080D+00    0.1692D+01

 MAP FILE IS: ./MAP/MAP0200t                                                                  

 VB-ORBITAL OPTIMIZATION OF GROUP  9 ...
 GROUP =  9  ITER =  1 CMAX =  0.13775266079158
 GROUP =  9  ITER =  2 CMAX =  0.08790186986972
 GROUP =  9  ITER =  3 CMAX =  0.03962065833574
 GROUP =  9  ITER =  4 CMAX =  0.00892409067012
 GROUP =  9  ITER =  5 CMAX =  0.00040590791984

 ENERGY AND DIFF OF MACROITER    1 =   -154.0163099858   -154.0163099858

 VB-ORBITAL OPTIMIZATION OF GROUP  2 ...
 GROUP =  2  ITER =  1 CMAX =  0.03672396772135
 GROUP =  2  ITER =  2 CMAX =  0.00232144750728
 GROUP =  2  ITER =  3 CMAX =  0.00002379246285

 VB-ORBITAL OPTIMIZATION OF GROUP  3 ...
 GROUP =  3  ITER =  1 CMAX =  0.02287834786556
 GROUP =  3  ITER =  2 CMAX =  0.00305270657381
 GROUP =  3  ITER =  3 CMAX =  0.00054297461014

 VB-ORBITAL OPTIMIZATION OF GROUP  4 ...
 GROUP =  4  ITER =  1 CMAX =  0.00437694343377
 GROUP =  4  ITER =  2 CMAX =  0.00104334006048
 GROUP =  4  ITER =  3 CMAX =  0.00003014434486

 VB-ORBITAL OPTIMIZATION OF GROUP  5 ...
 GROUP =  5  ITER =  1 CMAX =  0.01667975372392
 GROUP =  5  ITER =  2 CMAX =  0.00169873506329
 GROUP =  5  ITER =  3 CMAX =  0.00015567324724

 VB-ORBITAL OPTIMIZATION OF GROUP  6 ...
 GROUP =  6  ITER =  1 CMAX =  0.00620435182478
 GROUP =  6  ITER =  2 CMAX =  0.00161723388209
 GROUP =  6  ITER =  3 CMAX =  0.00008278731863

 VB-ORBITAL OPTIMIZATION OF GROUP  7 ...
 GROUP =  7  ITER =  1 CMAX =  0.00511964419600
 GROUP =  7  ITER =  2 CMAX =  0.00157057354501
 GROUP =  7  ITER =  3 CMAX =  0.00007858465966

 VB-ORBITAL OPTIMIZATION OF GROUP  8 ...
 GROUP =  8  ITER =  1 CMAX =  0.00474188752930
 GROUP =  8  ITER =  2 CMAX =  0.00116539630481
 GROUP =  8  ITER =  3 CMAX =  0.00004088817801

 VB-ORBITAL OPTIMIZATION OF GROUP  9 ...
 GROUP =  9  ITER =  1 CMAX =  0.00600734057960
 GROUP =  9  ITER =  2 CMAX =  0.00221134339398
 GROUP =  9  ITER =  3 CMAX =  0.00017414961720

 ENERGY AND DIFF OF MACROITER    2 =   -154.1561587605     -0.1398487746

 VB-ORBITAL OPTIMIZATION OF GROUP  2 ...
 GROUP =  2  ITER =  1 CMAX =  0.00983725097857
 GROUP =  2  ITER =  2 CMAX =  0.00163207333715
 GROUP =  2  ITER =  3 CMAX =  0.00011177210722

 VB-ORBITAL OPTIMIZATION OF GROUP  3 ...
 GROUP =  3  ITER =  1 CMAX =  0.00226541711742
 GROUP =  3  ITER =  2 CMAX =  0.00061361076568

 VB-ORBITAL OPTIMIZATION OF GROUP  4 ...
 GROUP =  4  ITER =  1 CMAX =  0.00589445460826
 GROUP =  4  ITER =  2 CMAX =  0.00157548397938
 GROUP =  4  ITER =  3 CMAX =  0.00005822890091

 VB-ORBITAL OPTIMIZATION OF GROUP  5 ...
 GROUP =  5  ITER =  1 CMAX =  0.00218895698231
 GROUP =  5  ITER =  2 CMAX =  0.00075429014250

 VB-ORBITAL OPTIMIZATION OF GROUP  6 ...
 GROUP =  6  ITER =  1 CMAX =  0.00134264700579
 GROUP =  6  ITER =  2 CMAX =  0.00022765459718

 VB-ORBITAL OPTIMIZATION OF GROUP  7 ...
 GROUP =  7  ITER =  1 CMAX =  0.00336141247007
 GROUP =  7  ITER =  2 CMAX =  0.00065728780815

 VB-ORBITAL OPTIMIZATION OF GROUP  8 ...
 GROUP =  8  ITER =  1 CMAX =  0.00363020050930
 GROUP =  8  ITER =  2 CMAX =  0.00080187361579

 VB-ORBITAL OPTIMIZATION OF GROUP  9 ...
 GROUP =  9  ITER =  1 CMAX =  0.00163355046065
 GROUP =  9  ITER =  2 CMAX =  0.00031051114995

 ENERGY AND DIFF OF MACROITER    3 =   -154.1721474226     -0.0159886622

 VB-ORBITAL OPTIMIZATION OF GROUP  2 ...
 GROUP =  2  ITER =  1 CMAX =  0.00590586136440
 GROUP =  2  ITER =  2 CMAX =  0.00107450730336
 GROUP =  2  ITER =  3 CMAX =  0.00004511250558

 VB-ORBITAL OPTIMIZATION OF GROUP  3 ...
 GROUP =  3  ITER =  1 CMAX =  0.00216193563687
 GROUP =  3  ITER =  2 CMAX =  0.00051507633190

 VB-ORBITAL OPTIMIZATION OF GROUP  4 ...
 GROUP =  4  ITER =  1 CMAX =  0.00135124724261
 GROUP =  4  ITER =  2 CMAX =  0.00036591393970

 VB-ORBITAL OPTIMIZATION OF GROUP  5 ...
 GROUP =  5  ITER =  1 CMAX =  0.00307730017069
 GROUP =  5  ITER =  2 CMAX =  0.00049011700144

 VB-ORBITAL OPTIMIZATION OF GROUP  6 ...
 GROUP =  6  ITER =  1 CMAX =  0.00208238281194
 GROUP =  6  ITER =  2 CMAX =  0.00041724432795

 VB-ORBITAL OPTIMIZATION OF GROUP  7 ...
 GROUP =  7  ITER =  1 CMAX =  0.00084693892608

 VB-ORBITAL OPTIMIZATION OF GROUP  8 ...
 GROUP =  8  ITER =  1 CMAX =  0.00087680732692

 VB-ORBITAL OPTIMIZATION OF GROUP  9 ...
 GROUP =  9  ITER =  1 CMAX =  0.00064512953032

 ENERGY AND DIFF OF MACROITER    4 =   -154.1749736521     -0.0028262295

 VB-ORBITAL OPTIMIZATION OF GROUP  2 ...
 GROUP =  2  ITER =  1 CMAX =  0.00185600131292
 GROUP =  2  ITER =  2 CMAX =  0.00035447188718

 VB-ORBITAL OPTIMIZATION OF GROUP  3 ...
 GROUP =  3  ITER =  1 CMAX =  0.00052696576960

 VB-ORBITAL OPTIMIZATION OF GROUP  4 ...
 GROUP =  4  ITER =  1 CMAX =  0.00172439706643
 GROUP =  4  ITER =  2 CMAX =  0.00037860542166

 VB-ORBITAL OPTIMIZATION OF GROUP  5 ...
 GROUP =  5  ITER =  1 CMAX =  0.00079313442998

 VB-ORBITAL OPTIMIZATION OF GROUP  6 ...
 GROUP =  6  ITER =  1 CMAX =  0.00101282794654
 GROUP =  6  ITER =  2 CMAX =  0.00018395307280

 VB-ORBITAL OPTIMIZATION OF GROUP  7 ...
 GROUP =  7  ITER =  1 CMAX =  0.00084132646634

 VB-ORBITAL OPTIMIZATION OF GROUP  8 ...
 GROUP =  8  ITER =  1 CMAX =  0.00140112009030
 GROUP =  8  ITER =  2 CMAX =  0.00026403778647

 VB-ORBITAL OPTIMIZATION OF GROUP  9 ...
 GROUP =  9  ITER =  1 CMAX =  0.00090049880297

 ENERGY AND DIFF OF MACROITER    5 =   -154.1756560412     -0.0006823891

 VB-ORBITAL OPTIMIZATION OF GROUP  2 ...
 GROUP =  2  ITER =  1 CMAX =  0.00134248381924
 GROUP =  2  ITER =  2 CMAX =  0.00026862284124

 VB-ORBITAL OPTIMIZATION OF GROUP  3 ...
 GROUP =  3  ITER =  1 CMAX =  0.00124525048150
 GROUP =  3  ITER =  2 CMAX =  0.00028083082115

 VB-ORBITAL OPTIMIZATION OF GROUP  4 ...
 GROUP =  4  ITER =  1 CMAX =  0.00068436518394

 VB-ORBITAL OPTIMIZATION OF GROUP  5 ...
 GROUP =  5  ITER =  1 CMAX =  0.00072349032764

 VB-ORBITAL OPTIMIZATION OF GROUP  6 ...
 GROUP =  6  ITER =  1 CMAX =  0.00046736587091

 VB-ORBITAL OPTIMIZATION OF GROUP  7 ...
 GROUP =  7  ITER =  1 CMAX =  0.00062778537420

 VB-ORBITAL OPTIMIZATION OF GROUP  8 ...
 GROUP =  8  ITER =  1 CMAX =  0.00051928916435

 VB-ORBITAL OPTIMIZATION OF GROUP  9 ...
 GROUP =  9  ITER =  1 CMAX =  0.00006896553377

 ENERGY AND DIFF OF MACROITER    6 =   -154.1758495251     -0.0001934839

 VB-ORBITAL OPTIMIZATION OF GROUP  2 ...
 GROUP =  2  ITER =  1 CMAX =  0.00055103135070

 VB-ORBITAL OPTIMIZATION OF GROUP  3 ...
 GROUP =  3  ITER =  1 CMAX =  0.00012800037104

 VB-ORBITAL OPTIMIZATION OF GROUP  4 ...
 GROUP =  4  ITER =  1 CMAX =  0.00048306646227

 VB-ORBITAL OPTIMIZATION OF GROUP  5 ...
 GROUP =  5  ITER =  1 CMAX =  0.00032875688570

 VB-ORBITAL OPTIMIZATION OF GROUP  6 ...
 GROUP =  6  ITER =  1 CMAX =  0.00030792264227

 VB-ORBITAL OPTIMIZATION OF GROUP  7 ...
 GROUP =  7  ITER =  1 CMAX =  0.00032414849892

 VB-ORBITAL OPTIMIZATION OF GROUP  8 ...
 GROUP =  8  ITER =  1 CMAX =  0.00046904868580

 VB-ORBITAL OPTIMIZATION OF GROUP  9 ...
 GROUP =  9  ITER =  1 CMAX =  0.00030730137338

 ENERGY AND DIFF OF MACROITER    7 =   -154.1759114166     -0.0000618914

 VB-ORBITAL OPTIMIZATION OF GROUP  2 ...
 GROUP =  2  ITER =  1 CMAX =  0.00046940642514

 VB-ORBITAL OPTIMIZATION OF GROUP  3 ...
 GROUP =  3  ITER =  1 CMAX =  0.00052539729253

 VB-ORBITAL OPTIMIZATION OF GROUP  4 ...
 GROUP =  4  ITER =  1 CMAX =  0.00025356522916

 VB-ORBITAL OPTIMIZATION OF GROUP  5 ...
 GROUP =  5  ITER =  1 CMAX =  0.00021952046863

 VB-ORBITAL OPTIMIZATION OF GROUP  6 ...
 GROUP =  6  ITER =  1 CMAX =  0.00014605295251

 VB-ORBITAL OPTIMIZATION OF GROUP  7 ...
 GROUP =  7  ITER =  1 CMAX =  0.00026636717329

 VB-ORBITAL OPTIMIZATION OF GROUP  8 ...
 GROUP =  8  ITER =  1 CMAX =  0.00020687591242

 VB-ORBITAL OPTIMIZATION OF GROUP  9 ...
 GROUP =  9  ITER =  1 CMAX =  0.00003035146119

 ENERGY AND DIFF OF MACROITER    8 =   -154.1759333982     -0.0000219816

 VB-ORBITAL OPTIMIZATION OF GROUP  2 ...
 GROUP =  2  ITER =  1 CMAX =  0.00029379313068

 VB-ORBITAL OPTIMIZATION OF GROUP  3 ...
 GROUP =  3  ITER =  1 CMAX =  0.00005945149039

 VB-ORBITAL OPTIMIZATION OF GROUP  4 ...
 GROUP =  4  ITER =  1 CMAX =  0.00019066850135

 VB-ORBITAL OPTIMIZATION OF GROUP  5 ...
 GROUP =  5  ITER =  1 CMAX =  0.00012598235358

 VB-ORBITAL OPTIMIZATION OF GROUP  6 ...
 GROUP =  6  ITER =  1 CMAX =  0.00009496579675

 VB-ORBITAL OPTIMIZATION OF GROUP  7 ...
 GROUP =  7  ITER =  1 CMAX =  0.00013924190600

 VB-ORBITAL OPTIMIZATION OF GROUP  8 ...
 GROUP =  8  ITER =  1 CMAX =  0.00018333427721

 VB-ORBITAL OPTIMIZATION OF GROUP  9 ...
 GROUP =  9  ITER =  1 CMAX =  0.00009739968590

 ENERGY AND DIFF OF MACROITER    9 =   -154.1759417538     -0.0000083556

 VB-ORBITAL OPTIMIZATION OF GROUP  2 ...
 GROUP =  2  ITER =  1 CMAX =  0.00018591593941

 VB-ORBITAL OPTIMIZATION OF GROUP  3 ...
 GROUP =  3  ITER =  1 CMAX =  0.00024402472936

 VB-ORBITAL OPTIMIZATION OF GROUP  4 ...
 GROUP =  4  ITER =  1 CMAX =  0.00011080607213

 VB-ORBITAL OPTIMIZATION OF GROUP  5 ...
 GROUP =  5  ITER =  1 CMAX =  0.00006496553638

 VB-ORBITAL OPTIMIZATION OF GROUP  6 ...
 GROUP =  6  ITER =  1 CMAX =  0.00003696917018

 VB-ORBITAL OPTIMIZATION OF GROUP  7 ...
 GROUP =  7  ITER =  1 CMAX =  0.00010637774374

 VB-ORBITAL OPTIMIZATION OF GROUP  8 ...
 GROUP =  8  ITER =  1 CMAX =  0.00008749181138

 VB-ORBITAL OPTIMIZATION OF GROUP  9 ...
 GROUP =  9  ITER =  1 CMAX =  0.00002509221273

 ENERGY AND DIFF OF MACROITER   10 =   -154.1759451306     -0.0000033768

 VB-ORBITAL OPTIMIZATION OF GROUP  2 ...
 GROUP =  2  ITER =  1 CMAX =  0.00012890490403

 VB-ORBITAL OPTIMIZATION OF GROUP  3 ...
 GROUP =  3  ITER =  1 CMAX =  0.00002312642764

 VB-ORBITAL OPTIMIZATION OF GROUP  4 ...
 GROUP =  4  ITER =  1 CMAX =  0.00007493872892

 VB-ORBITAL OPTIMIZATION OF GROUP  5 ...
 GROUP =  5  ITER =  1 CMAX =  0.00004623930960

 VB-ORBITAL OPTIMIZATION OF GROUP  6 ...
 GROUP =  6  ITER =  1 CMAX =  0.00003106957547

 VB-ORBITAL OPTIMIZATION OF GROUP  7 ...
 GROUP =  7  ITER =  1 CMAX =  0.00006110626021

 VB-ORBITAL OPTIMIZATION OF GROUP  8 ...
 GROUP =  8  ITER =  1 CMAX =  0.00007168285875

 VB-ORBITAL OPTIMIZATION OF GROUP  9 ...
 GROUP =  9  ITER =  1 CMAX =  0.00003486657876

 ENERGY AND DIFF OF MACROITER   11 =   -154.1759465348     -0.0000014042

 VB-ORBITAL OPTIMIZATION OF GROUP  2 ...
 GROUP =  2  ITER =  1 CMAX =  0.00006727594317

 VB-ORBITAL OPTIMIZATION OF GROUP  3 ...
 GROUP =  3  ITER =  1 CMAX =  0.00010695268923

 VB-ORBITAL OPTIMIZATION OF GROUP  4 ...
 GROUP =  4  ITER =  1 CMAX =  0.00004834257988

 VB-ORBITAL OPTIMIZATION OF GROUP  5 ...
 GROUP =  5  ITER =  1 CMAX =  0.00002030231478

 VB-ORBITAL OPTIMIZATION OF GROUP  6 ...
 GROUP =  6  ITER =  1 CMAX =  0.00000812898671

 VB-ORBITAL OPTIMIZATION OF GROUP  7 ...
 GROUP =  7  ITER =  1 CMAX =  0.00004285104318

 VB-ORBITAL OPTIMIZATION OF GROUP  8 ...
 GROUP =  8  ITER =  1 CMAX =  0.00003808332091

 VB-ORBITAL OPTIMIZATION OF GROUP  9 ...
 GROUP =  9  ITER =  1 CMAX =  0.00001428530656

 ENERGY AND DIFF OF MACROITER   12 =   -154.1759471445     -0.0000006097

 VB-ORBITAL OPTIMIZATION OF GROUP  2 ...
 GROUP =  2  ITER =  1 CMAX =  0.00005642113388

 VB-ORBITAL OPTIMIZATION OF GROUP  3 ...
 GROUP =  3  ITER =  1 CMAX =  0.00000693442350

 VB-ORBITAL OPTIMIZATION OF GROUP  4 ...
 GROUP =  4  ITER =  1 CMAX =  0.00003066467866

 VB-ORBITAL OPTIMIZATION OF GROUP  5 ...
 GROUP =  5  ITER =  1 CMAX =  0.00001690591322

 VB-ORBITAL OPTIMIZATION OF GROUP  6 ...
 GROUP =  6  ITER =  1 CMAX =  0.00001180003510

 VB-ORBITAL OPTIMIZATION OF GROUP  7 ...
 GROUP =  7  ITER =  1 CMAX =  0.00002670350684

 VB-ORBITAL OPTIMIZATION OF GROUP  8 ...
 GROUP =  8  ITER =  1 CMAX =  0.00002917788603

 VB-ORBITAL OPTIMIZATION OF GROUP  9 ...
 GROUP =  9  ITER =  1 CMAX =  0.00001408435760

 ENERGY AND DIFF OF MACROITER   13 =   -154.1759474137     -0.0000002692

 VB-ORBITAL OPTIMIZATION OF GROUP  2 ...
 GROUP =  2  ITER =  1 CMAX =  0.00002452370280

 VB-ORBITAL OPTIMIZATION OF GROUP  3 ...
 GROUP =  3  ITER =  1 CMAX =  0.00004673524190

 VB-ORBITAL OPTIMIZATION OF GROUP  4 ...
 GROUP =  4  ITER =  1 CMAX =  0.00002114979916

 VB-ORBITAL OPTIMIZATION OF GROUP  5 ...
 GROUP =  5  ITER =  1 CMAX =  0.00000643348933

 VB-ORBITAL OPTIMIZATION OF GROUP  6 ...
 GROUP =  6  ITER =  1 CMAX =  0.00000428752989

 VB-ORBITAL OPTIMIZATION OF GROUP  7 ...
 GROUP =  7  ITER =  1 CMAX =  0.00001770069541

 VB-ORBITAL OPTIMIZATION OF GROUP  8 ...
 GROUP =  8  ITER =  1 CMAX =  0.00001704505572

 VB-ORBITAL OPTIMIZATION OF GROUP  9 ...
 GROUP =  9  ITER =  1 CMAX =  0.00000724872358

 ENERGY AND DIFF OF MACROITER   14 =   -154.1759475346     -0.0000001209

 VB-ORBITAL OPTIMIZATION OF GROUP  2 ...
 GROUP =  2  ITER =  1 CMAX =  0.00002515081114

 VB-ORBITAL OPTIMIZATION OF GROUP  3 ...
 GROUP =  3  ITER =  1 CMAX =  0.00000239078852

 VB-ORBITAL OPTIMIZATION OF GROUP  4 ...
 GROUP =  4  ITER =  1 CMAX =  0.00001288307604

 VB-ORBITAL OPTIMIZATION OF GROUP  5 ...
 GROUP =  5  ITER =  1 CMAX =  0.00000622224205

 VB-ORBITAL OPTIMIZATION OF GROUP  6 ...
 GROUP =  6  ITER =  1 CMAX =  0.00000552888549

 VB-ORBITAL OPTIMIZATION OF GROUP  7 ...
 GROUP =  7  ITER =  1 CMAX =  0.00001163860738

 VB-ORBITAL OPTIMIZATION OF GROUP  8 ...
 GROUP =  8  ITER =  1 CMAX =  0.00001237363872

 VB-ORBITAL OPTIMIZATION OF GROUP  9 ...
 GROUP =  9  ITER =  1 CMAX =  0.00000618570195

 ENERGY AND DIFF OF MACROITER   15 =   -154.1759475897     -0.0000000551

 VB-ORBITAL OPTIMIZATION OF GROUP  2 ...
 GROUP =  2  ITER =  1 CMAX =  0.00000871109713

 VB-ORBITAL OPTIMIZATION OF GROUP  3 ...
 GROUP =  3  ITER =  1 CMAX =  0.00002066427998

 VB-ORBITAL OPTIMIZATION OF GROUP  4 ...
 GROUP =  4  ITER =  1 CMAX =  0.00000936095613

 VB-ORBITAL OPTIMIZATION OF GROUP  5 ...
 GROUP =  5  ITER =  1 CMAX =  0.00000202825313

 VB-ORBITAL OPTIMIZATION OF GROUP  6 ...
 GROUP =  6  ITER =  1 CMAX =  0.00000233311307

 VB-ORBITAL OPTIMIZATION OF GROUP  7 ...
 GROUP =  7  ITER =  1 CMAX =  0.00000745049831

 VB-ORBITAL OPTIMIZATION OF GROUP  8 ...
 GROUP =  8  ITER =  1 CMAX =  0.00000776690546

 VB-ORBITAL OPTIMIZATION OF GROUP  9 ...
 GROUP =  9  ITER =  1 CMAX =  0.00000354221246

 ENERGY AND DIFF OF MACROITER   16 =   -154.1759476149     -0.0000000253

 VB-ORBITAL OPTIMIZATION OF GROUP  2 ...
 GROUP =  2  ITER =  1 CMAX =  0.00001136845165

 VB-ORBITAL OPTIMIZATION OF GROUP  3 ...
 GROUP =  3  ITER =  1 CMAX =  0.00000203798105

 VB-ORBITAL OPTIMIZATION OF GROUP  4 ...
 GROUP =  4  ITER =  1 CMAX =  0.00000552414923

 VB-ORBITAL OPTIMIZATION OF GROUP  5 ...
 GROUP =  5  ITER =  1 CMAX =  0.00000231733104

 VB-ORBITAL OPTIMIZATION OF GROUP  6 ...
 GROUP =  6  ITER =  1 CMAX =  0.00000263624490

 VB-ORBITAL OPTIMIZATION OF GROUP  7 ...
 GROUP =  7  ITER =  1 CMAX =  0.00000506549026

 VB-ORBITAL OPTIMIZATION OF GROUP  8 ...
 GROUP =  8  ITER =  1 CMAX =  0.00000542644855

 VB-ORBITAL OPTIMIZATION OF GROUP  9 ...
 GROUP =  9  ITER =  1 CMAX =  0.00000283913238

 ENERGY AND DIFF OF MACROITER   17 =   -154.1759476267     -0.0000000117

 VB-ORBITAL OPTIMIZATION OF GROUP  2 ...
 GROUP =  2  ITER =  1 CMAX =  0.00000293686663

 VB-ORBITAL OPTIMIZATION OF GROUP  3 ...
 GROUP =  3  ITER =  1 CMAX =  0.00000927576127

 VB-ORBITAL OPTIMIZATION OF GROUP  4 ...
 GROUP =  4  ITER =  1 CMAX =  0.00000419864705

 VB-ORBITAL OPTIMIZATION OF GROUP  5 ...
 GROUP =  5  ITER =  1 CMAX =  0.00000061936629

 VB-ORBITAL OPTIMIZATION OF GROUP  6 ...
 GROUP =  6  ITER =  1 CMAX =  0.00000124660538

 VB-ORBITAL OPTIMIZATION OF GROUP  7 ...
 GROUP =  7  ITER =  1 CMAX =  0.00000317663660

 VB-ORBITAL OPTIMIZATION OF GROUP  8 ...
 GROUP =  8  ITER =  1 CMAX =  0.00000358060303

 VB-ORBITAL OPTIMIZATION OF GROUP  9 ...
 GROUP =  9  ITER =  1 CMAX =  0.00000170899772

 ENERGY AND DIFF OF MACROITER   18 =   -154.1759476322     -0.0000000055

 VB-ORBITAL OPTIMIZATION OF GROUP  2 ...
 GROUP =  2  ITER =  1 CMAX =  0.00000520264346

 OVERLAP MATRIX OF VB ORBITALS FOR GROUP   2

        1      2
 =================
   1 1.0000
   2 0.8056 1.0000

 EIGENVALUES OF OVERLAP MATRIX OF VB ORBITALS
 ============================================
     0.1944D+00    0.1806D+01

 VB-ORBITAL OPTIMIZATION OF GROUP  3 ...
 GROUP =  3  ITER =  1 CMAX =  0.00000132541991

 OVERLAP MATRIX OF VB ORBITALS FOR GROUP   3

        1      2
 =================
   1 1.0000
   2 0.8089 1.0000

 EIGENVALUES OF OVERLAP MATRIX OF VB ORBITALS
 ============================================
     0.1911D+00    0.1809D+01

 VB-ORBITAL OPTIMIZATION OF GROUP  4 ...
 GROUP =  4  ITER =  1 CMAX =  0.00000240649433

 OVERLAP MATRIX OF VB ORBITALS FOR GROUP   4

        1      2
 =================
   1 1.0000
   2 0.8371 1.0000

 EIGENVALUES OF OVERLAP MATRIX OF VB ORBITALS
 ============================================
     0.1629D+00    0.1837D+01

 VB-ORBITAL OPTIMIZATION OF GROUP  5 ...
 GROUP =  5  ITER =  1 CMAX =  0.00000087379536

 OVERLAP MATRIX OF VB ORBITALS FOR GROUP   5

        1      2
 =================
   1 1.0000
   2 0.8323 1.0000

 EIGENVALUES OF OVERLAP MATRIX OF VB ORBITALS
 ============================================
     0.1677D+00    0.1832D+01

 VB-ORBITAL OPTIMIZATION OF GROUP  6 ...
 GROUP =  6  ITER =  1 CMAX =  0.00000126917247

 OVERLAP MATRIX OF VB ORBITALS FOR GROUP   6

        1      2
 =================
   1 1.0000
   2 0.8311 1.0000

 EIGENVALUES OF OVERLAP MATRIX OF VB ORBITALS
 ============================================
     0.1689D+00    0.1831D+01

 VB-ORBITAL OPTIMIZATION OF GROUP  7 ...
 GROUP =  7  ITER =  1 CMAX =  0.00000220567299

 OVERLAP MATRIX OF VB ORBITALS FOR GROUP   7

        1      2
 =================
   1 1.0000
   2 0.8330 1.0000

 EIGENVALUES OF OVERLAP MATRIX OF VB ORBITALS
 ============================================
     0.1670D+00    0.1833D+01

 VB-ORBITAL OPTIMIZATION OF GROUP  8 ...
 GROUP =  8  ITER =  1 CMAX =  0.00000243883508

 OVERLAP MATRIX OF VB ORBITALS FOR GROUP   8

        1      2
 =================
   1 1.0000
   2 0.8333 1.0000

 EIGENVALUES OF OVERLAP MATRIX OF VB ORBITALS
 ============================================
     0.1667D+00    0.1833D+01

 VB-ORBITAL OPTIMIZATION OF GROUP  9 ...
 GROUP =  9  ITER =  1 CMAX =  0.00000132986175

 OVERLAP MATRIX OF VB ORBITALS FOR GROUP   9

        1      2
 =================
   1 1.0000
   2 0.8332 1.0000

 EIGENVALUES OF OVERLAP MATRIX OF VB ORBITALS
 ============================================
     0.1668D+00    0.1833D+01

 ENERGY AND DIFF OF MACROITER   19 =   -154.1759476348     -0.0000000026

 MULLIKEN CHARGES ON ATOMS
 -------------------------
  ATOM             CHARGE 

    1            -0.48009
    2             0.14128
    3             0.15182
    4             0.17598
    5             0.15724
    6            -0.06605
    7             0.12987
    8             0.34349
    9            -0.55354

 -------------------------


 ORBITALS OF EACH ELECTRON GROUP IN AO BASIS: ORBITAL(GROUP)
 ===========================================================================
    Orbital#             1         2         3         4         5         6
      Group#             1         1         1         1         1         2
 ---------------------------------------------------------------------------
  AO# LABELS
   1  1  C     s   0.00027   0.00011   0.60129  -0.00068  -0.00536   0.00198
   2  1  C     s   0.00030   0.00014   0.43811  -0.00063  -0.00640   0.00285
   3  1  C     s  -0.00040  -0.00043   0.00344  -0.00240   0.01476  -0.00826
   4  1  C     s  -0.00416   0.00011  -0.00311   0.01537   0.07856  -0.01902
   5  1  C     x  -0.00061  -0.00045  -0.00005   0.00264   0.01160  -0.00871
   6  1  C     y   0.00109   0.00065   0.00007  -0.00110  -0.02636   0.00793
   7  1  C     z   0.00046   0.00001  -0.00007  -0.00301  -0.00439   0.00386
   8  1  C     x  -0.00184  -0.00001  -0.00020   0.03470  -0.02930  -0.01245
   9  1  C     y   0.00135  -0.00007  -0.00003   0.00543  -0.04693  -0.00382
  10  1  C     z   0.00172   0.00008  -0.00004  -0.00666  -0.02000   0.02983
  11  2  H     s  -0.00010   0.00001  -0.00013   0.00047   0.00096   0.00042
  12  2  H     s   0.00049   0.00021   0.00029  -0.01257   0.01584   0.01947
  13  3  H     s   0.00036   0.00000  -0.00012  -0.00281  -0.00325   0.00078
  14  3  H     s   0.00128   0.00021   0.00006   0.01033  -0.05475   0.00951
  15  4  H     s  -0.00001  -0.00000  -0.00009  -0.00007   0.00044   0.00037
  16  4  H     s  -0.00112   0.00009   0.00022   0.01394  -0.00678  -0.01589
  17  5  H     s   0.00071  -0.00006  -0.00002  -0.00639  -0.00277   0.03084
  18  5  H     s   0.00484   0.00011   0.00015  -0.04853  -0.00140   0.08182
  19  6  C     s   0.00043   0.60151   0.00008  -0.00380  -0.00015   0.00511
  20  6  C     s   0.00066   0.43832   0.00011  -0.00631  -0.00034   0.00704
  21  6  C     s  -0.00124   0.00251  -0.00032   0.01361   0.00102  -0.02052
  22  6  C     s  -0.00085  -0.00251   0.00029  -0.00309  -0.00597  -0.05463
  23  6  C     x  -0.00099   0.00090   0.00041  -0.00603   0.02560  -0.03868
  24  6  C     y   0.00186  -0.00006  -0.00067  -0.00357  -0.03891  -0.00915
  25  6  C     z  -0.00091   0.00056  -0.00015   0.01973  -0.03008  -0.02858
  26  6  C     x   0.00126   0.00011  -0.00001  -0.03197   0.03804   0.00398
  27  6  C     y   0.00343  -0.00015   0.00016  -0.03564  -0.00031   0.02258
  28  6  C     z  -0.00249  -0.00006   0.00007   0.01684   0.00807  -0.04225
  29  7  H     s   0.00005  -0.00022  -0.00006   0.00774  -0.01472  -0.01189
  30  7  H     s  -0.00184  -0.00013   0.00006   0.04374  -0.04845  -0.03172
  31  8  H     s  -0.00275  -0.00001   0.00002   0.02520   0.00500   0.08029
  32  8  H     s   0.00394   0.00038  -0.00001  -0.03765  -0.01485   0.05227
  33  9  O     s   0.59095   0.00057  -0.00013  -0.07804  -0.00188  -0.04122
  34  9  O     s   0.47680   0.00079  -0.00019  -0.13915  -0.01701  -0.05861
  35  9  O     s  -0.05095  -0.00220   0.00055   0.51412   0.10499   0.20533
  36  9  O     s  -0.04746  -0.00257   0.00055   0.51221   0.09052   0.07092
  37  9  O     x  -0.01161   0.00042   0.00153  -0.05526   0.40030   0.42968
  38  9  O     y   0.02553   0.00036  -0.00195  -0.05007  -0.49703   0.61041
  39  9  O     z  -0.01206  -0.00079  -0.00125   0.28360  -0.32690  -0.31353
  40  9  O     x  -0.00812   0.00024   0.00080  -0.01469   0.22227   0.06724
  41  9  O     y   0.01281   0.00011  -0.00099  -0.02801  -0.26736   0.12967
  42  9  O     z  -0.00682  -0.00026  -0.00066   0.16673  -0.17449  -0.09073

 ===========================================================================
    Orbital#             7         8         9        10        11        12
      Group#             2         3         3         4         4         5
 ---------------------------------------------------------------------------
  AO# LABELS
   1  1  C     s   0.00265  -0.00369  -0.00566   0.07900   0.03511   0.00614
   2  1  C     s   0.00353  -0.00517  -0.00762   0.10938   0.04679   0.00887
   3  1  C     s  -0.00536   0.01430   0.00997  -0.36787  -0.05963  -0.02397
   4  1  C     s  -0.03730   0.04179   0.08497  -0.22381  -0.17145  -0.06256
   5  1  C     x  -0.02097   0.00711   0.04679  -0.36158  -0.09410  -0.02897
   6  1  C     y   0.00339  -0.03100  -0.02624   0.55236   0.13870   0.03348
   7  1  C     z   0.00365  -0.01434   0.01944   0.01008   0.00075   0.02139
   8  1  C     x  -0.02204   0.02290   0.05958  -0.02121  -0.03578  -0.00613
   9  1  C     y  -0.00284  -0.01589  -0.02897   0.06659   0.07878   0.02978
  10  1  C     z   0.01094  -0.01565  -0.00862   0.01275   0.00985   0.00913
  11  2  H     s  -0.00539   0.00401   0.00718   0.01613   0.01400  -0.01108
  12  2  H     s   0.01589   0.00139  -0.00198   0.06573   0.05340  -0.02135
  13  3  H     s   0.00349  -0.01019  -0.02147   0.01282   0.01088  -0.00680
  14  3  H     s   0.00205  -0.02070  -0.01986   0.08679   0.06520   0.00432
  15  4  H     s   0.00101   0.00333   0.00547   0.01370   0.01245   0.01580
  16  4  H     s  -0.00442   0.01596   0.02429   0.06718   0.05409   0.04993
  17  5  H     s   0.02589   0.01538   0.01322   0.01209   0.01548  -0.02113
  18  5  H     s   0.08891  -0.00469  -0.00495   0.05142   0.06693  -0.06144
  19  6  C     s   0.00623   0.02401   0.06569   0.03624   0.08067  -0.08031
  20  6  C     s   0.00936   0.03093   0.09176   0.04881   0.11197  -0.11134
  21  6  C     s  -0.03369  -0.05405  -0.30187  -0.06742  -0.38472   0.38524
  22  6  C     s  -0.07882  -0.04397  -0.12349  -0.15855  -0.20287   0.22887
  23  6  C     x  -0.03772  -0.09484  -0.47368   0.07765   0.35774   0.29923
  24  6  C     y   0.00217  -0.01472  -0.05921  -0.14722  -0.57179  -0.09860
  25  6  C     z  -0.03881  -0.07785  -0.41474  -0.01121  -0.01831  -0.63799
  26  6  C     x  -0.00813  -0.02671  -0.02255   0.01581   0.00266   0.02970
  27  6  C     y   0.02129  -0.03538  -0.05835  -0.06678  -0.04224  -0.00903
  28  6  C     z  -0.03222   0.02087   0.03193  -0.00186  -0.00643  -0.06760
  29  7  H     s  -0.01451   0.01774   0.02823   0.01562   0.01970   0.08067
  30  7  H     s  -0.03265   0.05843   0.09424   0.08031   0.08902   0.11784
  31  8  H     s   0.54106   0.03288   0.03684   0.00455   0.00606  -0.01150
  32  8  H     s   0.24797   0.04343   0.05525   0.01863   0.02101  -0.00261
  33  9  O     s  -0.00746   0.04129   0.00777  -0.00438  -0.00437   0.00402
  34  9  O     s  -0.00899   0.05882   0.00961  -0.00618  -0.00594   0.00565
  35  9  O     s  -0.02305  -0.20593   0.02586   0.01891   0.01110  -0.01338
  36  9  O     s  -0.02399  -0.06901  -0.02438   0.04053   0.04972  -0.03492
  37  9  O     x   0.13197   0.52713   0.17685  -0.03732  -0.06120  -0.02531
  38  9  O     y   0.22096  -0.02468  -0.03776   0.02225   0.05861   0.04116
  39  9  O     z  -0.13955   0.59980   0.24020   0.01111   0.02138   0.06796
  40  9  O     x   0.05580   0.11218   0.13376  -0.04426  -0.06655  -0.03156
  41  9  O     y   0.17219  -0.02037  -0.05219   0.02844   0.06134   0.03102
  42  9  O     z  -0.15499   0.14663   0.21628   0.00857   0.01087   0.07986

 ===========================================================================
    Orbital#            13        14        15        16        17        18
      Group#             5         6         6         7         7         8
 ---------------------------------------------------------------------------
  AO# LABELS
   1  1  C     s   0.00494  -0.00542  -0.00445   0.07650   0.03234   0.07763
   2  1  C     s   0.00678  -0.00776  -0.00609   0.10610   0.04149   0.10764
   3  1  C     s  -0.01543   0.02098   0.01362  -0.36320  -0.03395  -0.36673
   4  1  C     s  -0.09989   0.04268   0.08283  -0.21664  -0.13191  -0.22373
   5  1  C     x  -0.01605   0.00312   0.03139   0.52427   0.13133  -0.39309
   6  1  C     y   0.03369  -0.04049  -0.01737   0.04986   0.01495  -0.54469
   7  1  C     z  -0.01696   0.00493  -0.00733   0.46169   0.11847   0.17288
   8  1  C     x  -0.01976   0.00384   0.01943   0.08433   0.04348  -0.07654
   9  1  C     y   0.04209  -0.02576  -0.03997   0.00775   0.01230  -0.09008
  10  1  C     z   0.00525  -0.00435  -0.01232   0.08109   0.05194   0.02812
  11  2  H     s  -0.00792  -0.01644  -0.01625   0.01825   0.01347  -0.07799
  12  2  H     s  -0.01830  -0.04780  -0.04047   0.05468   0.05701  -0.08833
  13  3  H     s  -0.00402   0.00784   0.00478  -0.07680  -0.54478   0.01845
  14  3  H     s   0.00287   0.00387   0.00372  -0.08696  -0.35469   0.04600
  15  4  H     s   0.01564   0.01123   0.00751   0.01903   0.01442   0.01974
  16  4  H     s   0.03919   0.01848   0.02162   0.04638   0.04879   0.05020
  17  5  H     s  -0.01592  -0.07798  -0.54796   0.00825   0.00589  -0.01820
  18  5  H     s  -0.05292  -0.09322  -0.33528   0.00841   0.01285  -0.04391
  19  6  C     s  -0.03559   0.08229   0.03536  -0.00625  -0.00542  -0.00413
  20  6  C     s  -0.04640   0.11422   0.04636  -0.00901  -0.00750  -0.00604
  21  6  C     s   0.04602  -0.40471  -0.04856   0.02557   0.01929   0.01719
  22  6  C     s   0.17720  -0.20557  -0.16781   0.05486   0.07785   0.03606
  23  6  C     x   0.08998   0.38354   0.09536  -0.02182   0.00321  -0.00730
  24  6  C     y  -0.01786   0.56749   0.14723   0.02627   0.03371   0.04355
  25  6  C     z  -0.15045  -0.20001  -0.06057  -0.00349   0.02105  -0.01246
  26  6  C     x   0.02368   0.05340   0.05409  -0.00213  -0.00416  -0.00005
  27  6  C     y   0.01803   0.07368   0.04470   0.01088   0.02761   0.02511
  28  6  C     z  -0.04929  -0.01976  -0.00471  -0.00415   0.00073  -0.00479
  29  7  H     s   0.54819   0.01978   0.01626   0.00755   0.00562   0.01167
  30  7  H     s   0.35556   0.05889   0.07150  -0.00005   0.00150   0.01531
  31  8  H     s  -0.00551  -0.02367  -0.00994  -0.00202   0.00059  -0.00161
  32  8  H     s  -0.01917  -0.04120  -0.02992  -0.00192  -0.00426  -0.01907
  33  9  O     s   0.00410  -0.01052  -0.00758   0.00321   0.00304  -0.00165
  34  9  O     s   0.00578  -0.01471  -0.01051   0.00436   0.00432  -0.00221
  35  9  O     s  -0.01709   0.03920   0.02855  -0.00918  -0.01285   0.00394
  36  9  O     s  -0.04272   0.08278   0.06953  -0.03799  -0.03608   0.02229
  37  9  O     x  -0.00470  -0.01774   0.00184   0.03101   0.02202  -0.01078
  38  9  O     y   0.02784  -0.02842  -0.00176  -0.02257  -0.01102   0.01435
  39  9  O     z   0.03417   0.00727  -0.00157   0.00517   0.01161  -0.00350
  40  9  O     x  -0.00218  -0.02524  -0.01452   0.03416   0.02347  -0.00392
  41  9  O     y   0.02697  -0.04278  -0.01912  -0.01951  -0.00727   0.01156
  42  9  O     z   0.04684   0.01252   0.00239   0.01442   0.00804  -0.00407

 ===========================================================================
    Orbital#            19        20        21
      Group#             8         9         9
 ---------------------------------------------------------------------------
  AO# LABELS
   1  1  C     s   0.03321   0.07890   0.03393
   2  1  C     s   0.04273   0.10938   0.04385
   3  1  C     s  -0.03809  -0.37579  -0.03939
   4  1  C     s  -0.13100  -0.22854  -0.15930
   5  1  C     x  -0.10210   0.26841   0.06494
   6  1  C     y  -0.13191  -0.10118  -0.02119
   7  1  C     z   0.04338  -0.63573  -0.16514
   8  1  C     x  -0.05186   0.04912   0.02876
   9  1  C     y  -0.04090  -0.01529  -0.00133
  10  1  C     z   0.01483  -0.11773  -0.07469
  11  2  H     s  -0.54450   0.01905   0.01531
  12  2  H     s  -0.36082   0.05065   0.05618
  13  3  H     s   0.01450   0.01799   0.01429
  14  3  H     s   0.04941   0.04844   0.05884
  15  4  H     s   0.01500  -0.07545  -0.54523
  16  4  H     s   0.05277  -0.07286  -0.33525
  17  5  H     s  -0.01423   0.01188   0.00731
  18  5  H     s  -0.04143   0.01298   0.01390
  19  6  C     s  -0.00329  -0.00405  -0.00306
  20  6  C     s  -0.00463  -0.00593  -0.00421
  21  6  C     s   0.01359   0.01722   0.01051
  22  6  C     s   0.05895   0.02438   0.06241
  23  6  C     x  -0.03554  -0.03062  -0.01695
  24  6  C     y   0.01517   0.02459   0.02692
  25  6  C     z   0.00178   0.01871  -0.02255
  26  6  C     x  -0.02399  -0.02226  -0.02190
  27  6  C     y   0.02418   0.01334   0.02750
  28  6  C     z   0.00522   0.01410   0.00489
  29  7  H     s   0.00769  -0.01786  -0.01542
  30  7  H     s   0.02263  -0.04226  -0.03534
  31  8  H     s   0.00116  -0.00043  -0.00062
  32  8  H     s  -0.00143   0.00288  -0.00079
  33  9  O     s  -0.00141  -0.00202  -0.00234
  34  9  O     s  -0.00195  -0.00279  -0.00327
  35  9  O     s   0.00517   0.00684   0.00976
  36  9  O     s   0.01230   0.01524   0.01281
  37  9  O     x  -0.00800  -0.01756  -0.01966
  38  9  O     y   0.01543   0.01162   0.01098
  39  9  O     z  -0.00593   0.00582   0.00796
  40  9  O     x   0.00016  -0.01269  -0.01011
  41  9  O     y   0.00855   0.00533   0.00370
  42  9  O     z  -0.00541  -0.00451   0.00832


 WORDS OF DYNAMIC MEMORY USED IN VB2000 CODE ONLY:      482842

 STATISTICS OF CPU TIMES (SECONDS)
 CPU TIME FOR INITIALIZATION        0.068
 CPU TIME FOR MACROITERATION        9.271
 TOTAL CPU TIME                     9.339

