
 **************************************************************
 *                                                            *
 *                        V B 2 0 0 0                         *
 *                                                            *
 * An ab initio Valence-Bond Program Based on the Generalized *
 *    Product Function Method and the Algebrant Algorithm     *
 *                                                            *
 *                  Version 2.8 November 2017                 *
 *                     Stand-alone Version                    *
 *                      Compiler GFORTRAN                     *
 *                                                            *
 *     Memory = 12500000 for MAP file up to 16 electrons      *
 *                                                            *
 *         Jiabo Li*, Brian Duke** and Roy McWeeny***         *
 *                                                            *
 *        * SciNet Technologies, 9943 Fieldthorn St.,         *
 *                   San Diego, CA 92127, USA                 *
 *                                                            *
 *  ** Monash University Institute of Pharmaceutical Sciences,*
 *          Monash University, 381 Royal Pde, Parkville,      *
 *                    Victoria, 3052, Australia               *
 *                                                            *
 *      *** Department of Chemistry, University of Pisa,      *
 *                       56100 Pisa, Italy                    *
 *                                                            *
 *  Reference for the software:                               *
 *     Jiabo Li, Brian Duke, and Roy McWeeny, VB2000 Version  *
 *     2.8, SciNet Technologies, San Diego, CA, 2013          *
 *     URL: http://www.scinetec.com or http://www.vb2000.net  *
 *                                                            *
 *  References for the theory:                                *
 *     General:                                               *
 *     Jiabo Li, and Roy McWeeny, "VB2000: Pushing Valence    *
 *     Bond Theory to New Limits", Int. J. Quantum Chem.,     *
 *     89(2002)208-216.                                       *
 *                                                            *
 *     Spin densities:-                                       *
 *     Jiabo Li, Brian J. Duke, Thomas M. Klapoetke, and Roy  *
 *     McWeeny, Spin-Density of Spin-Free Valence Bond Wave   *
 *     Functions and Its Implementation in VB2000. J. Theor.  *
 *     Comp. Chem. 7(2008)853-867.                            *
 *                                                            *
 *     Spin coupled - n electrons in m orbitals:-             *
 *     Peter B. Karadakov, David L. Cooper, Brian J. Duke,    *
 *     and Jiabo Li, Spin-Coupled Theory for N Electrons in   *
 *     M Orbitals Active Spaces,  J. Phys. Chem. A, 116,      *
 *     7238 - 7244, 2012                                      *
 *                                                            *
 *     Copyright (C) 2018 GNU General Public License          *
 **************************************************************

 JOB NAME IS h13                                                             

 VB2000 DIRECTORY IS: .                                                                               
 MAXIMUM DYNAMIC MEMORY IS:        6500000

 Input of molecule
 =================
 #! VB(13)/STO-3G PRINTALL                                                       
                                                                                 
 Title: TEST                                                                            

 Charge =  0 Multiplicity =  2

 BASIS SET FILE IS: ./BASET/STO-3G                                                                  

 Cartesian coordinates of atoms in Angstrom
 ----------------------------------------------------
                    X             Y             Z   

  H     1.0      0.000000      0.000000      0.000000
  H     1.0      0.800000      0.000000      0.000000
  H     1.0      0.000000      1.000000      0.000000
  H     1.0      0.800000      1.000000      0.000000
  H     1.0      0.000000      2.000000      0.000000
  H     1.0      0.800000      2.000000      0.000000
  H     1.0      0.000000      3.000000      0.000000
  H     1.0      0.800000      3.000000      0.000000
  H     1.0      0.000000      4.000000      0.000000
  H     1.0      0.800000      4.000000      0.000000
  H     1.0      0.000000      5.000000      0.000000
  H     1.0      0.800000      5.000000      0.000000
  H     1.0      0.400000      7.000000      0.000000
 ----------------------------------------------------

 Total number of two-electron integrals =         4144
 Time for integral evaluation                    0.030

 SKIPPED INTEGRALS =                                42
 Number of iter =     33, DMAX =        0.000008010414
 Final Hartree-Fock Energy =           -5.637996037798

 Molecular orbitals by HF method
 ===============================================================================
 MO#                       1         2         3         4         5         6
 E(a.u.)              -0.988    -0.878    -0.699    -0.455    -0.205    -0.142
 -------------------------------------------------------------------------------

   1  1  H     s     0.07122   0.16334   0.28582   0.38128  -0.12724   0.32773
   2  2  H     s     0.07122   0.16334   0.28582   0.38128   0.12724   0.32773
   3  3  H     s     0.16978   0.24530   0.12076  -0.21007  -0.33322  -0.43145
   4  4  H     s     0.16978   0.24530   0.12076  -0.21007   0.33322  -0.43145
   5  5  H     s     0.19894   0.09797  -0.22785  -0.24370  -0.50054   0.17790
   6  6  H     s     0.19894   0.09797  -0.22785  -0.24370   0.50054   0.17790
   7  7  H     s     0.19832  -0.10138  -0.22585   0.25464  -0.49243   0.23857
   8  8  H     s     0.19832  -0.10138  -0.22585   0.25464   0.49243   0.23857
   9  9  H     s     0.16836  -0.24920   0.13502   0.19114  -0.32228  -0.43738
  10 10  H     s     0.16836  -0.24920   0.13502   0.19114   0.32228  -0.43738
  11 11  H     s     0.06794  -0.15694   0.27344  -0.37147  -0.11983   0.28228
  12 12  H     s     0.06794  -0.15694   0.27344  -0.37147   0.11983   0.28228
  13 13  H     s     0.00050  -0.00472   0.02271  -0.09024   0.00000   0.45773

 MO#                       7         8         9        10        11        12
 E(a.u.)               0.034     0.187     0.434     0.538     0.753     1.133
 -------------------------------------------------------------------------------

   1  1  H     s    -0.16109  -0.36036   0.58896  -0.22208  -0.70735  -0.65042
   2  2  H     s    -0.16109   0.36036  -0.58896  -0.22208   0.70735   0.65042
   3  3  H     s     0.25061  -0.51154   0.29730   0.47145   0.32230   0.84454
   4  4  H     s     0.25061   0.51154  -0.29730   0.47145  -0.32230  -0.84454
   5  5  H     s    -0.17846  -0.23293  -0.42228  -0.64715   0.52646  -0.38256
   6  6  H     s    -0.17846   0.23293   0.42228  -0.64715  -0.52646   0.38256
   7  7  H     s    -0.03442   0.24741  -0.41266   0.64759  -0.53936  -0.37580
   8  8  H     s    -0.03442  -0.24741   0.41266   0.64759   0.53936   0.37580
   9  9  H     s     0.23451   0.51860   0.31050  -0.47879  -0.30738   0.84556
  10 10  H     s     0.23451  -0.51860  -0.31050  -0.47879   0.30738  -0.84556
  11 11  H     s    -0.26643   0.35439   0.57933   0.23863   0.70961  -0.65970
  12 12  H     s    -0.26643  -0.35439  -0.57933   0.23863  -0.70961   0.65970
  13 13  H     s     0.88925  -0.00000  -0.00000  -0.09955   0.00000  -0.00000


                    PARAMETER LIMIT VALUES
 Max. no. of atoms                    MAXCEN =    200
 Max. no. of basis functions          MAXBFN =   1350
 Max. no. of shells                   MAXSHL =    500
 Max. no. of total primitives         MAXEXP =   4400
 Max. no. of primitives per orbital   MAXPRM =     15
 Max. no. of atoms * no. of orbitals  MAXNAB = 135000
 Increase max basis set size by       NEXTRA =     20
 Max. size for Rumer data             MAXST1 = 120000
 Max. no. of orbitals in group        MAXNOB =    200
 Max. no. of CUBE orbitals            MAXCUB =    100
 Max. no. of groups                   MAXGRP =     49
 BRILLMASK array sizes                MAXBLL =  12500

 VBO LIB IS: ./VBOLIB/VBOLIBSTO-nG                                                           

 Localized molecular orbitals and the bond labels
 ===============================================================================
 LMO#                      1         2         3         4         5         6
 E(a.u.)              -0.018    -0.614    -0.612    -0.557    -0.528    -0.503
 Bond Label           13:(0)   10-9(1)    4-3(1)    2-1(1)  12-11(1)    7-5(1)
 -------------------------------------------------------------------------------

   1  1  H     s    -0.01216   0.05072   0.14602   0.60586  -0.02921   0.10045
   2  2  H     s    -0.01216   0.05072   0.14602   0.60586  -0.02921  -0.07950
   3  3  H     s     0.03020  -0.13724  -0.58558  -0.12963   0.07682   0.16044
   4  4  H     s     0.03020  -0.13724  -0.58558  -0.12963   0.07682  -0.31081
   5  5  H     s    -0.05317   0.25134  -0.05627  -0.09147  -0.14225   0.60514
   6  6  H     s    -0.05317   0.25134  -0.05627  -0.09147  -0.14225  -0.10273
   7  7  H     s     0.05040  -0.06089   0.25066   0.12994   0.10488   0.59979
   8  8  H     s     0.05040  -0.06089   0.25066   0.12995   0.10488  -0.09660
   9  9  H     s    -0.01560  -0.58275  -0.13848  -0.07187   0.12332   0.15004
  10 10  H     s    -0.01560  -0.58275  -0.13848  -0.07187   0.12332  -0.30573
  11 11  H     s    -0.02956   0.14377   0.05421   0.02912  -0.60586   0.09659
  12 12  H     s    -0.02956   0.14377   0.05421   0.02912  -0.60586  -0.07288
  13 13  H     s     1.00251  -0.00100  -0.01649  -0.00903   0.05984  -0.00098

 LMO#                      7
 E(a.u.)              -0.503
 Bond Label           8-6(1)
 -------------------------------------------------------------------------------

   1  1  H     s    -0.07950
   2  2  H     s     0.10045
   3  3  H     s    -0.31081
   4  4  H     s     0.16044
   5  5  H     s    -0.10273
   6  6  H     s     0.60514
   7  7  H     s    -0.09661
   8  8  H     s     0.59979
   9  9  H     s    -0.30573
  10 10  H     s     0.15004
  11 11  H     s    -0.07288
  12 12  H     s     0.09659
  13 13  H     s    -0.00098


 Mulliken population of localized molecular orbitals
 ===============================================================================
 LMO#                      1         2         3         4         5         6
 E(a.u.)              -0.018    -0.614    -0.612    -0.557    -0.528    -0.503
 Bond Label           13:(0)   10-9(1)    4-3(1)    2-1(1)  12-11(1)    7-5(1)
 -------------------------------------------------------------------------------

   1         H       0.00009   0.00158  -0.07649   1.03871   0.00051   0.01901
   2         H       0.00009   0.00158  -0.07649   1.03871   0.00051   0.01041
   3         H       0.00023  -0.00030   0.96590  -0.06468   0.00061   0.10119
   4         H       0.00023  -0.00030   0.96589  -0.06468   0.00061   0.00982
   5         H       0.00264   0.06654   0.04172   0.00626   0.02194   0.93447
   6         H       0.00264   0.06654   0.04171   0.00626   0.02194  -0.06420
   7         H       0.00252   0.04573   0.06733   0.01854   0.00868   0.92200
   8         H       0.00252   0.04573   0.06733   0.01854   0.00868  -0.06061
   9         H       0.00002   0.96244  -0.00057   0.00057  -0.06161   0.09247
  10         H       0.00002   0.96245  -0.00057   0.00057  -0.06161   0.00872
  11         H      -0.00354  -0.07598   0.00199   0.00056   1.03410   0.01764
  12         H      -0.00354  -0.07598   0.00199   0.00056   1.03410   0.00907
  13         H       1.99606  -0.00002   0.00028   0.00008  -0.00848   0.00000

 LMO#                      7
 E(a.u.)              -0.503
 Bond Label           8-6(1)
 -------------------------------------------------------------------------------

   1         H       0.01041
   2         H       0.01901
   3         H       0.00982
   4         H       0.10119
   5         H      -0.06420
   6         H       0.93448
   7         H      -0.06061
   8         H       0.92199
   9         H       0.00872
  10         H       0.09246
  11         H       0.00907
  12         H       0.01764
  13         H       0.00000

 WARNING: MELEK != MELE(K)

 PARTITIONING OF LMOs INTO GROUPS ($LMOGRPMODIFY)
 ================================================
 LMO#     1  2  3  4  5  6  7
 Group#   1  1  1  1  1  1  1
 Split    0  1  1  1  1  1  1


 Initial guess of orbitals
 ===============================================================================
 ORBITAL#                  1         2         3         4         5         6
 Bond Label          1->2(1)   2->1(1)   3->4(1)   4->3(1)   5->6(1)   6->5(1)
 -------------------------------------------------------------------------------

   1  1  H     s     1.00000   0.00000   0.00000   0.00000   0.00000  -0.00000
   2  2  H     s    -0.00000   1.00000   0.00000  -0.00000   0.00000   0.00000
   3  3  H     s    -0.00000  -0.00000   1.00000  -0.00000  -0.00000  -0.00000
   4  4  H     s     0.00000   0.00000   0.00000   1.00000   0.00000   0.00000
   5  5  H     s     0.00000   0.00000   0.00000  -0.00000   1.00000  -0.00000
   6  6  H     s    -0.00000  -0.00000  -0.00000  -0.00000  -0.00000   1.00000
   7  7  H     s     0.00000   0.00000   0.00000   0.00000   0.00000   0.00000
   8  8  H     s     0.00000   0.00000   0.00000   0.00000   0.00000   0.00000
   9  9  H     s    -0.00000  -0.00000  -0.00000   0.00000  -0.00000  -0.00000
  10 10  H     s     0.00000   0.00000  -0.00000  -0.00000   0.00000   0.00000
  11 11  H     s    -0.00000  -0.00000  -0.00000  -0.00000  -0.00000  -0.00000
  12 12  H     s     0.00000   0.00000   0.00000   0.00000   0.00000   0.00000
  13 13  H     s    -0.00000   0.00000   0.00000  -0.00000  -0.00000  -0.00000

 ORBITAL#                  7         8         9        10        11        12
 Bond Label          7->8(1)   8->7(1)  9->10(1)  10->9(1)  11->12(1  12->11(1
 -------------------------------------------------------------------------------

   1  1  H     s    -0.00000  -0.00000  -0.00000   0.00000   0.00000   0.00000
   2  2  H     s    -0.00000  -0.00000  -0.00000  -0.00000  -0.00000  -0.00000
   3  3  H     s     0.00000  -0.00000  -0.00000  -0.00000  -0.00000  -0.00000
   4  4  H     s     0.00000   0.00000   0.00000   0.00000   0.00000   0.00000
   5  5  H     s    -0.00000  -0.00000   0.00000   0.00000   0.00000   0.00000
   6  6  H     s    -0.00000   0.00000  -0.00000   0.00000  -0.00000   0.00000
   7  7  H     s     1.00000   0.00000   0.00000   0.00000  -0.00000   0.00000
   8  8  H     s     0.00000   1.00000   0.00000  -0.00000  -0.00000   0.00000
   9  9  H     s    -0.00000  -0.00000   1.00000   0.00000   0.00000   0.00000
  10 10  H     s     0.00000   0.00000   0.00000   1.00000   0.00000   0.00000
  11 11  H     s    -0.00000  -0.00000  -0.00000  -0.00000   1.00000  -0.00000
  12 12  H     s     0.00000   0.00000  -0.00000  -0.00000  -0.00000   1.00000
  13 13  H     s    -0.00000  -0.00000  -0.00000  -0.00000   0.00000  -0.00000

 ORBITAL#                 13
 Bond Label         13->11(1
 -------------------------------------------------------------------------------

   1  1  H     s     0.00000
   2  2  H     s    -0.00000
   3  3  H     s    -0.00000
   4  4  H     s     0.00000
   5  5  H     s     0.00000
   6  6  H     s     0.00000
   7  7  H     s    -0.00000
   8  8  H     s    -0.00000
   9  9  H     s     0.00000
  10 10  H     s     0.00000
  11 11  H     s    -0.00000
  12 12  H     s    -0.00000
  13 13  H     s     1.00000


      GENERAL CONTROLS ($GENCTL)
 ======================================
 Number of electron groups       =    1
 Maximum macro-iterations        =   12
 Energy threshold           = 10**(- 6)
 Restart calculation(0/1/2)      =    0
 Group#                     1
 Num. of electrons         13
 Num. of spins              1
 Num. of orbitals          13
 Method#                    2

 SYMBOLIC VB STRUCTURE(S) OF GROUP  1
 STR. NO.       RUMER PATTERN  
    1           1  2   3  4   5  6   7  8   9 10  11 12  13


 OVERLAP MATRIX OF VB ORBITALS FOR GROUP   1

        1      2      3      4      5      6      7      8      9     10     11     12
 =======================================================================================
   1 1.0000
   2 0.6208 1.0000
   3 0.4965 0.3480 1.0000
   4 0.3480 0.4965 0.6208 1.0000
   5 0.1192 0.0921 0.4965 0.3480 1.0000
   6 0.0921 0.1192 0.3480 0.4965 0.6208 1.0000
   7 0.0183 0.0146 0.1192 0.0921 0.4965 0.3480 1.0000
   8 0.0146 0.0183 0.0921 0.1192 0.3480 0.4965 0.6208 1.0000
   9 0.0018 0.0014 0.0183 0.0146 0.1192 0.0921 0.4965 0.3480 1.0000
  10 0.0014 0.0018 0.0146 0.0183 0.0921 0.1192 0.3480 0.4965 0.6208 1.0000
  11 0.0001 0.0001 0.0018 0.0014 0.0183 0.0146 0.1192 0.0921 0.4965 0.3480 1.0000
  12 0.0001 0.0001 0.0014 0.0018 0.0146 0.0183 0.0921 0.1192 0.3480 0.4965 0.6208 1.0000
  13 0.0000 0.0000 0.0000 0.0000 0.0001 0.0001 0.0017 0.0017 0.0173 0.0173 0.1117 0.1117

       13
 ==========
  13 1.0000

 EIGENVALUES OF OVERLAP MATRIX OF VB ORBITALS
 ============================================
     0.1452D+00    0.1940D+00    0.2814D+00    0.3560D+00    0.4087D+00    0.5587D+00
     0.5639D+00    0.6870D+00    0.9244D+00    0.1066D+01    0.1720D+01    0.2632D+01
     0.3462D+01

 MAP FILE IS: ./MAP/MAP1301t                                                                  

 VB-ORBITAL OPTIMIZATION OF GROUP  1 ...
 GROUP =  1  ITER =  1 CMAX =  0.15000000000000
 GROUP =  1  ITER =  2 CMAX =  0.15000707164376
 GROUP =  1  ITER =  3 CMAX =  0.08621722075582
 GROUP =  1  ITER =  4 CMAX =  0.05104609541002
 GROUP =  1  ITER =  5 CMAX =  0.02249658713013
 GROUP =  1  ITER =  6 CMAX =  0.00859506188747
 GROUP =  1  ITER =  7 CMAX =  0.00499417327034
 GROUP =  1  ITER =  8 CMAX =  0.00241178233273
 GROUP =  1  ITER =  9 CMAX =  0.00114342455652
 GROUP =  1  ITER = 10 CMAX =  0.00056097044304

 ENERGY AND DIFF OF MACROITER    1 =     -5.9278670631     -5.9278670631

 VB-ORBITAL OPTIMIZATION OF GROUP  1 ...
 GROUP =  1  ITER =  1 CMAX =  0.00011533934569

 ENERGY AND DIFF OF MACROITER    2 =     -5.9278670807     -0.0000000176

 VB-ORBITAL OPTIMIZATION OF GROUP  1 ...
 GROUP =  1  ITER =  1 CMAX =  0.00008992613602

 OVERLAP MATRIX OF VB ORBITALS FOR GROUP   1

        1      2      3      4      5      6      7      8      9     10     11     12
 =======================================================================================
   1 1.0000
   2 0.7155 1.0000
   3 0.4898 0.2241 1.0000
   4 0.2241 0.4898 0.4921 1.0000
   5 0.0800-0.1227 0.6841 0.2486 1.0000
   6-0.1227 0.0800 0.2486 0.6841 0.5223 1.0000
   7 0.0281-0.1274 0.2095-0.1520 0.6770 0.2440 1.0000
   8-0.1274 0.0281-0.1520 0.2095 0.2440 0.6770 0.5241 1.0000
   9 0.0883-0.0283 0.0871-0.1985 0.2076-0.1559 0.6825 0.2468 1.0000
  10-0.0283 0.0883-0.1985 0.0871-0.1559 0.2076 0.2468 0.6825 0.4901 1.0000
  11 0.0440-0.0039 0.0866-0.0301 0.0310-0.1256 0.0817-0.1210 0.4878 0.2208 1.0000
  12-0.0039 0.0440-0.0301 0.0866-0.1256 0.0310-0.1210 0.0817 0.2208 0.4878 0.7167 1.0000
  13-0.0028-0.0028-0.0148-0.0148 0.0225 0.0225-0.0038-0.0038-0.0420-0.0420 0.1294 0.1294

       13
 ==========
  13 1.0000

 EIGENVALUES OF OVERLAP MATRIX OF VB ORBITALS
 ============================================
     0.1749D-01    0.3965D-01    0.4123D-01    0.8603D-01    0.1602D+00    0.3707D+00
     0.3995D+00    0.9657D+00    0.1352D+01    0.1835D+01    0.2095D+01    0.2538D+01
     0.3100D+01

 ENERGY AND DIFF OF MACROITER    3 =     -5.9278670913     -0.0000000106

 MULLIKEN CHARGES ON ATOMS
 -------------------------
  ATOM             CHARGE 

    1             0.00421
    2             0.00421
    3            -0.00089
    4            -0.00089
    5            -0.00109
    6            -0.00109
    7            -0.00253
    8            -0.00253
    9            -0.00066
   10            -0.00066
   11             0.00850
   12             0.00850
   13            -0.01507

 -------------------------


 ORBITALS OF EACH ELECTRON GROUP IN AO BASIS: ORBITAL(GROUP)
 ===========================================================================
    Orbital#             1         2         3         4         5         6
      Group#             1         1         1         1         1         1
 ---------------------------------------------------------------------------
  AO# LABELS
   1  1  H     s   0.86907   0.10295   0.08368  -0.12227   0.02210  -0.12460
   2  2  H     s   0.10295   0.86907  -0.12227   0.08368  -0.12460   0.02210
   3  3  H     s   0.12870   0.00520   0.83200   0.06100   0.22516  -0.04976
   4  4  H     s   0.00520   0.12870   0.06100   0.83200  -0.04976   0.22516
   5  5  H     s  -0.04354  -0.17300   0.27393  -0.09087   0.74910   0.04244
   6  6  H     s  -0.17300  -0.04354  -0.09087   0.27393   0.04244   0.74910
   7  7  H     s   0.05625  -0.04132   0.03770  -0.20748   0.27035  -0.07622
   8  8  H     s  -0.04132   0.05625  -0.20748   0.03770  -0.07622   0.27035
   9  9  H     s   0.04802   0.00033   0.07905  -0.05149   0.03189  -0.17232
  10 10  H     s   0.00033   0.04802  -0.05149   0.07905  -0.17232   0.03189
  11 11  H     s  -0.00253  -0.01493   0.01810  -0.01072   0.05323  -0.01344
  12 12  H     s  -0.01493  -0.00253  -0.01072   0.01810  -0.01344   0.05323
  13 13  H     s   0.00178   0.00178  -0.01166  -0.01166   0.01269   0.01269

 ===========================================================================
    Orbital#             7         8         9        10        11        12
      Group#             1         1         1         1         1         1
 ---------------------------------------------------------------------------
  AO# LABELS
   1  1  H     s   0.05282  -0.01282   0.01760  -0.01064  -0.00268  -0.01480
   2  2  H     s  -0.01282   0.05282  -0.01064   0.01760  -0.01480  -0.00268
   3  3  H     s   0.03124  -0.17124   0.07900  -0.05095   0.04780   0.00037
   4  4  H     s  -0.17124   0.03124  -0.05095   0.07900   0.00037   0.04780
   5  5  H     s   0.26929  -0.07516   0.03760  -0.20787   0.05634  -0.04135
   6  6  H     s  -0.07516   0.26929  -0.20787   0.03760  -0.04135   0.05634
   7  7  H     s   0.74925   0.04220   0.27255  -0.09374  -0.04229  -0.17235
   8  8  H     s   0.04220   0.74925  -0.09374   0.27255  -0.17235  -0.04229
   9  9  H     s   0.22554  -0.04882   0.83223   0.06126   0.12986   0.00458
  10 10  H     s  -0.04882   0.22554   0.06126   0.83223   0.00458   0.12986
  11 11  H     s   0.02220  -0.12478   0.08646  -0.12241   0.86485   0.10186
  12 12  H     s  -0.12478   0.02220  -0.12241   0.08646   0.10186   0.86485
  13 13  H     s   0.00070   0.00070  -0.03350  -0.03350   0.03484   0.03484

 ===========================================================================
    Orbital#            13
      Group#             1
 ---------------------------------------------------------------------------
  AO# LABELS
   1  1  H     s   0.00195
   2  2  H     s   0.00195
   3  3  H     s  -0.00561
   4  4  H     s  -0.00561
   5  5  H     s   0.00119
   6  6  H     s   0.00119
   7  7  H     s   0.01504
   8  8  H     s   0.01504
   9  9  H     s  -0.02378
  10 10  H     s  -0.02378
  11 11  H     s   0.00340
  12 12  H     s   0.00340
  13 13  H     s   0.99940


 WORDS OF DYNAMIC MEMORY USED IN VB2000 CODE ONLY:       13859

 STATISTICS OF CPU TIMES (SECONDS)
 CPU TIME FOR INITIALIZATION        0.005
 CPU TIME FOR MACROITERATION       14.910
 TOTAL CPU TIME                    14.914

