
 **************************************************************
 *                                                            *
 *                        V B 2 0 0 0                         *
 *                                                            *
 * An ab initio Valence-Bond Program Based on the Generalized *
 *    Product Function Method and the Algebrant Algorithm     *
 *                                                            *
 *                  Version 2.8 November 2017                 *
 *                     Stand-alone Version                    *
 *                      Compiler GFORTRAN                     *
 *                                                            *
 *     Memory = 12500000 for MAP file up to 16 electrons      *
 *                                                            *
 *         Jiabo Li*, Brian Duke** and Roy McWeeny***         *
 *                                                            *
 *        * SciNet Technologies, 9943 Fieldthorn St.,         *
 *                   San Diego, CA 92127, USA                 *
 *                                                            *
 *  ** Monash University Institute of Pharmaceutical Sciences,*
 *          Monash University, 381 Royal Pde, Parkville,      *
 *                    Victoria, 3052, Australia               *
 *                                                            *
 *      *** Department of Chemistry, University of Pisa,      *
 *                       56100 Pisa, Italy                    *
 *                                                            *
 *  Reference for the software:                               *
 *     Jiabo Li, Brian Duke, and Roy McWeeny, VB2000 Version  *
 *     2.8, SciNet Technologies, San Diego, CA, 2013          *
 *     URL: http://www.scinetec.com or http://www.vb2000.net  *
 *                                                            *
 *  References for the theory:                                *
 *     General:                                               *
 *     Jiabo Li, and Roy McWeeny, "VB2000: Pushing Valence    *
 *     Bond Theory to New Limits", Int. J. Quantum Chem.,     *
 *     89(2002)208-216.                                       *
 *                                                            *
 *     Spin densities:-                                       *
 *     Jiabo Li, Brian J. Duke, Thomas M. Klapoetke, and Roy  *
 *     McWeeny, Spin-Density of Spin-Free Valence Bond Wave   *
 *     Functions and Its Implementation in VB2000. J. Theor.  *
 *     Comp. Chem. 7(2008)853-867.                            *
 *                                                            *
 *     Spin coupled - n electrons in m orbitals:-             *
 *     Peter B. Karadakov, David L. Cooper, Brian J. Duke,    *
 *     and Jiabo Li, Spin-Coupled Theory for N Electrons in   *
 *     M Orbitals Active Spaces,  J. Phys. Chem. A, 116,      *
 *     7238 - 7244, 2012                                      *
 *                                                            *
 *     Copyright (C) 2018 GNU General Public License          *
 **************************************************************

 JOB NAME IS h2bovb                                                          

 VB2000 DIRECTORY IS: .                                                                               
 MAXIMUM DYNAMIC MEMORY IS:        6500000

 Input of molecule
 =================
 #! VB(2)/CC-PVDZ PRINTALL                                                       
                                                                                 
 Title: H2 cc-pVDZ, bovb using extremely large DPWEIGHT                                 

 Charge =  0 Multiplicity =  1

 BASIS SET FILE IS: ./BASET/cc-pVDZ                                                                 

 Cartesian coordinates of atoms in Angstrom
 ----------------------------------------------------
                    X             Y             Z   

  H     1.0      0.000000      0.000000      0.370000
  H     1.0      0.000000      0.000000     -0.370000
 ----------------------------------------------------

 Total number of two-electron integrals =          512
 Time for integral evaluation                    0.001

 SKIPPED INTEGRALS =                               920
 Number of iter =     15, DMAX =        0.000006462880
 Final Hartree-Fock Energy =           -1.128700081310

 Molecular orbitals by HF method
 ===============================================================================
 MO#                       1         2         3         4         5         6
 E(a.u.)              -0.592     0.197     0.479     0.937     1.293     1.293
 -------------------------------------------------------------------------------

   1  1  H     s    -0.40366   0.15024  -0.70011   0.76067   0.00000   0.00000
   2  1  H     s    -0.17376   1.95865   0.72637  -1.61735  -0.00000  -0.00000
   3  1  H     x     0.00000   0.00000  -0.00000  -0.00000  -0.56219  -0.13870
   4  1  H     y    -0.00000   0.00000  -0.00000  -0.00000   0.13870  -0.56219
   5  1  H     z     0.02250  -0.01425   0.01127   0.41022  -0.00000   0.00000
   6  2  H     s    -0.40366  -0.15024  -0.70011  -0.76067   0.00000   0.00000
   7  2  H     s    -0.17376  -1.95865   0.72637   1.61735  -0.00000   0.00000
   8  2  H     x    -0.00000  -0.00000   0.00000  -0.00000  -0.56219  -0.13870
   9  2  H     y     0.00000  -0.00000   0.00000   0.00000   0.13870  -0.56219
  10  2  H     z    -0.02250  -0.01425  -0.01127   0.41022   0.00000   0.00000


                    PARAMETER LIMIT VALUES
 Max. no. of atoms                    MAXCEN =    200
 Max. no. of basis functions          MAXBFN =   1350
 Max. no. of shells                   MAXSHL =    500
 Max. no. of total primitives         MAXEXP =   4400
 Max. no. of primitives per orbital   MAXPRM =     15
 Max. no. of atoms * no. of orbitals  MAXNAB = 135000
 Increase max basis set size by       NEXTRA =     20
 Max. size for Rumer data             MAXST1 = 120000
 Max. no. of orbitals in group        MAXNOB =    200
 Max. no. of CUBE orbitals            MAXCUB =    100
 Max. no. of groups                   MAXGRP =     49
 BRILLMASK array sizes                MAXBLL =  12500

 VBO LIB IS: ./VBOLIB/VBOLIBCCPVDZ                                                           

 Localized molecular orbitals and the bond labels
 ===============================================================================
 LMO#                      1
 E(a.u.)              -0.592
 Bond Label           2-1(1)
 -------------------------------------------------------------------------------

   1  1  H     s    -0.40366
   2  1  H     s    -0.17376
   3  1  H     x     0.00000
   4  1  H     y    -0.00000
   5  1  H     z     0.02250
   6  2  H     s    -0.40366
   7  2  H     s    -0.17376
   8  2  H     x    -0.00000
   9  2  H     y     0.00000
  10  2  H     z    -0.02250


 Mulliken population of localized molecular orbitals
 ===============================================================================
 LMO#                      1
 E(a.u.)              -0.592
 Bond Label           2-1(1)
 -------------------------------------------------------------------------------

   1         H       1.00000
   2         H       1.00000


 PARTITIONING OF LMOs INTO GROUPS ($LMOGRPMODIFY)
 ================================================
 LMO#     1
 Group#   1
 Split    1

 WARNING: Initial orbital  3 undefined from DISLMO
 Initial orbital
 WARNING: Initial orbital  4 undefined from DISLMO
 Initial orbital
 WARNING: Initial orbital  5 undefined from DISLMO
 Initial orbital
 WARNING: Initial orbital  6 undefined from DISLMO
 Initial orbital
 WARNING: Initial orbital  7 undefined from DISLMO
 Initial orbital
 WARNING: Initial orbital  8 undefined from DISLMO
 Initial orbital
 WARNING: Initial orbital  9 undefined from DISLMO
 Initial orbital
 WARNING: Initial orbital 10 undefined from DISLMO
 Initial orbital

 Initial guess of orbitals
 ===============================================================================
 ORBITAL#                  1         2         3         4         5         6
 Bond Label         AO TYPE   AO TYPE   AO TYPE   AO TYPE   AO TYPE   AO TYPE 
 -------------------------------------------------------------------------------

   1  1  H     s     1.00000   0.00000  -0.00000   0.00000   0.00000   0.00000
   2  1  H     s     0.00000   0.00000   1.00000   0.00000   0.00000   0.00000
   3  1  H     x     0.00000   0.00000   0.00000   0.00000   1.00000   0.00000
   4  1  H     y     0.00000   0.00000   0.00000   0.00000   0.00000   1.00000
   5  1  H     z     0.00000  -0.00000   0.00000  -0.00000   0.00000   0.00000
   6  2  H     s     0.00000   1.00000  -0.00000  -0.00000   0.00000   0.00000
   7  2  H     s     0.00000   0.00000  -0.00000   1.00000   0.00000   0.00000
   8  2  H     x     0.00000   0.00000   0.00000   0.00000   0.00000   0.00000
   9  2  H     y     0.00000   0.00000   0.00000   0.00000   0.00000   0.00000
  10  2  H     z     0.00000  -0.00000   0.00000  -0.00000   0.00000   0.00000

 ORBITAL#                  7         8         9        10
 Bond Label         AO TYPE   AO TYPE   AO TYPE   AO TYPE 
 -------------------------------------------------------------------------------

   1  1  H     s     0.00000   0.00000   0.00000   0.00000
   2  1  H     s    -0.00000   0.00000   0.00000   0.00000
   3  1  H     x     0.00000   0.00000   0.00000   0.00000
   4  1  H     y     0.00000   0.00000   0.00000   0.00000
   5  1  H     z     1.00000   0.00000   0.00000  -0.00000
   6  2  H     s     0.00000   0.00000   0.00000  -0.00000
   7  2  H     s     0.00000   0.00000   0.00000   0.00000
   8  2  H     x     0.00000   1.00000   0.00000   0.00000
   9  2  H     y     0.00000   0.00000   1.00000   0.00000
  10  2  H     z     0.00000   0.00000   0.00000   1.00000


      GENERAL CONTROLS ($GENCTL)
 ======================================
 Number of electron groups       =    1
 Maximum macro-iterations        =   12
 Energy threshold           = 10**(- 6)
 Restart calculation(0/1/2)      =    0
 Group#                     1
 Num. of electrons          2
 Num. of spins              0
 Num. of orbitals          10
 Method#                    2

 SYMBOLIC VB STRUCTURE(S) OF GROUP  1
 STR. NO.       RUMER PATTERN  
    1           1  2
    2           3  3
    3           4  4

 $01VBSCF VALUES ARE EPS = 0.00001000 AND MAXIT =100
 CALCULATE INITIAL STRUCTURE COEFFICIENTS

 OVERLAP MATRIX OF VB ORBITALS FOR GROUP   1

        1      2      3      4      5      6      7      8      9     10
 =========================================================================
   1 1.0000
   2 0.5707 1.0000
   3 0.6849 0.5655 1.0000
   4 0.5655 0.6849 0.8876 1.0000
   5 0.0000 0.0000 0.0000 0.0000 1.0000
   6 0.0000 0.0000 0.0000 0.0000 0.0000 1.0000
   7 0.0000-0.5376 0.0000-0.1642 0.0000 0.0000 1.0000
   8 0.0000 0.0000 0.0000 0.0000 0.4912 0.0000 0.0000 1.0000
   9 0.0000 0.0000 0.0000 0.0000 0.0000 0.4912 0.0000 0.0000 1.0000
  10 0.5376 0.0000 0.1642 0.0000 0.0000 0.0000-0.2071 0.0000 0.0000 1.0000

 EIGENVALUES OF OVERLAP MATRIX OF VB ORBITALS
 ============================================
     0.4354D-01    0.7517D-01    0.3552D+00    0.5088D+00    0.5088D+00    0.1198D+01
     0.1216D+01    0.1491D+01    0.1491D+01    0.3112D+01

 MAP FILE IS: ./MAP/MAP0200t                                                                  

 VB-ORBITAL OPTIMIZATION OF GROUP  1 ...
 $DPWEIGHT IS            0.100D+07

 $LENHANCE APPLIES WITH   4 CONDITIONS
 GROUP =  1  ITER =  1 CMAX =  0.15000000000000
 GROUP =  1  ITER =  2 CMAX =  0.12230018746738
 GROUP =  1  ITER =  3 CMAX =  0.04620830345444
 GROUP =  1  ITER =  4 CMAX =  0.04699220232243
 GROUP =  1  ITER =  5 CMAX =  0.03457557236665
 GROUP =  1  ITER =  6 CMAX =  0.02502978212390
 GROUP =  1  ITER =  7 CMAX =  0.01813171492462
 GROUP =  1  ITER =  8 CMAX =  0.01965307521074
 GROUP =  1  ITER =  9 CMAX =  0.02730488149780
 GROUP =  1  ITER = 10 CMAX =  0.05749365980955
 GROUP =  1  ITER = 11 CMAX =  0.08484644849271
 GROUP =  1  ITER = 12 CMAX =  0.02894854642861
 GROUP =  1  ITER = 13 CMAX =  0.03285031647779
 GROUP =  1  ITER = 14 CMAX =  0.04928651680424
 GROUP =  1  ITER = 15 CMAX =  0.01231910684785
 GROUP =  1  ITER = 16 CMAX =  0.02872340735846
 GROUP =  1  ITER = 17 CMAX =  0.02015396441206
 GROUP =  1  ITER = 18 CMAX =  0.02614904462898
 GROUP =  1  ITER = 19 CMAX =  0.00689924603378
 GROUP =  1  ITER = 20 CMAX =  0.01609703689511
 GROUP =  1  ITER = 21 CMAX =  0.00494905150421
 GROUP =  1  ITER = 22 CMAX =  0.01012002678062
 GROUP =  1  ITER = 23 CMAX =  0.00905597603426
 GROUP =  1  ITER = 24 CMAX =  0.00913729033486
 GROUP =  1  ITER = 25 CMAX =  0.00831916555018
 GROUP =  1  ITER = 26 CMAX =  0.00835269231394
 GROUP =  1  ITER = 27 CMAX =  0.00768525354099
 GROUP =  1  ITER = 28 CMAX =  0.00767607295375
 GROUP =  1  ITER = 29 CMAX =  0.00731947780900
 GROUP =  1  ITER = 30 CMAX =  0.00699850132819
 GROUP =  1  ITER = 31 CMAX =  0.00670487779210
 GROUP =  1  ITER = 32 CMAX =  0.00643458501959
 GROUP =  1  ITER = 33 CMAX =  0.00618465619965
 GROUP =  1  ITER = 34 CMAX =  0.00595263091095
 GROUP =  1  ITER = 35 CMAX =  0.00573644723445
 GROUP =  1  ITER = 36 CMAX =  0.00553437131843
 GROUP =  1  ITER = 37 CMAX =  0.00534493338742
 GROUP =  1  ITER = 38 CMAX =  0.00997369436380
 GROUP =  1  ITER = 39 CMAX =  0.00888530977691
 GROUP =  1  ITER = 40 CMAX =  0.00916698815495
 GROUP =  1  ITER = 41 CMAX =  0.00806335819699
 GROUP =  1  ITER = 42 CMAX =  0.00822054350633
 GROUP =  1  ITER = 43 CMAX =  0.00737339995533
 GROUP =  1  ITER = 44 CMAX =  0.01407539588524
 GROUP =  1  ITER = 45 CMAX =  0.01015175191141
 GROUP =  1  ITER = 46 CMAX =  0.02146149910234
 GROUP =  1  ITER = 47 CMAX =  0.00540790395006
 GROUP =  1  ITER = 48 CMAX =  0.01246079648388
 GROUP =  1  ITER = 49 CMAX =  0.00942290568614
 GROUP =  1  ITER = 50 CMAX =  0.01876777744149
 GROUP =  1  ITER = 51 CMAX =  0.01022924716701
 GROUP =  1  ITER = 52 CMAX =  0.02422153219345
 GROUP =  1  ITER = 53 CMAX =  0.00945364062167
 GROUP =  1  ITER = 54 CMAX =  0.02593291767211
 GROUP =  1  ITER = 55 CMAX =  0.00847147401581
 GROUP =  1  ITER = 56 CMAX =  0.02090247450133
 GROUP =  1  ITER = 57 CMAX =  0.00984038606063
 GROUP =  1  ITER = 58 CMAX =  0.01003143436302
 GROUP =  1  ITER = 59 CMAX =  0.00297773680436
 GROUP =  1  ITER = 60 CMAX =  0.00038754427973
 GROUP =  1  ITER = 61 CMAX =  0.00003065300612
 GROUP =  1  ITER = 62 CMAX =  0.00000148974492

 ENERGY AND DIFF OF MACROITER    1 =     -1.1488628352     -1.1488628352

 VB-ORBITAL OPTIMIZATION OF GROUP  1 ...
 GROUP =  1  ITER =  1 CMAX =  0.00000000079202

 ENERGY AND DIFF OF MACROITER    2 =     -1.1488628352     -0.0000000000

 VB-ORBITAL OPTIMIZATION OF GROUP  1 ...
 GROUP =  1  ITER =  1 CMAX =  0.00000000076303

 DELOCALIZATION FOR VB ORBITALS OF GROUP  1
 =============================================
 VBO INDEX =  1 DELOCALIZATION =   0.00000
 VBO INDEX =  2 DELOCALIZATION =   0.00000
 VBO INDEX =  3 DELOCALIZATION =   0.00000
 VBO INDEX =  4 DELOCALIZATION =   0.00000

 OVERLAP MATRIX OF VB ORBITALS FOR GROUP   1

        1      2      3      4      5      6      7      8      9     10
 =========================================================================
   1 1.0000
   2 0.7362 1.0000
   3 0.1202 0.0771 1.0000
   4 0.0771 0.1202 0.8410 1.0000
   5 0.0000-0.0000 0.0000-0.0000 1.0000
   6-0.0000 0.0000-0.0000 0.0000 0.0000 1.0000
   7-0.0460-0.4596 0.4803 0.3862 0.0000 0.0000 1.0000
   8 0.0000-0.0000 0.0000-0.0000 0.4912 0.0000 0.0000 1.0000
   9-0.0000 0.0000-0.0000 0.0000 0.0000 0.4912 0.0000 0.0000 1.0000
  10 0.4596 0.0460-0.3862-0.4803 0.0000 0.0000-0.2071 0.0000 0.0000 1.0000

 EIGENVALUES OF OVERLAP MATRIX OF VB ORBITALS
 ============================================
     0.3687D-01    0.1473D+00    0.3931D+00    0.5088D+00    0.5088D+00    0.1031D+01
     0.1491D+01    0.1491D+01    0.1917D+01    0.2474D+01

 ====Normalized structure coefficients====
  0.9989 -0.0319 -0.0319

 ====Mulliken Weight (Chirgwin-Coulson)====
  0.9972  0.0014  0.0014

 ====Inverse Overlap Weight (Gallup-Norbeck)====
  0.9983  0.0009  0.0009

 ====Lowdin Weight====
  0.9952  0.0024  0.0024

 ====Hiberty Weight====
  0.9980  0.0010  0.0010


 ENERGY AND DIFF OF MACROITER    3 =     -1.1488628352      0.0000000000

 MULLIKEN CHARGES ON ATOMS
 -------------------------
  ATOM             CHARGE 

    1            -0.00000
    2             0.00000

 -------------------------


 ORBITALS OF EACH ELECTRON GROUP IN AO BASIS: ORBITAL(GROUP)
 ===========================================================================
    Orbital#             1         2         3         4         5         6
      Group#             1         1         1         1         1         1
 ---------------------------------------------------------------------------
  AO# LABELS
   1  1  H     s   0.73250   0.00000  -0.89949   0.00000   0.00000   0.00000
   2  1  H     s   0.34272  -0.00000   1.19889  -0.00000   0.00000   0.00000
   3  1  H     x   0.00000   0.00000   0.00000  -0.00000   1.00000   0.00000
   4  1  H     y  -0.00000  -0.00000  -0.00000   0.00000   0.00000   1.00000
   5  1  H     z  -0.04597   0.00000   0.48028  -0.00000   0.00000   0.00000
   6  2  H     s   0.00000   0.73250   0.00000  -0.89949   0.00000   0.00000
   7  2  H     s  -0.00000   0.34272  -0.00000   1.19889   0.00000   0.00000
   8  2  H     x  -0.00000  -0.00000   0.00000  -0.00000   0.00000   0.00000
   9  2  H     y   0.00000   0.00000  -0.00000   0.00000   0.00000   0.00000
  10  2  H     z  -0.00000   0.04597   0.00000  -0.48028   0.00000   0.00000

 ===========================================================================
    Orbital#             7         8         9        10
      Group#             1         1         1         1
 ---------------------------------------------------------------------------
  AO# LABELS
   1  1  H     s   0.00000   0.00000   0.00000   0.00000
   2  1  H     s  -0.00000   0.00000   0.00000   0.00000
   3  1  H     x   0.00000   0.00000   0.00000   0.00000
   4  1  H     y   0.00000   0.00000   0.00000   0.00000
   5  1  H     z   1.00000   0.00000   0.00000  -0.00000
   6  2  H     s   0.00000   0.00000   0.00000  -0.00000
   7  2  H     s   0.00000   0.00000   0.00000   0.00000
   8  2  H     x   0.00000   1.00000   0.00000   0.00000
   9  2  H     y   0.00000   0.00000   1.00000   0.00000
  10  2  H     z   0.00000   0.00000   0.00000   1.00000


 WORDS OF DYNAMIC MEMORY USED IN VB2000 CODE ONLY:        5441

 STATISTICS OF CPU TIMES (SECONDS)
 CPU TIME FOR INITIALIZATION        0.003
 CPU TIME FOR MACROITERATION        0.238
 TOTAL CPU TIME                     0.240

