
 **************************************************************
 *                                                            *
 *                        V B 2 0 0 0                         *
 *                                                            *
 * An ab initio Valence-Bond Program Based on the Generalized *
 *    Product Function Method and the Algebrant Algorithm     *
 *                                                            *
 *                  Version 2.8 November 2017                 *
 *                     Stand-alone Version                    *
 *                      Compiler GFORTRAN                     *
 *                                                            *
 *     Memory = 12500000 for MAP file up to 16 electrons      *
 *                                                            *
 *         Jiabo Li*, Brian Duke** and Roy McWeeny***         *
 *                                                            *
 *        * SciNet Technologies, 9943 Fieldthorn St.,         *
 *                   San Diego, CA 92127, USA                 *
 *                                                            *
 *  ** Monash University Institute of Pharmaceutical Sciences,*
 *          Monash University, 381 Royal Pde, Parkville,      *
 *                    Victoria, 3052, Australia               *
 *                                                            *
 *      *** Department of Chemistry, University of Pisa,      *
 *                       56100 Pisa, Italy                    *
 *                                                            *
 *  Reference for the software:                               *
 *     Jiabo Li, Brian Duke, and Roy McWeeny, VB2000 Version  *
 *     2.8, SciNet Technologies, San Diego, CA, 2013          *
 *     URL: http://www.scinetec.com or http://www.vb2000.net  *
 *                                                            *
 *  References for the theory:                                *
 *     General:                                               *
 *     Jiabo Li, and Roy McWeeny, "VB2000: Pushing Valence    *
 *     Bond Theory to New Limits", Int. J. Quantum Chem.,     *
 *     89(2002)208-216.                                       *
 *                                                            *
 *     Spin densities:-                                       *
 *     Jiabo Li, Brian J. Duke, Thomas M. Klapoetke, and Roy  *
 *     McWeeny, Spin-Density of Spin-Free Valence Bond Wave   *
 *     Functions and Its Implementation in VB2000. J. Theor.  *
 *     Comp. Chem. 7(2008)853-867.                            *
 *                                                            *
 *     Spin coupled - n electrons in m orbitals:-             *
 *     Peter B. Karadakov, David L. Cooper, Brian J. Duke,    *
 *     and Jiabo Li, Spin-Coupled Theory for N Electrons in   *
 *     M Orbitals Active Spaces,  J. Phys. Chem. A, 116,      *
 *     7238 - 7244, 2012                                      *
 *                                                            *
 *     Copyright (C) 2018 GNU General Public License          *
 **************************************************************

 JOB NAME IS h2cc2DP                                                         

 VB2000 DIRECTORY IS: .                                                                               
 MAXIMUM DYNAMIC MEMORY IS:        6500000

 Input of molecule
 =================
 #! VB(2)/CC-PVDZ PRINTALL                                                       
                                                                                 
 Title: H2 cc-pVDZ, strict localization using extremely large DPWEIGHT                  

 Charge =  0 Multiplicity =  1

 BASIS SET FILE IS: ./BASET/cc-pVDZ                                                                 

 Cartesian coordinates of atoms in Angstrom
 ----------------------------------------------------
                    X             Y             Z   

  H     1.0      0.000000      0.000000      0.370000
  H     1.0      0.000000      0.000000     -0.370000
 ----------------------------------------------------

 Total number of two-electron integrals =          512
 Time for integral evaluation                    0.001

 SKIPPED INTEGRALS =                               920
 Number of iter =     15, DMAX =        0.000006462880
 Final Hartree-Fock Energy =           -1.128700081310

 Molecular orbitals by HF method
 ===============================================================================
 MO#                       1         2         3         4         5         6
 E(a.u.)              -0.592     0.197     0.479     0.937     1.293     1.293
 -------------------------------------------------------------------------------

   1  1  H     s    -0.40366   0.15024  -0.70011   0.76067   0.00000   0.00000
   2  1  H     s    -0.17376   1.95865   0.72637  -1.61735  -0.00000  -0.00000
   3  1  H     x     0.00000   0.00000  -0.00000  -0.00000  -0.56219  -0.13870
   4  1  H     y    -0.00000   0.00000  -0.00000  -0.00000   0.13870  -0.56219
   5  1  H     z     0.02250  -0.01425   0.01127   0.41022  -0.00000   0.00000
   6  2  H     s    -0.40366  -0.15024  -0.70011  -0.76067   0.00000   0.00000
   7  2  H     s    -0.17376  -1.95865   0.72637   1.61735  -0.00000   0.00000
   8  2  H     x    -0.00000  -0.00000   0.00000  -0.00000  -0.56219  -0.13870
   9  2  H     y     0.00000  -0.00000   0.00000   0.00000   0.13870  -0.56219
  10  2  H     z    -0.02250  -0.01425  -0.01127   0.41022   0.00000   0.00000


                    PARAMETER LIMIT VALUES
 Max. no. of atoms                    MAXCEN =    200
 Max. no. of basis functions          MAXBFN =   1350
 Max. no. of shells                   MAXSHL =    500
 Max. no. of total primitives         MAXEXP =   4400
 Max. no. of primitives per orbital   MAXPRM =     15
 Max. no. of atoms * no. of orbitals  MAXNAB = 135000
 Increase max basis set size by       NEXTRA =     20
 Max. size for Rumer data             MAXST1 = 120000
 Max. no. of orbitals in group        MAXNOB =    200
 Max. no. of CUBE orbitals            MAXCUB =    100
 Max. no. of groups                   MAXGRP =     49
 BRILLMASK array sizes                MAXBLL =  12500

 VBO LIB IS: ./VBOLIB/VBOLIBCCPVDZ                                                           

 Localized molecular orbitals and the bond labels
 ===============================================================================
 LMO#                      1
 E(a.u.)              -0.592
 Bond Label           2-1(1)
 -------------------------------------------------------------------------------

   1  1  H     s    -0.40366
   2  1  H     s    -0.17376
   3  1  H     x     0.00000
   4  1  H     y    -0.00000
   5  1  H     z     0.02250
   6  2  H     s    -0.40366
   7  2  H     s    -0.17376
   8  2  H     x    -0.00000
   9  2  H     y     0.00000
  10  2  H     z    -0.02250


 Mulliken population of localized molecular orbitals
 ===============================================================================
 LMO#                      1
 E(a.u.)              -0.592
 Bond Label           2-1(1)
 -------------------------------------------------------------------------------

   1         H       1.00000
   2         H       1.00000


 PARTITIONING OF LMOs INTO GROUPS ($LMOGRPMODIFY)
 ================================================
 LMO#     1
 Group#   1
 Split    1

 WARNING: Initial orbital  3 undefined from DISLMO
 Initial orbital
 WARNING: Initial orbital  4 undefined from DISLMO
 Initial orbital
 WARNING: Initial orbital  5 undefined from DISLMO
 Initial orbital
 WARNING: Initial orbital  6 undefined from DISLMO
 Initial orbital
 WARNING: Initial orbital  7 undefined from DISLMO
 Initial orbital
 WARNING: Initial orbital  8 undefined from DISLMO
 Initial orbital
 WARNING: Initial orbital  9 undefined from DISLMO
 Initial orbital
 WARNING: Initial orbital 10 undefined from DISLMO
 Initial orbital

 Initial guess of orbitals
 ===============================================================================
 ORBITAL#                  1         2         3         4         5         6
 Bond Label         AO TYPE   AO TYPE   AO TYPE   AO TYPE   AO TYPE   AO TYPE 
 -------------------------------------------------------------------------------

   1  1  H     s     1.00000   0.00000  -0.00000   0.00000   0.00000   0.00000
   2  1  H     s     0.00000   0.00000   1.00000   0.00000   0.00000   0.00000
   3  1  H     x     0.00000   0.00000   0.00000   0.00000   1.00000   0.00000
   4  1  H     y     0.00000   0.00000   0.00000   0.00000   0.00000   1.00000
   5  1  H     z     0.00000  -0.00000   0.00000  -0.00000   0.00000   0.00000
   6  2  H     s     0.00000   1.00000  -0.00000  -0.00000   0.00000   0.00000
   7  2  H     s     0.00000   0.00000  -0.00000   1.00000   0.00000   0.00000
   8  2  H     x     0.00000   0.00000   0.00000   0.00000   0.00000   0.00000
   9  2  H     y     0.00000   0.00000   0.00000   0.00000   0.00000   0.00000
  10  2  H     z     0.00000  -0.00000   0.00000  -0.00000   0.00000   0.00000

 ORBITAL#                  7         8         9        10
 Bond Label         AO TYPE   AO TYPE   AO TYPE   AO TYPE 
 -------------------------------------------------------------------------------

   1  1  H     s     0.00000   0.00000   0.00000   0.00000
   2  1  H     s    -0.00000   0.00000   0.00000   0.00000
   3  1  H     x     0.00000   0.00000   0.00000   0.00000
   4  1  H     y     0.00000   0.00000   0.00000   0.00000
   5  1  H     z     1.00000   0.00000   0.00000  -0.00000
   6  2  H     s     0.00000   0.00000   0.00000  -0.00000
   7  2  H     s     0.00000   0.00000   0.00000   0.00000
   8  2  H     x     0.00000   1.00000   0.00000   0.00000
   9  2  H     y     0.00000   0.00000   1.00000   0.00000
  10  2  H     z     0.00000   0.00000   0.00000   1.00000


      GENERAL CONTROLS ($GENCTL)
 ======================================
 Number of electron groups       =    1
 Maximum macro-iterations        =   12
 Energy threshold           = 10**(- 6)
 Restart calculation(0/1/2)      =    0
 Group#                     1
 Num. of electrons          2
 Num. of spins              0
 Num. of orbitals          10
 Method#                    2

 SYMBOLIC VB STRUCTURE(S) OF GROUP  1
 STR. NO.       RUMER PATTERN  
    1           1  2
    2           1  1
    3           2  2

 CALCULATE INITIAL STRUCTURE COEFFICIENTS

 OVERLAP MATRIX OF VB ORBITALS FOR GROUP   1

        1      2      3      4      5      6      7      8      9     10
 =========================================================================
   1 1.0000
   2 0.5707 1.0000
   3 0.6849 0.5655 1.0000
   4 0.5655 0.6849 0.8876 1.0000
   5 0.0000 0.0000 0.0000 0.0000 1.0000
   6 0.0000 0.0000 0.0000 0.0000 0.0000 1.0000
   7 0.0000-0.5376 0.0000-0.1642 0.0000 0.0000 1.0000
   8 0.0000 0.0000 0.0000 0.0000 0.4912 0.0000 0.0000 1.0000
   9 0.0000 0.0000 0.0000 0.0000 0.0000 0.4912 0.0000 0.0000 1.0000
  10 0.5376 0.0000 0.1642 0.0000 0.0000 0.0000-0.2071 0.0000 0.0000 1.0000

 EIGENVALUES OF OVERLAP MATRIX OF VB ORBITALS
 ============================================
     0.4354D-01    0.7517D-01    0.3552D+00    0.5088D+00    0.5088D+00    0.1198D+01
     0.1216D+01    0.1491D+01    0.1491D+01    0.3112D+01

 MAP FILE IS: ./MAP/MAP0200t                                                                  

 VB-ORBITAL OPTIMIZATION OF GROUP  1 ...
 $DPWEIGHT IS            0.100D+07

 $LENHANCE APPLIES WITH   4 CONDITIONS
 GROUP =  1  ITER =  1 CMAX =  0.15000000000000
 GROUP =  1  ITER =  2 CMAX =  0.13955199916422
 GROUP =  1  ITER =  3 CMAX =  0.06614837302458
 GROUP =  1  ITER =  4 CMAX =  0.01261143687790
 GROUP =  1  ITER =  5 CMAX =  0.00041799205088

 ENERGY AND DIFF OF MACROITER    1 =     -1.1466054291     -1.1466054291

 VB-ORBITAL OPTIMIZATION OF GROUP  1 ...
 GROUP =  1  ITER =  1 CMAX =  0.00001665964457

 ENERGY AND DIFF OF MACROITER    2 =     -1.1466054293     -0.0000000002

 VB-ORBITAL OPTIMIZATION OF GROUP  1 ...
 GROUP =  1  ITER =  1 CMAX =  0.00000303714997

 DELOCALIZATION FOR VB ORBITALS OF GROUP  1
 =============================================
 VBO INDEX =  1 DELOCALIZATION =   0.00000
 VBO INDEX =  2 DELOCALIZATION =   0.00000
 VBO INDEX =  3 DELOCALIZATION =   0.00000
 VBO INDEX =  4 DELOCALIZATION =   0.00000

 OVERLAP MATRIX OF VB ORBITALS FOR GROUP   1

        1      2      3      4      5      6      7      8      9     10
 =========================================================================
   1 1.0000
   2 0.7126 1.0000
   3 0.8304 0.7101 1.0000
   4 0.7101 0.8304 0.8876 1.0000
   5-0.0000-0.0000 0.0000 0.0000 1.0000
   6-0.0000-0.0000 0.0000 0.0000 0.0000 1.0000
   7-0.0329-0.4677 0.0000-0.1642 0.0000 0.0000 1.0000
   8-0.0000-0.0000 0.0000 0.0000 0.4912 0.0000 0.0000 1.0000
   9-0.0000-0.0000 0.0000 0.0000 0.0000 0.4912 0.0000 0.0000 1.0000
  10 0.4677 0.0329 0.1642 0.0000 0.0000 0.0000-0.2071 0.0000 0.0000 1.0000

 EIGENVALUES OF OVERLAP MATRIX OF VB ORBITALS
 ============================================
     0.2629D-01    0.8128D-01    0.1907D+00    0.5088D+00    0.5088D+00    0.1085D+01
     0.1177D+01    0.1491D+01    0.1491D+01    0.3440D+01

 ====Normalized structure coefficients====
 -0.8368 -0.0985 -0.0985

 ====Mulliken Weight (Chirgwin-Coulson)====
  0.8354  0.0823  0.0823

 ====Inverse Overlap Weight (Gallup-Norbeck)====
  0.9002  0.0499  0.0499

 ====Lowdin Weight====
  0.4273  0.2863  0.2863

 ====Hiberty Weight====
  0.9730  0.0135  0.0135


 ENERGY AND DIFF OF MACROITER    3 =     -1.1466054293     -0.0000000000

 MULLIKEN CHARGES ON ATOMS
 -------------------------
  ATOM             CHARGE 

    1             0.00000
    2            -0.00000

 -------------------------


 ORBITALS OF EACH ELECTRON GROUP IN AO BASIS: ORBITAL(GROUP)
 ===========================================================================
    Orbital#             1         2         3         4         5         6
      Group#             1         1         1         1         1         1
 ---------------------------------------------------------------------------
  AO# LABELS
   1  1  H     s   0.76339  -0.00000  -0.00000   0.00000   0.00000   0.00000
   2  1  H     s   0.30754   0.00000   1.00000   0.00000   0.00000   0.00000
   3  1  H     x  -0.00000   0.00000   0.00000   0.00000   1.00000   0.00000
   4  1  H     y  -0.00000   0.00000   0.00000   0.00000   0.00000   1.00000
   5  1  H     z  -0.03289  -0.00000   0.00000  -0.00000   0.00000   0.00000
   6  2  H     s  -0.00000   0.76339  -0.00000  -0.00000   0.00000   0.00000
   7  2  H     s   0.00000   0.30754  -0.00000   1.00000   0.00000   0.00000
   8  2  H     x  -0.00000  -0.00000   0.00000   0.00000   0.00000   0.00000
   9  2  H     y  -0.00000  -0.00000   0.00000   0.00000   0.00000   0.00000
  10  2  H     z   0.00000   0.03289   0.00000  -0.00000   0.00000   0.00000

 ===========================================================================
    Orbital#             7         8         9        10
      Group#             1         1         1         1
 ---------------------------------------------------------------------------
  AO# LABELS
   1  1  H     s   0.00000   0.00000   0.00000   0.00000
   2  1  H     s  -0.00000   0.00000   0.00000   0.00000
   3  1  H     x   0.00000   0.00000   0.00000   0.00000
   4  1  H     y   0.00000   0.00000   0.00000   0.00000
   5  1  H     z   1.00000   0.00000   0.00000  -0.00000
   6  2  H     s   0.00000   0.00000   0.00000  -0.00000
   7  2  H     s   0.00000   0.00000   0.00000   0.00000
   8  2  H     x   0.00000   1.00000   0.00000   0.00000
   9  2  H     y   0.00000   0.00000   1.00000   0.00000
  10  2  H     z   0.00000   0.00000   0.00000   1.00000


 WORDS OF DYNAMIC MEMORY USED IN VB2000 CODE ONLY:        5441

 STATISTICS OF CPU TIMES (SECONDS)
 CPU TIME FOR INITIALIZATION        0.003
 CPU TIME FOR MACROITERATION        0.039
 TOTAL CPU TIME                     0.041

