
 **************************************************************
 *                                                            *
 *                        V B 2 0 0 0                         *
 *                                                            *
 * An ab initio Valence-Bond Program Based on the Generalized *
 *    Product Function Method and the Algebrant Algorithm     *
 *                                                            *
 *                  Version 2.8 November 2017                 *
 *                     Stand-alone Version                    *
 *                      Compiler GFORTRAN                     *
 *                                                            *
 *     Memory = 12500000 for MAP file up to 16 electrons      *
 *                                                            *
 *         Jiabo Li*, Brian Duke** and Roy McWeeny***         *
 *                                                            *
 *        * SciNet Technologies, 9943 Fieldthorn St.,         *
 *                   San Diego, CA 92127, USA                 *
 *                                                            *
 *  ** Monash University Institute of Pharmaceutical Sciences,*
 *          Monash University, 381 Royal Pde, Parkville,      *
 *                    Victoria, 3052, Australia               *
 *                                                            *
 *      *** Department of Chemistry, University of Pisa,      *
 *                       56100 Pisa, Italy                    *
 *                                                            *
 *  Reference for the software:                               *
 *     Jiabo Li, Brian Duke, and Roy McWeeny, VB2000 Version  *
 *     2.8, SciNet Technologies, San Diego, CA, 2013          *
 *     URL: http://www.scinetec.com or http://www.vb2000.net  *
 *                                                            *
 *  References for the theory:                                *
 *     General:                                               *
 *     Jiabo Li, and Roy McWeeny, "VB2000: Pushing Valence    *
 *     Bond Theory to New Limits", Int. J. Quantum Chem.,     *
 *     89(2002)208-216.                                       *
 *                                                            *
 *     Spin densities:-                                       *
 *     Jiabo Li, Brian J. Duke, Thomas M. Klapoetke, and Roy  *
 *     McWeeny, Spin-Density of Spin-Free Valence Bond Wave   *
 *     Functions and Its Implementation in VB2000. J. Theor.  *
 *     Comp. Chem. 7(2008)853-867.                            *
 *                                                            *
 *     Spin coupled - n electrons in m orbitals:-             *
 *     Peter B. Karadakov, David L. Cooper, Brian J. Duke,    *
 *     and Jiabo Li, Spin-Coupled Theory for N Electrons in   *
 *     M Orbitals Active Spaces,  J. Phys. Chem. A, 116,      *
 *     7238 - 7244, 2012                                      *
 *                                                            *
 *     Copyright (C) 2018 GNU General Public License          *
 **************************************************************

 JOB NAME IS H2Fd95                                                          

 VB2000 DIRECTORY IS: .                                                                               
 MAXIMUM DYNAMIC MEMORY IS:        6500000

 Input of molecule
 =================
 #! CASVB(5,4)/D95 PRINTALL                                                      
                                                                                 
 Title: TEST H2F. CASVB WITH 5 ELECTRONS IN 4 ORBITALS                                  

 Charge =  0 Multiplicity =  2

 BASIS SET FILE IS: ./BASET/D95                                                                     

 Cartesian coordinates of atoms in Angstrom
 ----------------------------------------------------
                    X             Y             Z   

  H     1.0      0.000000     -1.180000      0.000000
  F     9.0      0.000000      0.000000      0.000000
  H     1.0      0.000000      1.180000      0.000000
 ----------------------------------------------------

 Total number of two-electron integrals =         2089
 Time for integral evaluation                    0.005

 SKIPPED INTEGRALS =                              2732
 Number of iter =     23, DMAX =        0.000009498353
 Final Hartree-Fock Energy =         -100.322918016654

 Molecular orbitals by HF method
 ===============================================================================
 MO#                       1         2         3         4         5         6
 E(a.u.)             -26.336    -1.598    -0.775    -0.674    -0.674    -0.083
 -------------------------------------------------------------------------------

   1  1  H     s    -0.00001  -0.04985   0.16697  -0.00000  -0.00000   0.23203
   2  1  H     s     0.00019  -0.00875   0.07985  -0.00000  -0.00000   0.64315
   3  2  F     s    -0.57996   0.14424  -0.00000   0.00000   0.00000   0.04724
   4  2  F     s    -0.46222   0.19785  -0.00000   0.00000  -0.00000   0.06451
   5  2  F     s     0.00050  -0.58073  -0.00000  -0.00000  -0.00000  -0.17333
   6  2  F     s    -0.00187  -0.50911   0.00000   0.00000   0.00000  -0.56128
   7  2  F     x     0.00000   0.00000  -0.00000  -0.59096   0.47801  -0.00000
   8  2  F     y    -0.00000  -0.00000  -0.60146   0.00000   0.00000   0.00000
   9  2  F     z     0.00000  -0.00000  -0.00000  -0.47801  -0.59096   0.00000
  10  2  F     x    -0.00000   0.00000  -0.00000  -0.29145   0.23574   0.00000
  11  2  F     y     0.00000  -0.00000  -0.31307   0.00000   0.00000  -0.00000
  12  2  F     z    -0.00000  -0.00000  -0.00000  -0.23574  -0.29145  -0.00000
  13  3  H     s    -0.00001  -0.04985  -0.16697   0.00000   0.00000   0.23203
  14  3  H     s     0.00019  -0.00875  -0.07985   0.00000   0.00000   0.64315

 MO#                       7         8         9        10        11
 E(a.u.)               0.179     0.958     1.025     1.025     1.032
 -------------------------------------------------------------------------------

   1  1  H     s     0.11781   0.91991  -0.00000   0.00000   0.72157
   2  1  H     s     0.97713  -0.87525   0.00000  -0.00000  -1.00948
   3  2  F     s    -0.00000   0.01187  -0.00000   0.00000  -0.00000
   4  2  F     s     0.00000   0.01927  -0.00000   0.00000  -0.00000
   5  2  F     s     0.00000  -0.12940   0.00000  -0.00000   0.00000
   6  2  F     s    -0.00000   0.45406  -0.00000   0.00000  -0.00000
   7  2  F     x    -0.00000  -0.00000  -0.86240   0.04589  -0.00000
   8  2  F     y     0.42269   0.00000  -0.00000   0.00000   0.63744
   9  2  F     z     0.00000   0.00000  -0.04589  -0.86240   0.00000
  10  2  F     x     0.00000   0.00000   1.08614  -0.05780   0.00000
  11  2  F     y     0.68841  -0.00000   0.00000  -0.00000  -0.81981
  12  2  F     z    -0.00000  -0.00000   0.05780   1.08614  -0.00000
  13  3  H     s    -0.11781   0.91991   0.00000  -0.00000  -0.72157
  14  3  H     s    -0.97713  -0.87525  -0.00000   0.00000   1.00948


                    PARAMETER LIMIT VALUES
 Max. no. of atoms                    MAXCEN =    200
 Max. no. of basis functions          MAXBFN =   1350
 Max. no. of shells                   MAXSHL =    500
 Max. no. of total primitives         MAXEXP =   4400
 Max. no. of primitives per orbital   MAXPRM =     15
 Max. no. of atoms * no. of orbitals  MAXNAB = 135000
 Increase max basis set size by       NEXTRA =     20
 Max. size for Rumer data             MAXST1 = 120000
 Max. no. of orbitals in group        MAXNOB =    200
 Max. no. of CUBE orbitals            MAXCUB =    100
 Max. no. of groups                   MAXGRP =     49
 BRILLMASK array sizes                MAXBLL =  12500

 VBO LIB IS: ./VBOLIB/VBOLIBD95                                                              

 Localized molecular orbitals and the bond labels
 ===============================================================================
 LMO#                      1         2         3         4         5         6
 E(a.u.)             -26.048    -1.717    -0.775    -0.674    -0.674    -0.252
 Bond Label            2:(0)     2:(1)     2:(2)     2:(3)     2:(4)     MC(1)
 -------------------------------------------------------------------------------

   1  1  H     s     0.00376   0.02607   0.16697  -0.00000  -0.00000   0.23586
   2  1  H     s    -0.00330   0.19438   0.07985  -0.00000  -0.00000   0.61313
   3  2  F     s    -0.59243   0.09039   0.00000   0.00000   0.00000   0.01547
   4  2  F     s    -0.48128   0.15871   0.00000   0.00000   0.00000   0.01180
   5  2  F     s     0.06425  -0.60237  -0.00000   0.00001   0.00001   0.01778
   6  2  F     s     0.05686  -0.65727  -0.00000   0.00001   0.00001  -0.37282
   7  2  F     x    -0.00000  -0.00000  -0.00000  -0.59096   0.47802  -0.00000
   8  2  F     y    -0.00000   0.00000  -0.60146   0.00000   0.00000   0.00000
   9  2  F     z    -0.00001  -0.00001  -0.00000  -0.47802  -0.59096  -0.00000
  10  2  F     x    -0.00000  -0.00000  -0.00000  -0.29144   0.23575  -0.00000
  11  2  F     y    -0.00000   0.00000  -0.31307   0.00000   0.00000   0.00000
  12  2  F     z    -0.00000  -0.00001  -0.00000  -0.23575  -0.29144  -0.00000
  13  3  H     s     0.00376   0.02607  -0.16697  -0.00000  -0.00000   0.23586
  14  3  H     s    -0.00330   0.19438  -0.07985  -0.00000  -0.00000   0.61313


 Mulliken population of localized molecular orbitals
 ===============================================================================
 LMO#                      1         2         3         4         5         6
 E(a.u.)             -26.048    -1.717    -0.775    -0.674    -0.674    -0.252
 Bond Label            2:(0)     2:(1)     2:(2)     2:(3)     2:(4)     MC(1)
 -------------------------------------------------------------------------------

   1         H       0.00011  -0.09074   0.22729  -0.00000  -0.00000   1.14189
   2         F       1.99977   2.18148   1.54542   2.00000   2.00000  -0.28378
   3         H       0.00011  -0.09074   0.22729  -0.00000  -0.00000   1.14189

 MODIFICATION OF LMO GROUP ASSIGNMENT:
 LMO# = 1 GROUP# = 1
 LMO# = 2 GROUP# = 2
 LMO# = 3 GROUP# = 2
 LMO# = 4 GROUP# = 1
 LMO# = 5 GROUP# = 1
 LMO# = 6 GROUP# = 2
 WARNING: MELEK != MELE(K)

 PARTITIONING OF LMOs INTO GROUPS ($LMOGRPMODIFY)
 ================================================
 LMO#     1  2  3  4  5  6
 Group#   1  2  2  1  1  2
 Split    0  0  0  0  0  1


 Initial guess of orbitals
 ===============================================================================
 ORBITAL#                  1         2         3         4         5         6
 Bond Label            2:(0)     2:(3)     2:(4)   2->3(1)   3->1(1)   2->1(1)
 -------------------------------------------------------------------------------

   1  1  H     s     0.00376  -0.00000  -0.00000  -0.00034  -0.00002  -0.00034
   2  1  H     s    -0.00330  -0.00000  -0.00000   0.00030   0.00002   0.00030
   3  2  F     s    -0.59243   0.00000   0.00000  -0.08220   0.00281  -0.08220
   4  2  F     s    -0.48128   0.00000   0.00000  -0.14866   0.00228  -0.14866
   5  2  F     s     0.06425   0.00001   0.00001   0.70140  -0.00030   0.70140
   6  2  F     s     0.05686   0.00001   0.00001   0.07772  -0.00027   0.07772
   7  2  F     x    -0.00000  -0.59096   0.47802   0.00000   0.00000   0.00000
   8  2  F     y    -0.00000   0.00000   0.00000   0.63141   0.00000  -0.63141
   9  2  F     z    -0.00001  -0.47802  -0.59096   0.00001   0.00000   0.00001
  10  2  F     x    -0.00000  -0.29144   0.23575   0.00000   0.00000   0.00000
  11  2  F     y    -0.00000   0.00000   0.00000   0.13835   0.00000  -0.13835
  12  2  F     z    -0.00000  -0.23575  -0.29144   0.00000   0.00000   0.00000
  13  3  H     s     0.00376  -0.00000  -0.00000  -0.00034   0.59536  -0.00034
  14  3  H     s    -0.00330  -0.00000  -0.00000   0.00030   0.49385   0.00030

 ORBITAL#                  7
 Bond Label          1->2(1)
 -------------------------------------------------------------------------------

   1  1  H     s     0.59536
   2  1  H     s     0.49385
   3  2  F     s     0.00281
   4  2  F     s     0.00228
   5  2  F     s    -0.00030
   6  2  F     s    -0.00027
   7  2  F     x     0.00000
   8  2  F     y     0.00000
   9  2  F     z     0.00000
  10  2  F     x     0.00000
  11  2  F     y     0.00000
  12  2  F     z     0.00000
  13  3  H     s    -0.00002
  14  3  H     s     0.00002


      GENERAL CONTROLS ($GENCTL)
 ======================================
 Number of electron groups       =    2
 Maximum macro-iterations        =   12
 Energy threshold           = 10**(- 6)
 Restart calculation(0/1/2)      =    0
 Group#                     1  2
 Num. of electrons          6  5
 Num. of spins              0  1
 Num. of orbitals           3  4
 Method#                    1  4

 SYMBOLIC VB STRUCTURE(S) OF GROUP  2
 STR. NO.       RUMER PATTERN  
     1         1  1   2  3   4
     2         1  1   2  4   3
     3         2  2   3  4   1
     4         2  2   3  1   4
     5         3  3   4  1   2
     6         3  3   4  2   1
     7         4  4   1  2   3
     8         4  4   1  3   2
     9         1  1   2  2   3
    10         1  1   2  2   4
    11         2  2   3  3   4
    12         2  2   3  3   1
    13         3  3   4  4   1
    14         3  3   4  4   2
    15         1  1   3  3   4
    16         1  1   3  3   2
    17         1  1   4  4   2
    18         1  1   4  4   3
    19         2  2   4  4   1
    20         2  2   4  4   3


 OVERLAP MATRIX OF VB ORBITALS FOR GROUP   2

        1      2      3      4
 ===============================
   1 1.0000
   2 0.3387 1.0000
   3-0.0084-0.0339 1.0000
   4-0.0339 0.0658 0.3387 1.0000

 EIGENVALUES OF OVERLAP MATRIX OF VB ORBITALS
 ============================================
     0.5969D+00    0.7216D+00    0.1336D+01    0.1346D+01

 MAP FILE IS: ./MAP/MAP0501t                                                                  

 MAP FILE IS: ./MAP/MAP0501t                                                                  

 ENERGY AND DIFF OF MACROITER    1 =   -100.1342725435   -100.1342725435

 MAP FILE IS: ./MAP/MAP0501t                                                                  

 ENERGY AND DIFF OF MACROITER    2 =   -100.4491289992     -0.3148564557

 MAP FILE IS: ./MAP/MAP0501t                                                                  

 ENERGY AND DIFF OF MACROITER    3 =   -100.4661567185     -0.0170277194

 MAP FILE IS: ./MAP/MAP0501t                                                                  

 ENERGY AND DIFF OF MACROITER    4 =   -100.4682966588     -0.0021399403

 MAP FILE IS: ./MAP/MAP0501t                                                                  

 ENERGY AND DIFF OF MACROITER    5 =   -100.4688463881     -0.0005497293

 MAP FILE IS: ./MAP/MAP0501t                                                                  

 ENERGY AND DIFF OF MACROITER    6 =   -100.4689729945     -0.0001266063

 MAP FILE IS: ./MAP/MAP0501t                                                                  

 ENERGY AND DIFF OF MACROITER    7 =   -100.4690089015     -0.0000359070

 MAP FILE IS: ./MAP/MAP0501t                                                                  

 ENERGY AND DIFF OF MACROITER    8 =   -100.4690172721     -0.0000083706

 MAP FILE IS: ./MAP/MAP0501t                                                                  

 ENERGY AND DIFF OF MACROITER    9 =   -100.4690197852     -0.0000025132

 MAP FILE IS: ./MAP/MAP0501t                                                                  

 ENERGY AND DIFF OF MACROITER   10 =   -100.4690203665     -0.0000005813

 MAP FILE IS: ./MAP/MAP0501t                                                                  

 OVERLAP MATRIX OF VB ORBITALS FOR GROUP   2

        1      2      3      4
 ===============================
   1 1.0000
   2 0.4473 1.0000
   3 0.0198 0.0426 1.0000
   4 0.0427-0.0566 0.4472 1.0000

 EIGENVALUES OF OVERLAP MATRIX OF VB ORBITALS
 ============================================
     0.4902D+00    0.6120D+00    0.1425D+01    0.1473D+01

 MAP FILE IS: ./MAP/MAP0501t                                                                  

 ====Normalized structure coefficients====
 -0.4614 -0.2735 -0.0110  0.0210 -0.4613 -0.2735 -0.0110  0.0210  0.0356  0.0051
  0.0039 -0.0830  0.0355  0.0050  0.3494  0.3494  0.0039 -0.0830  0.0074  0.0074

 ====Mulliken Weight (Chirgwin-Coulson)====
  0.2121  0.0608  0.0035  0.0050  0.2120  0.0608  0.0035  0.0050  0.0008 -0.0000
  0.0012  0.0262  0.0008 -0.0000  0.1916  0.1916  0.0012  0.0262 -0.0011 -0.0011

 ====Inverse Overlap Weight (Gallup-Norbeck)====
  0.0933  0.0330  0.0001  0.0003  0.0933  0.0330  0.0001  0.0003  0.0036  0.0001
  0.0000  0.0197  0.0036  0.0001  0.3497  0.3498  0.0000  0.0197  0.0002  0.0002

 ====Lowdin Weight====
  0.0656  0.0183  0.0139  0.0039  0.0656  0.0183  0.0139  0.0039  0.0011  0.0000
  0.0222  0.0539  0.0011  0.0000  0.3201  0.3201  0.0223  0.0538  0.0011  0.0011

 ====Hiberty Weight====
  0.2543  0.0894  0.0001  0.0005  0.2542  0.0893  0.0001  0.0005  0.0015  0.0000
  0.0000  0.0082  0.0015  0.0000  0.1458  0.1459  0.0000  0.0082  0.0001  0.0001


 ENERGY AND DIFF OF MACROITER   11 =   -100.4690205485     -0.0000001820

 MULLIKEN CHARGES ON ATOMS
 -------------------------
  ATOM             CHARGE 

    1             0.18370
    2            -0.36740
    3             0.18370

 -------------------------


 ORBITALS OF EACH ELECTRON GROUP IN AO BASIS: ORBITAL(GROUP)
 ===========================================================================
    Orbital#             1         2         3         4         5         6
      Group#             1         1         1         2         2         2
 ---------------------------------------------------------------------------
  AO# LABELS
   1  1  H     s  -0.00058   0.00000   0.00000  -0.00303  -0.08685   0.04533
   2  1  H     s  -0.00030   0.00000   0.00000   0.00566   0.08836  -0.04384
   3  2  F     s   0.58164  -0.00001  -0.00001  -0.10030  -0.02477  -0.10027
   4  2  F     s   0.46457  -0.00000  -0.00000  -0.14050  -0.03553  -0.14046
   5  2  F     s  -0.00750   0.00000   0.00000   0.42535   0.11597   0.42524
   6  2  F     s  -0.00421   0.00000   0.00000   0.38335  -0.10556   0.38325
   7  2  F     x   0.00001  -0.12545   0.75250   0.00000   0.00000   0.00000
   8  2  F     y  -0.00000  -0.00000  -0.00000   0.58049  -0.08089  -0.58064
   9  2  F     z  -0.00001  -0.75250  -0.12545  -0.00000  -0.00000   0.00000
  10  2  F     x   0.00000  -0.06106   0.36628   0.00000   0.00000   0.00000
  11  2  F     y   0.00000  -0.00000  -0.00000   0.19748   0.11050  -0.19753
  12  2  F     z  -0.00000  -0.36628  -0.06106  -0.00000  -0.00000  -0.00000
  13  3  H     s  -0.00058   0.00000   0.00000   0.04532   0.46831  -0.00304
  14  3  H     s  -0.00030   0.00000   0.00000  -0.04385   0.57584   0.00568

 ===========================================================================
    Orbital#             7
      Group#             2
 ---------------------------------------------------------------------------
  AO# LABELS
   1  1  H     s   0.46832
   2  1  H     s   0.57586
   3  2  F     s  -0.02477
   4  2  F     s  -0.03552
   5  2  F     s   0.11595
   6  2  F     s  -0.10558
   7  2  F     x   0.00000
   8  2  F     y   0.08093
   9  2  F     z  -0.00000
  10  2  F     x   0.00000
  11  2  F     y  -0.11049
  12  2  F     z   0.00000
  13  3  H     s  -0.08685
  14  3  H     s   0.08836


 WORDS OF DYNAMIC MEMORY USED IN VB2000 CODE ONLY:        9802

 STATISTICS OF CPU TIMES (SECONDS)
 CPU TIME FOR INITIALIZATION        0.005
 CPU TIME FOR MACROITERATION        0.082
 TOTAL CPU TIME                     0.088

