
 **************************************************************
 *                                                            *
 *                        V B 2 0 0 0                         *
 *                                                            *
 * An ab initio Valence-Bond Program Based on the Generalized *
 *    Product Function Method and the Algebrant Algorithm     *
 *                                                            *
 *                  Version 2.8 November 2017                 *
 *                     Stand-alone Version                    *
 *                      Compiler GFORTRAN                     *
 *                                                            *
 *     Memory = 12500000 for MAP file up to 16 electrons      *
 *                                                            *
 *         Jiabo Li*, Brian Duke** and Roy McWeeny***         *
 *                                                            *
 *        * SciNet Technologies, 9943 Fieldthorn St.,         *
 *                   San Diego, CA 92127, USA                 *
 *                                                            *
 *  ** Monash University Institute of Pharmaceutical Sciences,*
 *          Monash University, 381 Royal Pde, Parkville,      *
 *                    Victoria, 3052, Australia               *
 *                                                            *
 *      *** Department of Chemistry, University of Pisa,      *
 *                       56100 Pisa, Italy                    *
 *                                                            *
 *  Reference for the software:                               *
 *     Jiabo Li, Brian Duke, and Roy McWeeny, VB2000 Version  *
 *     2.8, SciNet Technologies, San Diego, CA, 2013          *
 *     URL: http://www.scinetec.com or http://www.vb2000.net  *
 *                                                            *
 *  References for the theory:                                *
 *     General:                                               *
 *     Jiabo Li, and Roy McWeeny, "VB2000: Pushing Valence    *
 *     Bond Theory to New Limits", Int. J. Quantum Chem.,     *
 *     89(2002)208-216.                                       *
 *                                                            *
 *     Spin densities:-                                       *
 *     Jiabo Li, Brian J. Duke, Thomas M. Klapoetke, and Roy  *
 *     McWeeny, Spin-Density of Spin-Free Valence Bond Wave   *
 *     Functions and Its Implementation in VB2000. J. Theor.  *
 *     Comp. Chem. 7(2008)853-867.                            *
 *                                                            *
 *     Spin coupled - n electrons in m orbitals:-             *
 *     Peter B. Karadakov, David L. Cooper, Brian J. Duke,    *
 *     and Jiabo Li, Spin-Coupled Theory for N Electrons in   *
 *     M Orbitals Active Spaces,  J. Phys. Chem. A, 116,      *
 *     7238 - 7244, 2012                                      *
 *                                                            *
 *     Copyright (C) 2018 GNU General Public License          *
 **************************************************************

 JOB NAME IS h2oDZcasvb4                                                     

 VB2000 DIRECTORY IS: .                                                                               
 MAXIMUM DYNAMIC MEMORY IS:        6500000

 Input of molecule
 =================
 #! CASVB(4,4)/D95 PRINTALL                                                      
                                                                                 
 Title: TEST H2O CASVB(4,4)                                                             

 Charge =  0 Multiplicity =  1

 BASIS SET FILE IS: ./BASET/D95                                                                     

 Cartesian coordinates of atoms in Angstrom
 ----------------------------------------------------
                    X             Y             Z   

  O     8.0      0.000000      0.000000      0.000000
  H     1.0      0.801842      0.000000      0.555582
  H     1.0     -0.801842      0.000000      0.555582
 ----------------------------------------------------

 Total number of two-electron integrals =         3009
 Time for integral evaluation                    0.006

 SKIPPED INTEGRALS =                              1812
 Number of iter =     21, DMAX =        0.000008386251
 Final Hartree-Fock Energy =          -76.009837660512

 Molecular orbitals by HF method
 ===============================================================================
 MO#                       1         2         3         4         5         6
 E(a.u.)             -20.558    -1.346    -0.717    -0.553    -0.502     0.214
 -------------------------------------------------------------------------------

   1  1  O     s     0.58101   0.13094   0.00000   0.04441   0.00000   0.05077
   2  1  O     s     0.46124   0.18153   0.00000   0.06199   0.00000   0.06803
   3  1  O     s    -0.00017  -0.51109  -0.00000  -0.18861  -0.00000  -0.11188
   4  1  O     s     0.00188  -0.46045  -0.00000  -0.24976  -0.00000  -1.22771
   5  1  O     x    -0.00000   0.00000   0.56928  -0.00000  -0.00000  -0.00000
   6  1  O     y    -0.00000   0.00000  -0.00000   0.00000  -0.72768  -0.00000
   7  1  O     z     0.00159  -0.11705   0.00000   0.63327   0.00000  -0.26343
   8  1  O     x    -0.00000  -0.00000   0.17885   0.00000  -0.00000  -0.00000
   9  1  O     y     0.00000   0.00000  -0.00000   0.00000  -0.41030   0.00000
  10  1  O     z    -0.00045  -0.03248  -0.00000   0.33885   0.00000  -0.49498
  11  2  H     s     0.00004  -0.13250   0.25314   0.13363  -0.00000   0.06606
  12  2  H     s    -0.00018  -0.00773   0.12839   0.06141  -0.00000   1.03668
  13  3  H     s     0.00004  -0.13250  -0.25314   0.13363   0.00000   0.06606
  14  3  H     s    -0.00018  -0.00773  -0.12839   0.06141   0.00000   1.03668

 MO#                       7         8         9        10
 E(a.u.)               0.306     0.868     0.892     0.943
 -------------------------------------------------------------------------------

   1  1  O     s     0.00000   0.00000  -0.02082  -0.00000
   2  1  O     s    -0.00000   0.00000  -0.02919  -0.00000
   3  1  O     s     0.00000   0.00000   0.07792   0.00000
   4  1  O     s    -0.00000  -0.00000   0.35148   0.00000
   5  1  O     x     0.40433   0.00000  -0.00000   0.54109
   6  1  O     y    -0.00000  -0.90257  -0.00000   0.00000
   7  1  O     z    -0.00000   0.00000  -0.86935  -0.00000
   8  1  O     x     1.04459  -0.00000   0.00000  -1.71572
   9  1  O     y     0.00000   1.08435   0.00000  -0.00000
  10  1  O     z    -0.00000  -0.00000   1.28595   0.00000
  11  2  H     s    -0.03612   0.00000  -0.16147   0.57157
  12  2  H     s    -1.53387   0.00000  -0.24286   0.41914
  13  3  H     s     0.03612   0.00000  -0.16147  -0.57157
  14  3  H     s     1.53387  -0.00000  -0.24286  -0.41914


                    PARAMETER LIMIT VALUES
 Max. no. of atoms                    MAXCEN =    200
 Max. no. of basis functions          MAXBFN =   1350
 Max. no. of shells                   MAXSHL =    500
 Max. no. of total primitives         MAXEXP =   4400
 Max. no. of primitives per orbital   MAXPRM =     15
 Max. no. of atoms * no. of orbitals  MAXNAB = 135000
 Increase max basis set size by       NEXTRA =     20
 Max. size for Rumer data             MAXST1 = 120000
 Max. no. of orbitals in group        MAXNOB =    200
 Max. no. of CUBE orbitals            MAXCUB =    100
 Max. no. of groups                   MAXGRP =     49
 BRILLMASK array sizes                MAXBLL =  12500

 VBO LIB IS: ./VBOLIB/VBOLIBD95                                                              

 Localized molecular orbitals and the bond labels
 ===============================================================================
 LMO#                      1         2         3         4         5
 E(a.u.)             -20.183    -1.205    -0.502    -0.893    -0.893
 Bond Label            1:(0)     1:(1)     1:(2)    3-1(1)    2-1(1)
 -------------------------------------------------------------------------------

   1  1  O     s     0.59398   0.03872  -0.00001   0.03447   0.03447
   2  1  O     s     0.48259   0.09945  -0.00001   0.05810   0.05811
   3  1  O     s    -0.07393  -0.46230   0.00001  -0.19699  -0.19699
   4  1  O     s    -0.07065  -0.47858   0.00001  -0.14207  -0.14207
   5  1  O     x     0.00000   0.00000   0.00000   0.40254  -0.40254
   6  1  O     y    -0.00001  -0.00001  -0.72768  -0.00000  -0.00000
   7  1  O     z     0.03597   0.41776  -0.00001  -0.34563  -0.34563
   8  1  O     x     0.00000   0.00000   0.00000   0.12646  -0.12646
   9  1  O     y    -0.00000  -0.00001  -0.41030  -0.00000  -0.00000
  10  1  O     z     0.02147   0.24236  -0.00000  -0.16833  -0.16833
  11  2  H     s    -0.00524   0.02149  -0.00000   0.04685  -0.31115
  12  2  H     s     0.00358   0.04280  -0.00000   0.05927  -0.12230
  13  3  H     s    -0.00524   0.02149  -0.00000  -0.31115   0.04685
  14  3  H     s     0.00358   0.04280  -0.00000  -0.12230   0.05927


 Mulliken population of localized molecular orbitals
 ===============================================================================
 LMO#                      1         2         3         4         5
 E(a.u.)             -20.183    -1.205    -0.502    -0.893    -0.893
 Bond Label            1:(0)     1:(1)     1:(2)    3-1(1)    2-1(1)
 -------------------------------------------------------------------------------

   1         O       1.99983   2.05411   2.00000   1.37041   1.37041
   2         H       0.00008  -0.02706  -0.00000  -0.01748   0.64707
   3         H       0.00008  -0.02706  -0.00000   0.64707  -0.01748


 PARTITIONING OF LMOs INTO GROUPS ($LMOGRPMODIFY)
 ================================================
 LMO#     1  2  3  4  5
 Group#   1  1  1  2  2
 Split    0  0  0  1  1


 Initial guess of orbitals
 ===============================================================================
 ORBITAL#                  1         2         3         4         5         6
 Bond Label            1:(0)     1:(1)     1:(2)    3-1(1)    3-1(1)    2-1(1)
 -------------------------------------------------------------------------------

   1  1  O     s     0.59398   0.03872  -0.00001   0.04885  -0.00318   0.04885
   2  1  O     s     0.48259   0.09945  -0.00001   0.08487  -0.01265   0.08487
   3  1  O     s    -0.07393  -0.46230   0.00001  -0.29652   0.06812  -0.29652
   4  1  O     s    -0.07065  -0.47858   0.00001  -0.22166   0.07055  -0.22166
   5  1  O     x     0.00000   0.00000   0.00000   0.55515  -0.00000  -0.55515
   6  1  O     y    -0.00001  -0.00001  -0.72768  -0.00000  -0.00000  -0.00000
   7  1  O     z     0.03597   0.41776  -0.00001  -0.45417  -0.06169  -0.45417
   8  1  O     x     0.00000   0.00000   0.00000   0.17441  -0.00000  -0.17441
   9  1  O     y    -0.00000  -0.00001  -0.41030  -0.00000  -0.00000  -0.00000
  10  1  O     z     0.02147   0.24236  -0.00000  -0.21910  -0.03579  -0.21910
  11  2  H     s    -0.00524   0.02149  -0.00000   0.00117  -0.00320   0.00117
  12  2  H     s     0.00358   0.04280  -0.00000   0.00230  -0.00632   0.00230
  13  3  H     s    -0.00524   0.02149  -0.00000   0.00117  -0.78049   0.00117
  14  3  H     s     0.00358   0.04280  -0.00000   0.00230  -0.31184   0.00230

 ORBITAL#                  7
 Bond Label           2-1(1)
 -------------------------------------------------------------------------------

   1  1  O     s    -0.00318
   2  1  O     s    -0.01265
   3  1  O     s     0.06812
   4  1  O     s     0.07055
   5  1  O     x    -0.00000
   6  1  O     y    -0.00000
   7  1  O     z    -0.06169
   8  1  O     x    -0.00000
   9  1  O     y    -0.00000
  10  1  O     z    -0.03579
  11  2  H     s    -0.78049
  12  2  H     s    -0.31184
  13  3  H     s    -0.00320
  14  3  H     s    -0.00632


      GENERAL CONTROLS ($GENCTL)
 ======================================
 Number of electron groups       =    2
 Maximum macro-iterations        =   12
 Energy threshold           = 10**(- 6)
 Restart calculation(0/1/2)      =    0
 Group#                     1  2
 Num. of electrons          6  4
 Num. of spins              0  0
 Num. of orbitals           3  4
 Method#                    1  4

 SYMBOLIC VB STRUCTURE(S) OF GROUP  2
 STR. NO.       RUMER PATTERN  
     1         1  2   3  4
     2         1  3   2  4
     3         1  1   2  3
     4         1  1   3  4
     5         1  1   2  4
     6         2  2   3  4
     7         2  2   4  1
     8         2  2   3  1
     9         3  3   4  1
    10         3  3   1  2
    11         3  3   4  2
    12         4  4   1  2
    13         4  4   2  3
    14         4  4   1  3
    15         1  1   2  2
    16         2  2   3  3
    17         3  3   4  4
    18         1  1   3  3
    19         1  1   4  4
    20         2  2   4  4


 OVERLAP MATRIX OF VB ORBITALS FOR GROUP   2

        1      2      3      4
 ===============================
   1 1.0000
   2 0.5914 1.0000
   3 0.1304 0.1096 1.0000
   4 0.1096 0.0778 0.5914 1.0000

 EIGENVALUES OF OVERLAP MATRIX OF VB ORBITALS
 ============================================
     0.4026D+00    0.4134D+00    0.1378D+01    0.1806D+01

 MAP FILE IS: ./MAP/MAP0400t                                                                  

 MAP FILE IS: ./MAP/MAP0400t                                                                  

 ENERGY AND DIFF OF MACROITER    1 =    -76.0505355999    -76.0505355999

 MAP FILE IS: ./MAP/MAP0400t                                                                  

 ENERGY AND DIFF OF MACROITER    2 =    -76.0586600991     -0.0081244991

 MAP FILE IS: ./MAP/MAP0400t                                                                  

 ENERGY AND DIFF OF MACROITER    3 =    -76.0619991215     -0.0033390224

 MAP FILE IS: ./MAP/MAP0400t                                                                  

 ENERGY AND DIFF OF MACROITER    4 =    -76.0625811804     -0.0005820590

 MAP FILE IS: ./MAP/MAP0400t                                                                  

 ENERGY AND DIFF OF MACROITER    5 =    -76.0627599155     -0.0001787351

 MAP FILE IS: ./MAP/MAP0400t                                                                  

 ENERGY AND DIFF OF MACROITER    6 =    -76.0628265295     -0.0000666140

 MAP FILE IS: ./MAP/MAP0400t                                                                  

 ENERGY AND DIFF OF MACROITER    7 =    -76.0628549984     -0.0000284689

 MAP FILE IS: ./MAP/MAP0400t                                                                  

 ENERGY AND DIFF OF MACROITER    8 =    -76.0628672946     -0.0000122961

 MAP FILE IS: ./MAP/MAP0400t                                                                  

 ENERGY AND DIFF OF MACROITER    9 =    -76.0628728684     -0.0000055738

 MAP FILE IS: ./MAP/MAP0400t                                                                  

 ENERGY AND DIFF OF MACROITER   10 =    -76.0628754155     -0.0000025471

 MAP FILE IS: ./MAP/MAP0400t                                                                  

 ENERGY AND DIFF OF MACROITER   11 =    -76.0628766070     -0.0000011915

 MAP FILE IS: ./MAP/MAP0400t                                                                  

 OVERLAP MATRIX OF VB ORBITALS FOR GROUP   2

        1      2      3      4
 ===============================
   1 1.0000
   2 0.3936 1.0000
   3 0.0995 0.0133 1.0000
   4 0.0134-0.0255 0.3934 1.0000

 EIGENVALUES OF OVERLAP MATRIX OF VB ORBITALS
 ============================================
     0.5777D+00    0.6254D+00    0.1348D+01    0.1449D+01

 MAP FILE IS: ./MAP/MAP0400t                                                                  

 ====Normalized structure coefficients====
 -0.4184 -0.0270  0.0247 -0.2841  0.0209 -0.0658 -0.0121 -0.0129  0.0247 -0.2841
  0.0209 -0.0659 -0.0121 -0.0129  0.0061 -0.0912  0.0061 -0.1417 -0.0912  0.0068

 ====Mulliken Weight (Chirgwin-Coulson)====
  0.3592 -0.0142  0.0029  0.2079  0.0022  0.0316  0.0009  0.0012  0.0029  0.2079
  0.0022  0.0317  0.0009  0.0012 -0.0000  0.0400 -0.0000  0.0831  0.0401 -0.0017

 ====Inverse Overlap Weight (Gallup-Norbeck)====
  0.1052  0.0005  0.0017  0.2254  0.0012  0.0123  0.0004  0.0005  0.0017  0.2254
  0.0012  0.0123  0.0004  0.0005  0.0004  0.0937  0.0004  0.2223  0.0938  0.0005

 ====Lowdin Weight====
  0.1050  0.0088  0.0019  0.1794  0.0013  0.0397  0.0006  0.0008  0.0019  0.1794
  0.0013  0.0397  0.0006  0.0008  0.0000  0.1038  0.0000  0.2228  0.1039  0.0083

 ====Hiberty Weight====
  0.4542  0.0019  0.0016  0.2094  0.0011  0.0112  0.0004  0.0004  0.0016  0.2094
  0.0011  0.0113  0.0004  0.0004  0.0001  0.0216  0.0001  0.0521  0.0216  0.0001


 ENERGY AND DIFF OF MACROITER   12 =    -76.0628772025     -0.0000005954


 ********** MACRO ITERATION IS NOT FULLY CONVERGED. ********** 

 ENERGY DIFF =  0.0000011915, ENERGY THREHSOLD =  0.0000010000



 MULLIKEN CHARGES ON ATOMS
 -------------------------
  ATOM             CHARGE 

    1            -0.72451
    2             0.36225
    3             0.36225

 -------------------------


 ORBITALS OF EACH ELECTRON GROUP IN AO BASIS: ORBITAL(GROUP)
 ===========================================================================
    Orbital#             1         2         3         4         5         6
      Group#             1         1         1         2         2         2
 ---------------------------------------------------------------------------
  AO# LABELS
   1  1  O     s  -0.59144   0.07224   0.00000   0.05095  -0.01688   0.05095
   2  1  O     s  -0.47754   0.13540   0.00000   0.07245  -0.02649   0.07245
   3  1  O     s   0.05349  -0.52085   0.00001  -0.26910   0.19003  -0.26912
   4  1  O     s   0.05174  -0.52397   0.00001  -0.06218   0.02645  -0.06220
   5  1  O     x   0.00000  -0.00000   0.00000   0.64259  -0.08048  -0.64268
   6  1  O     y  -0.00001  -0.00001  -0.72798   0.00000   0.00000   0.00000
   7  1  O     z  -0.02956   0.28034  -0.00000  -0.62093   0.08897  -0.62097
   8  1  O     x   0.00000  -0.00000   0.00000   0.05366   0.14212  -0.05365
   9  1  O     y  -0.00000  -0.00000  -0.40993   0.00000   0.00000   0.00000
  10  1  O     z  -0.01668   0.17086  -0.00000  -0.10583  -0.27943  -0.10578
  11  2  H     s   0.00266  -0.02428   0.00000  -0.00776   0.03969  -0.00313
  12  2  H     s  -0.00340   0.03567  -0.00000   0.00886   0.06450   0.00390
  13  3  H     s   0.00266  -0.02428   0.00000  -0.00324  -0.65434  -0.00776
  14  3  H     s  -0.00340   0.03567  -0.00000   0.00384  -0.30916   0.00885

 ===========================================================================
    Orbital#             7
      Group#             2
 ---------------------------------------------------------------------------
  AO# LABELS
   1  1  O     s  -0.01688
   2  1  O     s  -0.02648
   3  1  O     s   0.19000
   4  1  O     s   0.02647
   5  1  O     x   0.08051
   6  1  O     y   0.00000
   7  1  O     z   0.08895
   8  1  O     x  -0.14211
   9  1  O     y   0.00000
  10  1  O     z  -0.27945
  11  2  H     s  -0.65434
  12  2  H     s  -0.30917
  13  3  H     s   0.03967
  14  3  H     s   0.06449


 WORDS OF DYNAMIC MEMORY USED IN VB2000 CODE ONLY:        9802

 STATISTICS OF CPU TIMES (SECONDS)
 CPU TIME FOR INITIALIZATION        0.002
 CPU TIME FOR MACROITERATION        0.090
 TOTAL CPU TIME                     0.091

