
 **************************************************************
 *                                                            *
 *                        V B 2 0 0 0                         *
 *                                                            *
 * An ab initio Valence-Bond Program Based on the Generalized *
 *    Product Function Method and the Algebrant Algorithm     *
 *                                                            *
 *                  Version 2.8 November 2017                 *
 *                     Stand-alone Version                    *
 *                      Compiler GFORTRAN                     *
 *                                                            *
 *     Memory = 12500000 for MAP file up to 16 electrons      *
 *                                                            *
 *         Jiabo Li*, Brian Duke** and Roy McWeeny***         *
 *                                                            *
 *        * SciNet Technologies, 9943 Fieldthorn St.,         *
 *                   San Diego, CA 92127, USA                 *
 *                                                            *
 *  ** Monash University Institute of Pharmaceutical Sciences,*
 *          Monash University, 381 Royal Pde, Parkville,      *
 *                    Victoria, 3052, Australia               *
 *                                                            *
 *      *** Department of Chemistry, University of Pisa,      *
 *                       56100 Pisa, Italy                    *
 *                                                            *
 *  Reference for the software:                               *
 *     Jiabo Li, Brian Duke, and Roy McWeeny, VB2000 Version  *
 *     2.8, SciNet Technologies, San Diego, CA, 2013          *
 *     URL: http://www.scinetec.com or http://www.vb2000.net  *
 *                                                            *
 *  References for the theory:                                *
 *     General:                                               *
 *     Jiabo Li, and Roy McWeeny, "VB2000: Pushing Valence    *
 *     Bond Theory to New Limits", Int. J. Quantum Chem.,     *
 *     89(2002)208-216.                                       *
 *                                                            *
 *     Spin densities:-                                       *
 *     Jiabo Li, Brian J. Duke, Thomas M. Klapoetke, and Roy  *
 *     McWeeny, Spin-Density of Spin-Free Valence Bond Wave   *
 *     Functions and Its Implementation in VB2000. J. Theor.  *
 *     Comp. Chem. 7(2008)853-867.                            *
 *                                                            *
 *     Spin coupled - n electrons in m orbitals:-             *
 *     Peter B. Karadakov, David L. Cooper, Brian J. Duke,    *
 *     and Jiabo Li, Spin-Coupled Theory for N Electrons in   *
 *     M Orbitals Active Spaces,  J. Phys. Chem. A, 116,      *
 *     7238 - 7244, 2012                                      *
 *                                                            *
 *     Copyright (C) 2018 GNU General Public License          *
 **************************************************************

 JOB NAME IS h2oDZcasvb8in6                                                  

 VB2000 DIRECTORY IS: .                                                                               
 MAXIMUM DYNAMIC MEMORY IS:        6500000

 Input of molecule
 =================
 #! CASVB(8,6)/D95                                                               
                                                                                 
 Title: TEST H2O CASVB(8,6)                                                             

 Charge =  0 Multiplicity =  1

 BASIS SET FILE IS: ./BASET/D95                                                                     

 Cartesian coordinates of atoms in Angstrom
 ----------------------------------------------------
                    X             Y             Z   

  O     8.0      0.000000      0.000000      0.000000
  H     1.0      0.801842      0.000000      0.555582
  H     1.0     -0.801842      0.000000      0.555582
 ----------------------------------------------------

 Total number of two-electron integrals =         3009
 Time for integral evaluation                    0.005

 SKIPPED INTEGRALS =                              1812
 Number of iter =     21, DMAX =        0.000008386251
 Final Hartree-Fock Energy =          -76.009837660512

 Molecular orbitals by HF method
 ===============================================================================
 MO#                       1         2         3         4         5         6
 E(a.u.)             -20.558    -1.346    -0.717    -0.553    -0.502     0.214
 -------------------------------------------------------------------------------

   1  1  O     s     0.58101   0.13094   0.00000   0.04441   0.00000   0.05077
   2  1  O     s     0.46124   0.18153   0.00000   0.06199   0.00000   0.06803
   3  1  O     s    -0.00017  -0.51109  -0.00000  -0.18861  -0.00000  -0.11188
   4  1  O     s     0.00188  -0.46045  -0.00000  -0.24976  -0.00000  -1.22771
   5  1  O     x    -0.00000   0.00000   0.56928  -0.00000  -0.00000  -0.00000
   6  1  O     y    -0.00000   0.00000  -0.00000   0.00000  -0.72768  -0.00000
   7  1  O     z     0.00159  -0.11705   0.00000   0.63327   0.00000  -0.26343
   8  1  O     x    -0.00000  -0.00000   0.17885   0.00000  -0.00000  -0.00000
   9  1  O     y     0.00000   0.00000  -0.00000   0.00000  -0.41030   0.00000
  10  1  O     z    -0.00045  -0.03248  -0.00000   0.33885   0.00000  -0.49498
  11  2  H     s     0.00004  -0.13250   0.25314   0.13363  -0.00000   0.06606
  12  2  H     s    -0.00018  -0.00773   0.12839   0.06141  -0.00000   1.03668
  13  3  H     s     0.00004  -0.13250  -0.25314   0.13363   0.00000   0.06606
  14  3  H     s    -0.00018  -0.00773  -0.12839   0.06141   0.00000   1.03668

 MO#                       7         8         9        10
 E(a.u.)               0.306     0.868     0.892     0.943
 -------------------------------------------------------------------------------

   1  1  O     s     0.00000   0.00000  -0.02082  -0.00000
   2  1  O     s    -0.00000   0.00000  -0.02919  -0.00000
   3  1  O     s     0.00000   0.00000   0.07792   0.00000
   4  1  O     s    -0.00000  -0.00000   0.35148   0.00000
   5  1  O     x     0.40433   0.00000  -0.00000   0.54109
   6  1  O     y    -0.00000  -0.90257  -0.00000   0.00000
   7  1  O     z    -0.00000   0.00000  -0.86935  -0.00000
   8  1  O     x     1.04459  -0.00000   0.00000  -1.71572
   9  1  O     y     0.00000   1.08435   0.00000  -0.00000
  10  1  O     z    -0.00000  -0.00000   1.28595   0.00000
  11  2  H     s    -0.03612   0.00000  -0.16147   0.57157
  12  2  H     s    -1.53387   0.00000  -0.24286   0.41914
  13  3  H     s     0.03612   0.00000  -0.16147  -0.57157
  14  3  H     s     1.53387  -0.00000  -0.24286  -0.41914


 VBO LIB IS: ./VBOLIB/VBOLIBD95                                                              

 PARTITIONING OF LMOs INTO GROUPS ($LMOGRPMODIFY)
 ================================================
 LMO#     1  2  3  4  5
 Group#   1  2  2  2  2
 Split    0  0  0  1  1



      GENERAL CONTROLS ($GENCTL)
 ======================================
 Number of electron groups       =    2
 Maximum macro-iterations        =   12
 Energy threshold           = 10**(- 6)
 Restart calculation(0/1/2)      =    0
 Group#                     1  2
 Num. of electrons          2  8
 Num. of spins              0  0
 Num. of orbitals           1  6
 Method#                    1  4

 OVERLAP MATRIX OF VB ORBITALS FOR GROUP   2

        1      2      3      4      5      6
 =============================================
   1 1.0000
   2-0.0000 1.0000
   3-0.0153 0.0000 1.0000
   4 0.2070-0.0000 0.5716 1.0000
   5-0.0153 0.0000 0.1293 0.1079 1.0000
   6 0.2070-0.0000 0.1079 0.1469 0.5716 1.0000

 MAP FILE IS: ./MAP/MAP0800t                                                                  

 MAP FILE IS: ./MAP/MAP0800t                                                                  

 ENERGY AND DIFF OF MACROITER    1 =    -76.0537131705    -76.0537131705

 MAP FILE IS: ./MAP/MAP0800t                                                                  

 ENERGY AND DIFF OF MACROITER    2 =    -76.0607470730     -0.0070339026

 MAP FILE IS: ./MAP/MAP0800t                                                                  

 ENERGY AND DIFF OF MACROITER    3 =    -76.0642701472     -0.0035230742

 MAP FILE IS: ./MAP/MAP0800t                                                                  

 ENERGY AND DIFF OF MACROITER    4 =    -76.0648069639     -0.0005368167

 MAP FILE IS: ./MAP/MAP0800t                                                                  

 ENERGY AND DIFF OF MACROITER    5 =    -76.0649317932     -0.0001248293

 MAP FILE IS: ./MAP/MAP0800t                                                                  

 ENERGY AND DIFF OF MACROITER    6 =    -76.0649719048     -0.0000401115

 MAP FILE IS: ./MAP/MAP0800t                                                                  

 ENERGY AND DIFF OF MACROITER    7 =    -76.0649868485     -0.0000149437

 MAP FILE IS: ./MAP/MAP0800t                                                                  

 ENERGY AND DIFF OF MACROITER    8 =    -76.0649927502     -0.0000059017

 MAP FILE IS: ./MAP/MAP0800t                                                                  

 ENERGY AND DIFF OF MACROITER    9 =    -76.0649951516     -0.0000024014

 MAP FILE IS: ./MAP/MAP0800t                                                                  

 ENERGY AND DIFF OF MACROITER   10 =    -76.0649961410     -0.0000009894

 MAP FILE IS: ./MAP/MAP0800t                                                                  

 OVERLAP MATRIX OF VB ORBITALS FOR GROUP   2

        1      2      3      4      5      6
 =============================================
   1 1.0000
   2-0.0000 1.0000
   3-0.0415 0.0000 1.0000
   4 0.1807-0.0000 0.4040 1.0000
   5-0.0414 0.0000 0.1038 0.0503 1.0000
   6 0.1807-0.0000 0.0503 0.1372 0.4040 1.0000

 MAP FILE IS: ./MAP/MAP0800t                                                                  

 ====Normalized structure coefficients====
  0.4319  0.0243  0.0427  0.0372 -0.0000  0.0000  0.0000  0.0000 -0.0000  0.0000
 -0.0000 -0.0000  0.0000  0.0000  0.0000  0.0000 -0.0000 -0.0000  0.0129 -0.0002
 -0.0427  0.0051 -0.0115 -0.0116 -0.0000 -0.0000 -0.0000 -0.0000  0.0000 -0.0000
 -0.0386  0.2916 -0.0269 -0.0079 -0.0004 -0.0022  0.0005 -0.0000  0.0000  0.0000
 -0.0000 -0.0001 -0.0075 -0.0000 -0.0000 -0.0000  0.0000  0.0016 -0.0000 -0.0075
 -0.0000 -0.0089  0.0152 -0.0060 -0.0022 -0.0079 -0.0004 -0.0000  0.0000  0.0005
  0.0692  0.0150  0.0243 -0.0386  0.2916 -0.0268  0.0692  0.0150  0.0243 -0.0286
 -0.0286  0.0139 -0.0089 -0.0060  0.0151  0.0000 -0.0000 -0.0001  0.0000  0.0000
 -0.0010 -0.0000  0.0016  0.0000  0.0000 -0.0010  0.0000 -0.0005  0.0005 -0.0005
 -0.0042 -0.0070  0.0004 -0.0055 -0.0011 -0.0008  0.0953 -0.0042 -0.0070 -0.0055
  0.1423  0.0953 -0.0008 -0.0011 -0.0070

 ====Mulliken Weight (Chirgwin-Coulson)====
  0.3741 -0.0129 -0.0046 -0.0033 -0.0000 -0.0000  0.0000  0.0000 -0.0000 -0.0000
 -0.0000 -0.0000  0.0000 -0.0000 -0.0000  0.0000  0.0000  0.0000 -0.0022 -0.0000
 -0.0073 -0.0005 -0.0011 -0.0011  0.0000  0.0000  0.0000 -0.0000  0.0000  0.0000
  0.0019  0.2129  0.0013 -0.0001 -0.0000 -0.0000 -0.0000 -0.0000  0.0000  0.0000
  0.0000 -0.0000  0.0001  0.0000  0.0000  0.0000  0.0000  0.0000  0.0000  0.0001
  0.0000 -0.0010 -0.0021  0.0002 -0.0000 -0.0001 -0.0000 -0.0000  0.0000 -0.0000
  0.0349  0.0005  0.0008  0.0019  0.2129  0.0013  0.0348  0.0005  0.0008 -0.0037
 -0.0037  0.0004 -0.0010  0.0002 -0.0021  0.0000  0.0000 -0.0000 -0.0000 -0.0000
  0.0000  0.0000  0.0000  0.0000  0.0000  0.0000  0.0000  0.0000  0.0000  0.0000
  0.0000 -0.0000 -0.0000  0.0001  0.0000 -0.0000  0.0427  0.0000 -0.0000  0.0001
  0.0835  0.0427 -0.0000  0.0000 -0.0019

 ====Inverse Overlap Weight (Gallup-Norbeck)====
  0.1027  0.0003  0.0006  0.0005  0.0000  0.0000  0.0000  0.0000  0.0000  0.0000
  0.0000  0.0000  0.0000  0.0000  0.0000  0.0000  0.0000  0.0000  0.0001  0.0000
  0.0008  0.0000  0.0000  0.0000  0.0000  0.0000  0.0000  0.0000  0.0000  0.0000
  0.0038  0.2235  0.0018  0.0001  0.0000  0.0000  0.0000  0.0000  0.0000  0.0000
  0.0000  0.0000  0.0001  0.0000  0.0000  0.0000  0.0000  0.0000  0.0000  0.0001
  0.0000  0.0002  0.0005  0.0001  0.0000  0.0001  0.0000  0.0000  0.0000  0.0000
  0.0117  0.0005  0.0015  0.0038  0.2235  0.0018  0.0117  0.0005  0.0015  0.0019
  0.0019  0.0004  0.0002  0.0001  0.0005  0.0000  0.0000  0.0000  0.0000  0.0000
  0.0000  0.0000  0.0000  0.0000  0.0000  0.0000  0.0000  0.0000  0.0000  0.0000
  0.0002  0.0004  0.0000  0.0002  0.0000  0.0000  0.0907  0.0002  0.0004  0.0002
  0.2197  0.0907  0.0000  0.0000  0.0005

 ====Lowdin Weight====
  0.1025  0.0084  0.0001  0.0000  0.0000  0.0000  0.0000  0.0000  0.0000  0.0000
  0.0000  0.0000  0.0000  0.0000  0.0000  0.0000  0.0000  0.0000  0.0005  0.0001
  0.0004  0.0002  0.0001  0.0001  0.0000  0.0000  0.0000  0.0000  0.0000  0.0000
  0.0010  0.1793  0.0007  0.0000  0.0000  0.0000  0.0000  0.0000  0.0000  0.0000
  0.0000  0.0000  0.0000  0.0000  0.0000  0.0000  0.0000  0.0000  0.0000  0.0000
  0.0000  0.0004  0.0007  0.0000  0.0000  0.0000  0.0000  0.0000  0.0000  0.0000
  0.0393  0.0002  0.0003  0.0010  0.1787  0.0007  0.0394  0.0002  0.0003  0.0003
  0.0004  0.0001  0.0004  0.0001  0.0008  0.0000  0.0000  0.0000  0.0000  0.0000
  0.0000  0.0000  0.0000  0.0000  0.0000  0.0000  0.0000  0.0003  0.0000  0.0003
  0.0000  0.0000  0.0000  0.0001  0.0000  0.0000  0.1019  0.0000  0.0000  0.0001
  0.2293  0.1021  0.0000  0.0000  0.0090

 ====Hiberty Weight====
  0.4444  0.0014  0.0044  0.0033  0.0000  0.0000  0.0000  0.0000  0.0000  0.0000
  0.0000  0.0000  0.0000  0.0000  0.0000  0.0000  0.0000  0.0000  0.0004  0.0000
  0.0043  0.0001  0.0003  0.0003  0.0000  0.0000  0.0000  0.0000  0.0000  0.0000
  0.0036  0.2026  0.0017  0.0001  0.0000  0.0000  0.0000  0.0000  0.0000  0.0000
  0.0000  0.0000  0.0001  0.0000  0.0000  0.0000  0.0000  0.0000  0.0000  0.0001
  0.0000  0.0002  0.0005  0.0001  0.0000  0.0001  0.0000  0.0000  0.0000  0.0000
  0.0114  0.0005  0.0014  0.0036  0.2026  0.0017  0.0114  0.0005  0.0014  0.0020
  0.0020  0.0005  0.0002  0.0001  0.0005  0.0000  0.0000  0.0000  0.0000  0.0000
  0.0000  0.0000  0.0000  0.0000  0.0000  0.0000  0.0000  0.0000  0.0000  0.0000
  0.0000  0.0001  0.0000  0.0001  0.0000  0.0000  0.0216  0.0000  0.0001  0.0001
  0.0483  0.0216  0.0000  0.0000  0.0001


 ENERGY AND DIFF OF MACROITER   11 =    -76.0649966482     -0.0000005072

 MULLIKEN CHARGES ON ATOMS
 -------------------------
  ATOM             CHARGE 

    1            -0.71722
    2             0.35861
    3             0.35861

 -------------------------


 ORBITALS OF EACH ELECTRON GROUP IN AO BASIS: ORBITAL(GROUP)
 ===========================================================================
    Orbital#             1         2         3         4         5         6
      Group#             1         2         2         2         2         2
 ---------------------------------------------------------------------------
  AO# LABELS
   1  1  O     s  -0.58749   0.08501  -0.00000   0.05988   0.00500   0.05986
   2  1  O     s  -0.47082   0.13641  -0.00000   0.08677   0.00814   0.08675
   3  1  O     s   0.02952  -0.44490   0.00001  -0.31769   0.07884  -0.31762
   4  1  O     s   0.02749  -0.50146   0.00001  -0.10879  -0.09500  -0.10876
   5  1  O     x   0.00000  -0.00007   0.00000   0.63821  -0.07101  -0.63823
   6  1  O     y   0.00000  -0.00001  -0.72885  -0.00000   0.00000  -0.00000
   7  1  O     z  -0.01636   0.43364  -0.00001  -0.59167   0.15845  -0.59167
   8  1  O     x   0.00000  -0.00001   0.00000   0.05824   0.12429  -0.05825
   9  1  O     y   0.00000  -0.00001  -0.40888  -0.00000   0.00000  -0.00000
  10  1  O     z  -0.00864   0.18939  -0.00000  -0.08778  -0.24927  -0.08780
  11  2  H     s   0.00157  -0.02720  -0.00000  -0.00871  -0.00324  -0.00649
  12  2  H     s  -0.00176   0.03248  -0.00000   0.01022   0.05789   0.00778
  13  3  H     s   0.00157  -0.02721  -0.00000  -0.00647  -0.64001  -0.00872
  14  3  H     s  -0.00176   0.03248  -0.00000   0.00779  -0.29333   0.01021

 ===========================================================================
    Orbital#             7
      Group#             2
 ---------------------------------------------------------------------------
  AO# LABELS
   1  1  O     s   0.00500
   2  1  O     s   0.00814
   3  1  O     s   0.07882
   4  1  O     s  -0.09499
   5  1  O     x   0.07096
   6  1  O     y   0.00000
   7  1  O     z   0.15847
   8  1  O     x  -0.12429
   9  1  O     y   0.00000
  10  1  O     z  -0.24927
  11  2  H     s  -0.64000
  12  2  H     s  -0.29333
  13  3  H     s  -0.00325
  14  3  H     s   0.05789


 WORDS OF DYNAMIC MEMORY USED IN VB2000 CODE ONLY:       10860

 STATISTICS OF CPU TIMES (SECONDS)
 CPU TIME FOR INITIALIZATION        0.002
 CPU TIME FOR MACROITERATION        9.515
 TOTAL CPU TIME                     9.516

