
 **************************************************************
 *                                                            *
 *                        V B 2 0 0 0                         *
 *                                                            *
 * An ab initio Valence-Bond Program Based on the Generalized *
 *    Product Function Method and the Algebrant Algorithm     *
 *                                                            *
 *                  Version 2.8 November 2017                 *
 *                     Stand-alone Version                    *
 *                      Compiler GFORTRAN                     *
 *                                                            *
 *     Memory = 12500000 for MAP file up to 16 electrons      *
 *                                                            *
 *         Jiabo Li*, Brian Duke** and Roy McWeeny***         *
 *                                                            *
 *        * SciNet Technologies, 9943 Fieldthorn St.,         *
 *                   San Diego, CA 92127, USA                 *
 *                                                            *
 *  ** Monash University Institute of Pharmaceutical Sciences,*
 *          Monash University, 381 Royal Pde, Parkville,      *
 *                    Victoria, 3052, Australia               *
 *                                                            *
 *      *** Department of Chemistry, University of Pisa,      *
 *                       56100 Pisa, Italy                    *
 *                                                            *
 *  Reference for the software:                               *
 *     Jiabo Li, Brian Duke, and Roy McWeeny, VB2000 Version  *
 *     2.8, SciNet Technologies, San Diego, CA, 2013          *
 *     URL: http://www.scinetec.com or http://www.vb2000.net  *
 *                                                            *
 *  References for the theory:                                *
 *     General:                                               *
 *     Jiabo Li, and Roy McWeeny, "VB2000: Pushing Valence    *
 *     Bond Theory to New Limits", Int. J. Quantum Chem.,     *
 *     89(2002)208-216.                                       *
 *                                                            *
 *     Spin densities:-                                       *
 *     Jiabo Li, Brian J. Duke, Thomas M. Klapoetke, and Roy  *
 *     McWeeny, Spin-Density of Spin-Free Valence Bond Wave   *
 *     Functions and Its Implementation in VB2000. J. Theor.  *
 *     Comp. Chem. 7(2008)853-867.                            *
 *                                                            *
 *     Spin coupled - n electrons in m orbitals:-             *
 *     Peter B. Karadakov, David L. Cooper, Brian J. Duke,    *
 *     and Jiabo Li, Spin-Coupled Theory for N Electrons in   *
 *     M Orbitals Active Spaces,  J. Phys. Chem. A, 116,      *
 *     7238 - 7244, 2012                                      *
 *                                                            *
 *     Copyright (C) 2018 GNU General Public License          *
 **************************************************************

 JOB NAME IS h2olocal                                                        

 VB2000 DIRECTORY IS: .                                                                               
 MAXIMUM DYNAMIC MEMORY IS:        6500000

 Input of molecule
 =================
 #! VB(4)/CC-PVDZ PRINTALL                                                       
                                                                                 
 Title: TEST H2O                                                                        

 Charge =  0 Multiplicity =  1

 BASIS SET FILE IS: ./BASET/cc-pVDZ                                                                 

 Cartesian coordinates of atoms in Angstrom
 ----------------------------------------------------
                    X             Y             Z   

  O     8.0      0.000000      0.000000      0.000000
  H     1.0      0.801842      0.000000      0.555582
  H     1.0     -0.801842      0.000000      0.555582
 ----------------------------------------------------

 Total number of two-electron integrals =        25620
 Time for integral evaluation                    0.022

 SKIPPED INTEGRALS =                             23683
 Number of iter =     20, DMAX =        0.000008547425
 Final Hartree-Fock Energy =          -76.024351732446

 Molecular orbitals by HF method
 ===============================================================================
 MO#                       1         2         3         4         5         6
 E(a.u.)             -20.551    -1.323    -0.700    -0.551    -0.490     0.181
 -------------------------------------------------------------------------------

   1  1  O     s    -1.00098   0.00802   0.00000   0.00238   0.00000   0.05679
   2  1  O     s    -0.00206  -0.44344   0.00000  -0.14454  -0.00000  -0.08478
   3  1  O     s     0.00114  -0.38746   0.00000  -0.34076  -0.00000  -1.06437
   4  1  O     x    -0.00000   0.00000  -0.48446  -0.00000   0.00000  -0.00000
   5  1  O     y    -0.00000  -0.00000  -0.00000  -0.00000   0.63106  -0.00000
   6  1  O     z    -0.00154  -0.07079  -0.00000   0.55171   0.00000  -0.18904
   7  1  O     x     0.00000  -0.00000  -0.21715  -0.00000  -0.00000  -0.00000
   8  1  O     y    -0.00000  -0.00000  -0.00000  -0.00000   0.49762   0.00000
   9  1  O     z     0.00044   0.00877  -0.00000   0.38237   0.00000  -0.33395
  10  1  O    xx     0.00108  -0.00578  -0.00000   0.00300   0.00000   0.02660
  11  1  O    yy     0.00119   0.00026   0.00000  -0.00596  -0.00000   0.04026
  12  1  O    zz     0.00116  -0.00354  -0.00000   0.02384   0.00000   0.02445
  13  1  O    xy     0.00000   0.00000   0.00000   0.00000   0.00000   0.00000
  14  1  O    xz    -0.00000   0.00000  -0.02503  -0.00000   0.00000  -0.00000
  15  1  O    yz    -0.00000  -0.00000  -0.00000  -0.00000   0.01730  -0.00000
  16  2  H     s     0.00009  -0.18307  -0.32775   0.19665   0.00000   0.07225
  17  2  H     s    -0.00022  -0.01186  -0.08897   0.04666  -0.00000   0.83420
  18  2  H     x    -0.00038   0.03671   0.02612  -0.02896  -0.00000  -0.01232
  19  2  H     y     0.00000   0.00000   0.00000   0.00000   0.02997   0.00000
  20  2  H     z    -0.00029   0.01731   0.03100   0.00989   0.00000  -0.01179
  21  3  H     s     0.00009  -0.18307   0.32775   0.19665   0.00000   0.07225
  22  3  H     s    -0.00022  -0.01186   0.08897   0.04666   0.00000   0.83420
  23  3  H     x     0.00038  -0.03671   0.02612   0.02896   0.00000   0.01232
  24  3  H     y     0.00000   0.00000   0.00000   0.00000   0.02997   0.00000
  25  3  H     z    -0.00029   0.01731  -0.03100   0.00989   0.00000  -0.01179

 MO#                       7         8         9        10
 E(a.u.)               0.253     0.798     0.810     1.159
 -------------------------------------------------------------------------------

   1  1  O     s    -0.00000  -0.00000   0.05691   0.01233
   2  1  O     s    -0.00000  -0.00000   0.23839   0.09812
   3  1  O     s     0.00000   0.00000  -0.23123   0.57172
   4  1  O     x    -0.28554   0.29362   0.00000   0.00000
   5  1  O     y     0.00000  -0.00000   0.00000  -0.00000
   6  1  O     z     0.00000  -0.00000   0.27959  -0.78898
   7  1  O     x    -0.67781   0.41880  -0.00000  -0.00000
   8  1  O     y     0.00000   0.00000  -0.00000   0.00000
   9  1  O     z     0.00000   0.00000   0.06517   1.21139
  10  1  O    xx     0.00000   0.00000  -0.09947   0.04330
  11  1  O    yy    -0.00000  -0.00000   0.08383   0.03242
  12  1  O    zz     0.00000  -0.00000   0.01043   0.05273
  13  1  O    xy     0.00000   0.00000   0.00000   0.00000
  14  1  O    xz    -0.02022  -0.11036  -0.00000   0.00000
  15  1  O    yz    -0.00000   0.00000   0.00000   0.00000
  16  2  H     s     0.02568  -0.93900  -0.83714  -0.44132
  17  2  H     s     1.38415   0.69185   0.55338  -0.11867
  18  2  H     x    -0.02058  -0.07197  -0.26542   0.12181
  19  2  H     y     0.00000   0.00000   0.00000   0.00000
  20  2  H     z    -0.01550  -0.16306  -0.02719   0.24133
  21  3  H     s    -0.02568   0.93900  -0.83714  -0.44132
  22  3  H     s    -1.38415  -0.69185   0.55338  -0.11867
  23  3  H     x    -0.02058  -0.07197   0.26542  -0.12181
  24  3  H     y    -0.00000   0.00000   0.00000   0.00000
  25  3  H     z     0.01550   0.16306  -0.02719   0.24133


                    PARAMETER LIMIT VALUES
 Max. no. of atoms                    MAXCEN =    200
 Max. no. of basis functions          MAXBFN =   1350
 Max. no. of shells                   MAXSHL =    500
 Max. no. of total primitives         MAXEXP =   4400
 Max. no. of primitives per orbital   MAXPRM =     15
 Max. no. of atoms * no. of orbitals  MAXNAB = 135000
 Increase max basis set size by       NEXTRA =     20
 Max. size for Rumer data             MAXST1 = 120000
 Max. no. of orbitals in group        MAXNOB =    200
 Max. no. of CUBE orbitals            MAXCUB =    100
 Max. no. of groups                   MAXGRP =     49
 BRILLMASK array sizes                MAXBLL =  12500

 VBO LIB IS: ./VBOLIB/VBOLIBCCPVDZ                                                           

 Localized molecular orbitals and the bond labels
 ===============================================================================
 LMO#                      1         2         3         4         5
 E(a.u.)             -19.408    -1.909    -0.490    -0.905    -0.905
 Bond Label            1:(0)     1:(1)     1:(2)    2-1(1)    3-1(1)
 -------------------------------------------------------------------------------

   1  1  O     s    -0.97313  -0.22947   0.00001  -0.03465   0.03465
   2  1  O     s     0.10175  -0.36557   0.00001  -0.19176   0.19176
   3  1  O     s     0.12585  -0.48820   0.00001  -0.07767   0.07768
   4  1  O     x     0.00000  -0.00000  -0.00000  -0.34257  -0.34257
   5  1  O     y     0.00000   0.00001   0.63106   0.00000  -0.00000
   6  1  O     z    -0.07631   0.39555  -0.00001  -0.27121   0.27121
   7  1  O     x     0.00000  -0.00000  -0.00000  -0.15355  -0.15355
   8  1  O     y     0.00000   0.00001   0.49762   0.00000  -0.00000
   9  1  O     z    -0.06196   0.30721  -0.00000  -0.15503   0.15503
  10  1  O    xx     0.00162  -0.00064   0.00000  -0.00450   0.00450
  11  1  O    yy     0.00205  -0.00428   0.00000   0.00268  -0.00268
  12  1  O    zz    -0.00202   0.01711  -0.00000  -0.01195   0.01195
  13  1  O    xy     0.00000   0.00000   0.00000   0.00000   0.00000
  14  1  O    xz     0.00000  -0.00000  -0.00000  -0.01770  -0.01770
  15  1  O    yz     0.00000   0.00000   0.01730   0.00000  -0.00000
  16  2  H     s     0.00218   0.05184  -0.00000  -0.41816  -0.04535
  17  2  H     s    -0.00547   0.03011  -0.00000  -0.08919  -0.03663
  18  2  H     x    -0.00245  -0.00220   0.00000   0.05145  -0.01451
  19  2  H     y     0.00000   0.00000   0.02997   0.00000  -0.00000
  20  2  H     z    -0.00501   0.01754  -0.00000   0.02761   0.01623
  21  3  H     s     0.00218   0.05184  -0.00000   0.04535   0.41816
  22  3  H     s    -0.00547   0.03011  -0.00000   0.03663   0.08919
  23  3  H     x     0.00245   0.00220  -0.00000  -0.01451   0.05145
  24  3  H     y     0.00000   0.00000   0.02997   0.00000  -0.00000
  25  3  H     z    -0.00501   0.01754  -0.00000  -0.01623  -0.02761


 Mulliken population of localized molecular orbitals
 ===============================================================================
 LMO#                      1         2         3         4         5
 E(a.u.)             -19.408    -1.909    -0.490    -0.905    -0.905
 Bond Label            1:(0)     1:(1)     1:(2)    2-1(1)    3-1(1)
 -------------------------------------------------------------------------------

   1         O       2.00065   2.02871   1.95912   1.17571   1.17571
   2         H      -0.00032  -0.01435   0.02044   0.83151  -0.00722
   3         H      -0.00032  -0.01435   0.02044  -0.00722   0.83151


 PARTITIONING OF LMOs INTO GROUPS ($LMOGRPMODIFY)
 ================================================
 LMO#     1  2  3  4  5
 Group#   1  1  1  2  2
 Split    0  0  0  1  1


 Initial guess of orbitals
 ===============================================================================
 ORBITAL#                  1         2         3         4         5         6
 Bond Label            1:(0)     1:(1)     1:(2)   1->2(1)   2->1(1)   1->3(1)
 -------------------------------------------------------------------------------

   1  1  O     s    -0.97313  -0.22947   0.00001   0.07714  -0.02306   0.07714
   2  1  O     s     0.10175  -0.36557   0.00001   0.32271  -0.04912   0.32271
   3  1  O     s     0.12585  -0.48820   0.00001   0.12455  -0.06552   0.12455
   4  1  O     x     0.00000  -0.00000  -0.00000   0.63468  -0.00000  -0.63468
   5  1  O     y     0.00000   0.00001   0.63106  -0.00000  -0.00000  -0.00000
   6  1  O     z    -0.07631   0.39555  -0.00001   0.40041   0.05289   0.40041
   7  1  O     x     0.00000  -0.00000  -0.00000   0.23153  -0.00000  -0.23153
   8  1  O     y     0.00000   0.00001   0.49762  -0.00000  -0.00000  -0.00000
   9  1  O     z    -0.06196   0.30721  -0.00000   0.12991   0.04110   0.12991
  10  1  O    xx     0.00162  -0.00064   0.00000   0.00004  -0.00010   0.00004
  11  1  O    yy     0.00205  -0.00428   0.00000   0.00041  -0.00058   0.00041
  12  1  O    zz    -0.00202   0.01711  -0.00000  -0.00172   0.00228  -0.00172
  13  1  O    xy     0.00000   0.00000   0.00000  -0.00000   0.00000  -0.00000
  14  1  O    xz     0.00000  -0.00000  -0.00000   0.00000  -0.00000   0.00000
  15  1  O    yz     0.00000   0.00000   0.01730  -0.00000  -0.00000  -0.00000
  16  2  H     s     0.00218   0.05184  -0.00000  -0.00532   0.83251  -0.00532
  17  2  H     s    -0.00547   0.03011  -0.00000  -0.00300   0.24823  -0.00300
  18  2  H     x    -0.00245  -0.00220   0.00000   0.00026  -0.00027   0.00026
  19  2  H     y     0.00000   0.00000   0.02997  -0.00000  -0.00000  -0.00000
  20  2  H     z    -0.00501   0.01754  -0.00000  -0.00172   0.00236  -0.00172
  21  3  H     s     0.00218   0.05184  -0.00000  -0.00532   0.00684  -0.00532
  22  3  H     s    -0.00547   0.03011  -0.00000  -0.00300   0.00402  -0.00300
  23  3  H     x     0.00245   0.00220  -0.00000  -0.00026   0.00027  -0.00026
  24  3  H     y     0.00000   0.00000   0.02997  -0.00000  -0.00000  -0.00000
  25  3  H     z    -0.00501   0.01754  -0.00000  -0.00172   0.00236  -0.00172

 ORBITAL#                  7
 Bond Label          3->1(1)
 -------------------------------------------------------------------------------

   1  1  O     s    -0.02306
   2  1  O     s    -0.04912
   3  1  O     s    -0.06552
   4  1  O     x    -0.00000
   5  1  O     y    -0.00000
   6  1  O     z     0.05289
   7  1  O     x    -0.00000
   8  1  O     y    -0.00000
   9  1  O     z     0.04110
  10  1  O    xx    -0.00010
  11  1  O    yy    -0.00058
  12  1  O    zz     0.00228
  13  1  O    xy     0.00000
  14  1  O    xz    -0.00000
  15  1  O    yz    -0.00000
  16  2  H     s     0.00684
  17  2  H     s     0.00402
  18  2  H     x    -0.00027
  19  2  H     y    -0.00000
  20  2  H     z     0.00236
  21  3  H     s     0.83251
  22  3  H     s     0.24823
  23  3  H     x     0.00027
  24  3  H     y    -0.00000
  25  3  H     z     0.00236


      GENERAL CONTROLS ($GENCTL)
 ======================================
 Number of electron groups       =    2
 Maximum macro-iterations        =   30
 Energy threshold           = 10**(- 6)
 Restart calculation(0/1/2)      =    0
 Group#                     1  2
 Num. of electrons          6  4
 Num. of spins              0  0
 Num. of orbitals           3  4
 Method#                    1  2

 SYMBOLIC VB STRUCTURE(S) OF GROUP  2
 STR. NO.       RUMER PATTERN  
    1           1  2   3  4
    2           1  1   3  4
    3           3  3   1  2
    4           2  2   3  4
    5           4  4   1  2

 CALCULATE INITIAL STRUCTURE COEFFICIENTS

 OVERLAP MATRIX OF VB ORBITALS FOR GROUP   2

        1      2      3      4
 ===============================
   1 1.0000
   2 0.5098 1.0000
   3-0.2075 0.0151 1.0000
   4 0.0151 0.1942 0.5098 1.0000

 EIGENVALUES OF OVERLAP MATRIX OF VB ORBITALS
 ============================================
     0.4313D+00    0.4728D+00    0.1541D+01    0.1555D+01

 MAP FILE IS: ./MAP/MAP0400t                                                                  

 VB-ORBITAL OPTIMIZATION OF GROUP  2 ...
 $DPWEIGHT IS            0.100D+00

 $LENHANCE APPLIES WITH   4 CONDITIONS
 GROUP =  2  ITER =  1 CMAX =  0.15000000000000
 GROUP =  2  ITER =  2 CMAX =  0.06966067224803
 GROUP =  2  ITER =  3 CMAX =  0.01041778950459
 GROUP =  2  ITER =  4 CMAX =  0.00059346361441

 ENERGY AND DIFF OF MACROITER    1 =    -76.0121236475    -76.0121236475

 VB-ORBITAL OPTIMIZATION OF GROUP  2 ...
 GROUP =  2  ITER =  1 CMAX =  0.02597609597505
 GROUP =  2  ITER =  2 CMAX =  0.00803271565794
 GROUP =  2  ITER =  3 CMAX =  0.00035831034987

 ENERGY AND DIFF OF MACROITER    2 =    -76.0658332588     -0.0537096113

 VB-ORBITAL OPTIMIZATION OF GROUP  2 ...
 GROUP =  2  ITER =  1 CMAX =  0.01440370850521
 GROUP =  2  ITER =  2 CMAX =  0.00362661616031
 GROUP =  2  ITER =  3 CMAX =  0.00035057198889

 ENERGY AND DIFF OF MACROITER    3 =    -76.0665144265     -0.0006811677

 VB-ORBITAL OPTIMIZATION OF GROUP  2 ...
 GROUP =  2  ITER =  1 CMAX =  0.00637000407766
 GROUP =  2  ITER =  2 CMAX =  0.00185032244114
 GROUP =  2  ITER =  3 CMAX =  0.00010534374862

 ENERGY AND DIFF OF MACROITER    4 =    -76.0666385320     -0.0001241055

 VB-ORBITAL OPTIMIZATION OF GROUP  2 ...
 GROUP =  2  ITER =  1 CMAX =  0.00330841230548
 GROUP =  2  ITER =  2 CMAX =  0.00091896542445

 ENERGY AND DIFF OF MACROITER    5 =    -76.0665079229      0.0001306090

 VB-ORBITAL OPTIMIZATION OF GROUP  2 ...
 GROUP =  2  ITER =  1 CMAX =  0.00157909078698
 GROUP =  2  ITER =  2 CMAX =  0.00069108071404

 ENERGY AND DIFF OF MACROITER    6 =    -76.0664851884      0.0000227345

 VB-ORBITAL OPTIMIZATION OF GROUP  2 ...
 GROUP =  2  ITER =  1 CMAX =  0.00109912719810
 GROUP =  2  ITER =  2 CMAX =  0.00064133343170

 ENERGY AND DIFF OF MACROITER    7 =    -76.0664186028      0.0000665856

 VB-ORBITAL OPTIMIZATION OF GROUP  2 ...
 GROUP =  2  ITER =  1 CMAX =  0.00062479311918

 ENERGY AND DIFF OF MACROITER    8 =    -76.0663974110      0.0000211918

 VB-ORBITAL OPTIMIZATION OF GROUP  2 ...
 GROUP =  2  ITER =  1 CMAX =  0.00058695087600

 ENERGY AND DIFF OF MACROITER    9 =    -76.0663638063      0.0000336047

 VB-ORBITAL OPTIMIZATION OF GROUP  2 ...
 GROUP =  2  ITER =  1 CMAX =  0.00040902264779

 ENERGY AND DIFF OF MACROITER   10 =    -76.0663589792      0.0000048271

 VB-ORBITAL OPTIMIZATION OF GROUP  2 ...
 GROUP =  2  ITER =  1 CMAX =  0.00045060417156

 ENERGY AND DIFF OF MACROITER   11 =    -76.0663406990      0.0000182802

 VB-ORBITAL OPTIMIZATION OF GROUP  2 ...
 GROUP =  2  ITER =  1 CMAX =  0.00025281978915

 ENERGY AND DIFF OF MACROITER   12 =    -76.0663399092      0.0000007898

 VB-ORBITAL OPTIMIZATION OF GROUP  2 ...
 GROUP =  2  ITER =  1 CMAX =  0.00032820576306

 DELOCALIZATION FOR VB ORBITALS OF GROUP  2
 =============================================
 VBO INDEX =  1 DELOCALIZATION =   0.00614
 VBO INDEX =  2 DELOCALIZATION =   0.00963
 VBO INDEX =  3 DELOCALIZATION =   0.00614
 VBO INDEX =  4 DELOCALIZATION =   0.00963

 OVERLAP MATRIX OF VB ORBITALS FOR GROUP   2

        1      2      3      4
 ===============================
   1 1.0000
   2 0.6942 1.0000
   3 0.2581 0.1753 1.0000
   4 0.1753 0.1495 0.6942 1.0000

 EIGENVALUES OF OVERLAP MATRIX OF VB ORBITALS
 ============================================
     0.2745D+00    0.3326D+00    0.1318D+01    0.2075D+01

 ====Normalized structure coefficients====
 -0.4476 -0.3171 -0.3171 -0.0068 -0.0068

 ====Mulliken Weight (Chirgwin-Coulson)====
  0.4315  0.2794  0.2794  0.0049  0.0049

 ====Inverse Overlap Weight (Gallup-Norbeck)====
  0.1227  0.4384  0.4384  0.0002  0.0002

 ====Lowdin Weight====
  0.1933  0.3060  0.3060  0.0974  0.0974

 ====Hiberty Weight====
  0.4990  0.2504  0.2504  0.0001  0.0001


 ENERGY AND DIFF OF MACROITER   13 =    -76.0663293313      0.0000105779

 MULLIKEN CHARGES ON ATOMS
 -------------------------
  ATOM             CHARGE 

    1            -0.36218
    2             0.18109
    3             0.18109

 -------------------------


 ORBITALS OF EACH ELECTRON GROUP IN AO BASIS: ORBITAL(GROUP)
 ===========================================================================
    Orbital#             1         2         3         4         5         6
      Group#             1         1         1         2         2         2
 ---------------------------------------------------------------------------
  AO# LABELS
   1  1  O     s  -0.89611   0.44588   0.00001   0.04918  -0.04583   0.04918
   2  1  O     s   0.16194   0.30912  -0.00000   0.37115  -0.01448   0.37115
   3  1  O     s   0.22603   0.43593  -0.00000   0.22578  -0.04721   0.22578
   4  1  O     x   0.00000  -0.00001  -0.00000   0.45552  -0.00563  -0.45551
   5  1  O     y   0.00001   0.00000   0.62990  -0.00000  -0.00000  -0.00000
   6  1  O     z  -0.19225  -0.39443   0.00000   0.38754   0.02189   0.38755
   7  1  O     x   0.00000  -0.00000  -0.00000   0.18798   0.02332  -0.18798
   8  1  O     y   0.00001   0.00000   0.49904  -0.00000   0.00000  -0.00000
   9  1  O     z  -0.14648  -0.30022   0.00000   0.19632   0.03575   0.19633
  10  1  O    xx   0.00130  -0.00030  -0.00000   0.01068  -0.00382   0.01068
  11  1  O    yy   0.00344   0.00430  -0.00000  -0.02441   0.02822  -0.02441
  12  1  O    zz  -0.00698  -0.01724   0.00000   0.00747   0.01468   0.00747
  13  1  O    xy   0.00000   0.00000   0.00000   0.00000  -0.00000  -0.00000
  14  1  O    xz   0.00000  -0.00000  -0.00000   0.04168  -0.02585  -0.04168
  15  1  O    yz   0.00000   0.00000   0.01729   0.00000  -0.00000   0.00000
  16  2  H     s  -0.02942  -0.07214   0.00000   0.07438   0.87492  -0.00901
  17  2  H     s  -0.01487  -0.03063   0.00000   0.00117   0.17048  -0.00461
  18  2  H     x   0.00128   0.00555  -0.00000  -0.01054  -0.09306  -0.01358
  19  2  H     y   0.00000   0.00000   0.02973  -0.00000   0.00000  -0.00000
  20  2  H     z  -0.00823  -0.01523   0.00000  -0.00396  -0.04613   0.00251
  21  3  H     s  -0.02942  -0.07214   0.00000  -0.00901   0.01617   0.07438
  22  3  H     s  -0.01487  -0.03063   0.00000  -0.00461  -0.04282   0.00117
  23  3  H     x  -0.00128  -0.00555   0.00000   0.01358   0.02331   0.01054
  24  3  H     y   0.00000   0.00000   0.02973  -0.00000   0.00000  -0.00000
  25  3  H     z  -0.00823  -0.01523   0.00000   0.00251   0.02102  -0.00396

 ===========================================================================
    Orbital#             7
      Group#             2
 ---------------------------------------------------------------------------
  AO# LABELS
   1  1  O     s  -0.04584
   2  1  O     s  -0.01448
   3  1  O     s  -0.04721
   4  1  O     x   0.00563
   5  1  O     y  -0.00000
   6  1  O     z   0.02189
   7  1  O     x  -0.02332
   8  1  O     y   0.00000
   9  1  O     z   0.03575
  10  1  O    xx  -0.00382
  11  1  O    yy   0.02822
  12  1  O    zz   0.01468
  13  1  O    xy   0.00000
  14  1  O    xz   0.02586
  15  1  O    yz  -0.00000
  16  2  H     s   0.01618
  17  2  H     s  -0.04282
  18  2  H     x  -0.02331
  19  2  H     y   0.00000
  20  2  H     z   0.02102
  21  3  H     s   0.87492
  22  3  H     s   0.17048
  23  3  H     x   0.09306
  24  3  H     y   0.00000
  25  3  H     z  -0.04613

 WRITING VEC & ORB FILE FOR PLTORB ANALYSIS
 VEC FILE IS USEFUL FOR MacMolPlt IMPORT.


 CUBE FILE HEADERS

 water local                             
 SCF Molecular Orbitals
  -3   -7.515262   -6.000000   -6.000000
  64    0.238580    0.000000    0.000000
  64    0.000000    0.190476    0.000000
  64    0.000000    0.000000    0.207141
   8    8.000000    0.000000    0.000000    0.000000
   1    1.000000    1.515262    0.000000    1.049898
   1    1.000000   -1.515262    0.000000    1.049898
   1   4


 NORMALIZATION OF ORBITAL  4 IS:    0.998167
 CUBE FILE FOR ORBITAL   4 CREATED AS h2olocal-orb-004.cube                                           

 NORMALIZATION OF ORBITAL  5 IS:    0.999870
 CUBE FILE FOR ORBITAL   5 CREATED AS h2olocal-orb-005.cube                                           

 NORMALIZATION OF ORBITAL  6 IS:    0.998167
 CUBE FILE FOR ORBITAL   6 CREATED AS h2olocal-orb-006.cube                                           

 NORMALIZATION OF ORBITAL  7 IS:    0.999870
 CUBE FILE FOR ORBITAL   7 CREATED AS h2olocal-orb-007.cube                                           

 TIME FOR CUBE =   1.569

 WORDS OF DYNAMIC MEMORY USED IN VB2000 CODE ONLY:       71358

 STATISTICS OF CPU TIMES (SECONDS)
 CPU TIME FOR INITIALIZATION        0.020
 CPU TIME FOR MACROITERATION        2.097
 TOTAL CPU TIME                     2.117

