
 **************************************************************
 *                                                            *
 *                        V B 2 0 0 0                         *
 *                                                            *
 * An ab initio Valence-Bond Program Based on the Generalized *
 *    Product Function Method and the Algebrant Algorithm     *
 *                                                            *
 *                  Version 2.8 November 2017                 *
 *                     Stand-alone Version                    *
 *                      Compiler GFORTRAN                     *
 *                                                            *
 *     Memory = 12500000 for MAP file up to 16 electrons      *
 *                                                            *
 *         Jiabo Li*, Brian Duke** and Roy McWeeny***         *
 *                                                            *
 *        * SciNet Technologies, 9943 Fieldthorn St.,         *
 *                   San Diego, CA 92127, USA                 *
 *                                                            *
 *  ** Monash University Institute of Pharmaceutical Sciences,*
 *          Monash University, 381 Royal Pde, Parkville,      *
 *                    Victoria, 3052, Australia               *
 *                                                            *
 *      *** Department of Chemistry, University of Pisa,      *
 *                       56100 Pisa, Italy                    *
 *                                                            *
 *  Reference for the software:                               *
 *     Jiabo Li, Brian Duke, and Roy McWeeny, VB2000 Version  *
 *     2.8, SciNet Technologies, San Diego, CA, 2013          *
 *     URL: http://www.scinetec.com or http://www.vb2000.net  *
 *                                                            *
 *  References for the theory:                                *
 *     General:                                               *
 *     Jiabo Li, and Roy McWeeny, "VB2000: Pushing Valence    *
 *     Bond Theory to New Limits", Int. J. Quantum Chem.,     *
 *     89(2002)208-216.                                       *
 *                                                            *
 *     Spin densities:-                                       *
 *     Jiabo Li, Brian J. Duke, Thomas M. Klapoetke, and Roy  *
 *     McWeeny, Spin-Density of Spin-Free Valence Bond Wave   *
 *     Functions and Its Implementation in VB2000. J. Theor.  *
 *     Comp. Chem. 7(2008)853-867.                            *
 *                                                            *
 *     Spin coupled - n electrons in m orbitals:-             *
 *     Peter B. Karadakov, David L. Cooper, Brian J. Duke,    *
 *     and Jiabo Li, Spin-Coupled Theory for N Electrons in   *
 *     M Orbitals Active Spaces,  J. Phys. Chem. A, 116,      *
 *     7238 - 7244, 2012                                      *
 *                                                            *
 *     Copyright (C) 2018 GNU General Public License          *
 **************************************************************

 JOB NAME IS h4scvb                                                          

 VB2000 DIRECTORY IS: .                                                                               
 MAXIMUM DYNAMIC MEMORY IS:        6500000

 Input of molecule
 =================
 #! SCVB(4)/STO-3G PRINTALL                                                      
                                                                                 
 Title: TMM TRIPLET                                                                     

 Charge =  0 Multiplicity =  3

 BASIS SET FILE IS: ./BASET/STO-3G                                                                  

 Cartesian coordinates of atoms in Angstrom
 ----------------------------------------------------
                    X             Y             Z   

  H     1.0      0.000000      0.000000      0.000000
  H     1.0      0.000000      1.000000      0.000000
  H     1.0      0.866025     -0.500000      0.000000
  H     1.0     -0.866025     -0.500000      0.000000
 ----------------------------------------------------

 Total number of two-electron integrals =           55
 Time for integral evaluation                    0.001

 SKIPPED INTEGRALS =                                 0
 Number of iter =     10, DMAX =        0.000001418141
 Final Hartree-Fock Energy =           -1.623308060115

 Molecular orbitals by HF method
 ===============================================================================
 MO#                       1         2         3         4
 E(a.u.)              -0.647    -0.032    -0.032     0.795
 -------------------------------------------------------------------------------

   1  1  H     s     0.51302   0.00000   0.00000  -1.38571
   2  2  H     s     0.27685   0.00002   0.90288   0.67585
   3  3  H     s     0.27685  -0.78193  -0.45142   0.67585
   4  4  H     s     0.27685   0.78191  -0.45146   0.67585


                    PARAMETER LIMIT VALUES
 Max. no. of atoms                    MAXCEN =    200
 Max. no. of basis functions          MAXBFN =   1350
 Max. no. of shells                   MAXSHL =    500
 Max. no. of total primitives         MAXEXP =   4400
 Max. no. of primitives per orbital   MAXPRM =     15
 Max. no. of atoms * no. of orbitals  MAXNAB = 135000
 Increase max basis set size by       NEXTRA =     20
 Max. size for Rumer data             MAXST1 = 120000
 Max. no. of orbitals in group        MAXNOB =    200
 Max. no. of CUBE orbitals            MAXCUB =    100
 Max. no. of groups                   MAXGRP =     49
 BRILLMASK array sizes                MAXBLL =  12500

 VBO LIB IS: ./VBOLIB/VBOLIBSTO-nG                                                           

 Localized molecular orbitals and the bond labels
 ===============================================================================
 LMO#                      1         2         3
 E(a.u.)              -0.237    -0.237    -0.237
 Bond Label           3-1(1)    2-1(1)    4-1(1)
 -------------------------------------------------------------------------------

   1  1  H     s    -0.29619   0.29619   0.29619
   2  2  H     s     0.20876   0.89704  -0.20876
   3  3  H     s    -0.89704  -0.20876  -0.20876
   4  4  H     s     0.20876  -0.20876   0.89704


 Mulliken population of localized molecular orbitals
 ===============================================================================
 LMO#                      1         2         3
 E(a.u.)              -0.237    -0.237    -0.237
 Bond Label           3-1(1)    2-1(1)    4-1(1)
 -------------------------------------------------------------------------------

   1         H       0.31649   0.31649   0.31649
   2         H      -0.02659   1.73670  -0.02659
   3         H       1.73670  -0.02659  -0.02659
   4         H      -0.02659  -0.02659   1.73670

 WARNING: MELEK != MELE(K)

 PARTITIONING OF LMOs INTO GROUPS ($LMOGRPMODIFY)
 ================================================
 LMO#     1  2  3
 Group#   1  1  1
 Split    0  0  1


 Initial guess of orbitals
 ===============================================================================
 ORBITAL#                  1         2         3         4
 Bond Label          1->2(1)   2->1(1)   3->4(1)   4->3(1)
 -------------------------------------------------------------------------------

   1  1  H     s     1.00000   0.00000   0.00000   0.00000
   2  2  H     s    -0.00000   1.00000   0.00000  -0.00000
   3  3  H     s     0.00000   0.00000   1.00000  -0.00000
   4  4  H     s     0.00000   0.00000  -0.00000   1.00000


      GENERAL CONTROLS ($GENCTL)
 ======================================
 Number of electron groups       =    1
 Maximum macro-iterations        = 2000
 Energy threshold           = 10**(-10)
 Restart calculation(0/1/2)      =    0
 Group#                     1
 Num. of electrons          4
 Num. of spins              2
 Num. of orbitals           4
 Method#                    3

 SYMBOLIC VB STRUCTURE(S) OF GROUP  1
 STR. NO.       RUMER PATTERN  
    1           1  2   3  4
    2           1  3   2  4
    3           1  4   2  3


 OVERLAP MATRIX OF VB ORBITALS FOR GROUP   1

        1      2      3      4
 ===============================
   1 1.0000
   2 0.4965 1.0000
   3 0.4965 0.1822 1.0000
   4 0.4965 0.1822 0.1822 1.0000

 EIGENVALUES OF OVERLAP MATRIX OF VB ORBITALS
 ============================================
     0.3032D+00    0.8178D+00    0.8178D+00    0.2061D+01

 MAP FILE IS: ./MAP/MAP0402t                                                                  

 VB-ORBITAL OPTIMIZATION OF GROUP  1 ...
 $DPWEIGHT IS            0.100D+00

 $LENHANCE APPLIES WITH   4 CONDITIONS
 GROUP =  1  ITER =  1 CMAX =  0.07661229467415
 GROUP =  1  ITER =  2 CMAX =  0.04219641382853
 GROUP =  1  ITER =  3 CMAX =  0.01373516874789
 GROUP =  1  ITER =  4 CMAX =  0.00118685904639
 GROUP =  1  ITER =  5 CMAX =  0.00015834465093
 GROUP =  1  ITER =  6 CMAX =  0.00002207338382

 ENERGY AND DIFF OF MACROITER    1 =     -1.9787728828     -1.9787728828

 VB-ORBITAL OPTIMIZATION OF GROUP  1 ...
 GROUP =  1  ITER =  1 CMAX =  0.00000333738364

 ENERGY AND DIFF OF MACROITER    2 =     -1.9787731820     -0.0000002992

 VB-ORBITAL OPTIMIZATION OF GROUP  1 ...
 GROUP =  1  ITER =  1 CMAX =  0.00000069776433

 ENERGY AND DIFF OF MACROITER    3 =     -1.9787732426     -0.0000000606

 VB-ORBITAL OPTIMIZATION OF GROUP  1 ...
 GROUP =  1  ITER =  1 CMAX =  0.00000017743304

 ENERGY AND DIFF OF MACROITER    4 =     -1.9787732561     -0.0000000135

 VB-ORBITAL OPTIMIZATION OF GROUP  1 ...
 GROUP =  1  ITER =  1 CMAX =  0.00000005272339

 ENERGY AND DIFF OF MACROITER    5 =     -1.9787732595     -0.0000000034

 VB-ORBITAL OPTIMIZATION OF GROUP  1 ...
 GROUP =  1  ITER =  1 CMAX =  0.00000002157041

 ENERGY AND DIFF OF MACROITER    6 =     -1.9787732604     -0.0000000009

 VB-ORBITAL OPTIMIZATION OF GROUP  1 ...
 GROUP =  1  ITER =  1 CMAX =  0.00000000861681

 ENERGY AND DIFF OF MACROITER    7 =     -1.9787732607     -0.0000000003

 VB-ORBITAL OPTIMIZATION OF GROUP  1 ...
 GROUP =  1  ITER =  1 CMAX =  0.00000000340129

 ENERGY AND DIFF OF MACROITER    8 =     -1.9787732608     -0.0000000001

 VB-ORBITAL OPTIMIZATION OF GROUP  1 ...
 GROUP =  1  ITER =  1 CMAX =  0.00000000133440

 ENERGY AND DIFF OF MACROITER    9 =     -1.9787732608     -0.0000000000

 VB-ORBITAL OPTIMIZATION OF GROUP  1 ...
 GROUP =  1  ITER =  1 CMAX =  0.00000000052188

 DELOCALIZATION FOR VB ORBITALS OF GROUP  1
 =============================================
 VBO INDEX =  1 DELOCALIZATION =   0.03605
 VBO INDEX =  2 DELOCALIZATION =   0.01440
 VBO INDEX =  3 DELOCALIZATION =   0.01440
 VBO INDEX =  4 DELOCALIZATION =   0.01440

 OVERLAP MATRIX OF VB ORBITALS FOR GROUP   1

        1      2      3      4
 ===============================
   1 1.0000
   2 0.6312 1.0000
   3 0.6312 0.2591 1.0000
   4 0.6312 0.2591 0.2591 1.0000

 EIGENVALUES OF OVERLAP MATRIX OF VB ORBITALS
 ============================================
     0.1355D+00    0.7409D+00    0.7409D+00    0.2383D+01

 ====Normalized structure coefficients====
  0.3575 -0.3575  0.3575

 ====Mulliken Weight (Chirgwin-Coulson)====
  0.3333  0.3333  0.3333

 ====Inverse Overlap Weight (Gallup-Norbeck)====
  0.3333  0.3333  0.3333

 ====Lowdin Weight====
  0.3333  0.3333  0.3333

 ====Hiberty Weight====
  0.3333  0.3333  0.3333


 SPIN DENSITY ON ATOMS
 ---------------------
 ATOM      DENSITY

    1     -0.33152
    2      0.77717
    3      0.77717
    4      0.77717

 ---------------------


 ENERGY AND DIFF OF MACROITER   10 =     -1.9787732608     -0.0000000000

 MULLIKEN CHARGES ON ATOMS
 -------------------------
  ATOM             CHARGE 

    1             0.05160
    2            -0.01720
    3            -0.01720
    4            -0.01720

 -------------------------


 ORBITALS OF EACH ELECTRON GROUP IN AO BASIS: ORBITAL(GROUP)
 ===========================================================================
    Orbital#             1         2         3         4
      Group#             1         1         1         1
 ---------------------------------------------------------------------------
  AO# LABELS
   1  1  H     s   0.82539   0.11893   0.11893   0.11893
   2  2  H     s   0.10962   0.94064  -0.01121  -0.01121
   3  3  H     s   0.10962  -0.01121   0.94064  -0.01121
   4  4  H     s   0.10962  -0.01121  -0.01121   0.94064


 WORDS OF DYNAMIC MEMORY USED IN VB2000 CODE ONLY:         350

 STATISTICS OF CPU TIMES (SECONDS)
 CPU TIME FOR INITIALIZATION        0.003
 CPU TIME FOR MACROITERATION        0.042
 TOTAL CPU TIME                     0.045

