
 **************************************************************
 *                                                            *
 *                        V B 2 0 0 0                         *
 *                                                            *
 * An ab initio Valence-Bond Program Based on the Generalized *
 *    Product Function Method and the Algebrant Algorithm     *
 *                                                            *
 *                  Version 2.8 November 2017                 *
 *                     Stand-alone Version                    *
 *                      Compiler GFORTRAN                     *
 *                                                            *
 *     Memory = 12500000 for MAP file up to 16 electrons      *
 *                                                            *
 *         Jiabo Li*, Brian Duke** and Roy McWeeny***         *
 *                                                            *
 *        * SciNet Technologies, 9943 Fieldthorn St.,         *
 *                   San Diego, CA 92127, USA                 *
 *                                                            *
 *  ** Monash University Institute of Pharmaceutical Sciences,*
 *          Monash University, 381 Royal Pde, Parkville,      *
 *                    Victoria, 3052, Australia               *
 *                                                            *
 *      *** Department of Chemistry, University of Pisa,      *
 *                       56100 Pisa, Italy                    *
 *                                                            *
 *  Reference for the software:                               *
 *     Jiabo Li, Brian Duke, and Roy McWeeny, VB2000 Version  *
 *     2.8, SciNet Technologies, San Diego, CA, 2013          *
 *     URL: http://www.scinetec.com or http://www.vb2000.net  *
 *                                                            *
 *  References for the theory:                                *
 *     General:                                               *
 *     Jiabo Li, and Roy McWeeny, "VB2000: Pushing Valence    *
 *     Bond Theory to New Limits", Int. J. Quantum Chem.,     *
 *     89(2002)208-216.                                       *
 *                                                            *
 *     Spin densities:-                                       *
 *     Jiabo Li, Brian J. Duke, Thomas M. Klapoetke, and Roy  *
 *     McWeeny, Spin-Density of Spin-Free Valence Bond Wave   *
 *     Functions and Its Implementation in VB2000. J. Theor.  *
 *     Comp. Chem. 7(2008)853-867.                            *
 *                                                            *
 *     Spin coupled - n electrons in m orbitals:-             *
 *     Peter B. Karadakov, David L. Cooper, Brian J. Duke,    *
 *     and Jiabo Li, Spin-Coupled Theory for N Electrons in   *
 *     M Orbitals Active Spaces,  J. Phys. Chem. A, 116,      *
 *     7238 - 7244, 2012                                      *
 *                                                            *
 *     Copyright (C) 2018 GNU General Public License          *
 **************************************************************

 JOB NAME IS HCld95                                                          

 VB2000 DIRECTORY IS: .                                                                               
 MAXIMUM DYNAMIC MEMORY IS:        6500000

 CHECKING COMMANDS:   $NOCANONLP         MAY BE INCORRECT
 CHECKING COMMANDS:   $NOCANONPI         MAY BE INCORRECT
 Input of molecule
 =================
 #! VB(2)/D95 PRINTALL                                                           
                                                                                 
 Title: TEST HCL SINGLE BOND. TEST THE FIX FOR ILL CONDITION OF PM METHOD               

 Charge =  0 Multiplicity =  1

 BASIS SET FILE IS: ./BASET/D95                                                                     

 Cartesian coordinates of atoms in Angstrom
 ----------------------------------------------------
                    X             Y             Z   

  H     1.0      0.000000      0.000000      0.000000
 Cl    17.0      0.000000      0.000000      1.270000
 ----------------------------------------------------

 Total number of two-electron integrals =         5347
 Time for integral evaluation                    0.007

 SKIPPED INTEGRALS =                              9680
 Number of iter =     11, DMAX =        0.000004911133
 Final Hartree-Fock Energy =         -460.028982937434

 Molecular orbitals by HF method
 ===============================================================================
 MO#                       1         2         3         4         5         6
 E(a.u.)            -104.852   -10.575    -8.042    -8.038    -8.038    -1.127
 -------------------------------------------------------------------------------

   1  1  H     s     0.00001  -0.00035  -0.00018  -0.00000  -0.00000   0.15778
   2  1  H     s    -0.00005   0.00235   0.00167   0.00000  -0.00000   0.04043
   3  2 Cl     s     0.39708  -0.11700   0.00152   0.00000  -0.00000   0.03294
   4  2 Cl     s     0.67203  -0.33438   0.00443   0.00000  -0.00000   0.10058
   5  2 Cl     s     0.00827   0.55389  -0.00853  -0.00000   0.00000  -0.22017
   6  2 Cl     s     0.00057   0.56609  -0.00609  -0.00000   0.00000  -0.36490
   7  2 Cl     s    -0.00038   0.03775   0.00151  -0.00000  -0.00000   0.61749
   8  2 Cl     s     0.00017  -0.00956  -0.00158  -0.00000   0.00000   0.47865
   9  2 Cl     x     0.00000   0.00000   0.00000   0.09236   0.89387   0.00000
  10  2 Cl     y     0.00000  -0.00000   0.00000  -0.89387   0.09236   0.00000
  11  2 Cl     z    -0.00009  -0.01015  -0.89744   0.00000   0.00000   0.04105
  12  2 Cl     x    -0.00000   0.00000   0.00000   0.02276   0.22029  -0.00000
  13  2 Cl     y    -0.00000  -0.00000   0.00000  -0.22029   0.02276  -0.00000
  14  2 Cl     z     0.00003  -0.00372  -0.22284   0.00000   0.00000   0.00879
  15  2 Cl     x    -0.00000  -0.00000   0.00000   0.00226   0.02192  -0.00000
  16  2 Cl     y    -0.00000  -0.00000  -0.00000  -0.02192   0.00226   0.00000
  17  2 Cl     z    -0.00000  -0.00086  -0.02320   0.00000   0.00000  -0.09437
  18  2 Cl     x     0.00000   0.00000  -0.00000  -0.00027  -0.00258  -0.00000
  19  2 Cl     y     0.00000   0.00000   0.00000   0.00258  -0.00027  -0.00000
  20  2 Cl     z    -0.00003   0.00141   0.00370   0.00000  -0.00000  -0.04176

 MO#                       7         8         9        10        11        12
 E(a.u.)              -0.613    -0.475    -0.475     0.175     0.824     0.847
 -------------------------------------------------------------------------------

   1  1  H     s     0.29250   0.00000  -0.00000  -0.17563  -0.37016  -0.82228
   2  1  H     s     0.23515   0.00000  -0.00000  -1.52785  -0.28527   0.28096
   3  2 Cl     s    -0.01132  -0.00000   0.00000   0.00953  -0.02905   0.00303
   4  2 Cl     s    -0.03510  -0.00000   0.00000   0.02956  -0.08378   0.00999
   5  2 Cl     s     0.08188  -0.00000  -0.00000  -0.06907   0.13834  -0.02917
   6  2 Cl     s     0.11779   0.00000  -0.00000  -0.10384   0.58728  -0.01457
   7  2 Cl     s    -0.19444  -0.00000   0.00000   0.12733  -2.24515  -0.02940
   8  2 Cl     s    -0.31435  -0.00000   0.00000   0.82979   2.14902   0.13703
   9  2 Cl     x     0.00000  -0.01018   0.24492   0.00000   0.00000   0.00000
  10  2 Cl     y    -0.00000   0.24492   0.01018  -0.00000   0.00000   0.00000
  11  2 Cl     z     0.19715   0.00000  -0.00000   0.13871   0.07398  -0.17882
  12  2 Cl     x     0.00000  -0.00072   0.01741  -0.00000   0.00000   0.00000
  13  2 Cl     y    -0.00000   0.01741   0.00072   0.00000   0.00000   0.00000
  14  2 Cl     z     0.02144   0.00000  -0.00000   0.00411   0.01250  -0.07970
  15  2 Cl     x    -0.00000   0.02221  -0.53438  -0.00000  -0.00000  -0.00000
  16  2 Cl     y     0.00000  -0.53438  -0.02221  -0.00000  -0.00000  -0.00000
  17  2 Cl     z    -0.43402  -0.00000   0.00000  -0.28233  -0.23898   0.94819
  18  2 Cl     x    -0.00000   0.02423  -0.58288   0.00000   0.00000   0.00000
  19  2 Cl     y     0.00000  -0.58288  -0.02423   0.00000   0.00000   0.00000
  20  2 Cl     z    -0.31952  -0.00000   0.00000  -0.98165  -0.16076  -1.22243

 MO#                      13        14
 E(a.u.)               0.874     0.874
 -------------------------------------------------------------------------------

   1  1  H     s    -0.00000   0.00000
   2  1  H     s     0.00000  -0.00000
   3  2 Cl     s     0.00000   0.00000
   4  2 Cl     s     0.00000   0.00000
   5  2 Cl     s    -0.00000   0.00000
   6  2 Cl     s     0.00000  -0.00000
   7  2 Cl     s    -0.00000   0.00000
   8  2 Cl     s     0.00000  -0.00000
   9  2 Cl     x    -0.22109  -0.17608
  10  2 Cl     y    -0.17608   0.22109
  11  2 Cl     z    -0.00000   0.00000
  12  2 Cl     x    -0.06737  -0.05365
  13  2 Cl     y    -0.05365   0.06737
  14  2 Cl     z    -0.00000   0.00000
  15  2 Cl     x     0.99303   0.79086
  16  2 Cl     y     0.79086  -0.99303
  17  2 Cl     z     0.00000  -0.00000
  18  2 Cl     x    -0.92277  -0.73491
  19  2 Cl     y    -0.73491   0.92277
  20  2 Cl     z    -0.00000   0.00000


                    PARAMETER LIMIT VALUES
 Max. no. of atoms                    MAXCEN =    200
 Max. no. of basis functions          MAXBFN =   1350
 Max. no. of shells                   MAXSHL =    500
 Max. no. of total primitives         MAXEXP =   4400
 Max. no. of primitives per orbital   MAXPRM =     15
 Max. no. of atoms * no. of orbitals  MAXNAB = 135000
 Increase max basis set size by       NEXTRA =     20
 Max. size for Rumer data             MAXST1 = 120000
 Max. no. of orbitals in group        MAXNOB =    200
 Max. no. of CUBE orbitals            MAXCUB =    100
 Max. no. of groups                   MAXGRP =     49
 BRILLMASK array sizes                MAXBLL =  12500

 VBO LIB IS: ./VBOLIB/VBOLIBD95                                                              

 Localized molecular orbitals and the bond labels
 ===============================================================================
 LMO#                      1         2         3         4         5         6
 E(a.u.)            -104.783   -10.216    -8.038    -8.038    -8.008    -1.421
 Bond Label            2:(0)     2:(0)     2:(0)     2:(0)     2:(0)     2:(1)
 -------------------------------------------------------------------------------

   1  1  H     s    -0.00098  -0.01057   0.00000   0.00000  -0.00621  -0.02386
   2  1  H     s     0.00117   0.00992  -0.00000  -0.00000   0.00268  -0.08991
   3  2 Cl     s     0.39673  -0.12130  -0.00000  -0.00000  -0.00079   0.02118
   4  2 Cl     s     0.67101  -0.34832  -0.00000  -0.00000  -0.00272   0.05550
   5  2 Cl     s     0.01107   0.58905  -0.00001  -0.00001   0.00748  -0.12015
   6  2 Cl     s     0.00704   0.62985  -0.00001  -0.00001   0.02030  -0.25629
   7  2 Cl     s    -0.01691  -0.08879   0.00000   0.00000  -0.04350   0.61951
   8  2 Cl     s    -0.01393  -0.11734   0.00000   0.00000  -0.03906   0.55887
   9  2 Cl     x     0.00001   0.00001   0.09237   0.89387   0.00001   0.00000
  10  2 Cl     y    -0.00001  -0.00001  -0.89387   0.09237  -0.00001   0.00000
  11  2 Cl     z     0.00253   0.00686   0.00001   0.00001  -0.89489  -0.12990
  12  2 Cl     x     0.00000   0.00000   0.02276   0.22029   0.00000   0.00000
  13  2 Cl     y    -0.00000  -0.00000  -0.22029   0.02276  -0.00000   0.00000
  14  2 Cl     z     0.00047  -0.00097   0.00000   0.00000  -0.22255  -0.01915
  15  2 Cl     x    -0.00000  -0.00000   0.00226   0.02192  -0.00000  -0.00001
  16  2 Cl     y    -0.00001  -0.00000  -0.02193   0.00226  -0.00001  -0.00001
  17  2 Cl     z    -0.00177  -0.01102   0.00000   0.00000  -0.02367   0.14901
  18  2 Cl     x    -0.00001  -0.00000  -0.00027  -0.00259  -0.00001  -0.00001
  19  2 Cl     y    -0.00001  -0.00000   0.00258  -0.00027  -0.00001  -0.00001
  20  2 Cl     z    -0.00203  -0.01147   0.00000   0.00000   0.00143   0.13431

 LMO#                      7         8         9
 E(a.u.)              -0.475    -0.475    -0.782
 Bond Label            2:(2)     2:(3)    2-1(1)
 -------------------------------------------------------------------------------

   1  1  H     s     0.00000   0.00000   0.33126
   2  1  H     s     0.00000   0.00000   0.22079
   3  2 Cl     s    -0.00000  -0.00000   0.00464
   4  2 Cl     s    -0.00000  -0.00000   0.01209
   5  2 Cl     s    -0.00000  -0.00000  -0.02283
   6  2 Cl     s    -0.00000  -0.00000  -0.06835
   7  2 Cl     s    -0.00001  -0.00001   0.16330
   8  2 Cl     s    -0.00000  -0.00000  -0.01385
   9  2 Cl     x    -0.01019   0.24491  -0.00000
  10  2 Cl     y     0.24493   0.01019  -0.00000
  11  2 Cl     z     0.00001   0.00001   0.16822
  12  2 Cl     x    -0.00073   0.01740  -0.00000
  13  2 Cl     y     0.01741   0.00073  -0.00000
  14  2 Cl     z     0.00000   0.00000   0.01766
  15  2 Cl     x     0.02221  -0.53438   0.00000
  16  2 Cl     y    -0.53438  -0.02221   0.00000
  17  2 Cl     z    -0.00000  -0.00000  -0.41825
  18  2 Cl     x     0.02422  -0.58289   0.00000
  19  2 Cl     y    -0.58289  -0.02422   0.00000
  20  2 Cl     z    -0.00000  -0.00000  -0.29270


 Mulliken population of localized molecular orbitals
 ===============================================================================
 LMO#                      1         2         3         4         5         6
 E(a.u.)            -104.783   -10.216    -8.038    -8.038    -8.008    -1.421
 Bond Label            2:(0)     2:(0)     2:(0)     2:(0)     2:(0)     2:(1)
 -------------------------------------------------------------------------------

   1         H       0.00002   0.00099   0.00000   0.00000  -0.00006  -0.05652
   2        Cl       1.99998   1.99901   2.00000   2.00000   2.00006   2.05652

 LMO#                      7         8         9
 E(a.u.)              -0.475    -0.475    -0.782
 Bond Label            2:(2)     2:(3)    2-1(1)
 -------------------------------------------------------------------------------

   1         H      -0.00000  -0.00000   0.84415
   2        Cl       2.00000   2.00000   1.15585


 PARTITIONING OF LMOs INTO GROUPS ($LMOGRPMODIFY)
 ================================================
 LMO#     1  2  3  4  5  6  7  8  9
 Group#   1  1  1  1  1  1  1  1  2
 Split    0  0  0  0  0  0  0  0  1


 Initial guess of orbitals
 ===============================================================================
 ORBITAL#                  1         2         3         4         5         6
 Bond Label            2:(0)     2:(0)     2:(0)     2:(0)     2:(0)     2:(1)
 -------------------------------------------------------------------------------

   1  1  H     s    -0.00098  -0.01057   0.00000   0.00000  -0.00621  -0.02386
   2  1  H     s     0.00117   0.00992  -0.00000  -0.00000   0.00268  -0.08991
   3  2 Cl     s     0.39673  -0.12130  -0.00000  -0.00000  -0.00079   0.02118
   4  2 Cl     s     0.67101  -0.34832  -0.00000  -0.00000  -0.00272   0.05550
   5  2 Cl     s     0.01107   0.58905  -0.00001  -0.00001   0.00748  -0.12015
   6  2 Cl     s     0.00704   0.62985  -0.00001  -0.00001   0.02030  -0.25629
   7  2 Cl     s    -0.01691  -0.08879   0.00000   0.00000  -0.04350   0.61951
   8  2 Cl     s    -0.01393  -0.11734   0.00000   0.00000  -0.03906   0.55887
   9  2 Cl     x     0.00001   0.00001   0.09237   0.89387   0.00001   0.00000
  10  2 Cl     y    -0.00001  -0.00001  -0.89387   0.09237  -0.00001   0.00000
  11  2 Cl     z     0.00253   0.00686   0.00001   0.00001  -0.89489  -0.12990
  12  2 Cl     x     0.00000   0.00000   0.02276   0.22029   0.00000   0.00000
  13  2 Cl     y    -0.00000  -0.00000  -0.22029   0.02276  -0.00000   0.00000
  14  2 Cl     z     0.00047  -0.00097   0.00000   0.00000  -0.22255  -0.01915
  15  2 Cl     x    -0.00000  -0.00000   0.00226   0.02192  -0.00000  -0.00001
  16  2 Cl     y    -0.00001  -0.00000  -0.02193   0.00226  -0.00001  -0.00001
  17  2 Cl     z    -0.00177  -0.01102   0.00000   0.00000  -0.02367   0.14901
  18  2 Cl     x    -0.00001  -0.00000  -0.00027  -0.00259  -0.00001  -0.00001
  19  2 Cl     y    -0.00001  -0.00000   0.00258  -0.00027  -0.00001  -0.00001
  20  2 Cl     z    -0.00203  -0.01147   0.00000   0.00000   0.00143   0.13431

 ORBITAL#                  7         8         9        10
 Bond Label            2:(2)     2:(3)    2-1(1)    2-1(1)
 -------------------------------------------------------------------------------

   1  1  H     s     0.00000   0.00000  -0.00332   0.66590
   2  1  H     s     0.00000   0.00000  -0.01240   0.45680
   3  2 Cl     s    -0.00000  -0.00000   0.01004  -0.00352
   4  2 Cl     s    -0.00000  -0.00000   0.02629  -0.00933
   5  2 Cl     s    -0.00000  -0.00000  -0.05213   0.02077
   6  2 Cl     s    -0.00000  -0.00000  -0.14224   0.04462
   7  2 Cl     s    -0.00001  -0.00001   0.34143  -0.10863
   8  2 Cl     s    -0.00000  -0.00000   0.05522  -0.09798
   9  2 Cl     x    -0.01019   0.24491  -0.00000  -0.00000
  10  2 Cl     y     0.24493   0.01019  -0.00000  -0.00000
  11  2 Cl     z     0.00001   0.00001   0.24226   0.02750
  12  2 Cl     x    -0.00073   0.01740  -0.00000  -0.00000
  13  2 Cl     y     0.01741   0.00073  -0.00000  -0.00000
  14  2 Cl     z     0.00000   0.00000   0.02414   0.00453
  15  2 Cl     x     0.02221  -0.53438   0.00000   0.00000
  16  2 Cl     y    -0.53438  -0.02221   0.00000   0.00000
  17  2 Cl     z    -0.00000  -0.00000  -0.63554  -0.02606
  18  2 Cl     x     0.02422  -0.58289   0.00000   0.00000
  19  2 Cl     y    -0.58289  -0.02422   0.00000   0.00000
  20  2 Cl     z    -0.00000  -0.00000  -0.44055  -0.02361


      GENERAL CONTROLS ($GENCTL)
 ======================================
 Number of electron groups       =    2
 Maximum macro-iterations        =   12
 Energy threshold           = 10**(- 6)
 Restart calculation(0/1/2)      =    0
 Group#                     1  2
 Num. of electrons         16  2
 Num. of spins              0  0
 Num. of orbitals           8  2
 Method#                    1  2

 SYMBOLIC VB STRUCTURE(S) OF GROUP  2
 STR. NO.       RUMER PATTERN  
    1           1  2


 OVERLAP MATRIX OF VB ORBITALS FOR GROUP   2

        1      2
 =================
   1 1.0000
   2 0.5371 1.0000

 EIGENVALUES OF OVERLAP MATRIX OF VB ORBITALS
 ============================================
     0.4629D+00    0.1537D+01

 MAP FILE IS: ./MAP/MAP0200t                                                                  

 VB-ORBITAL OPTIMIZATION OF GROUP  2 ...
 GROUP =  2  ITER =  1 CMAX =  0.15000000000000
 GROUP =  2  ITER =  2 CMAX =  0.10850365032700
 GROUP =  2  ITER =  3 CMAX =  0.06203951616306
 GROUP =  2  ITER =  4 CMAX =  0.02409069725564
 GROUP =  2  ITER =  5 CMAX =  0.00280999324714
 GROUP =  2  ITER =  6 CMAX =  0.00066638974110

 ENERGY AND DIFF OF MACROITER    1 =   -460.0453406345   -460.0453406345

 VB-ORBITAL OPTIMIZATION OF GROUP  2 ...
 GROUP =  2  ITER =  1 CMAX =  0.01323140344596
 GROUP =  2  ITER =  2 CMAX =  0.00433105602740
 GROUP =  2  ITER =  3 CMAX =  0.00078165655676

 ENERGY AND DIFF OF MACROITER    2 =   -460.0474534516     -0.0021128171

 VB-ORBITAL OPTIMIZATION OF GROUP  2 ...
 GROUP =  2  ITER =  1 CMAX =  0.00769452435509
 GROUP =  2  ITER =  2 CMAX =  0.00237880988113
 GROUP =  2  ITER =  3 CMAX =  0.00021643107533

 ENERGY AND DIFF OF MACROITER    3 =   -460.0478537737     -0.0004003221

 VB-ORBITAL OPTIMIZATION OF GROUP  2 ...
 GROUP =  2  ITER =  1 CMAX =  0.00349496370310
 GROUP =  2  ITER =  2 CMAX =  0.00105424618736
 GROUP =  2  ITER =  3 CMAX =  0.00003967462701

 ENERGY AND DIFF OF MACROITER    4 =   -460.0479595213     -0.0001057475

 VB-ORBITAL OPTIMIZATION OF GROUP  2 ...
 GROUP =  2  ITER =  1 CMAX =  0.00142665558881
 GROUP =  2  ITER =  2 CMAX =  0.00040486097578

 ENERGY AND DIFF OF MACROITER    5 =   -460.0479765406     -0.0000170193

 VB-ORBITAL OPTIMIZATION OF GROUP  2 ...
 GROUP =  2  ITER =  1 CMAX =  0.00058771809870

 ENERGY AND DIFF OF MACROITER    6 =   -460.0479808040     -0.0000042634

 VB-ORBITAL OPTIMIZATION OF GROUP  2 ...
 GROUP =  2  ITER =  1 CMAX =  0.00041446019882

 ENERGY AND DIFF OF MACROITER    7 =   -460.0479818589     -0.0000010549

 VB-ORBITAL OPTIMIZATION OF GROUP  2 ...
 GROUP =  2  ITER =  1 CMAX =  0.00023537738912

 ENERGY AND DIFF OF MACROITER    8 =   -460.0479821591     -0.0000003003

 VB-ORBITAL OPTIMIZATION OF GROUP  2 ...
 GROUP =  2  ITER =  1 CMAX =  0.00013817714923

 OVERLAP MATRIX OF VB ORBITALS FOR GROUP   2

        1      2
 =================
   1 1.0000
   2 0.7923 1.0000

 EIGENVALUES OF OVERLAP MATRIX OF VB ORBITALS
 ============================================
     0.2077D+00    0.1792D+01

 ENERGY AND DIFF OF MACROITER    9 =   -460.0479822470     -0.0000000879

 MULLIKEN CHARGES ON ATOMS
 -------------------------
  ATOM             CHARGE 

    1             0.19240
    2            -0.19240

 -------------------------


 ORBITALS OF EACH ELECTRON GROUP IN AO BASIS: ORBITAL(GROUP)
 ===========================================================================
    Orbital#             1         2         3         4         5         6
      Group#             1         1         1         1         1         1
 ---------------------------------------------------------------------------
  AO# LABELS
   1  1  H     s   0.00128  -0.00522   0.00000   0.00000   0.00490   0.04444
   2  1  H     s  -0.00128   0.00905  -0.00000  -0.00000   0.00023  -0.04575
   3  2 Cl     s  -0.39636  -0.12053   0.00001   0.00001   0.00356   0.03075
   4  2 Cl     s  -0.66996  -0.34536   0.00001   0.00001   0.01070   0.08135
   5  2 Cl     s  -0.01292   0.57970  -0.00001  -0.00001  -0.02256  -0.16005
   6  2 Cl     s  -0.00945   0.61105  -0.00001  -0.00001  -0.02990  -0.30573
   7  2 Cl     s   0.01915  -0.04661   0.00001   0.00001   0.04324   0.64578
   8  2 Cl     s   0.01590  -0.08261   0.00001   0.00001   0.03341   0.55277
   9  2 Cl     x  -0.00001  -0.00001  -0.89462   0.08469  -0.00001   0.00000
  10  2 Cl     y  -0.00001  -0.00001  -0.08469  -0.89462  -0.00001   0.00001
  11  2 Cl     z   0.00092  -0.01196   0.00001   0.00001  -0.89594   0.02896
  12  2 Cl     x  -0.00000  -0.00000  -0.22048   0.02087  -0.00000   0.00000
  13  2 Cl     y  -0.00000  -0.00000  -0.02087  -0.22048  -0.00000   0.00000
  14  2 Cl     z   0.00039  -0.00515   0.00000   0.00000  -0.22220   0.01459
  15  2 Cl     x   0.00001   0.00001  -0.02195   0.00208   0.00001   0.00001
  16  2 Cl     y  -0.00000  -0.00000  -0.00208  -0.02196  -0.00000  -0.00000
  17  2 Cl     z   0.00166  -0.00962   0.00000   0.00000  -0.02264   0.05684
  18  2 Cl     x   0.00001   0.00001   0.00259  -0.00024   0.00001   0.00001
  19  2 Cl     y  -0.00000  -0.00000   0.00024   0.00258  -0.00000  -0.00000
  20  2 Cl     z   0.00188  -0.00785   0.00000   0.00000   0.00567   0.06345

 ===========================================================================
    Orbital#             7         8         9        10
      Group#             1         1         2         2
 ---------------------------------------------------------------------------
  AO# LABELS
   1  1  H     s  -0.00000  -0.00000   0.07048   0.57248
   2  1  H     s   0.00000   0.00000   0.07015   0.37512
   3  2 Cl     s   0.00000   0.00000   0.00395  -0.00238
   4  2 Cl     s   0.00001   0.00001   0.01180  -0.00799
   5  2 Cl     s  -0.00000  -0.00000  -0.02337   0.02431
   6  2 Cl     s  -0.00000  -0.00000  -0.04733   0.02131
   7  2 Cl     s  -0.00001  -0.00001   0.09389  -0.04081
   8  2 Cl     s  -0.00001  -0.00001  -0.01541  -0.24781
   9  2 Cl     x  -0.24066  -0.04686  -0.00000  -0.00000
  10  2 Cl     y  -0.04686   0.24068   0.00000   0.00000
  11  2 Cl     z   0.00001   0.00001   0.26577   0.12263
  12  2 Cl     x  -0.01714  -0.00334  -0.00000  -0.00000
  13  2 Cl     y  -0.00334   0.01715  -0.00000  -0.00000
  14  2 Cl     z   0.00000   0.00000   0.02581   0.01954
  15  2 Cl     x   0.52526   0.10229   0.00000   0.00000
  16  2 Cl     y   0.10229  -0.52526  -0.00000  -0.00000
  17  2 Cl     z  -0.00000  -0.00000  -0.61534  -0.21688
  18  2 Cl     x   0.57238   0.11146   0.00000   0.00000
  19  2 Cl     y   0.11146  -0.57238  -0.00000  -0.00000
  20  2 Cl     z  -0.00000  -0.00000  -0.42608  -0.15411


 WORDS OF DYNAMIC MEMORY USED IN VB2000 CODE ONLY:       31397

 STATISTICS OF CPU TIMES (SECONDS)
 CPU TIME FOR INITIALIZATION        0.003
 CPU TIME FOR MACROITERATION        0.093
 TOTAL CPU TIME                     0.097

