
 **************************************************************
 *                                                            *
 *                        V B 2 0 0 0                         *
 *                                                            *
 * An ab initio Valence-Bond Program Based on the Generalized *
 *    Product Function Method and the Algebrant Algorithm     *
 *                                                            *
 *                  Version 2.8 November 2017                 *
 *                     Stand-alone Version                    *
 *                      Compiler GFORTRAN                     *
 *                                                            *
 *     Memory = 12500000 for MAP file up to 16 electrons      *
 *                                                            *
 *         Jiabo Li*, Brian Duke** and Roy McWeeny***         *
 *                                                            *
 *        * SciNet Technologies, 9943 Fieldthorn St.,         *
 *                   San Diego, CA 92127, USA                 *
 *                                                            *
 *  ** Monash University Institute of Pharmaceutical Sciences,*
 *          Monash University, 381 Royal Pde, Parkville,      *
 *                    Victoria, 3052, Australia               *
 *                                                            *
 *      *** Department of Chemistry, University of Pisa,      *
 *                       56100 Pisa, Italy                    *
 *                                                            *
 *  Reference for the software:                               *
 *     Jiabo Li, Brian Duke, and Roy McWeeny, VB2000 Version  *
 *     2.8, SciNet Technologies, San Diego, CA, 2013          *
 *     URL: http://www.scinetec.com or http://www.vb2000.net  *
 *                                                            *
 *  References for the theory:                                *
 *     General:                                               *
 *     Jiabo Li, and Roy McWeeny, "VB2000: Pushing Valence    *
 *     Bond Theory to New Limits", Int. J. Quantum Chem.,     *
 *     89(2002)208-216.                                       *
 *                                                            *
 *     Spin densities:-                                       *
 *     Jiabo Li, Brian J. Duke, Thomas M. Klapoetke, and Roy  *
 *     McWeeny, Spin-Density of Spin-Free Valence Bond Wave   *
 *     Functions and Its Implementation in VB2000. J. Theor.  *
 *     Comp. Chem. 7(2008)853-867.                            *
 *                                                            *
 *     Spin coupled - n electrons in m orbitals:-             *
 *     Peter B. Karadakov, David L. Cooper, Brian J. Duke,    *
 *     and Jiabo Li, Spin-Coupled Theory for N Electrons in   *
 *     M Orbitals Active Spaces,  J. Phys. Chem. A, 116,      *
 *     7238 - 7244, 2012                                      *
 *                                                            *
 *     Copyright (C) 2018 GNU General Public License          *
 **************************************************************

 JOB NAME IS hfsplit3                                                        

 VB2000 DIRECTORY IS: .                                                                               
 MAXIMUM DYNAMIC MEMORY IS:        6500000

 Input of molecule
 =================
 #! VB(10)/D95 NOROT PRINTALL                                                    
                                                                                 
 Title: TEST H F                                                                        

 Charge =  0 Multiplicity =  1

 BASIS SET FILE IS: ./BASET/D95                                                                     

 Cartesian coordinates of atoms in Angstrom
 ----------------------------------------------------
                    X             Y             Z   

  F     9.0      0.000000      0.000000      0.000000
  H     1.0      1.000000      0.000000      0.000000
 ----------------------------------------------------

 Total number of two-electron integrals =          969
 Time for integral evaluation                    0.002

 SKIPPED INTEGRALS =                              1368
 Number of iter =     19, DMAX =        0.000008359365
 Final Hartree-Fock Energy =         -100.015787944312

 Molecular orbitals by HF method
 ===============================================================================
 MO#                       1         2         3         4         5         6
 E(a.u.)             -26.290    -1.574    -0.722    -0.636    -0.636     0.184
 -------------------------------------------------------------------------------

   1  1  F     s    -0.57993   0.14181   0.03404  -0.00000   0.00000   0.03471
   2  1  F     s    -0.46219   0.19448   0.04686  -0.00000   0.00000   0.04594
   3  1  F     s     0.00030  -0.56762  -0.14525   0.00000  -0.00000  -0.08585
   4  1  F     s    -0.00167  -0.49991  -0.18369   0.00000  -0.00000  -0.68927
   5  1  F     x    -0.00103  -0.07983   0.62265  -0.00000   0.00000  -0.34232
   6  1  F     y    -0.00000  -0.00000   0.00000  -0.74326  -0.13448  -0.00000
   7  1  F     z     0.00000   0.00000   0.00000   0.13448  -0.74326  -0.00000
   8  1  F     x     0.00027  -0.02585   0.27888  -0.00000   0.00000  -0.50816
   9  1  F     y     0.00000  -0.00000   0.00000  -0.37475  -0.06781   0.00000
  10  1  F     z    -0.00000  -0.00000   0.00000   0.06781  -0.37475  -0.00000
  11  2  H     s    -0.00001  -0.10851   0.27510  -0.00000   0.00000   0.13266
  12  2  H     s     0.00013  -0.00574   0.11115   0.00000   0.00000   1.35088

 MO#                       7         8         9        10
 E(a.u.)               1.054     1.061     1.061     1.182
 -------------------------------------------------------------------------------

   1  1  F     s    -0.00945   0.00000   0.00000   0.04226
   2  1  F     s    -0.01403   0.00000   0.00000   0.06526
   3  1  F     s     0.06637  -0.00000  -0.00000  -0.33576
   4  1  F     s    -0.21560   0.00000  -0.00000   0.07024
   5  1  F     x     0.62480  -0.00000   0.00000   0.65729
   6  1  F     y    -0.00000  -0.79207   0.35451  -0.00000
   7  1  F     z     0.00000   0.35451   0.79207  -0.00000
   8  1  F     x    -0.36314   0.00000  -0.00000  -1.29385
   9  1  F     y     0.00000   0.99088  -0.44349   0.00000
  10  1  F     z    -0.00000  -0.44349  -0.99088   0.00000
  11  2  H     s    -1.17696   0.00000   0.00000   0.76632
  12  2  H     s     1.09513  -0.00000   0.00000  -0.03483


                    PARAMETER LIMIT VALUES
 Max. no. of atoms                    MAXCEN =    200
 Max. no. of basis functions          MAXBFN =   1350
 Max. no. of shells                   MAXSHL =    500
 Max. no. of total primitives         MAXEXP =   4400
 Max. no. of primitives per orbital   MAXPRM =     15
 Max. no. of atoms * no. of orbitals  MAXNAB = 135000
 Increase max basis set size by       NEXTRA =     20
 Max. size for Rumer data             MAXST1 = 120000
 Max. no. of orbitals in group        MAXNOB =    200
 Max. no. of CUBE orbitals            MAXCUB =    100
 Max. no. of groups                   MAXGRP =     49
 BRILLMASK array sizes                MAXBLL =  12500

 VBO LIB IS: ./VBOLIB/VBOLIBD95                                                              

 Localized molecular orbitals and the bond labels
 ===============================================================================
 LMO#                      1         2         3         4         5
 E(a.u.)             -25.990    -1.659    -0.636    -0.636    -0.938
 Bond Label            1:(0)     1:(1)     1:(2)     1:(3)    2-1(1)
 -------------------------------------------------------------------------------

   1  1  F     s    -0.59245   0.07743   0.00000   0.00000  -0.02436
   2  1  F     s    -0.48139   0.14202   0.00000   0.00000  -0.04159
   3  1  F     s     0.06481  -0.56328   0.00001   0.00001   0.14769
   4  1  F     s     0.05684  -0.52327   0.00001   0.00001   0.08134
   5  1  F     x    -0.01137   0.23174  -0.00000  -0.00000   0.58329
   6  1  F     y    -0.00001  -0.00001  -0.74326  -0.13448  -0.00000
   7  1  F     z    -0.00001  -0.00001   0.13448  -0.74326  -0.00000
   8  1  F     x    -0.00542   0.11248  -0.00000  -0.00000   0.25644
   9  1  F     y    -0.00000  -0.00001  -0.37475  -0.06780  -0.00000
  10  1  F     z    -0.00000  -0.00000   0.06780  -0.37475  -0.00000
  11  2  H     s     0.00318   0.03883  -0.00000  -0.00000   0.29315
  12  2  H     s    -0.00262   0.04879  -0.00000  -0.00000   0.10000


 Mulliken population of localized molecular orbitals
 ===============================================================================
 LMO#                      1         2         3         4         5
 E(a.u.)             -25.990    -1.659    -0.636    -0.636    -0.938
 Bond Label            1:(0)     1:(1)     1:(2)     1:(3)    2-1(1)
 -------------------------------------------------------------------------------

   1         F       1.99993   2.03700   2.00000   2.00000   1.45925
   2         H       0.00007  -0.03700  -0.00000  -0.00000   0.54075


 PARTITIONING OF LMOs INTO GROUPS ($LMOGRPMODIFY)
 ================================================
 LMO#     1  2  3  4  5
 Group#   1  1  1  1  1
 Split    1  1  1  1  1

 WARNING: you are splitting a lone-pair LMO(  1)
 WARNING: you are splitting a lone-pair LMO(  2)
 WARNING: you are splitting a lone-pair LMO(  3)
 WARNING: you are splitting a lone-pair LMO(  4)

 Group assignment of AOs
 =======================================================================
 AO#:      1  2  3  4  5  6  7  8  9 10
 Group#:   1  1  1  1  1  1  1  1  1  1

 Initial guess of orbitals
 ===============================================================================
 ORBITAL#                  1         2         3         4         5         6
 Bond Label            1:(0)     1:(0)     1:(1)     1:(1)     1:(2)     1:(2)
 -------------------------------------------------------------------------------

   1  1  F     s     1.00000  -0.00000   0.00000   0.00000   0.00000   0.00000
   2  1  F     s    -0.00000   1.00000  -0.00000  -0.00000   0.00000   0.00000
   3  1  F     s     0.00000   0.00000   1.00000   0.00000   0.00000   0.00000
   4  1  F     s     0.00000   0.00000   0.00000   1.00000   0.00000   0.00000
   5  1  F     x     0.00000   0.00000   0.00000   0.00000   1.00000   0.00000
   6  1  F     y     0.00000   0.00000   0.00000   0.00000   0.00000   1.00000
   7  1  F     z     0.00000   0.00000   0.00000   0.00000   0.00000   0.00000
   8  1  F     x     0.00000   0.00000   0.00000   0.00000   0.00000   0.00000
   9  1  F     y     0.00000   0.00000   0.00000   0.00000   0.00000  -0.00000
  10  1  F     z     0.00000   0.00000   0.00000   0.00000   0.00000   0.00000
  11  2  H     s     0.00000   0.00000   0.00000   0.00000   0.00000   0.00000
  12  2  H     s     0.00000   0.00000   0.00000   0.00000   0.00000   0.00000

 ORBITAL#                  7         8         9        10
 Bond Label            1:(3)     1:(3)    2-1(1)    2-1(1)
 -------------------------------------------------------------------------------

   1  1  F     s     0.00000   0.00000   0.00000   0.00000
   2  1  F     s     0.00000   0.00000   0.00000   0.00000
   3  1  F     s     0.00000   0.00000   0.00000   0.00000
   4  1  F     s     0.00000   0.00000   0.00000   0.00000
   5  1  F     x     0.00000   0.00000   0.00000   0.00000
   6  1  F     y     0.00000   0.00000  -0.00000   0.00000
   7  1  F     z     1.00000   0.00000   0.00000  -0.00000
   8  1  F     x     0.00000   1.00000   0.00000   0.00000
   9  1  F     y     0.00000   0.00000   1.00000   0.00000
  10  1  F     z    -0.00000   0.00000   0.00000   1.00000
  11  2  H     s     0.00000   0.00000   0.00000   0.00000
  12  2  H     s     0.00000   0.00000   0.00000   0.00000


      GENERAL CONTROLS ($GENCTL)
 ======================================
 Number of electron groups       =    1
 Maximum macro-iterations        =   12
 Energy threshold           = 10**(- 6)
 Restart calculation(0/1/2)      =    0
 Group#                     1
 Num. of electrons         10
 Num. of spins              0
 Num. of orbitals          10
 Method#                    2

 SYMBOLIC VB STRUCTURE(S) OF GROUP  1
 STR. NO.       RUMER PATTERN  
    1           1  1   3  3   5  8   6  9   7 10


 OVERLAP MATRIX OF VB ORBITALS FOR GROUP   1

        1      2      3      4      5      6      7      8      9     10
 =========================================================================
   1 1.0000
   2 0.8389 1.0000
   3 0.3409 0.4329 1.0000
   4 0.1611 0.1939 0.7744 1.0000
   5 0.0000 0.0000 0.0000 0.0000 1.0000
   6 0.0000 0.0000 0.0000 0.0000 0.0000 1.0000
   7 0.0000 0.0000 0.0000 0.0000 0.0000 0.0000 1.0000
   8 0.0000 0.0000 0.0000 0.0000 0.4944 0.0000 0.0000 1.0000
   9 0.0000 0.0000 0.0000 0.0000 0.0000 0.4944 0.0000 0.0000 1.0000
  10 0.0000 0.0000 0.0000 0.0000 0.0000 0.0000 0.4944 0.0000 0.0000 1.0000

 EIGENVALUES OF OVERLAP MATRIX OF VB ORBITALS
 ============================================
     0.1397D+00    0.2141D+00    0.5056D+00    0.5056D+00    0.5056D+00    0.1262D+01
     0.1494D+01    0.1494D+01    0.1494D+01    0.2384D+01

 MAP FILE IS: ./MAP/MAP1000t                                                                  

 VB-ORBITAL OPTIMIZATION OF GROUP  1 ...
 GROUP =  1  ITER =  1 CMAX =  0.15000000000000
 GROUP =  1  ITER =  2 CMAX =  0.13412139339631
 GROUP =  1  ITER =  3 CMAX =  0.15446414986940
 GROUP =  1  ITER =  4 CMAX =  0.14871589964396
 GROUP =  1  ITER =  5 CMAX =  0.14129965786426
 GROUP =  1  ITER =  6 CMAX =  0.09315455154075
 GROUP =  1  ITER =  7 CMAX =  0.06207429960350
 GROUP =  1  ITER =  8 CMAX =  0.14530378743895
 GROUP =  1  ITER =  9 CMAX =  0.04918490012748
 GROUP =  1  ITER = 10 CMAX =  0.04605293967675
 GROUP =  1  ITER = 11 CMAX =  0.00204915165041
 GROUP =  1  ITER = 12 CMAX =  0.00014585019942

 ENERGY AND DIFF OF MACROITER    1 =    -99.8993345881    -99.8993345881

 VB-ORBITAL OPTIMIZATION OF GROUP  1 ...
 GROUP =  1  ITER =  1 CMAX =  0.00000052217441

 ENERGY AND DIFF OF MACROITER    2 =    -99.8993345881     -0.0000000000

 VB-ORBITAL OPTIMIZATION OF GROUP  1 ...
 GROUP =  1  ITER =  1 CMAX =  0.00000033640203

 OVERLAP MATRIX OF VB ORBITALS FOR GROUP   1

        1      2      3      4      5      6      7      8      9     10
 =========================================================================
   1 1.0000
   2 0.9484 1.0000
   3 0.6632 0.6617 1.0000
   4 0.1725 0.1939 0.7753 1.0000
   5 0.0205 0.0164-0.2872-0.1089 1.0000
   6 0.0000 0.0000 0.0000 0.0000-0.0000 1.0000
   7 0.0000 0.0000 0.0000 0.0000-0.0000-0.0000 1.0000
   8 0.0356 0.0435 0.0880 0.4036 0.7584 0.0000 0.0000 1.0000
   9 0.0000 0.0000 0.0000 0.0000-0.0000 0.8774 0.0000 0.0000 1.0000
  10 0.0000 0.0000 0.0000 0.0000-0.0000-0.0000 0.8774 0.0000 0.0000 1.0000

 EIGENVALUES OF OVERLAP MATRIX OF VB ORBITALS
 ============================================
     0.2923D-01    0.5474D-01    0.9589D-01    0.1226D+00    0.1226D+00    0.1221D+01
     0.1800D+01    0.1877D+01    0.1877D+01    0.2799D+01

 ENERGY AND DIFF OF MACROITER    3 =    -99.8993345881     -0.0000000000

 MULLIKEN CHARGES ON ATOMS
 -------------------------
  ATOM             CHARGE 

    1            -1.00000
    2             1.00000

 -------------------------


 ORBITALS OF EACH ELECTRON GROUP IN AO BASIS: ORBITAL(GROUP)
 ===========================================================================
    Orbital#             1         2         3         4         5         6
      Group#             1         1         1         1         1         1
 ---------------------------------------------------------------------------
  AO# LABELS
   1  1  F     s   0.58171  -0.00000   0.28643   0.00000   0.01986  -0.00000
   2  1  F     s   0.46464   1.00000   0.16885   0.00000   0.02053  -0.00000
   3  1  F     s  -0.00729  -0.00000   0.41560   0.00000   0.00595  -0.00000
   4  1  F     s  -0.00564  -0.00000   0.37453   1.00000  -0.12066   0.00000
   5  1  F     x   0.00090  -0.00000  -0.16236  -0.00000   0.85812  -0.00000
   6  1  F     y  -0.00000  -0.00000   0.00000   0.00000   0.00000   0.93136
   7  1  F     z  -0.00000  -0.00000   0.00000   0.00000   0.00000   0.00000
   8  1  F     x  -0.00080  -0.00000  -0.10215   0.00000   0.23162   0.00000
   9  1  F     y  -0.00000   0.00000   0.00000   0.00000  -0.00000   0.12656
  10  1  F     z  -0.00000  -0.00000   0.00000   0.00000  -0.00000  -0.00000
  11  2  H     s   0.00000   0.00000   0.00000   0.00000   0.00000   0.00000
  12  2  H     s   0.00000   0.00000   0.00000   0.00000   0.00000   0.00000

 ===========================================================================
    Orbital#             7         8         9        10
      Group#             1         1         1         1
 ---------------------------------------------------------------------------
  AO# LABELS
   1  1  F     s  -0.00000  -0.00830  -0.00000  -0.00000
   2  1  F     s  -0.00000  -0.01989  -0.00000  -0.00000
   3  1  F     s  -0.00000  -0.03149  -0.00000  -0.00000
   4  1  F     s   0.00000   0.43314   0.00000   0.00000
   5  1  F     x  -0.00000   0.37609  -0.00000  -0.00000
   6  1  F     y  -0.00000   0.00000   0.49311  -0.00000
   7  1  F     z   0.93136   0.00000   0.00000   0.49311
   8  1  F     x   0.00000   0.66769   0.00000   0.00000
   9  1  F     y   0.00000  -0.00000   0.65967   0.00000
  10  1  F     z   0.12656  -0.00000  -0.00000   0.65967
  11  2  H     s   0.00000   0.00000   0.00000   0.00000
  12  2  H     s   0.00000   0.00000   0.00000   0.00000


 WORDS OF DYNAMIC MEMORY USED IN VB2000 CODE ONLY:        6035

 STATISTICS OF CPU TIMES (SECONDS)
 CPU TIME FOR INITIALIZATION        0.002
 CPU TIME FOR MACROITERATION        2.098
 TOTAL CPU TIME                     2.100

