
 **************************************************************
 *                                                            *
 *                        V B 2 0 0 0                         *
 *                                                            *
 * An ab initio Valence-Bond Program Based on the Generalized *
 *    Product Function Method and the Algebrant Algorithm     *
 *                                                            *
 *                  Version 2.8 November 2017                 *
 *                     Stand-alone Version                    *
 *                      Compiler GFORTRAN                     *
 *                                                            *
 *     Memory = 12500000 for MAP file up to 16 electrons      *
 *                                                            *
 *         Jiabo Li*, Brian Duke** and Roy McWeeny***         *
 *                                                            *
 *        * SciNet Technologies, 9943 Fieldthorn St.,         *
 *                   San Diego, CA 92127, USA                 *
 *                                                            *
 *  ** Monash University Institute of Pharmaceutical Sciences,*
 *          Monash University, 381 Royal Pde, Parkville,      *
 *                    Victoria, 3052, Australia               *
 *                                                            *
 *      *** Department of Chemistry, University of Pisa,      *
 *                       56100 Pisa, Italy                    *
 *                                                            *
 *  Reference for the software:                               *
 *     Jiabo Li, Brian Duke, and Roy McWeeny, VB2000 Version  *
 *     2.8, SciNet Technologies, San Diego, CA, 2013          *
 *     URL: http://www.scinetec.com or http://www.vb2000.net  *
 *                                                            *
 *  References for the theory:                                *
 *     General:                                               *
 *     Jiabo Li, and Roy McWeeny, "VB2000: Pushing Valence    *
 *     Bond Theory to New Limits", Int. J. Quantum Chem.,     *
 *     89(2002)208-216.                                       *
 *                                                            *
 *     Spin densities:-                                       *
 *     Jiabo Li, Brian J. Duke, Thomas M. Klapoetke, and Roy  *
 *     McWeeny, Spin-Density of Spin-Free Valence Bond Wave   *
 *     Functions and Its Implementation in VB2000. J. Theor.  *
 *     Comp. Chem. 7(2008)853-867.                            *
 *                                                            *
 *     Spin coupled - n electrons in m orbitals:-             *
 *     Peter B. Karadakov, David L. Cooper, Brian J. Duke,    *
 *     and Jiabo Li, Spin-Coupled Theory for N Electrons in   *
 *     M Orbitals Active Spaces,  J. Phys. Chem. A, 116,      *
 *     7238 - 7244, 2012                                      *
 *                                                            *
 *     Copyright (C) 2018 GNU General Public License          *
 **************************************************************

 JOB NAME IS ohlocal                                                         

 VB2000 DIRECTORY IS: .                                                                               
 MAXIMUM DYNAMIC MEMORY IS:        6500000

 Input of molecule
 =================
 #! VB(9)/D95 DIIS PRINTALL                                                      
                                                                                 
 Title: TEST H O                                                                        

 Charge =  0 Multiplicity =  2

 BASIS SET FILE IS: ./BASET/D95                                                                     

 Cartesian coordinates of atoms in Angstrom
 ----------------------------------------------------
                    X             Y             Z   

  O     8.0      0.000000      0.000000      0.000000
  H     1.0      1.000000      0.000000      0.000000
 ----------------------------------------------------

 Total number of two-electron integrals =          969
 Time for integral evaluation                    0.003

 SKIPPED INTEGRALS =                              1368
 Number of iter =     15, DMAX =        0.000009968275
 Final Hartree-Fock Energy =          -75.194854538569

 Molecular orbitals by HF method
 ===============================================================================
 MO#                       1         2         3         4         5         6
 E(a.u.)             -20.666    -1.323    -0.660    -0.555    -0.254     0.213
 -------------------------------------------------------------------------------

   1  1  O     s     0.58119  -0.13653   0.04414   0.00000  -0.00000  -0.03931
   2  1  O     s     0.46132  -0.18949   0.06117   0.00000  -0.00000  -0.05313
   3  1  O     s    -0.00074   0.55061  -0.18102  -0.00000   0.00000   0.10054
   4  1  O     s     0.00172   0.47341  -0.26150  -0.00000   0.00000   0.91186
   5  1  O     x     0.00132   0.11750   0.61208   0.00000  -0.00000   0.35489
   6  1  O     y    -0.00000  -0.00000  -0.00000   0.75693   0.06766   0.00000
   7  1  O     z     0.00000  -0.00000   0.00000  -0.07569   0.67671  -0.00000
   8  1  O     x    -0.00039   0.02763   0.23611   0.00000  -0.00000   0.67120
   9  1  O     y    -0.00000  -0.00000  -0.00000   0.36789   0.04634   0.00000
  10  1  O     z    -0.00000   0.00000   0.00000  -0.03678   0.46345   0.00000
  11  2  H     s     0.00008   0.15599   0.28066   0.00000  -0.00000  -0.08541
  12  2  H     s    -0.00017   0.01216   0.13629   0.00000  -0.00000  -1.63781

 MO#                       7         8         9        10
 E(a.u.)               0.832     0.863     0.895     1.087
 -------------------------------------------------------------------------------

   1  1  O     s    -0.00000  -0.00000   0.03190  -0.01425
   2  1  O     s    -0.00000  -0.00000   0.04846  -0.01880
   3  1  O     s     0.00000   0.00000  -0.21576   0.03117
   4  1  O     s    -0.00000  -0.00000  -0.20680  -0.04117
   5  1  O     x    -0.00000  -0.00000   0.82375   0.43224
   6  1  O     y    -0.87057   0.09342  -0.00000   0.00000
   7  1  O     z     0.08705   0.93429   0.00000   0.00000
   8  1  O     x     0.00000   0.00000  -1.44015   0.07946
   9  1  O     y     1.09339  -0.10563   0.00000  -0.00000
  10  1  O     z    -0.10933  -1.05644  -0.00000  -0.00000
  11  2  H     s    -0.00000  -0.00000   0.24665  -1.38404
  12  2  H     s    -0.00000  -0.00000   0.53857   0.97607


                    PARAMETER LIMIT VALUES
 Max. no. of atoms                    MAXCEN =    200
 Max. no. of basis functions          MAXBFN =   1350
 Max. no. of shells                   MAXSHL =    500
 Max. no. of total primitives         MAXEXP =   4400
 Max. no. of primitives per orbital   MAXPRM =     15
 Max. no. of atoms * no. of orbitals  MAXNAB = 135000
 Increase max basis set size by       NEXTRA =     20
 Max. size for Rumer data             MAXST1 = 120000
 Max. no. of orbitals in group        MAXNOB =    200
 Max. no. of CUBE orbitals            MAXCUB =    100
 Max. no. of groups                   MAXGRP =     49
 BRILLMASK array sizes                MAXBLL =  12500

 VBO LIB IS: ./VBOLIB/VBOLIBD95                                                              

 Localized molecular orbitals and the bond labels
 ===============================================================================
 LMO#                      1         2         3         4         5
 E(a.u.)             -20.387    -1.368    -0.555    -0.254    -0.894
 Bond Label            1:(0)     1:(1)     1:(2)     1:(3)    2-1(1)
 -------------------------------------------------------------------------------

   1  1  O     s     0.59417  -0.06855  -0.00000  -0.00000  -0.02522
   2  1  O     s     0.48181  -0.13523  -0.00000  -0.00000  -0.04506
   3  1  O     s    -0.07009   0.55059  -0.00000  -0.00000   0.16699
   4  1  O     s    -0.06249   0.53419  -0.00000  -0.00000   0.05692
   5  1  O     x     0.01455  -0.25439   0.00000   0.00000   0.56879
   6  1  O     y     0.00001   0.00001   0.75694   0.06766  -0.00000
   7  1  O     z     0.00001   0.00001  -0.07568   0.67671  -0.00000
   8  1  O     x     0.00670  -0.11261   0.00000   0.00000   0.20925
   9  1  O     y     0.00000   0.00000   0.36789   0.04634  -0.00000
  10  1  O     z     0.00000   0.00000  -0.03678   0.46345  -0.00000
  11  2  H     s    -0.00526  -0.03378   0.00000   0.00000   0.31927
  12  2  H     s     0.00435  -0.06807   0.00000   0.00000   0.11862


 Mulliken population of localized molecular orbitals
 ===============================================================================
 LMO#                      1         2         3         4         5
 E(a.u.)             -20.387    -1.368    -0.555    -0.254    -0.894
 Bond Label            1:(0)     1:(1)     1:(2)     1:(3)    2-1(1)
 -------------------------------------------------------------------------------

   1         O       1.99985   2.05139   2.00000   2.00000   1.35964
   2         H       0.00015  -0.05139  -0.00000  -0.00000   0.64036

 WARNING: MELEK != MELE(K)

 PARTITIONING OF LMOs INTO GROUPS ($LMOGRPMODIFY)
 ================================================
 LMO#     1  2  3  4  5
 Group#   1  1  1  1  1
 Split    1  1  1  1  1

 WARNING: you are splitting a lone-pair LMO(  1)
 WARNING: you are splitting a lone-pair LMO(  2)
 WARNING: you are splitting a lone-pair LMO(  3)
 WARNING: you are splitting a lone-pair LMO(  4)
 WARNING: Initial orbital 11 undefined from DISLMO
 Initial orbital
 WARNING: Initial orbital 12 undefined from DISLMO
 Initial orbital

 Group assignment of AOs
 =======================================================================
 AO#:      1  2  3  4  5  6  7  8  9 10 11 12
 Group#:   1  1  1  1  1  1  1  1  1  1  1  1

 Initial guess of orbitals
 ===============================================================================
 ORBITAL#                  1         2         3         4         5         6
 Bond Label            1:(0)     1:(0)     1:(1)     1:(1)     1:(2)     1:(2)
 -------------------------------------------------------------------------------

   1  1  O     s     1.00000  -0.00000  -0.00000  -0.00000   0.00000   0.00000
   2  1  O     s    -0.00000   1.00000  -0.00000  -0.00000  -0.00000   0.00000
   3  1  O     s    -0.00000  -0.00000   1.00000  -0.00000  -0.00000   0.00000
   4  1  O     s    -0.00000   0.00000  -0.00000   1.00000   0.00000   0.00000
   5  1  O     x     0.00000   0.00000   0.00000   0.00000   1.00000   0.00000
   6  1  O     y     0.00000   0.00000   0.00000   0.00000   0.00000   1.00000
   7  1  O     z     0.00000   0.00000   0.00000   0.00000   0.00000   0.00000
   8  1  O     x    -0.00000  -0.00000  -0.00000  -0.00000  -0.00000   0.00000
   9  1  O     y     0.00000   0.00000   0.00000   0.00000   0.00000   0.00000
  10  1  O     z     0.00000   0.00000   0.00000   0.00000   0.00000   0.00000
  11  2  H     s     0.00000  -0.00000   0.00000   0.00000   0.00000   0.00000
  12  2  H     s     0.00000  -0.00000   0.00000   0.00000   0.00000   0.00000

 ORBITAL#                  7         8         9        10        11        12
 Bond Label            1:(3)     1:(3)    2-1(1)    2-1(1)                    
 -------------------------------------------------------------------------------

   1  1  O     s     0.00000   0.00000   0.00000   0.00000   0.00000  -0.00000
   2  1  O     s     0.00000  -0.00000   0.00000   0.00000   0.00000   0.00000
   3  1  O     s     0.00000  -0.00000   0.00000   0.00000  -0.00000  -0.00000
   4  1  O     s     0.00000  -0.00000   0.00000   0.00000   0.00000   0.00000
   5  1  O     x     0.00000   0.00000   0.00000   0.00000   0.00000   0.00000
   6  1  O     y     0.00000   0.00000  -0.00000   0.00000   0.00000   0.00000
   7  1  O     z     1.00000   0.00000   0.00000  -0.00000   0.00000   0.00000
   8  1  O     x     0.00000   1.00000   0.00000   0.00000  -0.00000   0.00000
   9  1  O     y     0.00000   0.00000   1.00000   0.00000   0.00000   0.00000
  10  1  O     z     0.00000   0.00000   0.00000   1.00000   0.00000   0.00000
  11  2  H     s     0.00000  -0.00000   0.00000   0.00000   1.00000   0.00000
  12  2  H     s     0.00000   0.00000   0.00000   0.00000   0.00000   1.00000


      GENERAL CONTROLS ($GENCTL)
 ======================================
 Number of electron groups       =    1
 Maximum macro-iterations        =   12
 Energy threshold           = 10**(- 6)
 Restart calculation(0/1/2)      =    0
 Group#                     1
 Num. of electrons          9
 Num. of spins              1
 Num. of orbitals          12
 Method#                    2

 SYMBOLIC VB STRUCTURE(S) OF GROUP  1
 STR. NO.       RUMER PATTERN  
    1           1  1   3  3   5 11   6  6   7
    2           1  1   3  3   5  5   6  6   7
    3           1  1   3  3  11 11   6  6   7

 $01VBSCF VALUES ARE EPS = 0.00001000 AND MAXIT = 30
 CALCULATE INITIAL STRUCTURE COEFFICIENTS

 OVERLAP MATRIX OF VB ORBITALS FOR GROUP   1

        1      2      3      4      5      6      7      8      9     10     11     12
 =======================================================================================
   1 1.0000
   2 0.8381 1.0000
   3 0.3394 0.4322 1.0000
   4 0.1610 0.1944 0.7764 1.0000
   5-0.0000-0.0000-0.0000-0.0000 1.0000
   6 0.0000 0.0000 0.0000 0.0000 0.0000 1.0000
   7 0.0000 0.0000 0.0000 0.0000 0.0000 0.0000 1.0000
   8-0.0000-0.0000-0.0000-0.0000 0.5060 0.0000 0.0000 1.0000
   9 0.0000 0.0000 0.0000 0.0000 0.0000 0.5060 0.0000 0.0000 1.0000
  10 0.0000 0.0000 0.0000 0.0000 0.0000 0.0000 0.5060 0.0000 0.0000 1.0000
  11 0.0279 0.0316 0.2163 0.3959 0.3226 0.0000 0.0000 0.5534 0.0000 0.0000 1.0000
  12 0.0629 0.0744 0.3668 0.6493 0.2066 0.0000 0.0000 0.5573 0.0000 0.0000 0.6831 1.0000

 EIGENVALUES OF OVERLAP MATRIX OF VB ORBITALS
 ============================================
     0.6943D-01    0.1548D+00    0.2878D+00    0.3757D+00    0.4940D+00    0.4940D+00
     0.6758D+00    0.1358D+01    0.1506D+01    0.1506D+01    0.2088D+01    0.2990D+01

 MAP FILE IS: ./MAP/MAP0901t                                                                  

 $BRILLMASK APPLIES WITH   20 CONDITIONS

 VB-ORBITAL OPTIMIZATION OF GROUP  1 ...
 GROUP =  1  ITER =  1 CMAX =  0.15000000000000
 GROUP =  1  ITER =  2 CMAX =  0.13458179957836
 GROUP =  1  ITER =  3 CMAX =  0.15054111159377
 GROUP =  1  ITER =  4 CMAX =  0.15526695693232
 GROUP =  1  ITER =  5 CMAX =  0.07942978862754
 GROUP =  1  ITER =  6 CMAX =  0.00800096451929
 GROUP =  1  ITER =  7 CMAX =  0.09008052244176
 GROUP =  1  ITER =  8 CMAX =  0.01681349846813
 GROUP =  1  ITER =  9 CMAX =  0.15000000000000
 GROUP =  1  ITER = 10 CMAX =  0.01006808708011
 GROUP =  1  ITER = 11 CMAX =  0.15006408716074
 GROUP =  1  ITER = 12 CMAX =  0.01138999900993
 GROUP =  1  ITER = 13 CMAX =  0.15015299821073
 GROUP =  1  ITER = 14 CMAX =  0.01856107119191
 GROUP =  1  ITER = 15 CMAX =  0.02216757589056
 GROUP =  1  ITER = 16 CMAX =  0.05066977869392
 GROUP =  1  ITER = 17 CMAX =  0.00979786646732
 GROUP =  1  ITER = 18 CMAX =  0.01072502751063
 GROUP =  1  ITER = 19 CMAX =  0.01117495741573
 GROUP =  1  ITER = 20 CMAX =  0.00209049289891
 GROUP =  1  ITER = 21 CMAX =  0.00440818205142
 GROUP =  1  ITER = 22 CMAX =  0.00152678407190
 GROUP =  1  ITER = 23 CMAX =  0.00315561267463
 GROUP =  1  ITER = 24 CMAX =  0.00107291499108
 GROUP =  1  ITER = 25 CMAX =  0.00218629913257
 GROUP =  1  ITER = 26 CMAX =  0.00073218536871
 GROUP =  1  ITER = 27 CMAX =  0.00148301089410
 GROUP =  1  ITER = 28 CMAX =  0.00049508630870
 GROUP =  1  ITER = 29 CMAX =  0.00099506785394
 GROUP =  1  ITER = 30 CMAX =  0.00033060011274
 VBSCF NOT CONVERGED. CMAX =  0.00033060011274 AFTER  31 ITERATIONS

 ENERGY AND DIFF OF MACROITER    1 =    -74.2792208716    -74.2792208716

 VB-ORBITAL OPTIMIZATION OF GROUP  1 ...
 GROUP =  1  ITER =  1 CMAX =  0.15000000000000
 GROUP =  1  ITER =  2 CMAX =  0.15000000000000
 GROUP =  1  ITER =  3 CMAX =  0.15000000000000
 GROUP =  1  ITER =  4 CMAX =  0.15000000000000
 GROUP =  1  ITER =  5 CMAX =  0.07884864419422
 GROUP =  1  ITER =  6 CMAX =  0.03673539280114
 GROUP =  1  ITER =  7 CMAX =  0.04061322230044
 GROUP =  1  ITER =  8 CMAX =  0.14818461045332
 GROUP =  1  ITER =  9 CMAX =  0.07292176806969
 GROUP =  1  ITER = 10 CMAX =  0.03158168676873
 GROUP =  1  ITER = 11 CMAX =  0.01186919146649
 GROUP =  1  ITER = 12 CMAX =  0.00419295733890
 GROUP =  1  ITER = 13 CMAX =  0.00145226444243
 GROUP =  1  ITER = 14 CMAX =  0.00048827725163
 GROUP =  1  ITER = 15 CMAX =  0.00048629022008
 GROUP =  1  ITER = 16 CMAX =  0.00016191463299
 GROUP =  1  ITER = 17 CMAX =  0.00005861300306
 GROUP =  1  ITER = 18 CMAX =  0.00010627182973
 GROUP =  1  ITER = 19 CMAX =  0.00018484029770
 GROUP =  1  ITER = 20 CMAX =  0.00023831621304
 GROUP =  1  ITER = 21 CMAX =  0.00032734845471
 GROUP =  1  ITER = 22 CMAX =  0.00011370649522
 GROUP =  1  ITER = 23 CMAX =  0.00003850553750
 GROUP =  1  ITER = 24 CMAX =  0.00001295033141
 GROUP =  1  ITER = 25 CMAX =  0.00000431779176

 ENERGY AND DIFF OF MACROITER    2 =    -75.3678489484     -1.0886280768

 VB-ORBITAL OPTIMIZATION OF GROUP  1 ...
 GROUP =  1  ITER =  1 CMAX =  0.11345206861825
 GROUP =  1  ITER =  2 CMAX =  0.08116949033754
 GROUP =  1  ITER =  3 CMAX =  0.02212410418346
 GROUP =  1  ITER =  4 CMAX =  0.00986338406748
 GROUP =  1  ITER =  5 CMAX =  0.00484744395633
 GROUP =  1  ITER =  6 CMAX =  0.00493689816582
 GROUP =  1  ITER =  7 CMAX =  0.00143843640577
 GROUP =  1  ITER =  8 CMAX =  0.00111054116223
 GROUP =  1  ITER =  9 CMAX =  0.00072535008992
 GROUP =  1  ITER = 10 CMAX =  0.00030267901481
 GROUP =  1  ITER = 11 CMAX =  0.00011661062549
 GROUP =  1  ITER = 12 CMAX =  0.00004123687428
 GROUP =  1  ITER = 13 CMAX =  0.00001415049460
 GROUP =  1  ITER = 14 CMAX =  0.00002708494997
 GROUP =  1  ITER = 15 CMAX =  0.00005285802783
 GROUP =  1  ITER = 16 CMAX =  0.00007900789102
 GROUP =  1  ITER = 17 CMAX =  0.00007835168061
 GROUP =  1  ITER = 18 CMAX =  0.00008983151552
 GROUP =  1  ITER = 19 CMAX =  0.00012905980740
 GROUP =  1  ITER = 20 CMAX =  0.00023413006638
 GROUP =  1  ITER = 21 CMAX =  0.00009563211629
 GROUP =  1  ITER = 22 CMAX =  0.00003556699283
 GROUP =  1  ITER = 23 CMAX =  0.00001242538177
 GROUP =  1  ITER = 24 CMAX =  0.00000439038840

 ENERGY AND DIFF OF MACROITER    3 =    -75.4052278443     -0.0373788959

 VB-ORBITAL OPTIMIZATION OF GROUP  1 ...
 GROUP =  1  ITER =  1 CMAX =  0.00478928054973
 GROUP =  1  ITER =  2 CMAX =  0.00120060831402
 GROUP =  1  ITER =  3 CMAX =  0.00135290321122
 GROUP =  1  ITER =  4 CMAX =  0.00075653493093
 GROUP =  1  ITER =  5 CMAX =  0.00042339139877
 GROUP =  1  ITER =  6 CMAX =  0.00005834623470
 GROUP =  1  ITER =  7 CMAX =  0.00004472953329
 GROUP =  1  ITER =  8 CMAX =  0.00001748249448
 GROUP =  1  ITER =  9 CMAX =  0.00001374277170
 GROUP =  1  ITER = 10 CMAX =  0.00000761857117

 ENERGY AND DIFF OF MACROITER    4 =    -75.4052392788     -0.0000114345

 VB-ORBITAL OPTIMIZATION OF GROUP  1 ...
 GROUP =  1  ITER =  1 CMAX =  0.00001980944838
 GROUP =  1  ITER =  2 CMAX =  0.00000614090531

 ENERGY AND DIFF OF MACROITER    5 =    -75.4052392789     -0.0000000002

 VB-ORBITAL OPTIMIZATION OF GROUP  1 ...
 GROUP =  1  ITER =  1 CMAX =  0.00000221278508

 OVERLAP MATRIX OF VB ORBITALS FOR GROUP   1

        1      2      3      4      5      6      7      8      9     10     11     12
 =======================================================================================
   1 1.0000
   2 0.9473 1.0000
   3 0.6616 0.6697 1.0000
   4 0.1619 0.1944 0.7855 1.0000
   5-0.0104-0.0208-0.2647-0.1300 1.0000
   6-0.0000-0.0000-0.0000-0.0000-0.0000 1.0000
   7 0.0000 0.0000 0.0000 0.0000-0.0000-0.0000 1.0000
   8 0.0047 0.0000-0.1372-0.0000 0.7053-0.0000-0.0000 1.0000
   9-0.0000-0.0000-0.0000 0.0000-0.0000 0.7627-0.0000 0.0000 1.0000
  10 0.0000 0.0000-0.0000 0.0000 0.0000-0.0000 0.7376-0.0000-0.0000 1.0000
  11 0.0394 0.0479 0.2480 0.5075 0.3585-0.0000 0.0000 0.5958 0.0000-0.0000 1.0000
  12 0.0609 0.0744 0.3635 0.6493 0.2456-0.0000 0.0000 0.5573 0.0000-0.0000 0.8367 1.0000

 EIGENVALUES OF OVERLAP MATRIX OF VB ORBITALS
 ============================================
     0.2303D-01    0.5490D-01    0.1274D+00    0.2128D+00    0.2373D+00    0.2624D+00
     0.3824D+00    0.1473D+01    0.1738D+01    0.1763D+01    0.2516D+01    0.3210D+01

 ====Normalized structure coefficients====
  0.6600  0.4028  0.0522

 ====Mulliken Weight (Chirgwin-Coulson)====
  0.6297  0.3397  0.0306

 ====Inverse Overlap Weight (Gallup-Norbeck)====
  0.4127  0.5763  0.0110

 ====Lowdin Weight====
  0.3598  0.5177  0.1225

 ====Hiberty Weight====
  0.7253  0.2702  0.0045


 ENERGY AND DIFF OF MACROITER    6 =    -75.4052392790     -0.0000000000

 MULLIKEN CHARGES ON ATOMS
 -------------------------
  ATOM             CHARGE 

    1            -0.30914
    2             0.30914

 -------------------------


 ORBITALS OF EACH ELECTRON GROUP IN AO BASIS: ORBITAL(GROUP)
 ===========================================================================
    Orbital#             1         2         3         4         5         6
      Group#             1         1         1         1         1         1
 ---------------------------------------------------------------------------
  AO# LABELS
   1  1  O     s   0.58443  -0.00000   0.29138  -0.00000   0.00127  -0.00000
   2  1  O     s   0.46608   1.00000   0.16945  -0.00000  -0.00099   0.00000
   3  1  O     s  -0.01476  -0.00000   0.42252  -0.00000   0.01569  -0.00000
   4  1  O     s  -0.01132   0.00000   0.37762   1.00000  -0.14219  -0.00000
   5  1  O     x   0.00517   0.00000  -0.11690   0.00000   0.80783  -0.00000
   6  1  O     y   0.00000   0.00000   0.00000   0.00000   0.00000   0.74990
   7  1  O     z   0.00000  -0.00000  -0.00000   0.00000   0.00000  -0.00000
   8  1  O     x   0.00207  -0.00000  -0.07807  -0.00000   0.29658  -0.00000
   9  1  O     y  -0.00000   0.00000  -0.00000   0.00000  -0.00000   0.38320
  10  1  O     z   0.00000  -0.00000  -0.00000   0.00000   0.00000  -0.00000
  11  2  H     s  -0.00000  -0.00000  -0.00000  -0.00000   0.00000   0.00000
  12  2  H     s  -0.00000  -0.00000  -0.00000   0.00000   0.00000   0.00000

 ===========================================================================
    Orbital#             7         8         9        10        11        12
      Group#             1         1         1         1         1         1
 ---------------------------------------------------------------------------
  AO# LABELS
   1  1  O     s  -0.00000   0.00000  -0.00000  -0.00000  -0.00000  -0.00000
   2  1  O     s  -0.00000   0.00000  -0.00000   0.00000   0.00000   0.00000
   3  1  O     s  -0.00000   0.00000  -0.00000   0.00000  -0.00000  -0.00000
   4  1  O     s   0.00000  -0.00000  -0.00000  -0.00000   0.00000   0.00000
   5  1  O     x  -0.00000   0.00000   0.00000   0.00000   0.00000   0.00000
   6  1  O     y  -0.00000   0.00000   0.00000   0.00000   0.00000   0.00000
   7  1  O     z   0.78284  -0.00000  -0.00000   0.00000   0.00000   0.00000
   8  1  O     x  -0.00000   1.00000  -0.00000  -0.00000  -0.00000   0.00000
   9  1  O     y  -0.00000   0.00000   1.00000  -0.00000   0.00000   0.00000
  10  1  O     z   0.34149   0.00000   0.00000   1.00000   0.00000   0.00000
  11  2  H     s  -0.00000  -0.00000   0.00000   0.00000   0.74993   0.00000
  12  2  H     s   0.00000  -0.00000   0.00000   0.00000   0.32441   1.00000


 WORDS OF DYNAMIC MEMORY USED IN VB2000 CODE ONLY:       10372

 STATISTICS OF CPU TIMES (SECONDS)
 CPU TIME FOR INITIALIZATION        0.003
 CPU TIME FOR MACROITERATION       16.326
 TOTAL CPU TIME                    16.329

