
 **************************************************************
 *                                                            *
 *                        V B 2 0 0 0                         *
 *                                                            *
 * An ab initio Valence-Bond Program Based on the Generalized *
 *    Product Function Method and the Algebrant Algorithm     *
 *                                                            *
 *                  Version 2.8 November 2017                 *
 *                     Stand-alone Version                    *
 *                      Compiler GFORTRAN                     *
 *                                                            *
 *     Memory = 12500000 for MAP file up to 16 electrons      *
 *                                                            *
 *         Jiabo Li*, Brian Duke** and Roy McWeeny***         *
 *                                                            *
 *        * SciNet Technologies, 9943 Fieldthorn St.,         *
 *                   San Diego, CA 92127, USA                 *
 *                                                            *
 *  ** Monash University Institute of Pharmaceutical Sciences,*
 *          Monash University, 381 Royal Pde, Parkville,      *
 *                    Victoria, 3052, Australia               *
 *                                                            *
 *      *** Department of Chemistry, University of Pisa,      *
 *                       56100 Pisa, Italy                    *
 *                                                            *
 *  Reference for the software:                               *
 *     Jiabo Li, Brian Duke, and Roy McWeeny, VB2000 Version  *
 *     2.8, SciNet Technologies, San Diego, CA, 2013          *
 *     URL: http://www.scinetec.com or http://www.vb2000.net  *
 *                                                            *
 *  References for the theory:                                *
 *     General:                                               *
 *     Jiabo Li, and Roy McWeeny, "VB2000: Pushing Valence    *
 *     Bond Theory to New Limits", Int. J. Quantum Chem.,     *
 *     89(2002)208-216.                                       *
 *                                                            *
 *     Spin densities:-                                       *
 *     Jiabo Li, Brian J. Duke, Thomas M. Klapoetke, and Roy  *
 *     McWeeny, Spin-Density of Spin-Free Valence Bond Wave   *
 *     Functions and Its Implementation in VB2000. J. Theor.  *
 *     Comp. Chem. 7(2008)853-867.                            *
 *                                                            *
 *     Spin coupled - n electrons in m orbitals:-             *
 *     Peter B. Karadakov, David L. Cooper, Brian J. Duke,    *
 *     and Jiabo Li, Spin-Coupled Theory for N Electrons in   *
 *     M Orbitals Active Spaces,  J. Phys. Chem. A, 116,      *
 *     7238 - 7244, 2012                                      *
 *                                                            *
 *     Copyright (C) 2018 GNU General Public License          *
 **************************************************************

 JOB NAME IS tmmDZsinglet                                                    

 VB2000 DIRECTORY IS: .                                                                               
 MAXIMUM DYNAMIC MEMORY IS:        6500000

 Input of molecule
 =================
 #! GPF(2)/D95 UNITS=BOHR PRINTALL                                               
                                                                                 
 Title: TEST TMM SINGLET                                                                

 Charge =  0 Multiplicity =  1

 BASIS SET FILE IS: ./BASET/D95                                                                     

 Cartesian coordinates of atoms in Angstrom
 ----------------------------------------------------
                    X             Y             Z   

  C     6.0      0.000000      0.047614      0.000000
  C     6.0      0.000000      1.417614      0.000000
  C     6.0      1.280976     -0.725120      0.000000
  C     6.0     -1.280976     -0.725120      0.000000
  H     1.0     -0.925504      1.978119      0.000000
  H     1.0      0.925504      1.978119      0.000000
  H     1.0      2.234559     -0.218091      0.000000
  H     1.0      1.264012     -1.804987      0.000000
  H     1.0     -2.234559     -0.218091      0.000000
  H     1.0     -1.264012     -1.804987      0.000000
 ----------------------------------------------------

 Total number of two-electron integrals =       542886
 Time for integral evaluation                    0.535

 SKIPPED INTEGRALS =                            403000
 Number of iter =     18, DMAX =        0.000004165556
 Final Hartree-Fock Energy =         -154.697715670366

 Molecular orbitals by HF method
 ===============================================================================
 MO#                       1         2         3         4         5         6
 E(a.u.)             -11.319   -11.319   -11.281   -11.149    -1.094    -0.945
 -------------------------------------------------------------------------------

   1  1  C     s    -0.00808  -0.00000   0.60093  -0.00314   0.09519   0.00000
   2  1  C     s    -0.00580  -0.00000   0.43742  -0.00235   0.12844   0.00000
   3  1  C     s    -0.00043  -0.00000   0.00446   0.00032  -0.35548  -0.00000
   4  1  C     s    -0.00037  -0.00000  -0.00119   0.00001  -0.17404   0.00000
   5  1  C     x    -0.00000   0.00052  -0.00000  -0.00000  -0.00000   0.20349
   6  1  C     y     0.00032   0.00000  -0.00067   0.00035   0.01649   0.00000
   7  1  C     z    -0.00000  -0.00000  -0.00000   0.00000  -0.00000  -0.00000
   8  1  C     x    -0.00000   0.00061   0.00000   0.00000  -0.00000  -0.14700
   9  1  C     y     0.00048   0.00000   0.00053   0.00020   0.00695  -0.00000
  10  1  C     z    -0.00000   0.00000  -0.00000  -0.00000  -0.00000  -0.00000
  11  2  C     s     0.00003   0.00000   0.00292   0.60084   0.04576   0.00000
  12  2  C     s     0.00001   0.00000   0.00201   0.43741   0.06125   0.00000
  13  2  C     s     0.00008   0.00000   0.00051   0.00488  -0.16441  -0.00000
  14  2  C     s    -0.00030  -0.00000   0.00036  -0.00047  -0.08907   0.00000
  15  2  C     x     0.00000  -0.00007  -0.00000   0.00000  -0.00000   0.03272
  16  2  C     y    -0.00001  -0.00000  -0.00070  -0.00050   0.08962   0.00000
  17  2  C     z     0.00000   0.00000   0.00000  -0.00000   0.00000   0.00000
  18  2  C     x     0.00000  -0.00020  -0.00000  -0.00000   0.00000   0.06807
  19  2  C     y     0.00019   0.00000   0.00002   0.00046  -0.01307  -0.00000
  20  2  C     z     0.00000  -0.00000   0.00000   0.00000   0.00000   0.00000
  21  3  C     s    -0.42496   0.42500  -0.00585   0.00006   0.06279  -0.08802
  22  3  C     s    -0.30937   0.30938  -0.00431   0.00005   0.08493  -0.11915
  23  3  C     s    -0.00291   0.00301   0.00020  -0.00007  -0.23906   0.32947
  24  3  C     s     0.00056  -0.00080   0.00048   0.00017  -0.14747   0.33358
  25  3  C     x    -0.00002  -0.00003  -0.00030   0.00000   0.07410   0.02766
  26  3  C     y     0.00002  -0.00006   0.00020  -0.00003  -0.03895   0.00528
  27  3  C     z    -0.00000  -0.00000  -0.00000  -0.00000  -0.00000  -0.00000
  28  3  C     x    -0.00017   0.00026  -0.00016  -0.00012  -0.00544  -0.00067
  29  3  C     y    -0.00003  -0.00015  -0.00010   0.00012   0.00487   0.03800
  30  3  C     z     0.00000  -0.00000   0.00000   0.00000   0.00000   0.00000
  31  4  C     s    -0.42496  -0.42500  -0.00585   0.00006   0.06279   0.08802
  32  4  C     s    -0.30937  -0.30938  -0.00431   0.00005   0.08493   0.11915
  33  4  C     s    -0.00291  -0.00301   0.00020  -0.00007  -0.23906  -0.32947
  34  4  C     s     0.00056   0.00080   0.00048   0.00017  -0.14747  -0.33358
  35  4  C     x     0.00002  -0.00003   0.00030  -0.00000  -0.07410   0.02766
  36  4  C     y     0.00002   0.00006   0.00020  -0.00003  -0.03895  -0.00528
  37  4  C     z     0.00000   0.00000  -0.00000   0.00000   0.00000   0.00000
  38  4  C     x     0.00017   0.00026   0.00016   0.00012   0.00544  -0.00067
  39  4  C     y    -0.00003   0.00015  -0.00010   0.00012   0.00487  -0.03800
  40  4  C     z    -0.00000  -0.00000   0.00000  -0.00000  -0.00000  -0.00000
  41  5  H     s     0.00003  -0.00000  -0.00001   0.00048  -0.03279  -0.01126
  42  5  H     s    -0.00010  -0.00008  -0.00013  -0.00011  -0.00015   0.02385
  43  6  H     s     0.00003   0.00000  -0.00001   0.00048  -0.03279   0.01126
  44  6  H     s    -0.00010   0.00008  -0.00013  -0.00011  -0.00015  -0.02385
  45  7  H     s    -0.00039   0.00042  -0.00004  -0.00002  -0.05535   0.12009
  46  7  H     s     0.00002  -0.00005   0.00005   0.00004  -0.00390   0.02188
  47  8  H     s    -0.00037   0.00040  -0.00002  -0.00002  -0.05831   0.10763
  48  8  H     s    -0.00008  -0.00003  -0.00009   0.00008  -0.00357   0.04657
  49  9  H     s    -0.00039  -0.00042  -0.00004  -0.00002  -0.05535  -0.12009
  50  9  H     s     0.00002   0.00005   0.00005   0.00004  -0.00390  -0.02188
  51 10  H     s    -0.00037  -0.00040  -0.00002  -0.00002  -0.05831  -0.10763
  52 10  H     s    -0.00008   0.00003  -0.00009   0.00008  -0.00357  -0.04657

 MO#                       7         8         9        10        11        12
 E(a.u.)              -0.904    -0.735    -0.653    -0.649    -0.580    -0.531
 -------------------------------------------------------------------------------

   1  1  C     s    -0.03368   0.06170  -0.01882   0.00000  -0.00000  -0.01752
   2  1  C     s    -0.04552   0.08433  -0.02599   0.00000  -0.00000  -0.02430
   3  1  C     s     0.12734  -0.23396   0.07510  -0.00000   0.00000   0.07458
   4  1  C     s     0.07069  -0.21397   0.07266  -0.00000  -0.00000   0.04846
   5  1  C     x     0.00000  -0.00000   0.00000   0.27098  -0.29905   0.00000
   6  1  C     y     0.25700   0.16953   0.09909  -0.00000  -0.00000   0.43996
   7  1  C     z    -0.00000  -0.00000  -0.00000  -0.00000  -0.00000  -0.00000
   8  1  C     x    -0.00000  -0.00000  -0.00000  -0.07761   0.02269  -0.00000
   9  1  C     y    -0.12342  -0.01450  -0.06600   0.00000  -0.00000  -0.03095
  10  1  C     z    -0.00000  -0.00000  -0.00000  -0.00000  -0.00000  -0.00000
  11  2  C     s    -0.09163  -0.04951   0.03404  -0.00000  -0.00000   0.00002
  12  2  C     s    -0.12277  -0.06666   0.04652  -0.00000  -0.00000   0.00026
  13  2  C     s     0.31357   0.17201  -0.13119   0.00000  -0.00000  -0.00978
  14  2  C     s     0.33151   0.19165  -0.08276   0.00000   0.00000   0.04258
  15  2  C     x     0.00000  -0.00000   0.00000   0.17075  -0.15212   0.00000
  16  2  C     y    -0.07389   0.11968  -0.17436   0.00000   0.00000  -0.42358
  17  2  C     z     0.00000   0.00000   0.00000   0.00000  -0.00000  -0.00000
  18  2  C     x     0.00000   0.00000   0.00000   0.08381  -0.04954   0.00000
  19  2  C     y    -0.01633  -0.00677  -0.02483   0.00000  -0.00000  -0.07407
  20  2  C     z     0.00000   0.00000  -0.00000   0.00000   0.00000  -0.00000
  21  3  C     s     0.05108  -0.02345  -0.00406   0.00417   0.00786   0.00922
  22  3  C     s     0.06910  -0.03183  -0.00585   0.00589   0.01080   0.01265
  23  3  C     s    -0.19011   0.09096   0.02168  -0.02182  -0.02860  -0.03502
  24  3  C     s    -0.19833   0.08113  -0.00756   0.03968  -0.06503  -0.06792
  25  3  C     x    -0.02676   0.29158   0.17575  -0.04975   0.37438   0.08490
  26  3  C     y     0.07761  -0.07239   0.29706   0.35835   0.09881  -0.21200
  27  3  C     z    -0.00000  -0.00000  -0.00000  -0.00000  -0.00000  -0.00000
  28  3  C     x     0.03784   0.03807   0.06152  -0.01049   0.06905   0.04618
  29  3  C     y     0.04857   0.00809   0.06698   0.08404  -0.01075  -0.01492
  30  3  C     z    -0.00000   0.00000  -0.00000  -0.00000  -0.00000  -0.00000
  31  4  C     s     0.05108  -0.02345  -0.00406  -0.00417  -0.00786   0.00922
  32  4  C     s     0.06910  -0.03183  -0.00585  -0.00589  -0.01080   0.01265
  33  4  C     s    -0.19011   0.09096   0.02168   0.02182   0.02860  -0.03502
  34  4  C     s    -0.19833   0.08113  -0.00756  -0.03968   0.06503  -0.06792
  35  4  C     x     0.02676  -0.29158  -0.17575  -0.04975   0.37438  -0.08490
  36  4  C     y     0.07761  -0.07239   0.29706  -0.35835  -0.09881  -0.21200
  37  4  C     z     0.00000   0.00000  -0.00000   0.00000  -0.00000   0.00000
  38  4  C     x    -0.03784  -0.03807  -0.06152  -0.01049   0.06905  -0.04618
  39  4  C     y     0.04857   0.00809   0.06698  -0.08404   0.01075  -0.01492
  40  4  C     z    -0.00000  -0.00000  -0.00000  -0.00000  -0.00000   0.00000
  41  5  H     s     0.09422   0.09774  -0.09358  -0.06577   0.06045  -0.12323
  42  5  H     s     0.02824   0.05644  -0.05761  -0.01680   0.03042  -0.10964
  43  6  H     s     0.09422   0.09774  -0.09358   0.06577  -0.06045  -0.12323
  44  6  H     s     0.02824   0.05644  -0.05761   0.01680  -0.03042  -0.10964
  45  7  H     s    -0.06091   0.13543   0.14887   0.05387   0.18925  -0.04075
  46  7  H     s    -0.04631   0.07281   0.07318   0.02920   0.15591  -0.05706
  47  8  H     s    -0.09659   0.06967  -0.14260  -0.18261  -0.07157   0.11409
  48  8  H     s    -0.00925   0.05163  -0.09347  -0.11307  -0.06838   0.12494
  49  9  H     s    -0.06091   0.13543   0.14887  -0.05387  -0.18925  -0.04075
  50  9  H     s    -0.04631   0.07281   0.07318  -0.02920  -0.15591  -0.05706
  51 10  H     s    -0.09659   0.06967  -0.14260   0.18261   0.07157   0.11409
  52 10  H     s    -0.00925   0.05163  -0.09347   0.11307   0.06838   0.12494

 MO#                      13        14        15        16        17        18
 E(a.u.)              -0.486    -0.434    -0.200    -0.034     0.210     0.245
 -------------------------------------------------------------------------------

   1  1  C     s     0.00000  -0.00000   0.00000   0.00000   0.00000  -0.00000
   2  1  C     s    -0.00000  -0.00000   0.00000   0.00000   0.00000  -0.00000
   3  1  C     s     0.00000   0.00000  -0.00000  -0.00000   0.00000   0.00000
   4  1  C     s    -0.00000  -0.00000  -0.00000  -0.00000  -0.00000  -0.00000
   5  1  C     x     0.19226  -0.00000   0.00000   0.00000   0.00000  -0.22631
   6  1  C     y     0.00000  -0.00000   0.00000   0.00000   0.00000  -0.00000
   7  1  C     z    -0.00000  -0.46148   0.08549  -0.00000  -0.53289  -0.00000
   8  1  C     x     0.02406   0.00000   0.00000  -0.00000   0.00000  -3.69702
   9  1  C     y    -0.00000   0.00000   0.00000   0.00000   0.00000  -0.00000
  10  1  C     z    -0.00000  -0.18308   0.08285  -0.00000  -1.26610  -0.00000
  11  2  C     s    -0.00000   0.00000   0.00000  -0.00000   0.00000  -0.00000
  12  2  C     s     0.00000   0.00000   0.00000  -0.00000   0.00000  -0.00000
  13  2  C     s    -0.00000  -0.00000  -0.00000   0.00000   0.00000  -0.00000
  14  2  C     s     0.00000  -0.00000  -0.00000   0.00000  -0.00000   0.00000
  15  2  C     x    -0.45473   0.00000   0.00000   0.00000   0.00000  -0.05353
  16  2  C     y    -0.00000   0.00000  -0.00000  -0.00000   0.00000  -0.00000
  17  2  C     z    -0.00000  -0.27637   0.48405   0.00000   0.23992   0.00000
  18  2  C     x    -0.14109   0.00000   0.00000   0.00000  -0.00000   1.26229
  19  2  C     y    -0.00000   0.00000  -0.00000  -0.00000   0.00000  -0.00000
  20  2  C     z    -0.00000  -0.08878   0.38155   0.00000   0.84605   0.00000
  21  3  C     s    -0.01535   0.00000  -0.00000  -0.00000   0.00000  -0.03951
  22  3  C     s    -0.02137   0.00000  -0.00000  -0.00000  -0.00000  -0.05043
  23  3  C     s     0.06242  -0.00000   0.00000  -0.00000   0.00000  -0.00355
  24  3  C     s     0.09398  -0.00000   0.00000   0.00000  -0.00000   2.67591
  25  3  C     x    -0.15906   0.00000   0.00000   0.00000  -0.00000   0.06129
  26  3  C     y     0.13210  -0.00000  -0.00000  -0.00000   0.00000  -0.10420
  27  3  C     z    -0.00000  -0.24074  -0.30826   0.44743   0.11663   0.00000
  28  3  C     x    -0.05074  -0.00000  -0.00000  -0.00000   0.00000  -1.16338
  29  3  C     y     0.01712  -0.00000  -0.00000  -0.00000  -0.00000   1.25631
  30  3  C     z    -0.00000  -0.09991  -0.29795   0.41323   0.66534   0.00000
  31  4  C     s     0.01535  -0.00000  -0.00000   0.00000  -0.00000   0.03951
  32  4  C     s     0.02137  -0.00000  -0.00000   0.00000  -0.00000   0.05043
  33  4  C     s    -0.06242   0.00000   0.00000   0.00000   0.00000   0.00355
  34  4  C     s    -0.09398   0.00000   0.00000  -0.00000   0.00000  -2.67591
  35  4  C     x    -0.15906   0.00000   0.00000  -0.00000   0.00000   0.06129
  36  4  C     y    -0.13210   0.00000  -0.00000  -0.00000  -0.00000   0.10420
  37  4  C     z    -0.00000  -0.24074  -0.30826  -0.44743   0.11663   0.00000
  38  4  C     x    -0.05074   0.00000  -0.00000  -0.00000   0.00000  -1.16338
  39  4  C     y    -0.01712   0.00000   0.00000  -0.00000   0.00000  -1.25631
  40  4  C     z    -0.00000  -0.09991  -0.29795  -0.41323   0.66534   0.00000
  41  5  H     s     0.22398  -0.00000  -0.00000  -0.00000   0.00000  -0.04223
  42  5  H     s     0.17291   0.00000   0.00000   0.00000  -0.00000   0.31284
  43  6  H     s    -0.22398   0.00000  -0.00000  -0.00000  -0.00000   0.04223
  44  6  H     s    -0.17291   0.00000  -0.00000  -0.00000   0.00000  -0.31284
  45  7  H     s    -0.02239  -0.00000  -0.00000   0.00000  -0.00000   0.02149
  46  7  H     s    -0.02301   0.00000   0.00000   0.00000  -0.00000  -0.07482
  47  8  H     s    -0.04674   0.00000   0.00000   0.00000   0.00000  -0.01548
  48  8  H     s    -0.06016  -0.00000  -0.00000  -0.00000  -0.00000   0.07625
  49  9  H     s     0.02239   0.00000  -0.00000   0.00000  -0.00000  -0.02149
  50  9  H     s     0.02301  -0.00000  -0.00000  -0.00000  -0.00000   0.07482
  51 10  H     s     0.04674  -0.00000   0.00000   0.00000  -0.00000   0.01548
  52 10  H     s     0.06016  -0.00000   0.00000   0.00000  -0.00000  -0.07625

 MO#                      19        20
 E(a.u.)               0.257     0.267
 -------------------------------------------------------------------------------

   1  1  C     s    -0.03434  -0.01967
   2  1  C     s    -0.04423  -0.02533
   3  1  C     s    -0.00444   0.00384
   4  1  C     s     1.90303   1.45749
   5  1  C     x     0.00000  -0.00000
   6  1  C     y    -0.17769  -0.05089
   7  1  C     z    -0.00000   0.00000
   8  1  C     x     0.00000  -0.00000
   9  1  C     y    -2.62612  -0.80613
  10  1  C     z    -0.00000  -0.00000
  11  2  C     s    -0.00658  -0.01939
  12  2  C     s    -0.00417  -0.02570
  13  2  C     s    -0.11446   0.02955
  14  2  C     s     1.58439   0.99137
  15  2  C     x     0.00000  -0.00000
  16  2  C     y     0.03510   0.08760
  17  2  C     z     0.00000  -0.00000
  18  2  C     x    -0.00000   0.00000
  19  2  C     y    -0.77798   0.28181
  20  2  C     z     0.00000  -0.00000
  21  3  C     s     0.04763  -0.02722
  22  3  C     s     0.06487  -0.03885
  23  3  C     s    -0.10472   0.11510
  24  3  C     s    -2.10320   0.73916
  25  3  C     x    -0.10612   0.10226
  26  3  C     y    -0.01456  -0.15936
  27  3  C     z     0.00000   0.00000
  28  3  C     x     1.24483   1.17553
  29  3  C     y    -0.10580  -0.37883
  30  3  C     z     0.00000   0.00000
  31  4  C     s     0.04763  -0.02722
  32  4  C     s     0.06487  -0.03885
  33  4  C     s    -0.10472   0.11510
  34  4  C     s    -2.10320   0.73916
  35  4  C     x     0.10612  -0.10226
  36  4  C     y    -0.01456  -0.15936
  37  4  C     z     0.00000   0.00000
  38  4  C     x    -1.24483  -1.17553
  39  4  C     y    -0.10580  -0.37883
  40  4  C     z     0.00000  -0.00000
  41  5  H     s    -0.00759   0.00602
  42  5  H     s     0.24717  -0.41136
  43  6  H     s    -0.00759   0.00602
  44  6  H     s     0.24717  -0.41136
  45  7  H     s     0.03153  -0.03770
  46  7  H     s     0.28452  -1.09136
  47  8  H     s    -0.03095  -0.01918
  48  8  H     s     0.40263  -0.94091
  49  9  H     s     0.03153  -0.03770
  50  9  H     s     0.28452  -1.09136
  51 10  H     s    -0.03095  -0.01918
  52 10  H     s     0.40263  -0.94091


                    PARAMETER LIMIT VALUES
 Max. no. of atoms                    MAXCEN =    200
 Max. no. of basis functions          MAXBFN =   1350
 Max. no. of shells                   MAXSHL =    500
 Max. no. of total primitives         MAXEXP =   4400
 Max. no. of primitives per orbital   MAXPRM =     15
 Max. no. of atoms * no. of orbitals  MAXNAB = 135000
 Increase max basis set size by       NEXTRA =     20
 Max. size for Rumer data             MAXST1 = 120000
 Max. no. of orbitals in group        MAXNOB =    200
 Max. no. of CUBE orbitals            MAXCUB =    100
 Max. no. of groups                   MAXGRP =     49
 BRILLMASK array sizes                MAXBLL =  12500

 VBO LIB IS: ./VBOLIB/VBOLIBD95                                                              

 Localized molecular orbitals and the bond labels
 ===============================================================================
 LMO#                      1         2         3         4         5         6
 E(a.u.)             -11.284   -11.284   -11.226   -11.108    -0.813    -0.790
 Bond Label            4:(0)     3:(0)     1:(0)     2:(0)    2-1(1)    4-1(1)
 -------------------------------------------------------------------------------

   1  1  C     s    -0.00144  -0.00144   0.60816   0.00190  -0.05113   0.03964
   2  1  C     s    -0.00216  -0.00216   0.44819   0.00291  -0.08808   0.06802
   3  1  C     s     0.00681   0.00681  -0.02864  -0.00934   0.31008  -0.23274
   4  1  C     s     0.00189   0.00189  -0.02082  -0.00212   0.17388  -0.14795
   5  1  C     x    -0.00575   0.00575  -0.00000   0.00000  -0.00000   0.34552
   6  1  C     y    -0.00385  -0.00385  -0.00446  -0.01197   0.43560   0.23135
   7  1  C     z    -0.00000  -0.00000   0.00000   0.00000   0.00000   0.00000
   8  1  C     x     0.00567  -0.00567  -0.00000   0.00000   0.00000  -0.07581
   9  1  C     y     0.00260   0.00260   0.00375   0.00541  -0.10217  -0.02394
  10  1  C     z    -0.00000  -0.00000   0.00000   0.00000   0.00000   0.00000
  11  2  C     s    -0.00003  -0.00003   0.00229   0.60712  -0.04334  -0.00724
  12  2  C     s    -0.00010  -0.00010   0.00335   0.44659  -0.07014  -0.00901
  13  2  C     s     0.00071   0.00071  -0.00992  -0.02134   0.21252   0.01465
  14  2  C     s    -0.00231  -0.00231  -0.00588  -0.02470   0.22891   0.07713
  15  2  C     x     0.00009  -0.00009  -0.00000  -0.00000  -0.00000  -0.01027
  16  2  C     y    -0.00048  -0.00048   0.01512  -0.00177  -0.39968  -0.04236
  17  2  C     z     0.00000   0.00000   0.00000   0.00000   0.00000  -0.00000
  18  2  C     x    -0.00218   0.00218   0.00000  -0.00000  -0.00000   0.02696
  19  2  C     y     0.00083   0.00083   0.00017   0.00028  -0.05602  -0.03283
  20  2  C     z     0.00000   0.00000  -0.00000   0.00000   0.00000  -0.00000
  21  3  C     s    -0.00008  -0.60709   0.00172  -0.00008   0.00668  -0.00783
  22  3  C     s    -0.00017  -0.44638   0.00262  -0.00005   0.00725  -0.00889
  23  3  C     s     0.00085   0.02254  -0.00850  -0.00020  -0.01071   0.01616
  24  3  C     s    -0.00238   0.02426  -0.00204   0.00281  -0.08583   0.09520
  25  3  C     x    -0.00015   0.00335   0.01118  -0.00017   0.02886  -0.04594
  26  3  C     y     0.00070  -0.00255  -0.00635   0.00088  -0.02353   0.01932
  27  3  C     z    -0.00000  -0.00000   0.00000  -0.00000  -0.00000   0.00000
  28  3  C     x    -0.00015  -0.00034  -0.00104  -0.00178   0.06367  -0.01970
  29  3  C     y    -0.00221  -0.00001  -0.00090  -0.00119   0.02599   0.05666
  30  3  C     z    -0.00000  -0.00000   0.00000  -0.00000  -0.00000   0.00000
  31  4  C     s    -0.60709  -0.00008   0.00172  -0.00008   0.00668   0.05009
  32  4  C     s    -0.44638  -0.00017   0.00262  -0.00005   0.00725   0.07760
  33  4  C     s     0.02254   0.00085  -0.00850  -0.00020  -0.01071  -0.24524
  34  4  C     s     0.02426  -0.00238  -0.00204   0.00281  -0.08583  -0.26144
  35  4  C     x    -0.00335   0.00015  -0.01118   0.00017  -0.02886  -0.38877
  36  4  C     y    -0.00255   0.00070  -0.00635   0.00088  -0.02353  -0.22703
  37  4  C     z    -0.00000  -0.00000   0.00000  -0.00000  -0.00000   0.00000
  38  4  C     x     0.00034   0.00015   0.00104   0.00178  -0.06367  -0.07859
  39  4  C     y    -0.00001  -0.00221  -0.00090  -0.00119   0.02599  -0.04491
  40  4  C     z    -0.00000  -0.00000   0.00000  -0.00000  -0.00000   0.00000
  41  5  H     s    -0.00008   0.00020   0.00077  -0.00939  -0.03533   0.01383
  42  5  H     s    -0.00136   0.00108   0.00240  -0.00421  -0.06975   0.03581
  43  6  H     s     0.00020  -0.00008   0.00077  -0.00939  -0.03533  -0.02418
  44  6  H     s     0.00108  -0.00136   0.00240  -0.00421  -0.06975  -0.05142
  45  7  H     s     0.00048   0.00906   0.00071   0.00028  -0.01082  -0.02494
  46  7  H     s     0.00120   0.00300   0.00273   0.00137  -0.05010  -0.05255
  47  8  H     s    -0.00021   0.00949   0.00028  -0.00074   0.02308   0.01073
  48  8  H     s    -0.00155   0.00319   0.00098  -0.00186   0.06088   0.04155
  49  9  H     s     0.00906   0.00048   0.00071   0.00028  -0.01082   0.03606
  50  9  H     s     0.00300   0.00120   0.00273   0.00137  -0.05010   0.06059
  51 10  H     s     0.00949  -0.00021   0.00028  -0.00074   0.02308   0.03409
  52 10  H     s     0.00319  -0.00155   0.00098  -0.00186   0.06088   0.06821

 LMO#                      7         8         9        10        11        12
 E(a.u.)              -0.790    -0.767    -0.767    -0.763    -0.763    -0.647
 Bond Label           3-1(1)    7-3(1)    9-4(1)   10-4(1)    8-3(1)    6-2(1)
 -------------------------------------------------------------------------------

   1  1  C     s     0.03964   0.00576   0.00576   0.00655  -0.00655   0.00615
   2  1  C     s     0.06802   0.00777   0.00777   0.00882  -0.00882   0.00833
   3  1  C     s    -0.23274  -0.02041  -0.02041  -0.02337   0.02337  -0.02378
   4  1  C     s    -0.14795  -0.04032  -0.04032  -0.04710   0.04710  -0.05725
   5  1  C     x    -0.34552  -0.00458   0.00458   0.02367   0.02367   0.02484
   6  1  C     y     0.23135   0.01793   0.01793   0.00644  -0.00644  -0.01928
   7  1  C     z    -0.00000   0.00000   0.00000   0.00000   0.00000  -0.00000
   8  1  C     x     0.07581  -0.07439   0.07439   0.02404   0.02404  -0.04972
   9  1  C     y    -0.02394  -0.00830  -0.00830   0.06242  -0.06242  -0.02483
  10  1  C     z    -0.00000  -0.00000   0.00000   0.00000   0.00000  -0.00000
  11  2  C     s    -0.00724   0.00262   0.00262  -0.00131   0.00131  -0.04752
  12  2  C     s    -0.00901   0.00365   0.00365  -0.00230   0.00230  -0.07808
  13  2  C     s     0.01466  -0.01106  -0.01106   0.01163  -0.01163   0.25061
  14  2  C     s     0.07713  -0.00709  -0.00709  -0.01654   0.01654   0.22094
  15  2  C     x     0.01027  -0.01167   0.01167   0.00166   0.00166   0.36032
  16  2  C     y    -0.04236   0.00973   0.00973  -0.00463   0.00463   0.19215
  17  2  C     z    -0.00000  -0.00000  -0.00000   0.00000   0.00000  -0.00000
  18  2  C     x    -0.02696   0.02862  -0.02862  -0.00653  -0.00653   0.12416
  19  2  C     y    -0.03283  -0.00049  -0.00049  -0.00076   0.00076   0.02539
  20  2  C     z    -0.00000  -0.00000  -0.00000   0.00000  -0.00000  -0.00000
  21  3  C     s     0.05009  -0.05337  -0.00109   0.00316   0.04958   0.00393
  22  3  C     s     0.07760  -0.08611  -0.00192   0.00450   0.08094   0.00542
  23  3  C     s    -0.24524   0.28678   0.01069  -0.01574  -0.26995  -0.01731
  24  3  C     s    -0.26144   0.24730  -0.01747  -0.00486  -0.22606  -0.01444
  25  3  C     x     0.38877   0.37760  -0.00466   0.01700   0.02577   0.00845
  26  3  C     y    -0.22703   0.22537   0.00271   0.00276   0.44486  -0.01885
  27  3  C     z     0.00000   0.00000   0.00000   0.00000   0.00000  -0.00000
  28  3  C     x     0.07859   0.06595   0.00001  -0.01679   0.02351   0.00967
  29  3  C     y    -0.04491   0.05121  -0.00426  -0.02156   0.08068   0.02162
  30  3  C     z     0.00000   0.00000   0.00000   0.00000   0.00000   0.00000
  31  4  C     s    -0.00783  -0.00109  -0.05337  -0.04958  -0.00316  -0.00228
  32  4  C     s    -0.00889  -0.00192  -0.08611  -0.08094  -0.00450  -0.00320
  33  4  C     s     0.01616   0.01069   0.28678   0.26995   0.01574   0.01211
  34  4  C     s     0.09520  -0.01747   0.24730   0.22606   0.00485   0.00780
  35  4  C     x     0.04594   0.00466  -0.37760   0.02577   0.01700   0.01298
  36  4  C     y     0.01932   0.00271   0.22537  -0.44486  -0.00276   0.00711
  37  4  C     z     0.00000   0.00000   0.00000   0.00000   0.00000  -0.00000
  38  4  C     x     0.01970  -0.00001  -0.06595   0.02351  -0.01679   0.01949
  39  4  C     y     0.05666  -0.00426   0.05121  -0.08068   0.02156  -0.00901
  40  4  C     z     0.00000   0.00000   0.00000   0.00000   0.00000   0.00000
  41  5  H     s    -0.02418   0.00462  -0.00417   0.00509   0.00327  -0.02451
  42  5  H     s    -0.05142   0.02072  -0.01388   0.00247   0.00795  -0.03217
  43  6  H     s     0.01383  -0.00417   0.00462  -0.00327  -0.00509   0.31453
  44  6  H     s     0.03581  -0.01388   0.02072  -0.00795  -0.00247   0.20112
  45  7  H     s     0.03606   0.31542  -0.00445   0.00334   0.03020  -0.00325
  46  7  H     s     0.06059   0.17297  -0.01144   0.02145   0.05054  -0.00466
  47  8  H     s     0.03409  -0.02501   0.00465  -0.00356  -0.31707   0.00499
  48  8  H     s     0.06821  -0.05782   0.00104  -0.01049  -0.18804   0.02752
  49  9  H     s    -0.02494  -0.00445   0.31542  -0.03020  -0.00334   0.00348
  50  9  H     s    -0.05255  -0.01144   0.17297  -0.05054  -0.02145   0.01387
  51 10  H     s     0.01073   0.00465  -0.02501   0.31707   0.00356  -0.00731
  52 10  H     s     0.04155   0.00104  -0.05782   0.18804   0.01049  -0.02617

 LMO#                     13        14        15
 E(a.u.)              -0.647    -0.335    -0.299
 Bond Label           5-2(1)     MC(1)    2-1(2)
 -------------------------------------------------------------------------------

   1  1  C     s     0.00615   0.00000   0.00000
   2  1  C     s     0.00833   0.00000   0.00000
   3  1  C     s    -0.02378  -0.00000  -0.00000
   4  1  C     s    -0.05725  -0.00000  -0.00000
   5  1  C     x    -0.02484   0.00000  -0.00000
   6  1  C     y    -0.01928   0.00000  -0.00000
   7  1  C     z     0.00000  -0.29554   0.36459
   8  1  C     x     0.04972  -0.00000  -0.00000
   9  1  C     y    -0.02483   0.00000   0.00000
  10  1  C     z     0.00000  -0.08549   0.18187
  11  2  C     s    -0.04752  -0.00000  -0.00000
  12  2  C     s    -0.07808   0.00000  -0.00000
  13  2  C     s     0.25061  -0.00000  -0.00000
  14  2  C     s     0.22094  -0.00000  -0.00000
  15  2  C     x    -0.36032  -0.00000   0.00000
  16  2  C     y     0.19215  -0.00000   0.00000
  17  2  C     z     0.00000   0.10399   0.54760
  18  2  C     x    -0.12416  -0.00000   0.00000
  19  2  C     y     0.02539  -0.00000   0.00000
  20  2  C     z     0.00000   0.18015   0.34786
  21  3  C     s    -0.00228   0.00000   0.00000
  22  3  C     s    -0.00320   0.00000   0.00000
  23  3  C     s     0.01211   0.00000  -0.00000
  24  3  C     s     0.00780   0.00000   0.00000
  25  3  C     x    -0.01298   0.00000   0.00000
  26  3  C     y     0.00711   0.00000  -0.00000
  27  3  C     z    -0.00000  -0.38322  -0.07821
  28  3  C     x    -0.01949  -0.00000  -0.00000
  29  3  C     y    -0.00901   0.00000  -0.00000
  30  3  C     z    -0.00000  -0.26941  -0.16178
  31  4  C     s     0.00393   0.00000  -0.00000
  32  4  C     s     0.00542   0.00000  -0.00000
  33  4  C     s    -0.01731  -0.00000   0.00000
  34  4  C     s    -0.01444  -0.00000   0.00000
  35  4  C     x    -0.00845  -0.00000   0.00000
  36  4  C     y    -0.01885  -0.00000   0.00000
  37  4  C     z    -0.00000  -0.38322  -0.07821
  38  4  C     x    -0.00967  -0.00000   0.00000
  39  4  C     y     0.02162  -0.00000  -0.00000
  40  4  C     z    -0.00000  -0.26941  -0.16178
  41  5  H     s     0.31453   0.00000  -0.00000
  42  5  H     s     0.20112   0.00000   0.00000
  43  6  H     s    -0.02451  -0.00000   0.00000
  44  6  H     s    -0.03217  -0.00000   0.00000
  45  7  H     s     0.00348   0.00000   0.00000
  46  7  H     s     0.01387  -0.00000   0.00000
  47  8  H     s    -0.00731  -0.00000  -0.00000
  48  8  H     s    -0.02617  -0.00000  -0.00000
  49  9  H     s    -0.00325   0.00000   0.00000
  50  9  H     s    -0.00466   0.00000   0.00000
  51 10  H     s     0.00499   0.00000  -0.00000
  52 10  H     s     0.02752   0.00000  -0.00000


 Mulliken population of localized molecular orbitals
 ===============================================================================
 LMO#                      1         2         3         4         5         6
 E(a.u.)             -11.284   -11.284   -11.226   -11.108    -0.813    -0.790
 Bond Label            4:(0)     3:(0)     1:(0)     2:(0)    2-1(1)    4-1(1)
 -------------------------------------------------------------------------------

   1         C       0.00053   0.00053   2.00214  -0.00026   1.04264   0.86616
   2         C      -0.00002  -0.00002  -0.00135   2.00155   1.04974  -0.03225
   3         C      -0.00001   2.00059  -0.00042  -0.00001  -0.03691  -0.03820
   4         C       2.00059  -0.00001  -0.00042  -0.00001  -0.03691   1.22170
   5         H      -0.00000   0.00000   0.00001  -0.00064  -0.01164  -0.00213
   6         H       0.00000  -0.00000   0.00001  -0.00064  -0.01164   0.00523
   7         H       0.00000  -0.00054   0.00001  -0.00000  -0.00373   0.00571
   8         H      -0.00000  -0.00055   0.00000   0.00001   0.00609  -0.00357
   9         H      -0.00054   0.00000   0.00001  -0.00000  -0.00373  -0.00918
  10         H      -0.00055  -0.00000   0.00000   0.00001   0.00609  -0.01348

 LMO#                      7         8         9        10        11        12
 E(a.u.)              -0.790    -0.767    -0.767    -0.763    -0.763    -0.647
 Bond Label           3-1(1)    7-3(1)    9-4(1)   10-4(1)    8-3(1)    6-2(1)
 -------------------------------------------------------------------------------

   1         C       0.86616  -0.06489  -0.06489  -0.05979  -0.05979  -0.05518
   2         C      -0.03225   0.00859   0.00859   0.00023   0.00023   1.20661
   3         C       1.22170   1.28307   0.00018   0.00921   1.24302   0.00739
   4         C      -0.03820   0.00018   1.28307   1.24302   0.00921   0.00099
   5         H       0.00523   0.00037  -0.00134  -0.00005   0.00007  -0.01042
   6         H      -0.00213  -0.00134   0.00037   0.00007  -0.00005   0.85054
   7         H      -0.00917   0.79354   0.00019   0.00023  -0.01468  -0.00058
   8         H      -0.01348  -0.01969  -0.00002  -0.00116   0.82290   0.00050
   9         H       0.00571   0.00019   0.79354  -0.01468   0.00023  -0.00063
  10         H      -0.00357  -0.00002  -0.01969   0.82290  -0.00116   0.00079

 LMO#                     13        14        15
 E(a.u.)              -0.647    -0.335    -0.299
 Bond Label           5-2(1)     MC(1)    2-1(2)
 -------------------------------------------------------------------------------

   1         C      -0.05518   0.41396   0.60050
   2         C       1.20661  -0.02579   1.44683
   3         C       0.00099   0.80592  -0.02366
   4         C       0.00739   0.80592  -0.02366
   5         H       0.85054  -0.00000   0.00000
   6         H      -0.01042   0.00000   0.00000
   7         H      -0.00063   0.00000   0.00000
   8         H       0.00079   0.00000   0.00000
   9         H      -0.00058   0.00000  -0.00000
  10         H       0.00050   0.00000   0.00000


 PARTITIONING OF LMOs INTO GROUPS ($LMOGRPMODIFY)
 ================================================
 LMO#     1  2  3  4  5  6  7  8  9 10 11 12 13 14 15
 Group#   1  1  1  1  1  1  1  1  1  1  1  1  1  2  2
 Split    0  0  0  0  0  0  0  0  0  0  0  0  0  1  1

 WARNING: Initial orbital 18 undefined from DISLMO
 Initial orbital
 WARNING: Initial orbital 19 undefined from DISLMO
 Initial orbital
 WARNING: Initial orbital 20 undefined from DISLMO
 Initial orbital
 WARNING: Initial orbital 21 undefined from DISLMO
 Initial orbital

 Group assignment of AOs
 =======================================================================
 AO#:      7 17 27 37 10 20 30 40
 Group#:   2  2  2  2  2  2  2  2

 Initial guess of orbitals
 ===============================================================================
 ORBITAL#                  1         2         3         4         5         6
 Bond Label            4:(0)     3:(0)     1:(0)     2:(0)    2-1(1)    4-1(1)
 -------------------------------------------------------------------------------

   1  1  C     s    -0.00144  -0.00144   0.60816   0.00190  -0.05113   0.03964
   2  1  C     s    -0.00216  -0.00216   0.44819   0.00291  -0.08808   0.06802
   3  1  C     s     0.00681   0.00681  -0.02864  -0.00934   0.31008  -0.23274
   4  1  C     s     0.00189   0.00189  -0.02082  -0.00212   0.17388  -0.14795
   5  1  C     x    -0.00575   0.00575  -0.00000   0.00000  -0.00000   0.34552
   6  1  C     y    -0.00385  -0.00385  -0.00446  -0.01197   0.43560   0.23135
   7  1  C     z     0.00000   0.00000   0.00000   0.00000   0.00000   0.00000
   8  1  C     x     0.00567  -0.00567  -0.00000   0.00000   0.00000  -0.07581
   9  1  C     y     0.00260   0.00260   0.00375   0.00541  -0.10217  -0.02394
  10  1  C     z     0.00000   0.00000   0.00000   0.00000   0.00000   0.00000
  11  2  C     s    -0.00003  -0.00003   0.00229   0.60712  -0.04334  -0.00724
  12  2  C     s    -0.00010  -0.00010   0.00335   0.44659  -0.07014  -0.00901
  13  2  C     s     0.00071   0.00071  -0.00992  -0.02134   0.21252   0.01465
  14  2  C     s    -0.00231  -0.00231  -0.00588  -0.02470   0.22891   0.07713
  15  2  C     x     0.00009  -0.00009  -0.00000  -0.00000  -0.00000  -0.01027
  16  2  C     y    -0.00048  -0.00048   0.01512  -0.00177  -0.39968  -0.04236
  17  2  C     z     0.00000   0.00000   0.00000   0.00000   0.00000   0.00000
  18  2  C     x    -0.00218   0.00218   0.00000  -0.00000  -0.00000   0.02696
  19  2  C     y     0.00083   0.00083   0.00017   0.00028  -0.05602  -0.03283
  20  2  C     z     0.00000   0.00000   0.00000   0.00000   0.00000   0.00000
  21  3  C     s    -0.00008  -0.60709   0.00172  -0.00008   0.00668  -0.00783
  22  3  C     s    -0.00017  -0.44638   0.00262  -0.00005   0.00725  -0.00889
  23  3  C     s     0.00085   0.02254  -0.00850  -0.00020  -0.01071   0.01616
  24  3  C     s    -0.00238   0.02426  -0.00204   0.00281  -0.08583   0.09520
  25  3  C     x    -0.00015   0.00335   0.01118  -0.00017   0.02886  -0.04594
  26  3  C     y     0.00070  -0.00255  -0.00635   0.00088  -0.02353   0.01932
  27  3  C     z     0.00000   0.00000   0.00000   0.00000   0.00000   0.00000
  28  3  C     x    -0.00015  -0.00034  -0.00104  -0.00178   0.06367  -0.01970
  29  3  C     y    -0.00221  -0.00001  -0.00090  -0.00119   0.02599   0.05666
  30  3  C     z     0.00000   0.00000   0.00000   0.00000   0.00000   0.00000
  31  4  C     s    -0.60709  -0.00008   0.00172  -0.00008   0.00668   0.05009
  32  4  C     s    -0.44638  -0.00017   0.00262  -0.00005   0.00725   0.07760
  33  4  C     s     0.02254   0.00085  -0.00850  -0.00020  -0.01071  -0.24524
  34  4  C     s     0.02426  -0.00238  -0.00204   0.00281  -0.08583  -0.26144
  35  4  C     x    -0.00335   0.00015  -0.01118   0.00017  -0.02886  -0.38877
  36  4  C     y    -0.00255   0.00070  -0.00635   0.00088  -0.02353  -0.22703
  37  4  C     z     0.00000   0.00000   0.00000   0.00000   0.00000   0.00000
  38  4  C     x     0.00034   0.00015   0.00104   0.00178  -0.06367  -0.07859
  39  4  C     y    -0.00001  -0.00221  -0.00090  -0.00119   0.02599  -0.04491
  40  4  C     z     0.00000   0.00000   0.00000   0.00000   0.00000   0.00000
  41  5  H     s    -0.00008   0.00020   0.00077  -0.00939  -0.03533   0.01383
  42  5  H     s    -0.00136   0.00108   0.00240  -0.00421  -0.06975   0.03581
  43  6  H     s     0.00020  -0.00008   0.00077  -0.00939  -0.03533  -0.02418
  44  6  H     s     0.00108  -0.00136   0.00240  -0.00421  -0.06975  -0.05142
  45  7  H     s     0.00048   0.00906   0.00071   0.00028  -0.01082  -0.02494
  46  7  H     s     0.00120   0.00300   0.00273   0.00137  -0.05010  -0.05255
  47  8  H     s    -0.00021   0.00949   0.00028  -0.00074   0.02308   0.01073
  48  8  H     s    -0.00155   0.00319   0.00098  -0.00186   0.06088   0.04155
  49  9  H     s     0.00906   0.00048   0.00071   0.00028  -0.01082   0.03606
  50  9  H     s     0.00300   0.00120   0.00273   0.00137  -0.05010   0.06059
  51 10  H     s     0.00949  -0.00021   0.00028  -0.00074   0.02308   0.03409
  52 10  H     s     0.00319  -0.00155   0.00098  -0.00186   0.06088   0.06821

 ORBITAL#                  7         8         9        10        11        12
 Bond Label           3-1(1)    7-3(1)    9-4(1)   10-4(1)    8-3(1)    6-2(1)
 -------------------------------------------------------------------------------

   1  1  C     s     0.03964   0.00576   0.00576   0.00655  -0.00655   0.00615
   2  1  C     s     0.06802   0.00777   0.00777   0.00882  -0.00882   0.00833
   3  1  C     s    -0.23274  -0.02041  -0.02041  -0.02337   0.02337  -0.02378
   4  1  C     s    -0.14795  -0.04032  -0.04032  -0.04710   0.04710  -0.05725
   5  1  C     x    -0.34552  -0.00458   0.00458   0.02367   0.02367   0.02484
   6  1  C     y     0.23135   0.01793   0.01793   0.00644  -0.00644  -0.01928
   7  1  C     z     0.00000   0.00000   0.00000   0.00000   0.00000   0.00000
   8  1  C     x     0.07581  -0.07439   0.07439   0.02404   0.02404  -0.04972
   9  1  C     y    -0.02394  -0.00830  -0.00830   0.06242  -0.06242  -0.02483
  10  1  C     z     0.00000   0.00000   0.00000   0.00000   0.00000   0.00000
  11  2  C     s    -0.00724   0.00262   0.00262  -0.00131   0.00131  -0.04752
  12  2  C     s    -0.00901   0.00365   0.00365  -0.00230   0.00230  -0.07808
  13  2  C     s     0.01466  -0.01106  -0.01106   0.01163  -0.01163   0.25061
  14  2  C     s     0.07713  -0.00709  -0.00709  -0.01654   0.01654   0.22094
  15  2  C     x     0.01027  -0.01167   0.01167   0.00166   0.00166   0.36032
  16  2  C     y    -0.04236   0.00973   0.00973  -0.00463   0.00463   0.19215
  17  2  C     z     0.00000   0.00000   0.00000   0.00000   0.00000   0.00000
  18  2  C     x    -0.02696   0.02862  -0.02862  -0.00653  -0.00653   0.12416
  19  2  C     y    -0.03283  -0.00049  -0.00049  -0.00076   0.00076   0.02539
  20  2  C     z     0.00000   0.00000   0.00000   0.00000   0.00000   0.00000
  21  3  C     s     0.05009  -0.05337  -0.00109   0.00316   0.04958   0.00393
  22  3  C     s     0.07760  -0.08611  -0.00192   0.00450   0.08094   0.00542
  23  3  C     s    -0.24524   0.28678   0.01069  -0.01574  -0.26995  -0.01731
  24  3  C     s    -0.26144   0.24730  -0.01747  -0.00486  -0.22606  -0.01444
  25  3  C     x     0.38877   0.37760  -0.00466   0.01700   0.02577   0.00845
  26  3  C     y    -0.22703   0.22537   0.00271   0.00276   0.44486  -0.01885
  27  3  C     z     0.00000   0.00000   0.00000   0.00000   0.00000   0.00000
  28  3  C     x     0.07859   0.06595   0.00001  -0.01679   0.02351   0.00967
  29  3  C     y    -0.04491   0.05121  -0.00426  -0.02156   0.08068   0.02162
  30  3  C     z     0.00000   0.00000   0.00000   0.00000   0.00000   0.00000
  31  4  C     s    -0.00783  -0.00109  -0.05337  -0.04958  -0.00316  -0.00228
  32  4  C     s    -0.00889  -0.00192  -0.08611  -0.08094  -0.00450  -0.00320
  33  4  C     s     0.01616   0.01069   0.28678   0.26995   0.01574   0.01211
  34  4  C     s     0.09520  -0.01747   0.24730   0.22606   0.00485   0.00780
  35  4  C     x     0.04594   0.00466  -0.37760   0.02577   0.01700   0.01298
  36  4  C     y     0.01932   0.00271   0.22537  -0.44486  -0.00276   0.00711
  37  4  C     z     0.00000   0.00000   0.00000   0.00000   0.00000   0.00000
  38  4  C     x     0.01970  -0.00001  -0.06595   0.02351  -0.01679   0.01949
  39  4  C     y     0.05666  -0.00426   0.05121  -0.08068   0.02156  -0.00901
  40  4  C     z     0.00000   0.00000   0.00000   0.00000   0.00000   0.00000
  41  5  H     s    -0.02418   0.00462  -0.00417   0.00509   0.00327  -0.02451
  42  5  H     s    -0.05142   0.02072  -0.01388   0.00247   0.00795  -0.03217
  43  6  H     s     0.01383  -0.00417   0.00462  -0.00327  -0.00509   0.31453
  44  6  H     s     0.03581  -0.01388   0.02072  -0.00795  -0.00247   0.20112
  45  7  H     s     0.03606   0.31542  -0.00445   0.00334   0.03020  -0.00325
  46  7  H     s     0.06059   0.17297  -0.01144   0.02145   0.05054  -0.00466
  47  8  H     s     0.03409  -0.02501   0.00465  -0.00356  -0.31707   0.00499
  48  8  H     s     0.06821  -0.05782   0.00104  -0.01049  -0.18804   0.02752
  49  9  H     s    -0.02494  -0.00445   0.31542  -0.03020  -0.00334   0.00348
  50  9  H     s    -0.05255  -0.01144   0.17297  -0.05054  -0.02145   0.01387
  51 10  H     s     0.01073   0.00465  -0.02501   0.31707   0.00356  -0.00731
  52 10  H     s     0.04155   0.00104  -0.05782   0.18804   0.01049  -0.02617

 ORBITAL#                 13        14        15        16        17        18
 Bond Label           5-2(1)     MC(1)     MC(1)    2-1(2)    2-1(2)          
 -------------------------------------------------------------------------------

   1  1  C     s     0.00615   0.00000   0.00000   0.00000   0.00000   0.00000
   2  1  C     s     0.00833   0.00000   0.00000   0.00000   0.00000   0.00000
   3  1  C     s    -0.02378   0.00000   0.00000   0.00000   0.00000   0.00000
   4  1  C     s    -0.05725   0.00000   0.00000   0.00000   0.00000   0.00000
   5  1  C     x    -0.02484   0.00000   0.00000   0.00000   0.00000   0.00000
   6  1  C     y    -0.01928   0.00000   0.00000   0.00000   0.00000   0.00000
   7  1  C     z     0.00000   1.00000   0.00000   0.00000   0.00000   0.00000
   8  1  C     x     0.04972   0.00000   0.00000   0.00000   0.00000   0.00000
   9  1  C     y    -0.02483   0.00000   0.00000   0.00000   0.00000   0.00000
  10  1  C     z     0.00000  -0.00000   0.00000  -0.00000  -0.00000   1.00000
  11  2  C     s    -0.04752   0.00000   0.00000   0.00000   0.00000   0.00000
  12  2  C     s    -0.07808   0.00000   0.00000   0.00000   0.00000   0.00000
  13  2  C     s     0.25061   0.00000   0.00000   0.00000   0.00000   0.00000
  14  2  C     s     0.22094   0.00000   0.00000   0.00000   0.00000   0.00000
  15  2  C     x    -0.36032   0.00000   0.00000   0.00000   0.00000   0.00000
  16  2  C     y     0.19215   0.00000   0.00000   0.00000   0.00000   0.00000
  17  2  C     z     0.00000   0.00000   1.00000  -0.00000  -0.00000   0.00000
  18  2  C     x    -0.12416   0.00000   0.00000   0.00000   0.00000   0.00000
  19  2  C     y     0.02539   0.00000   0.00000   0.00000   0.00000   0.00000
  20  2  C     z     0.00000   0.00000   0.00000   0.00000   0.00000   0.00000
  21  3  C     s    -0.00228   0.00000   0.00000   0.00000   0.00000   0.00000
  22  3  C     s    -0.00320   0.00000   0.00000   0.00000   0.00000   0.00000
  23  3  C     s     0.01211   0.00000   0.00000   0.00000   0.00000   0.00000
  24  3  C     s     0.00780   0.00000   0.00000   0.00000   0.00000   0.00000
  25  3  C     x    -0.01298   0.00000   0.00000   0.00000   0.00000   0.00000
  26  3  C     y     0.00711   0.00000   0.00000   0.00000   0.00000   0.00000
  27  3  C     z     0.00000  -0.00000   0.00000   1.00000   0.00000  -0.00000
  28  3  C     x    -0.01949   0.00000   0.00000   0.00000   0.00000   0.00000
  29  3  C     y    -0.00901   0.00000   0.00000   0.00000   0.00000   0.00000
  30  3  C     z     0.00000   0.00000   0.00000   0.00000   0.00000   0.00000
  31  4  C     s     0.00393   0.00000   0.00000   0.00000   0.00000   0.00000
  32  4  C     s     0.00542   0.00000   0.00000   0.00000   0.00000   0.00000
  33  4  C     s    -0.01731   0.00000   0.00000   0.00000   0.00000   0.00000
  34  4  C     s    -0.01444   0.00000   0.00000   0.00000   0.00000   0.00000
  35  4  C     x    -0.00845   0.00000   0.00000   0.00000   0.00000   0.00000
  36  4  C     y    -0.01885   0.00000   0.00000   0.00000   0.00000   0.00000
  37  4  C     z     0.00000  -0.00000   0.00000   0.00000   1.00000  -0.00000
  38  4  C     x    -0.00967   0.00000   0.00000   0.00000   0.00000   0.00000
  39  4  C     y     0.02162   0.00000   0.00000   0.00000   0.00000   0.00000
  40  4  C     z     0.00000  -0.00000  -0.00000   0.00000  -0.00000   0.00000
  41  5  H     s     0.31453   0.00000   0.00000   0.00000   0.00000   0.00000
  42  5  H     s     0.20112   0.00000   0.00000   0.00000   0.00000   0.00000
  43  6  H     s    -0.02451   0.00000   0.00000   0.00000   0.00000   0.00000
  44  6  H     s    -0.03217   0.00000   0.00000   0.00000   0.00000   0.00000
  45  7  H     s     0.00348   0.00000   0.00000   0.00000   0.00000   0.00000
  46  7  H     s     0.01387   0.00000   0.00000   0.00000   0.00000   0.00000
  47  8  H     s    -0.00731   0.00000   0.00000   0.00000   0.00000   0.00000
  48  8  H     s    -0.02617   0.00000   0.00000   0.00000   0.00000   0.00000
  49  9  H     s    -0.00325   0.00000   0.00000   0.00000   0.00000   0.00000
  50  9  H     s    -0.00466   0.00000   0.00000   0.00000   0.00000   0.00000
  51 10  H     s     0.00499   0.00000   0.00000   0.00000   0.00000   0.00000
  52 10  H     s     0.02752   0.00000   0.00000   0.00000   0.00000   0.00000

 ORBITAL#                 19        20        21
 Bond Label                                     
 -------------------------------------------------------------------------------

   1  1  C     s     0.00000   0.00000   0.00000
   2  1  C     s     0.00000   0.00000   0.00000
   3  1  C     s     0.00000   0.00000   0.00000
   4  1  C     s     0.00000   0.00000   0.00000
   5  1  C     x     0.00000   0.00000   0.00000
   6  1  C     y     0.00000   0.00000   0.00000
   7  1  C     z     0.00000   0.00000  -0.00000
   8  1  C     x     0.00000   0.00000   0.00000
   9  1  C     y     0.00000   0.00000   0.00000
  10  1  C     z     0.00000   0.00000   0.00000
  11  2  C     s     0.00000   0.00000   0.00000
  12  2  C     s     0.00000   0.00000   0.00000
  13  2  C     s     0.00000   0.00000   0.00000
  14  2  C     s     0.00000   0.00000   0.00000
  15  2  C     x     0.00000   0.00000   0.00000
  16  2  C     y     0.00000   0.00000   0.00000
  17  2  C     z     0.00000   0.00000   0.00000
  18  2  C     x     0.00000   0.00000   0.00000
  19  2  C     y     0.00000   0.00000   0.00000
  20  2  C     z     1.00000   0.00000   0.00000
  21  3  C     s     0.00000   0.00000   0.00000
  22  3  C     s     0.00000   0.00000   0.00000
  23  3  C     s     0.00000   0.00000   0.00000
  24  3  C     s     0.00000   0.00000   0.00000
  25  3  C     x     0.00000   0.00000   0.00000
  26  3  C     y     0.00000   0.00000   0.00000
  27  3  C     z     0.00000  -0.00000  -0.00000
  28  3  C     x     0.00000   0.00000   0.00000
  29  3  C     y     0.00000   0.00000   0.00000
  30  3  C     z     0.00000   1.00000   0.00000
  31  4  C     s     0.00000   0.00000   0.00000
  32  4  C     s     0.00000   0.00000   0.00000
  33  4  C     s     0.00000   0.00000   0.00000
  34  4  C     s     0.00000   0.00000   0.00000
  35  4  C     x     0.00000   0.00000   0.00000
  36  4  C     y     0.00000   0.00000   0.00000
  37  4  C     z     0.00000  -0.00000  -0.00000
  38  4  C     x     0.00000   0.00000   0.00000
  39  4  C     y     0.00000   0.00000   0.00000
  40  4  C     z    -0.00000  -0.00000   1.00000
  41  5  H     s     0.00000   0.00000   0.00000
  42  5  H     s     0.00000   0.00000   0.00000
  43  6  H     s     0.00000   0.00000   0.00000
  44  6  H     s     0.00000   0.00000   0.00000
  45  7  H     s     0.00000   0.00000   0.00000
  46  7  H     s     0.00000   0.00000   0.00000
  47  8  H     s     0.00000   0.00000   0.00000
  48  8  H     s     0.00000   0.00000   0.00000
  49  9  H     s     0.00000   0.00000   0.00000
  50  9  H     s     0.00000   0.00000   0.00000
  51 10  H     s     0.00000   0.00000   0.00000
  52 10  H     s     0.00000   0.00000   0.00000


      GENERAL CONTROLS ($GENCTL)
 ======================================
 Number of electron groups       =    2
 Maximum macro-iterations        =   12
 Energy threshold           = 10**(- 6)
 Restart calculation(0/1/2)      =    0
 Group#                     1  2
 Num. of electrons         26  4
 Num. of spins              0  0
 Num. of orbitals          13  8
 Method#                    1  2

 SYMBOLIC VB STRUCTURE(S) OF GROUP  2
 STR. NO.       RUMER PATTERN  
    1           1  2   3  4


 OVERLAP MATRIX OF VB ORBITALS FOR GROUP   2

        1      2      3      4      5      6      7      8
 ===========================================================
   1 1.0000
   2 0.1832 1.0000
   3 0.1389 0.0083 1.0000
   4 0.1389 0.0083 0.0066 1.0000
   5 0.5388 0.2944 0.2621 0.2621 1.0000
   6 0.2944 0.5388 0.0730 0.0730 0.6811 1.0000
   7 0.2621 0.0730 0.5388 0.0657 0.6326 0.2794 1.0000
   8 0.2621 0.0730 0.0657 0.5388 0.6326 0.2794 0.2610 1.0000

 EIGENVALUES OF OVERLAP MATRIX OF VB ORBITALS
 ============================================
     0.8714D-01    0.3695D+00    0.3762D+00    0.6135D+00    0.7762D+00    0.1338D+01
     0.1356D+01    0.3083D+01

 MAP FILE IS: ./MAP/MAP0400t                                                                  

 VB-ORBITAL OPTIMIZATION OF GROUP  2 ...
 GROUP =  2  ITER =  1 CMAX =  0.15000000000000
 GROUP =  2  ITER =  2 CMAX =  0.14956073655719
 GROUP =  2  ITER =  3 CMAX =  0.14963124431492
 GROUP =  2  ITER =  4 CMAX =  0.10546019789381
 GROUP =  2  ITER =  5 CMAX =  0.04880680115077
 GROUP =  2  ITER =  6 CMAX =  0.01192228222703
 GROUP =  2  ITER =  7 CMAX =  0.00072294898088

 ENERGY AND DIFF OF MACROITER    1 =   -154.8274343149   -154.8274343149

 VB-ORBITAL OPTIMIZATION OF GROUP  2 ...
 GROUP =  2  ITER =  1 CMAX =  0.02840801813916
 GROUP =  2  ITER =  2 CMAX =  0.01778946084582
 GROUP =  2  ITER =  3 CMAX =  0.00057451222017

 ENERGY AND DIFF OF MACROITER    2 =   -154.8382554220     -0.0108211070

 VB-ORBITAL OPTIMIZATION OF GROUP  2 ...
 GROUP =  2  ITER =  1 CMAX =  0.00532483953569
 GROUP =  2  ITER =  2 CMAX =  0.00308948418124
 GROUP =  2  ITER =  3 CMAX =  0.00006616789317

 ENERGY AND DIFF OF MACROITER    3 =   -154.8388516348     -0.0005962128

 VB-ORBITAL OPTIMIZATION OF GROUP  2 ...
 GROUP =  2  ITER =  1 CMAX =  0.00164889221694
 GROUP =  2  ITER =  2 CMAX =  0.00065194923491

 ENERGY AND DIFF OF MACROITER    4 =   -154.8388928990     -0.0000412642

 VB-ORBITAL OPTIMIZATION OF GROUP  2 ...
 GROUP =  2  ITER =  1 CMAX =  0.00047400983238

 ENERGY AND DIFF OF MACROITER    5 =   -154.8388958285     -0.0000029296

 VB-ORBITAL OPTIMIZATION OF GROUP  2 ...
 GROUP =  2  ITER =  1 CMAX =  0.00019912147748

 ENERGY AND DIFF OF MACROITER    6 =   -154.8388960930     -0.0000002644

 VB-ORBITAL OPTIMIZATION OF GROUP  2 ...
 GROUP =  2  ITER =  1 CMAX =  0.00010592199687

 OVERLAP MATRIX OF VB ORBITALS FOR GROUP   2

        1      2      3      4      5      6      7      8
 ===========================================================
   1 1.0000
   2 0.6287 1.0000
   3 0.4154 0.1255 1.0000
   4 0.4154 0.1255 0.0972 1.0000
   5 0.7818 0.5763 0.4141 0.4141 1.0000
   6 0.5372 0.7695 0.0929 0.0929 0.6811 1.0000
   7 0.4373 0.2446 0.7763 0.1358 0.6326 0.2794 1.0000
   8 0.4373 0.2446 0.1358 0.7763 0.6326 0.2794 0.2610 1.0000

 EIGENVALUES OF OVERLAP MATRIX OF VB ORBITALS
 ============================================
     0.5772D-01    0.1751D+00    0.1867D+00    0.2793D+00    0.4371D+00    0.1406D+01
     0.1467D+01    0.3991D+01

 ENERGY AND DIFF OF MACROITER    7 =   -154.8388961328     -0.0000000398

 MULLIKEN CHARGES ON ATOMS
 -------------------------
  ATOM             CHARGE 

    1             0.57549
    2            -0.59687
    3            -0.55408
    4            -0.55408
    5             0.18468
    6             0.18468
    7             0.19283
    8             0.18726
    9             0.19283
   10             0.18726

 -------------------------


 ORBITALS OF EACH ELECTRON GROUP IN AO BASIS: ORBITAL(GROUP)
 ===========================================================================
    Orbital#             1         2         3         4         5         6
      Group#             1         1         1         1         1         1
 ---------------------------------------------------------------------------
  AO# LABELS
   1  1  C     s   0.60808   0.00150  -0.00150   0.00189  -0.04495  -0.04299
   2  1  C     s   0.44820   0.00228  -0.00228   0.00290  -0.07940  -0.07291
   3  1  C     s  -0.02814  -0.00719   0.00719  -0.00929   0.27931   0.24745
   4  1  C     s  -0.02142  -0.00222   0.00222  -0.00165   0.12754   0.18184
   5  1  C     x  -0.00000  -0.00712  -0.00712  -0.00000   0.00000   0.36205
   6  1  C     y  -0.00382   0.00439  -0.00439  -0.01066   0.42449  -0.22443
   7  1  C     z   0.00000  -0.00000  -0.00000  -0.00000   0.00000   0.00000
   8  1  C     x   0.00000   0.00514   0.00514   0.00000   0.00000  -0.04568
   9  1  C     y   0.00276  -0.00304   0.00304   0.00742  -0.11128   0.03476
  10  1  C     z  -0.00000   0.00000   0.00000   0.00000  -0.00000  -0.00000
  11  2  C     s   0.00242   0.00002  -0.00002   0.60724  -0.04740   0.00746
  12  2  C     s   0.00357   0.00009  -0.00009   0.44679  -0.07588   0.00873
  13  2  C     s  -0.01085  -0.00071   0.00071  -0.02245   0.23509  -0.01389
  14  2  C     s  -0.00566   0.00272  -0.00272  -0.02668   0.25591  -0.08908
  15  2  C     x  -0.00000   0.00042   0.00042  -0.00000  -0.00000  -0.00474
  16  2  C     y   0.01699   0.00018  -0.00018  -0.00179  -0.42870   0.04220
  17  2  C     z   0.00000   0.00000  -0.00000  -0.00000  -0.00000   0.00000
  18  2  C     x  -0.00000  -0.00203  -0.00203  -0.00000  -0.00000   0.02786
  19  2  C     y   0.00022  -0.00101   0.00101   0.00033  -0.07022   0.04067
  20  2  C     z  -0.00000  -0.00000  -0.00000  -0.00000   0.00000  -0.00000
  21  3  C     s   0.00169   0.60698  -0.00000  -0.00002   0.00697  -0.04615
  22  3  C     s   0.00257   0.44640  -0.00006   0.00004   0.00788  -0.07290
  23  3  C     s  -0.00825  -0.02162   0.00058  -0.00056  -0.01187   0.22911
  24  3  C     s  -0.00204  -0.02508  -0.00260   0.00308  -0.08657   0.24191
  25  3  C     x   0.01025  -0.00262   0.00015   0.00016   0.03086  -0.36426
  26  3  C     y  -0.00591   0.00177   0.00043   0.00042  -0.02696   0.21979
  27  3  C     z  -0.00000  -0.00000   0.00000   0.00000  -0.00000   0.00000
  28  3  C     x  -0.00085   0.00056  -0.00011  -0.00225   0.05895  -0.07618
  29  3  C     y  -0.00061  -0.00020  -0.00213  -0.00154   0.02166   0.04079
  30  3  C     z   0.00000  -0.00000  -0.00000  -0.00000   0.00000   0.00000
  31  4  C     s   0.00169   0.00000  -0.60698  -0.00002   0.00697   0.00746
  32  4  C     s   0.00257   0.00006  -0.44640   0.00004   0.00788   0.00876
  33  4  C     s  -0.00825  -0.00058   0.02162  -0.00056  -0.01187  -0.01573
  34  4  C     s  -0.00204   0.00260   0.02508   0.00308  -0.08657  -0.08655
  35  4  C     x  -0.01025   0.00015  -0.00262  -0.00016  -0.03086  -0.03977
  36  4  C     y  -0.00591  -0.00043  -0.00177   0.00042  -0.02696  -0.01784
  37  4  C     z  -0.00000   0.00000   0.00000   0.00000  -0.00000   0.00000
  38  4  C     x   0.00085  -0.00011   0.00056   0.00225  -0.05895  -0.01991
  39  4  C     y  -0.00061   0.00213   0.00020  -0.00154   0.02166  -0.05035
  40  4  C     z   0.00000  -0.00000  -0.00000  -0.00000   0.00000  -0.00000
  41  5  H     s   0.00093  -0.00052  -0.00022  -0.00940  -0.03469   0.02597
  42  5  H     s   0.00257  -0.00137  -0.00153  -0.00350  -0.06541   0.05496
  43  6  H     s   0.00093   0.00022   0.00052  -0.00940  -0.03470  -0.01485
  44  6  H     s   0.00257   0.00153   0.00137  -0.00350  -0.06541  -0.04383
  45  7  H     s   0.00054  -0.00932   0.00051   0.00018  -0.00941  -0.03626
  46  7  H     s   0.00243  -0.00353   0.00139   0.00171  -0.04367  -0.06625
  47  8  H     s   0.00020  -0.00944  -0.00020  -0.00057   0.02262  -0.03627
  48  8  H     s   0.00113  -0.00352  -0.00137  -0.00176   0.05654  -0.07195
  49  9  H     s   0.00054  -0.00051   0.00932   0.00018  -0.00941   0.02339
  50  9  H     s   0.00243  -0.00139   0.00353   0.00171  -0.04367   0.05369
  51 10  H     s   0.00020   0.00020   0.00944  -0.00057   0.02262  -0.01111
  52 10  H     s   0.00113   0.00137   0.00352  -0.00176   0.05654  -0.03702

 ===========================================================================
    Orbital#             7         8         9        10        11        12
      Group#             1         1         1         1         1         1
 ---------------------------------------------------------------------------
  AO# LABELS
   1  1  C     s  -0.04299   0.00641  -0.00641  -0.00613  -0.00613  -0.00592
   2  1  C     s  -0.07291   0.00839  -0.00839  -0.00808  -0.00808  -0.00818
   3  1  C     s   0.24745  -0.02071   0.02071   0.02060   0.02060   0.02244
   4  1  C     s   0.18184  -0.05535   0.05535   0.05100   0.05100   0.04801
   5  1  C     x  -0.36205   0.02360   0.02360   0.01094  -0.01094  -0.01682
   6  1  C     y  -0.22443   0.00223  -0.00223  -0.01977  -0.01977   0.01509
   7  1  C     z  -0.00000   0.00000   0.00000  -0.00000   0.00000   0.00000
   8  1  C     x   0.04568   0.02363   0.02363   0.07155  -0.07155   0.05324
   9  1  C     y   0.03476   0.06351  -0.06351   0.00845   0.00845   0.04450
  10  1  C     z   0.00000  -0.00000   0.00000   0.00000   0.00000  -0.00000
  11  2  C     s   0.00746  -0.00132   0.00132  -0.00289  -0.00289   0.04828
  12  2  C     s   0.00873  -0.00222   0.00222  -0.00400  -0.00400   0.07929
  13  2  C     s  -0.01389   0.01152  -0.01152   0.01275   0.01275  -0.25897
  14  2  C     s  -0.08908  -0.01210   0.01210   0.00766   0.00766  -0.23228
  15  2  C     x   0.00474   0.00156   0.00156   0.01225  -0.01225  -0.37338
  16  2  C     y   0.04220  -0.00608   0.00608  -0.00984  -0.00984  -0.20510
  17  2  C     z  -0.00000  -0.00000   0.00000   0.00000  -0.00000  -0.00000
  18  2  C     x  -0.02786  -0.00322  -0.00322  -0.02873   0.02873  -0.10410
  19  2  C     y   0.04067  -0.00237   0.00237   0.00275   0.00275  -0.02808
  20  2  C     z  -0.00000   0.00000  -0.00000  -0.00000   0.00000   0.00000
  21  3  C     s   0.00746   0.00302   0.04988   0.05067   0.00155  -0.00381
  22  3  C     s   0.00876   0.00420   0.08140   0.08242   0.00250  -0.00532
  23  3  C     s  -0.01573  -0.01319  -0.26567  -0.26886  -0.01147   0.01661
  24  3  C     s  -0.08655  -0.00813  -0.23833  -0.24251   0.00992   0.01246
  25  3  C     x   0.03977   0.01581   0.02932  -0.35981   0.00704  -0.00976
  26  3  C     y  -0.01784   0.00401   0.42120  -0.21833  -0.00480   0.01872
  27  3  C     z   0.00000  -0.00000  -0.00000   0.00000   0.00000  -0.00000
  28  3  C     x   0.01991  -0.01534   0.02932  -0.07172   0.00347  -0.01426
  29  3  C     y  -0.05035  -0.01933   0.09352  -0.06788   0.00200  -0.02183
  30  3  C     z  -0.00000   0.00000  -0.00000  -0.00000  -0.00000   0.00000
  31  4  C     s  -0.04615  -0.04988  -0.00302   0.00155   0.05067   0.00183
  32  4  C     s  -0.07290  -0.08140  -0.00420   0.00250   0.08242   0.00284
  33  4  C     s   0.22911   0.26567   0.01319  -0.01147  -0.26886  -0.01204
  34  4  C     s   0.24191   0.23833   0.00813   0.00992  -0.24251   0.00686
  35  4  C     x   0.36426   0.02932   0.01581  -0.00704   0.35981  -0.01009
  36  4  C     y   0.21979  -0.42119  -0.00401  -0.00480  -0.21833  -0.00540
  37  4  C     z   0.00000  -0.00000   0.00000   0.00000   0.00000  -0.00000
  38  4  C     x   0.07618   0.02932  -0.01534  -0.00347   0.07172  -0.00681
  39  4  C     y   0.04079  -0.09352   0.01933   0.00200  -0.06788   0.00011
  40  4  C     z  -0.00000   0.00000  -0.00000  -0.00000  -0.00000   0.00000
  41  5  H     s  -0.01485   0.00505   0.00471  -0.00389   0.00367   0.02637
  42  5  H     s  -0.04383   0.00434   0.01299  -0.02114   0.01068   0.04641
  43  6  H     s   0.02597  -0.00471  -0.00505   0.00367  -0.00389  -0.31730
  44  6  H     s   0.05496  -0.01299  -0.00434   0.01068  -0.02114  -0.19478
  45  7  H     s   0.02339   0.00429   0.02789  -0.31641   0.00503   0.00329
  46  7  H     s   0.05369   0.02205   0.04876  -0.19091   0.01283   0.00958
  47  8  H     s  -0.01111  -0.00373  -0.31698   0.02715  -0.00421  -0.00504
  48  8  H     s  -0.03702  -0.00948  -0.19445   0.04975  -0.00246  -0.02516
  49  9  H     s  -0.03626  -0.02789  -0.00429   0.00503  -0.31641  -0.00347
  50  9  H     s  -0.06625  -0.04876  -0.02205   0.01283  -0.19092  -0.00500
  51 10  H     s  -0.03627   0.31698   0.00373  -0.00421   0.02715   0.00534
  52 10  H     s  -0.07195   0.19445   0.00948  -0.00246   0.04975   0.01567

 ===========================================================================
    Orbital#            13        14        15        16        17        18
      Group#             1         2         2         2         2         2
 ---------------------------------------------------------------------------
  AO# LABELS
   1  1  C     s  -0.00592   0.00000   0.00000   0.00000   0.00000   0.00000
   2  1  C     s  -0.00818   0.00000   0.00000   0.00000   0.00000   0.00000
   3  1  C     s   0.02244   0.00000   0.00000   0.00000   0.00000   0.00000
   4  1  C     s   0.04801   0.00000   0.00000   0.00000   0.00000   0.00000
   5  1  C     x   0.01682   0.00000   0.00000   0.00000   0.00000   0.00000
   6  1  C     y   0.01509   0.00000   0.00000   0.00000   0.00000   0.00000
   7  1  C     z  -0.00000   0.70060   0.14407   0.12058   0.12058   0.00000
   8  1  C     x  -0.05324   0.00000   0.00000   0.00000   0.00000   0.00000
   9  1  C     y   0.04450   0.00000   0.00000   0.00000   0.00000   0.00000
  10  1  C     z   0.00000   0.29869   0.05212  -0.04245  -0.04245   1.00000
  11  2  C     s   0.04828   0.00000   0.00000   0.00000   0.00000   0.00000
  12  2  C     s   0.07929   0.00000   0.00000   0.00000   0.00000   0.00000
  13  2  C     s  -0.25897   0.00000   0.00000   0.00000   0.00000   0.00000
  14  2  C     s  -0.23228   0.00000   0.00000   0.00000   0.00000   0.00000
  15  2  C     x   0.37338   0.00000   0.00000   0.00000   0.00000   0.00000
  16  2  C     y  -0.20510   0.00000   0.00000   0.00000   0.00000   0.00000
  17  2  C     z  -0.00000   0.11491   0.72712  -0.04417  -0.04417   0.00000
  18  2  C     x   0.10410   0.00000   0.00000   0.00000   0.00000   0.00000
  19  2  C     y  -0.02808   0.00000   0.00000   0.00000   0.00000   0.00000
  20  2  C     z  -0.00000   0.06342   0.28853  -0.05339  -0.05339   0.00000
  21  3  C     s   0.00183   0.00000   0.00000   0.00000   0.00000   0.00000
  22  3  C     s   0.00284   0.00000   0.00000   0.00000   0.00000   0.00000
  23  3  C     s  -0.01204   0.00000   0.00000   0.00000   0.00000   0.00000
  24  3  C     s   0.00686   0.00000   0.00000   0.00000   0.00000   0.00000
  25  3  C     x   0.01009   0.00000   0.00000   0.00000   0.00000   0.00000
  26  3  C     y  -0.00540   0.00000   0.00000   0.00000   0.00000   0.00000
  27  3  C     z   0.00000   0.12227   0.05316   0.71980   0.01032  -0.00000
  28  3  C     x   0.00681   0.00000   0.00000   0.00000   0.00000   0.00000
  29  3  C     y   0.00011   0.00000   0.00000   0.00000   0.00000   0.00000
  30  3  C     z  -0.00000  -0.02803   0.00640   0.40355  -0.00902   0.00000
  31  4  C     s  -0.00381   0.00000   0.00000   0.00000   0.00000   0.00000
  32  4  C     s  -0.00532   0.00000   0.00000   0.00000   0.00000   0.00000
  33  4  C     s   0.01661   0.00000   0.00000   0.00000   0.00000   0.00000
  34  4  C     s   0.01246   0.00000   0.00000   0.00000   0.00000   0.00000
  35  4  C     x   0.00976   0.00000   0.00000   0.00000   0.00000   0.00000
  36  4  C     y   0.01872   0.00000   0.00000   0.00000   0.00000   0.00000
  37  4  C     z   0.00000   0.12227   0.05316   0.01032   0.71980  -0.00000
  38  4  C     x   0.01426   0.00000   0.00000   0.00000   0.00000   0.00000
  39  4  C     y  -0.02183   0.00000   0.00000   0.00000   0.00000   0.00000
  40  4  C     z  -0.00000  -0.02803   0.00640  -0.00902   0.40355   0.00000
  41  5  H     s  -0.31730   0.00000   0.00000   0.00000   0.00000   0.00000
  42  5  H     s  -0.19478   0.00000   0.00000   0.00000   0.00000   0.00000
  43  6  H     s   0.02637   0.00000   0.00000   0.00000   0.00000   0.00000
  44  6  H     s   0.04641   0.00000   0.00000   0.00000   0.00000   0.00000
  45  7  H     s  -0.00347   0.00000   0.00000   0.00000   0.00000   0.00000
  46  7  H     s  -0.00500   0.00000   0.00000   0.00000   0.00000   0.00000
  47  8  H     s   0.00534   0.00000   0.00000   0.00000   0.00000   0.00000
  48  8  H     s   0.01567   0.00000   0.00000   0.00000   0.00000   0.00000
  49  9  H     s   0.00329   0.00000   0.00000   0.00000   0.00000   0.00000
  50  9  H     s   0.00958   0.00000   0.00000   0.00000   0.00000   0.00000
  51 10  H     s  -0.00504   0.00000   0.00000   0.00000   0.00000   0.00000
  52 10  H     s  -0.02516   0.00000   0.00000   0.00000   0.00000   0.00000

 ===========================================================================
    Orbital#            19        20        21
      Group#             2         2         2
 ---------------------------------------------------------------------------
  AO# LABELS
   1  1  C     s   0.00000   0.00000   0.00000
   2  1  C     s   0.00000   0.00000   0.00000
   3  1  C     s   0.00000   0.00000   0.00000
   4  1  C     s   0.00000   0.00000   0.00000
   5  1  C     x   0.00000   0.00000   0.00000
   6  1  C     y   0.00000   0.00000   0.00000
   7  1  C     z   0.00000   0.00000  -0.00000
   8  1  C     x   0.00000   0.00000   0.00000
   9  1  C     y   0.00000   0.00000   0.00000
  10  1  C     z   0.00000   0.00000   0.00000
  11  2  C     s   0.00000   0.00000   0.00000
  12  2  C     s   0.00000   0.00000   0.00000
  13  2  C     s   0.00000   0.00000   0.00000
  14  2  C     s   0.00000   0.00000   0.00000
  15  2  C     x   0.00000   0.00000   0.00000
  16  2  C     y   0.00000   0.00000   0.00000
  17  2  C     z   0.00000   0.00000   0.00000
  18  2  C     x   0.00000   0.00000   0.00000
  19  2  C     y   0.00000   0.00000   0.00000
  20  2  C     z   1.00000   0.00000   0.00000
  21  3  C     s   0.00000   0.00000   0.00000
  22  3  C     s   0.00000   0.00000   0.00000
  23  3  C     s   0.00000   0.00000   0.00000
  24  3  C     s   0.00000   0.00000   0.00000
  25  3  C     x   0.00000   0.00000   0.00000
  26  3  C     y   0.00000   0.00000   0.00000
  27  3  C     z   0.00000  -0.00000  -0.00000
  28  3  C     x   0.00000   0.00000   0.00000
  29  3  C     y   0.00000   0.00000   0.00000
  30  3  C     z   0.00000   1.00000   0.00000
  31  4  C     s   0.00000   0.00000   0.00000
  32  4  C     s   0.00000   0.00000   0.00000
  33  4  C     s   0.00000   0.00000   0.00000
  34  4  C     s   0.00000   0.00000   0.00000
  35  4  C     x   0.00000   0.00000   0.00000
  36  4  C     y   0.00000   0.00000   0.00000
  37  4  C     z   0.00000  -0.00000  -0.00000
  38  4  C     x   0.00000   0.00000   0.00000
  39  4  C     y   0.00000   0.00000   0.00000
  40  4  C     z  -0.00000  -0.00000   1.00000
  41  5  H     s   0.00000   0.00000   0.00000
  42  5  H     s   0.00000   0.00000   0.00000
  43  6  H     s   0.00000   0.00000   0.00000
  44  6  H     s   0.00000   0.00000   0.00000
  45  7  H     s   0.00000   0.00000   0.00000
  46  7  H     s   0.00000   0.00000   0.00000
  47  8  H     s   0.00000   0.00000   0.00000
  48  8  H     s   0.00000   0.00000   0.00000
  49  9  H     s   0.00000   0.00000   0.00000
  50  9  H     s   0.00000   0.00000   0.00000
  51 10  H     s   0.00000   0.00000   0.00000
  52 10  H     s   0.00000   0.00000   0.00000


 WORDS OF DYNAMIC MEMORY USED IN VB2000 CODE ONLY:      102207

 STATISTICS OF CPU TIMES (SECONDS)
 CPU TIME FOR INITIALIZATION        0.159
 CPU TIME FOR MACROITERATION        2.042
 TOTAL CPU TIME                     2.201

