
 **************************************************************
 *                                                            *
 *                        V B 2 0 0 0                         *
 *                                                            *
 * An ab initio Valence-Bond Program Based on the Generalized *
 *    Product Function Method and the Algebrant Algorithm     *
 *                                                            *
 *                  Version 2.8 November 2017                 *
 *                     Stand-alone Version                    *
 *                      Compiler GFORTRAN                     *
 *                                                            *
 *     Memory = 12500000 for MAP file up to 16 electrons      *
 *                                                            *
 *         Jiabo Li*, Brian Duke** and Roy McWeeny***         *
 *                                                            *
 *        * SciNet Technologies, 9943 Fieldthorn St.,         *
 *                   San Diego, CA 92127, USA                 *
 *                                                            *
 *  ** Monash University Institute of Pharmaceutical Sciences,*
 *          Monash University, 381 Royal Pde, Parkville,      *
 *                    Victoria, 3052, Australia               *
 *                                                            *
 *      *** Department of Chemistry, University of Pisa,      *
 *                       56100 Pisa, Italy                    *
 *                                                            *
 *  Reference for the software:                               *
 *     Jiabo Li, Brian Duke, and Roy McWeeny, VB2000 Version  *
 *     2.8, SciNet Technologies, San Diego, CA, 2013          *
 *     URL: http://www.scinetec.com or http://www.vb2000.net  *
 *                                                            *
 *  References for the theory:                                *
 *     General:                                               *
 *     Jiabo Li, and Roy McWeeny, "VB2000: Pushing Valence    *
 *     Bond Theory to New Limits", Int. J. Quantum Chem.,     *
 *     89(2002)208-216.                                       *
 *                                                            *
 *     Spin densities:-                                       *
 *     Jiabo Li, Brian J. Duke, Thomas M. Klapoetke, and Roy  *
 *     McWeeny, Spin-Density of Spin-Free Valence Bond Wave   *
 *     Functions and Its Implementation in VB2000. J. Theor.  *
 *     Comp. Chem. 7(2008)853-867.                            *
 *                                                            *
 *     Spin coupled - n electrons in m orbitals:-             *
 *     Peter B. Karadakov, David L. Cooper, Brian J. Duke,    *
 *     and Jiabo Li, Spin-Coupled Theory for N Electrons in   *
 *     M Orbitals Active Spaces,  J. Phys. Chem. A, 116,      *
 *     7238 - 7244, 2012                                      *
 *                                                            *
 *     Copyright (C) 2018 GNU General Public License          *
 **************************************************************

 JOB NAME IS tmmDZ6s0                                                        

 VB2000 DIRECTORY IS: .                                                                               
 MAXIMUM DYNAMIC MEMORY IS:        6500000

 Input of molecule
 =================
 #! GPF(6)/D95 UNITS=BOHR NOBIAS PRINTALL                                        
                                                                                 
 Title: TMM TRIPLET                                                                     

 Charge =  0 Multiplicity =  1

 BASIS SET FILE IS: ./BASET/D95                                                                     

 Cartesian coordinates of atoms in Angstrom
 ----------------------------------------------------
                    X             Y             Z   

  C     6.0      0.000000      0.047614      0.000000
  C     6.0      0.000000      1.417614      0.000000
  C     6.0      1.280976     -0.725120      0.000000
  C     6.0     -1.280976     -0.725120      0.000000
  H     1.0     -0.925504      1.978119      0.000000
  H     1.0      0.925504      1.978119      0.000000
  H     1.0      2.234559     -0.218091      0.000000
  H     1.0      1.264012     -1.804987      0.000000
  H     1.0     -2.234559     -0.218091      0.000000
  H     1.0     -1.264012     -1.804987      0.000000
 ----------------------------------------------------

 Total number of two-electron integrals =       542886
 Time for integral evaluation                    0.539

 SKIPPED INTEGRALS =                            403000
 Number of iter =     18, DMAX =        0.000004165556
 Final Hartree-Fock Energy =         -154.697715670366

 Molecular orbitals by HF method
 ===============================================================================
 MO#                       1         2         3         4         5         6
 E(a.u.)             -11.319   -11.319   -11.281   -11.149    -1.094    -0.945
 -------------------------------------------------------------------------------

   1  1  C     s    -0.00808  -0.00000   0.60093  -0.00314   0.09519   0.00000
   2  1  C     s    -0.00580  -0.00000   0.43742  -0.00235   0.12844   0.00000
   3  1  C     s    -0.00043  -0.00000   0.00446   0.00032  -0.35548  -0.00000
   4  1  C     s    -0.00037  -0.00000  -0.00119   0.00001  -0.17404   0.00000
   5  1  C     x    -0.00000   0.00052  -0.00000  -0.00000  -0.00000   0.20349
   6  1  C     y     0.00032   0.00000  -0.00067   0.00035   0.01649   0.00000
   7  1  C     z    -0.00000  -0.00000  -0.00000   0.00000  -0.00000  -0.00000
   8  1  C     x    -0.00000   0.00061   0.00000   0.00000  -0.00000  -0.14700
   9  1  C     y     0.00048   0.00000   0.00053   0.00020   0.00695  -0.00000
  10  1  C     z    -0.00000   0.00000  -0.00000  -0.00000  -0.00000  -0.00000
  11  2  C     s     0.00003   0.00000   0.00292   0.60084   0.04576   0.00000
  12  2  C     s     0.00001   0.00000   0.00201   0.43741   0.06125   0.00000
  13  2  C     s     0.00008   0.00000   0.00051   0.00488  -0.16441  -0.00000
  14  2  C     s    -0.00030  -0.00000   0.00036  -0.00047  -0.08907   0.00000
  15  2  C     x     0.00000  -0.00007  -0.00000   0.00000  -0.00000   0.03272
  16  2  C     y    -0.00001  -0.00000  -0.00070  -0.00050   0.08962   0.00000
  17  2  C     z     0.00000   0.00000   0.00000  -0.00000   0.00000   0.00000
  18  2  C     x     0.00000  -0.00020  -0.00000  -0.00000   0.00000   0.06807
  19  2  C     y     0.00019   0.00000   0.00002   0.00046  -0.01307  -0.00000
  20  2  C     z     0.00000  -0.00000   0.00000   0.00000   0.00000   0.00000
  21  3  C     s    -0.42496   0.42500  -0.00585   0.00006   0.06279  -0.08802
  22  3  C     s    -0.30937   0.30938  -0.00431   0.00005   0.08493  -0.11915
  23  3  C     s    -0.00291   0.00301   0.00020  -0.00007  -0.23906   0.32947
  24  3  C     s     0.00056  -0.00080   0.00048   0.00017  -0.14747   0.33358
  25  3  C     x    -0.00002  -0.00003  -0.00030   0.00000   0.07410   0.02766
  26  3  C     y     0.00002  -0.00006   0.00020  -0.00003  -0.03895   0.00528
  27  3  C     z    -0.00000  -0.00000  -0.00000  -0.00000  -0.00000  -0.00000
  28  3  C     x    -0.00017   0.00026  -0.00016  -0.00012  -0.00544  -0.00067
  29  3  C     y    -0.00003  -0.00015  -0.00010   0.00012   0.00487   0.03800
  30  3  C     z     0.00000  -0.00000   0.00000   0.00000   0.00000   0.00000
  31  4  C     s    -0.42496  -0.42500  -0.00585   0.00006   0.06279   0.08802
  32  4  C     s    -0.30937  -0.30938  -0.00431   0.00005   0.08493   0.11915
  33  4  C     s    -0.00291  -0.00301   0.00020  -0.00007  -0.23906  -0.32947
  34  4  C     s     0.00056   0.00080   0.00048   0.00017  -0.14747  -0.33358
  35  4  C     x     0.00002  -0.00003   0.00030  -0.00000  -0.07410   0.02766
  36  4  C     y     0.00002   0.00006   0.00020  -0.00003  -0.03895  -0.00528
  37  4  C     z     0.00000   0.00000  -0.00000   0.00000   0.00000   0.00000
  38  4  C     x     0.00017   0.00026   0.00016   0.00012   0.00544  -0.00067
  39  4  C     y    -0.00003   0.00015  -0.00010   0.00012   0.00487  -0.03800
  40  4  C     z    -0.00000  -0.00000   0.00000  -0.00000  -0.00000  -0.00000
  41  5  H     s     0.00003  -0.00000  -0.00001   0.00048  -0.03279  -0.01126
  42  5  H     s    -0.00010  -0.00008  -0.00013  -0.00011  -0.00015   0.02385
  43  6  H     s     0.00003   0.00000  -0.00001   0.00048  -0.03279   0.01126
  44  6  H     s    -0.00010   0.00008  -0.00013  -0.00011  -0.00015  -0.02385
  45  7  H     s    -0.00039   0.00042  -0.00004  -0.00002  -0.05535   0.12009
  46  7  H     s     0.00002  -0.00005   0.00005   0.00004  -0.00390   0.02188
  47  8  H     s    -0.00037   0.00040  -0.00002  -0.00002  -0.05831   0.10763
  48  8  H     s    -0.00008  -0.00003  -0.00009   0.00008  -0.00357   0.04657
  49  9  H     s    -0.00039  -0.00042  -0.00004  -0.00002  -0.05535  -0.12009
  50  9  H     s     0.00002   0.00005   0.00005   0.00004  -0.00390  -0.02188
  51 10  H     s    -0.00037  -0.00040  -0.00002  -0.00002  -0.05831  -0.10763
  52 10  H     s    -0.00008   0.00003  -0.00009   0.00008  -0.00357  -0.04657

 MO#                       7         8         9        10        11        12
 E(a.u.)              -0.904    -0.735    -0.653    -0.649    -0.580    -0.531
 -------------------------------------------------------------------------------

   1  1  C     s    -0.03368   0.06170  -0.01882   0.00000  -0.00000  -0.01752
   2  1  C     s    -0.04552   0.08433  -0.02599   0.00000  -0.00000  -0.02430
   3  1  C     s     0.12734  -0.23396   0.07510  -0.00000   0.00000   0.07458
   4  1  C     s     0.07069  -0.21397   0.07266  -0.00000  -0.00000   0.04846
   5  1  C     x     0.00000  -0.00000   0.00000   0.27098  -0.29905   0.00000
   6  1  C     y     0.25700   0.16953   0.09909  -0.00000  -0.00000   0.43996
   7  1  C     z    -0.00000  -0.00000  -0.00000  -0.00000  -0.00000  -0.00000
   8  1  C     x    -0.00000  -0.00000  -0.00000  -0.07761   0.02269  -0.00000
   9  1  C     y    -0.12342  -0.01450  -0.06600   0.00000  -0.00000  -0.03095
  10  1  C     z    -0.00000  -0.00000  -0.00000  -0.00000  -0.00000  -0.00000
  11  2  C     s    -0.09163  -0.04951   0.03404  -0.00000  -0.00000   0.00002
  12  2  C     s    -0.12277  -0.06666   0.04652  -0.00000  -0.00000   0.00026
  13  2  C     s     0.31357   0.17201  -0.13119   0.00000  -0.00000  -0.00978
  14  2  C     s     0.33151   0.19165  -0.08276   0.00000   0.00000   0.04258
  15  2  C     x     0.00000  -0.00000   0.00000   0.17075  -0.15212   0.00000
  16  2  C     y    -0.07389   0.11968  -0.17436   0.00000   0.00000  -0.42358
  17  2  C     z     0.00000   0.00000   0.00000   0.00000  -0.00000  -0.00000
  18  2  C     x     0.00000   0.00000   0.00000   0.08381  -0.04954   0.00000
  19  2  C     y    -0.01633  -0.00677  -0.02483   0.00000  -0.00000  -0.07407
  20  2  C     z     0.00000   0.00000  -0.00000   0.00000   0.00000  -0.00000
  21  3  C     s     0.05108  -0.02345  -0.00406   0.00417   0.00786   0.00922
  22  3  C     s     0.06910  -0.03183  -0.00585   0.00589   0.01080   0.01265
  23  3  C     s    -0.19011   0.09096   0.02168  -0.02182  -0.02860  -0.03502
  24  3  C     s    -0.19833   0.08113  -0.00756   0.03968  -0.06503  -0.06792
  25  3  C     x    -0.02676   0.29158   0.17575  -0.04975   0.37438   0.08490
  26  3  C     y     0.07761  -0.07239   0.29706   0.35835   0.09881  -0.21200
  27  3  C     z    -0.00000  -0.00000  -0.00000  -0.00000  -0.00000  -0.00000
  28  3  C     x     0.03784   0.03807   0.06152  -0.01049   0.06905   0.04618
  29  3  C     y     0.04857   0.00809   0.06698   0.08404  -0.01075  -0.01492
  30  3  C     z    -0.00000   0.00000  -0.00000  -0.00000  -0.00000  -0.00000
  31  4  C     s     0.05108  -0.02345  -0.00406  -0.00417  -0.00786   0.00922
  32  4  C     s     0.06910  -0.03183  -0.00585  -0.00589  -0.01080   0.01265
  33  4  C     s    -0.19011   0.09096   0.02168   0.02182   0.02860  -0.03502
  34  4  C     s    -0.19833   0.08113  -0.00756  -0.03968   0.06503  -0.06792
  35  4  C     x     0.02676  -0.29158  -0.17575  -0.04975   0.37438  -0.08490
  36  4  C     y     0.07761  -0.07239   0.29706  -0.35835  -0.09881  -0.21200
  37  4  C     z     0.00000   0.00000  -0.00000   0.00000  -0.00000   0.00000
  38  4  C     x    -0.03784  -0.03807  -0.06152  -0.01049   0.06905  -0.04618
  39  4  C     y     0.04857   0.00809   0.06698  -0.08404   0.01075  -0.01492
  40  4  C     z    -0.00000  -0.00000  -0.00000  -0.00000  -0.00000   0.00000
  41  5  H     s     0.09422   0.09774  -0.09358  -0.06577   0.06045  -0.12323
  42  5  H     s     0.02824   0.05644  -0.05761  -0.01680   0.03042  -0.10964
  43  6  H     s     0.09422   0.09774  -0.09358   0.06577  -0.06045  -0.12323
  44  6  H     s     0.02824   0.05644  -0.05761   0.01680  -0.03042  -0.10964
  45  7  H     s    -0.06091   0.13543   0.14887   0.05387   0.18925  -0.04075
  46  7  H     s    -0.04631   0.07281   0.07318   0.02920   0.15591  -0.05706
  47  8  H     s    -0.09659   0.06967  -0.14260  -0.18261  -0.07157   0.11409
  48  8  H     s    -0.00925   0.05163  -0.09347  -0.11307  -0.06838   0.12494
  49  9  H     s    -0.06091   0.13543   0.14887  -0.05387  -0.18925  -0.04075
  50  9  H     s    -0.04631   0.07281   0.07318  -0.02920  -0.15591  -0.05706
  51 10  H     s    -0.09659   0.06967  -0.14260   0.18261   0.07157   0.11409
  52 10  H     s    -0.00925   0.05163  -0.09347   0.11307   0.06838   0.12494

 MO#                      13        14        15        16        17        18
 E(a.u.)              -0.486    -0.434    -0.200    -0.034     0.210     0.245
 -------------------------------------------------------------------------------

   1  1  C     s     0.00000  -0.00000   0.00000   0.00000   0.00000  -0.00000
   2  1  C     s    -0.00000  -0.00000   0.00000   0.00000   0.00000  -0.00000
   3  1  C     s     0.00000   0.00000  -0.00000  -0.00000   0.00000   0.00000
   4  1  C     s    -0.00000  -0.00000  -0.00000  -0.00000  -0.00000  -0.00000
   5  1  C     x     0.19226  -0.00000   0.00000   0.00000   0.00000  -0.22631
   6  1  C     y     0.00000  -0.00000   0.00000   0.00000   0.00000  -0.00000
   7  1  C     z    -0.00000  -0.46148   0.08549  -0.00000  -0.53289  -0.00000
   8  1  C     x     0.02406   0.00000   0.00000  -0.00000   0.00000  -3.69702
   9  1  C     y    -0.00000   0.00000   0.00000   0.00000   0.00000  -0.00000
  10  1  C     z    -0.00000  -0.18308   0.08285  -0.00000  -1.26610  -0.00000
  11  2  C     s    -0.00000   0.00000   0.00000  -0.00000   0.00000  -0.00000
  12  2  C     s     0.00000   0.00000   0.00000  -0.00000   0.00000  -0.00000
  13  2  C     s    -0.00000  -0.00000  -0.00000   0.00000   0.00000  -0.00000
  14  2  C     s     0.00000  -0.00000  -0.00000   0.00000  -0.00000   0.00000
  15  2  C     x    -0.45473   0.00000   0.00000   0.00000   0.00000  -0.05353
  16  2  C     y    -0.00000   0.00000  -0.00000  -0.00000   0.00000  -0.00000
  17  2  C     z    -0.00000  -0.27637   0.48405   0.00000   0.23992   0.00000
  18  2  C     x    -0.14109   0.00000   0.00000   0.00000  -0.00000   1.26229
  19  2  C     y    -0.00000   0.00000  -0.00000  -0.00000   0.00000  -0.00000
  20  2  C     z    -0.00000  -0.08878   0.38155   0.00000   0.84605   0.00000
  21  3  C     s    -0.01535   0.00000  -0.00000  -0.00000   0.00000  -0.03951
  22  3  C     s    -0.02137   0.00000  -0.00000  -0.00000  -0.00000  -0.05043
  23  3  C     s     0.06242  -0.00000   0.00000  -0.00000   0.00000  -0.00355
  24  3  C     s     0.09398  -0.00000   0.00000   0.00000  -0.00000   2.67591
  25  3  C     x    -0.15906   0.00000   0.00000   0.00000  -0.00000   0.06129
  26  3  C     y     0.13210  -0.00000  -0.00000  -0.00000   0.00000  -0.10420
  27  3  C     z    -0.00000  -0.24074  -0.30826   0.44743   0.11663   0.00000
  28  3  C     x    -0.05074  -0.00000  -0.00000  -0.00000   0.00000  -1.16338
  29  3  C     y     0.01712  -0.00000  -0.00000  -0.00000  -0.00000   1.25631
  30  3  C     z    -0.00000  -0.09991  -0.29795   0.41323   0.66534   0.00000
  31  4  C     s     0.01535  -0.00000  -0.00000   0.00000  -0.00000   0.03951
  32  4  C     s     0.02137  -0.00000  -0.00000   0.00000  -0.00000   0.05043
  33  4  C     s    -0.06242   0.00000   0.00000   0.00000   0.00000   0.00355
  34  4  C     s    -0.09398   0.00000   0.00000  -0.00000   0.00000  -2.67591
  35  4  C     x    -0.15906   0.00000   0.00000  -0.00000   0.00000   0.06129
  36  4  C     y    -0.13210   0.00000  -0.00000  -0.00000  -0.00000   0.10420
  37  4  C     z    -0.00000  -0.24074  -0.30826  -0.44743   0.11663   0.00000
  38  4  C     x    -0.05074   0.00000  -0.00000  -0.00000   0.00000  -1.16338
  39  4  C     y    -0.01712   0.00000   0.00000  -0.00000   0.00000  -1.25631
  40  4  C     z    -0.00000  -0.09991  -0.29795  -0.41323   0.66534   0.00000
  41  5  H     s     0.22398  -0.00000  -0.00000  -0.00000   0.00000  -0.04223
  42  5  H     s     0.17291   0.00000   0.00000   0.00000  -0.00000   0.31284
  43  6  H     s    -0.22398   0.00000  -0.00000  -0.00000  -0.00000   0.04223
  44  6  H     s    -0.17291   0.00000  -0.00000  -0.00000   0.00000  -0.31284
  45  7  H     s    -0.02239  -0.00000  -0.00000   0.00000  -0.00000   0.02149
  46  7  H     s    -0.02301   0.00000   0.00000   0.00000  -0.00000  -0.07482
  47  8  H     s    -0.04674   0.00000   0.00000   0.00000   0.00000  -0.01548
  48  8  H     s    -0.06016  -0.00000  -0.00000  -0.00000  -0.00000   0.07625
  49  9  H     s     0.02239   0.00000  -0.00000   0.00000  -0.00000  -0.02149
  50  9  H     s     0.02301  -0.00000  -0.00000  -0.00000  -0.00000   0.07482
  51 10  H     s     0.04674  -0.00000   0.00000   0.00000  -0.00000   0.01548
  52 10  H     s     0.06016  -0.00000   0.00000   0.00000  -0.00000  -0.07625

 MO#                      19        20
 E(a.u.)               0.257     0.267
 -------------------------------------------------------------------------------

   1  1  C     s    -0.03434  -0.01967
   2  1  C     s    -0.04423  -0.02533
   3  1  C     s    -0.00444   0.00384
   4  1  C     s     1.90303   1.45749
   5  1  C     x     0.00000  -0.00000
   6  1  C     y    -0.17769  -0.05089
   7  1  C     z    -0.00000   0.00000
   8  1  C     x     0.00000  -0.00000
   9  1  C     y    -2.62612  -0.80613
  10  1  C     z    -0.00000  -0.00000
  11  2  C     s    -0.00658  -0.01939
  12  2  C     s    -0.00417  -0.02570
  13  2  C     s    -0.11446   0.02955
  14  2  C     s     1.58439   0.99137
  15  2  C     x     0.00000  -0.00000
  16  2  C     y     0.03510   0.08760
  17  2  C     z     0.00000  -0.00000
  18  2  C     x    -0.00000   0.00000
  19  2  C     y    -0.77798   0.28181
  20  2  C     z     0.00000  -0.00000
  21  3  C     s     0.04763  -0.02722
  22  3  C     s     0.06487  -0.03885
  23  3  C     s    -0.10472   0.11510
  24  3  C     s    -2.10320   0.73916
  25  3  C     x    -0.10612   0.10226
  26  3  C     y    -0.01456  -0.15936
  27  3  C     z     0.00000   0.00000
  28  3  C     x     1.24483   1.17553
  29  3  C     y    -0.10580  -0.37883
  30  3  C     z     0.00000   0.00000
  31  4  C     s     0.04763  -0.02722
  32  4  C     s     0.06487  -0.03885
  33  4  C     s    -0.10472   0.11510
  34  4  C     s    -2.10320   0.73916
  35  4  C     x     0.10612  -0.10226
  36  4  C     y    -0.01456  -0.15936
  37  4  C     z     0.00000   0.00000
  38  4  C     x    -1.24483  -1.17553
  39  4  C     y    -0.10580  -0.37883
  40  4  C     z     0.00000  -0.00000
  41  5  H     s    -0.00759   0.00602
  42  5  H     s     0.24717  -0.41136
  43  6  H     s    -0.00759   0.00602
  44  6  H     s     0.24717  -0.41136
  45  7  H     s     0.03153  -0.03770
  46  7  H     s     0.28452  -1.09136
  47  8  H     s    -0.03095  -0.01918
  48  8  H     s     0.40263  -0.94091
  49  9  H     s     0.03153  -0.03770
  50  9  H     s     0.28452  -1.09136
  51 10  H     s    -0.03095  -0.01918
  52 10  H     s     0.40263  -0.94091


                    PARAMETER LIMIT VALUES
 Max. no. of atoms                    MAXCEN =    200
 Max. no. of basis functions          MAXBFN =   1350
 Max. no. of shells                   MAXSHL =    500
 Max. no. of total primitives         MAXEXP =   4400
 Max. no. of primitives per orbital   MAXPRM =     15
 Max. no. of atoms * no. of orbitals  MAXNAB = 135000
 Increase max basis set size by       NEXTRA =     20
 Max. size for Rumer data             MAXST1 = 120000
 Max. no. of orbitals in group        MAXNOB =    200
 Max. no. of CUBE orbitals            MAXCUB =    100
 Max. no. of groups                   MAXGRP =     49
 BRILLMASK array sizes                MAXBLL =  12500

 VBO LIB IS: ./VBOLIB/VBOLIBD95                                                              

 Localized molecular orbitals and the bond labels
 ===============================================================================
 LMO#                      1         2         3         4         5         6
 E(a.u.)             -11.284   -11.284   -11.226   -11.108    -0.813    -0.790
 Bond Label            4:(0)     3:(0)     1:(0)     2:(0)    2-1(1)    4-1(1)
 -------------------------------------------------------------------------------

   1  1  C     s    -0.00144  -0.00144   0.60816   0.00190  -0.05113   0.03964
   2  1  C     s    -0.00216  -0.00216   0.44819   0.00291  -0.08808   0.06802
   3  1  C     s     0.00681   0.00681  -0.02864  -0.00934   0.31008  -0.23274
   4  1  C     s     0.00189   0.00189  -0.02082  -0.00212   0.17388  -0.14795
   5  1  C     x    -0.00575   0.00575  -0.00000   0.00000  -0.00000   0.34552
   6  1  C     y    -0.00385  -0.00385  -0.00446  -0.01197   0.43560   0.23135
   7  1  C     z    -0.00000  -0.00000   0.00000   0.00000   0.00000   0.00000
   8  1  C     x     0.00567  -0.00567  -0.00000   0.00000   0.00000  -0.07581
   9  1  C     y     0.00260   0.00260   0.00375   0.00541  -0.10217  -0.02394
  10  1  C     z    -0.00000  -0.00000   0.00000   0.00000   0.00000   0.00000
  11  2  C     s    -0.00003  -0.00003   0.00229   0.60712  -0.04334  -0.00724
  12  2  C     s    -0.00010  -0.00010   0.00335   0.44659  -0.07014  -0.00901
  13  2  C     s     0.00071   0.00071  -0.00992  -0.02134   0.21252   0.01465
  14  2  C     s    -0.00231  -0.00231  -0.00588  -0.02470   0.22891   0.07713
  15  2  C     x     0.00009  -0.00009  -0.00000  -0.00000  -0.00000  -0.01027
  16  2  C     y    -0.00048  -0.00048   0.01512  -0.00177  -0.39968  -0.04236
  17  2  C     z     0.00000   0.00000   0.00000   0.00000   0.00000  -0.00000
  18  2  C     x    -0.00218   0.00218   0.00000  -0.00000  -0.00000   0.02696
  19  2  C     y     0.00083   0.00083   0.00017   0.00028  -0.05602  -0.03283
  20  2  C     z     0.00000   0.00000  -0.00000   0.00000   0.00000  -0.00000
  21  3  C     s    -0.00008  -0.60709   0.00172  -0.00008   0.00668  -0.00783
  22  3  C     s    -0.00017  -0.44638   0.00262  -0.00005   0.00725  -0.00889
  23  3  C     s     0.00085   0.02254  -0.00850  -0.00020  -0.01071   0.01616
  24  3  C     s    -0.00238   0.02426  -0.00204   0.00281  -0.08583   0.09520
  25  3  C     x    -0.00015   0.00335   0.01118  -0.00017   0.02886  -0.04594
  26  3  C     y     0.00070  -0.00255  -0.00635   0.00088  -0.02353   0.01932
  27  3  C     z    -0.00000  -0.00000   0.00000  -0.00000  -0.00000   0.00000
  28  3  C     x    -0.00015  -0.00034  -0.00104  -0.00178   0.06367  -0.01970
  29  3  C     y    -0.00221  -0.00001  -0.00090  -0.00119   0.02599   0.05666
  30  3  C     z    -0.00000  -0.00000   0.00000  -0.00000  -0.00000   0.00000
  31  4  C     s    -0.60709  -0.00008   0.00172  -0.00008   0.00668   0.05009
  32  4  C     s    -0.44638  -0.00017   0.00262  -0.00005   0.00725   0.07760
  33  4  C     s     0.02254   0.00085  -0.00850  -0.00020  -0.01071  -0.24524
  34  4  C     s     0.02426  -0.00238  -0.00204   0.00281  -0.08583  -0.26144
  35  4  C     x    -0.00335   0.00015  -0.01118   0.00017  -0.02886  -0.38877
  36  4  C     y    -0.00255   0.00070  -0.00635   0.00088  -0.02353  -0.22703
  37  4  C     z    -0.00000  -0.00000   0.00000  -0.00000  -0.00000   0.00000
  38  4  C     x     0.00034   0.00015   0.00104   0.00178  -0.06367  -0.07859
  39  4  C     y    -0.00001  -0.00221  -0.00090  -0.00119   0.02599  -0.04491
  40  4  C     z    -0.00000  -0.00000   0.00000  -0.00000  -0.00000   0.00000
  41  5  H     s    -0.00008   0.00020   0.00077  -0.00939  -0.03533   0.01383
  42  5  H     s    -0.00136   0.00108   0.00240  -0.00421  -0.06975   0.03581
  43  6  H     s     0.00020  -0.00008   0.00077  -0.00939  -0.03533  -0.02418
  44  6  H     s     0.00108  -0.00136   0.00240  -0.00421  -0.06975  -0.05142
  45  7  H     s     0.00048   0.00906   0.00071   0.00028  -0.01082  -0.02494
  46  7  H     s     0.00120   0.00300   0.00273   0.00137  -0.05010  -0.05255
  47  8  H     s    -0.00021   0.00949   0.00028  -0.00074   0.02308   0.01073
  48  8  H     s    -0.00155   0.00319   0.00098  -0.00186   0.06088   0.04155
  49  9  H     s     0.00906   0.00048   0.00071   0.00028  -0.01082   0.03606
  50  9  H     s     0.00300   0.00120   0.00273   0.00137  -0.05010   0.06059
  51 10  H     s     0.00949  -0.00021   0.00028  -0.00074   0.02308   0.03409
  52 10  H     s     0.00319  -0.00155   0.00098  -0.00186   0.06088   0.06821

 LMO#                      7         8         9        10        11        12
 E(a.u.)              -0.790    -0.767    -0.767    -0.763    -0.763    -0.647
 Bond Label           3-1(1)    7-3(1)    9-4(1)   10-4(1)    8-3(1)    6-2(1)
 -------------------------------------------------------------------------------

   1  1  C     s     0.03964   0.00576   0.00576   0.00655  -0.00655   0.00615
   2  1  C     s     0.06802   0.00777   0.00777   0.00882  -0.00882   0.00833
   3  1  C     s    -0.23274  -0.02041  -0.02041  -0.02337   0.02337  -0.02378
   4  1  C     s    -0.14795  -0.04032  -0.04032  -0.04710   0.04710  -0.05725
   5  1  C     x    -0.34552  -0.00458   0.00458   0.02367   0.02367   0.02484
   6  1  C     y     0.23135   0.01793   0.01793   0.00644  -0.00644  -0.01928
   7  1  C     z    -0.00000   0.00000   0.00000   0.00000   0.00000  -0.00000
   8  1  C     x     0.07581  -0.07439   0.07439   0.02404   0.02404  -0.04972
   9  1  C     y    -0.02394  -0.00830  -0.00830   0.06242  -0.06242  -0.02483
  10  1  C     z    -0.00000  -0.00000   0.00000   0.00000   0.00000  -0.00000
  11  2  C     s    -0.00724   0.00262   0.00262  -0.00131   0.00131  -0.04752
  12  2  C     s    -0.00901   0.00365   0.00365  -0.00230   0.00230  -0.07808
  13  2  C     s     0.01466  -0.01106  -0.01106   0.01163  -0.01163   0.25061
  14  2  C     s     0.07713  -0.00709  -0.00709  -0.01654   0.01654   0.22094
  15  2  C     x     0.01027  -0.01167   0.01167   0.00166   0.00166   0.36032
  16  2  C     y    -0.04236   0.00973   0.00973  -0.00463   0.00463   0.19215
  17  2  C     z    -0.00000  -0.00000  -0.00000   0.00000   0.00000  -0.00000
  18  2  C     x    -0.02696   0.02862  -0.02862  -0.00653  -0.00653   0.12416
  19  2  C     y    -0.03283  -0.00049  -0.00049  -0.00076   0.00076   0.02539
  20  2  C     z    -0.00000  -0.00000  -0.00000   0.00000  -0.00000  -0.00000
  21  3  C     s     0.05009  -0.05337  -0.00109   0.00316   0.04958   0.00393
  22  3  C     s     0.07760  -0.08611  -0.00192   0.00450   0.08094   0.00542
  23  3  C     s    -0.24524   0.28678   0.01069  -0.01574  -0.26995  -0.01731
  24  3  C     s    -0.26144   0.24730  -0.01747  -0.00486  -0.22606  -0.01444
  25  3  C     x     0.38877   0.37760  -0.00466   0.01700   0.02577   0.00845
  26  3  C     y    -0.22703   0.22537   0.00271   0.00276   0.44486  -0.01885
  27  3  C     z     0.00000   0.00000   0.00000   0.00000   0.00000  -0.00000
  28  3  C     x     0.07859   0.06595   0.00001  -0.01679   0.02351   0.00967
  29  3  C     y    -0.04491   0.05121  -0.00426  -0.02156   0.08068   0.02162
  30  3  C     z     0.00000   0.00000   0.00000   0.00000   0.00000   0.00000
  31  4  C     s    -0.00783  -0.00109  -0.05337  -0.04958  -0.00316  -0.00228
  32  4  C     s    -0.00889  -0.00192  -0.08611  -0.08094  -0.00450  -0.00320
  33  4  C     s     0.01616   0.01069   0.28678   0.26995   0.01574   0.01211
  34  4  C     s     0.09520  -0.01747   0.24730   0.22606   0.00485   0.00780
  35  4  C     x     0.04594   0.00466  -0.37760   0.02577   0.01700   0.01298
  36  4  C     y     0.01932   0.00271   0.22537  -0.44486  -0.00276   0.00711
  37  4  C     z     0.00000   0.00000   0.00000   0.00000   0.00000  -0.00000
  38  4  C     x     0.01970  -0.00001  -0.06595   0.02351  -0.01679   0.01949
  39  4  C     y     0.05666  -0.00426   0.05121  -0.08068   0.02156  -0.00901
  40  4  C     z     0.00000   0.00000   0.00000   0.00000   0.00000   0.00000
  41  5  H     s    -0.02418   0.00462  -0.00417   0.00509   0.00327  -0.02451
  42  5  H     s    -0.05142   0.02072  -0.01388   0.00247   0.00795  -0.03217
  43  6  H     s     0.01383  -0.00417   0.00462  -0.00327  -0.00509   0.31453
  44  6  H     s     0.03581  -0.01388   0.02072  -0.00795  -0.00247   0.20112
  45  7  H     s     0.03606   0.31542  -0.00445   0.00334   0.03020  -0.00325
  46  7  H     s     0.06059   0.17297  -0.01144   0.02145   0.05054  -0.00466
  47  8  H     s     0.03409  -0.02501   0.00465  -0.00356  -0.31707   0.00499
  48  8  H     s     0.06821  -0.05782   0.00104  -0.01049  -0.18804   0.02752
  49  9  H     s    -0.02494  -0.00445   0.31542  -0.03020  -0.00334   0.00348
  50  9  H     s    -0.05255  -0.01144   0.17297  -0.05054  -0.02145   0.01387
  51 10  H     s     0.01073   0.00465  -0.02501   0.31707   0.00356  -0.00731
  52 10  H     s     0.04155   0.00104  -0.05782   0.18804   0.01049  -0.02617

 LMO#                     13        14        15
 E(a.u.)              -0.647    -0.335    -0.299
 Bond Label           5-2(1)     MC(1)    2-1(2)
 -------------------------------------------------------------------------------

   1  1  C     s     0.00615   0.00000   0.00000
   2  1  C     s     0.00833   0.00000   0.00000
   3  1  C     s    -0.02378  -0.00000  -0.00000
   4  1  C     s    -0.05725  -0.00000  -0.00000
   5  1  C     x    -0.02484   0.00000  -0.00000
   6  1  C     y    -0.01928   0.00000  -0.00000
   7  1  C     z     0.00000  -0.29554   0.36459
   8  1  C     x     0.04972  -0.00000  -0.00000
   9  1  C     y    -0.02483   0.00000   0.00000
  10  1  C     z     0.00000  -0.08549   0.18187
  11  2  C     s    -0.04752  -0.00000  -0.00000
  12  2  C     s    -0.07808   0.00000  -0.00000
  13  2  C     s     0.25061  -0.00000  -0.00000
  14  2  C     s     0.22094  -0.00000  -0.00000
  15  2  C     x    -0.36032  -0.00000   0.00000
  16  2  C     y     0.19215  -0.00000   0.00000
  17  2  C     z     0.00000   0.10399   0.54760
  18  2  C     x    -0.12416  -0.00000   0.00000
  19  2  C     y     0.02539  -0.00000   0.00000
  20  2  C     z     0.00000   0.18015   0.34786
  21  3  C     s    -0.00228   0.00000   0.00000
  22  3  C     s    -0.00320   0.00000   0.00000
  23  3  C     s     0.01211   0.00000  -0.00000
  24  3  C     s     0.00780   0.00000   0.00000
  25  3  C     x    -0.01298   0.00000   0.00000
  26  3  C     y     0.00711   0.00000  -0.00000
  27  3  C     z    -0.00000  -0.38322  -0.07821
  28  3  C     x    -0.01949  -0.00000  -0.00000
  29  3  C     y    -0.00901   0.00000  -0.00000
  30  3  C     z    -0.00000  -0.26941  -0.16178
  31  4  C     s     0.00393   0.00000  -0.00000
  32  4  C     s     0.00542   0.00000  -0.00000
  33  4  C     s    -0.01731  -0.00000   0.00000
  34  4  C     s    -0.01444  -0.00000   0.00000
  35  4  C     x    -0.00845  -0.00000   0.00000
  36  4  C     y    -0.01885  -0.00000   0.00000
  37  4  C     z    -0.00000  -0.38322  -0.07821
  38  4  C     x    -0.00967  -0.00000   0.00000
  39  4  C     y     0.02162  -0.00000  -0.00000
  40  4  C     z    -0.00000  -0.26941  -0.16178
  41  5  H     s     0.31453   0.00000  -0.00000
  42  5  H     s     0.20112   0.00000   0.00000
  43  6  H     s    -0.02451  -0.00000   0.00000
  44  6  H     s    -0.03217  -0.00000   0.00000
  45  7  H     s     0.00348   0.00000   0.00000
  46  7  H     s     0.01387  -0.00000   0.00000
  47  8  H     s    -0.00731  -0.00000  -0.00000
  48  8  H     s    -0.02617  -0.00000  -0.00000
  49  9  H     s    -0.00325   0.00000   0.00000
  50  9  H     s    -0.00466   0.00000   0.00000
  51 10  H     s     0.00499   0.00000  -0.00000
  52 10  H     s     0.02752   0.00000  -0.00000


 Mulliken population of localized molecular orbitals
 ===============================================================================
 LMO#                      1         2         3         4         5         6
 E(a.u.)             -11.284   -11.284   -11.226   -11.108    -0.813    -0.790
 Bond Label            4:(0)     3:(0)     1:(0)     2:(0)    2-1(1)    4-1(1)
 -------------------------------------------------------------------------------

   1         C       0.00053   0.00053   2.00214  -0.00026   1.04264   0.86616
   2         C      -0.00002  -0.00002  -0.00135   2.00155   1.04974  -0.03225
   3         C      -0.00001   2.00059  -0.00042  -0.00001  -0.03691  -0.03820
   4         C       2.00059  -0.00001  -0.00042  -0.00001  -0.03691   1.22170
   5         H      -0.00000   0.00000   0.00001  -0.00064  -0.01164  -0.00213
   6         H       0.00000  -0.00000   0.00001  -0.00064  -0.01164   0.00523
   7         H       0.00000  -0.00054   0.00001  -0.00000  -0.00373   0.00571
   8         H      -0.00000  -0.00055   0.00000   0.00001   0.00609  -0.00357
   9         H      -0.00054   0.00000   0.00001  -0.00000  -0.00373  -0.00918
  10         H      -0.00055  -0.00000   0.00000   0.00001   0.00609  -0.01348

 LMO#                      7         8         9        10        11        12
 E(a.u.)              -0.790    -0.767    -0.767    -0.763    -0.763    -0.647
 Bond Label           3-1(1)    7-3(1)    9-4(1)   10-4(1)    8-3(1)    6-2(1)
 -------------------------------------------------------------------------------

   1         C       0.86616  -0.06489  -0.06489  -0.05979  -0.05979  -0.05518
   2         C      -0.03225   0.00859   0.00859   0.00023   0.00023   1.20661
   3         C       1.22170   1.28307   0.00018   0.00921   1.24302   0.00739
   4         C      -0.03820   0.00018   1.28307   1.24302   0.00921   0.00099
   5         H       0.00523   0.00037  -0.00134  -0.00005   0.00007  -0.01042
   6         H      -0.00213  -0.00134   0.00037   0.00007  -0.00005   0.85054
   7         H      -0.00917   0.79354   0.00019   0.00023  -0.01468  -0.00058
   8         H      -0.01348  -0.01969  -0.00002  -0.00116   0.82290   0.00050
   9         H       0.00571   0.00019   0.79354  -0.01468   0.00023  -0.00063
  10         H      -0.00357  -0.00002  -0.01969   0.82290  -0.00116   0.00079

 LMO#                     13        14        15
 E(a.u.)              -0.647    -0.335    -0.299
 Bond Label           5-2(1)     MC(1)    2-1(2)
 -------------------------------------------------------------------------------

   1         C      -0.05518   0.41396   0.60050
   2         C       1.20661  -0.02579   1.44683
   3         C       0.00099   0.80592  -0.02366
   4         C       0.00739   0.80592  -0.02366
   5         H       0.85054  -0.00000   0.00000
   6         H      -0.01042   0.00000   0.00000
   7         H      -0.00063   0.00000   0.00000
   8         H       0.00079   0.00000   0.00000
   9         H      -0.00058   0.00000  -0.00000
  10         H       0.00050   0.00000   0.00000


 PARTITIONING OF LMOs INTO GROUPS ($LMOGRPMODIFY)
 ================================================
 LMO#     1  2  3  4  5  6  7  8  9 10 11 12 13 14 15
 Group#   1  1  1  1  2  2  2  4  5  5  4  3  3  6  6
 Split    0  0  0  0  1  1  1  1  1  1  1  1  1  1  1

 WARNING: Initial orbital 27 undefined from DISLMO
 Initial orbital
 WARNING: Initial orbital 28 undefined from DISLMO
 Initial orbital
 WARNING: Initial orbital 29 undefined from DISLMO
 Initial orbital
 WARNING: Initial orbital 30 undefined from DISLMO
 Initial orbital

 Group assignment of AOs
 =======================================================================
 AO#:      7 17 27 37 10 20 30 40
 Group#:   6  6  6  6  6  6  6  6

 Initial guess of orbitals
 ===============================================================================
 ORBITAL#                  1         2         3         4         5         6
 Bond Label            4:(0)     3:(0)     1:(0)     2:(0)    2-1(1)    2-1(1)
 -------------------------------------------------------------------------------

   1  1  C     s    -0.00144  -0.00144   0.60816   0.00190  -0.02633  -0.07704
   2  1  C     s    -0.00216  -0.00216   0.44819   0.00291  -0.01940  -0.14457
   3  1  C     s     0.00681   0.00681  -0.02864  -0.00934   0.00117   0.53965
   4  1  C     s     0.00189   0.00189  -0.02082  -0.00212   0.00094   0.30233
   5  1  C     x    -0.00575   0.00575  -0.00000   0.00000   0.00000  -0.00000
   6  1  C     y    -0.00385  -0.00385  -0.00446  -0.01197  -0.00126   0.76107
   7  1  C     z     0.00000   0.00000   0.00000   0.00000   0.00000   0.00000
   8  1  C     x     0.00567  -0.00567  -0.00000   0.00000  -0.00000   0.00000
   9  1  C     y     0.00260   0.00260   0.00375   0.00541   0.00013  -0.17840
  10  1  C     z     0.00000   0.00000   0.00000   0.00000   0.00000   0.00000
  11  2  C     s    -0.00003  -0.00003   0.00229   0.60712  -0.05559  -0.00877
  12  2  C     s    -0.00010  -0.00010   0.00335   0.44659  -0.09510   0.00273
  13  2  C     s     0.00071   0.00071  -0.00992  -0.02134   0.29755  -0.05289
  14  2  C     s    -0.00231  -0.00231  -0.00588  -0.02470   0.33561  -0.04561
  15  2  C     x     0.00009  -0.00009  -0.00000  -0.00000  -0.00000  -0.00000
  16  2  C     y    -0.00048  -0.00048   0.01512  -0.00177  -0.76729  -0.05147
  17  2  C     z     0.00000   0.00000   0.00000   0.00000   0.00000   0.00000
  18  2  C     x    -0.00218   0.00218   0.00000  -0.00000  -0.00000  -0.00000
  19  2  C     y     0.00083   0.00083   0.00017   0.00028  -0.10697  -0.00691
  20  2  C     z     0.00000   0.00000   0.00000   0.00000   0.00000   0.00000
  21  3  C     s    -0.00008  -0.60709   0.00172  -0.00008   0.00316   0.00233
  22  3  C     s    -0.00017  -0.44638   0.00262  -0.00005   0.00482   0.00619
  23  3  C     s     0.00085   0.02254  -0.00850  -0.00020  -0.01535  -0.02731
  24  3  C     s    -0.00238   0.02426  -0.00204   0.00281  -0.01330  -0.02302
  25  3  C     x    -0.00015   0.00335   0.01118  -0.00017  -0.03053  -0.04607
  26  3  C     y     0.00070  -0.00255  -0.00635   0.00088  -0.02199  -0.02545
  27  3  C     z     0.00000   0.00000   0.00000   0.00000   0.00000   0.00000
  28  3  C     x    -0.00015  -0.00034  -0.00104  -0.00178  -0.00556  -0.00830
  29  3  C     y    -0.00221  -0.00001  -0.00090  -0.00119  -0.00475  -0.00568
  30  3  C     z     0.00000   0.00000   0.00000   0.00000   0.00000   0.00000
  31  4  C     s    -0.60709  -0.00008   0.00172  -0.00008   0.00316   0.00233
  32  4  C     s    -0.44638  -0.00017   0.00262  -0.00005   0.00482   0.00619
  33  4  C     s     0.02254   0.00085  -0.00850  -0.00020  -0.01535  -0.02731
  34  4  C     s     0.02426  -0.00238  -0.00204   0.00281  -0.01330  -0.02302
  35  4  C     x    -0.00335   0.00015  -0.01118   0.00017   0.03053   0.04607
  36  4  C     y    -0.00255   0.00070  -0.00635   0.00088  -0.02199  -0.02545
  37  4  C     z     0.00000   0.00000   0.00000   0.00000   0.00000   0.00000
  38  4  C     x     0.00034   0.00015   0.00104   0.00178   0.00556   0.00830
  39  4  C     y    -0.00001  -0.00221  -0.00090  -0.00119  -0.00475  -0.00568
  40  4  C     z     0.00000   0.00000   0.00000   0.00000   0.00000   0.00000
  41  5  H     s    -0.00008   0.00020   0.00077  -0.00939  -0.00064   0.01401
  42  5  H     s    -0.00136   0.00108   0.00240  -0.00421  -0.00047   0.00894
  43  6  H     s     0.00020  -0.00008   0.00077  -0.00939  -0.00064   0.01401
  44  6  H     s     0.00108  -0.00136   0.00240  -0.00421  -0.00047   0.00894
  45  7  H     s     0.00048   0.00906   0.00071   0.00028   0.00860   0.01758
  46  7  H     s     0.00120   0.00300   0.00273   0.00137   0.00463   0.00965
  47  8  H     s    -0.00021   0.00949   0.00028  -0.00074  -0.00685  -0.01990
  48  8  H     s    -0.00155   0.00319   0.00098  -0.00186  -0.00411  -0.01176
  49  9  H     s     0.00906   0.00048   0.00071   0.00028   0.00860   0.01758
  50  9  H     s     0.00300   0.00120   0.00273   0.00137   0.00463   0.00965
  51 10  H     s     0.00949  -0.00021   0.00028  -0.00074  -0.00685  -0.01990
  52 10  H     s     0.00319  -0.00155   0.00098  -0.00186  -0.00411  -0.01176

 ORBITAL#                  7         8         9        10        11        12
 Bond Label           4-1(1)    4-1(1)    3-1(1)    3-1(1)    6-2(1)    6-2(1)
 -------------------------------------------------------------------------------

   1  1  C     s     0.01944   0.07082   0.01944   0.07082   0.00334   0.00006
   2  1  C     s     0.01497   0.12941   0.01497   0.12941   0.00186  -0.00212
   3  1  C     s    -0.00481  -0.46273  -0.00481  -0.46273   0.00381   0.01347
   4  1  C     s    -0.00294  -0.29401  -0.00294  -0.29401   0.00127   0.00663
   5  1  C     x    -0.00043   0.69076   0.00043  -0.69076  -0.04435   0.00947
   6  1  C     y    -0.00233   0.45913  -0.00233   0.45913   0.03317   0.04483
   7  1  C     z     0.00000   0.00000   0.00000   0.00000   0.00000   0.00000
   8  1  C     x     0.00009  -0.15162  -0.00009   0.15162   0.00972  -0.00208
   9  1  C     y     0.00081  -0.04753   0.00081  -0.04753  -0.00624  -0.00919
  10  1  C     z     0.00000   0.00000   0.00000   0.00000   0.00000   0.00000
  11  2  C     s    -0.00231  -0.00512  -0.00231  -0.00512  -0.06101  -0.01294
  12  2  C     s    -0.00462  -0.00706  -0.00462  -0.00706  -0.10572  -0.00346
  13  2  C     s     0.01692   0.01924   0.01692   0.01924   0.35541  -0.03267
  14  2  C     s     0.01497   0.01681   0.01497   0.01681   0.30446  -0.03634
  15  2  C     x    -0.04742  -0.06823   0.04742   0.06823   0.57345   0.00153
  16  2  C     y     0.01402   0.01724   0.01402   0.01724   0.39240   0.07943
  17  2  C     z     0.00000   0.00000   0.00000   0.00000   0.00000   0.00000
  18  2  C     x    -0.01634  -0.02348   0.01634   0.02348   0.19761   0.00053
  19  2  C     y     0.00180   0.00229   0.00180   0.00229   0.05253   0.01107
  20  2  C     z     0.00000   0.00000   0.00000   0.00000   0.00000   0.00000
  21  3  C     s    -0.00337  -0.00154   0.06085   0.00456   0.00175   0.00133
  22  3  C     s    -0.00519  -0.00592   0.09314  -0.00399   0.00277   0.00158
  23  3  C     s     0.01641   0.02889  -0.29005   0.04432  -0.00907  -0.00372
  24  3  C     s     0.01378   0.02353  -0.32714   0.03659  -0.00922  -0.00449
  25  3  C     x    -0.00606  -0.00556   0.65014   0.03493  -0.01009  -0.00337
  26  3  C     y    -0.03689  -0.06374  -0.37408  -0.02671  -0.03429  -0.02528
  27  3  C     z     0.00000   0.00000   0.00000   0.00000   0.00000   0.00000
  28  3  C     x    -0.00259  -0.00332   0.12705   0.00457  -0.00230  -0.00096
  29  3  C     y    -0.00682  -0.01170  -0.07189  -0.00405  -0.00682  -0.00489
  30  3  C     z     0.00000   0.00000   0.00000   0.00000   0.00000   0.00000
  31  4  C     s     0.06085   0.00456  -0.00337  -0.00154  -0.00134  -0.00062
  32  4  C     s     0.09314  -0.00399  -0.00519  -0.00592  -0.00277  -0.00138
  33  4  C     s    -0.29005   0.04432   0.01641   0.02889   0.01080   0.00552
  34  4  C     s    -0.32714   0.03659   0.01378   0.02353   0.01106   0.00581
  35  4  C     x    -0.65014  -0.03493   0.00606   0.00556   0.00440   0.00963
  36  4  C     y    -0.37408  -0.02671  -0.03689  -0.06374   0.01693   0.00379
  37  4  C     z     0.00000   0.00000   0.00000   0.00000   0.00000   0.00000
  38  4  C     x    -0.12705  -0.00457   0.00259   0.00332   0.00094   0.00192
  39  4  C     y    -0.07189  -0.00405  -0.00682  -0.01170   0.00339   0.00080
  40  4  C     z     0.00000   0.00000   0.00000   0.00000   0.00000   0.00000
  41  5  H     s    -0.01193  -0.02518   0.01319   0.03016   0.00345   0.00141
  42  5  H     s    -0.00757  -0.01611   0.00850   0.01924   0.00224   0.00085
  43  6  H     s     0.01319   0.03016  -0.01193  -0.02518  -0.00231   0.66598
  44  6  H     s     0.00850   0.01924  -0.00757  -0.01611  -0.00145   0.42580
  45  7  H     s     0.00726   0.02269  -0.01140  -0.01470  -0.00105  -0.00151
  46  7  H     s     0.00405   0.01240  -0.00618  -0.00806  -0.00055  -0.00086
  47  8  H     s    -0.00603  -0.01754   0.00059  -0.01107  -0.00982  -0.00806
  48  8  H     s    -0.00356  -0.01037   0.00037  -0.00651  -0.00583  -0.00473
  49  9  H     s    -0.01140  -0.01470   0.00726   0.02269   0.00463   0.00081
  50  9  H     s    -0.00618  -0.00806   0.00405   0.01240   0.00257   0.00041
  51 10  H     s     0.00059  -0.01107  -0.00603  -0.01754   0.00210  -0.00189
  52 10  H     s     0.00037  -0.00651  -0.00356  -0.01037   0.00124  -0.00107

 ORBITAL#                 13        14        15        16        17        18
 Bond Label           5-2(1)    5-2(1)    7-3(1)    7-3(1)    8-3(1)    8-3(1)
 -------------------------------------------------------------------------------

   1  1  C     s     0.00334   0.00006   0.00390   0.00137  -0.00508  -0.00283
   2  1  C     s     0.00186  -0.00212   0.00483   0.00194  -0.00731  -0.00437
   3  1  C     s     0.00381   0.01347  -0.01246  -0.00575   0.02164   0.01423
   4  1  C     s     0.00128   0.00663  -0.00605  -0.00315   0.01317   0.00764
   5  1  C     x     0.04435  -0.00947   0.02837   0.04638  -0.05544  -0.03619
   6  1  C     y     0.03318   0.04483  -0.04716  -0.01270  -0.00330   0.03286
   7  1  C     z     0.00000   0.00000   0.00000   0.00000   0.00000   0.00000
   8  1  C     x    -0.00972   0.00208  -0.00621  -0.01032   0.01214   0.00808
   9  1  C     y    -0.00624  -0.00919   0.00944   0.00280  -0.00104  -0.00709
  10  1  C     z     0.00000   0.00000   0.00000   0.00000   0.00000   0.00000
  11  2  C     s    -0.06101  -0.01294   0.00106   0.00044   0.00172   0.00057
  12  2  C     s    -0.10572  -0.00346   0.00054  -0.00001   0.00382   0.00268
  13  2  C     s     0.35541  -0.03267   0.00126   0.00193  -0.01422  -0.01256
  14  2  C     s     0.30446  -0.03634   0.00151   0.00159  -0.01504  -0.01329
  15  2  C     x    -0.57345  -0.00153  -0.04157  -0.03163  -0.00655   0.00396
  16  2  C     y     0.39240   0.07943  -0.00406   0.00177   0.02252   0.02174
  17  2  C     z     0.00000   0.00000   0.00000   0.00000   0.00000   0.00000
  18  2  C     x    -0.19761  -0.00053  -0.01433  -0.01083  -0.00225   0.00130
  19  2  C     y     0.05253   0.01107  -0.00058   0.00026   0.00318   0.00303
  20  2  C     z     0.00000   0.00000   0.00000   0.00000   0.00000   0.00000
  21  3  C     s    -0.00134  -0.00062  -0.06792  -0.01355   0.06413   0.01304
  22  3  C     s    -0.00277  -0.00138  -0.11306  -0.00594   0.10924   0.00523
  23  3  C     s     0.01080   0.00552   0.38682  -0.02341  -0.37700   0.02539
  24  3  C     s     0.01106   0.00581   0.32421  -0.02633  -0.30620   0.02862
  25  3  C     x    -0.00440  -0.00963   0.63798   0.05359  -0.03136  -0.05733
  26  3  C     y     0.01693   0.00379   0.29073  -0.02959   0.72090   0.03435
  27  3  C     z     0.00000   0.00000   0.00000   0.00000   0.00000   0.00000
  28  3  C     x    -0.00094  -0.00192   0.11320   0.01048   0.02196  -0.01117
  29  3  C     y     0.00339   0.00080   0.06752  -0.00567   0.13126   0.00660
  30  3  C     z     0.00000   0.00000   0.00000   0.00000   0.00000   0.00000
  31  4  C     s     0.00175   0.00133  -0.00112  -0.00052  -0.00066  -0.00039
  32  4  C     s     0.00277   0.00158  -0.00261  -0.00167  -0.00049   0.00003
  33  4  C     s    -0.00907  -0.00372   0.01069   0.00772  -0.00002  -0.00198
  34  4  C     s    -0.00922  -0.00449   0.01110   0.00819  -0.00059  -0.00179
  35  4  C     x     0.01009   0.00337   0.01697   0.01184   0.01197   0.01202
  36  4  C     y    -0.03429  -0.02528   0.00307   0.00870  -0.02721  -0.01780
  37  4  C     z     0.00000   0.00000   0.00000   0.00000   0.00000   0.00000
  38  4  C     x     0.00230   0.00096   0.00358   0.00237   0.00281   0.00256
  39  4  C     y    -0.00682  -0.00489   0.00066   0.00164  -0.00532  -0.00346
  40  4  C     z     0.00000   0.00000   0.00000   0.00000   0.00000   0.00000
  41  5  H     s    -0.00231   0.66598  -0.01559  -0.01296  -0.00029   0.00344
  42  5  H     s    -0.00145   0.42580  -0.00996  -0.00825  -0.00019   0.00216
  43  6  H     s     0.00345   0.00141   0.00498   0.00252  -0.00364  -0.00143
  44  6  H     s     0.00224   0.00085   0.00320   0.00157  -0.00234  -0.00088
  45  7  H     s     0.00463   0.00081  -0.00175   0.70149  -0.00063  -0.00007
  46  7  H     s     0.00257   0.00041  -0.00094   0.38463  -0.00037   0.00002
  47  8  H     s     0.00210  -0.00189   0.00177   0.00094   0.00069  -0.68418
  48  8  H     s     0.00124  -0.00107   0.00107   0.00048   0.00039  -0.40569
  49  9  H     s    -0.00105  -0.00151  -0.00026  -0.00230   0.00959   0.00823
  50  9  H     s    -0.00055  -0.00086  -0.00014  -0.00123   0.00526   0.00448
  51 10  H     s    -0.00982  -0.00806   0.00361   0.00073   0.00078   0.00324
  52 10  H     s    -0.00583  -0.00473   0.00215   0.00039   0.00045   0.00197

 ORBITAL#                 19        20        21        22        23        24
 Bond Label           9-4(1)    9-4(1)   10-4(1)   10-4(1)     MC(1)     MC(1)
 -------------------------------------------------------------------------------

   1  1  C     s     0.00390   0.00137   0.00508   0.00283   0.00000   0.00000
   2  1  C     s     0.00483   0.00194   0.00731   0.00437   0.00000   0.00000
   3  1  C     s    -0.01246  -0.00575  -0.02164  -0.01423   0.00000   0.00000
   4  1  C     s    -0.00605  -0.00315  -0.01317  -0.00764   0.00000   0.00000
   5  1  C     x    -0.02837  -0.04638  -0.05544  -0.03619   0.00000   0.00000
   6  1  C     y    -0.04716  -0.01270   0.00330  -0.03286   0.00000   0.00000
   7  1  C     z     0.00000   0.00000   0.00000   0.00000   1.00000   0.00000
   8  1  C     x     0.00621   0.01032   0.01214   0.00808   0.00000   0.00000
   9  1  C     y     0.00944   0.00280   0.00104   0.00709   0.00000   0.00000
  10  1  C     z     0.00000   0.00000   0.00000   0.00000  -0.00000   0.00000
  11  2  C     s     0.00106   0.00044  -0.00172  -0.00057   0.00000   0.00000
  12  2  C     s     0.00054  -0.00001  -0.00382  -0.00268   0.00000   0.00000
  13  2  C     s     0.00126   0.00193   0.01422   0.01256   0.00000   0.00000
  14  2  C     s     0.00151   0.00159   0.01504   0.01329   0.00000   0.00000
  15  2  C     x     0.04157   0.03163  -0.00655   0.00396   0.00000   0.00000
  16  2  C     y    -0.00406   0.00177  -0.02252  -0.02174   0.00000   0.00000
  17  2  C     z     0.00000   0.00000   0.00000   0.00000   0.00000   1.00000
  18  2  C     x     0.01433   0.01083  -0.00225   0.00130   0.00000   0.00000
  19  2  C     y    -0.00058   0.00026  -0.00318  -0.00303   0.00000   0.00000
  20  2  C     z     0.00000   0.00000   0.00000   0.00000   0.00000   0.00000
  21  3  C     s    -0.00112  -0.00052   0.00066   0.00039   0.00000   0.00000
  22  3  C     s    -0.00261  -0.00167   0.00049  -0.00003   0.00000   0.00000
  23  3  C     s     0.01069   0.00772   0.00002   0.00198   0.00000   0.00000
  24  3  C     s     0.01110   0.00819   0.00059   0.00179   0.00000   0.00000
  25  3  C     x    -0.01697  -0.01184   0.01197   0.01202   0.00000   0.00000
  26  3  C     y     0.00307   0.00870   0.02721   0.01780   0.00000   0.00000
  27  3  C     z     0.00000   0.00000   0.00000   0.00000  -0.00000   0.00000
  28  3  C     x    -0.00358  -0.00237   0.00281   0.00256   0.00000   0.00000
  29  3  C     y     0.00066   0.00164   0.00532   0.00346   0.00000   0.00000
  30  3  C     z     0.00000   0.00000   0.00000   0.00000   0.00000   0.00000
  31  4  C     s    -0.06792  -0.01355  -0.06413  -0.01303   0.00000   0.00000
  32  4  C     s    -0.11306  -0.00594  -0.10924  -0.00523   0.00000   0.00000
  33  4  C     s     0.38682  -0.02341   0.37700  -0.02539   0.00000   0.00000
  34  4  C     s     0.32421  -0.02633   0.30620  -0.02862   0.00000   0.00000
  35  4  C     x    -0.63798  -0.05359  -0.03137  -0.05733   0.00000   0.00000
  36  4  C     y     0.29073  -0.02959  -0.72090  -0.03435   0.00000   0.00000
  37  4  C     z     0.00000   0.00000   0.00000   0.00000  -0.00000   0.00000
  38  4  C     x    -0.11320  -0.01048   0.02196  -0.01117   0.00000   0.00000
  39  4  C     y     0.06752  -0.00567  -0.13126  -0.00660   0.00000   0.00000
  40  4  C     z     0.00000   0.00000   0.00000   0.00000  -0.00000  -0.00000
  41  5  H     s     0.00498   0.00252   0.00364   0.00143   0.00000   0.00000
  42  5  H     s     0.00320   0.00157   0.00234   0.00088   0.00000   0.00000
  43  6  H     s    -0.01559  -0.01296   0.00029  -0.00344   0.00000   0.00000
  44  6  H     s    -0.00996  -0.00825   0.00019  -0.00216   0.00000   0.00000
  45  7  H     s    -0.00026  -0.00230  -0.00959  -0.00823   0.00000   0.00000
  46  7  H     s    -0.00014  -0.00123  -0.00526  -0.00448   0.00000   0.00000
  47  8  H     s     0.00361   0.00073  -0.00078  -0.00324   0.00000   0.00000
  48  8  H     s     0.00215   0.00039  -0.00045  -0.00197   0.00000   0.00000
  49  9  H     s    -0.00175   0.70149   0.00063   0.00007   0.00000   0.00000
  50  9  H     s    -0.00094   0.38463   0.00037  -0.00002   0.00000   0.00000
  51 10  H     s     0.00177   0.00094  -0.00069   0.68418   0.00000   0.00000
  52 10  H     s     0.00107   0.00048  -0.00039   0.40569   0.00000   0.00000

 ORBITAL#                 25        26        27        28        29        30
 Bond Label           2-1(2)    2-1(2)                                        
 -------------------------------------------------------------------------------

   1  1  C     s     0.00000   0.00000   0.00000   0.00000   0.00000   0.00000
   2  1  C     s     0.00000   0.00000   0.00000   0.00000   0.00000   0.00000
   3  1  C     s     0.00000   0.00000   0.00000   0.00000   0.00000   0.00000
   4  1  C     s     0.00000   0.00000   0.00000   0.00000   0.00000   0.00000
   5  1  C     x     0.00000   0.00000   0.00000   0.00000   0.00000   0.00000
   6  1  C     y     0.00000   0.00000   0.00000   0.00000   0.00000   0.00000
   7  1  C     z     0.00000   0.00000   0.00000   0.00000   0.00000  -0.00000
   8  1  C     x     0.00000   0.00000   0.00000   0.00000   0.00000   0.00000
   9  1  C     y     0.00000   0.00000   0.00000   0.00000   0.00000   0.00000
  10  1  C     z    -0.00000  -0.00000   1.00000   0.00000   0.00000   0.00000
  11  2  C     s     0.00000   0.00000   0.00000   0.00000   0.00000   0.00000
  12  2  C     s     0.00000   0.00000   0.00000   0.00000   0.00000   0.00000
  13  2  C     s     0.00000   0.00000   0.00000   0.00000   0.00000   0.00000
  14  2  C     s     0.00000   0.00000   0.00000   0.00000   0.00000   0.00000
  15  2  C     x     0.00000   0.00000   0.00000   0.00000   0.00000   0.00000
  16  2  C     y     0.00000   0.00000   0.00000   0.00000   0.00000   0.00000
  17  2  C     z    -0.00000  -0.00000   0.00000   0.00000   0.00000   0.00000
  18  2  C     x     0.00000   0.00000   0.00000   0.00000   0.00000   0.00000
  19  2  C     y     0.00000   0.00000   0.00000   0.00000   0.00000   0.00000
  20  2  C     z     0.00000   0.00000   0.00000   1.00000   0.00000   0.00000
  21  3  C     s     0.00000   0.00000   0.00000   0.00000   0.00000   0.00000
  22  3  C     s     0.00000   0.00000   0.00000   0.00000   0.00000   0.00000
  23  3  C     s     0.00000   0.00000   0.00000   0.00000   0.00000   0.00000
  24  3  C     s     0.00000   0.00000   0.00000   0.00000   0.00000   0.00000
  25  3  C     x     0.00000   0.00000   0.00000   0.00000   0.00000   0.00000
  26  3  C     y     0.00000   0.00000   0.00000   0.00000   0.00000   0.00000
  27  3  C     z     1.00000   0.00000  -0.00000   0.00000  -0.00000  -0.00000
  28  3  C     x     0.00000   0.00000   0.00000   0.00000   0.00000   0.00000
  29  3  C     y     0.00000   0.00000   0.00000   0.00000   0.00000   0.00000
  30  3  C     z     0.00000   0.00000   0.00000   0.00000   1.00000   0.00000
  31  4  C     s     0.00000   0.00000   0.00000   0.00000   0.00000   0.00000
  32  4  C     s     0.00000   0.00000   0.00000   0.00000   0.00000   0.00000
  33  4  C     s     0.00000   0.00000   0.00000   0.00000   0.00000   0.00000
  34  4  C     s     0.00000   0.00000   0.00000   0.00000   0.00000   0.00000
  35  4  C     x     0.00000   0.00000   0.00000   0.00000   0.00000   0.00000
  36  4  C     y     0.00000   0.00000   0.00000   0.00000   0.00000   0.00000
  37  4  C     z     0.00000   1.00000  -0.00000   0.00000  -0.00000  -0.00000
  38  4  C     x     0.00000   0.00000   0.00000   0.00000   0.00000   0.00000
  39  4  C     y     0.00000   0.00000   0.00000   0.00000   0.00000   0.00000
  40  4  C     z     0.00000  -0.00000   0.00000  -0.00000  -0.00000   1.00000
  41  5  H     s     0.00000   0.00000   0.00000   0.00000   0.00000   0.00000
  42  5  H     s     0.00000   0.00000   0.00000   0.00000   0.00000   0.00000
  43  6  H     s     0.00000   0.00000   0.00000   0.00000   0.00000   0.00000
  44  6  H     s     0.00000   0.00000   0.00000   0.00000   0.00000   0.00000
  45  7  H     s     0.00000   0.00000   0.00000   0.00000   0.00000   0.00000
  46  7  H     s     0.00000   0.00000   0.00000   0.00000   0.00000   0.00000
  47  8  H     s     0.00000   0.00000   0.00000   0.00000   0.00000   0.00000
  48  8  H     s     0.00000   0.00000   0.00000   0.00000   0.00000   0.00000
  49  9  H     s     0.00000   0.00000   0.00000   0.00000   0.00000   0.00000
  50  9  H     s     0.00000   0.00000   0.00000   0.00000   0.00000   0.00000
  51 10  H     s     0.00000   0.00000   0.00000   0.00000   0.00000   0.00000
  52 10  H     s     0.00000   0.00000   0.00000   0.00000   0.00000   0.00000


      GENERAL CONTROLS ($GENCTL)
 ======================================
 Number of electron groups       =    6
 Maximum macro-iterations        =   12
 Energy threshold           = 10**(- 6)
 Restart calculation(0/1/2)      =    0
 Group#                     1  2  3  4  5  6
 Num. of electrons          8  6  4  4  4  4
 Num. of spins              0  0  0  0  0  0
 Num. of orbitals           4  6  4  4  4  8
 Method#                    1  2  2  2  2  2

 SYMBOLIC VB STRUCTURE(S) OF GROUP  2
 STR. NO.       RUMER PATTERN  
    1           1  2   3  4   5  6

 $VBSCF VALUES ARE EPS = 0.00100000 AND MAXIT = 10

 OVERLAP MATRIX OF VB ORBITALS FOR GROUP   2

        1      2      3      4      5      6
 =============================================
   1 1.0000
   2 0.7009 1.0000
   3-0.1929-0.2482 1.0000
   4-0.1848-0.2028 0.6263 1.0000
   5-0.1929-0.2482 0.1873 0.2407 1.0000
   6-0.1848-0.2028 0.2407 0.2534 0.6263 1.0000

 EIGENVALUES OF OVERLAP MATRIX OF VB ORBITALS
 ============================================
     0.2855D+00    0.3627D+00    0.3926D+00    0.1167D+01    0.1281D+01    0.2512D+01

 MAP FILE IS: ./MAP/MAP0600t                                                                  

 VB-ORBITAL OPTIMIZATION OF GROUP  2 ...
 GROUP =  2  ITER =  1 CMAX =  0.13633247495706
 GROUP =  2  ITER =  2 CMAX =  0.08442190792375
 GROUP =  2  ITER =  3 CMAX =  0.05427343459598
 GROUP =  2  ITER =  4 CMAX =  0.02435233984727
 GROUP =  2  ITER =  5 CMAX =  0.00832216503712
 GROUP =  2  ITER =  6 CMAX =  0.00314691572975
 GROUP =  2  ITER =  7 CMAX =  0.00137400792422
 GROUP =  2  ITER =  8 CMAX =  0.00060071894351

 SYMBOLIC VB STRUCTURE(S) OF GROUP  3
 STR. NO.       RUMER PATTERN  
    1           1  2   3  4

 $VBSCF VALUES ARE EPS = 0.00100000 AND MAXIT = 10

 OVERLAP MATRIX OF VB ORBITALS FOR GROUP   3

        1      2      3      4
 ===============================
   1 1.0000
   2 0.7029 1.0000
   3 0.0610 0.0963 1.0000
   4 0.0963 0.1261 0.7029 1.0000

 EIGENVALUES OF OVERLAP MATRIX OF VB ORBITALS
 ============================================
     0.2937D+00    0.2989D+00    0.1514D+01    0.1893D+01

 MAP FILE IS: ./MAP/MAP0400t                                                                  

 VB-ORBITAL OPTIMIZATION OF GROUP  3 ...
 GROUP =  3  ITER =  1 CMAX =  0.15000000000000
 GROUP =  3  ITER =  2 CMAX =  0.10237014945664
 GROUP =  3  ITER =  3 CMAX =  0.05370508759632
 GROUP =  3  ITER =  4 CMAX =  0.02007127483446
 GROUP =  3  ITER =  5 CMAX =  0.00345351826916
 GROUP =  3  ITER =  6 CMAX =  0.00128548564658
 GROUP =  3  ITER =  7 CMAX =  0.00046768589601

 SYMBOLIC VB STRUCTURE(S) OF GROUP  4
 STR. NO.       RUMER PATTERN  
    1           1  2   3  4

 $VBSCF VALUES ARE EPS = 0.00100000 AND MAXIT = 10

 OVERLAP MATRIX OF VB ORBITALS FOR GROUP   4

        1      2      3      4
 ===============================
   1 1.0000
   2 0.6839 1.0000
   3-0.1432-0.1135 1.0000
   4-0.1436-0.1147 0.6852 1.0000

 EIGENVALUES OF OVERLAP MATRIX OF VB ORBITALS
 ============================================
     0.3146D+00    0.3157D+00    0.1427D+01    0.1942D+01

 MAP FILE IS: ./MAP/MAP0400t                                                                  

 VB-ORBITAL OPTIMIZATION OF GROUP  4 ...
 GROUP =  4  ITER =  1 CMAX =  0.15000000000000
 GROUP =  4  ITER =  2 CMAX =  0.10396553247218
 GROUP =  4  ITER =  3 CMAX =  0.05551663667611
 GROUP =  4  ITER =  4 CMAX =  0.02166542120189
 GROUP =  4  ITER =  5 CMAX =  0.00499613593701
 GROUP =  4  ITER =  6 CMAX =  0.00171467066671
 GROUP =  4  ITER =  7 CMAX =  0.00060790652167

 SYMBOLIC VB STRUCTURE(S) OF GROUP  5
 STR. NO.       RUMER PATTERN  
    1           1  2   3  4

 $VBSCF VALUES ARE EPS = 0.00100000 AND MAXIT = 10

 OVERLAP MATRIX OF VB ORBITALS FOR GROUP   5

        1      2      3      4
 ===============================
   1 1.0000
   2 0.6839 1.0000
   3 0.1432 0.1135 1.0000
   4 0.1436 0.1147 0.6852 1.0000

 EIGENVALUES OF OVERLAP MATRIX OF VB ORBITALS
 ============================================
     0.3146D+00    0.3157D+00    0.1427D+01    0.1942D+01

 MAP FILE IS: ./MAP/MAP0400t                                                                  

 VB-ORBITAL OPTIMIZATION OF GROUP  5 ...
 GROUP =  5  ITER =  1 CMAX =  0.15000000000000
 GROUP =  5  ITER =  2 CMAX =  0.10370815297748
 GROUP =  5  ITER =  3 CMAX =  0.05535220077630
 GROUP =  5  ITER =  4 CMAX =  0.02157756660379
 GROUP =  5  ITER =  5 CMAX =  0.00497665076082
 GROUP =  5  ITER =  6 CMAX =  0.00169753179800
 GROUP =  5  ITER =  7 CMAX =  0.00059883314582

 SYMBOLIC VB STRUCTURE(S) OF GROUP  6
 STR. NO.       RUMER PATTERN  
    1           1  2   3  4

 $VBSCF VALUES ARE EPS = 0.00100000 AND MAXIT = 10

 OVERLAP MATRIX OF VB ORBITALS FOR GROUP   6

        1      2      3      4      5      6      7      8
 ===========================================================
   1 1.0000
   2 0.1832 1.0000
   3 0.1389 0.0083 1.0000
   4 0.1389 0.0083 0.0066 1.0000
   5 0.5388 0.2944 0.2621 0.2621 1.0000
   6 0.2944 0.5388 0.0730 0.0730 0.6811 1.0000
   7 0.2621 0.0730 0.5388 0.0657 0.6326 0.2794 1.0000
   8 0.2621 0.0730 0.0657 0.5388 0.6326 0.2794 0.2610 1.0000

 EIGENVALUES OF OVERLAP MATRIX OF VB ORBITALS
 ============================================
     0.8714D-01    0.3695D+00    0.3762D+00    0.6135D+00    0.7762D+00    0.1338D+01
     0.1356D+01    0.3083D+01

 MAP FILE IS: ./MAP/MAP0400t                                                                  

 VB-ORBITAL OPTIMIZATION OF GROUP  6 ...
 GROUP =  6  ITER =  1 CMAX =  0.15000000000000
 GROUP =  6  ITER =  2 CMAX =  0.14961174342144
 GROUP =  6  ITER =  3 CMAX =  0.14970853952640
 GROUP =  6  ITER =  4 CMAX =  0.09540087903424
 GROUP =  6  ITER =  5 CMAX =  0.05973352280986
 GROUP =  6  ITER =  6 CMAX =  0.01374368192552
 GROUP =  6  ITER =  7 CMAX =  0.00095804023589

 ENERGY AND DIFF OF MACROITER    1 =   -154.7291362762   -154.7291362762

 VB-ORBITAL OPTIMIZATION OF GROUP  2 ...
 GROUP =  2  ITER =  1 CMAX =  0.02015294877443
 GROUP =  2  ITER =  2 CMAX =  0.00805693625248
 GROUP =  2  ITER =  3 CMAX =  0.00788182529306
 GROUP =  2  ITER =  4 CMAX =  0.06303211785202
 GROUP =  2  ITER =  5 CMAX =  0.01265758952698
 GROUP =  2  ITER =  6 CMAX =  0.04881558357388
 GROUP =  2  ITER =  7 CMAX =  0.00512863763822
 GROUP =  2  ITER =  8 CMAX =  0.00033615575065

 VB-ORBITAL OPTIMIZATION OF GROUP  3 ...
 GROUP =  3  ITER =  1 CMAX =  0.05981305662657
 GROUP =  3  ITER =  2 CMAX =  0.01361409728512
 GROUP =  3  ITER =  3 CMAX =  0.00230597138377
 GROUP =  3  ITER =  4 CMAX =  0.00031113081475

 VB-ORBITAL OPTIMIZATION OF GROUP  4 ...
 GROUP =  4  ITER =  1 CMAX =  0.04474919631485
 GROUP =  4  ITER =  2 CMAX =  0.01756697235260
 GROUP =  4  ITER =  3 CMAX =  0.00544818269171
 GROUP =  4  ITER =  4 CMAX =  0.00054890150005

 VB-ORBITAL OPTIMIZATION OF GROUP  5 ...
 GROUP =  5  ITER =  1 CMAX =  0.04366699560577
 GROUP =  5  ITER =  2 CMAX =  0.01690391740629
 GROUP =  5  ITER =  3 CMAX =  0.00530743589282
 GROUP =  5  ITER =  4 CMAX =  0.00051213669196

 VB-ORBITAL OPTIMIZATION OF GROUP  6 ...
 GROUP =  6  ITER =  1 CMAX =  0.04227207315048
 GROUP =  6  ITER =  2 CMAX =  0.01706289949495
 GROUP =  6  ITER =  3 CMAX =  0.00140483358683
 GROUP =  6  ITER =  4 CMAX =  0.00017989312540

 ENERGY AND DIFF OF MACROITER    2 =   -154.9375408424     -0.2084045663

 VB-ORBITAL OPTIMIZATION OF GROUP  2 ...
 GROUP =  2  ITER =  1 CMAX =  0.01457120717196
 GROUP =  2  ITER =  2 CMAX =  0.00814283253875
 GROUP =  2  ITER =  3 CMAX =  0.01282693232601
 GROUP =  2  ITER =  4 CMAX =  0.00066563785020

 VB-ORBITAL OPTIMIZATION OF GROUP  3 ...
 GROUP =  3  ITER =  1 CMAX =  0.01069793276675
 GROUP =  3  ITER =  2 CMAX =  0.00814042286385
 GROUP =  3  ITER =  3 CMAX =  0.00429348294098
 GROUP =  3  ITER =  4 CMAX =  0.00021502595372

 VB-ORBITAL OPTIMIZATION OF GROUP  4 ...
 GROUP =  4  ITER =  1 CMAX =  0.01326702370287
 GROUP =  4  ITER =  2 CMAX =  0.00497915446893
 GROUP =  4  ITER =  3 CMAX =  0.00261242187556
 GROUP =  4  ITER =  4 CMAX =  0.00026437757851

 VB-ORBITAL OPTIMIZATION OF GROUP  5 ...
 GROUP =  5  ITER =  1 CMAX =  0.01371481664814
 GROUP =  5  ITER =  2 CMAX =  0.00427487237444
 GROUP =  5  ITER =  3 CMAX =  0.00213490557885
 GROUP =  5  ITER =  4 CMAX =  0.00021114664731

 VB-ORBITAL OPTIMIZATION OF GROUP  6 ...
 GROUP =  6  ITER =  1 CMAX =  0.02383684506955
 GROUP =  6  ITER =  2 CMAX =  0.01047363288617
 GROUP =  6  ITER =  3 CMAX =  0.00185559206539
 GROUP =  6  ITER =  4 CMAX =  0.00059800810966

 ENERGY AND DIFF OF MACROITER    3 =   -154.9619478975     -0.0244070551

 VB-ORBITAL OPTIMIZATION OF GROUP  2 ...
 GROUP =  2  ITER =  1 CMAX =  0.00456437599260
 GROUP =  2  ITER =  2 CMAX =  0.00744562059300
 GROUP =  2  ITER =  3 CMAX =  0.00102595310323
 GROUP =  2  ITER =  4 CMAX =  0.00000144270178

 VB-ORBITAL OPTIMIZATION OF GROUP  3 ...
 GROUP =  3  ITER =  1 CMAX =  0.00386906017872
 GROUP =  3  ITER =  2 CMAX =  0.00142997124533
 GROUP =  3  ITER =  3 CMAX =  0.00021912296858

 VB-ORBITAL OPTIMIZATION OF GROUP  4 ...
 GROUP =  4  ITER =  1 CMAX =  0.00463883978536
 GROUP =  4  ITER =  2 CMAX =  0.00122640078109
 GROUP =  4  ITER =  3 CMAX =  0.00028960697070

 VB-ORBITAL OPTIMIZATION OF GROUP  5 ...
 GROUP =  5  ITER =  1 CMAX =  0.00435777497148
 GROUP =  5  ITER =  2 CMAX =  0.00119228251388
 GROUP =  5  ITER =  3 CMAX =  0.00028024706362

 VB-ORBITAL OPTIMIZATION OF GROUP  6 ...
 GROUP =  6  ITER =  1 CMAX =  0.00290775670740
 GROUP =  6  ITER =  2 CMAX =  0.00096289872020

 ENERGY AND DIFF OF MACROITER    4 =   -154.9652846582     -0.0033367607

 VB-ORBITAL OPTIMIZATION OF GROUP  2 ...
 GROUP =  2  ITER =  1 CMAX =  0.00200412610583
 GROUP =  2  ITER =  2 CMAX =  0.00113639219521
 GROUP =  2  ITER =  3 CMAX =  0.00012560845125

 VB-ORBITAL OPTIMIZATION OF GROUP  3 ...
 GROUP =  3  ITER =  1 CMAX =  0.00039993998579

 VB-ORBITAL OPTIMIZATION OF GROUP  4 ...
 GROUP =  4  ITER =  1 CMAX =  0.00073479265172

 VB-ORBITAL OPTIMIZATION OF GROUP  5 ...
 GROUP =  5  ITER =  1 CMAX =  0.00089739618865

 VB-ORBITAL OPTIMIZATION OF GROUP  6 ...
 GROUP =  6  ITER =  1 CMAX =  0.00136208204404
 GROUP =  6  ITER =  2 CMAX =  0.00110383569173
 GROUP =  6  ITER =  3 CMAX =  0.00001048714697

 ENERGY AND DIFF OF MACROITER    5 =   -154.9657830475     -0.0004983893

 VB-ORBITAL OPTIMIZATION OF GROUP  2 ...
 GROUP =  2  ITER =  1 CMAX =  0.00049354601481

 VB-ORBITAL OPTIMIZATION OF GROUP  3 ...
 GROUP =  3  ITER =  1 CMAX =  0.00031577939611

 VB-ORBITAL OPTIMIZATION OF GROUP  4 ...
 GROUP =  4  ITER =  1 CMAX =  0.00054635831466

 VB-ORBITAL OPTIMIZATION OF GROUP  5 ...
 GROUP =  5  ITER =  1 CMAX =  0.00059024985689

 VB-ORBITAL OPTIMIZATION OF GROUP  6 ...
 GROUP =  6  ITER =  1 CMAX =  0.00033976467106

 ENERGY AND DIFF OF MACROITER    6 =   -154.9658655513     -0.0000825038

 VB-ORBITAL OPTIMIZATION OF GROUP  2 ...
 GROUP =  2  ITER =  1 CMAX =  0.00039950754468

 VB-ORBITAL OPTIMIZATION OF GROUP  3 ...
 GROUP =  3  ITER =  1 CMAX =  0.00023618968610

 VB-ORBITAL OPTIMIZATION OF GROUP  4 ...
 GROUP =  4  ITER =  1 CMAX =  0.00025189112246

 VB-ORBITAL OPTIMIZATION OF GROUP  5 ...
 GROUP =  5  ITER =  1 CMAX =  0.00026634463329

 VB-ORBITAL OPTIMIZATION OF GROUP  6 ...
 GROUP =  6  ITER =  1 CMAX =  0.00019475465888

 ENERGY AND DIFF OF MACROITER    7 =   -154.9658800909     -0.0000145396

 VB-ORBITAL OPTIMIZATION OF GROUP  2 ...
 GROUP =  2  ITER =  1 CMAX =  0.00015084457170

 VB-ORBITAL OPTIMIZATION OF GROUP  3 ...
 GROUP =  3  ITER =  1 CMAX =  0.00015847553465

 VB-ORBITAL OPTIMIZATION OF GROUP  4 ...
 GROUP =  4  ITER =  1 CMAX =  0.00017686941556

 VB-ORBITAL OPTIMIZATION OF GROUP  5 ...
 GROUP =  5  ITER =  1 CMAX =  0.00018519751370

 VB-ORBITAL OPTIMIZATION OF GROUP  6 ...
 GROUP =  6  ITER =  1 CMAX =  0.00015933692779

 ENERGY AND DIFF OF MACROITER    8 =   -154.9658827488     -0.0000026579

 VB-ORBITAL OPTIMIZATION OF GROUP  2 ...
 GROUP =  2  ITER =  1 CMAX =  0.00010283511982

 VB-ORBITAL OPTIMIZATION OF GROUP  3 ...
 GROUP =  3  ITER =  1 CMAX =  0.00011446070964

 VB-ORBITAL OPTIMIZATION OF GROUP  4 ...
 GROUP =  4  ITER =  1 CMAX =  0.00012190705372

 VB-ORBITAL OPTIMIZATION OF GROUP  5 ...
 GROUP =  5  ITER =  1 CMAX =  0.00012601319160

 VB-ORBITAL OPTIMIZATION OF GROUP  6 ...
 GROUP =  6  ITER =  1 CMAX =  0.00008298210411

 ENERGY AND DIFF OF MACROITER    9 =   -154.9658832558     -0.0000005070

 VB-ORBITAL OPTIMIZATION OF GROUP  2 ...
 GROUP =  2  ITER =  1 CMAX =  0.00004418729928

 OVERLAP MATRIX OF VB ORBITALS FOR GROUP   2

        1      2      3      4      5      6
 =============================================
   1 1.0000
   2 0.8804 1.0000
   3-0.0993-0.1485 1.0000
   4-0.1579-0.2279 0.8494 1.0000
   5-0.0993-0.1486 0.0845 0.1423 1.0000
   6-0.1580-0.2279 0.1423 0.2284 0.8494 1.0000

 EIGENVALUES OF OVERLAP MATRIX OF VB ORBITALS
 ============================================
     0.1125D+00    0.1328D+00    0.1614D+00    0.1549D+01    0.1554D+01    0.2490D+01

 VB-ORBITAL OPTIMIZATION OF GROUP  3 ...
 GROUP =  3  ITER =  1 CMAX =  0.00008513908114

 OVERLAP MATRIX OF VB ORBITALS FOR GROUP   3

        1      2      3      4
 ===============================
   1 1.0000
   2 0.8371 1.0000
   3 0.2159 0.1485 1.0000
   4 0.1485 0.1032 0.8371 1.0000

 EIGENVALUES OF OVERLAP MATRIX OF VB ORBITALS
 ============================================
     0.1495D+00    0.1723D+00    0.1531D+01    0.2147D+01

 VB-ORBITAL OPTIMIZATION OF GROUP  4 ...
 GROUP =  4  ITER =  1 CMAX =  0.00008954899846

 OVERLAP MATRIX OF VB ORBITALS FOR GROUP   4

        1      2      3      4
 ===============================
   1 1.0000
   2 0.8391 1.0000
   3-0.2328-0.1642 1.0000
   4-0.1634-0.1145 0.8388 1.0000

 EIGENVALUES OF OVERLAP MATRIX OF VB ORBITALS
 ============================================
     0.1486D+00    0.1692D+00    0.1504D+01    0.2178D+01

 VB-ORBITAL OPTIMIZATION OF GROUP  5 ...
 GROUP =  5  ITER =  1 CMAX =  0.00009076192409

 OVERLAP MATRIX OF VB ORBITALS FOR GROUP   5

        1      2      3      4
 ===============================
   1 1.0000
   2 0.8391 1.0000
   3 0.2328 0.1642 1.0000
   4 0.1635 0.1146 0.8388 1.0000

 EIGENVALUES OF OVERLAP MATRIX OF VB ORBITALS
 ============================================
     0.1486D+00    0.1692D+00    0.1504D+01    0.2178D+01

 VB-ORBITAL OPTIMIZATION OF GROUP  6 ...
 GROUP =  6  ITER =  1 CMAX =  0.00005593999731

 OVERLAP MATRIX OF VB ORBITALS FOR GROUP   6

        1      2      3      4      5      6      7      8
 ===========================================================
   1 1.0000
   2 0.6303 1.0000
   3 0.4162 0.1265 1.0000
   4 0.4162 0.1265 0.0979 1.0000
   5 0.7835 0.5786 0.4153 0.4153 1.0000
   6 0.5383 0.7715 0.0930 0.0930 0.6811 1.0000
   7 0.4384 0.2461 0.7785 0.1363 0.6326 0.2794 1.0000
   8 0.4384 0.2461 0.1363 0.7785 0.6326 0.2794 0.2610 1.0000

 EIGENVALUES OF OVERLAP MATRIX OF VB ORBITALS
 ============================================
     0.5733D-01    0.1732D+00    0.1849D+00    0.2779D+00    0.4341D+00    0.1407D+01
     0.1468D+01    0.3998D+01

 ENERGY AND DIFF OF MACROITER   10 =   -154.9658833619     -0.0000001061

 MULLIKEN CHARGES ON ATOMS
 -------------------------
  ATOM             CHARGE 

    1             0.55011
    2            -0.54317
    3            -0.50336
    4            -0.50335
    5             0.16284
    6             0.16284
    7             0.17097
    8             0.16608
    9             0.17096
   10             0.16608

 -------------------------


 ORBITALS OF EACH ELECTRON GROUP IN AO BASIS: ORBITAL(GROUP)
 ===========================================================================
    Orbital#             1         2         3         4         5         6
      Group#             1         1         1         1         2         2
 ---------------------------------------------------------------------------
  AO# LABELS
   1  1  C     s   0.60137   0.00011  -0.00011   0.00004  -0.05354  -0.10813
   2  1  C     s   0.43815   0.00015  -0.00015   0.00005  -0.07190  -0.14798
   3  1  C     s   0.00298  -0.00042   0.00042  -0.00028   0.11007   0.50263
   4  1  C     s  -0.00275  -0.00026   0.00026   0.00030   0.12509   0.16225
   5  1  C     x  -0.00000   0.00063   0.00063  -0.00000   0.00001   0.00000
   6  1  C     y   0.00039   0.00038  -0.00038  -0.00043   0.15864   0.57832
   7  1  C     z  -0.00000   0.00000   0.00000   0.00000   0.00000  -0.00000
   8  1  C     x   0.00000  -0.00086  -0.00086   0.00000  -0.00000  -0.00000
   9  1  C     y  -0.00002  -0.00056   0.00056   0.00113  -0.11127  -0.11863
  10  1  C     z   0.00000  -0.00000  -0.00000  -0.00000  -0.00000   0.00000
  11  2  C     s  -0.00000  -0.00001   0.00001   0.60130  -0.09469  -0.04707
  12  2  C     s  -0.00004  -0.00000   0.00000   0.43812  -0.12889  -0.06289
  13  2  C     s   0.00001  -0.00007   0.00007   0.00321   0.43986   0.07072
  14  2  C     s   0.00070   0.00063  -0.00063  -0.00303   0.26416   0.25450
  15  2  C     x   0.00000   0.00004   0.00004  -0.00000  -0.00000   0.00000
  16  2  C     y  -0.00000  -0.00006   0.00006  -0.00014  -0.62064  -0.14796
  17  2  C     z   0.00000  -0.00000  -0.00000  -0.00000  -0.00000   0.00000
  18  2  C     x   0.00000   0.00029   0.00029  -0.00000   0.00000   0.00000
  19  2  C     y  -0.00018  -0.00029   0.00029   0.00051  -0.03973  -0.06967
  20  2  C     z  -0.00000   0.00000   0.00000   0.00000   0.00000  -0.00000
  21  3  C     s   0.00009  -0.00001  -0.60134  -0.00000   0.00081  -0.00030
  22  3  C     s   0.00011  -0.00000  -0.43818   0.00000   0.00098  -0.00058
  23  3  C     s  -0.00034  -0.00005  -0.00298  -0.00007  -0.00029   0.00932
  24  3  C     s   0.00011   0.00052   0.00280   0.00050  -0.07705  -0.06679
  25  3  C     x   0.00050  -0.00004  -0.00014  -0.00005   0.01827  -0.00395
  26  3  C     y  -0.00030   0.00006   0.00011  -0.00000   0.01742  -0.01285
  27  3  C     z  -0.00000   0.00000   0.00000  -0.00000  -0.00000   0.00000
  28  3  C     x  -0.00004  -0.00011  -0.00048  -0.00036   0.06452   0.04450
  29  3  C     y   0.00003   0.00035   0.00022  -0.00011   0.04203   0.01279
  30  3  C     z  -0.00000   0.00000   0.00000   0.00000   0.00000  -0.00000
  31  4  C     s   0.00009   0.60134   0.00001  -0.00000   0.00082  -0.00029
  32  4  C     s   0.00011   0.43818   0.00000   0.00000   0.00098  -0.00058
  33  4  C     s  -0.00034   0.00298   0.00005  -0.00007  -0.00029   0.00931
  34  4  C     s   0.00011  -0.00280  -0.00052   0.00050  -0.07705  -0.06680
  35  4  C     x  -0.00050  -0.00014  -0.00004   0.00005  -0.01827   0.00393
  36  4  C     y  -0.00030  -0.00011  -0.00006  -0.00000   0.01742  -0.01286
  37  4  C     z   0.00000  -0.00000  -0.00000  -0.00000  -0.00000   0.00000
  38  4  C     x   0.00004  -0.00048  -0.00011   0.00036  -0.06452  -0.04450
  39  4  C     y   0.00003  -0.00022  -0.00035  -0.00011   0.04203   0.01278
  40  4  C     z  -0.00000   0.00000   0.00000   0.00000   0.00000  -0.00000
  41  5  H     s   0.00001  -0.00000   0.00006  -0.00008  -0.01078  -0.01822
  42  5  H     s   0.00001   0.00024   0.00012  -0.00019  -0.05253  -0.05016
  43  6  H     s   0.00001  -0.00006   0.00000  -0.00008  -0.01078  -0.01822
  44  6  H     s   0.00001  -0.00012  -0.00024  -0.00019  -0.05253  -0.05017
  45  7  H     s   0.00002  -0.00006   0.00003  -0.00001  -0.00582  -0.00442
  46  7  H     s   0.00009  -0.00011   0.00016   0.00022  -0.05151  -0.03036
  47  8  H     s   0.00005  -0.00001   0.00004  -0.00005   0.01149   0.00850
  48  8  H     s   0.00015   0.00020   0.00009  -0.00011   0.05720   0.02441
  49  9  H     s   0.00002  -0.00003   0.00006  -0.00001  -0.00582  -0.00442
  50  9  H     s   0.00009  -0.00016   0.00011   0.00022  -0.05151  -0.03036
  51 10  H     s   0.00005  -0.00004   0.00001  -0.00005   0.01149   0.00850
  52 10  H     s   0.00015  -0.00009  -0.00020  -0.00011   0.05720   0.02441

 ===========================================================================
    Orbital#             7         8         9        10        11        12
      Group#             2         2         2         2         3         3
 ---------------------------------------------------------------------------
  AO# LABELS
   1  1  C     s   0.04387   0.10029   0.04387   0.10029   0.01033   0.00737
   2  1  C     s   0.05864   0.13875   0.05864   0.13875   0.01485   0.01035
   3  1  C     s  -0.09167  -0.46283  -0.09168  -0.46283  -0.04061  -0.03158
   4  1  C     s  -0.15743  -0.21562  -0.15743  -0.21562  -0.02115  -0.07572
   5  1  C     x   0.13164   0.50425  -0.13164  -0.50425  -0.02005   0.02432
   6  1  C     y   0.08120   0.31310   0.08119   0.31308  -0.05339  -0.03772
   7  1  C     z  -0.00000  -0.00000   0.00000  -0.00000   0.00000  -0.00000
   8  1  C     x  -0.04444  -0.06597   0.04444   0.06596  -0.12013   0.03228
   9  1  C     y  -0.03094  -0.03757  -0.03094  -0.03756   0.03066  -0.08747
  10  1  C     z   0.00000   0.00000  -0.00000   0.00000  -0.00000   0.00000
  11  2  C     s  -0.00092   0.00026  -0.00092   0.00026  -0.09370  -0.04150
  12  2  C     s  -0.00128   0.00012  -0.00128   0.00013  -0.12977  -0.05407
  13  2  C     s   0.00215  -0.00844   0.00214  -0.00846   0.44380   0.06546
  14  2  C     s   0.07803   0.06622   0.07803   0.06620   0.20687   0.19623
  15  2  C     x   0.03199  -0.01970  -0.03199   0.01970   0.52925   0.12524
  16  2  C     y  -0.00821  -0.00636  -0.00820  -0.00634   0.38174   0.10140
  17  2  C     z   0.00000   0.00000  -0.00000   0.00000  -0.00000   0.00000
  18  2  C     x   0.05325   0.01493  -0.05325  -0.01493   0.12250   0.03595
  19  2  C     y  -0.03538  -0.03294  -0.03538  -0.03294   0.06516  -0.00098
  20  2  C     z  -0.00000  -0.00000   0.00000  -0.00000   0.00000  -0.00000
  21  3  C     s  -0.00149  -0.00044   0.08734   0.03961   0.00374   0.00351
  22  3  C     s  -0.00201  -0.00056   0.12050   0.05304   0.00569   0.00475
  23  3  C     s   0.00418  -0.00517  -0.41184  -0.06805  -0.02296  -0.01048
  24  3  C     s   0.06913   0.07508  -0.23813  -0.23390   0.05272  -0.06838
  25  3  C     x   0.00485  -0.01632   0.54180   0.12549   0.00961   0.00939
  26  3  C     y   0.02492  -0.00719  -0.32737  -0.07582  -0.01514  -0.01740
  27  3  C     z   0.00000  -0.00000   0.00000   0.00000   0.00000   0.00000
  28  3  C     x  -0.00410  -0.01950   0.05425   0.06877  -0.00579   0.02325
  29  3  C     y   0.05691   0.04117  -0.02552  -0.04378   0.02960   0.00372
  30  3  C     z  -0.00000  -0.00000   0.00000  -0.00000   0.00000  -0.00000
  31  4  C     s   0.08734   0.03961  -0.00150  -0.00044  -0.00418  -0.00321
  32  4  C     s   0.12050   0.05304  -0.00201  -0.00056  -0.00583  -0.00476
  33  4  C     s  -0.41184  -0.06805   0.00419  -0.00517   0.01795   0.01763
  34  4  C     s  -0.23813  -0.23390   0.06913   0.07508  -0.02119   0.03226
  35  4  C     x  -0.54180  -0.12549  -0.00485   0.01632   0.01818   0.01742
  36  4  C     y  -0.32738  -0.07582   0.02492  -0.00719   0.01242   0.00866
  37  4  C     z   0.00000   0.00000  -0.00000   0.00000  -0.00000   0.00000
  38  4  C     x  -0.05425  -0.06878   0.00410   0.01951   0.03012  -0.00410
  39  4  C     y  -0.02552  -0.04378   0.05691   0.04117  -0.03593   0.02635
  40  4  C     z  -0.00000  -0.00000   0.00000  -0.00000   0.00000  -0.00000
  41  5  H     s   0.01018   0.01023  -0.01424  -0.01330   0.00316   0.00170
  42  5  H     s   0.05190   0.03055  -0.05700  -0.02343  -0.01147  -0.04048
  43  6  H     s  -0.01424  -0.01330   0.01018   0.01023   0.07732   0.54079
  44  6  H     s  -0.05700  -0.02343   0.05190   0.03056   0.04279   0.34781
  45  7  H     s  -0.01242  -0.01240   0.01898   0.02287  -0.00240  -0.00133
  46  7  H     s  -0.05127  -0.02778   0.05223   0.05615   0.00201  -0.00999
  47  8  H     s   0.00782   0.00761   0.01922   0.02370  -0.00015   0.00395
  48  8  H     s   0.04158   0.02966   0.06079   0.05577   0.02259   0.01091
  49  9  H     s   0.01898   0.02287  -0.01242  -0.01240   0.00503   0.00268
  50  9  H     s   0.05223   0.05614  -0.05127  -0.02778   0.02788  -0.01102
  51 10  H     s   0.01922   0.02370   0.00782   0.00761  -0.00584  -0.00570
  52 10  H     s   0.06079   0.05577   0.04158   0.02966  -0.03539  -0.00522

 ===========================================================================
    Orbital#            13        14        15        16        17        18
      Group#             3         3         4         4         4         4
 ---------------------------------------------------------------------------
  AO# LABELS
   1  1  C     s   0.01033   0.00737   0.00845   0.00651  -0.00799  -0.00576
   2  1  C     s   0.01485   0.01035   0.01185   0.00909  -0.01126  -0.00810
   3  1  C     s  -0.04061  -0.03158  -0.03118  -0.02683   0.02909   0.02384
   4  1  C     s  -0.02115  -0.07573  -0.04228  -0.06491   0.04289   0.07311
   5  1  C     x   0.02004  -0.02432  -0.04986  -0.02063   0.03292   0.03742
   6  1  C     y  -0.05339  -0.03773   0.00829   0.02980  -0.04301  -0.00821
   7  1  C     z   0.00000  -0.00000  -0.00000   0.00000  -0.00000   0.00000
   8  1  C     x   0.12013  -0.03228  -0.04826  -0.06923  -0.05638   0.09587
   9  1  C     y   0.03066  -0.08747  -0.08752   0.07578  -0.07867  -0.02106
  10  1  C     z  -0.00000   0.00000   0.00000  -0.00000   0.00000  -0.00000
  11  2  C     s  -0.09370  -0.04150   0.00320   0.00285   0.00380   0.00255
  12  2  C     s  -0.12977  -0.05407   0.00483   0.00379   0.00540   0.00390
  13  2  C     s   0.44381   0.06546  -0.01991  -0.00739  -0.01792  -0.01597
  14  2  C     s   0.20688   0.19624   0.05292  -0.06624   0.02396  -0.02386
  15  2  C     x  -0.52923  -0.12525  -0.00831  -0.01044  -0.00115   0.00219
  16  2  C     y   0.38175   0.10140   0.01033   0.01158   0.01866   0.01453
  17  2  C     z  -0.00000   0.00000   0.00000  -0.00000   0.00000  -0.00000
  18  2  C     x  -0.12250  -0.03595   0.02632   0.02148   0.03688  -0.03348
  19  2  C     y   0.06516  -0.00098  -0.02104   0.01449   0.00388   0.00604
  20  2  C     z   0.00000  -0.00000  -0.00000   0.00000  -0.00000   0.00000
  21  3  C     s  -0.00418  -0.00321  -0.09830  -0.04547   0.09787   0.04508
  22  3  C     s  -0.00583  -0.00476  -0.13580  -0.05962   0.13522   0.05905
  23  3  C     s   0.01795   0.01763   0.46215   0.08016  -0.45936  -0.07883
  24  3  C     s  -0.02119   0.03226   0.23533   0.20914  -0.23523  -0.20251
  25  3  C     x  -0.01818  -0.01742   0.57744   0.14065  -0.03229  -0.01118
  26  3  C     y   0.01242   0.00866   0.26192   0.06053   0.63408   0.15311
  27  3  C     z  -0.00000   0.00000  -0.00000   0.00000   0.00000  -0.00000
  28  3  C     x  -0.03012   0.00411   0.10536   0.01853   0.00080   0.02626
  29  3  C     y  -0.03593   0.02635   0.05580   0.03615   0.11500   0.03383
  30  3  C     z   0.00000  -0.00000  -0.00000   0.00000  -0.00000   0.00000
  31  4  C     s   0.00374   0.00351  -0.00359  -0.00270  -0.00304  -0.00297
  32  4  C     s   0.00569   0.00475  -0.00508  -0.00403  -0.00461  -0.00394
  33  4  C     s  -0.02296  -0.01048   0.01697   0.01535   0.01927   0.00757
  34  4  C     s   0.05272  -0.06838  -0.02326   0.02455  -0.04690   0.06008
  35  4  C     x  -0.00961  -0.00939   0.01657   0.01249   0.01281   0.01572
  36  4  C     y  -0.01514  -0.01739   0.00761   0.00934  -0.00198  -0.00199
  37  4  C     z  -0.00000   0.00000   0.00000  -0.00000   0.00000  -0.00000
  38  4  C     x   0.00579  -0.02325  -0.01406   0.02080  -0.03089   0.00445
  39  4  C     y   0.02960   0.00372   0.02852  -0.02150   0.00744   0.02190
  40  4  C     z   0.00000  -0.00000  -0.00000   0.00000  -0.00000   0.00000
  41  5  H     s   0.07732   0.54079  -0.00127   0.00284   0.00593   0.00556
  42  5  H     s   0.04279   0.34780   0.01908   0.00936   0.03210   0.00194
  43  6  H     s   0.00317   0.00170  -0.00198  -0.00083  -0.00677  -0.00376
  44  6  H     s  -0.01147  -0.04048   0.00230  -0.01320  -0.02459   0.01197
  45  7  H     s   0.00503   0.00268   0.07526   0.53995  -0.00555  -0.00153
  46  7  H     s   0.02788  -0.01102   0.04600   0.33341   0.01801   0.03792
  47  8  H     s  -0.00584  -0.00570   0.00560   0.00160  -0.07553  -0.54071
  48  8  H     s  -0.03539  -0.00522  -0.01599  -0.04108  -0.05010  -0.33564
  49  9  H     s  -0.00240  -0.00133  -0.00572  -0.00535   0.00059  -0.00336
  50  9  H     s   0.00201  -0.00999  -0.02995  -0.00236  -0.01993  -0.00989
  51 10  H     s  -0.00015   0.00395   0.00596   0.00299   0.00240   0.00158
  52 10  H     s   0.02259   0.01091   0.02076  -0.01211  -0.00232   0.01231

 ===========================================================================
    Orbital#            19        20        21        22        23        24
      Group#             5         5         5         5         6         6
 ---------------------------------------------------------------------------
  AO# LABELS
   1  1  C     s   0.00845   0.00651   0.00799   0.00576   0.00000   0.00000
   2  1  C     s   0.01185   0.00909   0.01126   0.00810   0.00000   0.00000
   3  1  C     s  -0.03118  -0.02683  -0.02909  -0.02384   0.00000   0.00000
   4  1  C     s  -0.04228  -0.06492  -0.04289  -0.07311   0.00000   0.00000
   5  1  C     x   0.04986   0.02063   0.03292   0.03742   0.00000   0.00000
   6  1  C     y   0.00829   0.02980   0.04301   0.00821   0.00000   0.00000
   7  1  C     z  -0.00000   0.00000  -0.00000   0.00000   0.69810   0.14400
   8  1  C     x   0.04826   0.06923  -0.05638   0.09587   0.00000   0.00000
   9  1  C     y  -0.08752   0.07578   0.07867   0.02106   0.00000   0.00000
  10  1  C     z   0.00000  -0.00000   0.00000  -0.00000   0.30270   0.05319
  11  2  C     s   0.00320   0.00285  -0.00380  -0.00255   0.00000   0.00000
  12  2  C     s   0.00483   0.00379  -0.00540  -0.00390   0.00000   0.00000
  13  2  C     s  -0.01991  -0.00739   0.01792   0.01597   0.00000   0.00000
  14  2  C     s   0.05292  -0.06624  -0.02396   0.02386   0.00000   0.00000
  15  2  C     x   0.00831   0.01044  -0.00115   0.00219   0.00000   0.00000
  16  2  C     y   0.01033   0.01158  -0.01866  -0.01453   0.00000   0.00000
  17  2  C     z   0.00000  -0.00000   0.00000  -0.00000   0.11424   0.72397
  18  2  C     x  -0.02632  -0.02148   0.03688  -0.03348   0.00000   0.00000
  19  2  C     y  -0.02104   0.01449  -0.00388  -0.00604   0.00000   0.00000
  20  2  C     z  -0.00000   0.00000  -0.00000   0.00000   0.06316   0.29145
  21  3  C     s  -0.00359  -0.00270   0.00304   0.00297   0.00000   0.00000
  22  3  C     s  -0.00508  -0.00403   0.00461   0.00394   0.00000   0.00000
  23  3  C     s   0.01697   0.01535  -0.01927  -0.00757   0.00000   0.00000
  24  3  C     s  -0.02326   0.02455   0.04690  -0.06008   0.00000   0.00000
  25  3  C     x  -0.01657  -0.01249   0.01281   0.01572   0.00000   0.00000
  26  3  C     y   0.00761   0.00934   0.00198   0.00199   0.00000   0.00000
  27  3  C     z  -0.00000   0.00000  -0.00000  -0.00000   0.12212   0.05335
  28  3  C     x   0.01406  -0.02080  -0.03089   0.00445   0.00000   0.00000
  29  3  C     y   0.02852  -0.02150  -0.00744  -0.02190   0.00000   0.00000
  30  3  C     z  -0.00000   0.00000  -0.00000   0.00000  -0.02845   0.00647
  31  4  C     s  -0.09830  -0.04547  -0.09786  -0.04508   0.00000   0.00000
  32  4  C     s  -0.13580  -0.05962  -0.13521  -0.05905   0.00000   0.00000
  33  4  C     s   0.46216   0.08016   0.45935   0.07883   0.00000   0.00000
  34  4  C     s   0.23534   0.20914   0.23523   0.20251   0.00000   0.00000
  35  4  C     x  -0.57744  -0.14065  -0.03227  -0.01118   0.00000   0.00000
  36  4  C     y   0.26191   0.06052  -0.63409  -0.15311   0.00000   0.00000
  37  4  C     z   0.00000  -0.00000   0.00000  -0.00000   0.12212   0.05335
  38  4  C     x  -0.10535  -0.01852   0.00081   0.02625   0.00000   0.00000
  39  4  C     y   0.05580   0.03615  -0.11500  -0.03383   0.00000   0.00000
  40  4  C     z  -0.00000   0.00000  -0.00000   0.00000  -0.02845   0.00647
  41  5  H     s  -0.00198  -0.00083   0.00677   0.00376   0.00000   0.00000
  42  5  H     s   0.00230  -0.01320   0.02459  -0.01197   0.00000   0.00000
  43  6  H     s  -0.00127   0.00284  -0.00593  -0.00556   0.00000   0.00000
  44  6  H     s   0.01908   0.00936  -0.03210  -0.00194   0.00000   0.00000
  45  7  H     s  -0.00572  -0.00535  -0.00059   0.00336   0.00000   0.00000
  46  7  H     s  -0.02995  -0.00236   0.01993   0.00989   0.00000   0.00000
  47  8  H     s   0.00596   0.00299  -0.00240  -0.00158   0.00000   0.00000
  48  8  H     s   0.02076  -0.01211   0.00232  -0.01231   0.00000   0.00000
  49  9  H     s   0.07526   0.53995   0.00554   0.00153   0.00000   0.00000
  50  9  H     s   0.04601   0.33342  -0.01801  -0.03793   0.00000   0.00000
  51 10  H     s   0.00560   0.00161   0.07553   0.54071   0.00000   0.00000
  52 10  H     s  -0.01599  -0.04107   0.05010   0.33564   0.00000   0.00000

 ===========================================================================
    Orbital#            25        26        27        28        29        30
      Group#             6         6         6         6         6         6
 ---------------------------------------------------------------------------
  AO# LABELS
   1  1  C     s   0.00000   0.00000   0.00000   0.00000   0.00000   0.00000
   2  1  C     s   0.00000   0.00000   0.00000   0.00000   0.00000   0.00000
   3  1  C     s   0.00000   0.00000   0.00000   0.00000   0.00000   0.00000
   4  1  C     s   0.00000   0.00000   0.00000   0.00000   0.00000   0.00000
   5  1  C     x   0.00000   0.00000   0.00000   0.00000   0.00000   0.00000
   6  1  C     y   0.00000   0.00000   0.00000   0.00000   0.00000   0.00000
   7  1  C     z   0.12050   0.12050  -0.00000   0.00000  -0.00000  -0.00000
   8  1  C     x   0.00000   0.00000   0.00000   0.00000   0.00000   0.00000
   9  1  C     y   0.00000   0.00000   0.00000   0.00000   0.00000   0.00000
  10  1  C     z  -0.04237  -0.04237   1.00000   0.00000  -0.00000  -0.00000
  11  2  C     s   0.00000   0.00000   0.00000   0.00000   0.00000   0.00000
  12  2  C     s   0.00000   0.00000   0.00000   0.00000   0.00000   0.00000
  13  2  C     s   0.00000   0.00000   0.00000   0.00000   0.00000   0.00000
  14  2  C     s   0.00000   0.00000   0.00000   0.00000   0.00000   0.00000
  15  2  C     x   0.00000   0.00000   0.00000   0.00000   0.00000   0.00000
  16  2  C     y   0.00000   0.00000   0.00000   0.00000   0.00000   0.00000
  17  2  C     z  -0.04415  -0.04415  -0.00000  -0.00000   0.00000   0.00000
  18  2  C     x   0.00000   0.00000   0.00000   0.00000   0.00000   0.00000
  19  2  C     y   0.00000   0.00000   0.00000   0.00000   0.00000   0.00000
  20  2  C     z  -0.05428  -0.05429   0.00000   1.00000   0.00000   0.00000
  21  3  C     s   0.00000   0.00000   0.00000   0.00000   0.00000   0.00000
  22  3  C     s   0.00000   0.00000   0.00000   0.00000   0.00000   0.00000
  23  3  C     s   0.00000   0.00000   0.00000   0.00000   0.00000   0.00000
  24  3  C     s   0.00000   0.00000   0.00000   0.00000   0.00000   0.00000
  25  3  C     x   0.00000   0.00000   0.00000   0.00000   0.00000   0.00000
  26  3  C     y   0.00000   0.00000   0.00000   0.00000   0.00000   0.00000
  27  3  C     z   0.71629   0.01041   0.00000   0.00000   0.00000  -0.00000
  28  3  C     x   0.00000   0.00000   0.00000   0.00000   0.00000   0.00000
  29  3  C     y   0.00000   0.00000   0.00000   0.00000   0.00000   0.00000
  30  3  C     z   0.40791  -0.00919   0.00000  -0.00000   1.00000   0.00000
  31  4  C     s   0.00000   0.00000   0.00000   0.00000   0.00000   0.00000
  32  4  C     s   0.00000   0.00000   0.00000   0.00000   0.00000   0.00000
  33  4  C     s   0.00000   0.00000   0.00000   0.00000   0.00000   0.00000
  34  4  C     s   0.00000   0.00000   0.00000   0.00000   0.00000   0.00000
  35  4  C     x   0.00000   0.00000   0.00000   0.00000   0.00000   0.00000
  36  4  C     y   0.00000   0.00000   0.00000   0.00000   0.00000   0.00000
  37  4  C     z   0.01041   0.71629  -0.00000  -0.00000  -0.00000  -0.00000
  38  4  C     x   0.00000   0.00000   0.00000   0.00000   0.00000   0.00000
  39  4  C     y   0.00000   0.00000   0.00000   0.00000   0.00000   0.00000
  40  4  C     z  -0.00919   0.40791   0.00000   0.00000   0.00000   1.00000
  41  5  H     s   0.00000   0.00000   0.00000   0.00000   0.00000   0.00000
  42  5  H     s   0.00000   0.00000   0.00000   0.00000   0.00000   0.00000
  43  6  H     s   0.00000   0.00000   0.00000   0.00000   0.00000   0.00000
  44  6  H     s   0.00000   0.00000   0.00000   0.00000   0.00000   0.00000
  45  7  H     s   0.00000   0.00000   0.00000   0.00000   0.00000   0.00000
  46  7  H     s   0.00000   0.00000   0.00000   0.00000   0.00000   0.00000
  47  8  H     s   0.00000   0.00000   0.00000   0.00000   0.00000   0.00000
  48  8  H     s   0.00000   0.00000   0.00000   0.00000   0.00000   0.00000
  49  9  H     s   0.00000   0.00000   0.00000   0.00000   0.00000   0.00000
  50  9  H     s   0.00000   0.00000   0.00000   0.00000   0.00000   0.00000
  51 10  H     s   0.00000   0.00000   0.00000   0.00000   0.00000   0.00000
  52 10  H     s   0.00000   0.00000   0.00000   0.00000   0.00000   0.00000


 WORDS OF DYNAMIC MEMORY USED IN VB2000 CODE ONLY:     1095209

 STATISTICS OF CPU TIMES (SECONDS)
 CPU TIME FOR INITIALIZATION        0.165
 CPU TIME FOR MACROITERATION       10.545
 TOTAL CPU TIME                    10.710

