
 **************************************************************
 *                                                            *
 *                        V B 2 0 0 0                         *
 *                                                            *
 * An ab initio Valence-Bond Program Based on the Generalized *
 *    Product Function Method and the Algebrant Algorithm     *
 *                                                            *
 *                  Version 2.8 November 2017                 *
 *                     Stand-alone Version                    *
 *                      Compiler GFORTRAN                     *
 *                                                            *
 *     Memory = 12500000 for MAP file up to 16 electrons      *
 *                                                            *
 *         Jiabo Li*, Brian Duke** and Roy McWeeny***         *
 *                                                            *
 *        * SciNet Technologies, 9943 Fieldthorn St.,         *
 *                   San Diego, CA 92127, USA                 *
 *                                                            *
 *  ** Monash University Institute of Pharmaceutical Sciences,*
 *          Monash University, 381 Royal Pde, Parkville,      *
 *                    Victoria, 3052, Australia               *
 *                                                            *
 *      *** Department of Chemistry, University of Pisa,      *
 *                       56100 Pisa, Italy                    *
 *                                                            *
 *  Reference for the software:                               *
 *     Jiabo Li, Brian Duke, and Roy McWeeny, VB2000 Version  *
 *     2.8, SciNet Technologies, San Diego, CA, 2013          *
 *     URL: http://www.scinetec.com or http://www.vb2000.net  *
 *                                                            *
 *  References for the theory:                                *
 *     General:                                               *
 *     Jiabo Li, and Roy McWeeny, "VB2000: Pushing Valence    *
 *     Bond Theory to New Limits", Int. J. Quantum Chem.,     *
 *     89(2002)208-216.                                       *
 *                                                            *
 *     Spin densities:-                                       *
 *     Jiabo Li, Brian J. Duke, Thomas M. Klapoetke, and Roy  *
 *     McWeeny, Spin-Density of Spin-Free Valence Bond Wave   *
 *     Functions and Its Implementation in VB2000. J. Theor.  *
 *     Comp. Chem. 7(2008)853-867.                            *
 *                                                            *
 *     Spin coupled - n electrons in m orbitals:-             *
 *     Peter B. Karadakov, David L. Cooper, Brian J. Duke,    *
 *     and Jiabo Li, Spin-Coupled Theory for N Electrons in   *
 *     M Orbitals Active Spaces,  J. Phys. Chem. A, 116,      *
 *     7238 - 7244, 2012                                      *
 *                                                            *
 *     Copyright (C) 2018 GNU General Public License          *
 **************************************************************

 JOB NAME IS tmmDZtriplet                                                    

 VB2000 DIRECTORY IS: .                                                                               
 MAXIMUM DYNAMIC MEMORY IS:        6500000

 Input of molecule
 =================
 #! GPF(2)/D95 UNITS=BOHR SPDEN PRINTALL                                         
                                                                                 
 Title: TMM TRIPLET                                                                     

 Charge =  0 Multiplicity =  3

 BASIS SET FILE IS: ./BASET/D95                                                                     

 Cartesian coordinates of atoms in Angstrom
 ----------------------------------------------------
                    X             Y             Z   

  C     6.0      0.000000      0.000000      0.000000
  C     6.0      0.000000      1.428000      0.000000
  C     6.0      1.236684     -0.714000      0.000000
  C     6.0     -1.236684     -0.714000      0.000000
  H     1.0     -0.927568      1.983138      0.000000
  H     1.0      0.927568      1.983138      0.000000
  H     1.0      2.181232     -0.188271      0.000000
  H     1.0      1.253664     -1.794867      0.000000
  H     1.0     -2.181232     -0.188271      0.000000
  H     1.0     -1.253664     -1.794867      0.000000
 ----------------------------------------------------

 Total number of two-electron integrals =       544220
 Time for integral evaluation                    0.541

 SKIPPED INTEGRALS =                            401666
 Number of iter =     15, DMAX =        0.000006399147
 Final Hartree-Fock Energy =         -154.623735470973

 Molecular orbitals by HF method
 ===============================================================================
 MO#                       1         2         3         4         5         6
 E(a.u.)             -11.279   -11.263   -11.263   -11.263    -1.107    -0.923
 -------------------------------------------------------------------------------

   1  1  C     s     0.60001   0.00000  -0.00000  -0.03333  -0.09933  -0.00000
   2  1  C     s     0.43676   0.00000  -0.00000  -0.02439  -0.13404   0.00000
   3  1  C     s     0.00477  -0.00000   0.00000   0.00030   0.37115  -0.00000
   4  1  C     s    -0.00144  -0.00000   0.00000   0.00032   0.16644   0.00000
   5  1  C     x     0.00000  -0.00052  -0.00000  -0.00000   0.00000   0.25387
   6  1  C     y     0.00000  -0.00000   0.00052  -0.00000  -0.00000   0.00005
   7  1  C     z    -0.00000  -0.00000  -0.00000  -0.00000  -0.00000   0.00000
   8  1  C     x    -0.00000  -0.00047  -0.00000  -0.00000   0.00000  -0.14716
   9  1  C     y    -0.00000  -0.00000   0.00047  -0.00000  -0.00000  -0.00003
  10  1  C     z     0.00000   0.00000   0.00000   0.00000   0.00000   0.00000
  11  2  C     s     0.01908  -0.00237   0.49068   0.34645  -0.05654  -0.00002
  12  2  C     s     0.01381  -0.00173   0.35720   0.25222  -0.07617  -0.00003
  13  2  C     s     0.00046  -0.00002   0.00369   0.00246   0.21072   0.00007
  14  2  C     s     0.00049   0.00000  -0.00082  -0.00026   0.12526   0.00007
  15  2  C     x     0.00000   0.00006   0.00000   0.00000   0.00000   0.05290
  16  2  C     y    -0.00049   0.00000  -0.00017  -0.00007  -0.09521  -0.00000
  17  2  C     z     0.00000   0.00000   0.00000   0.00000   0.00000   0.00000
  18  2  C     x     0.00000   0.00003   0.00000  -0.00000   0.00000   0.07472
  19  2  C     y    -0.00006  -0.00000   0.00044   0.00004   0.00877  -0.00000
  20  2  C     z     0.00000   0.00000   0.00000  -0.00000   0.00000   0.00000
  21  3  C     s     0.01908  -0.42375  -0.24740   0.34645  -0.05654  -0.08672
  22  3  C     s     0.01381  -0.30848  -0.18010   0.25222  -0.07617  -0.11702
  23  3  C     s     0.00046  -0.00319  -0.00186   0.00246   0.21072   0.31479
  24  3  C     s     0.00049   0.00071   0.00041  -0.00026   0.12526   0.33172
  25  3  C     x    -0.00042   0.00014   0.00005  -0.00006  -0.08245   0.00864
  26  3  C     y     0.00025  -0.00005  -0.00008   0.00003   0.04760   0.02557
  27  3  C     z     0.00000   0.00000   0.00000   0.00000   0.00000   0.00000
  28  3  C     x    -0.00006  -0.00032  -0.00020   0.00004   0.00759   0.00277
  29  3  C     y     0.00003   0.00020   0.00009  -0.00002  -0.00438   0.04155
  30  3  C     z    -0.00000  -0.00000  -0.00000  -0.00000  -0.00000  -0.00000
  31  4  C     s     0.01908   0.42613  -0.24328   0.34645  -0.05654   0.08673
  32  4  C     s     0.01381   0.31021  -0.17710   0.25222  -0.07617   0.11704
  33  4  C     s     0.00046   0.00321  -0.00183   0.00246   0.21072  -0.31486
  34  4  C     s     0.00049  -0.00071   0.00041  -0.00026   0.12526  -0.33179
  35  4  C     x     0.00042   0.00014  -0.00005   0.00006   0.08245   0.00863
  36  4  C     y     0.00025   0.00005  -0.00008   0.00003   0.04760  -0.02555
  37  4  C     z    -0.00000  -0.00000   0.00000  -0.00000  -0.00000  -0.00000
  38  4  C     x     0.00006  -0.00032   0.00020  -0.00004  -0.00759   0.00275
  39  4  C     y     0.00003  -0.00020   0.00009  -0.00002  -0.00438  -0.04153
  40  4  C     z    -0.00000  -0.00000  -0.00000   0.00000  -0.00000  -0.00000
  41  5  H     s    -0.00001   0.00000   0.00046   0.00029   0.04551  -0.01745
  42  5  H     s    -0.00005   0.00000  -0.00009   0.00004   0.00120   0.02473
  43  6  H     s    -0.00001  -0.00000   0.00046   0.00029   0.04551   0.01749
  44  6  H     s    -0.00005   0.00000  -0.00009   0.00004   0.00120  -0.02471
  45  7  H     s    -0.00001  -0.00040  -0.00023   0.00029   0.04551   0.11478
  46  7  H     s    -0.00005   0.00008   0.00005   0.00004   0.00120   0.02054
  47  8  H     s    -0.00001  -0.00040  -0.00023   0.00029   0.04551   0.09730
  48  8  H     s    -0.00005   0.00008   0.00005   0.00004   0.00120   0.04526
  49  9  H     s    -0.00001   0.00040  -0.00023   0.00029   0.04551  -0.11479
  50  9  H     s    -0.00005  -0.00008   0.00005   0.00004   0.00120  -0.02055
  51 10  H     s    -0.00001   0.00040  -0.00023   0.00029   0.04551  -0.09733
  52 10  H     s    -0.00005  -0.00008   0.00005   0.00004   0.00120  -0.04526

 MO#                       7         8         9        10        11        12
 E(a.u.)              -0.923    -0.737    -0.648    -0.648    -0.558    -0.537
 -------------------------------------------------------------------------------

   1  1  C     s     0.00000  -0.06972   0.00000  -0.00000   0.00000   0.00000
   2  1  C     s     0.00000  -0.09548   0.00000  -0.00000  -0.00000   0.00000
   3  1  C     s    -0.00000   0.26637  -0.00000   0.00000   0.00000  -0.00000
   4  1  C     s    -0.00000   0.22945   0.00000  -0.00000  -0.00000   0.00000
   5  1  C     x     0.00005  -0.00000   0.00003   0.27239   0.00000  -0.37613
   6  1  C     y    -0.25387  -0.00000  -0.27239   0.00003  -0.00000   0.00003
   7  1  C     z    -0.00000   0.00000  -0.00000   0.00000   0.00000  -0.00000
   8  1  C     x    -0.00003   0.00000  -0.00001  -0.07994  -0.00000   0.01006
   9  1  C     y     0.14716  -0.00000   0.07994  -0.00001  -0.00000  -0.00000
  10  1  C     z     0.00000  -0.00000   0.00000   0.00000   0.00000  -0.00000
  11  2  C     s     0.10014   0.03493  -0.01426   0.00000   0.00000  -0.00000
  12  2  C     s     0.13513   0.04734  -0.01983   0.00000   0.00000  -0.00000
  13  2  C     s    -0.36353  -0.13015   0.06376  -0.00001  -0.00000   0.00000
  14  2  C     s    -0.38308  -0.13273  -0.00169   0.00000   0.00000   0.00001
  15  2  C     x     0.00001  -0.00000   0.00003   0.33855   0.32110   0.26761
  16  2  C     y     0.00612  -0.24794   0.26012  -0.00003   0.00000  -0.00003
  17  2  C     z     0.00000   0.00000   0.00000   0.00000   0.00000  -0.00000
  18  2  C     x     0.00001  -0.00000   0.00001   0.11482   0.05884   0.03944
  19  2  C     y     0.02123  -0.01388   0.05403  -0.00001  -0.00000  -0.00001
  20  2  C     z     0.00000   0.00000   0.00000   0.00000   0.00000   0.00000
  21  3  C     s    -0.05009   0.03493   0.00713   0.01235  -0.00000   0.01363
  22  3  C     s    -0.06759   0.04734   0.00992   0.01717  -0.00000   0.01880
  23  3  C     s     0.18182  -0.13015  -0.03188  -0.05521   0.00000  -0.05079
  24  3  C     s     0.19160  -0.13273   0.00085   0.00147   0.00000  -0.08977
  25  3  C     x    -0.02556  -0.21472  -0.25924  -0.11043  -0.16055   0.34416
  26  3  C     y    -0.03814   0.12397  -0.18886   0.25925  -0.27808  -0.04422
  27  3  C     z     0.00000  -0.00000   0.00000   0.00000   0.00000   0.00000
  28  3  C     x    -0.04154  -0.01202  -0.07311  -0.01181  -0.02942   0.06757
  29  3  C     y    -0.05072   0.00694  -0.07260   0.07312  -0.05096  -0.01625
  30  3  C     z    -0.00000   0.00000  -0.00000  -0.00000  -0.00000  -0.00000
  31  4  C     s    -0.05005   0.03493   0.00713  -0.01235   0.00000  -0.01363
  32  4  C     s    -0.06755   0.04734   0.00991  -0.01717   0.00000  -0.01879
  33  4  C     s     0.18170  -0.13015  -0.03187   0.05522  -0.00000   0.05078
  34  4  C     s     0.19148  -0.13273   0.00085  -0.00147  -0.00000   0.08976
  35  4  C     x     0.02556   0.21472   0.25922  -0.11048  -0.16055   0.34415
  36  4  C     y    -0.03815   0.12397  -0.18891  -0.25921   0.27808   0.04417
  37  4  C     z    -0.00000   0.00000  -0.00000  -0.00000   0.00000  -0.00000
  38  4  C     x     0.04154   0.01202   0.07311  -0.01183  -0.02942   0.06757
  39  4  C     y    -0.05074   0.00694  -0.07261  -0.07310   0.05096   0.01624
  40  4  C     z    -0.00000   0.00000  -0.00000  -0.00000  -0.00000  -0.00000
  41  5  H     s    -0.12246  -0.10999   0.08725  -0.13723  -0.14732  -0.13637
  42  5  H     s    -0.03799  -0.06645   0.05238  -0.06290  -0.11552  -0.12314
  43  6  H     s    -0.12245  -0.10999   0.08728   0.13721   0.14732   0.13635
  44  6  H     s    -0.03800  -0.06645   0.05240   0.06288   0.11552   0.12312
  45  7  H     s     0.04612  -0.10999  -0.16247  -0.00695  -0.14732   0.13767
  46  7  H     s     0.04041  -0.06645  -0.08066  -0.01392  -0.11552   0.12682
  47  8  H     s     0.07638  -0.10999   0.07519  -0.14419   0.14732   0.00133
  48  8  H     s    -0.00240  -0.06645   0.02826  -0.07682   0.11552   0.00370
  49  9  H     s     0.04608  -0.10999  -0.16247   0.00698   0.14732  -0.13768
  50  9  H     s     0.04040  -0.06645  -0.08066   0.01393   0.11552  -0.12683
  51 10  H     s     0.07634  -0.10999   0.07522   0.14418  -0.14732  -0.00130
  52 10  H     s    -0.00242  -0.06645   0.02828   0.07681  -0.11552  -0.00368

 MO#                      13        14        15        16        17        18
 E(a.u.)              -0.537    -0.444    -0.114    -0.114     0.208     0.266
 -------------------------------------------------------------------------------

   1  1  C     s     0.00000   0.00000  -0.00000  -0.00000  -0.00000  -0.00000
   2  1  C     s     0.00000   0.00000  -0.00000  -0.00000  -0.00000  -0.00000
   3  1  C     s     0.00000  -0.00000   0.00000   0.00000   0.00000  -0.00000
   4  1  C     s    -0.00000   0.00000   0.00000   0.00000   0.00000   0.00000
   5  1  C     x     0.00003  -0.00000  -0.00000  -0.00000  -0.00000  -0.00061
   6  1  C     y     0.37613  -0.00000  -0.00000   0.00000  -0.00000  -0.19486
   7  1  C     z     0.00000   0.46098   0.00000   0.00000  -0.54129   0.00000
   8  1  C     x    -0.00000   0.00000   0.00000  -0.00000  -0.00000  -0.01231
   9  1  C     y    -0.01006  -0.00000  -0.00000  -0.00000  -0.00000  -3.93944
  10  1  C     z    -0.00000   0.17996  -0.00000   0.00000  -1.31350   0.00000
  11  2  C     s    -0.01574   0.00000   0.00000   0.00000  -0.00000  -0.04462
  12  2  C     s    -0.02170   0.00000   0.00000   0.00000   0.00000  -0.05608
  13  2  C     s     0.05864  -0.00000  -0.00000  -0.00000  -0.00000  -0.03339
  14  2  C     s     0.10365   0.00000   0.00000   0.00000   0.00000   3.46134
  15  2  C     x    -0.00002  -0.00000  -0.00000  -0.00000  -0.00000  -0.00033
  16  2  C     y    -0.36967   0.00000   0.00000  -0.00000   0.00000   0.10565
  17  2  C     z     0.00000   0.25487   0.00089   0.52787   0.15222  -0.00000
  18  2  C     x    -0.00000  -0.00000   0.00000   0.00000   0.00000   0.00350
  19  2  C     y    -0.07695  -0.00000   0.00000   0.00000  -0.00000  -1.94967
  20  2  C     z     0.00000   0.09287   0.00080   0.47258   0.75574  -0.00000
  21  3  C     s     0.00787   0.00000  -0.00000  -0.00000  -0.00000   0.02219
  22  3  C     s     0.01085   0.00000  -0.00000  -0.00000  -0.00000   0.02789
  23  3  C     s    -0.02932  -0.00000   0.00000   0.00000  -0.00000   0.01661
  24  3  C     s    -0.05182  -0.00000  -0.00000  -0.00000  -0.00000  -1.72130
  25  3  C     x     0.04416   0.00000   0.00000   0.00000   0.00000  -0.09154
  26  3  C     y    -0.29312   0.00000   0.00000   0.00000   0.00000  -0.05348
  27  3  C     z     0.00000   0.25487   0.45670  -0.26471   0.15222   0.00000
  28  3  C     x     0.01624   0.00000  -0.00000  -0.00000   0.00000   1.32555
  29  3  C     y    -0.04881   0.00000  -0.00000  -0.00000   0.00000   0.35681
  30  3  C     z     0.00000   0.09287   0.40887  -0.23698   0.75574  -0.00000
  31  4  C     s     0.00787   0.00000   0.00000   0.00000   0.00000   0.02243
  32  4  C     s     0.01085   0.00000   0.00000   0.00000   0.00000   0.02819
  33  4  C     s    -0.02933  -0.00000  -0.00000  -0.00000  -0.00000   0.01679
  34  4  C     s    -0.05183  -0.00000  -0.00000  -0.00000  -0.00000  -1.74004
  35  4  C     x    -0.04422   0.00000   0.00000   0.00000   0.00000   0.09187
  36  4  C     y    -0.29313   0.00000   0.00000   0.00000   0.00000  -0.05290
  37  4  C     z    -0.00000   0.25487  -0.45760  -0.26316   0.15222  -0.00000
  38  4  C     x    -0.01625  -0.00000  -0.00000  -0.00000  -0.00000  -1.33294
  39  4  C     y    -0.04882   0.00000   0.00000   0.00000  -0.00000   0.34850
  40  4  C     z    -0.00000   0.09287  -0.40967  -0.23560   0.75574  -0.00000
  41  5  H     s    -0.08023   0.00000  -0.00000  -0.00000  -0.00000   0.00288
  42  5  H     s    -0.07534   0.00000   0.00000   0.00000  -0.00000   0.03533
  43  6  H     s    -0.08026  -0.00000  -0.00000  -0.00000  -0.00000   0.00313
  44  6  H     s    -0.07536  -0.00000  -0.00000  -0.00000  -0.00000   0.03407
  45  7  H     s    -0.07798   0.00000   0.00000   0.00000   0.00000   0.03251
  46  7  H     s    -0.06897   0.00000   0.00000   0.00000  -0.00000  -0.19201
  47  8  H     s     0.15821  -0.00000  -0.00000   0.00000  -0.00000  -0.03550
  48  8  H     s     0.14431   0.00000   0.00000   0.00000   0.00000   0.15750
  49  9  H     s    -0.07796  -0.00000   0.00000   0.00000   0.00000   0.03238
  50  9  H     s    -0.06895  -0.00000  -0.00000  -0.00000  -0.00000  -0.19157
  51 10  H     s     0.15821  -0.00000  -0.00000  -0.00000  -0.00000  -0.03540
  52 10  H     s     0.14431   0.00000   0.00000   0.00000  -0.00000   0.15669

 MO#                      19        20        21
 E(a.u.)               0.266     0.278     0.294
 -------------------------------------------------------------------------------

   1  1  C     s     0.00000  -0.01005  -0.05322
   2  1  C     s     0.00000  -0.01296  -0.06908
   3  1  C     s     0.00000   0.00591  -0.00726
   4  1  C     s    -0.00000   0.94484   3.88549
   5  1  C     x    -0.19486  -0.00000  -0.00000
   6  1  C     y     0.00061   0.00000   0.00000
   7  1  C     z     0.00000  -0.00000  -0.00000
   8  1  C     x    -3.93944  -0.00000  -0.00000
   9  1  C     y     0.01231   0.00000   0.00000
  10  1  C     z     0.00000   0.00000   0.00000
  11  2  C     s     0.00014  -0.03310   0.02973
  12  2  C     s     0.00018  -0.04637   0.04108
  13  2  C     s     0.00010   0.11387  -0.07077
  14  2  C     s    -0.01082   1.09738  -1.26211
  15  2  C     x    -0.10614  -0.00000   0.00000
  16  2  C     y    -0.00033   0.15609  -0.04282
  17  2  C     z    -0.00000  -0.00000  -0.00000
  18  2  C     x     1.12010   0.00000  -0.00000
  19  2  C     y     0.00609   0.78212   1.04795
  20  2  C     z    -0.00000  -0.00000  -0.00000
  21  3  C     s    -0.03871  -0.03310   0.02973
  22  3  C     s    -0.04866  -0.04637   0.04108
  23  3  C     s    -0.02897   0.11387  -0.07077
  24  3  C     s     3.00301   1.09738  -1.26211
  25  3  C     x     0.05299   0.13518  -0.03708
  26  3  C     y    -0.09154  -0.07804   0.02141
  27  3  C     z     0.00000   0.00000   0.00000
  28  3  C     x    -1.18638   0.67733   0.90755
  29  3  C     y     1.32814  -0.39106  -0.52398
  30  3  C     z    -0.00000  -0.00000  -0.00000
  31  4  C     s     0.03857  -0.03310   0.02973
  32  4  C     s     0.04848  -0.04637   0.04108
  33  4  C     s     0.02887   0.11387  -0.07077
  34  4  C     s    -2.99220   1.09738  -1.26211
  35  4  C     x     0.05242  -0.13518   0.03708
  36  4  C     y     0.09187  -0.07804   0.02141
  37  4  C     z    -0.00000   0.00000   0.00000
  38  4  C     x    -1.17807  -0.67733  -0.90755
  39  4  C     y    -1.33035  -0.39106  -0.52398
  40  4  C     z    -0.00000  -0.00000  -0.00000
  41  5  H     s    -0.03921  -0.01359  -0.00716
  42  5  H     s     0.20132  -0.92080   0.19394
  43  6  H     s     0.03919  -0.01359  -0.00716
  44  6  H     s    -0.20154  -0.92080   0.19394
  45  7  H     s     0.02210  -0.01359  -0.00716
  46  7  H     s    -0.07007  -0.92080   0.19394
  47  8  H     s    -0.01689  -0.01359  -0.00716
  48  8  H     s     0.13027  -0.92080   0.19394
  49  9  H     s    -0.02230  -0.01359  -0.00716
  50  9  H     s     0.07126  -0.92080   0.19394
  51 10  H     s     0.01711  -0.01359  -0.00716
  52 10  H     s    -0.13126  -0.92080   0.19394


                    PARAMETER LIMIT VALUES
 Max. no. of atoms                    MAXCEN =    200
 Max. no. of basis functions          MAXBFN =   1350
 Max. no. of shells                   MAXSHL =    500
 Max. no. of total primitives         MAXEXP =   4400
 Max. no. of primitives per orbital   MAXPRM =     15
 Max. no. of atoms * no. of orbitals  MAXNAB = 135000
 Increase max basis set size by       NEXTRA =     20
 Max. size for Rumer data             MAXST1 = 120000
 Max. no. of orbitals in group        MAXNOB =    200
 Max. no. of CUBE orbitals            MAXCUB =    100
 Max. no. of groups                   MAXGRP =     49
 BRILLMASK array sizes                MAXBLL =  12500

 VBO LIB IS: ./VBOLIB/VBOLIBD95                                                              

 Localized molecular orbitals and the bond labels
 ===============================================================================
 LMO#                      1         2         3         4         5         6
 E(a.u.)             -11.225   -11.225   -11.225   -11.220    -0.811    -0.811
 Bond Label            2:(0)     4:(0)     3:(0)     1:(0)    3-1(1)    4-1(1)
 -------------------------------------------------------------------------------

   1  1  C     s     0.00163   0.00163   0.00163   0.60827  -0.04331  -0.04331
   2  1  C     s     0.00249   0.00249   0.00249   0.44846  -0.07510  -0.07510
   3  1  C     s    -0.00794  -0.00794  -0.00794  -0.02931   0.26142   0.26142
   4  1  C     s    -0.00176  -0.00176  -0.00176  -0.02043   0.14805   0.14805
   5  1  C     x    -0.00000   0.00786  -0.00786   0.00000   0.37323  -0.37323
   6  1  C     y    -0.00907   0.00454   0.00454  -0.00000  -0.21549  -0.21549
   7  1  C     z     0.00000  -0.00000  -0.00000   0.00000  -0.00000   0.00000
   8  1  C     x    -0.00000  -0.00565   0.00565  -0.00000  -0.08486   0.08486
   9  1  C     y     0.00652  -0.00326  -0.00326   0.00000   0.04899   0.04899
  10  1  C     z     0.00000  -0.00000  -0.00000   0.00000  -0.00000   0.00000
  11  2  C     s     0.60714   0.00002   0.00002   0.00202   0.00717   0.00717
  12  2  C     s     0.44652   0.00009   0.00009   0.00302   0.00823   0.00823
  13  2  C     s    -0.02233  -0.00066  -0.00066  -0.00951  -0.01313  -0.01313
  14  2  C     s    -0.02506   0.00266   0.00266  -0.00346  -0.08637  -0.08636
  15  2  C     x     0.00000  -0.00043   0.00043  -0.00000  -0.00787   0.00787
  16  2  C     y    -0.00293   0.00014   0.00014   0.01432   0.04132   0.04132
  17  2  C     z     0.00000   0.00000   0.00000   0.00000  -0.00000  -0.00000
  18  2  C     x     0.00000   0.00216  -0.00216  -0.00000   0.04434  -0.04434
  19  2  C     y     0.00039  -0.00095  -0.00095  -0.00019   0.03776   0.03776
  20  2  C     z     0.00000   0.00000   0.00000   0.00000  -0.00000  -0.00000
  21  3  C     s     0.00002   0.00002   0.60714   0.00202  -0.04736   0.00717
  22  3  C     s     0.00009   0.00009   0.44652   0.00302  -0.07470   0.00823
  23  3  C     s    -0.00066  -0.00066  -0.02233  -0.00951   0.23366  -0.01313
  24  3  C     s     0.00266   0.00266  -0.02506  -0.00346   0.24918  -0.08637
  25  3  C     x     0.00033  -0.00009  -0.00254   0.01240  -0.37711   0.03972
  26  3  C     y     0.00030  -0.00044   0.00147  -0.00716   0.21772  -0.01385
  27  3  C     z    -0.00000   0.00000  -0.00000   0.00000   0.00000   0.00000
  28  3  C     x    -0.00190   0.00026   0.00033  -0.00016  -0.06413   0.01053
  29  3  C     y    -0.00139   0.00234  -0.00019   0.00009   0.03703  -0.05728
  30  3  C     z    -0.00000   0.00000  -0.00000   0.00000   0.00000   0.00000
  31  4  C     s     0.00002   0.60714   0.00002   0.00202   0.00717  -0.04736
  32  4  C     s     0.00009   0.44652   0.00009   0.00302   0.00823  -0.07470
  33  4  C     s    -0.00066  -0.02233  -0.00066  -0.00951  -0.01313   0.23366
  34  4  C     s     0.00266  -0.02506   0.00266  -0.00346  -0.08637   0.24918
  35  4  C     x    -0.00033   0.00254   0.00009  -0.01240  -0.03972   0.37711
  36  4  C     y     0.00030   0.00147  -0.00044  -0.00716  -0.01385   0.21772
  37  4  C     z    -0.00000  -0.00000   0.00000   0.00000  -0.00000   0.00000
  38  4  C     x     0.00190  -0.00033  -0.00026   0.00016  -0.01053   0.06413
  39  4  C     y    -0.00139  -0.00019   0.00234   0.00009  -0.05728   0.03703
  40  4  C     z    -0.00000  -0.00000   0.00000  -0.00000  -0.00000   0.00000
  41  5  H     s    -0.00925   0.00020  -0.00052   0.00062   0.02484  -0.01294
  42  5  H     s    -0.00339   0.00152  -0.00146   0.00211   0.05749  -0.04574
  43  6  H     s    -0.00925  -0.00052   0.00020   0.00062  -0.01294   0.02484
  44  6  H     s    -0.00339  -0.00146   0.00152   0.00211  -0.04574   0.05749
  45  7  H     s     0.00020  -0.00052  -0.00925   0.00062  -0.03630   0.02484
  46  7  H     s     0.00152  -0.00146  -0.00339   0.00211  -0.06607   0.05749
  47  8  H     s    -0.00052   0.00020  -0.00925   0.00062  -0.03630  -0.01294
  48  8  H     s    -0.00146   0.00152  -0.00339   0.00211  -0.06607  -0.04574
  49  9  H     s     0.00020  -0.00925  -0.00052   0.00062   0.02484  -0.03630
  50  9  H     s     0.00152  -0.00339  -0.00146   0.00211   0.05749  -0.06607
  51 10  H     s    -0.00052  -0.00925   0.00020   0.00062  -0.01294  -0.03630
  52 10  H     s    -0.00146  -0.00339   0.00152   0.00211  -0.04574  -0.06607

 LMO#                      7         8         9        10        11        12
 E(a.u.)              -0.811    -0.726    -0.726    -0.726    -0.726    -0.726
 Bond Label           2-1(1)    9-4(1)    5-2(1)    7-3(1)    8-3(1)   10-4(1)
 -------------------------------------------------------------------------------

   1  1  C     s    -0.04331  -0.00593  -0.00593  -0.00593  -0.00593   0.00593
   2  1  C     s    -0.07510  -0.00797  -0.00797  -0.00797  -0.00797   0.00797
   3  1  C     s     0.26142   0.02104   0.02104   0.02104   0.02104  -0.02104
   4  1  C     s     0.14805   0.04860   0.04860   0.04860   0.04860  -0.04860
   5  1  C     x     0.00000  -0.00730   0.01393   0.00730   0.02123   0.02123
   6  1  C     y     0.43097  -0.02030   0.01647  -0.02030   0.00383  -0.00383
   7  1  C     z     0.00000  -0.00000  -0.00000  -0.00000   0.00000   0.00000
   8  1  C     x    -0.00000  -0.06580  -0.04606   0.06580   0.01974   0.01974
   9  1  C     y    -0.09799   0.01519   0.04939   0.01519  -0.06458   0.06458
  10  1  C     z     0.00000  -0.00000  -0.00000  -0.00000   0.00000   0.00000
  11  2  C     s    -0.04736  -0.00346   0.05027  -0.00346   0.00141  -0.00141
  12  2  C     s    -0.07470  -0.00480   0.08188  -0.00480   0.00228  -0.00228
  13  2  C     s     0.23366   0.01543  -0.26904   0.01543  -0.01116   0.01116
  14  2  C     s     0.24918   0.01045  -0.23738   0.01044   0.01054  -0.01054
  15  2  C     x     0.00000  -0.01246   0.38191   0.01246   0.00110   0.00110
  16  2  C     y    -0.43544  -0.01400  -0.20143  -0.01400   0.00744  -0.00744
  17  2  C     z     0.00000  -0.00000  -0.00000   0.00000   0.00000   0.00000
  18  2  C     x     0.00000   0.02519   0.09636  -0.02519  -0.00090  -0.00090
  19  2  C     y    -0.07405   0.00156  -0.02451   0.00156   0.00290  -0.00290
  20  2  C     z     0.00000  -0.00000  -0.00000   0.00000   0.00000  -0.00000
  21  3  C     s     0.00717   0.00141   0.00141   0.05027   0.05027   0.00346
  22  3  C     s     0.00823   0.00228   0.00228   0.08188   0.08188   0.00480
  23  3  C     s    -0.01313  -0.01116  -0.01116  -0.26904  -0.26904  -0.01543
  24  3  C     s    -0.08637   0.01054   0.01054  -0.23738  -0.23738  -0.01045
  25  3  C     x     0.03185   0.00589   0.00699  -0.36540   0.01650   0.01836
  26  3  C     y    -0.02747  -0.00467  -0.00277  -0.23002   0.43146   0.00379
  27  3  C     z    -0.00000   0.00000   0.00000  -0.00000   0.00000  -0.00000
  28  3  C     x     0.05487   0.00296   0.00206  -0.06941   0.02695  -0.01395
  29  3  C     y     0.01952  -0.00067  -0.00223  -0.07120   0.09571  -0.02104
  30  3  C     z    -0.00000   0.00000   0.00000  -0.00000   0.00000  -0.00000
  31  4  C     s     0.00717   0.05027  -0.00346   0.00141  -0.00346  -0.05028
  32  4  C     s     0.00823   0.08188  -0.00480   0.00228  -0.00480  -0.08188
  33  4  C     s    -0.01313  -0.26904   0.01543  -0.01116   0.01543   0.26904
  34  4  C     s    -0.08637  -0.23738   0.01045   0.01054   0.01045   0.23738
  35  4  C     x    -0.03185   0.36540   0.00589  -0.00589   0.01836   0.01651
  36  4  C     y    -0.02747  -0.23002   0.01779  -0.00467  -0.00379  -0.43146
  37  4  C     z    -0.00000  -0.00000  -0.00000   0.00000   0.00000   0.00000
  38  4  C     x    -0.05487   0.06941   0.01124  -0.00296  -0.01395   0.02695
  39  4  C     y     0.01952  -0.07120  -0.02260  -0.00067   0.02104  -0.09571
  40  4  C     z    -0.00000  -0.00000  -0.00000   0.00000  -0.00000   0.00000
  41  5  H     s    -0.03630   0.00403  -0.31569  -0.00482   0.00506   0.00452
  42  5  H     s    -0.06607   0.00963  -0.18595  -0.02285   0.01353   0.00436
  43  6  H     s    -0.03630  -0.00482   0.02675   0.00403  -0.00452  -0.00506
  44  6  H     s    -0.06607  -0.02285   0.04665   0.00963  -0.00436  -0.01353
  45  7  H     s    -0.01294   0.00506  -0.00452  -0.31569   0.02675   0.00482
  46  7  H     s    -0.04574   0.01353  -0.00436  -0.18595   0.04665   0.02285
  47  8  H     s     0.02484  -0.00452   0.00506   0.02675  -0.31569  -0.00403
  48  8  H     s     0.05749  -0.00436   0.01353   0.04665  -0.18595  -0.00963
  49  9  H     s    -0.01294  -0.31569   0.00403   0.00506  -0.00482  -0.02675
  50  9  H     s    -0.04574  -0.18595   0.00963   0.01353  -0.02285  -0.04665
  51 10  H     s     0.02484   0.02675  -0.00482  -0.00452   0.00403   0.31569
  52 10  H     s     0.05749   0.04665  -0.02285  -0.00436   0.00963   0.18595

 LMO#                     13        14        15        16
 E(a.u.)              -0.726    -0.224    -0.224    -0.224
 Bond Label           6-2(1)    4-1(2)    2-1(2)    3-1(2)
 -------------------------------------------------------------------------------

   1  1  C     s     0.00593   0.00000  -0.00000  -0.00000
   2  1  C     s     0.00797  -0.00000  -0.00000  -0.00000
   3  1  C     s    -0.02104   0.00000  -0.00000  -0.00000
   4  1  C     s    -0.04860   0.00000  -0.00000  -0.00000
   5  1  C     x     0.01393  -0.00000   0.00000   0.00000
   6  1  C     y    -0.01647  -0.00000  -0.00000   0.00000
   7  1  C     z    -0.00000  -0.26614   0.26614   0.26614
   8  1  C     x    -0.04606   0.00000  -0.00000   0.00000
   9  1  C     y    -0.04939   0.00000   0.00000   0.00000
  10  1  C     z    -0.00000  -0.10390   0.10390   0.10390
  11  2  C     s    -0.05028  -0.00000  -0.00000  -0.00000
  12  2  C     s    -0.08188  -0.00000  -0.00000  -0.00000
  13  2  C     s     0.26904  -0.00000  -0.00000   0.00000
  14  2  C     s     0.23738  -0.00000  -0.00000   0.00000
  15  2  C     x     0.38191  -0.00000   0.00000   0.00000
  16  2  C     y     0.20144   0.00000   0.00000  -0.00000
  17  2  C     z    -0.00000   0.06835   0.57816  -0.06835
  18  2  C     x     0.09636  -0.00000   0.00000  -0.00000
  19  2  C     y     0.02451   0.00000   0.00000  -0.00000
  20  2  C     z    -0.00000   0.13931   0.43948  -0.13931
  21  3  C     s     0.00346   0.00000  -0.00000   0.00000
  22  3  C     s     0.00480   0.00000  -0.00000   0.00000
  23  3  C     s    -0.01543  -0.00000   0.00000  -0.00000
  24  3  C     s    -0.01045  -0.00000   0.00000  -0.00000
  25  3  C     x     0.00589   0.00000  -0.00000  -0.00000
  26  3  C     y    -0.01779   0.00000  -0.00000  -0.00000
  27  3  C     z    -0.00000   0.06835  -0.06835   0.57816
  28  3  C     x     0.01124   0.00000  -0.00000  -0.00000
  29  3  C     y     0.02260  -0.00000  -0.00000  -0.00000
  30  3  C     z     0.00000   0.13931  -0.13931   0.43948
  31  4  C     s    -0.00141  -0.00000  -0.00000  -0.00000
  32  4  C     s    -0.00228  -0.00000   0.00000  -0.00000
  33  4  C     s     0.01116   0.00000  -0.00000  -0.00000
  34  4  C     s    -0.01054   0.00000  -0.00000  -0.00000
  35  4  C     x     0.00699   0.00000   0.00000  -0.00000
  36  4  C     y     0.00277  -0.00000   0.00000  -0.00000
  37  4  C     z    -0.00000  -0.57816  -0.06835  -0.06835
  38  4  C     x     0.00206   0.00000   0.00000  -0.00000
  39  4  C     y     0.00223  -0.00000  -0.00000  -0.00000
  40  4  C     z    -0.00000  -0.43948  -0.13931  -0.13931
  41  5  H     s    -0.02675   0.00000  -0.00000  -0.00000
  42  5  H     s    -0.04665  -0.00000   0.00000  -0.00000
  43  6  H     s     0.31569  -0.00000   0.00000   0.00000
  44  6  H     s     0.18595  -0.00000   0.00000   0.00000
  45  7  H     s    -0.00403   0.00000   0.00000  -0.00000
  46  7  H     s    -0.00963   0.00000   0.00000  -0.00000
  47  8  H     s     0.00482  -0.00000   0.00000   0.00000
  48  8  H     s     0.02285  -0.00000   0.00000   0.00000
  49  9  H     s     0.00452   0.00000  -0.00000   0.00000
  50  9  H     s     0.00436  -0.00000   0.00000   0.00000
  51 10  H     s    -0.00506   0.00000  -0.00000   0.00000
  52 10  H     s    -0.01353   0.00000  -0.00000   0.00000


 Mulliken population of localized molecular orbitals
 ===============================================================================
 LMO#                      1         2         3         4         5         6
 E(a.u.)             -11.225   -11.225   -11.225   -11.220    -0.811    -0.811
 Bond Label            2:(0)     4:(0)     3:(0)     1:(0)    3-1(1)    4-1(1)
 -------------------------------------------------------------------------------

   1         C       0.00033   0.00033   0.00033   2.00238   0.92671   0.92671
   2         C       2.00083  -0.00001  -0.00001  -0.00081  -0.03542  -0.03542
   3         C      -0.00001  -0.00001   2.00083  -0.00081   1.15911  -0.03542
   4         C      -0.00001   2.00083  -0.00001  -0.00081  -0.03542   1.15911
   5         H      -0.00057  -0.00000   0.00001   0.00001   0.00623  -0.00337
   6         H      -0.00057   0.00001  -0.00000   0.00001  -0.00337   0.00623
   7         H      -0.00000   0.00001  -0.00057   0.00001  -0.01035   0.00623
   8         H       0.00001  -0.00000  -0.00057   0.00001  -0.01035  -0.00337
   9         H      -0.00000  -0.00057   0.00001   0.00001   0.00623  -0.01035
  10         H       0.00001  -0.00057  -0.00000   0.00001  -0.00337  -0.01035

 LMO#                      7         8         9        10        11        12
 E(a.u.)              -0.811    -0.726    -0.726    -0.726    -0.726    -0.726
 Bond Label           2-1(1)    9-4(1)    5-2(1)    7-3(1)    8-3(1)   10-4(1)
 -------------------------------------------------------------------------------

   1         C       0.92671  -0.06544  -0.06544  -0.06544  -0.06544  -0.06544
   2         C       1.15911   0.00807   1.25265   0.00807   0.00033   0.00033
   3         C      -0.03542   0.00033   0.00033   1.25265   1.25265   0.00807
   4         C      -0.03542   1.25265   0.00807   0.00033   0.00807   1.25265
   5         H      -0.01035  -0.00114   0.81997   0.00041   0.00026  -0.00016
   6         H      -0.01035   0.00041  -0.01496  -0.00114  -0.00016   0.00026
   7         H      -0.00337   0.00026  -0.00016   0.81997  -0.01496   0.00041
   8         H       0.00623  -0.00016   0.00026  -0.01496   0.81997  -0.00114
   9         H      -0.00337   0.81997  -0.00114   0.00026   0.00041  -0.01496
  10         H       0.00623  -0.01496   0.00041  -0.00016  -0.00114   0.81997

 LMO#                     13        14        15        16
 E(a.u.)              -0.726    -0.224    -0.224    -0.224
 Bond Label           6-2(1)    4-1(2)    2-1(2)    3-1(2)
 -------------------------------------------------------------------------------

   1         C      -0.06544   0.33241   0.33241   0.33241
   2         C       1.25265  -0.01936   1.70632  -0.01936
   3         C       0.00807  -0.01936  -0.01936   1.70632
   4         C       0.00033   1.70632  -0.01936  -0.01936
   5         H      -0.01496   0.00000  -0.00000  -0.00000
   6         H       0.81997   0.00000   0.00000   0.00000
   7         H      -0.00114   0.00000   0.00000   0.00000
   8         H       0.00041   0.00000   0.00000   0.00000
   9         H      -0.00016  -0.00000   0.00000   0.00000
  10         H       0.00026   0.00000   0.00000   0.00000

 WARNING: MELEK != MELE(K)

 PARTITIONING OF LMOs INTO GROUPS ($LMOGRPMODIFY)
 ================================================
 LMO#     1  2  3  4  5  6  7  8  9 10 11 12 13 14 15 16
 Group#   1  1  1  1  1  1  1  1  1  1  1  1  1  2  2  2
 Split    0  0  0  0  0  0  0  0  0  0  0  0  0  1  1  1

 WARNING: Initial orbital 20 undefined from DISLMO
 Initial orbital
 WARNING: Initial orbital 21 undefined from DISLMO
 Initial orbital

 Group assignment of AOs
 =======================================================================
 AO#:      7 17 27 37 10 20 30 40
 Group#:   2  2  2  2  2  2  2  2

 Initial guess of orbitals
 ===============================================================================
 ORBITAL#                  1         2         3         4         5         6
 Bond Label            2:(0)     4:(0)     3:(0)     1:(0)    3-1(1)    4-1(1)
 -------------------------------------------------------------------------------

   1  1  C     s     0.00163   0.00163   0.00163   0.60827  -0.04331  -0.04331
   2  1  C     s     0.00249   0.00249   0.00249   0.44846  -0.07510  -0.07510
   3  1  C     s    -0.00794  -0.00794  -0.00794  -0.02931   0.26142   0.26142
   4  1  C     s    -0.00176  -0.00176  -0.00176  -0.02043   0.14805   0.14805
   5  1  C     x    -0.00000   0.00786  -0.00786   0.00000   0.37323  -0.37323
   6  1  C     y    -0.00907   0.00454   0.00454  -0.00000  -0.21549  -0.21549
   7  1  C     z     0.00000   0.00000   0.00000   0.00000   0.00000   0.00000
   8  1  C     x    -0.00000  -0.00565   0.00565  -0.00000  -0.08486   0.08486
   9  1  C     y     0.00652  -0.00326  -0.00326   0.00000   0.04899   0.04899
  10  1  C     z     0.00000   0.00000   0.00000   0.00000   0.00000   0.00000
  11  2  C     s     0.60714   0.00002   0.00002   0.00202   0.00717   0.00717
  12  2  C     s     0.44652   0.00009   0.00009   0.00302   0.00823   0.00823
  13  2  C     s    -0.02233  -0.00066  -0.00066  -0.00951  -0.01313  -0.01313
  14  2  C     s    -0.02506   0.00266   0.00266  -0.00346  -0.08637  -0.08636
  15  2  C     x     0.00000  -0.00043   0.00043  -0.00000  -0.00787   0.00787
  16  2  C     y    -0.00293   0.00014   0.00014   0.01432   0.04132   0.04132
  17  2  C     z     0.00000   0.00000   0.00000   0.00000   0.00000   0.00000
  18  2  C     x     0.00000   0.00216  -0.00216  -0.00000   0.04434  -0.04434
  19  2  C     y     0.00039  -0.00095  -0.00095  -0.00019   0.03776   0.03776
  20  2  C     z     0.00000   0.00000   0.00000   0.00000   0.00000   0.00000
  21  3  C     s     0.00002   0.00002   0.60714   0.00202  -0.04736   0.00717
  22  3  C     s     0.00009   0.00009   0.44652   0.00302  -0.07470   0.00823
  23  3  C     s    -0.00066  -0.00066  -0.02233  -0.00951   0.23366  -0.01313
  24  3  C     s     0.00266   0.00266  -0.02506  -0.00346   0.24918  -0.08637
  25  3  C     x     0.00033  -0.00009  -0.00254   0.01240  -0.37711   0.03972
  26  3  C     y     0.00030  -0.00044   0.00147  -0.00716   0.21772  -0.01385
  27  3  C     z     0.00000   0.00000   0.00000   0.00000   0.00000   0.00000
  28  3  C     x    -0.00190   0.00026   0.00033  -0.00016  -0.06413   0.01053
  29  3  C     y    -0.00139   0.00234  -0.00019   0.00009   0.03703  -0.05728
  30  3  C     z     0.00000   0.00000   0.00000   0.00000   0.00000   0.00000
  31  4  C     s     0.00002   0.60714   0.00002   0.00202   0.00717  -0.04736
  32  4  C     s     0.00009   0.44652   0.00009   0.00302   0.00823  -0.07470
  33  4  C     s    -0.00066  -0.02233  -0.00066  -0.00951  -0.01313   0.23366
  34  4  C     s     0.00266  -0.02506   0.00266  -0.00346  -0.08637   0.24918
  35  4  C     x    -0.00033   0.00254   0.00009  -0.01240  -0.03972   0.37711
  36  4  C     y     0.00030   0.00147  -0.00044  -0.00716  -0.01385   0.21772
  37  4  C     z     0.00000   0.00000   0.00000   0.00000   0.00000   0.00000
  38  4  C     x     0.00190  -0.00033  -0.00026   0.00016  -0.01053   0.06413
  39  4  C     y    -0.00139  -0.00019   0.00234   0.00009  -0.05728   0.03703
  40  4  C     z     0.00000   0.00000   0.00000   0.00000   0.00000   0.00000
  41  5  H     s    -0.00925   0.00020  -0.00052   0.00062   0.02484  -0.01294
  42  5  H     s    -0.00339   0.00152  -0.00146   0.00211   0.05749  -0.04574
  43  6  H     s    -0.00925  -0.00052   0.00020   0.00062  -0.01294   0.02484
  44  6  H     s    -0.00339  -0.00146   0.00152   0.00211  -0.04574   0.05749
  45  7  H     s     0.00020  -0.00052  -0.00925   0.00062  -0.03630   0.02484
  46  7  H     s     0.00152  -0.00146  -0.00339   0.00211  -0.06607   0.05749
  47  8  H     s    -0.00052   0.00020  -0.00925   0.00062  -0.03630  -0.01294
  48  8  H     s    -0.00146   0.00152  -0.00339   0.00211  -0.06607  -0.04574
  49  9  H     s     0.00020  -0.00925  -0.00052   0.00062   0.02484  -0.03630
  50  9  H     s     0.00152  -0.00339  -0.00146   0.00211   0.05749  -0.06607
  51 10  H     s    -0.00052  -0.00925   0.00020   0.00062  -0.01294  -0.03630
  52 10  H     s    -0.00146  -0.00339   0.00152   0.00211  -0.04574  -0.06607

 ORBITAL#                  7         8         9        10        11        12
 Bond Label           2-1(1)    9-4(1)    5-2(1)    7-3(1)    8-3(1)   10-4(1)
 -------------------------------------------------------------------------------

   1  1  C     s    -0.04331  -0.00593  -0.00593  -0.00593  -0.00593   0.00593
   2  1  C     s    -0.07510  -0.00797  -0.00797  -0.00797  -0.00797   0.00797
   3  1  C     s     0.26142   0.02104   0.02104   0.02104   0.02104  -0.02104
   4  1  C     s     0.14805   0.04860   0.04860   0.04860   0.04860  -0.04860
   5  1  C     x     0.00000  -0.00730   0.01393   0.00730   0.02123   0.02123
   6  1  C     y     0.43097  -0.02030   0.01647  -0.02030   0.00383  -0.00383
   7  1  C     z     0.00000   0.00000   0.00000   0.00000   0.00000   0.00000
   8  1  C     x    -0.00000  -0.06580  -0.04606   0.06580   0.01974   0.01974
   9  1  C     y    -0.09799   0.01519   0.04939   0.01519  -0.06458   0.06458
  10  1  C     z     0.00000   0.00000   0.00000   0.00000   0.00000   0.00000
  11  2  C     s    -0.04736  -0.00346   0.05027  -0.00346   0.00141  -0.00141
  12  2  C     s    -0.07470  -0.00480   0.08188  -0.00480   0.00228  -0.00228
  13  2  C     s     0.23366   0.01543  -0.26904   0.01543  -0.01116   0.01116
  14  2  C     s     0.24918   0.01045  -0.23738   0.01044   0.01054  -0.01054
  15  2  C     x     0.00000  -0.01246   0.38191   0.01246   0.00110   0.00110
  16  2  C     y    -0.43544  -0.01400  -0.20143  -0.01400   0.00744  -0.00744
  17  2  C     z     0.00000   0.00000   0.00000   0.00000   0.00000   0.00000
  18  2  C     x     0.00000   0.02519   0.09636  -0.02519  -0.00090  -0.00090
  19  2  C     y    -0.07405   0.00156  -0.02451   0.00156   0.00290  -0.00290
  20  2  C     z     0.00000   0.00000   0.00000   0.00000   0.00000   0.00000
  21  3  C     s     0.00717   0.00141   0.00141   0.05027   0.05027   0.00346
  22  3  C     s     0.00823   0.00228   0.00228   0.08188   0.08188   0.00480
  23  3  C     s    -0.01313  -0.01116  -0.01116  -0.26904  -0.26904  -0.01543
  24  3  C     s    -0.08637   0.01054   0.01054  -0.23738  -0.23738  -0.01045
  25  3  C     x     0.03185   0.00589   0.00699  -0.36540   0.01650   0.01836
  26  3  C     y    -0.02747  -0.00467  -0.00277  -0.23002   0.43146   0.00379
  27  3  C     z     0.00000   0.00000   0.00000   0.00000   0.00000   0.00000
  28  3  C     x     0.05487   0.00296   0.00206  -0.06941   0.02695  -0.01395
  29  3  C     y     0.01952  -0.00067  -0.00223  -0.07120   0.09571  -0.02104
  30  3  C     z     0.00000   0.00000   0.00000   0.00000   0.00000   0.00000
  31  4  C     s     0.00717   0.05027  -0.00346   0.00141  -0.00346  -0.05028
  32  4  C     s     0.00823   0.08188  -0.00480   0.00228  -0.00480  -0.08188
  33  4  C     s    -0.01313  -0.26904   0.01543  -0.01116   0.01543   0.26904
  34  4  C     s    -0.08637  -0.23738   0.01045   0.01054   0.01045   0.23738
  35  4  C     x    -0.03185   0.36540   0.00589  -0.00589   0.01836   0.01651
  36  4  C     y    -0.02747  -0.23002   0.01779  -0.00467  -0.00379  -0.43146
  37  4  C     z     0.00000   0.00000   0.00000   0.00000   0.00000   0.00000
  38  4  C     x    -0.05487   0.06941   0.01124  -0.00296  -0.01395   0.02695
  39  4  C     y     0.01952  -0.07120  -0.02260  -0.00067   0.02104  -0.09571
  40  4  C     z     0.00000   0.00000   0.00000   0.00000   0.00000   0.00000
  41  5  H     s    -0.03630   0.00403  -0.31569  -0.00482   0.00506   0.00452
  42  5  H     s    -0.06607   0.00963  -0.18595  -0.02285   0.01353   0.00436
  43  6  H     s    -0.03630  -0.00482   0.02675   0.00403  -0.00452  -0.00506
  44  6  H     s    -0.06607  -0.02285   0.04665   0.00963  -0.00436  -0.01353
  45  7  H     s    -0.01294   0.00506  -0.00452  -0.31569   0.02675   0.00482
  46  7  H     s    -0.04574   0.01353  -0.00436  -0.18595   0.04665   0.02285
  47  8  H     s     0.02484  -0.00452   0.00506   0.02675  -0.31569  -0.00403
  48  8  H     s     0.05749  -0.00436   0.01353   0.04665  -0.18595  -0.00963
  49  9  H     s    -0.01294  -0.31569   0.00403   0.00506  -0.00482  -0.02675
  50  9  H     s    -0.04574  -0.18595   0.00963   0.01353  -0.02285  -0.04665
  51 10  H     s     0.02484   0.02675  -0.00482  -0.00452   0.00403   0.31569
  52 10  H     s     0.05749   0.04665  -0.02285  -0.00436   0.00963   0.18595

 ORBITAL#                 13        14        15        16        17        18
 Bond Label           6-2(1)    4-1(2)    4-1(2)    2-1(2)    2-1(2)    3-1(2)
 -------------------------------------------------------------------------------

   1  1  C     s     0.00593   0.00000   0.00000   0.00000   0.00000   0.00000
   2  1  C     s     0.00797   0.00000   0.00000   0.00000   0.00000   0.00000
   3  1  C     s    -0.02104   0.00000   0.00000   0.00000   0.00000   0.00000
   4  1  C     s    -0.04860   0.00000   0.00000   0.00000   0.00000   0.00000
   5  1  C     x     0.01393   0.00000   0.00000   0.00000   0.00000   0.00000
   6  1  C     y    -0.01647   0.00000   0.00000   0.00000   0.00000   0.00000
   7  1  C     z     0.00000   1.00000  -0.00000   0.00000  -0.00000   0.00000
   8  1  C     x    -0.04606   0.00000   0.00000   0.00000   0.00000   0.00000
   9  1  C     y    -0.04939   0.00000   0.00000   0.00000   0.00000   0.00000
  10  1  C     z     0.00000   0.00000   0.00000   0.00000  -0.00000   1.00000
  11  2  C     s    -0.05028   0.00000   0.00000   0.00000   0.00000   0.00000
  12  2  C     s    -0.08188   0.00000   0.00000   0.00000   0.00000   0.00000
  13  2  C     s     0.26904   0.00000   0.00000   0.00000   0.00000   0.00000
  14  2  C     s     0.23738   0.00000   0.00000   0.00000   0.00000   0.00000
  15  2  C     x     0.38191   0.00000   0.00000   0.00000   0.00000   0.00000
  16  2  C     y     0.20144   0.00000   0.00000   0.00000   0.00000   0.00000
  17  2  C     z     0.00000  -0.00000   1.00000  -0.00000  -0.00000   0.00000
  18  2  C     x     0.09636   0.00000   0.00000   0.00000   0.00000   0.00000
  19  2  C     y     0.02451   0.00000   0.00000   0.00000   0.00000   0.00000
  20  2  C     z     0.00000   0.00000  -0.00000   0.00000   0.00000   0.00000
  21  3  C     s     0.00346   0.00000   0.00000   0.00000   0.00000   0.00000
  22  3  C     s     0.00480   0.00000   0.00000   0.00000   0.00000   0.00000
  23  3  C     s    -0.01543   0.00000   0.00000   0.00000   0.00000   0.00000
  24  3  C     s    -0.01045   0.00000   0.00000   0.00000   0.00000   0.00000
  25  3  C     x     0.00589   0.00000   0.00000   0.00000   0.00000   0.00000
  26  3  C     y    -0.01779   0.00000   0.00000   0.00000   0.00000   0.00000
  27  3  C     z     0.00000  -0.00000  -0.00000   1.00000   0.00000   0.00000
  28  3  C     x     0.01124   0.00000   0.00000   0.00000   0.00000   0.00000
  29  3  C     y     0.02260   0.00000   0.00000   0.00000   0.00000   0.00000
  30  3  C     z     0.00000  -0.00000   0.00000  -0.00000   0.00000   0.00000
  31  4  C     s    -0.00141   0.00000   0.00000   0.00000   0.00000   0.00000
  32  4  C     s    -0.00228   0.00000   0.00000   0.00000   0.00000   0.00000
  33  4  C     s     0.01116   0.00000   0.00000   0.00000   0.00000   0.00000
  34  4  C     s    -0.01054   0.00000   0.00000   0.00000   0.00000   0.00000
  35  4  C     x     0.00699   0.00000   0.00000   0.00000   0.00000   0.00000
  36  4  C     y     0.00277   0.00000   0.00000   0.00000   0.00000   0.00000
  37  4  C     z     0.00000   0.00000   0.00000  -0.00000   1.00000   0.00000
  38  4  C     x     0.00206   0.00000   0.00000   0.00000   0.00000   0.00000
  39  4  C     y     0.00223   0.00000   0.00000   0.00000   0.00000   0.00000
  40  4  C     z     0.00000  -0.00000  -0.00000   0.00000   0.00000   0.00000
  41  5  H     s    -0.02675   0.00000   0.00000   0.00000   0.00000   0.00000
  42  5  H     s    -0.04665   0.00000   0.00000   0.00000   0.00000   0.00000
  43  6  H     s     0.31569   0.00000   0.00000   0.00000   0.00000   0.00000
  44  6  H     s     0.18595   0.00000   0.00000   0.00000   0.00000   0.00000
  45  7  H     s    -0.00403   0.00000   0.00000   0.00000   0.00000   0.00000
  46  7  H     s    -0.00963   0.00000   0.00000   0.00000   0.00000   0.00000
  47  8  H     s     0.00482   0.00000   0.00000   0.00000   0.00000   0.00000
  48  8  H     s     0.02285   0.00000   0.00000   0.00000   0.00000   0.00000
  49  9  H     s     0.00452   0.00000   0.00000   0.00000   0.00000   0.00000
  50  9  H     s     0.00436   0.00000   0.00000   0.00000   0.00000   0.00000
  51 10  H     s    -0.00506   0.00000   0.00000   0.00000   0.00000   0.00000
  52 10  H     s    -0.01353   0.00000   0.00000   0.00000   0.00000   0.00000

 ORBITAL#                 19        20        21
 Bond Label           3-1(2)                    
 -------------------------------------------------------------------------------

   1  1  C     s     0.00000   0.00000   0.00000
   2  1  C     s     0.00000   0.00000   0.00000
   3  1  C     s     0.00000   0.00000   0.00000
   4  1  C     s     0.00000   0.00000   0.00000
   5  1  C     x     0.00000   0.00000   0.00000
   6  1  C     y     0.00000   0.00000   0.00000
   7  1  C     z    -0.00000   0.00000  -0.00000
   8  1  C     x     0.00000   0.00000   0.00000
   9  1  C     y     0.00000   0.00000   0.00000
  10  1  C     z     0.00000   0.00000   0.00000
  11  2  C     s     0.00000   0.00000   0.00000
  12  2  C     s     0.00000   0.00000   0.00000
  13  2  C     s     0.00000   0.00000   0.00000
  14  2  C     s     0.00000   0.00000   0.00000
  15  2  C     x     0.00000   0.00000   0.00000
  16  2  C     y     0.00000   0.00000   0.00000
  17  2  C     z    -0.00000   0.00000  -0.00000
  18  2  C     x     0.00000   0.00000   0.00000
  19  2  C     y     0.00000   0.00000   0.00000
  20  2  C     z     1.00000  -0.00000  -0.00000
  21  3  C     s     0.00000   0.00000   0.00000
  22  3  C     s     0.00000   0.00000   0.00000
  23  3  C     s     0.00000   0.00000   0.00000
  24  3  C     s     0.00000   0.00000   0.00000
  25  3  C     x     0.00000   0.00000   0.00000
  26  3  C     y     0.00000   0.00000   0.00000
  27  3  C     z     0.00000  -0.00000   0.00000
  28  3  C     x     0.00000   0.00000   0.00000
  29  3  C     y     0.00000   0.00000   0.00000
  30  3  C     z    -0.00000   1.00000  -0.00000
  31  4  C     s     0.00000   0.00000   0.00000
  32  4  C     s     0.00000   0.00000   0.00000
  33  4  C     s     0.00000   0.00000   0.00000
  34  4  C     s     0.00000   0.00000   0.00000
  35  4  C     x     0.00000   0.00000   0.00000
  36  4  C     y     0.00000   0.00000   0.00000
  37  4  C     z     0.00000   0.00000   0.00000
  38  4  C     x     0.00000   0.00000   0.00000
  39  4  C     y     0.00000   0.00000   0.00000
  40  4  C     z    -0.00000   0.00000   1.00000
  41  5  H     s     0.00000   0.00000   0.00000
  42  5  H     s     0.00000   0.00000   0.00000
  43  6  H     s     0.00000   0.00000   0.00000
  44  6  H     s     0.00000   0.00000   0.00000
  45  7  H     s     0.00000   0.00000   0.00000
  46  7  H     s     0.00000   0.00000   0.00000
  47  8  H     s     0.00000   0.00000   0.00000
  48  8  H     s     0.00000   0.00000   0.00000
  49  9  H     s     0.00000   0.00000   0.00000
  50  9  H     s     0.00000   0.00000   0.00000
  51 10  H     s     0.00000   0.00000   0.00000
  52 10  H     s     0.00000   0.00000   0.00000


      GENERAL CONTROLS ($GENCTL)
 ======================================
 Number of electron groups       =    2
 Maximum macro-iterations        =   12
 Energy threshold           = 10**(- 6)
 Restart calculation(0/1/2)      =    0
 Group#                     1  2
 Num. of electrons         26  4
 Num. of spins              0  2
 Num. of orbitals          13  8
 Method#                    1  2

 SYMBOLIC VB STRUCTURE(S) OF GROUP  2
 STR. NO.       RUMER PATTERN  
    1           1  2   3  4
    2           1  3   4  2
    3           1  4   2  3

 CALCULATE INITIAL STRUCTURE COEFFICIENTS

 OVERLAP MATRIX OF VB ORBITALS FOR GROUP   2

        1      2      3      4      5      6      7      8
 ===========================================================
   1 1.0000
   2 0.1616 1.0000
   3 0.1616 0.0090 1.0000
   4 0.1616 0.0090 0.0090 1.0000
   5 0.5388 0.2794 0.2794 0.2794 1.0000
   6 0.2794 0.5388 0.0757 0.0757 0.6588 1.0000
   7 0.2794 0.0757 0.5388 0.0757 0.6588 0.2860 1.0000
   8 0.2794 0.0757 0.0757 0.5388 0.6588 0.2860 0.2860 1.0000

 EIGENVALUES OF OVERLAP MATRIX OF VB ORBITALS
 ============================================
     0.8298D-01    0.3692D+00    0.3692D+00    0.6156D+00    0.7663D+00    0.1336D+01
     0.1336D+01    0.3125D+01

 MAP FILE IS: ./MAP/MAP0402t                                                                  

 VB-ORBITAL OPTIMIZATION OF GROUP  2 ...
 GROUP =  2  ITER =  1 CMAX =  0.15000000000000
 GROUP =  2  ITER =  2 CMAX =  0.15272631140526
 GROUP =  2  ITER =  3 CMAX =  0.11811641960974
 GROUP =  2  ITER =  4 CMAX =  0.08280385568447
 GROUP =  2  ITER =  5 CMAX =  0.04015491790943
 GROUP =  2  ITER =  6 CMAX =  0.00940417424920
 GROUP =  2  ITER =  7 CMAX =  0.00069003838087

 ENERGY AND DIFF OF MACROITER    1 =   -154.8679157646   -154.8679157646

 VB-ORBITAL OPTIMIZATION OF GROUP  2 ...
 GROUP =  2  ITER =  1 CMAX =  0.01133422687656
 GROUP =  2  ITER =  2 CMAX =  0.00316652028684
 GROUP =  2  ITER =  3 CMAX =  0.00070556550043

 ENERGY AND DIFF OF MACROITER    2 =   -154.8692778742     -0.0013621096

 VB-ORBITAL OPTIMIZATION OF GROUP  2 ...
 GROUP =  2  ITER =  1 CMAX =  0.00124081775124
 GROUP =  2  ITER =  2 CMAX =  0.00038357199983

 ENERGY AND DIFF OF MACROITER    3 =   -154.8692938300     -0.0000159557

 VB-ORBITAL OPTIMIZATION OF GROUP  2 ...
 GROUP =  2  ITER =  1 CMAX =  0.00019908092621

 ENERGY AND DIFF OF MACROITER    4 =   -154.8692940133     -0.0000001833

 VB-ORBITAL OPTIMIZATION OF GROUP  2 ...
 GROUP =  2  ITER =  1 CMAX =  0.00005517700544

 OVERLAP MATRIX OF VB ORBITALS FOR GROUP   2

        1      2      3      4      5      6      7      8
 ===========================================================
   1 1.0000
   2 0.4519 1.0000
   3 0.4519-0.0615 1.0000
   4 0.4519-0.0615-0.0615 1.0000
   5 0.8083 0.4089 0.4089 0.4089 1.0000
   6 0.5051 0.7603 0.0834 0.0834 0.6588 1.0000
   7 0.5051 0.0834 0.7603 0.0834 0.6588 0.2860 1.0000
   8 0.5051 0.0834 0.0834 0.7603 0.6588 0.2860 0.2860 1.0000

 EIGENVALUES OF OVERLAP MATRIX OF VB ORBITALS
 ============================================
     0.5007D-01    0.1889D+00    0.1889D+00    0.1948D+00    0.4062D+00    0.1587D+01
     0.1587D+01    0.3798D+01

 ====Normalized structure coefficients====
  0.3709  0.3709  0.3709

 ====Mulliken Weight (Chirgwin-Coulson)====
  0.3333  0.3333  0.3333

 ====Inverse Overlap Weight (Gallup-Norbeck)====
  0.3333  0.3333  0.3333

 ====Lowdin Weight====
  0.3333  0.3333  0.3333

 ====Hiberty Weight====
  0.3333  0.3333  0.3333


 SPIN DENSITY ON ATOMS
 ---------------------
 ATOM      DENSITY

    1     -0.33634
    2      0.77878
    3      0.77878
    4      0.77878
    5      0.00000
    6      0.00000
    7      0.00000
    8      0.00000
    9      0.00000
   10      0.00000

 ---------------------


 ENERGY AND DIFF OF MACROITER    5 =   -154.8692940179     -0.0000000046

 MULLIKEN CHARGES ON ATOMS
 -------------------------
  ATOM             CHARGE 

    1             0.60989
    2            -0.57623
    3            -0.57623
    4            -0.57623
    5             0.18647
    6             0.18647
    7             0.18647
    8             0.18647
    9             0.18647
   10             0.18647

 -------------------------


 ORBITALS OF EACH ELECTRON GROUP IN AO BASIS: ORBITAL(GROUP)
 ===========================================================================
    Orbital#             1         2         3         4         5         6
      Group#             1         1         1         1         1         1
 ---------------------------------------------------------------------------
  AO# LABELS
   1  1  C     s   0.60827  -0.00167   0.00167  -0.00167   0.04303   0.04303
   2  1  C     s   0.44853  -0.00255   0.00255  -0.00255   0.07484   0.07484
   3  1  C     s  -0.02920   0.00813  -0.00813   0.00813  -0.25969  -0.25969
   4  1  C     s  -0.02121   0.00185  -0.00185   0.00185  -0.15159  -0.15159
   5  1  C     x  -0.00000  -0.00000  -0.00814  -0.00814   0.37264  -0.37264
   6  1  C     y  -0.00000   0.00940   0.00470  -0.00470   0.21515   0.21515
   7  1  C     z   0.00000  -0.00000   0.00000   0.00000  -0.00000   0.00000
   8  1  C     x   0.00000  -0.00000   0.00604   0.00604  -0.07967   0.07967
   9  1  C     y   0.00000  -0.00698  -0.00349   0.00349  -0.04600  -0.04600
  10  1  C     z  -0.00000  -0.00000  -0.00000  -0.00000   0.00000  -0.00000
  11  2  C     s   0.00203  -0.60707   0.00001  -0.00001  -0.00725  -0.00725
  12  2  C     s   0.00304  -0.44656   0.00008  -0.00008  -0.00834  -0.00834
  13  2  C     s  -0.00955   0.02189  -0.00068   0.00068   0.01304   0.01304
  14  2  C     s  -0.00344   0.02598   0.00290  -0.00290   0.08799   0.08799
  15  2  C     x   0.00000   0.00000   0.00043   0.00043  -0.00638   0.00638
  16  2  C     y   0.01425   0.00259   0.00010  -0.00010  -0.04085  -0.04085
  17  2  C     z   0.00000  -0.00000   0.00000   0.00000  -0.00000   0.00000
  18  2  C     x   0.00000   0.00000  -0.00233  -0.00233   0.04209  -0.04209
  19  2  C     y  -0.00015  -0.00048  -0.00103   0.00103  -0.03938  -0.03938
  20  2  C     z   0.00000   0.00000   0.00000   0.00000  -0.00000   0.00000
  21  3  C     s   0.00203  -0.00001   0.60707  -0.00001  -0.00725   0.04724
  22  3  C     s   0.00304  -0.00008   0.44656  -0.00008  -0.00834   0.07493
  23  3  C     s  -0.00955   0.00068  -0.02189   0.00068   0.01304  -0.23377
  24  3  C     s  -0.00344  -0.00290  -0.02598  -0.00290   0.08799  -0.25260
  25  3  C     x   0.01234  -0.00030  -0.00224   0.00012  -0.03857   0.37143
  26  3  C     y  -0.00713  -0.00032   0.00129   0.00042   0.01490  -0.21445
  27  3  C     z   0.00000  -0.00000   0.00000  -0.00000  -0.00000  -0.00000
  28  3  C     x  -0.00013   0.00205   0.00042  -0.00027  -0.01306   0.06810
  29  3  C     y   0.00008   0.00150  -0.00024  -0.00253   0.05615  -0.03932
  30  3  C     z  -0.00000   0.00000  -0.00000   0.00000   0.00000   0.00000
  31  4  C     s   0.00203  -0.00001   0.00001  -0.60707   0.04724  -0.00725
  32  4  C     s   0.00304  -0.00008   0.00008  -0.44656   0.07493  -0.00834
  33  4  C     s  -0.00955   0.00068  -0.00068   0.02189  -0.23377   0.01304
  34  4  C     s  -0.00344  -0.00290   0.00290   0.02598  -0.25260   0.08799
  35  4  C     x  -0.01234   0.00030   0.00012  -0.00224  -0.37143   0.03857
  36  4  C     y  -0.00713  -0.00032  -0.00042  -0.00129  -0.21445   0.01490
  37  4  C     z   0.00000  -0.00000   0.00000  -0.00000  -0.00000  -0.00000
  38  4  C     x   0.00013  -0.00205  -0.00027   0.00042  -0.06810   0.01306
  39  4  C     y   0.00008   0.00150   0.00253   0.00024  -0.03932   0.05615
  40  4  C     z   0.00000  -0.00000   0.00000   0.00000  -0.00000   0.00000
  41  5  H     s   0.00062   0.00939  -0.00055  -0.00020   0.01274  -0.02478
  42  5  H     s   0.00216   0.00351  -0.00160  -0.00164   0.04529  -0.05791
  43  6  H     s   0.00062   0.00939   0.00020   0.00055  -0.02478   0.01274
  44  6  H     s   0.00216   0.00351   0.00164   0.00160  -0.05791   0.04529
  45  7  H     s   0.00061  -0.00020  -0.00939   0.00055  -0.02478   0.03570
  46  7  H     s   0.00216  -0.00164  -0.00351   0.00160  -0.05791   0.06761
  47  8  H     s   0.00061   0.00055  -0.00939  -0.00020   0.01274   0.03570
  48  8  H     s   0.00216   0.00160  -0.00351  -0.00164   0.04529   0.06761
  49  9  H     s   0.00062  -0.00020  -0.00055   0.00939   0.03570  -0.02478
  50  9  H     s   0.00216  -0.00164  -0.00160   0.00351   0.06761  -0.05791
  51 10  H     s   0.00062   0.00055   0.00020   0.00939   0.03570   0.01274
  52 10  H     s   0.00216   0.00160   0.00164   0.00351   0.06761   0.04529

 ===========================================================================
    Orbital#             7         8         9        10        11        12
      Group#             1         1         1         1         1         1
 ---------------------------------------------------------------------------
  AO# LABELS
   1  1  C     s  -0.04303   0.00607   0.00607   0.00607  -0.00607  -0.00607
   2  1  C     s  -0.07484   0.00818   0.00818   0.00818  -0.00818  -0.00818
   3  1  C     s   0.25969  -0.02142  -0.02142  -0.02142   0.02142   0.02142
   4  1  C     s   0.15159  -0.05005  -0.05005  -0.05005   0.05005   0.05005
   5  1  C     x  -0.00000  -0.00879   0.01313   0.00879  -0.02192   0.02192
   6  1  C     y   0.43029   0.02023  -0.01773   0.02023   0.00250   0.00250
   7  1  C     z  -0.00000   0.00000   0.00000   0.00000   0.00000   0.00000
   8  1  C     x   0.00000  -0.06903  -0.04765   0.06903  -0.02137   0.02137
   9  1  C     y  -0.09199  -0.01517  -0.05219  -0.01517  -0.06736  -0.06736
  10  1  C     z   0.00000   0.00000  -0.00000  -0.00000  -0.00000  -0.00000
  11  2  C     s  -0.04724   0.00347  -0.04932   0.00347   0.00144   0.00144
  12  2  C     s  -0.07493   0.00481  -0.08065   0.00481   0.00234   0.00235
  13  2  C     s   0.23377  -0.01524   0.26310  -0.01524  -0.01121  -0.01121
  14  2  C     s   0.25260  -0.01068   0.23811  -0.01068   0.01071   0.01071
  15  2  C     x  -0.00000  -0.01240   0.37390   0.01240  -0.00119   0.00119
  16  2  C     y  -0.42890   0.01363   0.19931   0.01363   0.00762   0.00762
  17  2  C     z  -0.00000   0.00000   0.00000   0.00000   0.00000   0.00000
  18  2  C     x  -0.00000   0.02586   0.09955  -0.02586   0.00243  -0.00243
  19  2  C     y  -0.07863  -0.00155   0.02626  -0.00155   0.00338   0.00338
  20  2  C     z  -0.00000   0.00000   0.00000   0.00000  -0.00000   0.00000
  21  3  C     s   0.00725  -0.04932   0.00347  -0.00144  -0.00347   0.04932
  22  3  C     s   0.00834  -0.08065   0.00481  -0.00234  -0.00481   0.08065
  23  3  C     s  -0.01304   0.26310  -0.01524   0.01121   0.01524  -0.26310
  24  3  C     s  -0.08799   0.23811  -0.01068  -0.01071   0.01068  -0.23811
  25  3  C     x   0.03219   0.35956   0.00560  -0.00601  -0.01801   0.01434
  26  3  C     y  -0.02595   0.22415  -0.01756   0.00484  -0.00393   0.42347
  27  3  C     z  -0.00000  -0.00000   0.00000   0.00000   0.00000   0.00000
  28  3  C     x   0.05516   0.07252   0.01159  -0.00414   0.01428   0.02704
  29  3  C     y   0.01676   0.07309   0.02317  -0.00041   0.02162   0.09934
  30  3  C     z   0.00000   0.00000  -0.00000  -0.00000  -0.00000  -0.00000
  31  4  C     s   0.00725  -0.00144  -0.00144  -0.04932   0.04932  -0.00347
  32  4  C     s   0.00834  -0.00234  -0.00235  -0.08065   0.08065  -0.00481
  33  4  C     s  -0.01304   0.01121   0.01121   0.26310  -0.26310   0.01524
  34  4  C     s  -0.08799  -0.01071  -0.01071   0.23811  -0.23811   0.01068
  35  4  C     x  -0.03219   0.00601   0.00720  -0.35956  -0.01434   0.01801
  36  4  C     y  -0.02595   0.00484   0.00278   0.22415   0.42347  -0.00393
  37  4  C     z  -0.00000  -0.00000   0.00000  -0.00000   0.00000   0.00000
  38  4  C     x  -0.05516   0.00414   0.00171  -0.07252  -0.02704  -0.01428
  39  4  C     y   0.01676  -0.00041   0.00379   0.07309   0.09934   0.02162
  40  4  C     z  -0.00000  -0.00000   0.00000   0.00000   0.00000   0.00000
  41  5  H     s  -0.03570   0.00483  -0.02704  -0.00404  -0.00449   0.00517
  42  5  H     s  -0.06761   0.02336  -0.04801  -0.00985  -0.00386   0.01331
  43  6  H     s  -0.03570  -0.00404   0.31711   0.00483   0.00517  -0.00449
  44  6  H     s  -0.06761  -0.00985   0.19384   0.02336   0.01331  -0.00386
  45  7  H     s  -0.01274   0.31711  -0.00404  -0.00517  -0.00483   0.02704
  46  7  H     s  -0.04529   0.19384  -0.00985  -0.01331  -0.02336   0.04801
  47  8  H     s   0.02478  -0.02704   0.00483   0.00449   0.00404  -0.31711
  48  8  H     s   0.05791  -0.04801   0.02336   0.00386   0.00985  -0.19384
  49  9  H     s  -0.01274  -0.00517   0.00449   0.31711   0.02704  -0.00483
  50  9  H     s  -0.04529  -0.01331   0.00386   0.19384   0.04801  -0.02336
  51 10  H     s   0.02478   0.00449  -0.00517  -0.02704  -0.31711   0.00404
  52 10  H     s   0.05791   0.00386  -0.01331  -0.04801  -0.19384   0.00985

 ===========================================================================
    Orbital#            13        14        15        16        17        18
      Group#             1         2         2         2         2         2
 ---------------------------------------------------------------------------
  AO# LABELS
   1  1  C     s   0.00607   0.00000   0.00000   0.00000   0.00000   0.00000
   2  1  C     s   0.00818   0.00000   0.00000   0.00000   0.00000   0.00000
   3  1  C     s  -0.02142   0.00000   0.00000   0.00000   0.00000   0.00000
   4  1  C     s  -0.05005   0.00000   0.00000   0.00000   0.00000   0.00000
   5  1  C     x  -0.01313   0.00000   0.00000   0.00000   0.00000   0.00000
   6  1  C     y  -0.01773   0.00000   0.00000   0.00000   0.00000   0.00000
   7  1  C     z  -0.00000   0.65598   0.13034   0.13034   0.13034   0.00000
   8  1  C     x   0.04765   0.00000   0.00000   0.00000   0.00000   0.00000
   9  1  C     y  -0.05219   0.00000   0.00000   0.00000   0.00000   0.00000
  10  1  C     z   0.00000   0.31475   0.01106   0.01106   0.01106   1.00000
  11  2  C     s  -0.04932   0.00000   0.00000   0.00000   0.00000   0.00000
  12  2  C     s  -0.08065   0.00000   0.00000   0.00000   0.00000   0.00000
  13  2  C     s   0.26310   0.00000   0.00000   0.00000   0.00000   0.00000
  14  2  C     s   0.23811   0.00000   0.00000   0.00000   0.00000   0.00000
  15  2  C     x  -0.37390   0.00000   0.00000   0.00000   0.00000   0.00000
  16  2  C     y   0.19931   0.00000   0.00000   0.00000   0.00000   0.00000
  17  2  C     z  -0.00000   0.12828   0.72340  -0.05613  -0.05613   0.00000
  18  2  C     x  -0.09955   0.00000   0.00000   0.00000   0.00000   0.00000
  19  2  C     y   0.02626   0.00000   0.00000   0.00000   0.00000   0.00000
  20  2  C     z   0.00000   0.01646   0.37433  -0.06815  -0.06815   0.00000
  21  3  C     s  -0.00144   0.00000   0.00000   0.00000   0.00000   0.00000
  22  3  C     s  -0.00235   0.00000   0.00000   0.00000   0.00000   0.00000
  23  3  C     s   0.01121   0.00000   0.00000   0.00000   0.00000   0.00000
  24  3  C     s  -0.01071   0.00000   0.00000   0.00000   0.00000   0.00000
  25  3  C     x  -0.00720   0.00000   0.00000   0.00000   0.00000   0.00000
  26  3  C     y   0.00278   0.00000   0.00000   0.00000   0.00000   0.00000
  27  3  C     z  -0.00000   0.12828  -0.05613   0.72340  -0.05613   0.00000
  28  3  C     x  -0.00171   0.00000   0.00000   0.00000   0.00000   0.00000
  29  3  C     y   0.00379   0.00000   0.00000   0.00000   0.00000   0.00000
  30  3  C     z   0.00000   0.01646  -0.06815   0.37433  -0.06815   0.00000
  31  4  C     s   0.00347   0.00000   0.00000   0.00000   0.00000   0.00000
  32  4  C     s   0.00481   0.00000   0.00000   0.00000   0.00000   0.00000
  33  4  C     s  -0.01524   0.00000   0.00000   0.00000   0.00000   0.00000
  34  4  C     s  -0.01068   0.00000   0.00000   0.00000   0.00000   0.00000
  35  4  C     x  -0.00560   0.00000   0.00000   0.00000   0.00000   0.00000
  36  4  C     y  -0.01756   0.00000   0.00000   0.00000   0.00000   0.00000
  37  4  C     z  -0.00000   0.12828  -0.05613  -0.05613   0.72340   0.00000
  38  4  C     x  -0.01159   0.00000   0.00000   0.00000   0.00000   0.00000
  39  4  C     y   0.02317   0.00000   0.00000   0.00000   0.00000   0.00000
  40  4  C     z  -0.00000   0.01646  -0.06815  -0.06815   0.37433   0.00000
  41  5  H     s   0.31711   0.00000   0.00000   0.00000   0.00000   0.00000
  42  5  H     s   0.19384   0.00000   0.00000   0.00000   0.00000   0.00000
  43  6  H     s  -0.02704   0.00000   0.00000   0.00000   0.00000   0.00000
  44  6  H     s  -0.04801   0.00000   0.00000   0.00000   0.00000   0.00000
  45  7  H     s   0.00449   0.00000   0.00000   0.00000   0.00000   0.00000
  46  7  H     s   0.00386   0.00000   0.00000   0.00000   0.00000   0.00000
  47  8  H     s  -0.00517   0.00000   0.00000   0.00000   0.00000   0.00000
  48  8  H     s  -0.01331   0.00000   0.00000   0.00000   0.00000   0.00000
  49  9  H     s  -0.00404   0.00000   0.00000   0.00000   0.00000   0.00000
  50  9  H     s  -0.00985   0.00000   0.00000   0.00000   0.00000   0.00000
  51 10  H     s   0.00483   0.00000   0.00000   0.00000   0.00000   0.00000
  52 10  H     s   0.02336   0.00000   0.00000   0.00000   0.00000   0.00000

 ===========================================================================
    Orbital#            19        20        21
      Group#             2         2         2
 ---------------------------------------------------------------------------
  AO# LABELS
   1  1  C     s   0.00000   0.00000   0.00000
   2  1  C     s   0.00000   0.00000   0.00000
   3  1  C     s   0.00000   0.00000   0.00000
   4  1  C     s   0.00000   0.00000   0.00000
   5  1  C     x   0.00000   0.00000   0.00000
   6  1  C     y   0.00000   0.00000   0.00000
   7  1  C     z  -0.00000   0.00000  -0.00000
   8  1  C     x   0.00000   0.00000   0.00000
   9  1  C     y   0.00000   0.00000   0.00000
  10  1  C     z   0.00000   0.00000   0.00000
  11  2  C     s   0.00000   0.00000   0.00000
  12  2  C     s   0.00000   0.00000   0.00000
  13  2  C     s   0.00000   0.00000   0.00000
  14  2  C     s   0.00000   0.00000   0.00000
  15  2  C     x   0.00000   0.00000   0.00000
  16  2  C     y   0.00000   0.00000   0.00000
  17  2  C     z  -0.00000   0.00000  -0.00000
  18  2  C     x   0.00000   0.00000   0.00000
  19  2  C     y   0.00000   0.00000   0.00000
  20  2  C     z   1.00000  -0.00000  -0.00000
  21  3  C     s   0.00000   0.00000   0.00000
  22  3  C     s   0.00000   0.00000   0.00000
  23  3  C     s   0.00000   0.00000   0.00000
  24  3  C     s   0.00000   0.00000   0.00000
  25  3  C     x   0.00000   0.00000   0.00000
  26  3  C     y   0.00000   0.00000   0.00000
  27  3  C     z   0.00000  -0.00000   0.00000
  28  3  C     x   0.00000   0.00000   0.00000
  29  3  C     y   0.00000   0.00000   0.00000
  30  3  C     z  -0.00000   1.00000  -0.00000
  31  4  C     s   0.00000   0.00000   0.00000
  32  4  C     s   0.00000   0.00000   0.00000
  33  4  C     s   0.00000   0.00000   0.00000
  34  4  C     s   0.00000   0.00000   0.00000
  35  4  C     x   0.00000   0.00000   0.00000
  36  4  C     y   0.00000   0.00000   0.00000
  37  4  C     z   0.00000   0.00000   0.00000
  38  4  C     x   0.00000   0.00000   0.00000
  39  4  C     y   0.00000   0.00000   0.00000
  40  4  C     z  -0.00000   0.00000   1.00000
  41  5  H     s   0.00000   0.00000   0.00000
  42  5  H     s   0.00000   0.00000   0.00000
  43  6  H     s   0.00000   0.00000   0.00000
  44  6  H     s   0.00000   0.00000   0.00000
  45  7  H     s   0.00000   0.00000   0.00000
  46  7  H     s   0.00000   0.00000   0.00000
  47  8  H     s   0.00000   0.00000   0.00000
  48  8  H     s   0.00000   0.00000   0.00000
  49  9  H     s   0.00000   0.00000   0.00000
  50  9  H     s   0.00000   0.00000   0.00000
  51 10  H     s   0.00000   0.00000   0.00000
  52 10  H     s   0.00000   0.00000   0.00000


 WORDS OF DYNAMIC MEMORY USED IN VB2000 CODE ONLY:      102207

 STATISTICS OF CPU TIMES (SECONDS)
 CPU TIME FOR INITIALIZATION        0.351
 CPU TIME FOR MACROITERATION        2.054
 TOTAL CPU TIME                     2.405

