
 **************************************************************
 *                                                            *
 *                        V B 2 0 0 0                         *
 *                                                            *
 * An ab initio Valence-Bond Program Based on the Generalized *
 *    Product Function Method and the Algebrant Algorithm     *
 *                                                            *
 *                  Version 2.8 November 2017                 *
 *                     Stand-alone Version                    *
 *                      Compiler GFORTRAN                     *
 *                                                            *
 *     Memory = 12500000 for MAP file up to 16 electrons      *
 *                                                            *
 *         Jiabo Li*, Brian Duke** and Roy McWeeny***         *
 *                                                            *
 *        * SciNet Technologies, 9943 Fieldthorn St.,         *
 *                   San Diego, CA 92127, USA                 *
 *                                                            *
 *  ** Monash University Institute of Pharmaceutical Sciences,*
 *          Monash University, 381 Royal Pde, Parkville,      *
 *                    Victoria, 3052, Australia               *
 *                                                            *
 *      *** Department of Chemistry, University of Pisa,      *
 *                       56100 Pisa, Italy                    *
 *                                                            *
 *  Reference for the software:                               *
 *     Jiabo Li, Brian Duke, and Roy McWeeny, VB2000 Version  *
 *     2.8, SciNet Technologies, San Diego, CA, 2013          *
 *     URL: http://www.scinetec.com or http://www.vb2000.net  *
 *                                                            *
 *  References for the theory:                                *
 *     General:                                               *
 *     Jiabo Li, and Roy McWeeny, "VB2000: Pushing Valence    *
 *     Bond Theory to New Limits", Int. J. Quantum Chem.,     *
 *     89(2002)208-216.                                       *
 *                                                            *
 *     Spin densities:-                                       *
 *     Jiabo Li, Brian J. Duke, Thomas M. Klapoetke, and Roy  *
 *     McWeeny, Spin-Density of Spin-Free Valence Bond Wave   *
 *     Functions and Its Implementation in VB2000. J. Theor.  *
 *     Comp. Chem. 7(2008)853-867.                            *
 *                                                            *
 *     Spin coupled - n electrons in m orbitals:-             *
 *     Peter B. Karadakov, David L. Cooper, Brian J. Duke,    *
 *     and Jiabo Li, Spin-Coupled Theory for N Electrons in   *
 *     M Orbitals Active Spaces,  J. Phys. Chem. A, 116,      *
 *     7238 - 7244, 2012                                      *
 *                                                            *
 *     Copyright (C) 2018 GNU General Public License          *
 **************************************************************

 JOB NAME IS tmmDZ6s1                                                        

 VB2000 DIRECTORY IS: .                                                                               
 MAXIMUM DYNAMIC MEMORY IS:        6500000

 Input of molecule
 =================
 #! GPF(6)/D95 UNITS=BOHR NOBIAS PRINTALL                                        
                                                                                 
 Title: TMM TRIPLET                                                                     

 Charge =  0 Multiplicity =  3

 BASIS SET FILE IS: ./BASET/D95                                                                     

 Cartesian coordinates of atoms in Angstrom
 ----------------------------------------------------
                    X             Y             Z   

  C     6.0      0.000000      0.000000      0.000000
  C     6.0      0.000000      1.428000      0.000000
  C     6.0      1.236684     -0.714000      0.000000
  C     6.0     -1.236684     -0.714000      0.000000
  H     1.0     -0.927568      1.983138      0.000000
  H     1.0      0.927568      1.983138      0.000000
  H     1.0      2.181232     -0.188271      0.000000
  H     1.0      1.253664     -1.794867      0.000000
  H     1.0     -2.181232     -0.188271      0.000000
  H     1.0     -1.253664     -1.794867      0.000000
 ----------------------------------------------------

 Total number of two-electron integrals =       544220
 Time for integral evaluation                    0.554

 SKIPPED INTEGRALS =                            401666
 Number of iter =     15, DMAX =        0.000006399147
 Final Hartree-Fock Energy =         -154.623735470973

 Molecular orbitals by HF method
 ===============================================================================
 MO#                       1         2         3         4         5         6
 E(a.u.)             -11.279   -11.263   -11.263   -11.263    -1.107    -0.923
 -------------------------------------------------------------------------------

   1  1  C     s     0.60001   0.00000  -0.00000  -0.03333  -0.09933  -0.00000
   2  1  C     s     0.43676   0.00000  -0.00000  -0.02439  -0.13404   0.00000
   3  1  C     s     0.00477  -0.00000   0.00000   0.00030   0.37115  -0.00000
   4  1  C     s    -0.00144  -0.00000   0.00000   0.00032   0.16644   0.00000
   5  1  C     x     0.00000  -0.00052  -0.00000  -0.00000   0.00000   0.25387
   6  1  C     y     0.00000  -0.00000   0.00052  -0.00000  -0.00000   0.00005
   7  1  C     z    -0.00000  -0.00000  -0.00000  -0.00000  -0.00000   0.00000
   8  1  C     x    -0.00000  -0.00047  -0.00000  -0.00000   0.00000  -0.14716
   9  1  C     y    -0.00000  -0.00000   0.00047  -0.00000  -0.00000  -0.00003
  10  1  C     z     0.00000   0.00000   0.00000   0.00000   0.00000   0.00000
  11  2  C     s     0.01908  -0.00237   0.49068   0.34645  -0.05654  -0.00002
  12  2  C     s     0.01381  -0.00173   0.35720   0.25222  -0.07617  -0.00003
  13  2  C     s     0.00046  -0.00002   0.00369   0.00246   0.21072   0.00007
  14  2  C     s     0.00049   0.00000  -0.00082  -0.00026   0.12526   0.00007
  15  2  C     x     0.00000   0.00006   0.00000   0.00000   0.00000   0.05290
  16  2  C     y    -0.00049   0.00000  -0.00017  -0.00007  -0.09521  -0.00000
  17  2  C     z     0.00000   0.00000   0.00000   0.00000   0.00000   0.00000
  18  2  C     x     0.00000   0.00003   0.00000  -0.00000   0.00000   0.07472
  19  2  C     y    -0.00006  -0.00000   0.00044   0.00004   0.00877  -0.00000
  20  2  C     z     0.00000   0.00000   0.00000  -0.00000   0.00000   0.00000
  21  3  C     s     0.01908  -0.42375  -0.24740   0.34645  -0.05654  -0.08672
  22  3  C     s     0.01381  -0.30848  -0.18010   0.25222  -0.07617  -0.11702
  23  3  C     s     0.00046  -0.00319  -0.00186   0.00246   0.21072   0.31479
  24  3  C     s     0.00049   0.00071   0.00041  -0.00026   0.12526   0.33172
  25  3  C     x    -0.00042   0.00014   0.00005  -0.00006  -0.08245   0.00864
  26  3  C     y     0.00025  -0.00005  -0.00008   0.00003   0.04760   0.02557
  27  3  C     z     0.00000   0.00000   0.00000   0.00000   0.00000   0.00000
  28  3  C     x    -0.00006  -0.00032  -0.00020   0.00004   0.00759   0.00277
  29  3  C     y     0.00003   0.00020   0.00009  -0.00002  -0.00438   0.04155
  30  3  C     z    -0.00000  -0.00000  -0.00000  -0.00000  -0.00000  -0.00000
  31  4  C     s     0.01908   0.42613  -0.24328   0.34645  -0.05654   0.08673
  32  4  C     s     0.01381   0.31021  -0.17710   0.25222  -0.07617   0.11704
  33  4  C     s     0.00046   0.00321  -0.00183   0.00246   0.21072  -0.31486
  34  4  C     s     0.00049  -0.00071   0.00041  -0.00026   0.12526  -0.33179
  35  4  C     x     0.00042   0.00014  -0.00005   0.00006   0.08245   0.00863
  36  4  C     y     0.00025   0.00005  -0.00008   0.00003   0.04760  -0.02555
  37  4  C     z    -0.00000  -0.00000   0.00000  -0.00000  -0.00000  -0.00000
  38  4  C     x     0.00006  -0.00032   0.00020  -0.00004  -0.00759   0.00275
  39  4  C     y     0.00003  -0.00020   0.00009  -0.00002  -0.00438  -0.04153
  40  4  C     z    -0.00000  -0.00000  -0.00000   0.00000  -0.00000  -0.00000
  41  5  H     s    -0.00001   0.00000   0.00046   0.00029   0.04551  -0.01745
  42  5  H     s    -0.00005   0.00000  -0.00009   0.00004   0.00120   0.02473
  43  6  H     s    -0.00001  -0.00000   0.00046   0.00029   0.04551   0.01749
  44  6  H     s    -0.00005   0.00000  -0.00009   0.00004   0.00120  -0.02471
  45  7  H     s    -0.00001  -0.00040  -0.00023   0.00029   0.04551   0.11478
  46  7  H     s    -0.00005   0.00008   0.00005   0.00004   0.00120   0.02054
  47  8  H     s    -0.00001  -0.00040  -0.00023   0.00029   0.04551   0.09730
  48  8  H     s    -0.00005   0.00008   0.00005   0.00004   0.00120   0.04526
  49  9  H     s    -0.00001   0.00040  -0.00023   0.00029   0.04551  -0.11479
  50  9  H     s    -0.00005  -0.00008   0.00005   0.00004   0.00120  -0.02055
  51 10  H     s    -0.00001   0.00040  -0.00023   0.00029   0.04551  -0.09733
  52 10  H     s    -0.00005  -0.00008   0.00005   0.00004   0.00120  -0.04526

 MO#                       7         8         9        10        11        12
 E(a.u.)              -0.923    -0.737    -0.648    -0.648    -0.558    -0.537
 -------------------------------------------------------------------------------

   1  1  C     s     0.00000  -0.06972   0.00000  -0.00000   0.00000   0.00000
   2  1  C     s     0.00000  -0.09548   0.00000  -0.00000  -0.00000   0.00000
   3  1  C     s    -0.00000   0.26637  -0.00000   0.00000   0.00000  -0.00000
   4  1  C     s    -0.00000   0.22945   0.00000  -0.00000  -0.00000   0.00000
   5  1  C     x     0.00005  -0.00000   0.00003   0.27239   0.00000  -0.37613
   6  1  C     y    -0.25387  -0.00000  -0.27239   0.00003  -0.00000   0.00003
   7  1  C     z    -0.00000   0.00000  -0.00000   0.00000   0.00000  -0.00000
   8  1  C     x    -0.00003   0.00000  -0.00001  -0.07994  -0.00000   0.01006
   9  1  C     y     0.14716  -0.00000   0.07994  -0.00001  -0.00000  -0.00000
  10  1  C     z     0.00000  -0.00000   0.00000   0.00000   0.00000  -0.00000
  11  2  C     s     0.10014   0.03493  -0.01426   0.00000   0.00000  -0.00000
  12  2  C     s     0.13513   0.04734  -0.01983   0.00000   0.00000  -0.00000
  13  2  C     s    -0.36353  -0.13015   0.06376  -0.00001  -0.00000   0.00000
  14  2  C     s    -0.38308  -0.13273  -0.00169   0.00000   0.00000   0.00001
  15  2  C     x     0.00001  -0.00000   0.00003   0.33855   0.32110   0.26761
  16  2  C     y     0.00612  -0.24794   0.26012  -0.00003   0.00000  -0.00003
  17  2  C     z     0.00000   0.00000   0.00000   0.00000   0.00000  -0.00000
  18  2  C     x     0.00001  -0.00000   0.00001   0.11482   0.05884   0.03944
  19  2  C     y     0.02123  -0.01388   0.05403  -0.00001  -0.00000  -0.00001
  20  2  C     z     0.00000   0.00000   0.00000   0.00000   0.00000   0.00000
  21  3  C     s    -0.05009   0.03493   0.00713   0.01235  -0.00000   0.01363
  22  3  C     s    -0.06759   0.04734   0.00992   0.01717  -0.00000   0.01880
  23  3  C     s     0.18182  -0.13015  -0.03188  -0.05521   0.00000  -0.05079
  24  3  C     s     0.19160  -0.13273   0.00085   0.00147   0.00000  -0.08977
  25  3  C     x    -0.02556  -0.21472  -0.25924  -0.11043  -0.16055   0.34416
  26  3  C     y    -0.03814   0.12397  -0.18886   0.25925  -0.27808  -0.04422
  27  3  C     z     0.00000  -0.00000   0.00000   0.00000   0.00000   0.00000
  28  3  C     x    -0.04154  -0.01202  -0.07311  -0.01181  -0.02942   0.06757
  29  3  C     y    -0.05072   0.00694  -0.07260   0.07312  -0.05096  -0.01625
  30  3  C     z    -0.00000   0.00000  -0.00000  -0.00000  -0.00000  -0.00000
  31  4  C     s    -0.05005   0.03493   0.00713  -0.01235   0.00000  -0.01363
  32  4  C     s    -0.06755   0.04734   0.00991  -0.01717   0.00000  -0.01879
  33  4  C     s     0.18170  -0.13015  -0.03187   0.05522  -0.00000   0.05078
  34  4  C     s     0.19148  -0.13273   0.00085  -0.00147  -0.00000   0.08976
  35  4  C     x     0.02556   0.21472   0.25922  -0.11048  -0.16055   0.34415
  36  4  C     y    -0.03815   0.12397  -0.18891  -0.25921   0.27808   0.04417
  37  4  C     z    -0.00000   0.00000  -0.00000  -0.00000   0.00000  -0.00000
  38  4  C     x     0.04154   0.01202   0.07311  -0.01183  -0.02942   0.06757
  39  4  C     y    -0.05074   0.00694  -0.07261  -0.07310   0.05096   0.01624
  40  4  C     z    -0.00000   0.00000  -0.00000  -0.00000  -0.00000  -0.00000
  41  5  H     s    -0.12246  -0.10999   0.08725  -0.13723  -0.14732  -0.13637
  42  5  H     s    -0.03799  -0.06645   0.05238  -0.06290  -0.11552  -0.12314
  43  6  H     s    -0.12245  -0.10999   0.08728   0.13721   0.14732   0.13635
  44  6  H     s    -0.03800  -0.06645   0.05240   0.06288   0.11552   0.12312
  45  7  H     s     0.04612  -0.10999  -0.16247  -0.00695  -0.14732   0.13767
  46  7  H     s     0.04041  -0.06645  -0.08066  -0.01392  -0.11552   0.12682
  47  8  H     s     0.07638  -0.10999   0.07519  -0.14419   0.14732   0.00133
  48  8  H     s    -0.00240  -0.06645   0.02826  -0.07682   0.11552   0.00370
  49  9  H     s     0.04608  -0.10999  -0.16247   0.00698   0.14732  -0.13768
  50  9  H     s     0.04040  -0.06645  -0.08066   0.01393   0.11552  -0.12683
  51 10  H     s     0.07634  -0.10999   0.07522   0.14418  -0.14732  -0.00130
  52 10  H     s    -0.00242  -0.06645   0.02828   0.07681  -0.11552  -0.00368

 MO#                      13        14        15        16        17        18
 E(a.u.)              -0.537    -0.444    -0.114    -0.114     0.208     0.266
 -------------------------------------------------------------------------------

   1  1  C     s     0.00000   0.00000  -0.00000  -0.00000  -0.00000  -0.00000
   2  1  C     s     0.00000   0.00000  -0.00000  -0.00000  -0.00000  -0.00000
   3  1  C     s     0.00000  -0.00000   0.00000   0.00000   0.00000  -0.00000
   4  1  C     s    -0.00000   0.00000   0.00000   0.00000   0.00000   0.00000
   5  1  C     x     0.00003  -0.00000  -0.00000  -0.00000  -0.00000  -0.00061
   6  1  C     y     0.37613  -0.00000  -0.00000   0.00000  -0.00000  -0.19486
   7  1  C     z     0.00000   0.46098   0.00000   0.00000  -0.54129   0.00000
   8  1  C     x    -0.00000   0.00000   0.00000  -0.00000  -0.00000  -0.01231
   9  1  C     y    -0.01006  -0.00000  -0.00000  -0.00000  -0.00000  -3.93944
  10  1  C     z    -0.00000   0.17996  -0.00000   0.00000  -1.31350   0.00000
  11  2  C     s    -0.01574   0.00000   0.00000   0.00000  -0.00000  -0.04462
  12  2  C     s    -0.02170   0.00000   0.00000   0.00000   0.00000  -0.05608
  13  2  C     s     0.05864  -0.00000  -0.00000  -0.00000  -0.00000  -0.03339
  14  2  C     s     0.10365   0.00000   0.00000   0.00000   0.00000   3.46134
  15  2  C     x    -0.00002  -0.00000  -0.00000  -0.00000  -0.00000  -0.00033
  16  2  C     y    -0.36967   0.00000   0.00000  -0.00000   0.00000   0.10565
  17  2  C     z     0.00000   0.25487   0.00089   0.52787   0.15222  -0.00000
  18  2  C     x    -0.00000  -0.00000   0.00000   0.00000   0.00000   0.00350
  19  2  C     y    -0.07695  -0.00000   0.00000   0.00000  -0.00000  -1.94967
  20  2  C     z     0.00000   0.09287   0.00080   0.47258   0.75574  -0.00000
  21  3  C     s     0.00787   0.00000  -0.00000  -0.00000  -0.00000   0.02219
  22  3  C     s     0.01085   0.00000  -0.00000  -0.00000  -0.00000   0.02789
  23  3  C     s    -0.02932  -0.00000   0.00000   0.00000  -0.00000   0.01661
  24  3  C     s    -0.05182  -0.00000  -0.00000  -0.00000  -0.00000  -1.72130
  25  3  C     x     0.04416   0.00000   0.00000   0.00000   0.00000  -0.09154
  26  3  C     y    -0.29312   0.00000   0.00000   0.00000   0.00000  -0.05348
  27  3  C     z     0.00000   0.25487   0.45670  -0.26471   0.15222   0.00000
  28  3  C     x     0.01624   0.00000  -0.00000  -0.00000   0.00000   1.32555
  29  3  C     y    -0.04881   0.00000  -0.00000  -0.00000   0.00000   0.35681
  30  3  C     z     0.00000   0.09287   0.40887  -0.23698   0.75574  -0.00000
  31  4  C     s     0.00787   0.00000   0.00000   0.00000   0.00000   0.02243
  32  4  C     s     0.01085   0.00000   0.00000   0.00000   0.00000   0.02819
  33  4  C     s    -0.02933  -0.00000  -0.00000  -0.00000  -0.00000   0.01679
  34  4  C     s    -0.05183  -0.00000  -0.00000  -0.00000  -0.00000  -1.74004
  35  4  C     x    -0.04422   0.00000   0.00000   0.00000   0.00000   0.09187
  36  4  C     y    -0.29313   0.00000   0.00000   0.00000   0.00000  -0.05290
  37  4  C     z    -0.00000   0.25487  -0.45760  -0.26316   0.15222  -0.00000
  38  4  C     x    -0.01625  -0.00000  -0.00000  -0.00000  -0.00000  -1.33294
  39  4  C     y    -0.04882   0.00000   0.00000   0.00000  -0.00000   0.34850
  40  4  C     z    -0.00000   0.09287  -0.40967  -0.23560   0.75574  -0.00000
  41  5  H     s    -0.08023   0.00000  -0.00000  -0.00000  -0.00000   0.00288
  42  5  H     s    -0.07534   0.00000   0.00000   0.00000  -0.00000   0.03533
  43  6  H     s    -0.08026  -0.00000  -0.00000  -0.00000  -0.00000   0.00313
  44  6  H     s    -0.07536  -0.00000  -0.00000  -0.00000  -0.00000   0.03407
  45  7  H     s    -0.07798   0.00000   0.00000   0.00000   0.00000   0.03251
  46  7  H     s    -0.06897   0.00000   0.00000   0.00000  -0.00000  -0.19201
  47  8  H     s     0.15821  -0.00000  -0.00000   0.00000  -0.00000  -0.03550
  48  8  H     s     0.14431   0.00000   0.00000   0.00000   0.00000   0.15750
  49  9  H     s    -0.07796  -0.00000   0.00000   0.00000   0.00000   0.03238
  50  9  H     s    -0.06895  -0.00000  -0.00000  -0.00000  -0.00000  -0.19157
  51 10  H     s     0.15821  -0.00000  -0.00000  -0.00000  -0.00000  -0.03540
  52 10  H     s     0.14431   0.00000   0.00000   0.00000  -0.00000   0.15669

 MO#                      19        20        21
 E(a.u.)               0.266     0.278     0.294
 -------------------------------------------------------------------------------

   1  1  C     s     0.00000  -0.01005  -0.05322
   2  1  C     s     0.00000  -0.01296  -0.06908
   3  1  C     s     0.00000   0.00591  -0.00726
   4  1  C     s    -0.00000   0.94484   3.88549
   5  1  C     x    -0.19486  -0.00000  -0.00000
   6  1  C     y     0.00061   0.00000   0.00000
   7  1  C     z     0.00000  -0.00000  -0.00000
   8  1  C     x    -3.93944  -0.00000  -0.00000
   9  1  C     y     0.01231   0.00000   0.00000
  10  1  C     z     0.00000   0.00000   0.00000
  11  2  C     s     0.00014  -0.03310   0.02973
  12  2  C     s     0.00018  -0.04637   0.04108
  13  2  C     s     0.00010   0.11387  -0.07077
  14  2  C     s    -0.01082   1.09738  -1.26211
  15  2  C     x    -0.10614  -0.00000   0.00000
  16  2  C     y    -0.00033   0.15609  -0.04282
  17  2  C     z    -0.00000  -0.00000  -0.00000
  18  2  C     x     1.12010   0.00000  -0.00000
  19  2  C     y     0.00609   0.78212   1.04795
  20  2  C     z    -0.00000  -0.00000  -0.00000
  21  3  C     s    -0.03871  -0.03310   0.02973
  22  3  C     s    -0.04866  -0.04637   0.04108
  23  3  C     s    -0.02897   0.11387  -0.07077
  24  3  C     s     3.00301   1.09738  -1.26211
  25  3  C     x     0.05299   0.13518  -0.03708
  26  3  C     y    -0.09154  -0.07804   0.02141
  27  3  C     z     0.00000   0.00000   0.00000
  28  3  C     x    -1.18638   0.67733   0.90755
  29  3  C     y     1.32814  -0.39106  -0.52398
  30  3  C     z    -0.00000  -0.00000  -0.00000
  31  4  C     s     0.03857  -0.03310   0.02973
  32  4  C     s     0.04848  -0.04637   0.04108
  33  4  C     s     0.02887   0.11387  -0.07077
  34  4  C     s    -2.99220   1.09738  -1.26211
  35  4  C     x     0.05242  -0.13518   0.03708
  36  4  C     y     0.09187  -0.07804   0.02141
  37  4  C     z    -0.00000   0.00000   0.00000
  38  4  C     x    -1.17807  -0.67733  -0.90755
  39  4  C     y    -1.33035  -0.39106  -0.52398
  40  4  C     z    -0.00000  -0.00000  -0.00000
  41  5  H     s    -0.03921  -0.01359  -0.00716
  42  5  H     s     0.20132  -0.92080   0.19394
  43  6  H     s     0.03919  -0.01359  -0.00716
  44  6  H     s    -0.20154  -0.92080   0.19394
  45  7  H     s     0.02210  -0.01359  -0.00716
  46  7  H     s    -0.07007  -0.92080   0.19394
  47  8  H     s    -0.01689  -0.01359  -0.00716
  48  8  H     s     0.13027  -0.92080   0.19394
  49  9  H     s    -0.02230  -0.01359  -0.00716
  50  9  H     s     0.07126  -0.92080   0.19394
  51 10  H     s     0.01711  -0.01359  -0.00716
  52 10  H     s    -0.13126  -0.92080   0.19394


                    PARAMETER LIMIT VALUES
 Max. no. of atoms                    MAXCEN =    200
 Max. no. of basis functions          MAXBFN =   1350
 Max. no. of shells                   MAXSHL =    500
 Max. no. of total primitives         MAXEXP =   4400
 Max. no. of primitives per orbital   MAXPRM =     15
 Max. no. of atoms * no. of orbitals  MAXNAB = 135000
 Increase max basis set size by       NEXTRA =     20
 Max. size for Rumer data             MAXST1 = 120000
 Max. no. of orbitals in group        MAXNOB =    200
 Max. no. of CUBE orbitals            MAXCUB =    100
 Max. no. of groups                   MAXGRP =     49
 BRILLMASK array sizes                MAXBLL =  12500

 VBO LIB IS: ./VBOLIB/VBOLIBD95                                                              

 Localized molecular orbitals and the bond labels
 ===============================================================================
 LMO#                      1         2         3         4         5         6
 E(a.u.)             -11.225   -11.225   -11.225   -11.220    -0.811    -0.811
 Bond Label            2:(0)     4:(0)     3:(0)     1:(0)    3-1(1)    4-1(1)
 -------------------------------------------------------------------------------

   1  1  C     s     0.00163   0.00163   0.00163   0.60827  -0.04331  -0.04331
   2  1  C     s     0.00249   0.00249   0.00249   0.44846  -0.07510  -0.07510
   3  1  C     s    -0.00794  -0.00794  -0.00794  -0.02931   0.26142   0.26142
   4  1  C     s    -0.00176  -0.00176  -0.00176  -0.02043   0.14805   0.14805
   5  1  C     x    -0.00000   0.00786  -0.00786   0.00000   0.37323  -0.37323
   6  1  C     y    -0.00907   0.00454   0.00454  -0.00000  -0.21549  -0.21549
   7  1  C     z     0.00000  -0.00000  -0.00000   0.00000  -0.00000   0.00000
   8  1  C     x    -0.00000  -0.00565   0.00565  -0.00000  -0.08486   0.08486
   9  1  C     y     0.00652  -0.00326  -0.00326   0.00000   0.04899   0.04899
  10  1  C     z     0.00000  -0.00000  -0.00000   0.00000  -0.00000   0.00000
  11  2  C     s     0.60714   0.00002   0.00002   0.00202   0.00717   0.00717
  12  2  C     s     0.44652   0.00009   0.00009   0.00302   0.00823   0.00823
  13  2  C     s    -0.02233  -0.00066  -0.00066  -0.00951  -0.01313  -0.01313
  14  2  C     s    -0.02506   0.00266   0.00266  -0.00346  -0.08637  -0.08636
  15  2  C     x     0.00000  -0.00043   0.00043  -0.00000  -0.00787   0.00787
  16  2  C     y    -0.00293   0.00014   0.00014   0.01432   0.04132   0.04132
  17  2  C     z     0.00000   0.00000   0.00000   0.00000  -0.00000  -0.00000
  18  2  C     x     0.00000   0.00216  -0.00216  -0.00000   0.04434  -0.04434
  19  2  C     y     0.00039  -0.00095  -0.00095  -0.00019   0.03776   0.03776
  20  2  C     z     0.00000   0.00000   0.00000   0.00000  -0.00000  -0.00000
  21  3  C     s     0.00002   0.00002   0.60714   0.00202  -0.04736   0.00717
  22  3  C     s     0.00009   0.00009   0.44652   0.00302  -0.07470   0.00823
  23  3  C     s    -0.00066  -0.00066  -0.02233  -0.00951   0.23366  -0.01313
  24  3  C     s     0.00266   0.00266  -0.02506  -0.00346   0.24918  -0.08637
  25  3  C     x     0.00033  -0.00009  -0.00254   0.01240  -0.37711   0.03972
  26  3  C     y     0.00030  -0.00044   0.00147  -0.00716   0.21772  -0.01385
  27  3  C     z    -0.00000   0.00000  -0.00000   0.00000   0.00000   0.00000
  28  3  C     x    -0.00190   0.00026   0.00033  -0.00016  -0.06413   0.01053
  29  3  C     y    -0.00139   0.00234  -0.00019   0.00009   0.03703  -0.05728
  30  3  C     z    -0.00000   0.00000  -0.00000   0.00000   0.00000   0.00000
  31  4  C     s     0.00002   0.60714   0.00002   0.00202   0.00717  -0.04736
  32  4  C     s     0.00009   0.44652   0.00009   0.00302   0.00823  -0.07470
  33  4  C     s    -0.00066  -0.02233  -0.00066  -0.00951  -0.01313   0.23366
  34  4  C     s     0.00266  -0.02506   0.00266  -0.00346  -0.08637   0.24918
  35  4  C     x    -0.00033   0.00254   0.00009  -0.01240  -0.03972   0.37711
  36  4  C     y     0.00030   0.00147  -0.00044  -0.00716  -0.01385   0.21772
  37  4  C     z    -0.00000  -0.00000   0.00000   0.00000  -0.00000   0.00000
  38  4  C     x     0.00190  -0.00033  -0.00026   0.00016  -0.01053   0.06413
  39  4  C     y    -0.00139  -0.00019   0.00234   0.00009  -0.05728   0.03703
  40  4  C     z    -0.00000  -0.00000   0.00000  -0.00000  -0.00000   0.00000
  41  5  H     s    -0.00925   0.00020  -0.00052   0.00062   0.02484  -0.01294
  42  5  H     s    -0.00339   0.00152  -0.00146   0.00211   0.05749  -0.04574
  43  6  H     s    -0.00925  -0.00052   0.00020   0.00062  -0.01294   0.02484
  44  6  H     s    -0.00339  -0.00146   0.00152   0.00211  -0.04574   0.05749
  45  7  H     s     0.00020  -0.00052  -0.00925   0.00062  -0.03630   0.02484
  46  7  H     s     0.00152  -0.00146  -0.00339   0.00211  -0.06607   0.05749
  47  8  H     s    -0.00052   0.00020  -0.00925   0.00062  -0.03630  -0.01294
  48  8  H     s    -0.00146   0.00152  -0.00339   0.00211  -0.06607  -0.04574
  49  9  H     s     0.00020  -0.00925  -0.00052   0.00062   0.02484  -0.03630
  50  9  H     s     0.00152  -0.00339  -0.00146   0.00211   0.05749  -0.06607
  51 10  H     s    -0.00052  -0.00925   0.00020   0.00062  -0.01294  -0.03630
  52 10  H     s    -0.00146  -0.00339   0.00152   0.00211  -0.04574  -0.06607

 LMO#                      7         8         9        10        11        12
 E(a.u.)              -0.811    -0.726    -0.726    -0.726    -0.726    -0.726
 Bond Label           2-1(1)    9-4(1)    5-2(1)    7-3(1)    8-3(1)   10-4(1)
 -------------------------------------------------------------------------------

   1  1  C     s    -0.04331  -0.00593  -0.00593  -0.00593  -0.00593   0.00593
   2  1  C     s    -0.07510  -0.00797  -0.00797  -0.00797  -0.00797   0.00797
   3  1  C     s     0.26142   0.02104   0.02104   0.02104   0.02104  -0.02104
   4  1  C     s     0.14805   0.04860   0.04860   0.04860   0.04860  -0.04860
   5  1  C     x     0.00000  -0.00730   0.01393   0.00730   0.02123   0.02123
   6  1  C     y     0.43097  -0.02030   0.01647  -0.02030   0.00383  -0.00383
   7  1  C     z     0.00000  -0.00000  -0.00000  -0.00000   0.00000   0.00000
   8  1  C     x    -0.00000  -0.06580  -0.04606   0.06580   0.01974   0.01974
   9  1  C     y    -0.09799   0.01519   0.04939   0.01519  -0.06458   0.06458
  10  1  C     z     0.00000  -0.00000  -0.00000  -0.00000   0.00000   0.00000
  11  2  C     s    -0.04736  -0.00346   0.05027  -0.00346   0.00141  -0.00141
  12  2  C     s    -0.07470  -0.00480   0.08188  -0.00480   0.00228  -0.00228
  13  2  C     s     0.23366   0.01543  -0.26904   0.01543  -0.01116   0.01116
  14  2  C     s     0.24918   0.01045  -0.23738   0.01044   0.01054  -0.01054
  15  2  C     x     0.00000  -0.01246   0.38191   0.01246   0.00110   0.00110
  16  2  C     y    -0.43544  -0.01400  -0.20143  -0.01400   0.00744  -0.00744
  17  2  C     z     0.00000  -0.00000  -0.00000   0.00000   0.00000   0.00000
  18  2  C     x     0.00000   0.02519   0.09636  -0.02519  -0.00090  -0.00090
  19  2  C     y    -0.07405   0.00156  -0.02451   0.00156   0.00290  -0.00290
  20  2  C     z     0.00000  -0.00000  -0.00000   0.00000   0.00000  -0.00000
  21  3  C     s     0.00717   0.00141   0.00141   0.05027   0.05027   0.00346
  22  3  C     s     0.00823   0.00228   0.00228   0.08188   0.08188   0.00480
  23  3  C     s    -0.01313  -0.01116  -0.01116  -0.26904  -0.26904  -0.01543
  24  3  C     s    -0.08637   0.01054   0.01054  -0.23738  -0.23738  -0.01045
  25  3  C     x     0.03185   0.00589   0.00699  -0.36540   0.01650   0.01836
  26  3  C     y    -0.02747  -0.00467  -0.00277  -0.23002   0.43146   0.00379
  27  3  C     z    -0.00000   0.00000   0.00000  -0.00000   0.00000  -0.00000
  28  3  C     x     0.05487   0.00296   0.00206  -0.06941   0.02695  -0.01395
  29  3  C     y     0.01952  -0.00067  -0.00223  -0.07120   0.09571  -0.02104
  30  3  C     z    -0.00000   0.00000   0.00000  -0.00000   0.00000  -0.00000
  31  4  C     s     0.00717   0.05027  -0.00346   0.00141  -0.00346  -0.05028
  32  4  C     s     0.00823   0.08188  -0.00480   0.00228  -0.00480  -0.08188
  33  4  C     s    -0.01313  -0.26904   0.01543  -0.01116   0.01543   0.26904
  34  4  C     s    -0.08637  -0.23738   0.01045   0.01054   0.01045   0.23738
  35  4  C     x    -0.03185   0.36540   0.00589  -0.00589   0.01836   0.01651
  36  4  C     y    -0.02747  -0.23002   0.01779  -0.00467  -0.00379  -0.43146
  37  4  C     z    -0.00000  -0.00000  -0.00000   0.00000   0.00000   0.00000
  38  4  C     x    -0.05487   0.06941   0.01124  -0.00296  -0.01395   0.02695
  39  4  C     y     0.01952  -0.07120  -0.02260  -0.00067   0.02104  -0.09571
  40  4  C     z    -0.00000  -0.00000  -0.00000   0.00000  -0.00000   0.00000
  41  5  H     s    -0.03630   0.00403  -0.31569  -0.00482   0.00506   0.00452
  42  5  H     s    -0.06607   0.00963  -0.18595  -0.02285   0.01353   0.00436
  43  6  H     s    -0.03630  -0.00482   0.02675   0.00403  -0.00452  -0.00506
  44  6  H     s    -0.06607  -0.02285   0.04665   0.00963  -0.00436  -0.01353
  45  7  H     s    -0.01294   0.00506  -0.00452  -0.31569   0.02675   0.00482
  46  7  H     s    -0.04574   0.01353  -0.00436  -0.18595   0.04665   0.02285
  47  8  H     s     0.02484  -0.00452   0.00506   0.02675  -0.31569  -0.00403
  48  8  H     s     0.05749  -0.00436   0.01353   0.04665  -0.18595  -0.00963
  49  9  H     s    -0.01294  -0.31569   0.00403   0.00506  -0.00482  -0.02675
  50  9  H     s    -0.04574  -0.18595   0.00963   0.01353  -0.02285  -0.04665
  51 10  H     s     0.02484   0.02675  -0.00482  -0.00452   0.00403   0.31569
  52 10  H     s     0.05749   0.04665  -0.02285  -0.00436   0.00963   0.18595

 LMO#                     13        14        15        16
 E(a.u.)              -0.726    -0.224    -0.224    -0.224
 Bond Label           6-2(1)    4-1(2)    2-1(2)    3-1(2)
 -------------------------------------------------------------------------------

   1  1  C     s     0.00593   0.00000  -0.00000  -0.00000
   2  1  C     s     0.00797  -0.00000  -0.00000  -0.00000
   3  1  C     s    -0.02104   0.00000  -0.00000  -0.00000
   4  1  C     s    -0.04860   0.00000  -0.00000  -0.00000
   5  1  C     x     0.01393  -0.00000   0.00000   0.00000
   6  1  C     y    -0.01647  -0.00000  -0.00000   0.00000
   7  1  C     z    -0.00000  -0.26614   0.26614   0.26614
   8  1  C     x    -0.04606   0.00000  -0.00000   0.00000
   9  1  C     y    -0.04939   0.00000   0.00000   0.00000
  10  1  C     z    -0.00000  -0.10390   0.10390   0.10390
  11  2  C     s    -0.05028  -0.00000  -0.00000  -0.00000
  12  2  C     s    -0.08188  -0.00000  -0.00000  -0.00000
  13  2  C     s     0.26904  -0.00000  -0.00000   0.00000
  14  2  C     s     0.23738  -0.00000  -0.00000   0.00000
  15  2  C     x     0.38191  -0.00000   0.00000   0.00000
  16  2  C     y     0.20144   0.00000   0.00000  -0.00000
  17  2  C     z    -0.00000   0.06835   0.57816  -0.06835
  18  2  C     x     0.09636  -0.00000   0.00000  -0.00000
  19  2  C     y     0.02451   0.00000   0.00000  -0.00000
  20  2  C     z    -0.00000   0.13931   0.43948  -0.13931
  21  3  C     s     0.00346   0.00000  -0.00000   0.00000
  22  3  C     s     0.00480   0.00000  -0.00000   0.00000
  23  3  C     s    -0.01543  -0.00000   0.00000  -0.00000
  24  3  C     s    -0.01045  -0.00000   0.00000  -0.00000
  25  3  C     x     0.00589   0.00000  -0.00000  -0.00000
  26  3  C     y    -0.01779   0.00000  -0.00000  -0.00000
  27  3  C     z    -0.00000   0.06835  -0.06835   0.57816
  28  3  C     x     0.01124   0.00000  -0.00000  -0.00000
  29  3  C     y     0.02260  -0.00000  -0.00000  -0.00000
  30  3  C     z     0.00000   0.13931  -0.13931   0.43948
  31  4  C     s    -0.00141  -0.00000  -0.00000  -0.00000
  32  4  C     s    -0.00228  -0.00000   0.00000  -0.00000
  33  4  C     s     0.01116   0.00000  -0.00000  -0.00000
  34  4  C     s    -0.01054   0.00000  -0.00000  -0.00000
  35  4  C     x     0.00699   0.00000   0.00000  -0.00000
  36  4  C     y     0.00277  -0.00000   0.00000  -0.00000
  37  4  C     z    -0.00000  -0.57816  -0.06835  -0.06835
  38  4  C     x     0.00206   0.00000   0.00000  -0.00000
  39  4  C     y     0.00223  -0.00000  -0.00000  -0.00000
  40  4  C     z    -0.00000  -0.43948  -0.13931  -0.13931
  41  5  H     s    -0.02675   0.00000  -0.00000  -0.00000
  42  5  H     s    -0.04665  -0.00000   0.00000  -0.00000
  43  6  H     s     0.31569  -0.00000   0.00000   0.00000
  44  6  H     s     0.18595  -0.00000   0.00000   0.00000
  45  7  H     s    -0.00403   0.00000   0.00000  -0.00000
  46  7  H     s    -0.00963   0.00000   0.00000  -0.00000
  47  8  H     s     0.00482  -0.00000   0.00000   0.00000
  48  8  H     s     0.02285  -0.00000   0.00000   0.00000
  49  9  H     s     0.00452   0.00000  -0.00000   0.00000
  50  9  H     s     0.00436  -0.00000   0.00000   0.00000
  51 10  H     s    -0.00506   0.00000  -0.00000   0.00000
  52 10  H     s    -0.01353   0.00000  -0.00000   0.00000


 Mulliken population of localized molecular orbitals
 ===============================================================================
 LMO#                      1         2         3         4         5         6
 E(a.u.)             -11.225   -11.225   -11.225   -11.220    -0.811    -0.811
 Bond Label            2:(0)     4:(0)     3:(0)     1:(0)    3-1(1)    4-1(1)
 -------------------------------------------------------------------------------

   1         C       0.00033   0.00033   0.00033   2.00238   0.92671   0.92671
   2         C       2.00083  -0.00001  -0.00001  -0.00081  -0.03542  -0.03542
   3         C      -0.00001  -0.00001   2.00083  -0.00081   1.15911  -0.03542
   4         C      -0.00001   2.00083  -0.00001  -0.00081  -0.03542   1.15911
   5         H      -0.00057  -0.00000   0.00001   0.00001   0.00623  -0.00337
   6         H      -0.00057   0.00001  -0.00000   0.00001  -0.00337   0.00623
   7         H      -0.00000   0.00001  -0.00057   0.00001  -0.01035   0.00623
   8         H       0.00001  -0.00000  -0.00057   0.00001  -0.01035  -0.00337
   9         H      -0.00000  -0.00057   0.00001   0.00001   0.00623  -0.01035
  10         H       0.00001  -0.00057  -0.00000   0.00001  -0.00337  -0.01035

 LMO#                      7         8         9        10        11        12
 E(a.u.)              -0.811    -0.726    -0.726    -0.726    -0.726    -0.726
 Bond Label           2-1(1)    9-4(1)    5-2(1)    7-3(1)    8-3(1)   10-4(1)
 -------------------------------------------------------------------------------

   1         C       0.92671  -0.06544  -0.06544  -0.06544  -0.06544  -0.06544
   2         C       1.15911   0.00807   1.25265   0.00807   0.00033   0.00033
   3         C      -0.03542   0.00033   0.00033   1.25265   1.25265   0.00807
   4         C      -0.03542   1.25265   0.00807   0.00033   0.00807   1.25265
   5         H      -0.01035  -0.00114   0.81997   0.00041   0.00026  -0.00016
   6         H      -0.01035   0.00041  -0.01496  -0.00114  -0.00016   0.00026
   7         H      -0.00337   0.00026  -0.00016   0.81997  -0.01496   0.00041
   8         H       0.00623  -0.00016   0.00026  -0.01496   0.81997  -0.00114
   9         H      -0.00337   0.81997  -0.00114   0.00026   0.00041  -0.01496
  10         H       0.00623  -0.01496   0.00041  -0.00016  -0.00114   0.81997

 LMO#                     13        14        15        16
 E(a.u.)              -0.726    -0.224    -0.224    -0.224
 Bond Label           6-2(1)    4-1(2)    2-1(2)    3-1(2)
 -------------------------------------------------------------------------------

   1         C      -0.06544   0.33241   0.33241   0.33241
   2         C       1.25265  -0.01936   1.70632  -0.01936
   3         C       0.00807  -0.01936  -0.01936   1.70632
   4         C       0.00033   1.70632  -0.01936  -0.01936
   5         H      -0.01496   0.00000  -0.00000  -0.00000
   6         H       0.81997   0.00000   0.00000   0.00000
   7         H      -0.00114   0.00000   0.00000   0.00000
   8         H       0.00041   0.00000   0.00000   0.00000
   9         H      -0.00016  -0.00000   0.00000   0.00000
  10         H       0.00026   0.00000   0.00000   0.00000

 !!! NO MC BOND FOUND !!!
 !!! NO MC BOND FOUND !!!
 WARNING: MELEK != MELE(K)
 WARNING: MELEK != MELE(K)

 PARTITIONING OF LMOs INTO GROUPS ($LMOGRPMODIFY)
 ================================================
 LMO#     1  2  3  4  5  6  7  8  9 10 11 12 13 14 15 16
 Group#   1  1  1  1  2  2  2  5  3  4  4  5  3  1  1  6
 Split    0  0  0  0  1  1  1  1  1  1  1  1  1  0  0  1

 WARNING: Initial orbital 25 undefined from DISLMO
 Initial orbital
 WARNING: Initial orbital 26 undefined from DISLMO
 Initial orbital
 WARNING: Initial orbital 27 undefined from DISLMO
 Initial orbital
 WARNING: Initial orbital 28 undefined from DISLMO
 Initial orbital
 WARNING: Initial orbital 29 undefined from DISLMO
 Initial orbital
 WARNING: Initial orbital 30 undefined from DISLMO
 Initial orbital

 Group assignment of AOs
 =======================================================================
 AO#:      7 17 27 37 10 20 30 40
 Group#:   6  6  6  6  6  6  6  6

 Initial guess of orbitals
 ===============================================================================
 ORBITAL#                  1         2         3         4         5         6
 Bond Label            2:(0)     4:(0)     3:(0)     1:(0)    3-1(1)    3-1(1)
 -------------------------------------------------------------------------------

   1  1  C     s     0.00163   0.00163   0.00163   0.60827  -0.02276  -0.07199
   2  1  C     s     0.00249   0.00249   0.00249   0.44846  -0.01732  -0.13548
   3  1  C     s    -0.00794  -0.00794  -0.00794  -0.02931   0.00435   0.49861
   4  1  C     s    -0.00176  -0.00176  -0.00176  -0.02043   0.00261   0.28222
   5  1  C     x    -0.00000   0.00786  -0.00786   0.00000  -0.00193   0.71436
   6  1  C     y    -0.00907   0.00454   0.00454  -0.00000   0.00112  -0.41243
   7  1  C     z     0.00000   0.00000   0.00000   0.00000   0.00000   0.00000
   8  1  C     x    -0.00000  -0.00565   0.00565  -0.00000   0.00045  -0.16250
   9  1  C     y     0.00652  -0.00326  -0.00326   0.00000  -0.00026   0.09382
  10  1  C     z     0.00000   0.00000   0.00000   0.00000   0.00000   0.00000
  11  2  C     s     0.60714   0.00002   0.00002   0.00202   0.00334   0.00329
  12  2  C     s     0.44652   0.00009   0.00009   0.00302   0.00558   0.00701
  13  2  C     s    -0.02233  -0.00066  -0.00066  -0.00951  -0.01870  -0.02746
  14  2  C     s    -0.02506   0.00266   0.00266  -0.00346  -0.01657  -0.02380
  15  2  C     x     0.00000  -0.00043   0.00043  -0.00000  -0.04079  -0.05906
  16  2  C     y    -0.00293   0.00014   0.00014   0.01432  -0.01627  -0.02627
  17  2  C     z     0.00000   0.00000   0.00000   0.00000   0.00000   0.00000
  18  2  C     x     0.00000   0.00216  -0.00216  -0.00000  -0.01030  -0.01485
  19  2  C     y     0.00039  -0.00095  -0.00095  -0.00019  -0.00196  -0.00341
  20  2  C     z     0.00000   0.00000   0.00000   0.00000   0.00000   0.00000
  21  3  C     s     0.00002   0.00002   0.60714   0.00202  -0.05808  -0.00598
  22  3  C     s     0.00009   0.00009   0.44652   0.00302  -0.09245   0.00406
  23  3  C     s    -0.00066  -0.00066  -0.02233  -0.00951   0.28957  -0.05020
  24  3  C     s     0.00266   0.00266  -0.02506  -0.00346   0.32443  -0.04331
  25  3  C     x     0.00033  -0.00009  -0.00254   0.01240  -0.66245  -0.04212
  26  3  C     y     0.00030  -0.00044   0.00147  -0.00716   0.38246   0.02432
  27  3  C     z     0.00000   0.00000   0.00000   0.00000   0.00000   0.00000
  28  3  C     x    -0.00190   0.00026   0.00033  -0.00016  -0.10987  -0.00550
  29  3  C     y    -0.00139   0.00234  -0.00019   0.00009   0.06343   0.00317
  30  3  C     z     0.00000   0.00000   0.00000   0.00000   0.00000   0.00000
  31  4  C     s     0.00002   0.60714   0.00002   0.00202   0.00334   0.00329
  32  4  C     s     0.00009   0.44652   0.00009   0.00302   0.00558   0.00701
  33  4  C     s    -0.00066  -0.02233  -0.00066  -0.00951  -0.01870  -0.02746
  34  4  C     s     0.00266  -0.02506   0.00266  -0.00346  -0.01657  -0.02380
  35  4  C     x    -0.00033   0.00254   0.00009  -0.01240  -0.00630  -0.00678
  36  4  C     y     0.00030   0.00147  -0.00044  -0.00716   0.04346   0.06428
  37  4  C     z     0.00000   0.00000   0.00000   0.00000   0.00000   0.00000
  38  4  C     x     0.00190  -0.00033  -0.00026   0.00016  -0.00345  -0.00447
  39  4  C     y    -0.00139  -0.00019   0.00234   0.00009   0.00990   0.01457
  40  4  C     z     0.00000   0.00000   0.00000   0.00000   0.00000   0.00000
  41  5  H     s    -0.00925   0.00020  -0.00052   0.00062  -0.00839  -0.02518
  42  5  H     s    -0.00339   0.00152  -0.00146   0.00211  -0.00501  -0.01478
  43  6  H     s    -0.00925  -0.00052   0.00020   0.00062   0.01042   0.02226
  44  6  H     s    -0.00339  -0.00146   0.00152   0.00211   0.00608   0.01311
  45  7  H     s     0.00020  -0.00052  -0.00925   0.00062   0.00649   0.01733
  46  7  H     s     0.00152  -0.00146  -0.00339   0.00211   0.00377   0.01019
  47  8  H     s    -0.00052   0.00020  -0.00925   0.00062   0.00649   0.01733
  48  8  H     s    -0.00146   0.00152  -0.00339   0.00211   0.00377   0.01019
  49  9  H     s     0.00020  -0.00925  -0.00052   0.00062  -0.00839  -0.02518
  50  9  H     s     0.00152  -0.00339  -0.00146   0.00211  -0.00501  -0.01478
  51 10  H     s    -0.00052  -0.00925   0.00020   0.00062   0.01042   0.02226
  52 10  H     s    -0.00146  -0.00339   0.00152   0.00211   0.00608   0.01311

 ORBITAL#                  7         8         9        10        11        12
 Bond Label           4-1(1)    4-1(1)    2-1(1)    2-1(1)    5-2(1)    5-2(1)
 -------------------------------------------------------------------------------

   1  1  C     s    -0.02276  -0.07199  -0.02276  -0.07199  -0.00424  -0.00148
   2  1  C     s    -0.01732  -0.13548  -0.01732  -0.13548  -0.00497  -0.00151
   3  1  C     s     0.00435   0.49861   0.00435   0.49861   0.01130   0.00256
   4  1  C     s     0.00261   0.28222   0.00261   0.28222   0.00639   0.00153
   5  1  C     x     0.00193  -0.71436  -0.00000   0.00000  -0.03186   0.01409
   6  1  C     y     0.00112  -0.41243  -0.00223   0.82487  -0.04885  -0.05316
   7  1  C     z     0.00000   0.00000   0.00000   0.00000   0.00000   0.00000
   8  1  C     x    -0.00045   0.16250   0.00000  -0.00000   0.00724  -0.00321
   9  1  C     y    -0.00026   0.09382   0.00052  -0.18764   0.01108   0.01223
  10  1  C     z     0.00000   0.00000   0.00000   0.00000   0.00000   0.00000
  11  2  C     s     0.00334   0.00329  -0.05808  -0.00598   0.06452   0.01316
  12  2  C     s     0.00558   0.00701  -0.09245   0.00406   0.10904   0.00483
  13  2  C     s    -0.01870  -0.02746   0.28957  -0.05020  -0.36987   0.02755
  14  2  C     s    -0.01657  -0.02380   0.32443  -0.04331  -0.31787   0.03062
  15  2  C     x     0.04079   0.05906   0.00000   0.00000   0.58280   0.00130
  16  2  C     y    -0.01627  -0.02627  -0.76493  -0.04864  -0.39727  -0.07117
  17  2  C     z     0.00000   0.00000   0.00000   0.00000   0.00000   0.00000
  18  2  C     x     0.01030   0.01485   0.00000   0.00000   0.14705   0.00033
  19  2  C     y    -0.00196  -0.00341  -0.12686  -0.00635  -0.05248  -0.01181
  20  2  C     z     0.00000   0.00000   0.00000   0.00000   0.00000   0.00000
  21  3  C     s     0.00334   0.00329   0.00334   0.00329   0.00153   0.00062
  22  3  C     s     0.00558   0.00701   0.00558   0.00701   0.00334   0.00210
  23  3  C     s    -0.01870  -0.02746  -0.01870  -0.02746  -0.01299  -0.00959
  24  3  C     s    -0.01657  -0.02380  -0.01657  -0.02380  -0.01354  -0.01012
  25  3  C     x     0.00630   0.00678  -0.03448  -0.05228   0.01243   0.01680
  26  3  C     y     0.04346   0.06428  -0.02719  -0.03801  -0.01684  -0.00644
  27  3  C     z     0.00000   0.00000   0.00000   0.00000   0.00000   0.00000
  28  3  C     x     0.00345   0.00447  -0.00685  -0.01038   0.00185   0.00292
  29  3  C     y     0.00990   0.01457  -0.00794  -0.01115  -0.00349  -0.00095
  30  3  C     z     0.00000   0.00000   0.00000   0.00000   0.00000   0.00000
  31  4  C     s    -0.05808  -0.00598   0.00334   0.00329  -0.00137  -0.00084
  32  4  C     s    -0.09245   0.00406   0.00558   0.00701  -0.00162  -0.00068
  33  4  C     s     0.28957  -0.05020  -0.01870  -0.02746   0.00371   0.00034
  34  4  C     s     0.32443  -0.04331  -0.01657  -0.02380   0.00344   0.00072
  35  4  C     x     0.66245   0.04212   0.03448   0.05228  -0.01912  -0.01024
  36  4  C     y     0.38246   0.02432  -0.02719  -0.03801   0.03375   0.02644
  37  4  C     z     0.00000   0.00000   0.00000   0.00000   0.00000   0.00000
  38  4  C     x     0.10987   0.00550   0.00685   0.01038  -0.00479  -0.00288
  39  4  C     y     0.06343   0.00317  -0.00794  -0.01115   0.00855   0.00641
  40  4  C     z     0.00000   0.00000   0.00000   0.00000   0.00000   0.00000
  41  5  H     s     0.01042   0.02226   0.00649   0.01733   0.00179  -0.68553
  42  5  H     s     0.00608   0.01311   0.00377   0.01019   0.00104  -0.40373
  43  6  H     s    -0.00839  -0.02518   0.00649   0.01733  -0.00175  -0.00066
  44  6  H     s    -0.00501  -0.01478   0.00377   0.01019  -0.00105  -0.00033
  45  7  H     s    -0.00839  -0.02518   0.01042   0.02226  -0.00435  -0.00111
  46  7  H     s    -0.00501  -0.01478   0.00608   0.01311  -0.00258  -0.00062
  47  8  H     s     0.01042   0.02226  -0.00839  -0.02518  -0.00054   0.00297
  48  8  H     s     0.00608   0.01311  -0.00501  -0.01478  -0.00033   0.00171
  49  9  H     s     0.00649   0.01733   0.01042   0.02226  -0.00153   0.00042
  50  9  H     s     0.00377   0.01019   0.00608   0.01311  -0.00092   0.00029
  51 10  H     s     0.00649   0.01733  -0.00839  -0.02518   0.01261   0.01056
  52 10  H     s     0.00377   0.01019  -0.00501  -0.01478   0.00742   0.00618

 ORBITAL#                 13        14        15        16        17        18
 Bond Label           6-2(1)    6-2(1)    7-3(1)    7-3(1)    8-3(1)    8-3(1)
 -------------------------------------------------------------------------------

   1  1  C     s     0.00424   0.00148  -0.00424  -0.00148  -0.00424  -0.00148
   2  1  C     s     0.00497   0.00151  -0.00497  -0.00151  -0.00497  -0.00151
   3  1  C     s    -0.01130  -0.00256   0.01130   0.00256   0.01130   0.00256
   4  1  C     s    -0.00639  -0.00153   0.00639   0.00153   0.00639   0.00153
   5  1  C     x    -0.03186   0.01409  -0.02638  -0.05308  -0.05823  -0.03899
   6  1  C     y     0.04885   0.05316   0.05201   0.01438  -0.00316   0.03878
   7  1  C     z     0.00000   0.00000   0.00000   0.00000   0.00000   0.00000
   8  1  C     x     0.00724  -0.00321   0.00598   0.01220   0.01322   0.00899
   9  1  C     y    -0.01108  -0.01223  -0.01181  -0.00334   0.00073  -0.00889
  10  1  C     z     0.00000   0.00000   0.00000   0.00000   0.00000   0.00000
  11  2  C     s    -0.06452  -0.01316  -0.00137  -0.00084   0.00153   0.00062
  12  2  C     s    -0.10904  -0.00483  -0.00162  -0.00068   0.00334   0.00210
  13  2  C     s     0.36987  -0.02755   0.00371   0.00034  -0.01299  -0.00959
  14  2  C     s     0.31787  -0.03062   0.00344   0.00072  -0.01354  -0.01012
  15  2  C     x     0.58280   0.00130   0.03879   0.02802  -0.00836   0.00282
  16  2  C     y     0.39727   0.07117  -0.00031  -0.00435   0.01918   0.01777
  17  2  C     z     0.00000   0.00000   0.00000   0.00000   0.00000   0.00000
  18  2  C     x     0.14705   0.00033   0.00980   0.00699  -0.00210   0.00064
  19  2  C     y     0.05248   0.01181  -0.00013  -0.00071   0.00335   0.00300
  20  2  C     z     0.00000   0.00000   0.00000   0.00000   0.00000   0.00000
  21  3  C     s     0.00137   0.00084   0.06452   0.01316   0.06452   0.01316
  22  3  C     s     0.00162   0.00068   0.10904   0.00483   0.10904   0.00483
  23  3  C     s    -0.00371  -0.00034  -0.36987   0.02755  -0.36987   0.02755
  24  3  C     s    -0.00344  -0.00072  -0.31787   0.03062  -0.31787   0.03062
  25  3  C     x    -0.01912  -0.01024  -0.63545  -0.06228  -0.05264  -0.06099
  26  3  C     y    -0.03375  -0.02644  -0.30609   0.03446   0.70336   0.03671
  27  3  C     z     0.00000   0.00000   0.00000   0.00000   0.00000   0.00000
  28  3  C     x    -0.00479  -0.00288  -0.11898  -0.01039   0.02808  -0.01006
  29  3  C     y    -0.00855  -0.00641  -0.10111   0.00562   0.15359   0.00619
  30  3  C     z     0.00000   0.00000   0.00000   0.00000   0.00000   0.00000
  31  4  C     s    -0.00153  -0.00062   0.00153   0.00062  -0.00137  -0.00084
  32  4  C     s    -0.00334  -0.00210   0.00334   0.00210  -0.00162  -0.00068
  33  4  C     s     0.01299   0.00959  -0.01299  -0.00959   0.00371   0.00034
  34  4  C     s     0.01354   0.01012  -0.01354  -0.01012   0.00344   0.00072
  35  4  C     x     0.01243   0.01680  -0.02080  -0.01398   0.01967   0.01778
  36  4  C     y     0.01684   0.00644  -0.00235  -0.01133  -0.03343  -0.02209
  37  4  C     z     0.00000   0.00000   0.00000   0.00000   0.00000   0.00000
  38  4  C     x     0.00185   0.00292  -0.00395  -0.00228   0.00501   0.00411
  39  4  C     y     0.00349   0.00095   0.00014  -0.00205  -0.00842  -0.00570
  40  4  C     z     0.00000   0.00000   0.00000   0.00000   0.00000   0.00000
  41  5  H     s     0.00175   0.00066   0.01261   0.01056  -0.00054   0.00297
  42  5  H     s     0.00105   0.00033   0.00742   0.00618  -0.00033   0.00171
  43  6  H     s    -0.00179   0.68553  -0.00153   0.00042  -0.00435  -0.00111
  44  6  H     s    -0.00104   0.40373  -0.00092   0.00029  -0.00258  -0.00062
  45  7  H     s     0.00153  -0.00042   0.00179  -0.68553  -0.00175  -0.00066
  46  7  H     s     0.00092  -0.00029   0.00104  -0.40373  -0.00105  -0.00033
  47  8  H     s    -0.01261  -0.01056  -0.00175  -0.00066   0.00179  -0.68553
  48  8  H     s    -0.00742  -0.00618  -0.00105  -0.00033   0.00104  -0.40373
  49  9  H     s     0.00435   0.00111  -0.00054   0.00297   0.01261   0.01056
  50  9  H     s     0.00258   0.00062  -0.00033   0.00171   0.00742   0.00618
  51 10  H     s     0.00054  -0.00297  -0.00435  -0.00111  -0.00153   0.00042
  52 10  H     s     0.00033  -0.00171  -0.00258  -0.00062  -0.00092   0.00029

 ORBITAL#                 19        20        21        22        23        24
 Bond Label           9-4(1)    9-4(1)   10-4(1)   10-4(1)    3-1(2)    3-1(2)
 -------------------------------------------------------------------------------

   1  1  C     s    -0.00424  -0.00148   0.00424   0.00148   0.00000   0.00000
   2  1  C     s    -0.00497  -0.00151   0.00497   0.00151   0.00000   0.00000
   3  1  C     s     0.01130   0.00256  -0.01130  -0.00256   0.00000   0.00000
   4  1  C     s     0.00639   0.00153  -0.00639  -0.00153   0.00000   0.00000
   5  1  C     x     0.02638   0.05308  -0.05823  -0.03899   0.00000   0.00000
   6  1  C     y     0.05201   0.01438   0.00316  -0.03878   0.00000   0.00000
   7  1  C     z     0.00000   0.00000   0.00000   0.00000   1.00000  -0.00000
   8  1  C     x    -0.00598  -0.01220   0.01322   0.00899   0.00000   0.00000
   9  1  C     y    -0.01181  -0.00334  -0.00073   0.00889   0.00000   0.00000
  10  1  C     z     0.00000   0.00000   0.00000   0.00000   0.00000   0.00000
  11  2  C     s    -0.00137  -0.00084  -0.00153  -0.00062   0.00000   0.00000
  12  2  C     s    -0.00162  -0.00068  -0.00334  -0.00210   0.00000   0.00000
  13  2  C     s     0.00371   0.00034   0.01299   0.00959   0.00000   0.00000
  14  2  C     s     0.00344   0.00072   0.01354   0.01012   0.00000   0.00000
  15  2  C     x    -0.03879  -0.02802  -0.00836   0.00282   0.00000   0.00000
  16  2  C     y    -0.00031  -0.00435  -0.01918  -0.01777   0.00000   0.00000
  17  2  C     z     0.00000   0.00000   0.00000   0.00000  -0.00000   1.00000
  18  2  C     x    -0.00980  -0.00699  -0.00210   0.00064   0.00000   0.00000
  19  2  C     y    -0.00013  -0.00071  -0.00335  -0.00300   0.00000   0.00000
  20  2  C     z     0.00000   0.00000   0.00000   0.00000   0.00000  -0.00000
  21  3  C     s     0.00153   0.00062   0.00137   0.00084   0.00000   0.00000
  22  3  C     s     0.00334   0.00210   0.00162   0.00068   0.00000   0.00000
  23  3  C     s    -0.01299  -0.00959  -0.00371  -0.00034   0.00000   0.00000
  24  3  C     s    -0.01354  -0.01012  -0.00344  -0.00072   0.00000   0.00000
  25  3  C     x     0.02080   0.01398   0.01967   0.01778   0.00000   0.00000
  26  3  C     y    -0.00235  -0.01133   0.03343   0.02209   0.00000   0.00000
  27  3  C     z     0.00000   0.00000   0.00000   0.00000  -0.00000  -0.00000
  28  3  C     x     0.00395   0.00228   0.00501   0.00411   0.00000   0.00000
  29  3  C     y     0.00014  -0.00205   0.00842   0.00570   0.00000   0.00000
  30  3  C     z     0.00000   0.00000   0.00000   0.00000  -0.00000   0.00000
  31  4  C     s     0.06452   0.01316  -0.06452  -0.01316   0.00000   0.00000
  32  4  C     s     0.10904   0.00483  -0.10904  -0.00483   0.00000   0.00000
  33  4  C     s    -0.36987   0.02755   0.36987  -0.02755   0.00000   0.00000
  34  4  C     s    -0.31787   0.03062   0.31787  -0.03062   0.00000   0.00000
  35  4  C     x     0.63545   0.06228  -0.05264  -0.06099   0.00000   0.00000
  36  4  C     y    -0.30609   0.03446  -0.70336  -0.03671   0.00000   0.00000
  37  4  C     z     0.00000   0.00000   0.00000   0.00000   0.00000   0.00000
  38  4  C     x     0.11898   0.01039   0.02808  -0.01006   0.00000   0.00000
  39  4  C     y    -0.10111   0.00562  -0.15359  -0.00619   0.00000   0.00000
  40  4  C     z     0.00000   0.00000   0.00000   0.00000  -0.00000  -0.00000
  41  5  H     s    -0.00153   0.00042   0.00435   0.00111   0.00000   0.00000
  42  5  H     s    -0.00092   0.00029   0.00258   0.00062   0.00000   0.00000
  43  6  H     s     0.01261   0.01056   0.00054  -0.00297   0.00000   0.00000
  44  6  H     s     0.00742   0.00618   0.00033  -0.00171   0.00000   0.00000
  45  7  H     s    -0.00054   0.00297  -0.01261  -0.01056   0.00000   0.00000
  46  7  H     s    -0.00033   0.00171  -0.00742  -0.00618   0.00000   0.00000
  47  8  H     s    -0.00435  -0.00111   0.00153  -0.00042   0.00000   0.00000
  48  8  H     s    -0.00258  -0.00062   0.00092  -0.00029   0.00000   0.00000
  49  9  H     s     0.00179  -0.68553   0.00175   0.00066   0.00000   0.00000
  50  9  H     s     0.00104  -0.40373   0.00105   0.00033   0.00000   0.00000
  51 10  H     s    -0.00175  -0.00066  -0.00179   0.68553   0.00000   0.00000
  52 10  H     s    -0.00105  -0.00033  -0.00104   0.40373   0.00000   0.00000

 ORBITAL#                 25        26        27        28        29        30
 Bond Label                                                                   
 -------------------------------------------------------------------------------

   1  1  C     s     0.00000   0.00000   0.00000   0.00000   0.00000   0.00000
   2  1  C     s     0.00000   0.00000   0.00000   0.00000   0.00000   0.00000
   3  1  C     s     0.00000   0.00000   0.00000   0.00000   0.00000   0.00000
   4  1  C     s     0.00000   0.00000   0.00000   0.00000   0.00000   0.00000
   5  1  C     x     0.00000   0.00000   0.00000   0.00000   0.00000   0.00000
   6  1  C     y     0.00000   0.00000   0.00000   0.00000   0.00000   0.00000
   7  1  C     z     0.00000  -0.00000   0.00000  -0.00000   0.00000  -0.00000
   8  1  C     x     0.00000   0.00000   0.00000   0.00000   0.00000   0.00000
   9  1  C     y     0.00000   0.00000   0.00000   0.00000   0.00000   0.00000
  10  1  C     z     0.00000  -0.00000   1.00000   0.00000   0.00000   0.00000
  11  2  C     s     0.00000   0.00000   0.00000   0.00000   0.00000   0.00000
  12  2  C     s     0.00000   0.00000   0.00000   0.00000   0.00000   0.00000
  13  2  C     s     0.00000   0.00000   0.00000   0.00000   0.00000   0.00000
  14  2  C     s     0.00000   0.00000   0.00000   0.00000   0.00000   0.00000
  15  2  C     x     0.00000   0.00000   0.00000   0.00000   0.00000   0.00000
  16  2  C     y     0.00000   0.00000   0.00000   0.00000   0.00000   0.00000
  17  2  C     z    -0.00000  -0.00000   0.00000  -0.00000   0.00000  -0.00000
  18  2  C     x     0.00000   0.00000   0.00000   0.00000   0.00000   0.00000
  19  2  C     y     0.00000   0.00000   0.00000   0.00000   0.00000   0.00000
  20  2  C     z     0.00000   0.00000   0.00000   1.00000  -0.00000  -0.00000
  21  3  C     s     0.00000   0.00000   0.00000   0.00000   0.00000   0.00000
  22  3  C     s     0.00000   0.00000   0.00000   0.00000   0.00000   0.00000
  23  3  C     s     0.00000   0.00000   0.00000   0.00000   0.00000   0.00000
  24  3  C     s     0.00000   0.00000   0.00000   0.00000   0.00000   0.00000
  25  3  C     x     0.00000   0.00000   0.00000   0.00000   0.00000   0.00000
  26  3  C     y     0.00000   0.00000   0.00000   0.00000   0.00000   0.00000
  27  3  C     z     1.00000   0.00000   0.00000   0.00000  -0.00000   0.00000
  28  3  C     x     0.00000   0.00000   0.00000   0.00000   0.00000   0.00000
  29  3  C     y     0.00000   0.00000   0.00000   0.00000   0.00000   0.00000
  30  3  C     z    -0.00000   0.00000   0.00000  -0.00000   1.00000  -0.00000
  31  4  C     s     0.00000   0.00000   0.00000   0.00000   0.00000   0.00000
  32  4  C     s     0.00000   0.00000   0.00000   0.00000   0.00000   0.00000
  33  4  C     s     0.00000   0.00000   0.00000   0.00000   0.00000   0.00000
  34  4  C     s     0.00000   0.00000   0.00000   0.00000   0.00000   0.00000
  35  4  C     x     0.00000   0.00000   0.00000   0.00000   0.00000   0.00000
  36  4  C     y     0.00000   0.00000   0.00000   0.00000   0.00000   0.00000
  37  4  C     z    -0.00000   1.00000   0.00000   0.00000   0.00000   0.00000
  38  4  C     x     0.00000   0.00000   0.00000   0.00000   0.00000   0.00000
  39  4  C     y     0.00000   0.00000   0.00000   0.00000   0.00000   0.00000
  40  4  C     z     0.00000   0.00000   0.00000  -0.00000   0.00000   1.00000
  41  5  H     s     0.00000   0.00000   0.00000   0.00000   0.00000   0.00000
  42  5  H     s     0.00000   0.00000   0.00000   0.00000   0.00000   0.00000
  43  6  H     s     0.00000   0.00000   0.00000   0.00000   0.00000   0.00000
  44  6  H     s     0.00000   0.00000   0.00000   0.00000   0.00000   0.00000
  45  7  H     s     0.00000   0.00000   0.00000   0.00000   0.00000   0.00000
  46  7  H     s     0.00000   0.00000   0.00000   0.00000   0.00000   0.00000
  47  8  H     s     0.00000   0.00000   0.00000   0.00000   0.00000   0.00000
  48  8  H     s     0.00000   0.00000   0.00000   0.00000   0.00000   0.00000
  49  9  H     s     0.00000   0.00000   0.00000   0.00000   0.00000   0.00000
  50  9  H     s     0.00000   0.00000   0.00000   0.00000   0.00000   0.00000
  51 10  H     s     0.00000   0.00000   0.00000   0.00000   0.00000   0.00000
  52 10  H     s     0.00000   0.00000   0.00000   0.00000   0.00000   0.00000


      GENERAL CONTROLS ($GENCTL)
 ======================================
 Number of electron groups       =    6
 Maximum macro-iterations        =   12
 Energy threshold           = 10**(- 6)
 Restart calculation(0/1/2)      =    0
 Group#                     1  2  3  4  5  6
 Num. of electrons          8  6  4  4  4  4
 Num. of spins              0  0  0  0  0  2
 Num. of orbitals           4  6  4  4  4  8
 Method#                    1  2  2  2  2  2

 SYMBOLIC VB STRUCTURE(S) OF GROUP  2
 STR. NO.       RUMER PATTERN  
    1           1  2   3  4   5  6

 $VBSCF VALUES ARE EPS = 0.00100000 AND MAXIT = 10

 OVERLAP MATRIX OF VB ORBITALS FOR GROUP   2

        1      2      3      4      5      6
 =============================================
   1 1.0000
   2 0.6585 1.0000
   3 0.1991 0.2249 1.0000
   4 0.2249 0.2010 0.6585 1.0000
   5 0.1991 0.2249 0.1991 0.2249 1.0000
   6 0.2249 0.2010 0.2249 0.2010 0.6585 1.0000

 EIGENVALUES OF OVERLAP MATRIX OF VB ORBITALS
 ============================================
     0.2918D+00    0.3663D+00    0.3663D+00    0.1234D+01    0.1234D+01    0.2508D+01

 MAP FILE IS: ./MAP/MAP0600t                                                                  

 VB-ORBITAL OPTIMIZATION OF GROUP  2 ...
 GROUP =  2  ITER =  1 CMAX =  0.13889229747392
 GROUP =  2  ITER =  2 CMAX =  0.08715976330841
 GROUP =  2  ITER =  3 CMAX =  0.05332891021429
 GROUP =  2  ITER =  4 CMAX =  0.02391108463424
 GROUP =  2  ITER =  5 CMAX =  0.00473360380081
 GROUP =  2  ITER =  6 CMAX =  0.00218863766967
 GROUP =  2  ITER =  7 CMAX =  0.00107863217466
 GROUP =  2  ITER =  8 CMAX =  0.00052395619094

 SYMBOLIC VB STRUCTURE(S) OF GROUP  3
 STR. NO.       RUMER PATTERN  
    1           1  2   3  4

 $VBSCF VALUES ARE EPS = 0.00100000 AND MAXIT = 10

 OVERLAP MATRIX OF VB ORBITALS FOR GROUP   3

        1      2      3      4
 ===============================
   1 1.0000
   2 0.6914 1.0000
   3-0.1207-0.1197 1.0000
   4-0.1197-0.1183 0.6914 1.0000

 EIGENVALUES OF OVERLAP MATRIX OF VB ORBITALS
 ============================================
     0.3084D+00    0.3088D+00    0.1452D+01    0.1931D+01

 MAP FILE IS: ./MAP/MAP0400t                                                                  

 VB-ORBITAL OPTIMIZATION OF GROUP  3 ...
 GROUP =  3  ITER =  1 CMAX =  0.15000000000000
 GROUP =  3  ITER =  2 CMAX =  0.10259570105060
 GROUP =  3  ITER =  3 CMAX =  0.05419829408258
 GROUP =  3  ITER =  4 CMAX =  0.02053134056505
 GROUP =  3  ITER =  5 CMAX =  0.00400578629093
 GROUP =  3  ITER =  6 CMAX =  0.00146414141793
 GROUP =  3  ITER =  7 CMAX =  0.00052565353780

 SYMBOLIC VB STRUCTURE(S) OF GROUP  4
 STR. NO.       RUMER PATTERN  
    1           1  2   3  4

 $VBSCF VALUES ARE EPS = 0.00100000 AND MAXIT = 10

 OVERLAP MATRIX OF VB ORBITALS FOR GROUP   4

        1      2      3      4
 ===============================
   1 1.0000
   2 0.6914 1.0000
   3 0.1207 0.1197 1.0000
   4 0.1197 0.1183 0.6914 1.0000

 EIGENVALUES OF OVERLAP MATRIX OF VB ORBITALS
 ============================================
     0.3084D+00    0.3088D+00    0.1452D+01    0.1931D+01

 MAP FILE IS: ./MAP/MAP0400t                                                                  

 VB-ORBITAL OPTIMIZATION OF GROUP  4 ...
 GROUP =  4  ITER =  1 CMAX =  0.15000000000000
 GROUP =  4  ITER =  2 CMAX =  0.10225499753357
 GROUP =  4  ITER =  3 CMAX =  0.05397797611456
 GROUP =  4  ITER =  4 CMAX =  0.02041514067656
 GROUP =  4  ITER =  5 CMAX =  0.00399543988351
 GROUP =  4  ITER =  6 CMAX =  0.00145113889578
 GROUP =  4  ITER =  7 CMAX =  0.00051673460333

 SYMBOLIC VB STRUCTURE(S) OF GROUP  5
 STR. NO.       RUMER PATTERN  
    1           1  2   3  4

 $VBSCF VALUES ARE EPS = 0.00100000 AND MAXIT = 10

 OVERLAP MATRIX OF VB ORBITALS FOR GROUP   5

        1      2      3      4
 ===============================
   1 1.0000
   2 0.6914 1.0000
   3-0.1207-0.1197 1.0000
   4-0.1197-0.1183 0.6914 1.0000

 EIGENVALUES OF OVERLAP MATRIX OF VB ORBITALS
 ============================================
     0.3084D+00    0.3088D+00    0.1452D+01    0.1931D+01

 MAP FILE IS: ./MAP/MAP0400t                                                                  

 VB-ORBITAL OPTIMIZATION OF GROUP  5 ...
 GROUP =  5  ITER =  1 CMAX =  0.15000000000000
 GROUP =  5  ITER =  2 CMAX =  0.10126584284360
 GROUP =  5  ITER =  3 CMAX =  0.05330882982659
 GROUP =  5  ITER =  4 CMAX =  0.02005106291400
 GROUP =  5  ITER =  5 CMAX =  0.00396612282422
 GROUP =  5  ITER =  6 CMAX =  0.00142358353640
 GROUP =  5  ITER =  7 CMAX =  0.00050192817341

 SYMBOLIC VB STRUCTURE(S) OF GROUP  6
 STR. NO.       RUMER PATTERN  
    1           1  2   3  4
    2           1  3   4  2
    3           1  4   2  3

 $06VBSCF VALUES ARE EPS = 0.00500000 AND MAXIT = 10
 CALCULATE INITIAL STRUCTURE COEFFICIENTS

 OVERLAP MATRIX OF VB ORBITALS FOR GROUP   6

        1      2      3      4      5      6      7      8
 ===========================================================
   1 1.0000
   2 0.1616 1.0000
   3 0.1616 0.0090 1.0000
   4 0.1616 0.0090 0.0090 1.0000
   5 0.5388 0.2794 0.2794 0.2794 1.0000
   6 0.2794 0.5388 0.0757 0.0757 0.6588 1.0000
   7 0.2794 0.0757 0.5388 0.0757 0.6588 0.2860 1.0000
   8 0.2794 0.0757 0.0757 0.5388 0.6588 0.2860 0.2860 1.0000

 EIGENVALUES OF OVERLAP MATRIX OF VB ORBITALS
 ============================================
     0.8298D-01    0.3692D+00    0.3692D+00    0.6156D+00    0.7663D+00    0.1336D+01
     0.1336D+01    0.3125D+01

 MAP FILE IS: ./MAP/MAP0402t                                                                  

 VB-ORBITAL OPTIMIZATION OF GROUP  6 ...
 GROUP =  6  ITER =  1 CMAX =  0.15000000000000
 GROUP =  6  ITER =  2 CMAX =  0.15276198434177
 GROUP =  6  ITER =  3 CMAX =  0.12216251276847
 GROUP =  6  ITER =  4 CMAX =  0.08666193509973
 GROUP =  6  ITER =  5 CMAX =  0.04276552700504
 GROUP =  6  ITER =  6 CMAX =  0.01045632645894
 GROUP =  6  ITER =  7 CMAX =  0.00080064951094

 ENERGY AND DIFF OF MACROITER    1 =   -154.7466927023   -154.7466927023

 VB-ORBITAL OPTIMIZATION OF GROUP  2 ...
 GROUP =  2  ITER =  1 CMAX =  0.01854372298922
 GROUP =  2  ITER =  2 CMAX =  0.06657091623363
 GROUP =  2  ITER =  3 CMAX =  0.00551044074025
 GROUP =  2  ITER =  4 CMAX =  0.04251805034365
 GROUP =  2  ITER =  5 CMAX =  0.00704682897008
 GROUP =  2  ITER =  6 CMAX =  0.00047900784781

 VB-ORBITAL OPTIMIZATION OF GROUP  3 ...
 GROUP =  3  ITER =  1 CMAX =  0.05435728947250
 GROUP =  3  ITER =  2 CMAX =  0.01714540102552
 GROUP =  3  ITER =  3 CMAX =  0.00488288916329
 GROUP =  3  ITER =  4 CMAX =  0.00066833361042

 VB-ORBITAL OPTIMIZATION OF GROUP  4 ...
 GROUP =  4  ITER =  1 CMAX =  0.05291755515907
 GROUP =  4  ITER =  2 CMAX =  0.01684841228716
 GROUP =  4  ITER =  3 CMAX =  0.00470602552979
 GROUP =  4  ITER =  4 CMAX =  0.00059806095969

 VB-ORBITAL OPTIMIZATION OF GROUP  5 ...
 GROUP =  5  ITER =  1 CMAX =  0.04959355491939
 GROUP =  5  ITER =  2 CMAX =  0.01636770164849
 GROUP =  5  ITER =  3 CMAX =  0.00451396848799
 GROUP =  5  ITER =  4 CMAX =  0.00051670796627

 VB-ORBITAL OPTIMIZATION OF GROUP  6 ...
 GROUP =  6  ITER =  1 CMAX =  0.03573873546071
 GROUP =  6  ITER =  2 CMAX =  0.00922812502018
 GROUP =  6  ITER =  3 CMAX =  0.00289206964490

 ENERGY AND DIFF OF MACROITER    2 =   -154.9641648309     -0.2174721286

 VB-ORBITAL OPTIMIZATION OF GROUP  2 ...
 GROUP =  2  ITER =  1 CMAX =  0.00979339700405
 GROUP =  2  ITER =  2 CMAX =  0.00490942014342
 GROUP =  2  ITER =  3 CMAX =  0.00596648697720
 GROUP =  2  ITER =  4 CMAX =  0.00025844229739

 VB-ORBITAL OPTIMIZATION OF GROUP  3 ...
 GROUP =  3  ITER =  1 CMAX =  0.01272447241300
 GROUP =  3  ITER =  2 CMAX =  0.00596514479765
 GROUP =  3  ITER =  3 CMAX =  0.00431118807064
 GROUP =  3  ITER =  4 CMAX =  0.00026182009731

 VB-ORBITAL OPTIMIZATION OF GROUP  4 ...
 GROUP =  4  ITER =  1 CMAX =  0.01211918486774
 GROUP =  4  ITER =  2 CMAX =  0.00544143886460
 GROUP =  4  ITER =  3 CMAX =  0.00350945107562
 GROUP =  4  ITER =  4 CMAX =  0.00020733008182

 VB-ORBITAL OPTIMIZATION OF GROUP  5 ...
 GROUP =  5  ITER =  1 CMAX =  0.01156469846918
 GROUP =  5  ITER =  2 CMAX =  0.00534802110766
 GROUP =  5  ITER =  3 CMAX =  0.00322066860483
 GROUP =  5  ITER =  4 CMAX =  0.00031057294894

 VB-ORBITAL OPTIMIZATION OF GROUP  6 ...
 GROUP =  6  ITER =  1 CMAX =  0.02147452916013
 GROUP =  6  ITER =  2 CMAX =  0.00611192991524
 GROUP =  6  ITER =  3 CMAX =  0.00255612078771

 ENERGY AND DIFF OF MACROITER    3 =   -154.9902531502     -0.0260883193

 VB-ORBITAL OPTIMIZATION OF GROUP  2 ...
 GROUP =  2  ITER =  1 CMAX =  0.00172060324671
 GROUP =  2  ITER =  2 CMAX =  0.00448438661130
 GROUP =  2  ITER =  3 CMAX =  0.00024998266917

 VB-ORBITAL OPTIMIZATION OF GROUP  3 ...
 GROUP =  3  ITER =  1 CMAX =  0.00392829498952
 GROUP =  3  ITER =  2 CMAX =  0.00142967397031
 GROUP =  3  ITER =  3 CMAX =  0.00025903447083

 VB-ORBITAL OPTIMIZATION OF GROUP  4 ...
 GROUP =  4  ITER =  1 CMAX =  0.00392990383873
 GROUP =  4  ITER =  2 CMAX =  0.00142807795487
 GROUP =  4  ITER =  3 CMAX =  0.00025191734062

 VB-ORBITAL OPTIMIZATION OF GROUP  5 ...
 GROUP =  5  ITER =  1 CMAX =  0.00381014268350
 GROUP =  5  ITER =  2 CMAX =  0.00140366778315
 GROUP =  5  ITER =  3 CMAX =  0.00022908209051

 VB-ORBITAL OPTIMIZATION OF GROUP  6 ...
 GROUP =  6  ITER =  1 CMAX =  0.00248251138176

 ENERGY AND DIFF OF MACROITER    4 =   -154.9938943140     -0.0036411638

 VB-ORBITAL OPTIMIZATION OF GROUP  2 ...
 GROUP =  2  ITER =  1 CMAX =  0.00129653365456
 GROUP =  2  ITER =  2 CMAX =  0.00067152846192

 VB-ORBITAL OPTIMIZATION OF GROUP  3 ...
 GROUP =  3  ITER =  1 CMAX =  0.00081054725309

 VB-ORBITAL OPTIMIZATION OF GROUP  4 ...
 GROUP =  4  ITER =  1 CMAX =  0.00089526289896

 VB-ORBITAL OPTIMIZATION OF GROUP  5 ...
 GROUP =  5  ITER =  1 CMAX =  0.00082316804915

 VB-ORBITAL OPTIMIZATION OF GROUP  6 ...
 GROUP =  6  ITER =  1 CMAX =  0.00126684166088

 ENERGY AND DIFF OF MACROITER    5 =   -154.9944350996     -0.0005407856

 VB-ORBITAL OPTIMIZATION OF GROUP  2 ...
 GROUP =  2  ITER =  1 CMAX =  0.00054331904677

 VB-ORBITAL OPTIMIZATION OF GROUP  3 ...
 GROUP =  3  ITER =  1 CMAX =  0.00052569789010

 VB-ORBITAL OPTIMIZATION OF GROUP  4 ...
 GROUP =  4  ITER =  1 CMAX =  0.00055041461956

 VB-ORBITAL OPTIMIZATION OF GROUP  5 ...
 GROUP =  5  ITER =  1 CMAX =  0.00053652166128

 VB-ORBITAL OPTIMIZATION OF GROUP  6 ...
 GROUP =  6  ITER =  1 CMAX =  0.00060460131640

 ENERGY AND DIFF OF MACROITER    6 =   -154.9945253499     -0.0000902503

 VB-ORBITAL OPTIMIZATION OF GROUP  2 ...
 GROUP =  2  ITER =  1 CMAX =  0.00023196338805

 VB-ORBITAL OPTIMIZATION OF GROUP  3 ...
 GROUP =  3  ITER =  1 CMAX =  0.00026875350021

 VB-ORBITAL OPTIMIZATION OF GROUP  4 ...
 GROUP =  4  ITER =  1 CMAX =  0.00026998440935

 VB-ORBITAL OPTIMIZATION OF GROUP  5 ...
 GROUP =  5  ITER =  1 CMAX =  0.00026022737059

 VB-ORBITAL OPTIMIZATION OF GROUP  6 ...
 GROUP =  6  ITER =  1 CMAX =  0.00046633615242

 ENERGY AND DIFF OF MACROITER    7 =   -154.9945411561     -0.0000158062

 VB-ORBITAL OPTIMIZATION OF GROUP  2 ...
 GROUP =  2  ITER =  1 CMAX =  0.00015905302427

 VB-ORBITAL OPTIMIZATION OF GROUP  3 ...
 GROUP =  3  ITER =  1 CMAX =  0.00019482034288

 VB-ORBITAL OPTIMIZATION OF GROUP  4 ...
 GROUP =  4  ITER =  1 CMAX =  0.00019662761745

 VB-ORBITAL OPTIMIZATION OF GROUP  5 ...
 GROUP =  5  ITER =  1 CMAX =  0.00019089507157

 VB-ORBITAL OPTIMIZATION OF GROUP  6 ...
 GROUP =  6  ITER =  1 CMAX =  0.00028871806110

 ENERGY AND DIFF OF MACROITER    8 =   -154.9945440717     -0.0000029157

 VB-ORBITAL OPTIMIZATION OF GROUP  2 ...
 GROUP =  2  ITER =  1 CMAX =  0.00006330528235

 VB-ORBITAL OPTIMIZATION OF GROUP  3 ...
 GROUP =  3  ITER =  1 CMAX =  0.00013467326607

 VB-ORBITAL OPTIMIZATION OF GROUP  4 ...
 GROUP =  4  ITER =  1 CMAX =  0.00013588569868

 VB-ORBITAL OPTIMIZATION OF GROUP  5 ...
 GROUP =  5  ITER =  1 CMAX =  0.00013297837112

 VB-ORBITAL OPTIMIZATION OF GROUP  6 ...
 GROUP =  6  ITER =  1 CMAX =  0.00019263175298

 ENERGY AND DIFF OF MACROITER    9 =   -154.9945446338     -0.0000005621

 VB-ORBITAL OPTIMIZATION OF GROUP  2 ...
 GROUP =  2  ITER =  1 CMAX =  0.00003633228315

 OVERLAP MATRIX OF VB ORBITALS FOR GROUP   2

        1      2      3      4      5      6
 =============================================
   1 1.0000
   2 0.8670 1.0000
   3 0.0994 0.1497 1.0000
   4 0.1497 0.2198 0.8670 1.0000
   5 0.0994 0.1498 0.0994 0.1498 1.0000
   6 0.1498 0.2198 0.1498 0.2198 0.8670 1.0000

 EIGENVALUES OF OVERLAP MATRIX OF VB ORBITALS
 ============================================
     0.1207D+00    0.1207D+00    0.1465D+00    0.1560D+01    0.1560D+01    0.2492D+01

 VB-ORBITAL OPTIMIZATION OF GROUP  3 ...
 GROUP =  3  ITER =  1 CMAX =  0.00009904383308

 OVERLAP MATRIX OF VB ORBITALS FOR GROUP   3

        1      2      3      4
 ===============================
   1 1.0000
   2 0.8379 1.0000
   3-0.2248-0.1569 1.0000
   4-0.1569-0.1097 0.8379 1.0000

 EIGENVALUES OF OVERLAP MATRIX OF VB ORBITALS
 ============================================
     0.1494D+00    0.1708D+00    0.1516D+01    0.2164D+01

 VB-ORBITAL OPTIMIZATION OF GROUP  4 ...
 GROUP =  4  ITER =  1 CMAX =  0.00009695866355

 OVERLAP MATRIX OF VB ORBITALS FOR GROUP   4

        1      2      3      4
 ===============================
   1 1.0000
   2 0.8379 1.0000
   3 0.2248 0.1569 1.0000
   4 0.1569 0.1097 0.8379 1.0000

 EIGENVALUES OF OVERLAP MATRIX OF VB ORBITALS
 ============================================
     0.1494D+00    0.1708D+00    0.1516D+01    0.2164D+01

 VB-ORBITAL OPTIMIZATION OF GROUP  5 ...
 GROUP =  5  ITER =  1 CMAX =  0.00009519747445

 OVERLAP MATRIX OF VB ORBITALS FOR GROUP   5

        1      2      3      4
 ===============================
   1 1.0000
   2 0.8379 1.0000
   3-0.2247-0.1569 1.0000
   4-0.1569-0.1097 0.8379 1.0000

 EIGENVALUES OF OVERLAP MATRIX OF VB ORBITALS
 ============================================
     0.1494D+00    0.1708D+00    0.1516D+01    0.2164D+01

 VB-ORBITAL OPTIMIZATION OF GROUP  6 ...
 GROUP =  6  ITER =  1 CMAX =  0.00012564798159

 OVERLAP MATRIX OF VB ORBITALS FOR GROUP   6

        1      2      3      4      5      6      7      8
 ===========================================================
   1 1.0000
   2 0.4349 1.0000
   3 0.4328-0.0996 1.0000
   4 0.4314-0.0989-0.0977 1.0000
   5 0.8099 0.3940 0.3919 0.3905 1.0000
   6 0.5061 0.7574 0.0647 0.0638 0.6588 1.0000
   7 0.5063 0.0675 0.7567 0.0652 0.6588 0.2860 1.0000
   8 0.5063 0.0684 0.0670 0.7562 0.6588 0.2860 0.2860 1.0000

 EIGENVALUES OF OVERLAP MATRIX OF VB ORBITALS
 ============================================
     0.4896D-01    0.1848D+00    0.1894D+00    0.1895D+00    0.3989D+00    0.1622D+01
     0.1624D+01    0.3742D+01

 ====Normalized structure coefficients====
  0.3749  0.3732  0.3721

 ====Mulliken Weight (Chirgwin-Coulson)====
  0.3348  0.3331  0.3320

 ====Inverse Overlap Weight (Gallup-Norbeck)====
  0.3385  0.3326  0.3289

 ====Lowdin Weight====
  0.3359  0.3330  0.3311

 ====Hiberty Weight====
  0.3361  0.3330  0.3309


 ENERGY AND DIFF OF MACROITER   10 =   -154.9945447574     -0.0000001236

 MULLIKEN CHARGES ON ATOMS
 -------------------------
  ATOM             CHARGE 

    1             0.57949
    2            -0.52274
    3            -0.52272
    4            -0.52270
    5             0.16478
    6             0.16478
    7             0.16479
    8             0.16477
    9             0.16477
   10             0.16477

 -------------------------


 ORBITALS OF EACH ELECTRON GROUP IN AO BASIS: ORBITAL(GROUP)
 ===========================================================================
    Orbital#             1         2         3         4         5         6
      Group#             1         1         1         1         2         2
 ---------------------------------------------------------------------------
  AO# LABELS
   1  1  C     s   0.60136  -0.00009   0.00009   0.00009  -0.04813  -0.10264
   2  1  C     s   0.43815  -0.00011   0.00011   0.00011  -0.06453  -0.14142
   3  1  C     s   0.00306   0.00037  -0.00037  -0.00037   0.10010   0.47745
   4  1  C     s  -0.00284   0.00002  -0.00002  -0.00002   0.13809   0.17988
   5  1  C     x  -0.00000  -0.00054  -0.00054   0.00000   0.13826   0.51500
   6  1  C     y  -0.00000  -0.00031   0.00031  -0.00062  -0.07982  -0.29734
   7  1  C     z   0.00000   0.00000   0.00000   0.00000   0.00000  -0.00000
   8  1  C     x   0.00000   0.00101   0.00101   0.00000  -0.07945  -0.08876
   9  1  C     y   0.00000   0.00059  -0.00059   0.00117   0.04586   0.05124
  10  1  C     z  -0.00000  -0.00000  -0.00000  -0.00000  -0.00000   0.00000
  11  2  C     s   0.00006   0.00001  -0.00001   0.60132   0.00082  -0.00014
  12  2  C     s   0.00007   0.00000  -0.00000   0.43815   0.00107  -0.00011
  13  2  C     s  -0.00023   0.00007  -0.00007   0.00312  -0.00112   0.00801
  14  2  C     s   0.00035  -0.00058   0.00058  -0.00301  -0.07734  -0.06823
  15  2  C     x  -0.00000  -0.00003  -0.00003   0.00000   0.02888  -0.01578
  16  2  C     y   0.00039   0.00005  -0.00005   0.00005   0.00660   0.00546
  17  2  C     z   0.00000   0.00000   0.00000   0.00000   0.00000  -0.00000
  18  2  C     x  -0.00000  -0.00030  -0.00030   0.00000   0.06378   0.02811
  19  2  C     y  -0.00011   0.00028  -0.00028   0.00053   0.03343   0.03188
  20  2  C     z   0.00000   0.00000  -0.00000   0.00000   0.00000  -0.00000
  21  3  C     s   0.00006   0.00001   0.60132  -0.00001  -0.09138  -0.04380
  22  3  C     s   0.00007   0.00000   0.43815  -0.00000  -0.12524  -0.05869
  23  3  C     s  -0.00023   0.00007   0.00312  -0.00007   0.42818   0.07170
  24  3  C     s   0.00035  -0.00058  -0.00301   0.00058   0.25606   0.24906
  25  3  C     x   0.00034   0.00003   0.00004  -0.00006  -0.54335  -0.12928
  26  3  C     y  -0.00019  -0.00006  -0.00002  -0.00000   0.31370   0.07464
  27  3  C     z   0.00000   0.00000   0.00000  -0.00000   0.00000  -0.00000
  28  3  C     x  -0.00009   0.00009   0.00046  -0.00039  -0.04339  -0.06638
  29  3  C     y   0.00005  -0.00040  -0.00027  -0.00012   0.02505   0.03832
  30  3  C     z   0.00000   0.00000  -0.00000   0.00000  -0.00000  -0.00000
  31  4  C     s   0.00006  -0.60132  -0.00001  -0.00001   0.00082  -0.00014
  32  4  C     s   0.00007  -0.43815  -0.00000  -0.00000   0.00107  -0.00010
  33  4  C     s  -0.00023  -0.00312  -0.00007  -0.00007  -0.00112   0.00801
  34  4  C     s   0.00035   0.00301   0.00058   0.00058  -0.07735  -0.06825
  35  4  C     x  -0.00034   0.00004   0.00003   0.00006   0.00873  -0.01263
  36  4  C     y  -0.00019   0.00002   0.00006  -0.00000  -0.02831   0.01093
  37  4  C     z   0.00000   0.00000   0.00000  -0.00000   0.00000  -0.00000
  38  4  C     x   0.00009   0.00046   0.00009   0.00039   0.00294  -0.01356
  39  4  C     y   0.00005   0.00027   0.00040  -0.00012  -0.07195  -0.04028
  40  4  C     z   0.00000  -0.00000  -0.00000   0.00000  -0.00000   0.00000
  41  5  H     s   0.00002   0.00001  -0.00006  -0.00006   0.01303   0.01073
  42  5  H     s   0.00008  -0.00024  -0.00012  -0.00015   0.05832   0.02589
  43  6  H     s   0.00002   0.00006  -0.00001  -0.00006  -0.00833  -0.00732
  44  6  H     s   0.00008   0.00012   0.00024  -0.00015  -0.05249  -0.03176
  45  7  H     s   0.00002   0.00006  -0.00006  -0.00001  -0.01456  -0.02073
  46  7  H     s   0.00008   0.00012  -0.00015   0.00024  -0.05465  -0.05331
  47  8  H     s   0.00002   0.00001  -0.00006  -0.00006  -0.01457  -0.02073
  48  8  H     s   0.00008  -0.00024  -0.00015  -0.00012  -0.05465  -0.05332
  49  9  H     s   0.00002   0.00006  -0.00006  -0.00001   0.01303   0.01073
  50  9  H     s   0.00008   0.00015  -0.00012   0.00024   0.05832   0.02589
  51 10  H     s   0.00002   0.00006  -0.00001  -0.00006  -0.00833  -0.00732
  52 10  H     s   0.00008   0.00015   0.00024  -0.00012  -0.05249  -0.03175

 ===========================================================================
    Orbital#             7         8         9        10        11        12
      Group#             2         2         2         2         3         3
 ---------------------------------------------------------------------------
  AO# LABELS
   1  1  C     s  -0.04813  -0.10264  -0.04813  -0.10264  -0.00918  -0.00664
   2  1  C     s  -0.06453  -0.14143  -0.06453  -0.14143  -0.01311  -0.00933
   3  1  C     s   0.10010   0.47745   0.10011   0.47746   0.03515   0.02807
   4  1  C     s   0.13809   0.17988   0.13810   0.17989   0.03290   0.07115
   5  1  C     x  -0.13826  -0.51500  -0.00000  -0.00001  -0.02195   0.01644
   6  1  C     y  -0.07982  -0.29733   0.15965   0.59465   0.05245   0.03713
   7  1  C     z  -0.00000  -0.00000   0.00000   0.00000   0.00000  -0.00000
   8  1  C     x   0.07946   0.08877  -0.00000   0.00000  -0.10802   0.03314
   9  1  C     y   0.04587   0.05124  -0.09172  -0.10248  -0.01794   0.09457
  10  1  C     z   0.00000   0.00000  -0.00000  -0.00000  -0.00000   0.00000
  11  2  C     s   0.00082  -0.00015  -0.09138  -0.04380   0.09577   0.04334
  12  2  C     s   0.00108  -0.00011  -0.12524  -0.05869   0.13249   0.05663
  13  2  C     s  -0.00112   0.00802   0.42818   0.07169  -0.45164  -0.07224
  14  2  C     s  -0.07734  -0.06823   0.25606   0.24905  -0.22173  -0.20224
  15  2  C     x  -0.02888   0.01578   0.00000  -0.00000   0.52679   0.12493
  16  2  C     y   0.00660   0.00545  -0.62740  -0.14927  -0.37038  -0.09573
  17  2  C     z  -0.00000  -0.00000   0.00000   0.00000   0.00000  -0.00000
  18  2  C     x  -0.06379  -0.02811   0.00000  -0.00000   0.11132   0.03746
  19  2  C     y   0.03343   0.03188  -0.05010  -0.07664  -0.06295   0.00254
  20  2  C     z  -0.00000  -0.00000   0.00000   0.00000  -0.00000  -0.00000
  21  3  C     s   0.00082  -0.00014   0.00082  -0.00014   0.00407   0.00290
  22  3  C     s   0.00107  -0.00010   0.00107  -0.00011   0.00572   0.00436
  23  3  C     s  -0.00112   0.00801  -0.00112   0.00801  -0.01792  -0.01699
  24  3  C     s  -0.07734  -0.06825  -0.07734  -0.06824   0.02292  -0.02834
  25  3  C     x  -0.00873   0.01263   0.02015  -0.00316   0.01695   0.01551
  26  3  C     y  -0.02831   0.01093   0.02171  -0.01640  -0.01150  -0.00634
  27  3  C     z  -0.00000  -0.00000  -0.00000   0.00000   0.00000  -0.00000
  28  3  C     x  -0.00294   0.01356   0.06084   0.04166   0.02337  -0.00816
  29  3  C     y  -0.07196  -0.04029   0.03852   0.00840   0.02969  -0.02924
  30  3  C     z  -0.00000  -0.00000   0.00000   0.00000  -0.00000  -0.00000
  31  4  C     s  -0.09138  -0.04380   0.00082  -0.00015  -0.00366  -0.00334
  32  4  C     s  -0.12525  -0.05869   0.00108  -0.00011  -0.00552  -0.00452
  33  4  C     s   0.42819   0.07170  -0.00112   0.00802   0.02236   0.00985
  34  4  C     s   0.25606   0.24906  -0.07734  -0.06823  -0.05177   0.06857
  35  4  C     x   0.54335   0.12928  -0.02015   0.00317   0.00736   0.00716
  36  4  C     y   0.31370   0.07464   0.02171  -0.01639   0.01454   0.01653
  37  4  C     z  -0.00000  -0.00000  -0.00000   0.00000   0.00000  -0.00000
  38  4  C     x   0.04339   0.06637  -0.06085  -0.04166  -0.00756   0.02269
  39  4  C     y   0.02505   0.03832   0.03852   0.00840  -0.02892  -0.00752
  40  4  C     z   0.00000   0.00000   0.00000  -0.00000  -0.00000   0.00000
  41  5  H     s  -0.00833  -0.00732  -0.01457  -0.02073  -0.07635  -0.54098
  42  5  H     s  -0.05249  -0.03176  -0.05465  -0.05332  -0.04556  -0.34219
  43  6  H     s   0.01303   0.01072  -0.01456  -0.02073  -0.00441  -0.00170
  44  6  H     s   0.05832   0.02589  -0.05465  -0.05331   0.01421   0.04057
  45  7  H     s   0.01303   0.01073  -0.00833  -0.00732  -0.00621  -0.00340
  46  7  H     s   0.05832   0.02589  -0.05249  -0.03175  -0.02435   0.01131
  47  8  H     s  -0.00833  -0.00732   0.01303   0.01072   0.00616   0.00577
  48  8  H     s  -0.05249  -0.03175   0.05832   0.02589   0.03176   0.00408
  49  9  H     s  -0.01456  -0.02073  -0.00833  -0.00732   0.00242   0.00151
  50  9  H     s  -0.05465  -0.05332  -0.05249  -0.03176  -0.00395   0.01202
  51 10  H     s  -0.01456  -0.02073   0.01303   0.01073   0.00047  -0.00350
  52 10  H     s  -0.05465  -0.05331   0.05832   0.02589  -0.02002  -0.01054

 ===========================================================================
    Orbital#            13        14        15        16        17        18
      Group#             3         3         4         4         4         4
 ---------------------------------------------------------------------------
  AO# LABELS
   1  1  C     s   0.00918   0.00664  -0.00918  -0.00664  -0.00918  -0.00664
   2  1  C     s   0.01311   0.00933  -0.01311  -0.00933  -0.01311  -0.00933
   3  1  C     s  -0.03515  -0.02807   0.03515   0.02806   0.03515   0.02807
   4  1  C     s  -0.03290  -0.07116   0.03290   0.07116   0.03291   0.07116
   5  1  C     x  -0.02195   0.01644   0.05640   0.02394   0.03445   0.04037
   6  1  C     y  -0.05245  -0.03713  -0.00722  -0.03280  -0.04523  -0.00433
   7  1  C     z  -0.00000   0.00000  -0.00000   0.00000   0.00000   0.00000
   8  1  C     x  -0.10802   0.03314   0.03847   0.06533  -0.06955   0.09847
   9  1  C     y   0.01794  -0.09457   0.10252  -0.07599  -0.08458  -0.01859
  10  1  C     z   0.00000  -0.00000   0.00000  -0.00000   0.00000  -0.00000
  11  2  C     s  -0.09578  -0.04334  -0.00366  -0.00334   0.00407   0.00290
  12  2  C     s  -0.13249  -0.05662  -0.00552  -0.00452   0.00572   0.00436
  13  2  C     s   0.45166   0.07223   0.02236   0.00985  -0.01792  -0.01699
  14  2  C     s   0.22174   0.20224  -0.05178   0.06857   0.02292  -0.02835
  15  2  C     x   0.52675   0.12494   0.00891   0.01074  -0.00149   0.00227
  16  2  C     y   0.37040   0.09572  -0.01365  -0.01446   0.02043   0.01660
  17  2  C     z  -0.00000  -0.00000  -0.00000   0.00000   0.00000  -0.00000
  18  2  C     x   0.11131   0.03746  -0.02126  -0.01786   0.03739  -0.02940
  19  2  C     y   0.06296  -0.00254   0.02101  -0.01589   0.00539   0.00755
  20  2  C     z  -0.00000   0.00000  -0.00000   0.00000  -0.00000   0.00000
  21  3  C     s   0.00366   0.00334   0.09577   0.04334   0.09577   0.04334
  22  3  C     s   0.00552   0.00452   0.13249   0.05663   0.13249   0.05662
  23  3  C     s  -0.02236  -0.00985  -0.45165  -0.07225  -0.45165  -0.07224
  24  3  C     s   0.05177  -0.06857  -0.22173  -0.20225  -0.22173  -0.20224
  25  3  C     x   0.00736   0.00716  -0.58415  -0.14537  -0.05738  -0.02043
  26  3  C     y  -0.01454  -0.01653  -0.27102  -0.06033   0.64139   0.15606
  27  3  C     z  -0.00000  -0.00000  -0.00000  -0.00000   0.00000  -0.00000
  28  3  C     x  -0.00756   0.02269  -0.11018  -0.01653   0.00114   0.02094
  29  3  C     y   0.02892   0.00752  -0.06493  -0.03371   0.12788   0.03117
  30  3  C     z  -0.00000   0.00000  -0.00000   0.00000  -0.00000   0.00000
  31  4  C     s  -0.00407  -0.00290   0.00407   0.00290  -0.00366  -0.00334
  32  4  C     s  -0.00572  -0.00436   0.00572   0.00436  -0.00552  -0.00452
  33  4  C     s   0.01792   0.01699  -0.01792  -0.01699   0.02236   0.00985
  34  4  C     s  -0.02292   0.02834   0.02292  -0.02835  -0.05178   0.06857
  35  4  C     x   0.01695   0.01551  -0.01844  -0.01324   0.01627   0.01790
  36  4  C     y   0.01150   0.00634  -0.00893  -0.01026  -0.00090  -0.00207
  37  4  C     z  -0.00000  -0.00000  -0.00000   0.00000   0.00000  -0.00000
  38  4  C     x   0.02337  -0.00816   0.01403  -0.02124  -0.02883   0.00484
  39  4  C     y  -0.02969   0.02924  -0.03508   0.02168   0.00791   0.02341
  40  4  C     z   0.00000   0.00000  -0.00000   0.00000  -0.00000   0.00000
  41  5  H     s   0.00442   0.00170   0.00047  -0.00350   0.00615   0.00577
  42  5  H     s  -0.01421  -0.04056  -0.02002  -0.01054   0.03176   0.00408
  43  6  H     s   0.07635   0.54098   0.00242   0.00151  -0.00621  -0.00340
  44  6  H     s   0.04556   0.34219  -0.00395   0.01202  -0.02435   0.01131
  45  7  H     s  -0.00242  -0.00151  -0.07635  -0.54098  -0.00441  -0.00170
  46  7  H     s   0.00395  -0.01202  -0.04556  -0.34219   0.01422   0.04056
  47  8  H     s  -0.00047   0.00350  -0.00441  -0.00170  -0.07635  -0.54098
  48  8  H     s   0.02002   0.01054   0.01422   0.04057  -0.04557  -0.34220
  49  9  H     s   0.00621   0.00340   0.00616   0.00577   0.00047  -0.00350
  50  9  H     s   0.02435  -0.01131   0.03176   0.00408  -0.02002  -0.01054
  51 10  H     s  -0.00616  -0.00577  -0.00621  -0.00340   0.00242   0.00151
  52 10  H     s  -0.03176  -0.00408  -0.02435   0.01131  -0.00395   0.01202

 ===========================================================================
    Orbital#            19        20        21        22        23        24
      Group#             5         5         5         5         6         6
 ---------------------------------------------------------------------------
  AO# LABELS
   1  1  C     s  -0.00918  -0.00664   0.00918   0.00664   0.00000   0.00000
   2  1  C     s  -0.01311  -0.00933   0.01311   0.00933   0.00000   0.00000
   3  1  C     s   0.03515   0.02806  -0.03515  -0.02807   0.00000   0.00000
   4  1  C     s   0.03291   0.07116  -0.03291  -0.07117   0.00000   0.00000
   5  1  C     x  -0.05640  -0.02394   0.03445   0.04038   0.00000   0.00000
   6  1  C     y  -0.00722  -0.03280   0.04523   0.00433   0.00000   0.00000
   7  1  C     z  -0.00000   0.00000  -0.00000  -0.00000   0.65336   0.12525
   8  1  C     x  -0.03847  -0.06533  -0.06955   0.09847   0.00000   0.00000
   9  1  C     y   0.10253  -0.07599   0.08458   0.01859   0.00000   0.00000
  10  1  C     z   0.00000  -0.00000   0.00000  -0.00000   0.31858   0.01126
  11  2  C     s  -0.00366  -0.00334  -0.00407  -0.00290   0.00000   0.00000
  12  2  C     s  -0.00552  -0.00452  -0.00572  -0.00436   0.00000   0.00000
  13  2  C     s   0.02236   0.00985   0.01792   0.01699   0.00000   0.00000
  14  2  C     s  -0.05178   0.06857  -0.02292   0.02834   0.00000   0.00000
  15  2  C     x  -0.00891  -0.01074  -0.00149   0.00227   0.00000   0.00000
  16  2  C     y  -0.01365  -0.01446  -0.02043  -0.01660   0.00000   0.00000
  17  2  C     z  -0.00000   0.00000   0.00000  -0.00000   0.12773   0.72038
  18  2  C     x   0.02126   0.01786   0.03739  -0.02940   0.00000   0.00000
  19  2  C     y   0.02101  -0.01589  -0.00539  -0.00755   0.00000   0.00000
  20  2  C     z  -0.00000   0.00000  -0.00000   0.00000   0.01619   0.37974
  21  3  C     s   0.00407   0.00290   0.00366   0.00334   0.00000   0.00000
  22  3  C     s   0.00572   0.00436   0.00552   0.00452   0.00000   0.00000
  23  3  C     s  -0.01792  -0.01699  -0.02236  -0.00985   0.00000   0.00000
  24  3  C     s   0.02292  -0.02835   0.05178  -0.06857   0.00000   0.00000
  25  3  C     x   0.01844   0.01324   0.01627   0.01790   0.00000   0.00000
  26  3  C     y  -0.00893  -0.01026   0.00090   0.00207   0.00000   0.00000
  27  3  C     z  -0.00000   0.00000   0.00000  -0.00000   0.12793  -0.06841
  28  3  C     x  -0.01403   0.02124  -0.02883   0.00484   0.00000   0.00000
  29  3  C     y  -0.03508   0.02168  -0.00791  -0.02341   0.00000   0.00000
  30  3  C     z  -0.00000   0.00000  -0.00000   0.00000   0.01622  -0.07488
  31  4  C     s   0.09577   0.04334  -0.09578  -0.04334   0.00000   0.00000
  32  4  C     s   0.13249   0.05663  -0.13249  -0.05662   0.00000   0.00000
  33  4  C     s  -0.45163  -0.07225   0.45165   0.07224   0.00000   0.00000
  34  4  C     s  -0.22172  -0.20224   0.22174   0.20224   0.00000   0.00000
  35  4  C     x   0.58415   0.14536  -0.05739  -0.02043   0.00000   0.00000
  36  4  C     y  -0.27104  -0.06033  -0.64138  -0.15606   0.00000   0.00000
  37  4  C     z  -0.00000   0.00000   0.00000  -0.00000   0.12806  -0.06740
  38  4  C     x   0.11018   0.01653   0.00114   0.02094   0.00000   0.00000
  39  4  C     y  -0.06493  -0.03371  -0.12787  -0.03117   0.00000   0.00000
  40  4  C     z   0.00000  -0.00000  -0.00000   0.00000   0.01624  -0.07427
  41  5  H     s   0.00242   0.00151   0.00621   0.00340   0.00000   0.00000
  42  5  H     s  -0.00395   0.01202   0.02435  -0.01131   0.00000   0.00000
  43  6  H     s   0.00047  -0.00350  -0.00615  -0.00577   0.00000   0.00000
  44  6  H     s  -0.02002  -0.01054  -0.03176  -0.00408   0.00000   0.00000
  45  7  H     s   0.00616   0.00577  -0.00047   0.00350   0.00000   0.00000
  46  7  H     s   0.03176   0.00408   0.02002   0.01054   0.00000   0.00000
  47  8  H     s  -0.00621  -0.00340  -0.00242  -0.00151   0.00000   0.00000
  48  8  H     s  -0.02435   0.01131   0.00395  -0.01202   0.00000   0.00000
  49  9  H     s  -0.07635  -0.54098   0.00441   0.00171   0.00000   0.00000
  50  9  H     s  -0.04556  -0.34219  -0.01422  -0.04056   0.00000   0.00000
  51 10  H     s  -0.00440  -0.00170   0.07635   0.54098   0.00000   0.00000
  52 10  H     s   0.01422   0.04057   0.04557   0.34219   0.00000   0.00000

 ===========================================================================
    Orbital#            25        26        27        28        29        30
      Group#             6         6         6         6         6         6
 ---------------------------------------------------------------------------
  AO# LABELS
   1  1  C     s   0.00000   0.00000   0.00000   0.00000   0.00000   0.00000
   2  1  C     s   0.00000   0.00000   0.00000   0.00000   0.00000   0.00000
   3  1  C     s   0.00000   0.00000   0.00000   0.00000   0.00000   0.00000
   4  1  C     s   0.00000   0.00000   0.00000   0.00000   0.00000   0.00000
   5  1  C     x   0.00000   0.00000   0.00000   0.00000   0.00000   0.00000
   6  1  C     y   0.00000   0.00000   0.00000   0.00000   0.00000   0.00000
   7  1  C     z   0.12462   0.12421   0.00000  -0.00000  -0.00000   0.00000
   8  1  C     x   0.00000   0.00000   0.00000   0.00000   0.00000   0.00000
   9  1  C     y   0.00000   0.00000   0.00000   0.00000   0.00000   0.00000
  10  1  C     z   0.01118   0.01113   1.00000   0.00000   0.00000   0.00000
  11  2  C     s   0.00000   0.00000   0.00000   0.00000   0.00000   0.00000
  12  2  C     s   0.00000   0.00000   0.00000   0.00000   0.00000   0.00000
  13  2  C     s   0.00000   0.00000   0.00000   0.00000   0.00000   0.00000
  14  2  C     s   0.00000   0.00000   0.00000   0.00000   0.00000   0.00000
  15  2  C     x   0.00000   0.00000   0.00000   0.00000   0.00000   0.00000
  16  2  C     y   0.00000   0.00000   0.00000   0.00000   0.00000   0.00000
  17  2  C     z  -0.07076  -0.07127   0.00000   0.00000   0.00000   0.00000
  18  2  C     x   0.00000   0.00000   0.00000   0.00000   0.00000   0.00000
  19  2  C     y   0.00000   0.00000   0.00000   0.00000   0.00000   0.00000
  20  2  C     z  -0.07608  -0.07624  -0.00000   1.00000  -0.00000  -0.00000
  21  3  C     s   0.00000   0.00000   0.00000   0.00000   0.00000   0.00000
  22  3  C     s   0.00000   0.00000   0.00000   0.00000   0.00000   0.00000
  23  3  C     s   0.00000   0.00000   0.00000   0.00000   0.00000   0.00000
  24  3  C     s   0.00000   0.00000   0.00000   0.00000   0.00000   0.00000
  25  3  C     x   0.00000   0.00000   0.00000   0.00000   0.00000   0.00000
  26  3  C     y   0.00000   0.00000   0.00000   0.00000   0.00000   0.00000
  27  3  C     z   0.72034  -0.06970   0.00000  -0.00000   0.00000   0.00000
  28  3  C     x   0.00000   0.00000   0.00000   0.00000   0.00000   0.00000
  29  3  C     y   0.00000   0.00000   0.00000   0.00000   0.00000   0.00000
  30  3  C     z   0.37996  -0.07529  -0.00000  -0.00000   1.00000  -0.00000
  31  4  C     s   0.00000   0.00000   0.00000   0.00000   0.00000   0.00000
  32  4  C     s   0.00000   0.00000   0.00000   0.00000   0.00000   0.00000
  33  4  C     s   0.00000   0.00000   0.00000   0.00000   0.00000   0.00000
  34  4  C     s   0.00000   0.00000   0.00000   0.00000   0.00000   0.00000
  35  4  C     x   0.00000   0.00000   0.00000   0.00000   0.00000   0.00000
  36  4  C     y   0.00000   0.00000   0.00000   0.00000   0.00000   0.00000
  37  4  C     z  -0.06819   0.72031   0.00000  -0.00000   0.00000  -0.00000
  38  4  C     x   0.00000   0.00000   0.00000   0.00000   0.00000   0.00000
  39  4  C     y   0.00000   0.00000   0.00000   0.00000   0.00000   0.00000
  40  4  C     z  -0.07452   0.38010  -0.00000  -0.00000  -0.00000   1.00000
  41  5  H     s   0.00000   0.00000   0.00000   0.00000   0.00000   0.00000
  42  5  H     s   0.00000   0.00000   0.00000   0.00000   0.00000   0.00000
  43  6  H     s   0.00000   0.00000   0.00000   0.00000   0.00000   0.00000
  44  6  H     s   0.00000   0.00000   0.00000   0.00000   0.00000   0.00000
  45  7  H     s   0.00000   0.00000   0.00000   0.00000   0.00000   0.00000
  46  7  H     s   0.00000   0.00000   0.00000   0.00000   0.00000   0.00000
  47  8  H     s   0.00000   0.00000   0.00000   0.00000   0.00000   0.00000
  48  8  H     s   0.00000   0.00000   0.00000   0.00000   0.00000   0.00000
  49  9  H     s   0.00000   0.00000   0.00000   0.00000   0.00000   0.00000
  50  9  H     s   0.00000   0.00000   0.00000   0.00000   0.00000   0.00000
  51 10  H     s   0.00000   0.00000   0.00000   0.00000   0.00000   0.00000
  52 10  H     s   0.00000   0.00000   0.00000   0.00000   0.00000   0.00000


 WORDS OF DYNAMIC MEMORY USED IN VB2000 CODE ONLY:     1095209

 STATISTICS OF CPU TIMES (SECONDS)
 CPU TIME FOR INITIALIZATION        0.353
 CPU TIME FOR MACROITERATION       11.232
 TOTAL CPU TIME                    11.585

